
=== 涨幅榜前20名股票 ===
股票代码            公司名称            市值(亿)               板块                    昨天收盘            今天收盘       涨跌幅(%)
LCFY                 Locafy Ltd  0.04                    Technology 2025-06-26 2.55   2025-06-27 8.3 225.49
 RCT      RedCloud Holdings PLC  0.63                           N/A 2025-06-26 1.43  2025-06-27 3.24 126.26
SERA       Sera Prognostics Inc  0.75                 Biotechnology 2025-06-26 1.98  2025-06-27 4.09 106.57
AMIX      Autonomix Medical Inc  0.03                   Health Care 2025-06-26 1.25  2025-06-27 2.01  60.80
SOND        Sonder Holdings Inc  0.21 Hotels, Restaurants & Leisure  2025-06-26 1.6  2025-06-27 2.27  41.87
EYEN               Eyenovia Inc  0.23               Pharmaceuticals 2025-06-26 7.89 2025-06-27 10.88  37.90
NAOV           Nanovibronix Inc  0.02                   Health Care 2025-06-26 0.87  2025-06-27 1.17  34.64
AUUD                 Auddia Inc  0.03                    Technology 2025-06-26 4.51   2025-06-27 6.0  33.04
CTOR        Citius Oncology Inc  2.50                 Biotechnology  2025-06-26 3.5   2025-06-27 4.5  28.57
GCTK             GlucoTrack Inc  0.03                   Health Care 2025-06-26 5.22  2025-06-27 6.56  25.67
SNPX           Synaptogenix Inc  0.07                 Biotechnology  2025-06-26 4.9  2025-06-27 6.05  23.37
 OLB              OLB Group Inc  0.05            Financial Services 2025-06-26 1.73  2025-06-27 2.12  22.54
BANL      CBL International Ltd  0.23                        Energy 2025-06-26 0.82   2025-06-27 1.0  21.51
OCEA       Ocean Biomedical Inc  0.02                 Biotechnology 2025-06-26 0.01  2025-06-27 0.01  21.43
YAAS      Youxin Technology Ltd  1.25                    Technology 2025-06-26 3.72   2025-06-27 4.5  20.97
KULR  KULR Technology Group Inc  2.00          Electrical Equipment 2025-06-26 5.19  2025-06-27 6.25  20.42
NCPL             Netcapital Inc  0.11            Financial Services 2025-06-26 4.73  2025-06-27 5.68  20.08
 CYN                  CYNGN Inc  0.24                    Technology 2025-06-26 13.6 2025-06-27 16.33  20.07
HEPA Hepion Pharmaceuticals Inc  0.01               Pharmaceuticals 2025-06-26 0.08  2025-06-27 0.09  20.00
AIFU                   AIFU Inc  0.26                     Insurance 2025-06-26 4.88  2025-06-27 5.84  19.67

=== 市值超过20亿的涨幅榜前20名股票 ===
股票代码                    公司名称                    市值(亿)                 板块                       昨天收盘              今天收盘       涨跌幅(%)
 NKE                                  Nike Inc  923.09 Textiles, Apparel & Luxury Goods  2025-06-26 62.54  2025-06-27 72.04 15.19 
SATS                             EchoStar Corp   73.17                            Media  2025-06-26 25.46  2025-06-27 28.81 13.16 
KTOS Kratos Defense and Security Solutions Inc   63.42              Aerospace & Defense  2025-06-26 41.33  2025-06-27 45.84 10.91 
SNAP                                  Snap Inc  136.03                            Media   2025-06-26 8.14   2025-06-27 8.72  7.13 
IREN                                  IREN Ltd   31.59                       Technology  2025-06-26 13.11   2025-06-27 14.0  6.79 
HIMS                    Hims & Hers Health Inc  103.59                      Health Care  2025-06-26 46.28  2025-06-27 49.41  6.76 
PTON                   Peloton Interactive Inc   25.47                 Leisure Products   2025-06-26 6.39    2025-06-27 6.8  6.42 
  BA                                 Boeing Co 1527.46              Aerospace & Defense 2025-06-26 202.58 2025-06-27 214.55  5.91 
GRAB                         Grab Holdings Ltd  190.29                      Road & Rail   2025-06-26 4.67   2025-06-27 4.92  5.35 
ENVA                   Enova International Inc   26.77               Financial Services 2025-06-26 105.55 2025-06-27 111.01  5.17 
 RCL               Royal Caribbean Cruises Ltd  803.52    Hotels, Restaurants & Leisure 2025-06-26 295.89 2025-06-27 309.51  4.60 
 ODD                           Oddity Tech Ltd   40.02                Consumer products  2025-06-26 71.69  2025-06-27 74.97  4.58 
 CCL                             Carnival Corp  340.04    Hotels, Restaurants & Leisure  2025-06-26 26.17  2025-06-27 27.26  4.17 
CVNA                                Carvana Co  656.31                           Retail 2025-06-26 306.48 2025-06-27 319.26  4.17 
MRCY                       Mercury Systems Inc   30.69              Aerospace & Defense  2025-06-26 51.36  2025-06-27 53.41  3.99 
  AS                           Amer Sports Inc  209.63 Textiles, Apparel & Luxury Goods  2025-06-26 37.85  2025-06-27 39.36  3.99 
   U                        Unity Software Inc   97.27                       Technology   2025-06-26 23.4  2025-06-27 24.32  3.93 
 EME                           EMCOR Group Inc  228.71                     Construction 2025-06-26 510.99 2025-06-27 530.62  3.84 
 SPR           Spirit AeroSystems Holdings Inc   43.65              Aerospace & Defense  2025-06-26 37.21  2025-06-27 38.63  3.82 
NCLH        Norwegian Cruise Line Holdings Ltd   86.95    Hotels, Restaurants & Leisure  2025-06-26 19.46  2025-06-27 20.18  3.70 

=== 市值超过50亿的涨幅榜前20名股票 ===
股票代码                    公司名称                    市值(亿)                 板块                       昨天收盘              今天收盘       涨跌幅(%)
 NKE                                  Nike Inc  923.09 Textiles, Apparel & Luxury Goods  2025-06-26 62.54  2025-06-27 72.04 15.19 
SATS                             EchoStar Corp   73.17                            Media  2025-06-26 25.46  2025-06-27 28.81 13.16 
KTOS Kratos Defense and Security Solutions Inc   63.42              Aerospace & Defense  2025-06-26 41.33  2025-06-27 45.84 10.91 
SNAP                                  Snap Inc  136.03                            Media   2025-06-26 8.14   2025-06-27 8.72  7.13 
HIMS                    Hims & Hers Health Inc  103.59                      Health Care  2025-06-26 46.28  2025-06-27 49.41  6.76 
  BA                                 Boeing Co 1527.46              Aerospace & Defense 2025-06-26 202.58 2025-06-27 214.55  5.91 
GRAB                         Grab Holdings Ltd  190.29                      Road & Rail   2025-06-26 4.67   2025-06-27 4.92  5.35 
 RCL               Royal Caribbean Cruises Ltd  803.52    Hotels, Restaurants & Leisure 2025-06-26 295.89 2025-06-27 309.51  4.60 
 CCL                             Carnival Corp  340.04    Hotels, Restaurants & Leisure  2025-06-26 26.17  2025-06-27 27.26  4.17 
CVNA                                Carvana Co  656.31                           Retail 2025-06-26 306.48 2025-06-27 319.26  4.17 
  AS                           Amer Sports Inc  209.63 Textiles, Apparel & Luxury Goods  2025-06-26 37.85  2025-06-27 39.36  3.99 
   U                        Unity Software Inc   97.27                       Technology   2025-06-26 23.4  2025-06-27 24.32  3.93 
 EME                           EMCOR Group Inc  228.71                     Construction 2025-06-26 510.99 2025-06-27 530.62  3.84 
NCLH        Norwegian Cruise Line Holdings Ltd   86.95    Hotels, Restaurants & Leisure  2025-06-26 19.46  2025-06-27 20.18  3.70 
 FIX                   Comfort Systems USA Inc  182.05                     Construction 2025-06-26 516.08  2025-06-27 535.0  3.67 
AZEK                          Azek Company Inc   76.17                         Building  2025-06-26 52.95  2025-06-27 54.86  3.61 
EXAS                       Exact Sciences Corp   97.73                    Biotechnology  2025-06-26 51.81  2025-06-27 53.65  3.55 
 FDX                                FedEx Corp  529.68       Logistics & Transportation 2025-06-26 221.07 2025-06-27 228.91  3.55 
 DKS                 DICK'S Sporting Goods Inc  156.80                           Retail 2025-06-26 195.88 2025-06-27 202.82  3.54 
SGHC                                  SGHC Ltd   53.75    Hotels, Restaurants & Leisure  2025-06-26 10.72   2025-06-27 11.1  3.54 

=== 市值超过100亿的涨幅榜前20名股票 ===
 股票代码                 公司名称                 市值(亿)                 板块                       昨天收盘              今天收盘       涨跌幅(%)
  NKE                            Nike Inc  923.09 Textiles, Apparel & Luxury Goods  2025-06-26 62.54  2025-06-27 72.04 15.19 
 SNAP                            Snap Inc  136.03                            Media   2025-06-26 8.14   2025-06-27 8.72  7.13 
 HIMS              Hims & Hers Health Inc  103.59                      Health Care  2025-06-26 46.28  2025-06-27 49.41  6.76 
   BA                           Boeing Co 1527.46              Aerospace & Defense 2025-06-26 202.58 2025-06-27 214.55  5.91 
 GRAB                   Grab Holdings Ltd  190.29                      Road & Rail   2025-06-26 4.67   2025-06-27 4.92  5.35 
  RCL         Royal Caribbean Cruises Ltd  803.52    Hotels, Restaurants & Leisure 2025-06-26 295.89 2025-06-27 309.51  4.60 
  CCL                       Carnival Corp  340.04    Hotels, Restaurants & Leisure  2025-06-26 26.17  2025-06-27 27.26  4.17 
 CVNA                          Carvana Co  656.31                           Retail 2025-06-26 306.48 2025-06-27 319.26  4.17 
   AS                     Amer Sports Inc  209.63 Textiles, Apparel & Luxury Goods  2025-06-26 37.85  2025-06-27 39.36  3.99 
  EME                     EMCOR Group Inc  228.71                     Construction 2025-06-26 510.99 2025-06-27 530.62  3.84 
  FIX             Comfort Systems USA Inc  182.05                     Construction 2025-06-26 516.08  2025-06-27 535.0  3.67 
  FDX                          FedEx Corp  529.68       Logistics & Transportation 2025-06-26 221.07 2025-06-27 228.91  3.55 
  DKS           DICK'S Sporting Goods Inc  156.80                           Retail 2025-06-26 195.88 2025-06-27 202.82  3.54 
 CPNG                         Coupang Inc  541.23                           Retail  2025-06-26 29.81  2025-06-27 30.81  3.35 
LVMHF LVMH Moet Hennessy Louis Vuitton SE 2221.97 Textiles, Apparel & Luxury Goods  2025-06-26 514.0  2025-06-27 531.0  3.31 
 TOST                           Toast Inc  245.81               Financial Services  2025-06-26 42.49  2025-06-27 43.89  3.29 
 DUOL                        Duolingo Inc  181.22    Diversified Consumer Services 2025-06-26 398.66 2025-06-27 411.26  3.16 
  HLT       Hilton Worldwide Holdings Inc  612.05    Hotels, Restaurants & Leisure 2025-06-26 257.49  2025-06-27 265.5  3.11 
LBRDA              Liberty Broadband Corp  134.01                            Media  2025-06-26 92.68  2025-06-27 95.55  3.10 
LBRDK              Liberty Broadband Corp  134.01                            Media  2025-06-26 93.39  2025-06-27 96.16  2.97 

=== 市值超过200亿的涨幅榜前20名股票 ===
 股票代码                 公司名称                 市值(亿)                  板块                       昨天收盘              今天收盘       涨跌幅(%)
  NKE                            Nike Inc   923.09 Textiles, Apparel & Luxury Goods  2025-06-26 62.54  2025-06-27 72.04 15.19 
   BA                           Boeing Co  1527.46              Aerospace & Defense 2025-06-26 202.58 2025-06-27 214.55  5.91 
  RCL         Royal Caribbean Cruises Ltd   803.52    Hotels, Restaurants & Leisure 2025-06-26 295.89 2025-06-27 309.51  4.60 
  CCL                       Carnival Corp   340.04    Hotels, Restaurants & Leisure  2025-06-26 26.17  2025-06-27 27.26  4.17 
 CVNA                          Carvana Co   656.31                           Retail 2025-06-26 306.48 2025-06-27 319.26  4.17 
   AS                     Amer Sports Inc   209.63 Textiles, Apparel & Luxury Goods  2025-06-26 37.85  2025-06-27 39.36  3.99 
  EME                     EMCOR Group Inc   228.71                     Construction 2025-06-26 510.99 2025-06-27 530.62  3.84 
  FDX                          FedEx Corp   529.68       Logistics & Transportation 2025-06-26 221.07 2025-06-27 228.91  3.55 
 CPNG                         Coupang Inc   541.23                           Retail  2025-06-26 29.81  2025-06-27 30.81  3.35 
LVMHF LVMH Moet Hennessy Louis Vuitton SE  2221.97 Textiles, Apparel & Luxury Goods  2025-06-26 514.0  2025-06-27 531.0  3.31 
 TOST                           Toast Inc   245.81               Financial Services  2025-06-26 42.49  2025-06-27 43.89  3.29 
  HLT       Hilton Worldwide Holdings Inc   612.05    Hotels, Restaurants & Leisure 2025-06-26 257.49  2025-06-27 265.5  3.11 
GOOGL                        Alphabet Inc 21104.04                            Media 2025-06-26 173.54 2025-06-27 178.53  2.88 
 AMZN                      Amazon.com Inc 23050.22                           Retail 2025-06-26 217.12  2025-06-27 223.3  2.85 
 GILD                 Gilead Sciences Inc  1338.72                    Biotechnology 2025-06-26 107.62 2025-06-27 110.67  2.83 
  CRH                             CRH PLC   602.12                     Construction  2025-06-26 89.07  2025-06-27 91.52  2.75 
  VRT                  Vertiv Holdings Co   471.81             Electrical Equipment  2025-06-26 123.8 2025-06-27 127.16  2.71 
SBGSF               Schneider Electric SE  1209.20             Electrical Equipment  2025-06-26 258.9 2025-06-27 265.54  2.56 
  APO        Apollo Global Management Inc   796.38               Financial Services 2025-06-26 139.35 2025-06-27 142.92  2.56 
  GEV                      GE Vernova Inc  1383.26             Electrical Equipment 2025-06-26 506.81 2025-06-27 519.66  2.54 

=== 市值超过1000亿的涨跌榜前20名股票 ===
 股票代码                 公司名称                 市值(亿)                  板块                       昨天收盘               今天收盘        涨跌幅(%)
   BA                           Boeing Co  1527.46              Aerospace & Defense  2025-06-26 202.58  2025-06-27 214.55  5.91 
LVMHF LVMH Moet Hennessy Louis Vuitton SE  2221.97 Textiles, Apparel & Luxury Goods   2025-06-26 514.0   2025-06-27 531.0  3.31 
GOOGL                        Alphabet Inc 21104.04                            Media  2025-06-26 173.54  2025-06-27 178.53  2.88 
 AMZN                      Amazon.com Inc 23050.22                           Retail  2025-06-26 217.12   2025-06-27 223.3  2.85 
 GILD                 Gilead Sciences Inc  1338.72                    Biotechnology  2025-06-26 107.62  2025-06-27 110.67  2.83 
SBGSF               Schneider Electric SE  1209.20             Electrical Equipment   2025-06-26 258.9  2025-06-27 265.54  2.56 
  GEV                      GE Vernova Inc  1383.26             Electrical Equipment  2025-06-26 506.81  2025-06-27 519.66  2.54 
 GOOG                        Alphabet Inc 21104.04                            Media  2025-06-26 174.43  2025-06-27 178.27  2.20 
  PEP                         PepsiCo Inc  1758.00                        Beverages  2025-06-26 128.22  2025-06-27 131.04  2.20 
  UNH              UnitedHealth Group Inc  2745.19                      Health Care  2025-06-26 302.62  2025-06-27 309.11  2.14 
  MCD                     McDonald's Corp  2042.35    Hotels, Restaurants & Leisure  2025-06-26 285.63  2025-06-27 291.55  2.07 
   BX                      Blackstone Inc  1797.76               Financial Services  2025-06-26 148.18  2025-06-27 151.11  1.98 
  BSX              Boston Scientific Corp  1547.21                      Health Care  2025-06-26 104.58  2025-06-27 106.53  1.86 
  AXP                 American Express Co  2181.77               Financial Services  2025-06-26 311.42  2025-06-27 317.19  1.85 
  KKR                        KKR & Co Inc  1175.11               Financial Services  2025-06-26 131.94  2025-06-27 134.29  1.78 
 CHTR          Charter Communications Inc  1088.53                            Media  2025-06-26 394.01  2025-06-27 400.97  1.77 
 NVDA                         NVIDIA Corp 37824.88                   Semiconductors  2025-06-26 155.02  2025-06-27 157.75  1.76 
 BKNG                Booking Holdings Inc  1820.96    Hotels, Restaurants & Leisure  2025-06-26 5596.0 2025-06-27 5693.13  1.74 
 TMUS                     T-Mobile US Inc  2627.65                Telecommunication  2025-06-26 231.42  2025-06-27 235.25  1.66 
  BLK                       BlackRock Inc  1596.96               Financial Services 2025-06-26 1030.79 2025-06-27 1047.82  1.65 
