
=== 涨幅榜前20名股票 ===
股票代码                公司名称               市值(亿)                板块                      昨天收盘             今天收盘       涨跌幅(%)
GXAI                     Gaxos.ai Inc.  0.08                            Media   2025-08-18 1.1  2025-08-19 2.06 87.27 
PRFX                    PainReform Ltd  0.03                  Pharmaceuticals  2025-08-18 1.34  2025-08-19 2.37 76.87 
LASE              Laser Photonics Corp  0.35                        Machinery  2025-08-18 2.46  2025-08-19 3.92 59.35 
 ADD      Color Star Technology Co Ltd  0.03    Diversified Consumer Services  2025-08-18 0.09  2025-08-19 0.12 38.67 
YSXT                   YSX Tech Co Ltd  0.45    Diversified Consumer Services  2025-08-18 1.93  2025-08-19 2.65 37.31 
RMSG               Real Messenger Corp  0.17                      Real Estate   2025-08-18 3.4  2025-08-19 4.58 34.71 
PSQH                  PSQ Holdings Inc  0.84                            Media  2025-08-18 1.83  2025-08-19 2.16 18.03 
XFOR            X4 Pharmaceuticals Inc  0.33                    Biotechnology  2025-08-18 2.49  2025-08-19 2.93 17.67 
UPLD               Upland Software Inc  0.64                       Technology  2025-08-18 2.22  2025-08-19 2.58 16.22 
UBXG               U-BX Technology Ltd  0.67                       Technology  2025-08-18 3.21  2025-08-19 3.73 16.02 
 JXG           JX Luxventure Group Inc  0.04 Textiles, Apparel & Luxury Goods  2025-08-18 0.94  2025-08-19 1.09 15.96 
VCIG                    VCI Global Ltd  0.26            Professional Services  2025-08-18 0.85  2025-08-19 0.98 15.87 
BSLK        Bolt Projects Holdings Inc  0.14                        Chemicals  2025-08-18 7.02  2025-08-19 8.11 15.53 
CTNM        Contineum Therapeutics Inc  2.27                  Pharmaceuticals   2025-08-18 8.1   2025-08-19 9.3 14.81 
SSYS                     Stratasys Ltd  7.83                        Machinery  2025-08-18 9.32 2025-08-19 10.61 13.84 
FLXS          Flexsteel Industries Inc  1.93                Consumer products 2025-08-18 36.55 2025-08-19 41.43 13.35 
KNDI      Kandi Technologies Group Inc  1.23                  Auto Components  2025-08-18 1.43  2025-08-19 1.62 13.29 
SGLY Singularity Future Technology Ltd  0.04    Transportation Infrastructure  2025-08-18 0.93  2025-08-19 1.05 12.59 
CGTX        Cognition Therapeutics Inc  1.09                  Pharmaceuticals  2025-08-18 1.49  2025-08-19 1.67 12.08 
AAME            Atlantic American Corp  0.64                        Insurance  2025-08-18 3.16  2025-08-19 3.53 11.71 

=== 市值超过20亿的涨幅榜前20名股票 ===
股票代码               公司名称               市值(亿)                 板块                       昨天收盘              今天收盘       涨跌幅(%)
PINC                     Premier Inc   20.12                      Health Care  2025-08-18 24.43  2025-08-19 26.21  7.29 
INTC                      Intel Corp 1035.60                   Semiconductors  2025-08-18 23.66  2025-08-19 25.31  6.97 
BRBR             Bellring Brands Inc   48.49                Consumer products  2025-08-18 38.49  2025-08-19 40.77  5.92 
  CE                   Celanese Corp   47.21                        Chemicals  2025-08-18 43.11  2025-08-19 45.24  4.94 
TGNA                       Tegna Inc   32.47                            Media  2025-08-18 20.18  2025-08-19 21.05  4.31 
 FND      Floor & Decor Holdings Inc   87.62                           Retail  2025-08-18 81.36  2025-08-19 84.86  4.30 
SAIA                        Saia Inc   78.77                      Road & Rail 2025-08-18 295.74 2025-08-19 307.88  4.10 
 BCC                Boise Cascade Co   31.60 Trading Companies & Distributors  2025-08-18 84.64  2025-08-19 88.06  4.04 
 THC           Tenet Healthcare Corp  151.37                      Health Care 2025-08-18 171.33 2025-08-19 178.03  3.91 
 GEO                   Geo Group Inc   29.74   Commercial Services & Supplies  2025-08-18 20.91  2025-08-19 21.72  3.87 
 TFX                    Teleflex Inc   52.97                      Health Care 2025-08-18 119.86  2025-08-19 124.3  3.70 
KNSL       Kinsale Capital Group Inc  103.92                        Insurance  2025-08-18 446.0 2025-08-19 461.85  3.55 
 SAM         Boston Beer Company Inc   23.52                        Beverages 2025-08-18 215.96 2025-08-19 223.59  3.53 
 RKT            Rocket Companies Inc   45.58               Financial Services  2025-08-18 17.83  2025-08-19 18.44  3.42 
 PCG                       PG&E Corp  331.87                        Utilities   2025-08-18 15.1   2025-08-19 15.6  3.31 
JBHT J B Hunt Transport Services Inc  137.96                      Road & Rail 2025-08-18 142.52 2025-08-19 147.23  3.30 
 BBY                 Best Buy Co Inc  151.75                           Retail   2025-08-18 71.8   2025-08-19 74.1  3.20 
  HD                  Home Depot Inc 3926.98                           Retail  2025-08-18 394.7  2025-08-19 407.2  3.17 
SGRY            Surgery Partners Inc   28.83                      Health Care  2025-08-18 22.49   2025-08-19 23.2  3.16 
COOP             Mr Cooper Group Inc  118.73               Financial Services 2025-08-18 185.53 2025-08-19 191.22  3.07 

=== 市值超过50亿的涨幅榜前20名股票 ===
股票代码                   公司名称                    市值(亿)                板块                      昨天收盘              今天收盘       涨跌幅(%)
INTC                               Intel Corp 1035.60                 Semiconductors  2025-08-18 23.66  2025-08-19 25.31  6.97 
 FND               Floor & Decor Holdings Inc   87.62                         Retail  2025-08-18 81.36  2025-08-19 84.86  4.30 
SAIA                                 Saia Inc   78.77                    Road & Rail 2025-08-18 295.74 2025-08-19 307.88  4.10 
 THC                    Tenet Healthcare Corp  151.37                    Health Care 2025-08-18 171.33 2025-08-19 178.03  3.91 
 TFX                             Teleflex Inc   52.97                    Health Care 2025-08-18 119.86  2025-08-19 124.3  3.70 
KNSL                Kinsale Capital Group Inc  103.92                      Insurance  2025-08-18 446.0 2025-08-19 461.85  3.55 
 PCG                                PG&E Corp  331.87                      Utilities   2025-08-18 15.1   2025-08-19 15.6  3.31 
JBHT          J B Hunt Transport Services Inc  137.96                    Road & Rail 2025-08-18 142.52 2025-08-19 147.23  3.30 
 BBY                          Best Buy Co Inc  151.75                         Retail   2025-08-18 71.8   2025-08-19 74.1  3.20 
  HD                           Home Depot Inc 3926.98                         Retail  2025-08-18 394.7  2025-08-19 407.2  3.17 
COOP                      Mr Cooper Group Inc  118.73             Financial Services 2025-08-18 185.53 2025-08-19 191.22  3.07 
 BAX                 Baxter International Inc  121.27                    Health Care  2025-08-18 23.61  2025-08-19 24.33  3.05 
TECH                          Bio-Techne Corp   83.54 Life Sciences Tools & Services  2025-08-18 53.29  2025-08-19 54.87  2.96 
COKE               Coca-Cola Consolidated Inc  100.48                      Beverages 2025-08-18 115.65 2025-08-19 119.06  2.95 
ODFL            Old Dominion Freight Line Inc  316.22                    Road & Rail 2025-08-18 150.46  2025-08-19 154.8  2.88 
 UHS            Universal Health Services Inc  113.01                    Health Care 2025-08-18 177.61 2025-08-19 182.56  2.79 
 MOH                    Molina Healthcare Inc   91.68                    Health Care 2025-08-18 169.15 2025-08-19 173.85  2.78 
 XPO                                  XPO Inc  150.03                    Road & Rail 2025-08-18 127.88 2025-08-19 131.44  2.78 
ESAB                                ESAB Corp   66.92                      Machinery 2025-08-18 110.25 2025-08-19 113.31  2.78 
 KNX Knight-Swift Transportation Holdings Inc   68.61                    Road & Rail  2025-08-18 42.27  2025-08-19 43.44  2.77 

=== 市值超过100亿的涨幅榜前20名股票 ===
股票代码               公司名称               市值(亿)          板块                昨天收盘               今天收盘        涨跌幅(%)
INTC                      Intel Corp 1035.60     Semiconductors   2025-08-18 23.66   2025-08-19 25.31  6.97 
 THC           Tenet Healthcare Corp  151.37        Health Care  2025-08-18 171.33  2025-08-19 178.03  3.91 
KNSL       Kinsale Capital Group Inc  103.92          Insurance   2025-08-18 446.0  2025-08-19 461.85  3.55 
 PCG                       PG&E Corp  331.87          Utilities    2025-08-18 15.1    2025-08-19 15.6  3.31 
JBHT J B Hunt Transport Services Inc  137.96        Road & Rail  2025-08-18 142.52  2025-08-19 147.23  3.30 
 BBY                 Best Buy Co Inc  151.75             Retail    2025-08-18 71.8    2025-08-19 74.1  3.20 
  HD                  Home Depot Inc 3926.98             Retail   2025-08-18 394.7   2025-08-19 407.2  3.17 
COOP             Mr Cooper Group Inc  118.73 Financial Services  2025-08-18 185.53  2025-08-19 191.22  3.07 
 BAX        Baxter International Inc  121.27        Health Care   2025-08-18 23.61   2025-08-19 24.33  3.05 
COKE      Coca-Cola Consolidated Inc  100.48          Beverages  2025-08-18 115.65  2025-08-19 119.06  2.95 
ODFL   Old Dominion Freight Line Inc  316.22        Road & Rail  2025-08-18 150.46   2025-08-19 154.8  2.88 
 UHS   Universal Health Services Inc  113.01        Health Care  2025-08-18 177.61  2025-08-19 182.56  2.79 
 XPO                         XPO Inc  150.03        Road & Rail  2025-08-18 127.88  2025-08-19 131.44  2.78 
POOL                       Pool Corp  117.95       Distributors  2025-08-18 316.08  2025-08-19 324.78  2.75 
 ACN                   Accenture PLC 1551.71         Technology  2025-08-18 249.13  2025-08-19 255.88  2.71 
 CNA              CNA Financial Corp  127.78          Insurance   2025-08-18 47.21   2025-08-19 48.48  2.69 
ENTG                    Entegris Inc  118.87     Semiconductors   2025-08-18 78.41   2025-08-19 80.47  2.63 
FICO                 Fair Isaac Corp  324.08         Technology 2025-08-18 1350.14 2025-08-19 1384.93  2.58 
 RPM           RPM International Inc  158.11          Chemicals  2025-08-18 123.16  2025-08-19 126.25  2.51 
CYBR           Cyberark Software Ltd  212.26         Technology   2025-08-18 421.1   2025-08-19 431.5  2.47 

=== 市值超过200亿的涨幅榜前20名股票 ===
 股票代码                 公司名称                 市值(亿)                 板块                       昨天收盘               今天收盘        涨跌幅(%)
 INTC                          Intel Corp 1035.60                   Semiconductors   2025-08-18 23.66   2025-08-19 25.31  6.97 
  PCG                           PG&E Corp  331.87                        Utilities    2025-08-18 15.1    2025-08-19 15.6  3.31 
   HD                      Home Depot Inc 3926.98                           Retail   2025-08-18 394.7   2025-08-19 407.2  3.17 
 ODFL       Old Dominion Freight Line Inc  316.22                      Road & Rail  2025-08-18 150.46   2025-08-19 154.8  2.88 
  ACN                       Accenture PLC 1551.71                       Technology  2025-08-18 249.13  2025-08-19 255.88  2.71 
 FICO                     Fair Isaac Corp  324.08                       Technology 2025-08-18 1350.14 2025-08-19 1384.93  2.58 
 CYBR               Cyberark Software Ltd  212.26                       Technology   2025-08-18 421.1   2025-08-19 431.5  2.47 
LVMHF LVMH Moet Hennessy Louis Vuitton SE 2378.33 Textiles, Apparel & Luxury Goods  2025-08-18 557.72   2025-08-19 571.1  2.40 
  FDX                          FedEx Corp  537.19       Logistics & Transportation  2025-08-18 227.72  2025-08-19 233.13  2.38 
  HCA                  HCA Healthcare Inc  921.05                      Health Care  2025-08-18 393.62  2025-08-19 402.69  2.30 
 MSCI                            MSCI Inc  429.90               Financial Services  2025-08-18 555.67  2025-08-19 568.16  2.25 
  LII            Lennox International Inc  210.77                         Building  2025-08-18 600.06  2025-08-19 613.47  2.23 
  ZTS                          Zoetis Inc  682.99                  Pharmaceuticals  2025-08-18 152.32  2025-08-19 155.67  2.20 
  AZO                        Autozone Inc  675.83                           Retail 2025-08-18 4039.95  2025-08-19 4128.8  2.20 
  AJG           Arthur J. Gallagher & Co.  755.12                        Insurance  2025-08-18 294.51  2025-08-19 300.98  2.20 
  TMO        Thermo Fisher Scientific Inc 1841.01   Life Sciences Tools & Services  2025-08-18 487.54  2025-08-19 498.29  2.20 
  SYK                        Stryker Corp 1458.92                      Health Care  2025-08-18 381.61  2025-08-19 389.94  2.18 
  DGX               Quest Diagnostics Inc  200.11                      Health Care  2025-08-18 178.95  2025-08-19 182.83  2.17 
  LEN                         Lennar Corp  338.39                Consumer products  2025-08-18 131.43  2025-08-19 134.25  2.15 
  AON                             Aon PLC  787.83                        Insurance  2025-08-18 365.37  2025-08-19 372.86  2.05 

=== 市值超过1000亿的涨跌榜前20名股票 ===
 股票代码                 公司名称                 市值(亿)                 板块                       昨天收盘              今天收盘       涨跌幅(%)
 INTC                          Intel Corp 1035.60                   Semiconductors  2025-08-18 23.66  2025-08-19 25.31  6.97 
   HD                      Home Depot Inc 3926.98                           Retail  2025-08-18 394.7  2025-08-19 407.2  3.17 
  ACN                       Accenture PLC 1551.71                       Technology 2025-08-18 249.13 2025-08-19 255.88  2.71 
LVMHF LVMH Moet Hennessy Louis Vuitton SE 2378.33 Textiles, Apparel & Luxury Goods 2025-08-18 557.72  2025-08-19 571.1  2.40 
  TMO        Thermo Fisher Scientific Inc 1841.01   Life Sciences Tools & Services 2025-08-18 487.54 2025-08-19 498.29  2.20 
  SYK                        Stryker Corp 1458.92                      Health Care 2025-08-18 381.61 2025-08-19 389.94  2.18 
  PEP                         PepsiCo Inc 2047.45                        Beverages 2025-08-18 149.55 2025-08-19 152.16  1.75 
   PG                 Procter & Gamble Co 3647.54                Consumer products 2025-08-18 155.72  2025-08-19 158.4  1.72 
  UNP                  Union Pacific Corp 1305.16                      Road & Rail 2025-08-18 220.08 2025-08-19 223.77  1.68 
  MMC      Marsh & McLennan Companies Inc 1020.86                        Insurance 2025-08-18 207.65 2025-08-19 210.93  1.58 
  DHR                        Danaher Corp 1496.62   Life Sciences Tools & Services 2025-08-18 209.01  2025-08-19 212.2  1.53 
 LRCX                   Lam Research Corp 1251.45                   Semiconductors  2025-08-18 98.88 2025-08-19 100.33  1.47 
   KO                        Coca-Cola Co 2975.13                        Beverages  2025-08-18 69.13  2025-08-19 70.13  1.45 
  PGR                    Progressive Corp 1448.46                        Insurance 2025-08-18 247.09 2025-08-19 250.64  1.44 
 UBER               Uber Technologies Inc 1959.88                      Road & Rail  2025-08-18 93.98  2025-08-19 95.32  1.43 
   SO                         Southern Co 1021.39                        Utilities  2025-08-18 92.85  2025-08-19 94.18  1.43 
CMCSA                        Comcast Corp 1234.30                            Media  2025-08-18 33.43  2025-08-19 33.89  1.38 
   PM     Philip Morris International Inc 2593.28                          Tobacco  2025-08-18 166.6 2025-08-19 168.77  1.30 
   VZ          Verizon Communications Inc 1865.30                Telecommunication  2025-08-18 44.39  2025-08-19 44.94  1.24 
 TMUS                     T-Mobile US Inc 2871.84                Telecommunication 2025-08-18 255.18 2025-08-19 258.22  1.19 
