
=== 涨幅榜前20名股票 ===
股票代码                   公司名称                   市值(亿)               板块                     昨天收盘             今天收盘       涨跌幅(%)
SUGP                    SU Group Holdings Ltd  0.06 Commercial Services & Supplies  2025-07-08 0.45  2025-07-09 1.22 171.11
EVOK                         Evoke Pharma Inc  0.04                Pharmaceuticals  2025-07-08 2.66  2025-07-09 6.99 162.78
CLDI               Calidi Biotherapeutics Inc  0.12                  Biotechnology  2025-07-08 0.34   2025-07-09 0.7 108.96
BMGL                  Basel Medical Group Ltd  0.34                    Health Care  2025-07-08 1.82  2025-07-09 3.62  98.90
CELZ Creative Medical Technology Holdings Inc  0.07                  Biotechnology  2025-07-08 2.69  2025-07-09 3.94  46.47
SHFS                         SHF Holdings Inc  0.07             Financial Services  2025-07-08 2.35  2025-07-09 3.44  46.38
SOBR                            Sobr Safe Inc  0.05           Electrical Equipment  2025-07-08 3.37  2025-07-09 4.74  40.65
GAME                  GameSquare Holdings Inc  0.60                          Media  2025-07-08 1.54  2025-07-09 2.16  40.26
RYTM               Rhythm Pharmaceuticals Inc 41.44                  Biotechnology 2025-07-08 65.14  2025-07-09 89.0  36.63
ARTL                   Artelo Biosciences Inc  0.11                Pharmaceuticals  2025-07-08 15.9  2025-07-09 21.6  35.85
RMTI                     Rockwell Medical Inc  0.32                    Health Care  2025-07-08 0.93  2025-07-09 1.19  27.96
MYNZ                          Mainz Biomed NV  0.06                  Biotechnology  2025-07-08 1.45  2025-07-09 1.85  27.59
NVFY                       Nova LifeStyle Inc  0.22              Consumer products  2025-07-08 1.59  2025-07-09 2.02  27.05
GROV         Grove Collaborative Holdings Inc  0.47                         Retail  2025-07-08 1.17  2025-07-09 1.48  26.50
MLGO                            MicroAlgo Inc  0.42                     Technology  2025-07-08 0.61  2025-07-09 0.77  25.82
EPSM                    Epsium Enterprise Ltd  2.24                   Distributors  2025-07-08 16.7 2025-07-09 21.01  25.81
PLUG                           Plug Power Inc 16.28           Electrical Equipment  2025-07-08 1.42  2025-07-09 1.78  25.35
CIGL         Concorde International Group Ltd  3.96                            N/A 2025-07-08 22.68 2025-07-09 28.18  24.25
 GNS                         Genius Group Ltd  0.81  Diversified Consumer Services  2025-07-08 1.13   2025-07-09 1.4  23.89
 IMG                                 CIMG Inc  0.08                  Food Products  2025-07-08 0.23  2025-07-09 0.28  23.14

=== 市值超过20亿的涨幅榜前20名股票 ===
股票代码              公司名称              市值(亿)           板块                 昨天收盘              今天收盘       涨跌幅(%)
RYTM     Rhythm Pharmaceuticals Inc  41.44        Biotechnology  2025-07-08 65.14   2025-07-09 89.0 36.63 
 AES                       AES Corp  78.81            Utilities  2025-07-08 11.07  2025-07-09 13.26 19.78 
  BE              Bloom Energy Corp  56.43 Electrical Equipment   2025-07-08 24.3  2025-07-09 28.71 18.15 
 PTC                        PTC Inc 214.59           Technology  2025-07-08 178.9 2025-07-09 210.47 17.65 
MTSR                    Metsera Inc  31.64        Biotechnology  2025-07-08 30.12  2025-07-09 35.32 17.26 
NNNN            Anbio Biotechnology  65.11        Biotechnology  2025-07-08 45.25  2025-07-09 51.81 14.50 
CRNX  Crinetics Pharmaceuticals Inc  27.51        Biotechnology  2025-07-08 29.37  2025-07-09 32.33 10.08 
CRSP         CRISPR Therapeutics AG  47.34        Biotechnology  2025-07-08 54.82  2025-07-09 60.08  9.60 
 TDS Telephone and Data Systems Inc  38.41    Telecommunication  2025-07-08 35.83  2025-07-09 39.13  9.21 
ALAB                Astera Labs Inc 152.22       Semiconductors   2025-07-08 92.3  2025-07-09 99.86  8.19 
NAMS NewAmsterdam Pharma Company NV  22.48        Biotechnology  2025-07-08 20.02  2025-07-09 21.64  8.09 
SRRK      Scholar Rock Holding Corp  32.51        Biotechnology  2025-07-08 34.24  2025-07-09 36.99  8.03 
AGIO      Agios Pharmaceuticals Inc  21.01        Biotechnology  2025-07-08 36.28  2025-07-09 39.07  7.69 
SMMT        Summit Therapeutics Inc 170.74        Biotechnology  2025-07-08 22.99  2025-07-09 24.74  7.61 
SMTC                   Semtech Corp  39.07       Semiconductors   2025-07-08 45.1   2025-07-09 48.5  7.54 
CLSK                 CleanSpark Inc  32.59           Technology   2025-07-08 11.6  2025-07-09 12.47  7.50 
APLS    Apellis Pharmaceuticals Inc  22.48        Biotechnology  2025-07-08 17.89  2025-07-09 19.21  7.38 
MDGL   Madrigal Pharmaceuticals Inc  63.84        Biotechnology 2025-07-08 287.52 2025-07-09 308.59  7.33 
CYTK               Cytokinetics Inc  40.90        Biotechnology  2025-07-08 34.25  2025-07-09 36.62  6.93 
 USM    United States Cellular Corp  54.71    Telecommunication  2025-07-08 64.35  2025-07-09 68.81  6.93 

=== 市值超过50亿的涨幅榜前20名股票 ===
股票代码             公司名称             市值(亿)                板块                     昨天收盘              今天收盘       涨跌幅(%)
 AES                     AES Corp  78.81                     Utilities  2025-07-08 11.07  2025-07-09 13.26 19.78 
  BE            Bloom Energy Corp  56.43          Electrical Equipment   2025-07-08 24.3  2025-07-09 28.71 18.15 
 PTC                      PTC Inc 214.59                    Technology  2025-07-08 178.9 2025-07-09 210.47 17.65 
NNNN          Anbio Biotechnology  65.11                 Biotechnology  2025-07-08 45.25  2025-07-09 51.81 14.50 
ALAB              Astera Labs Inc 152.22                Semiconductors   2025-07-08 92.3  2025-07-09 99.86  8.19 
SMMT      Summit Therapeutics Inc 170.74                 Biotechnology  2025-07-08 22.99  2025-07-09 24.74  7.61 
MDGL Madrigal Pharmaceuticals Inc  63.84                 Biotechnology 2025-07-08 287.52 2025-07-09 308.59  7.33 
 USM  United States Cellular Corp  54.71             Telecommunication  2025-07-08 64.35  2025-07-09 68.81  6.93 
TGTX          TG Therapeutics Inc  56.53                 Biotechnology  2025-07-08 35.61  2025-07-09 37.92  6.49 
BBIO         BridgeBio Pharma Inc  82.01                 Biotechnology  2025-07-08 43.19  2025-07-09 45.98  6.46 
 BLD                TopBuild Corp 102.02             Consumer products 2025-07-08 356.89  2025-07-09 378.8  6.14 
RVMD     Revolution Medicines Inc  67.88                 Biotechnology  2025-07-08 36.44  2025-07-09 38.52  5.71 
KRMN          Karman Holdings Inc  59.52           Aerospace & Defense  2025-07-08 45.03  2025-07-09 47.57  5.64 
RBRK                   Rubrik Inc 168.11                    Technology  2025-07-08 86.87  2025-07-09 91.59  5.43 
MARA            MARA Holdings Inc  61.66                    Technology  2025-07-08 17.52  2025-07-09 18.46  5.37 
COIN          Coinbase Global Inc 903.74            Financial Services 2025-07-08 354.82 2025-07-09 373.85  5.36 
 DHI                DR Horton Inc 403.54             Consumer products 2025-07-08 131.37 2025-07-09 138.41  5.36 
SGHC                     SGHC Ltd  57.16 Hotels, Restaurants & Leisure   2025-07-08 11.4  2025-07-09 11.99  5.18 
ENPH           Enphase Energy Inc  53.72                Semiconductors  2025-07-08 40.94  2025-07-09 42.85  4.67 
VRNS          Varonis Systems Inc  57.28                    Technology  2025-07-08 51.18  2025-07-09 53.56  4.66 

=== 市值超过100亿的涨幅榜前20名股票 ===
股票代码                公司名称                 市值(亿)          板块                昨天收盘              今天收盘       涨跌幅(%)
 PTC                            PTC Inc  214.59         Technology  2025-07-08 178.9 2025-07-09 210.47 17.65 
ALAB                    Astera Labs Inc  152.22     Semiconductors   2025-07-08 92.3  2025-07-09 99.86  8.19 
SMMT            Summit Therapeutics Inc  170.74      Biotechnology  2025-07-08 22.99  2025-07-09 24.74  7.61 
 BLD                      TopBuild Corp  102.02  Consumer products 2025-07-08 356.89  2025-07-09 378.8  6.14 
RBRK                         Rubrik Inc  168.11         Technology  2025-07-08 86.87  2025-07-09 91.59  5.43 
COIN                Coinbase Global Inc  903.74 Financial Services 2025-07-08 354.82 2025-07-09 373.85  5.36 
 DHI                      DR Horton Inc  403.54  Consumer products 2025-07-08 131.37 2025-07-09 138.41  5.36 
HIMS             Hims & Hers Health Inc  109.59        Health Care  2025-07-08 48.96  2025-07-09 51.24  4.66 
MSTR                  Microstrategy Inc 1085.25         Technology 2025-07-08 396.94 2025-07-09 415.41  4.65 
BLDR           Builders FirstSource Inc  140.62           Building 2025-07-08 127.24  2025-07-09 133.0  4.53 
CRDO Credo Technology Group Holding Ltd  160.24     Semiconductors  2025-07-08 93.36  2025-07-09 97.59  4.53 
 PHM                     Pultegroup Inc  218.23  Consumer products 2025-07-08 108.88 2025-07-09 113.77  4.49 
 LEN                        Lennar Corp  284.35  Consumer products 2025-07-08 110.42 2025-07-09 115.36  4.47 
  VG                 Venture Global Inc  381.37             Energy  2025-07-08 15.76  2025-07-09 16.42  4.19 
   Z                   Zillow Group Inc  174.32        Real Estate  2025-07-08 72.62  2025-07-09 75.51  3.98 
GRAB                  Grab Holdings Ltd  195.58        Road & Rail    2025-07-08 4.8   2025-07-09 4.99  3.96 
 MDB                        MongoDB Inc  170.70         Technology  2025-07-08 208.9 2025-07-09 217.12  3.93 
  ZG                   Zillow Group Inc  174.32        Real Estate  2025-07-08 70.23  2025-07-09 72.96  3.89 
 TOL                  Toll Brothers Inc  114.87  Consumer products  2025-07-08 117.0 2025-07-09 121.39  3.75 
NBIX         Neurocrine Biosciences Inc  127.41      Biotechnology 2025-07-08 128.74 2025-07-09 133.51  3.71 

=== 市值超过200亿的涨幅榜前20名股票 ===
 股票代码            公司名称             市值(亿)           板块                昨天收盘               今天收盘        涨跌幅(%)
  PTC                    PTC Inc  214.59          Technology   2025-07-08 178.9  2025-07-09 210.47 17.65 
 COIN        Coinbase Global Inc  903.74  Financial Services  2025-07-08 354.82  2025-07-09 373.85  5.36 
  DHI              DR Horton Inc  403.54   Consumer products  2025-07-08 131.37  2025-07-09 138.41  5.36 
 MSTR          Microstrategy Inc 1085.25          Technology  2025-07-08 396.94  2025-07-09 415.41  4.65 
  PHM             Pultegroup Inc  218.23   Consumer products  2025-07-08 108.88  2025-07-09 113.77  4.49 
  LEN                Lennar Corp  284.35   Consumer products  2025-07-08 110.42  2025-07-09 115.36  4.47 
   VG         Venture Global Inc  381.37              Energy   2025-07-08 15.76   2025-07-09 16.42  4.19 
   BA                  Boeing Co 1647.65 Aerospace & Defense  2025-07-08 218.52   2025-07-09 226.6  3.70 
  VST                Vistra Corp  645.34           Utilities  2025-07-08 190.18  2025-07-09 197.01  3.59 
 HOOD      Robinhood Markets Inc  805.43  Financial Services   2025-07-08 91.27   2025-07-09 94.54  3.58 
  SYM               Symbotic Inc  269.39           Machinery   2025-07-08 45.69   2025-07-09 47.16  3.22 
EADSF                  Airbus SE 1403.18 Aerospace & Defense  2025-07-08 208.34  2025-07-09 214.73  3.07 
   AU      Anglogold Ashanti PLC  241.34     Metals & Mining   2025-07-08 45.22   2025-07-09 46.53  2.90 
  MRK             Merck & Co Inc 2043.23     Pharmaceuticals   2025-07-08 81.37   2025-07-09 83.71  2.88 
 ANET        Arista Networks Inc 1298.50      Communications  2025-07-08 103.39  2025-07-09 106.28  2.80 
 VRTX Vertex Pharmaceuticals Inc 1197.60       Biotechnology  2025-07-08 466.36  2025-07-09 478.96  2.70 
 TOST                  Toast Inc  251.89  Financial Services   2025-07-08 43.54   2025-07-09 44.64  2.53 
 PLTR  Palantir Technologies Inc 3297.04          Technology  2025-07-08 139.71  2025-07-09 143.13  2.45 
  NVR                    NVR Inc  219.82   Consumer products 2025-07-08 7518.37 2025-07-09 7700.93  2.43 
  APP              Applovin Corp 1166.59          Technology  2025-07-08 344.75  2025-07-09 352.74  2.32 

=== 市值超过1000亿的涨跌榜前20名股票 ===
 股票代码            公司名称             市值(亿)                 板块                     昨天收盘              今天收盘       涨跌幅(%)
 MSTR          Microstrategy Inc  1085.25                    Technology 2025-07-08 396.94 2025-07-09 415.41  4.65 
   BA                  Boeing Co  1647.65           Aerospace & Defense 2025-07-08 218.52  2025-07-09 226.6  3.70 
EADSF                  Airbus SE  1403.18           Aerospace & Defense 2025-07-08 208.34 2025-07-09 214.73  3.07 
  MRK             Merck & Co Inc  2043.23               Pharmaceuticals  2025-07-08 81.37  2025-07-09 83.71  2.88 
 ANET        Arista Networks Inc  1298.50                Communications 2025-07-08 103.39 2025-07-09 106.28  2.80 
 VRTX Vertex Pharmaceuticals Inc  1197.60                 Biotechnology 2025-07-08 466.36 2025-07-09 478.96  2.70 
 PLTR  Palantir Technologies Inc  3297.04                    Technology 2025-07-08 139.71 2025-07-09 143.13  2.45 
  APP              Applovin Corp  1166.59                    Technology 2025-07-08 344.75 2025-07-09 352.74  2.32 
 AVGO               Broadcom Inc 12784.03                Semiconductors  2025-07-08 271.8  2025-07-09 277.9  2.24 
  CAT            Caterpillar Inc  1854.40                     Machinery 2025-07-08 394.29 2025-07-09 402.18  2.00 
 GILD        Gilead Sciences Inc  1381.51                 Biotechnology 2025-07-08 111.06 2025-07-09 113.24  1.96 
 DASH               DoorDash Inc  1023.21 Hotels, Restaurants & Leisure 2025-07-08 241.47 2025-07-09 246.06  1.90 
 NVDA                NVIDIA Corp 39040.00                Semiconductors  2025-07-08 160.0 2025-07-09 162.88  1.80 
 META         Meta Platforms Inc 18118.71                         Media 2025-07-08 720.67 2025-07-09 732.78  1.68 
 SHOP                Shopify Inc  1459.29                    Technology 2025-07-08 112.48 2025-07-09 114.32  1.64 
  NEE         Nextera Energy Inc  1491.68                     Utilities  2025-07-08 72.46  2025-07-09 73.65  1.64 
   BX             Blackstone Inc  1896.88            Financial Services 2025-07-08 156.35 2025-07-09 158.68  1.49 
 AMZN             Amazon.com Inc 23288.03                        Retail 2025-07-08 219.36 2025-07-09 222.54  1.45 
 GOOG               Alphabet Inc 21200.04                         Media 2025-07-08 175.16 2025-07-09 177.66  1.43 
 MSFT             Microsoft Corp 36911.50                    Technology 2025-07-08 496.62 2025-07-09 503.51  1.39 
