
=== 涨幅榜前20名股票 ===
 股票代码                      公司名称                     市值(亿)             板块                   昨天收盘             今天收盘       涨跌幅(%)
  DKI                                  DarkIris Inc  0.07                      Media   2026-04-08 0.4  2026-04-09 0.96 142.67
 AFJK                Aimei Health Technology Co Ltd  1.71                        N/A  2026-04-08 28.0 2026-04-09 67.86 142.36
BHATF Blue Hat Interactive Entertainment Technology  0.00                      Media  2026-04-08 0.03  2026-04-09 0.06 109.64
 BBGI                   Beasley Broadcast Group Inc  0.10                      Media  2026-04-08 5.67 2026-04-09 11.02  94.36
 CLIK                        Click Holdings Limited  0.07      Professional Services   2026-04-08 2.1  2026-04-09 3.45  64.29
 ZNTL                  Zentalis Pharmaceuticals Inc  1.87              Biotechnology  2026-04-08 2.76  2026-04-09 4.42  60.14
 ARAI                                 Arrive AI Inc  0.24 Logistics & Transportation  2026-04-08 0.67  2026-04-09 1.03  53.73
 VTAK                        Catheter Precision Inc  0.02                Health Care  2026-04-08 0.86  2026-04-09 1.21  40.70
 GPUS                           Hyperscale Data Inc  0.55   Industrial Conglomerates  2026-04-08 0.14  2026-04-09 0.19  33.14
FAASF                                 DigiAsia Corp  0.01         Financial Services  2026-04-08 0.01  2026-04-09 0.01  32.14
  LUD                     Luda Technology Group Ltd  1.46            Metals & Mining  2026-04-08 6.42  2026-04-09 8.48  32.09
 IVVD                                   Invivyd Inc  3.82              Biotechnology  2026-04-08 1.35  2026-04-09 1.78  31.85
 EOSE                    Eos Energy Enterprises Inc 15.58       Electrical Equipment  2026-04-08 4.59  2026-04-09 5.95  29.63
  OTH                           Off the Hook YS Inc  0.71                     Retail  2026-04-08 2.92  2026-04-09 3.78  29.45
 ANTA                  Antalpha Platform Holding Co  1.61         Financial Services  2026-04-08 6.81   2026-04-09 8.8  29.22
 FBRX                         Forte Biosciences Inc  3.65              Biotechnology 2026-04-08 26.27  2026-04-09 33.9  29.04
  YSS                        York Space Systems Inc 35.77        Aerospace & Defense 2026-04-08 27.95 2026-04-09 36.01  28.84
 GAME                       GameSquare Holdings Inc  0.25                      Media  2026-04-08 0.25  2026-04-09 0.32  28.06
 MRLN          Inflection Point Acquisition Corp IV  2.64                        N/A  2026-04-08 7.82  2026-04-09 9.94  27.11
 GLMD                    Galmed Pharmaceuticals Ltd  0.04              Biotechnology  2026-04-08 0.62  2026-04-09 0.79  26.24

=== 市值超过20亿的涨幅榜前20名股票 ===
 股票代码               公司名称                市值(亿)                 板块                     昨天收盘              今天收盘       涨跌幅(%)
  YSS           York Space Systems Inc    35.77           Aerospace & Defense  2026-04-08 27.95  2026-04-09 36.01 28.84 
 AXTI                          AXT Inc    29.55                Semiconductors  2026-04-08 53.18  2026-04-09 63.12 18.69 
  CAR            Avis Budget Group Inc    92.15                   Road & Rail 2026-04-08 261.35 2026-04-09 297.08 13.67 
   BE                Bloom Energy Corp   411.79          Electrical Equipment 2026-04-08 146.78 2026-04-09 160.13  9.10 
 NBIS                  Nebius Group NV   314.64                    Technology  2026-04-08 125.0 2026-04-09 136.33  9.06 
 SNDK                     Sandisk Corp  1152.62                    Technology  2026-04-08 780.9 2026-04-09 851.57  9.05 
STMEF            STMicroelectronics NV   270.42                Semiconductors  2026-04-08 35.42  2026-04-09 38.45  8.56 
  STZ         Constellation Brands Inc   260.56                     Beverages 2026-04-08 150.26 2026-04-09 163.07  8.53 
 IBRX                  Immunitybio Inc    71.76                 Biotechnology   2026-04-08 6.98   2026-04-09 7.48  7.16 
 EXTR             Extreme Networks Inc    22.15                Communications   2026-04-08 16.5  2026-04-09 17.66  7.03 
 CELC                     Celcuity Inc    56.52                 Biotechnology 2026-04-08 116.94 2026-04-09 124.64  6.58 
  HOG              Harley-Davidson Inc    23.86                   Automobiles  2026-04-08 21.33  2026-04-09 22.66  6.24 
 ELVN         Enliven Therapeutics Inc    25.67               Pharmaceuticals  2026-04-08 42.93  2026-04-09 45.59  6.20 
 KLIC Kulicke and Soffa Industries Inc    37.86                Semiconductors  2026-04-08 72.36   2026-04-09 76.8  6.14 
 CIFR               Cipher Digital Inc    62.47                    Technology  2026-04-08 15.42  2026-04-09 16.36  6.10 
 UCTT         Ultra Clean Holdings Inc    31.23                Semiconductors  2026-04-08 68.65  2026-04-09 72.78  6.02 
  DBD              Diebold Nixdorf Inc    28.07                    Technology  2026-04-08 79.81  2026-04-09 84.51  5.89 
 AMZN                   Amazon.com Inc 23751.01                        Retail 2026-04-08 221.25 2026-04-09 233.65  5.60 
 LQDA                    Liquidia Corp    33.65               Pharmaceuticals  2026-04-08 38.19  2026-04-09 40.32  5.58 
AEOXF            Aeroports de Paris SA   109.33 Transportation Infrastructure 2026-04-08 127.62 2026-04-09 134.72  5.56 

=== 市值超过50亿的涨幅榜前20名股票 ===
 股票代码           公司名称            市值(亿)                  板块                       昨天收盘              今天收盘       涨跌幅(%)
  CAR    Avis Budget Group Inc    92.15                      Road & Rail 2026-04-08 261.35 2026-04-09 297.08 13.67 
   BE        Bloom Energy Corp   411.79             Electrical Equipment 2026-04-08 146.78 2026-04-09 160.13  9.10 
 NBIS          Nebius Group NV   314.64                       Technology  2026-04-08 125.0 2026-04-09 136.33  9.06 
 SNDK             Sandisk Corp  1152.62                       Technology  2026-04-08 780.9 2026-04-09 851.57  9.05 
STMEF    STMicroelectronics NV   270.42                   Semiconductors  2026-04-08 35.42  2026-04-09 38.45  8.56 
  STZ Constellation Brands Inc   260.56                        Beverages 2026-04-08 150.26 2026-04-09 163.07  8.53 
 IBRX          Immunitybio Inc    71.76                    Biotechnology   2026-04-08 6.98   2026-04-09 7.48  7.16 
 CELC             Celcuity Inc    56.52                    Biotechnology 2026-04-08 116.94 2026-04-09 124.64  6.58 
 CIFR       Cipher Digital Inc    62.47                       Technology  2026-04-08 15.42  2026-04-09 16.36  6.10 
 AMZN           Amazon.com Inc 23751.01                           Retail 2026-04-08 221.25 2026-04-09 233.65  5.60 
AEOXF    Aeroports de Paris SA   109.33    Transportation Infrastructure 2026-04-08 127.62 2026-04-09 134.72  5.56 
 LUMN   Lumen Technologies Inc    72.63                Telecommunication   2026-04-08 7.09   2026-04-09 7.48  5.50 
 CARR      Carrier Global Corp   486.97                         Building  2026-04-08 58.29  2026-04-09 61.46  5.44 
 AMKR     Amkor Technology Inc   129.64                   Semiconductors  2026-04-08 52.42  2026-04-09 55.14  5.19 
 LRCX        Lam Research Corp  3078.10                   Semiconductors 2026-04-08 246.49 2026-04-09 258.76  4.98 
 LULU  Lululemon Athletica Inc   191.77 Textiles, Apparel & Luxury Goods 2026-04-08 158.86 2026-04-09 166.51  4.82 
 MRVL   Marvell Technology Inc  1000.82                   Semiconductors 2026-04-08 114.45 2026-04-09 119.93  4.79 
 BIRK  Birkenstock Holding PLC    67.95 Textiles, Apparel & Luxury Goods  2026-04-08 36.95  2026-04-09 38.72  4.79 
 INTC               Intel Corp  2944.55                   Semiconductors  2026-04-08 58.95  2026-04-09 61.72  4.70 
 SNAP                 Snap Inc    79.89                            Media   2026-04-08 4.73   2026-04-09 4.95  4.65 

=== 市值超过100亿的涨幅榜前20名股票 ===
 股票代码            公司名称            市值(亿)                  板块                       昨天收盘              今天收盘       涨跌幅(%)
   BE         Bloom Energy Corp   411.79             Electrical Equipment 2026-04-08 146.78 2026-04-09 160.13  9.10 
 NBIS           Nebius Group NV   314.64                       Technology  2026-04-08 125.0 2026-04-09 136.33  9.06 
 SNDK              Sandisk Corp  1152.62                       Technology  2026-04-08 780.9 2026-04-09 851.57  9.05 
STMEF     STMicroelectronics NV   270.42                   Semiconductors  2026-04-08 35.42  2026-04-09 38.45  8.56 
  STZ  Constellation Brands Inc   260.56                        Beverages 2026-04-08 150.26 2026-04-09 163.07  8.53 
 AMZN            Amazon.com Inc 23751.01                           Retail 2026-04-08 221.25 2026-04-09 233.65  5.60 
AEOXF     Aeroports de Paris SA   109.33    Transportation Infrastructure 2026-04-08 127.62 2026-04-09 134.72  5.56 
 CARR       Carrier Global Corp   486.97                         Building  2026-04-08 58.29  2026-04-09 61.46  5.44 
 AMKR      Amkor Technology Inc   129.64                   Semiconductors  2026-04-08 52.42  2026-04-09 55.14  5.19 
 LRCX         Lam Research Corp  3078.10                   Semiconductors 2026-04-08 246.49 2026-04-09 258.76  4.98 
 LULU   Lululemon Athletica Inc   191.77 Textiles, Apparel & Luxury Goods 2026-04-08 158.86 2026-04-09 166.51  4.82 
 MRVL    Marvell Technology Inc  1000.82                   Semiconductors 2026-04-08 114.45 2026-04-09 119.93  4.79 
 INTC                Intel Corp  2944.55                   Semiconductors  2026-04-08 58.95  2026-04-09 61.72  4.70 
 FOXA                  Fox Corp   242.79                            Media  2026-04-08 60.22  2026-04-09 62.76  4.22 
 RMBS                Rambus Inc   109.33                   Semiconductors 2026-04-08 101.43 2026-04-09 105.58  4.09 
 NVMI                  Nova Ltd   151.13                   Semiconductors 2026-04-08 475.52 2026-04-09 494.08  3.90 
  ETN     Eaton Corporation PLC  1495.99             Electrical Equipment 2026-04-08 385.58 2026-04-09 400.44  3.85 
  DKS DICK'S Sporting Goods Inc   182.32                           Retail 2026-04-08 204.75 2026-04-09 212.62  3.84 
   MU     Micron Technology Inc  4586.83                   Semiconductors 2026-04-08 406.73 2026-04-09 421.51  3.63 
  GEV            GE Vernova Inc  2522.98             Electrical Equipment 2026-04-08 936.07 2026-04-09 968.02  3.41 

=== 市值超过200亿的涨幅榜前20名股票 ===
 股票代码           公司名称            市值(亿)            板块                 昨天收盘               今天收盘        涨跌幅(%)
   BE        Bloom Energy Corp   411.79 Electrical Equipment  2026-04-08 146.78  2026-04-09 160.13  9.10 
 NBIS          Nebius Group NV   314.64           Technology   2026-04-08 125.0  2026-04-09 136.33  9.06 
 SNDK             Sandisk Corp  1152.62           Technology   2026-04-08 780.9  2026-04-09 851.57  9.05 
STMEF    STMicroelectronics NV   270.42       Semiconductors   2026-04-08 35.42   2026-04-09 38.45  8.56 
  STZ Constellation Brands Inc   260.56            Beverages  2026-04-08 150.26  2026-04-09 163.07  8.53 
 AMZN           Amazon.com Inc 23751.01               Retail  2026-04-08 221.25  2026-04-09 233.65  5.60 
 CARR      Carrier Global Corp   486.97             Building   2026-04-08 58.29   2026-04-09 61.46  5.44 
 LRCX        Lam Research Corp  3078.10       Semiconductors  2026-04-08 246.49  2026-04-09 258.76  4.98 
 MRVL   Marvell Technology Inc  1000.82       Semiconductors  2026-04-08 114.45  2026-04-09 119.93  4.79 
 INTC               Intel Corp  2944.55       Semiconductors   2026-04-08 58.95   2026-04-09 61.72  4.70 
 FOXA                 Fox Corp   242.79                Media   2026-04-08 60.22   2026-04-09 62.76  4.22 
  ETN    Eaton Corporation PLC  1495.99 Electrical Equipment  2026-04-08 385.58  2026-04-09 400.44  3.85 
   MU    Micron Technology Inc  4586.83       Semiconductors  2026-04-08 406.73  2026-04-09 421.51  3.63 
  GEV           GE Vernova Inc  2522.98 Electrical Equipment  2026-04-08 936.07  2026-04-09 968.02  3.41 
 KLAC                 KLA Corp  2192.05       Semiconductors 2026-04-08 1672.34 2026-04-09 1727.26  3.28 
  FIX  Comfort Systems USA Inc   536.47         Construction 2026-04-08 1525.16 2026-04-09 1574.45  3.23 
 ALAB          Astera Labs Inc   213.55       Semiconductors  2026-04-08 125.46  2026-04-09 129.46  3.19 
 AMAT    Applied Materials Inc  3061.11       Semiconductors  2026-04-08 385.72  2026-04-09 397.81  3.13 
SBGSF    Schneider Electric SE  1313.73 Electrical Equipment  2026-04-08 291.04   2026-04-09 300.0  3.08 
 MDLN              Medline Inc   582.49          Health Care   2026-04-08 44.34   2026-04-09 45.69  3.04 

=== 市值超过1000亿的涨跌榜前20名股票 ===
 股票代码            公司名称             市值(亿)            板块                 昨天收盘               今天收盘        涨跌幅(%)
 SNDK               Sandisk Corp  1152.62           Technology   2026-04-08 780.9  2026-04-09 851.57  9.05 
 AMZN             Amazon.com Inc 23751.01               Retail  2026-04-08 221.25  2026-04-09 233.65  5.60 
 LRCX          Lam Research Corp  3078.10       Semiconductors  2026-04-08 246.49  2026-04-09 258.76  4.98 
 MRVL     Marvell Technology Inc  1000.82       Semiconductors  2026-04-08 114.45  2026-04-09 119.93  4.79 
 INTC                 Intel Corp  2944.55       Semiconductors   2026-04-08 58.95   2026-04-09 61.72  4.70 
  ETN      Eaton Corporation PLC  1495.99 Electrical Equipment  2026-04-08 385.58  2026-04-09 400.44  3.85 
   MU      Micron Technology Inc  4586.83       Semiconductors  2026-04-08 406.73  2026-04-09 421.51  3.63 
  GEV             GE Vernova Inc  2522.98 Electrical Equipment  2026-04-08 936.07  2026-04-09 968.02  3.41 
 KLAC                   KLA Corp  2192.05       Semiconductors 2026-04-08 1672.34 2026-04-09 1727.26  3.28 
 AMAT      Applied Materials Inc  3061.11       Semiconductors  2026-04-08 385.72  2026-04-09 397.81  3.13 
SBGSF      Schneider Electric SE  1313.73 Electrical Equipment  2026-04-08 291.04   2026-04-09 300.0  3.08 
  TXN      Texas Instruments Inc  1901.96       Semiconductors   2026-04-08 208.9  2026-04-09 214.98  2.91 
 NFLX                Netflix Inc  4196.41                Media   2026-04-08 99.39  2026-04-09 102.05  2.68 
 META         Meta Platforms Inc 15491.50                Media  2026-04-08 612.42  2026-04-09 628.39  2.61 
  VRT         Vertiv Holdings Co  1075.22 Electrical Equipment  2026-04-08 281.03  2026-04-09 287.64  2.35 
  AMD Advanced Micro Devices Inc  3779.62       Semiconductors  2026-04-08 231.82  2026-04-09 236.64  2.08 
  TJX          TJX Companies Inc  1789.05               Retail  2026-04-08 161.64   2026-04-09 165.0  2.08 
  CAT            Caterpillar Inc  3590.06            Machinery  2026-04-08 771.58  2026-04-09 787.07  2.01 
   PH       Parker-Hannifin Corp  1219.31            Machinery  2026-04-08 966.05  2026-04-09 982.99  1.75 
  APH              Amphenol Corp  1663.37 Electrical Equipment  2026-04-08 135.32  2026-04-09 137.68  1.74 
