2025-01-25 10:47:19,587 - INFO: 日志目录: logs/20250125_104719
2025-01-25 10:47:19,587 - INFO: 日志文件: logs/20250125_104719/execution.log
2025-01-25 10:47:19,587 - INFO: 从 Finnhub 获取股票列表...
2025-01-25 10:47:22,182 - INFO: 获取到 20 个股票
2025-01-25 10:47:22,192 - INFO: 开始处理 20 只股票...
2025-01-25 10:47:22,387 - INFO: 股票 FINBF 数据不足
2025-01-25 10:47:22,433 - INFO: 股票 RSCPS 数据不足
2025-01-25 10:47:23,001 - INFO: 获取 GRAM 详细信息时出错: Expecting value: line 1 column 1 (char 0)
2025-01-25 10:47:23,001 - INFO: 股票 GRAM 无法获取详细信息
2025-01-25 10:47:23,391 - INFO: 获取 PMAH 详细信息时出错: Expecting value: line 1 column 1 (char 0)
2025-01-25 10:47:23,391 - INFO: 股票 PMAH 无法获取详细信息
2025-01-25 10:47:23,399 - INFO: 获取 COCO 详细信息时出错: Expecting value: line 1 column 1 (char 0)
2025-01-25 10:47:23,399 - INFO: 股票 COCO 无法获取详细信息
2025-01-25 10:47:23,608 - INFO: 获取 KBR 详细信息时出错: Expecting value: line 1 column 1 (char 0)
2025-01-25 10:47:23,609 - INFO: 股票 KBR 无法获取详细信息
2025-01-25 10:47:24,050 - INFO: 获取 RIVN 详细信息时出错: Expecting value: line 1 column 1 (char 0)
2025-01-25 10:47:24,050 - INFO: 股票 RIVN 无法获取详细信息
2025-01-25 10:47:24,451 - INFO: 获取 HINOF 详细信息时出错: Expecting value: line 1 column 1 (char 0)
2025-01-25 10:47:24,451 - INFO: 股票 HINOF 无法获取详细信息
2025-01-25 10:47:24,817 - INFO: 获取 SAGE 详细信息时出错: Expecting value: line 1 column 1 (char 0)
2025-01-25 10:47:24,817 - INFO: 股票 SAGE 无法获取详细信息
2025-01-25 10:47:24,946 - INFO: 获取 IUSDF 详细信息时出错: Expecting value: line 1 column 1 (char 0)
2025-01-25 10:47:24,946 - INFO: 股票 IUSDF 无法获取详细信息
2025-01-25 10:47:24,946 - INFO: 进度: 10/20 (50.0%) 有效数据: 0
2025-01-25 10:47:26,869 - INFO: 获取 SVVC 详细信息时出错: Expecting value: line 1 column 1 (char 0)
2025-01-25 10:47:26,869 - INFO: 股票 SVVC 无法获取详细信息
2025-01-25 10:47:27,275 - INFO: 获取 ISRJF 详细信息时出错: Expecting value: line 1 column 1 (char 0)
2025-01-25 10:47:27,275 - INFO: 股票 ISRJF 无法获取详细信息
2025-01-25 10:47:27,918 - INFO: 获取 GOCO 详细信息时出错: Expecting value: line 1 column 1 (char 0)
2025-01-25 10:47:27,918 - INFO: 股票 GOCO 无法获取详细信息
2025-01-25 10:47:28,149 - INFO: 获取 MODVF 详细信息时出错: Expecting value: line 1 column 1 (char 0)
2025-01-25 10:47:28,150 - INFO: 股票 MODVF 无法获取详细信息
2025-01-25 10:47:28,193 - INFO: 获取 SDURF 详细信息时出错: Expecting value: line 1 column 1 (char 0)
2025-01-25 10:47:28,193 - INFO: 股票 SDURF 无法获取详细信息
2025-01-25 10:47:28,386 - INFO: 获取 AOXY 详细信息时出错: Expecting value: line 1 column 1 (char 0)
2025-01-25 10:47:28,386 - INFO: 股票 AOXY 无法获取详细信息
2025-01-25 10:47:28,476 - INFO: 股票 BSNEF 数据不足
2025-01-25 10:47:28,675 - INFO: 获取 BDMMF 详细信息时出错: Expecting value: line 1 column 1 (char 0)
2025-01-25 10:47:28,675 - INFO: 股票 BDMMF 无法获取详细信息
2025-01-25 10:47:30,010 - INFO: 进度: 20/20 (100.0%) 有效数据: 2
2025-01-25 10:47:30,012 - INFO: 
处理完成!
2025-01-25 10:47:30,012 - INFO: 总计处理: 20 只股票
2025-01-25 10:47:30,012 - INFO: 有效数据: 2 只股票
2025-01-25 10:47:30,012 - INFO: 无效数据: 18 只股票
2025-01-25 10:47:30,015 - INFO: 日志目录: logs/20250125_104719
2025-01-25 10:47:30,016 - INFO: 日志文件: logs/20250125_104719/execution.log
2025-01-25 10:47:30,016 - INFO: 
=== 涨幅榜前20名股票 ===
2025-01-25 10:47:30,016 - INFO: 
=== 涨幅榜前20名股票 ===
2025-01-25 10:47:30,022 - INFO: 
  股票代码                       公司名称  市值(亿)                  板块                        昨天收盘                        今天收盘  涨跌幅(%)
0      OST  Ostin Technology Group Co Ltd      0.10  Electrical Equipment   2025-01-23 2.4200000762939453    2025-01-24 2.700000047683716      11.57
1    CMULF             Cyclone Metals Ltd      0.62       Metals & Mining  2025-01-23 0.01679999940097332  2025-01-24 0.01679999940097332       0.00
2025-01-25 10:47:30,023 - INFO: 
  股票代码                       公司名称  市值(亿)                  板块                        昨天收盘                        今天收盘  涨跌幅(%)
0      OST  Ostin Technology Group Co Ltd      0.10  Electrical Equipment   2025-01-23 2.4200000762939453    2025-01-24 2.700000047683716      11.57
1    CMULF             Cyclone Metals Ltd      0.62       Metals & Mining  2025-01-23 0.01679999940097332  2025-01-24 0.01679999940097332       0.00
2025-01-25 10:47:30,023 - INFO: 
没有市值超过20亿的股票!
2025-01-25 10:47:30,023 - INFO: 
没有市值超过20亿的股票!
2025-01-25 10:47:30,024 - INFO: 
没有市值超过50亿的股票!
2025-01-25 10:47:30,024 - INFO: 
没有市值超过50亿的股票!
2025-01-25 10:47:30,025 - INFO: 
没有市值超过100亿的股票!
2025-01-25 10:47:30,025 - INFO: 
没有市值超过100亿的股票!
2025-01-25 10:47:30,025 - INFO: 
没有市值超过200亿的股票!
2025-01-25 10:47:30,025 - INFO: 
没有市值超过200亿的股票!
2025-01-25 10:47:30,026 - INFO: 
没有市值超过1000亿的股票!
2025-01-25 10:47:30,026 - INFO: 
没有市值超过1000亿的股票!
2025-01-25 10:47:30,026 - INFO: 结果已保存到: logs/20250125_104719/top20_result.log
2025-01-25 10:47:30,026 - INFO: 日志目录: logs/20250125_104719
2025-01-25 10:47:30,026 - INFO: 日志文件: logs/20250125_104719/execution.log
2025-01-25 10:47:30,027 - INFO: 股票数据已保存到 logs/20250125_104719/stocks_data.json
2025-01-25 10:47:30,031 - INFO: 
=== 板块涨跌分析 ===
2025-01-25 10:47:30,032 - INFO: 
                   板块  平均涨跌幅  股票数量
0  Electrical Equipment       11.57         1
1       Metals & Mining        0.00         1
2025-01-25 10:47:30,033 - INFO: 板块分析已保存到 logs/20250125_104719/sector_analysis.json
2025-01-25 10:47:39,030 - INFO: Git更新成功完成
