
=== 涨幅榜前20名股票 ===
股票代码                公司名称               市值(亿)               板块                     昨天收盘             今天收盘       涨跌幅(%)
SPRO            Spero Therapeutics Inc  0.38                  Biotechnology  2025-05-27 0.68  2025-05-28 2.35 244.57
 SGN            Signing Day Sports Inc  0.03                     Technology  2025-05-27 0.83  2025-05-28 2.19 163.86
SGBX        Safe & Green Holdings Corp  0.06                   Construction  2025-05-27 0.55  2025-05-28 1.24 124.23
CLGN     Collplant Biotechnologies Ltd  0.22                  Biotechnology  2025-05-27 1.93   2025-05-28 3.4  76.17
HOLO           MicroCloud Hologram Inc  0.29                     Technology  2025-05-27 6.04  2025-05-28 10.4  72.19
PLRZ                     Polyrizon Ltd 11.32                  Biotechnology  2025-05-27 0.65  2025-05-28 1.03  59.44
HYLN             Hyliion Holdings Corp  2.00           Electrical Equipment  2025-05-27 1.14  2025-05-28 1.71  50.00
BIAF      bioAffinity Technologies Inc  0.08                  Biotechnology  2025-05-27 0.27   2025-05-28 0.4  47.06
AGAE Allied Gaming & Entertainment Inc  1.03  Hotels, Restaurants & Leisure  2025-05-27 2.34  2025-05-28 3.42  46.15
 SGD     Safe & Green Development Corp  0.02                    Real Estate  2025-05-27 0.89  2025-05-28 1.24  38.55
BROG                 Brooge Energy Ltd  2.86                         Energy  2025-05-27 3.19  2025-05-28 4.25  33.23
JUNS         Jupiter Neurosciences Inc  0.21                Pharmaceuticals  2025-05-27 0.62  2025-05-28 0.82  32.26
LNZA              Lanzatech Global Inc  0.45 Commercial Services & Supplies   2025-05-27 0.2  2025-05-28 0.26  31.79
CGBS            Crown LNG Holdings Ltd  0.27                         Energy  2025-05-27 0.06  2025-05-28 0.08  31.38
MNRO                         Monro Inc  3.82                         Retail 2025-05-27 12.77 2025-05-28 16.75  31.17
JOBY                 Joby Aviation Inc 54.48                       Airlines  2025-05-27 6.88  2025-05-28 8.86  28.78
SCYX                      SCYNEXIS Inc  0.28                Pharmaceuticals  2025-05-27 0.73  2025-05-28 0.93  28.04
 LZM               Lifezone Metals Ltd  2.50                Metals & Mining  2025-05-27 3.16  2025-05-28 3.96  25.32
JZXN                Jiuzi Holdings Inc  0.43                         Retail  2025-05-27 3.89  2025-05-28 4.85  24.61
AIMD                         Ainos Inc  0.13                  Biotechnology  2025-05-27 0.61  2025-05-28 0.75  23.54

=== 市值超过20亿的涨幅榜前20名股票 ===
股票代码                公司名称               市值(亿)                 板块                       昨天收盘               今天收盘        涨跌幅(%)
JOBY                 Joby Aviation Inc  54.48                         Airlines    2025-05-27 6.88    2025-05-28 8.86 28.78 
 BOX                           Box Inc  45.54                       Technology   2025-05-27 31.45   2025-05-28 36.87 17.23 
 ANF            Abercrombie & Fitch Co  36.75                           Retail   2025-05-27 77.15   2025-05-28 88.47 14.67 
   U                Unity Software Inc  90.66                       Technology   2025-05-27 21.81   2025-05-28 24.54 12.52 
 MTN                  Vail Resorts Inc  56.57    Hotels, Restaurants & Leisure   2025-05-27 151.5  2025-05-28 164.64  8.67 
  QS                 Quantumscape Corp  22.30                  Auto Components    2025-05-27 3.99    2025-05-28 4.32  8.27 
FICO                   Fair Isaac Corp 366.01                       Technology 2025-05-27 1503.62 2025-05-28 1619.94  7.74 
 HEI                        HEICO Corp 332.19              Aerospace & Defense  2025-05-27 274.02  2025-05-28 294.35  7.42 
FRHC              Freedom Holding Corp  94.94               Financial Services  2025-05-27 156.61   2025-05-28 166.7  6.44 
 AAP            Advance Auto Parts Inc  29.72                           Retail    2025-05-27 49.6   2025-05-28 52.71  6.27 
 RSI       Rush Street Interactive Inc  27.34    Hotels, Restaurants & Leisure   2025-05-27 11.94   2025-05-28 12.49  4.61 
  MP                 MP Materials Corp  30.68                  Metals & Mining   2025-05-27 18.77    2025-05-28 19.6  4.42 
 CDE                  Coeur Mining Inc  51.69                  Metals & Mining    2025-05-27 8.08    2025-05-28 8.43  4.33 
 TRU                        TransUnion 161.32            Professional Services   2025-05-27 82.67   2025-05-28 85.96  3.98 
DAVE                          Dave Inc  27.88               Financial Services   2025-05-27 209.0  2025-05-28 217.16  3.90 
 QXO                           QXO Inc  93.53 Trading Companies & Distributors   2025-05-27 16.38   2025-05-28 16.98  3.66 
 RGC Regencell Bioscience Holdings Ltd  65.28                  Pharmaceuticals  2025-05-27 501.62   2025-05-28 520.0  3.66 
MBLY               Mobileye Global Inc 131.87                  Auto Components   2025-05-27 16.24   2025-05-28 16.82  3.57 
PFGC         Performance Food Group Co 134.47                           Retail   2025-05-27 86.15   2025-05-28 89.01  3.32 
PRDO           Perdoceo Education Corp  20.99    Diversified Consumer Services   2025-05-27 32.03   2025-05-28 33.09  3.31 

=== 市值超过50亿的涨幅榜前20名股票 ===
股票代码                公司名称                市值(亿)                 板块                       昨天收盘               今天收盘        涨跌幅(%)
JOBY                 Joby Aviation Inc   54.48                         Airlines    2025-05-27 6.88    2025-05-28 8.86 28.78 
   U                Unity Software Inc   90.66                       Technology   2025-05-27 21.81   2025-05-28 24.54 12.52 
 MTN                  Vail Resorts Inc   56.57    Hotels, Restaurants & Leisure   2025-05-27 151.5  2025-05-28 164.64  8.67 
FICO                   Fair Isaac Corp  366.01                       Technology 2025-05-27 1503.62 2025-05-28 1619.94  7.74 
 HEI                        HEICO Corp  332.19              Aerospace & Defense  2025-05-27 274.02  2025-05-28 294.35  7.42 
FRHC              Freedom Holding Corp   94.94               Financial Services  2025-05-27 156.61   2025-05-28 166.7  6.44 
 CDE                  Coeur Mining Inc   51.69                  Metals & Mining    2025-05-27 8.08    2025-05-28 8.43  4.33 
 TRU                        TransUnion  161.32            Professional Services   2025-05-27 82.67   2025-05-28 85.96  3.98 
 QXO                           QXO Inc   93.53 Trading Companies & Distributors   2025-05-27 16.38   2025-05-28 16.98  3.66 
 RGC Regencell Bioscience Holdings Ltd   65.28                  Pharmaceuticals  2025-05-27 501.62   2025-05-28 520.0  3.66 
MBLY               Mobileye Global Inc  131.87                  Auto Components   2025-05-27 16.24   2025-05-28 16.82  3.57 
PFGC         Performance Food Group Co  134.47                           Retail   2025-05-27 86.15   2025-05-28 89.01  3.32 
 SFM        Sprouts Farmers Market Inc  160.78                           Retail   2025-05-27 164.3  2025-05-28 169.27  3.02 
 GEV                    GE Vernova Inc 1286.91             Electrical Equipment  2025-05-27 471.51  2025-05-28 485.01  2.86 
ROKU                          Roku Inc  105.57                            Media   2025-05-27 71.98   2025-05-28 73.96  2.75 
EXAS               Exact Sciences Corp  106.69                    Biotechnology   2025-05-27 56.56   2025-05-28 58.08  2.69 
NTRA                        Natera Inc  214.60                    Biotechnology  2025-05-27 157.16  2025-05-28 161.21  2.58 
OKLO                          Oklo Inc   75.03                        Utilities    2025-05-27 53.9   2025-05-28 55.24  2.49 
HOLX                       Hologic Inc  138.54                      Health Care   2025-05-27 62.17   2025-05-28 63.71  2.48 
 APP                     Applovin Corp 1288.95                       Technology  2025-05-27 380.91  2025-05-28 390.26  2.45 

=== 市值超过100亿的涨幅榜前20名股票 ===
股票代码            公司名称             市值(亿)                板块                      昨天收盘               今天收盘        涨跌幅(%)
FICO            Fair Isaac Corp  366.01                     Technology 2025-05-27 1503.62 2025-05-28 1619.94  7.74 
 HEI                 HEICO Corp  332.19            Aerospace & Defense  2025-05-27 274.02  2025-05-28 294.35  7.42 
 TRU                 TransUnion  161.32          Professional Services   2025-05-27 82.67   2025-05-28 85.96  3.98 
MBLY        Mobileye Global Inc  131.87                Auto Components   2025-05-27 16.24   2025-05-28 16.82  3.57 
PFGC  Performance Food Group Co  134.47                         Retail   2025-05-27 86.15   2025-05-28 89.01  3.32 
 SFM Sprouts Farmers Market Inc  160.78                         Retail   2025-05-27 164.3  2025-05-28 169.27  3.02 
 GEV             GE Vernova Inc 1286.91           Electrical Equipment  2025-05-27 471.51  2025-05-28 485.01  2.86 
ROKU                   Roku Inc  105.57                          Media   2025-05-27 71.98   2025-05-28 73.96  2.75 
EXAS        Exact Sciences Corp  106.69                  Biotechnology   2025-05-27 56.56   2025-05-28 58.08  2.69 
NTRA                 Natera Inc  214.60                  Biotechnology  2025-05-27 157.16  2025-05-28 161.21  2.58 
HOLX                Hologic Inc  138.54                    Health Care   2025-05-27 62.17   2025-05-28 63.71  2.48 
 APP              Applovin Corp 1288.95                     Technology  2025-05-27 380.91  2025-05-28 390.26  2.45 
CVNA                 Carvana Co  670.07                         Retail  2025-05-27 312.91  2025-05-28 320.31  2.36 
ILMN               Illumina Inc  130.58 Life Sciences Tools & Services   2025-05-27 82.49   2025-05-28 84.43  2.35 
  NU            Nu Holdings Ltd  575.35                        Banking   2025-05-27 11.94    2025-05-28 12.2  2.18 
  AU      Anglogold Ashanti PLC  221.75                Metals & Mining    2025-05-27 43.1   2025-05-28 44.04  2.18 
DXCM                 Dexcom Inc  334.59                    Health Care   2025-05-27 85.33   2025-05-28 86.98  1.93 
 CVS            CVS Health Corp  775.96                    Health Care   2025-05-27 61.34   2025-05-28 62.45  1.81 
 DKS  DICK'S Sporting Goods Inc  139.47                         Retail  2025-05-27 174.22  2025-05-28 177.12  1.66 
EXPE          Expedia Group Inc  209.74  Hotels, Restaurants & Leisure  2025-05-27 164.99  2025-05-28 167.69  1.64 

=== 市值超过200亿的涨幅榜前20名股票 ===
 股票代码                 公司名称                 市值(亿)                  板块                       昨天收盘               今天收盘        涨跌幅(%)
 FICO                     Fair Isaac Corp   366.01                       Technology 2025-05-27 1503.62 2025-05-28 1619.94  7.74 
  HEI                          HEICO Corp   332.19              Aerospace & Defense  2025-05-27 274.02  2025-05-28 294.35  7.42 
  GEV                      GE Vernova Inc  1286.91             Electrical Equipment  2025-05-27 471.51  2025-05-28 485.01  2.86 
 NTRA                          Natera Inc   214.60                    Biotechnology  2025-05-27 157.16  2025-05-28 161.21  2.58 
  APP                       Applovin Corp  1288.95                       Technology  2025-05-27 380.91  2025-05-28 390.26  2.45 
 CVNA                          Carvana Co   670.07                           Retail  2025-05-27 312.91  2025-05-28 320.31  2.36 
   NU                     Nu Holdings Ltd   575.35                          Banking   2025-05-27 11.94    2025-05-28 12.2  2.18 
   AU               Anglogold Ashanti PLC   221.75                  Metals & Mining    2025-05-27 43.1   2025-05-28 44.04  2.18 
 DXCM                          Dexcom Inc   334.59                      Health Care   2025-05-27 85.33   2025-05-28 86.98  1.93 
  CVS                     CVS Health Corp   775.96                      Health Care   2025-05-27 61.34   2025-05-28 62.45  1.81 
 EXPE                   Expedia Group Inc   209.74    Hotels, Restaurants & Leisure  2025-05-27 164.99  2025-05-28 167.69  1.64 
 SPOT               Spotify Technology SA  1311.92                            Media   2025-05-27 653.4  2025-05-28 663.96  1.62 
 AVGO                        Broadcom Inc 11080.14                   Semiconductors  2025-05-27 235.65  2025-05-28 239.43  1.60 
  EFX                         Equifax Inc   320.92            Professional Services  2025-05-27 258.39  2025-05-28 262.14  1.45 
  AZO                        Autozone Inc   618.23                           Retail 2025-05-27 3695.66 2025-05-28 3744.42  1.32 
 MRVL              Marvell Technology Inc   551.30                   Semiconductors   2025-05-27 63.82   2025-05-28 64.59  1.21 
 ORCL                         Oracle Corp  4540.34                       Technology  2025-05-27 161.91  2025-05-28 163.85  1.20 
  TTD                      Trade Desk Inc   373.79                            Media   2025-05-27 76.06   2025-05-28 76.94  1.16 
LVMHF LVMH Moet Hennessy Louis Vuitton SE  2415.05 Textiles, Apparel & Luxury Goods   2025-05-27 546.7   2025-05-28 553.0  1.15 
  UNH              UnitedHealth Group Inc  2676.06                      Health Care   2025-05-27 295.0  2025-05-28 298.11  1.05 

=== 市值超过1000亿的涨跌榜前20名股票 ===
 股票代码                 公司名称                 市值(亿)                  板块                       昨天收盘               今天收盘        涨跌幅(%)
  GEV                      GE Vernova Inc  1286.91             Electrical Equipment  2025-05-27 471.51  2025-05-28 485.01  2.86 
  APP                       Applovin Corp  1288.95                       Technology  2025-05-27 380.91  2025-05-28 390.26  2.45 
 SPOT               Spotify Technology SA  1311.92                            Media   2025-05-27 653.4  2025-05-28 663.96  1.62 
 AVGO                        Broadcom Inc 11080.14                   Semiconductors  2025-05-27 235.65  2025-05-28 239.43  1.60 
 ORCL                         Oracle Corp  4540.34                       Technology  2025-05-27 161.91  2025-05-28 163.85  1.20 
LVMHF LVMH Moet Hennessy Louis Vuitton SE  2415.05 Textiles, Apparel & Luxury Goods   2025-05-27 546.7   2025-05-28 553.0  1.15 
  UNH              UnitedHealth Group Inc  2676.06                      Health Care   2025-05-27 295.0  2025-05-28 298.11  1.05 
   GE                        GE Aerospace  2578.31              Aerospace & Defense  2025-05-27 241.78  2025-05-28 243.67  0.78 
  CME                       CME Group Inc  1024.72               Financial Services  2025-05-27 284.36  2025-05-28 285.98  0.57 
  TXN               Texas Instruments Inc  1664.68                   Semiconductors  2025-05-27 183.24  2025-05-28 184.15  0.50 
 BKNG                Booking Holdings Inc  1774.01    Hotels, Restaurants & Leisure 2025-05-27 5451.74 2025-05-28 5475.26  0.43 
 ISRG              Intuitive Surgical Inc  1971.98                      Health Care  2025-05-27 550.19  2025-05-28 552.41  0.40 
    T                            AT&T Inc  1970.88                Telecommunication   2025-05-27 27.39    2025-05-28 27.5  0.40 
 SHOP                         Shopify Inc  1384.82                       Technology  2025-05-27 106.74  2025-05-28 107.11  0.35 
 INTU                          Intuit Inc  2097.57                       Technology  2025-05-27 751.96  2025-05-28 754.45  0.33 
 ANET                 Arista Networks Inc  1161.60                   Communications   2025-05-27 92.49   2025-05-28 92.79  0.32 
 PLTR           Palantir Technologies Inc  2911.90                       Technology  2025-05-27 123.39  2025-05-28 123.76  0.30 
   MA                      Mastercard Inc  5217.19               Financial Services  2025-05-27 574.55  2025-05-28 575.92  0.24 
   BA                           Boeing Co  1515.78              Aerospace & Defense  2025-05-27 201.03   2025-05-28 201.5  0.23 
 META                  Meta Platforms Inc 16148.88                            Media  2025-05-27 642.32  2025-05-28 643.58  0.20 
