
=== 涨幅榜前20名股票 ===
 股票代码                          公司名称                          市值(亿)               板块                    昨天收盘            今天收盘        涨跌幅(%)
ISUNQ                                               iSun Inc  0.00                  Construction  2025-02-18 0.0   2025-02-19 0.0 9900.00
TTLXF                 Tantalex Lithium Resources Corporation  0.18                           N/A  2025-02-18 0.0  2025-02-19 0.02 1107.14
 ZVOI                                              Zovio Inc  0.00 Diversified Consumer Services  2025-02-18 0.0   2025-02-19 0.0  900.00
BSHVF                                  Bushveld Minerals Ltd  0.07               Metals & Mining  2025-02-18 0.0   2025-02-19 0.0  700.00
 JRSS                                 JRsis Health Care Corp  0.30                           N/A 2025-02-18 0.35  2025-02-19 2.05  484.29
GTRIF                                         GTI Energy Ltd  0.09               Metals & Mining  2025-02-18 0.0  2025-02-19 0.01  466.67
 LVCE                                           LiveCare Inc  0.02                           N/A 2025-02-18 0.04  2025-02-19 0.18  367.53
 HCIL                         Hongchang International Co Ltd  0.65                        Retail 2025-02-18 0.13   2025-02-19 0.5  294.84
SLMFF                                     Solis Minerals Ltd  0.09               Metals & Mining 2025-02-18 0.08   2025-02-19 0.2  157.44
 JTAI                                             Jet.AI Inc  0.08                      Airlines 2025-02-18 4.06 2025-02-19 10.15  150.00
ZKGCF                                    ZKGC New Energy Ltd  0.01                           N/A 2025-02-18 0.04   2025-02-19 0.1  150.00
  XOS                                                Xos Inc  0.25                     Machinery 2025-02-19 3.13  2025-02-20 7.64  144.07
LPKGF                                       Lupaka Gold Corp  0.01               Metals & Mining 2025-02-18 0.01  2025-02-19 0.03  142.86
SVTNF                                   Lodestar Metals Corp  0.01                           N/A  2025-02-18 0.0  2025-02-19 0.01  141.86
 TTOO                                      T2 Biosystems Inc  0.03                 Biotechnology  2025-02-18 0.1  2025-02-19 0.22  125.00
 TCRI                                            TechCom Inc  0.05                           N/A 2025-02-18 0.07  2025-02-19 0.15  113.89
 CBGH China Yibai United Guarantee International Holding Inc  0.01            Financial Services  2025-02-18 0.0  2025-02-19 0.01  107.41
 MOTS                                  Motus GI Holdings Inc  0.00                   Health Care  2025-02-18 0.0   2025-02-19 0.0  100.00
CGNSF                          Cognetivity Neurosciences Ltd  0.01                           N/A  2025-02-18 0.0  2025-02-19 0.01  100.00
 BTTX                                Better Therapeutics Inc  0.00                   Health Care  2025-02-18 0.0   2025-02-19 0.0  100.00

=== 市值超过20亿的涨幅榜前20名股票 ===
 股票代码              公司名称              市值(亿)                  板块                       昨天收盘              今天收盘       涨跌幅(%)
FXCNF                FIH Mobile Ltd    72.13             Electrical Equipment   2025-02-18 0.08   2025-02-19 0.12 50.00 
SIGGF          Sigma Healthcare Ltd   354.84                      Health Care   2025-02-18 1.96   2025-02-19 2.92 48.98 
SKPJF SKY Perfect JSAT Holdings Inc  3201.95                            Media   2025-02-18 5.32    2025-02-19 7.3 37.22 
KUASF           Kuaishou Technology  2530.06                            Media   2025-02-18 5.39   2025-02-19 7.36 36.55 
GCPEF   GCL Technology Holdings Ltd   341.77                   Semiconductors   2025-02-18 0.11   2025-02-19 0.15 36.36 
 COMP                   Compass Inc    56.78                      Real Estate   2025-02-18 7.98  2025-02-19 10.24 28.32 
SMGBF               San Miguel Corp  2006.05         Industrial Conglomerates    2025-02-18 1.3   2025-02-19 1.62 24.62 
ASCCF                    Asics Corp 26884.68 Textiles, Apparel & Luxury Goods  2025-02-18 19.32  2025-02-19 22.77 17.86 
NICMF         Nickel Industries Ltd    33.03                  Metals & Mining   2025-02-18 0.45   2025-02-19 0.53 17.73 
    U            Unity Software Inc    86.49                       Technology  2025-02-19 21.47  2025-02-20 25.16 17.18 
FJTNF       Fuji Media Holdings Inc  6338.56                            Media  2025-02-18 15.68  2025-02-19 18.36 17.15 
ASOZF              Asseco Poland SA   114.29                       Technology  2025-02-18 28.92  2025-02-19 33.84 17.01 
 IBRX               Immunitybio Inc    28.48                    Biotechnology   2025-02-18 3.35    2025-02-19 3.9 16.42 
 CELH          Celsius Holdings Inc    61.32                        Beverages  2025-02-18 22.74  2025-02-19 26.09 14.73 
RTOXF                    Rotork PLC    28.74                        Machinery   2025-02-18 3.77   2025-02-19 4.29 13.69 
 GRMN                    Garmin Ltd   464.57                Consumer products 2025-02-18 214.78 2025-02-19 241.93 12.64 
KBCSF                  Kbc Groep NV   345.48                          Banking  2025-02-18 77.66  2025-02-19 87.39 12.53 
 KRYS           Krystal Biotech Inc    50.67                    Biotechnology 2025-02-18 156.69 2025-02-19 176.17 12.43 
  PEN                  Penumbra Inc   116.58                      Health Care 2025-02-18 271.14 2025-02-19 303.76 12.03 
BLMIF       Bank Leumi Le Israel BM   712.82                          Banking  2025-02-18 12.75  2025-02-19 14.25 11.76 

=== 市值超过50亿的涨幅榜前20名股票 ===
 股票代码                   公司名称                   市值(亿)                  板块                       昨天收盘              今天收盘       涨跌幅(%)
FXCNF                          FIH Mobile Ltd    72.13             Electrical Equipment   2025-02-18 0.08   2025-02-19 0.12 50.00 
SIGGF                    Sigma Healthcare Ltd   354.84                      Health Care   2025-02-18 1.96   2025-02-19 2.92 48.98 
SKPJF           SKY Perfect JSAT Holdings Inc  3201.95                            Media   2025-02-18 5.32    2025-02-19 7.3 37.22 
KUASF                     Kuaishou Technology  2530.06                            Media   2025-02-18 5.39   2025-02-19 7.36 36.55 
GCPEF             GCL Technology Holdings Ltd   341.77                   Semiconductors   2025-02-18 0.11   2025-02-19 0.15 36.36 
 COMP                             Compass Inc    56.78                      Real Estate   2025-02-18 7.98  2025-02-19 10.24 28.32 
SMGBF                         San Miguel Corp  2006.05         Industrial Conglomerates    2025-02-18 1.3   2025-02-19 1.62 24.62 
ASCCF                              Asics Corp 26884.68 Textiles, Apparel & Luxury Goods  2025-02-18 19.32  2025-02-19 22.77 17.86 
    U                      Unity Software Inc    86.49                       Technology  2025-02-19 21.47  2025-02-20 25.16 17.18 
FJTNF                 Fuji Media Holdings Inc  6338.56                            Media  2025-02-18 15.68  2025-02-19 18.36 17.15 
ASOZF                        Asseco Poland SA   114.29                       Technology  2025-02-18 28.92  2025-02-19 33.84 17.01 
 CELH                    Celsius Holdings Inc    61.32                        Beverages  2025-02-18 22.74  2025-02-19 26.09 14.73 
 GRMN                              Garmin Ltd   464.57                Consumer products 2025-02-18 214.78 2025-02-19 241.93 12.64 
KBCSF                            Kbc Groep NV   345.48                          Banking  2025-02-18 77.66  2025-02-19 87.39 12.53 
 KRYS                     Krystal Biotech Inc    50.67                    Biotechnology 2025-02-18 156.69 2025-02-19 176.17 12.43 
  PEN                            Penumbra Inc   116.58                      Health Care 2025-02-18 271.14 2025-02-19 303.76 12.03 
BLMIF                 Bank Leumi Le Israel BM   712.82                          Banking  2025-02-18 12.75  2025-02-19 14.25 11.76 
CHKGF                   CK Asset Holdings Ltd  1177.68                      Real Estate   2025-02-18 3.89   2025-02-19 4.32 11.00 
HNSPF Hansoh Pharmaceutical Group Company Ltd  1068.42                  Pharmaceuticals   2025-02-18 1.95   2025-02-19 2.16 10.63 
CRHKF    China Resources Beer Holdings Co Ltd   809.42                        Beverages   2025-02-18 2.93   2025-02-19 3.22  9.90 

=== 市值超过100亿的涨幅榜前20名股票 ===
 股票代码                   公司名称                   市值(亿)                  板块                       昨天收盘              今天收盘       涨跌幅(%)
SIGGF                    Sigma Healthcare Ltd   354.84                      Health Care   2025-02-18 1.96   2025-02-19 2.92 48.98 
SKPJF           SKY Perfect JSAT Holdings Inc  3201.95                            Media   2025-02-18 5.32    2025-02-19 7.3 37.22 
KUASF                     Kuaishou Technology  2530.06                            Media   2025-02-18 5.39   2025-02-19 7.36 36.55 
GCPEF             GCL Technology Holdings Ltd   341.77                   Semiconductors   2025-02-18 0.11   2025-02-19 0.15 36.36 
SMGBF                         San Miguel Corp  2006.05         Industrial Conglomerates    2025-02-18 1.3   2025-02-19 1.62 24.62 
ASCCF                              Asics Corp 26884.68 Textiles, Apparel & Luxury Goods  2025-02-18 19.32  2025-02-19 22.77 17.86 
FJTNF                 Fuji Media Holdings Inc  6338.56                            Media  2025-02-18 15.68  2025-02-19 18.36 17.15 
ASOZF                        Asseco Poland SA   114.29                       Technology  2025-02-18 28.92  2025-02-19 33.84 17.01 
 GRMN                              Garmin Ltd   464.57                Consumer products 2025-02-18 214.78 2025-02-19 241.93 12.64 
KBCSF                            Kbc Groep NV   345.48                          Banking  2025-02-18 77.66  2025-02-19 87.39 12.53 
  PEN                            Penumbra Inc   116.58                      Health Care 2025-02-18 271.14 2025-02-19 303.76 12.03 
BLMIF                 Bank Leumi Le Israel BM   712.82                          Banking  2025-02-18 12.75  2025-02-19 14.25 11.76 
CHKGF                   CK Asset Holdings Ltd  1177.68                      Real Estate   2025-02-18 3.89   2025-02-19 4.32 11.00 
HNSPF Hansoh Pharmaceutical Group Company Ltd  1068.42                  Pharmaceuticals   2025-02-18 1.95   2025-02-19 2.16 10.63 
CRHKF    China Resources Beer Holdings Co Ltd   809.42                        Beverages   2025-02-18 2.93   2025-02-19 3.22  9.90 
CICOF          COSCO Shipping Holdings Co Ltd  2249.04                           Marine   2025-02-18 1.44   2025-02-19 1.58  9.72 
AKESF                               Akeso Inc   537.20                    Biotechnology   2025-02-18 7.95   2025-02-19 8.71  9.52 
  BAX                Baxter International Inc   157.36                      Health Care  2025-02-19 30.82  2025-02-20 33.44  8.52 
  RBA                           RB Global Inc   252.54   Commercial Services & Supplies  2025-02-18 96.56 2025-02-19 104.72  8.45 
STMEF                   STMicroelectronics NV   207.42                   Semiconductors  2025-02-18 24.42  2025-02-19 26.48  8.44 

=== 市值超过200亿的涨幅榜前20名股票 ===
 股票代码                   公司名称                   市值(亿)                  板块                       昨天收盘              今天收盘       涨跌幅(%)
SIGGF                    Sigma Healthcare Ltd   354.84                      Health Care   2025-02-18 1.96   2025-02-19 2.92 48.98 
SKPJF           SKY Perfect JSAT Holdings Inc  3201.95                            Media   2025-02-18 5.32    2025-02-19 7.3 37.22 
KUASF                     Kuaishou Technology  2530.06                            Media   2025-02-18 5.39   2025-02-19 7.36 36.55 
GCPEF             GCL Technology Holdings Ltd   341.77                   Semiconductors   2025-02-18 0.11   2025-02-19 0.15 36.36 
SMGBF                         San Miguel Corp  2006.05         Industrial Conglomerates    2025-02-18 1.3   2025-02-19 1.62 24.62 
ASCCF                              Asics Corp 26884.68 Textiles, Apparel & Luxury Goods  2025-02-18 19.32  2025-02-19 22.77 17.86 
FJTNF                 Fuji Media Holdings Inc  6338.56                            Media  2025-02-18 15.68  2025-02-19 18.36 17.15 
 GRMN                              Garmin Ltd   464.57                Consumer products 2025-02-18 214.78 2025-02-19 241.93 12.64 
KBCSF                            Kbc Groep NV   345.48                          Banking  2025-02-18 77.66  2025-02-19 87.39 12.53 
BLMIF                 Bank Leumi Le Israel BM   712.82                          Banking  2025-02-18 12.75  2025-02-19 14.25 11.76 
CHKGF                   CK Asset Holdings Ltd  1177.68                      Real Estate   2025-02-18 3.89   2025-02-19 4.32 11.00 
HNSPF Hansoh Pharmaceutical Group Company Ltd  1068.42                  Pharmaceuticals   2025-02-18 1.95   2025-02-19 2.16 10.63 
CRHKF    China Resources Beer Holdings Co Ltd   809.42                        Beverages   2025-02-18 2.93   2025-02-19 3.22  9.90 
CICOF          COSCO Shipping Holdings Co Ltd  2249.04                           Marine   2025-02-18 1.44   2025-02-19 1.58  9.72 
AKESF                               Akeso Inc   537.20                    Biotechnology   2025-02-18 7.95   2025-02-19 8.71  9.52 
  RBA                           RB Global Inc   252.54   Commercial Services & Supplies  2025-02-18 96.56 2025-02-19 104.72  8.45 
STMEF                   STMicroelectronics NV   207.42                   Semiconductors  2025-02-18 24.42  2025-02-19 26.48  8.44 
NCLTF                  Nitori Holdings Co Ltd 18389.30                           Retail 2025-02-18 104.27 2025-02-19 112.73  8.11 
 SMCI                Super Micro Computer Inc   352.80                       Technology   2025-02-18 55.8  2025-02-19 60.25  7.97 
RSNHF                     Resona Holdings Inc 28411.27                          Banking   2025-02-18 7.84   2025-02-19 8.45  7.84 

=== 市值超过1000亿的涨跌榜前20名股票 ===
 股票代码                      公司名称                       市值(亿)                  板块                       昨天收盘              今天收盘       涨跌幅(%)
SKPJF                 SKY Perfect JSAT Holdings Inc   3201.95                            Media   2025-02-18 5.32    2025-02-19 7.3 37.22 
KUASF                           Kuaishou Technology   2530.06                            Media   2025-02-18 5.39   2025-02-19 7.36 36.55 
SMGBF                               San Miguel Corp   2006.05         Industrial Conglomerates    2025-02-18 1.3   2025-02-19 1.62 24.62 
ASCCF                                    Asics Corp  26884.68 Textiles, Apparel & Luxury Goods  2025-02-18 19.32  2025-02-19 22.77 17.86 
FJTNF                       Fuji Media Holdings Inc   6338.56                            Media  2025-02-18 15.68  2025-02-19 18.36 17.15 
CHKGF                         CK Asset Holdings Ltd   1177.68                      Real Estate   2025-02-18 3.89   2025-02-19 4.32 11.00 
HNSPF       Hansoh Pharmaceutical Group Company Ltd   1068.42                  Pharmaceuticals   2025-02-18 1.95   2025-02-19 2.16 10.63 
CICOF                COSCO Shipping Holdings Co Ltd   2249.04                           Marine   2025-02-18 1.44   2025-02-19 1.58  9.72 
NCLTF                        Nitori Holdings Co Ltd  18389.30                           Retail 2025-02-18 104.27 2025-02-19 112.73  8.11 
RSNHF                           Resona Holdings Inc  28411.27                          Banking   2025-02-18 7.84   2025-02-19 8.45  7.84 
BYDDF                                    BYD Co Ltd  10111.73                      Automobiles  2025-02-19 46.94   2025-02-20 49.5  5.45 
LNVGF                              Lenovo Group Ltd   1558.03                       Technology    2025-02-18 1.5   2025-02-19 1.58  5.33 
  TXN                         Texas Instruments Inc   1787.17                   Semiconductors 2025-02-18 186.46 2025-02-19 196.32  5.29 
TOTDF                                      TOTO Ltd   6394.29                         Building   2025-02-18 23.7  2025-02-19 24.94  5.23 
SMFNF           Sumitomo Mitsui Financial Group Inc 153271.72                          Banking  2025-02-18 26.08  2025-02-19 27.33  4.79 
SFBQF                                 SoftBank Corp 100091.56                Telecommunication   2025-02-19 1.38   2025-02-20 1.45  4.69 
XIACF                                   Xiaomi Corp  12138.66                       Technology    2025-02-18 6.2   2025-02-19 6.45  3.87 
NNFSF                          Nongfu Spring Co Ltd   3958.76                        Beverages    2025-02-18 4.3   2025-02-19 4.47  3.84 
ICTEF International Container Terminal Services Inc   7088.78    Transportation Infrastructure   2025-02-18 5.66   2025-02-19 5.87  3.67 
OCPNF                                  Olympus Corp  23156.50                      Health Care  2025-02-18 13.03   2025-02-19 13.5  3.61 
