
=== 涨幅榜前20名股票 ===
股票代码                       公司名称                       市值(亿)               板块                     昨天收盘             今天收盘        涨跌幅(%)
MULN                            Mullen Automotive Inc  0.04                    Automobiles  2025-05-30 0.08  2025-06-02 5.58 6875.00
LYEL                           Lyell Immunopharma Inc  1.29                  Biotechnology  2025-05-30 0.44  2025-06-02 8.22 1781.01
APDN                         Applied DNA Sciences Inc  0.02 Life Sciences Tools & Services  2025-05-30 0.34  2025-06-02 5.83 1614.71
EKSO                        Ekso Bionics Holdings Inc  0.11                    Health Care   2025-05-30 0.3  2025-06-02 4.67 1446.36
ARBB                                ARB IOT Group Ltd  0.14                     Technology  2025-05-30 0.52   2025-06-02 6.8 1200.19
MODV                                    ModivCare Inc  0.18                    Health Care  2025-05-30 1.12   2025-06-02 2.2   96.43
BNAI                     Brand Engagement Network Inc  0.19                     Technology  2025-05-30 0.28  2025-06-02 0.49   75.63
VERA                            Vera Therapeutics Inc 19.14                  Biotechnology 2025-05-30 18.95 2025-06-02 31.74   67.49
UAVS                       Ageagle Aerial Systems Inc  0.12                      Machinery  2025-05-30 0.79  2025-06-02 1.29   63.29
HKPD Hong Kong Pharma Digital Technology Holdings Ltd  0.12     Logistics & Transportation  2025-05-30 1.17  2025-06-02 1.85   58.12
CLNN                                       Clene Inc.  0.30                  Biotechnology  2025-05-30 3.19   2025-06-02 4.9   53.61
APLD                             Applied Digital Corp 21.57                     Technology  2025-05-30 6.83 2025-06-02 10.14   48.46
KYMR                          Kymera Therapeutics Inc 25.33                  Biotechnology 2025-05-30 29.64 2025-06-02 43.13   45.51
RITR                      Reitar Logtech Holdings Ltd  1.48                    Real Estate  2025-05-30 3.36  2025-06-02 4.75   41.37
HYPR                                    Hyperfine Inc  0.47                    Health Care   2025-05-30 0.6  2025-06-02 0.85   40.96
OGEN                                    Oragenics Inc  0.03                  Biotechnology  2025-05-30 0.12  2025-06-02 0.17   39.17
 INM                        InMed Pharmaceuticals Inc  0.03                Pharmaceuticals  2025-05-30 2.49  2025-06-02 3.42   37.35
 MFI                         mF International Limited  0.13             Financial Services  2025-05-30 0.86  2025-06-02 1.17   35.89
CGTX                       Cognition Therapeutics Inc  0.15                Pharmaceuticals  2025-05-30 0.24  2025-06-02 0.32   32.64
ZONE                          CleanCore Solutions Inc  0.20                      Machinery   2025-05-30 2.2   2025-06-02 2.9   31.82

=== 市值超过20亿的涨幅榜前20名股票 ===
股票代码              公司名称             市值(亿)                板块                      昨天收盘              今天收盘       涨跌幅(%)
APLD          Applied Digital Corp  21.57                     Technology   2025-05-30 6.83  2025-06-02 10.14 48.46 
KYMR       Kymera Therapeutics Inc  25.33                  Biotechnology  2025-05-30 29.64  2025-06-02 43.13 45.51 
BPMC      Blueprint Medicines Corp  82.41                  Biotechnology 2025-05-30 101.35 2025-06-02 127.79 26.09 
 CLF          Cleveland-Cliffs Inc  35.84                Metals & Mining   2025-05-30 5.83   2025-06-02 7.18 23.16 
 TEM                 Tempus AI Inc 101.64 Life Sciences Tools & Services  2025-05-30 55.18  2025-06-02 63.47 15.02 
STLD            Steel Dynamics Inc 210.44                Metals & Mining 2025-05-30 123.07 2025-06-02 135.71 10.27 
 NUE                    Nucor Corp 289.80                Metals & Mining 2025-05-30 109.36  2025-06-02 120.4 10.10 
  HL               Hecla Mining Co  35.39                Metals & Mining   2025-05-30 5.14   2025-06-02 5.63  9.53 
  AU         Anglogold Ashanti PLC 220.60                Metals & Mining  2025-05-30 43.81  2025-06-02 47.42  8.24 
PCVX                   Vaxcyte Inc  43.51                  Biotechnology  2025-05-30 32.49  2025-06-02 35.02  7.79 
SSRM                SSR Mining Inc  25.75                Metals & Mining  2025-05-30 11.83  2025-06-02 12.68  7.19 
 RNA       Avidity Biosciences Inc  38.75                  Biotechnology  2025-05-30 30.98  2025-06-02 33.17  7.07 
LMND                  Lemonade Inc  24.53                      Insurance   2025-05-30 33.5  2025-06-02 35.84  6.99 
 CDE              Coeur Mining Inc  55.75                Metals & Mining   2025-05-30 8.08   2025-06-02 8.63  6.81 
  ZS                   Zscaler Inc 441.05                     Technology  2025-05-30 275.7 2025-06-02 293.18  6.34 
RARE Ultragenyx Pharmaceutical Inc  33.58                  Biotechnology  2025-05-30 34.03  2025-06-02 36.14  6.20 
ETSY                      ETSY Inc  61.16                         Retail  2025-05-30 55.35  2025-06-02 58.74  6.12 
PTGX  Protagonist Therapeutics Inc  29.82                  Biotechnology  2025-05-30 47.47  2025-06-02 50.15  5.65 
 CMC          Commercial Metals Co  57.73                Metals & Mining  2025-05-30 46.59  2025-06-02 49.21  5.62 
MLTX   MoonLake Immunotherapeutics  25.29                  Biotechnology  2025-05-30 39.01  2025-06-02 41.16  5.51 

=== 市值超过50亿的涨幅榜前20名股票 ===
股票代码            公司名称             市值(亿)                板块                      昨天收盘              今天收盘       涨跌幅(%)
BPMC   Blueprint Medicines Corp   82.41                  Biotechnology 2025-05-30 101.35 2025-06-02 127.79 26.09 
 TEM              Tempus AI Inc  101.64 Life Sciences Tools & Services  2025-05-30 55.18  2025-06-02 63.47 15.02 
STLD         Steel Dynamics Inc  210.44                Metals & Mining 2025-05-30 123.07 2025-06-02 135.71 10.27 
 NUE                 Nucor Corp  289.80                Metals & Mining 2025-05-30 109.36  2025-06-02 120.4 10.10 
  AU      Anglogold Ashanti PLC  220.60                Metals & Mining  2025-05-30 43.81  2025-06-02 47.42  8.24 
 CDE           Coeur Mining Inc   55.75                Metals & Mining   2025-05-30 8.08   2025-06-02 8.63  6.81 
  ZS                Zscaler Inc  441.05                     Technology  2025-05-30 275.7 2025-06-02 293.18  6.34 
ETSY                   ETSY Inc   61.16                         Retail  2025-05-30 55.35  2025-06-02 58.74  6.12 
 CMC       Commercial Metals Co   57.73                Metals & Mining  2025-05-30 46.59  2025-06-02 49.21  5.62 
 NEM        Newmont Corporation  616.82                Metals & Mining  2025-05-30 52.72  2025-06-02 55.58  5.42 
LITE      Lumentum Holdings Inc   50.91                 Communications  2025-05-30 72.28  2025-06-02 75.86  4.95 
RGLD             Royal Gold Inc  121.82                Metals & Mining 2025-05-30 178.12 2025-06-02 186.71  4.82 
ASTS        AST SpaceMobile Inc   75.75              Telecommunication  2025-05-30 23.07  2025-06-02 24.15  4.68 
RBRK                 Rubrik Inc  186.12                     Technology  2025-05-30 95.35  2025-06-02 99.74  4.60 
 LRN                 Stride Inc   65.55  Diversified Consumer Services 2025-05-30 151.39 2025-06-02 158.33  4.58 
 FCX       Freeport-McMoRan Inc  578.21                Metals & Mining  2025-05-30 38.48  2025-06-02 40.15  4.34 
 VST                Vistra Corp  553.47                      Utilities 2025-05-30 160.57 2025-06-02 167.47  4.30 
  MU      Micron Technology Inc 1063.70                 Semiconductors  2025-05-30 94.46  2025-06-02 98.18  3.94 
URBN       Urban Outfitters Inc   63.22                         Retail   2025-05-30 69.9  2025-06-02 72.62  3.89 
 SFM Sprouts Farmers Market Inc  172.22                         Retail 2025-05-30 172.86 2025-06-02 179.53  3.86 

=== 市值超过100亿的涨幅榜前20名股票 ===
股票代码            公司名称             市值(亿)                 板块                      昨天收盘              今天收盘       涨跌幅(%)
 TEM              Tempus AI Inc   101.64 Life Sciences Tools & Services  2025-05-30 55.18  2025-06-02 63.47 15.02 
STLD         Steel Dynamics Inc   210.44                Metals & Mining 2025-05-30 123.07 2025-06-02 135.71 10.27 
 NUE                 Nucor Corp   289.80                Metals & Mining 2025-05-30 109.36  2025-06-02 120.4 10.10 
  AU      Anglogold Ashanti PLC   220.60                Metals & Mining  2025-05-30 43.81  2025-06-02 47.42  8.24 
  ZS                Zscaler Inc   441.05                     Technology  2025-05-30 275.7 2025-06-02 293.18  6.34 
 NEM        Newmont Corporation   616.82                Metals & Mining  2025-05-30 52.72  2025-06-02 55.58  5.42 
RGLD             Royal Gold Inc   121.82                Metals & Mining 2025-05-30 178.12 2025-06-02 186.71  4.82 
RBRK                 Rubrik Inc   186.12                     Technology  2025-05-30 95.35  2025-06-02 99.74  4.60 
 FCX       Freeport-McMoRan Inc   578.21                Metals & Mining  2025-05-30 38.48  2025-06-02 40.15  4.34 
 VST                Vistra Corp   553.47                      Utilities 2025-05-30 160.57 2025-06-02 167.47  4.30 
  MU      Micron Technology Inc  1063.70                 Semiconductors  2025-05-30 94.46  2025-06-02 98.18  3.94 
 SFM Sprouts Farmers Market Inc   172.22                         Retail 2025-05-30 172.86 2025-06-02 179.53  3.86 
 DRS           Leonardo DRS Inc   114.61            Aerospace & Defense   2025-05-30 42.3  2025-06-02 43.92  3.83 
ANET        Arista Networks Inc  1096.42                 Communications  2025-05-30 86.64  2025-06-02 89.78  3.62 
META         Meta Platforms Inc 16484.14                          Media 2025-05-30 647.49  2025-06-02 670.9  3.62 
 AMD Advanced Micro Devices Inc  1833.16                 Semiconductors 2025-05-30 110.73 2025-06-02 114.63  3.52 
RBLX                Roblox Corp   595.47                          Media  2025-05-30 86.98  2025-06-02 89.95  3.41 
MCHP   Microchip Technology Inc   318.57                 Semiconductors  2025-05-30 58.04   2025-06-02 60.0  3.38 
  AR      Antero Resources Corp   118.82                         Energy  2025-05-30 37.45  2025-06-02 38.65  3.20 
CTRA         Coterra Energy Inc   188.60                         Energy  2025-05-30 24.31  2025-06-02 25.08  3.17 

=== 市值超过200亿的涨幅榜前20名股票 ===
股票代码            公司名称             市值(亿)           板块                昨天收盘              今天收盘       涨跌幅(%)
STLD         Steel Dynamics Inc   210.44    Metals & Mining 2025-05-30 123.07 2025-06-02 135.71 10.27 
 NUE                 Nucor Corp   289.80    Metals & Mining 2025-05-30 109.36  2025-06-02 120.4 10.10 
  AU      Anglogold Ashanti PLC   220.60    Metals & Mining  2025-05-30 43.81  2025-06-02 47.42  8.24 
  ZS                Zscaler Inc   441.05         Technology  2025-05-30 275.7 2025-06-02 293.18  6.34 
 NEM        Newmont Corporation   616.82    Metals & Mining  2025-05-30 52.72  2025-06-02 55.58  5.42 
 FCX       Freeport-McMoRan Inc   578.21    Metals & Mining  2025-05-30 38.48  2025-06-02 40.15  4.34 
 VST                Vistra Corp   553.47          Utilities 2025-05-30 160.57 2025-06-02 167.47  4.30 
  MU      Micron Technology Inc  1063.70     Semiconductors  2025-05-30 94.46  2025-06-02 98.18  3.94 
ANET        Arista Networks Inc  1096.42     Communications  2025-05-30 86.64  2025-06-02 89.78  3.62 
META         Meta Platforms Inc 16484.14              Media 2025-05-30 647.49  2025-06-02 670.9  3.62 
 AMD Advanced Micro Devices Inc  1833.16     Semiconductors 2025-05-30 110.73 2025-06-02 114.63  3.52 
RBLX                Roblox Corp   595.47              Media  2025-05-30 86.98  2025-06-02 89.95  3.41 
MCHP   Microchip Technology Inc   318.57     Semiconductors  2025-05-30 58.04   2025-06-02 60.0  3.38 
SMCI   Super Micro Computer Inc   240.97         Technology  2025-05-30 40.02   2025-06-02 41.2  2.95 
TRGP       Targa Resources Corp   346.96             Energy 2025-05-30 157.93 2025-06-02 162.35  2.80 
 EQT                   EQT Corp   334.45             Energy  2025-05-30 55.13  2025-06-02 56.66  2.78 
HOOD      Robinhood Markets Inc   584.24 Financial Services  2025-05-30 66.15  2025-06-02 67.98  2.77 
AVGO               Broadcom Inc 11599.24     Semiconductors 2025-05-30 242.07 2025-06-02 248.71  2.74 
 EXE         Expand Energy Corp   279.48             Energy 2025-05-30 116.13  2025-06-02 119.3  2.73 
 LNG        Cheniere Energy Inc   524.88             Energy 2025-05-30 236.99 2025-06-02 243.23  2.63 

=== 市值超过1000亿的涨跌榜前20名股票 ===
股票代码                 公司名称                  市值(亿)            板块                 昨天收盘               今天收盘        涨跌幅(%)
  MU                Micron Technology Inc  1063.70       Semiconductors   2025-05-30 94.46   2025-06-02 98.18  3.94 
ANET                  Arista Networks Inc  1096.42       Communications   2025-05-30 86.64   2025-06-02 89.78  3.62 
META                   Meta Platforms Inc 16484.14                Media  2025-05-30 647.49   2025-06-02 670.9  3.62 
 AMD           Advanced Micro Devices Inc  1833.16       Semiconductors  2025-05-30 110.73  2025-06-02 114.63  3.52 
AVGO                         Broadcom Inc 11599.24       Semiconductors  2025-05-30 242.07  2025-06-02 248.71  2.74 
 GEV                       GE Vernova Inc  1301.93 Electrical Equipment  2025-05-30 472.98  2025-06-02 485.16  2.58 
 APP                        Applovin Corp  1331.85           Technology   2025-05-30 393.0  2025-06-02 401.91  2.27 
LRCX                    Lam Research Corp  1039.28       Semiconductors   2025-05-30 80.79   2025-06-02 82.48  2.09 
  BA                            Boeing Co  1590.27  Aerospace & Defense  2025-05-30 207.32  2025-06-02 211.47  2.00 
 IBM International Business Machines Corp  2402.03           Technology  2025-05-30 259.06   2025-06-02 263.9  1.87 
NVDA                          NVIDIA Corp 33399.38       Semiconductors  2025-05-30 135.13  2025-06-02 137.38  1.67 
 COP                       ConocoPhillips  1097.22               Energy   2025-05-30 85.35   2025-06-02 86.72  1.61 
COST                Costco Wholesale Corp  4698.16               Retail 2025-05-30 1040.18 2025-06-02 1056.85  1.60 
INTU                           Intuit Inc  2105.25           Technology  2025-05-30 753.47  2025-06-02 764.99  1.53 
 PGR                     Progressive Corp  1660.48            Insurance  2025-05-30 284.93  2025-06-02 288.74  1.34 
CSCO                    Cisco Systems Inc  2497.57       Communications   2025-05-30 63.04   2025-06-02 63.85  1.28 
 COF           Capital One Financial Corp  1207.04   Financial Services  2025-05-30 189.15  2025-06-02 191.46  1.22 
 TJX                    TJX Companies Inc  1412.47               Retail   2025-05-30 126.9  2025-06-02 128.43  1.21 
  PM      Philip Morris International Inc  2818.39              Tobacco  2025-05-30 180.59  2025-06-02 182.75  1.20 
MELI                     MercadoLibre Inc  1299.99               Retail 2025-05-30 2563.29 2025-06-02 2593.44  1.18 
