
=== 涨幅榜前20名股票 ===
 股票代码                公司名称               市值(亿)               板块                    昨天收盘             今天收盘       涨跌幅(%)
 MLGO                     MicroAlgo Inc  0.11                    Technology  2025-02-20 1.15  2025-02-21 6.36 453.04
SLNAF            Selina Hospitality PLC  0.00 Hotels, Restaurants & Leisure   2025-02-20 0.0   2025-02-21 0.0 100.00
 BOXL                     Boxlight Corp  0.04                    Technology  2025-02-20 2.05   2025-02-21 3.1  51.22
 GDEV                          GDEV Inc  3.48                         Media 2025-02-20 14.26  2025-02-21 20.9  46.56
 IVVD                       Invivyd Inc  2.09                 Biotechnology  2025-02-20 1.21  2025-02-21 1.77  46.28
  UPC      Universe Pharmaceuticals Inc  0.02               Pharmaceuticals  2025-02-20 0.14   2025-02-21 0.2  40.84
NCNCF                     noco-noco Inc  0.00          Electrical Equipment   2025-02-20 0.0   2025-02-21 0.0  40.00
 HOLO           MicroCloud Hologram Inc  0.32                    Technology  2025-02-20 1.19  2025-02-21 1.57  31.93
 ORGS                     Orgenesis Inc  0.08                 Biotechnology  2025-02-20 1.66  2025-02-21 2.15  29.52
 TXMD                TherapeuticsMD Inc  0.16               Pharmaceuticals  2025-02-20 1.01   2025-02-21 1.3  28.71
 CELH              Celsius Holdings Inc 77.97                     Beverages 2025-02-20 25.53 2025-02-21 32.62  27.77
 NKGN                 NKGen Biotech Inc  0.26                 Biotechnology  2025-02-20 0.45  2025-02-21 0.57  27.12
 VICR                        Vicor Corp 28.84          Electrical Equipment 2025-02-20 51.86 2025-02-21 63.67  22.77
  SEI Solaris Energy Infrastructure Inc 25.25                        Energy 2025-02-20 29.34 2025-02-21 35.96  22.56
  EAF        GrafTech International Ltd  2.74          Electrical Equipment  2025-02-20 1.02  2025-02-21 1.25  22.55
 ZBAO             Zhibao Technology Inc  0.45                     Insurance  2025-02-20 1.28  2025-02-21 1.56  21.87
 SLRN                      ACELYRIN Inc  2.52                 Biotechnology  2025-02-20 2.17   2025-02-21 2.6  19.82
 ABVC                ABVC Biopharma Inc  0.09                 Biotechnology  2025-02-20 0.58   2025-02-21 0.7  19.59
 AVTX            Avalo Therapeutics Inc  0.84                 Biotechnology  2025-02-20 7.16  2025-02-21 8.44  17.88
 CAPT                   Captivision Inc  0.17                      Building  2025-02-20 0.48  2025-02-21 0.56  17.54

=== 市值超过20亿的涨幅榜前20名股票 ===
 股票代码                公司名称                 市值(亿)           板块                 昨天收盘               今天收盘       涨跌幅(%)
 CELH               Celsius Holdings Inc   77.97            Beverages   2025-02-20 25.53  2025-02-21 32.62 27.77 
 VICR                         Vicor Corp   28.84 Electrical Equipment   2025-02-20 51.86  2025-02-21 63.67 22.77 
  SEI  Solaris Energy Infrastructure Inc   25.25               Energy   2025-02-20 29.34  2025-02-21 35.96 22.56 
 VKTX            Viking Therapeutics Inc   38.91        Biotechnology   2025-02-20 31.63  2025-02-21 34.07  7.71 
 MELI                   MercadoLibre Inc 1162.51               Retail 2025-02-20 2110.47 2025-02-21 2260.0  7.09 
LBRDB             Liberty Broadband Corp  116.43                Media   2025-02-20 74.93   2025-02-21 80.0  6.77 
 OLED             Universal Display Corp   72.66       Semiconductors  2025-02-20 147.34  2025-02-21 157.3  6.76 
 AXSM            Axsome Therapeutics Inc   67.31      Pharmaceuticals   2025-02-20 129.1 2025-02-21 137.75  6.70 
  AGM Federal Agricultural Mortgage Corp   22.13   Financial Services  2025-02-20 195.67 2025-02-21 208.09  6.35 
 IRTC           iRhythm Technologies Inc   37.64          Health Care  2025-02-20 112.67 2025-02-21 119.44  6.01 
  ELF                     elf Beauty Inc   42.35    Consumer products   2025-02-20 71.11  2025-02-21 74.92  5.36 
 MRNA                        Moderna Inc  128.72        Biotechnology   2025-02-20 33.73  2025-02-21 35.53  5.34 
  YOU                   Clear Secure Inc   33.46           Technology   2025-02-20 22.39  2025-02-21 23.55  5.18 
 EXEL                       Exelixis Inc  101.97        Biotechnology   2025-02-20 35.09  2025-02-21 36.85  5.02 
 ALVO                        Alvotech SA   37.14        Biotechnology    2025-02-20 11.7  2025-02-21 12.28  4.96 
BABAF          Alibaba Group Holding Ltd 2954.34               Retail   2025-02-20 17.15   2025-02-21 18.0  4.96 
   MP                  MP Materials Corp   39.15      Metals & Mining   2025-02-20 23.18   2025-02-21 24.3  4.83 
 APLD               Applied Digital Corp   24.93           Technology   2025-02-20 10.18  2025-02-21 10.65  4.62 
 JJSF             J & J Snack Foods Corp   24.90        Food Products  2025-02-20 123.96 2025-02-21 129.29  4.30 
 KVUE                         Kenvue Inc  445.76    Consumer products   2025-02-20 22.39  2025-02-21 23.32  4.15 

=== 市值超过50亿的涨幅榜前20名股票 ===
 股票代码               公司名称               市值(亿)          板块                昨天收盘               今天收盘       涨跌幅(%)
 CELH            Celsius Holdings Inc   77.97          Beverages   2025-02-20 25.53  2025-02-21 32.62 27.77 
 MELI                MercadoLibre Inc 1162.51             Retail 2025-02-20 2110.47 2025-02-21 2260.0  7.09 
LBRDB          Liberty Broadband Corp  116.43              Media   2025-02-20 74.93   2025-02-21 80.0  6.77 
 OLED          Universal Display Corp   72.66     Semiconductors  2025-02-20 147.34  2025-02-21 157.3  6.76 
 AXSM         Axsome Therapeutics Inc   67.31    Pharmaceuticals   2025-02-20 129.1 2025-02-21 137.75  6.70 
 MRNA                     Moderna Inc  128.72      Biotechnology   2025-02-20 33.73  2025-02-21 35.53  5.34 
 EXEL                    Exelixis Inc  101.97      Biotechnology   2025-02-20 35.09  2025-02-21 36.85  5.02 
BABAF       Alibaba Group Holding Ltd 2954.34             Retail   2025-02-20 17.15   2025-02-21 18.0  4.96 
 KVUE                      Kenvue Inc  445.76  Consumer products   2025-02-20 22.39  2025-02-21 23.32  4.15 
  RKT            Rocket Companies Inc  252.73 Financial Services   2025-02-20 12.73  2025-02-21 13.25  4.08 
  HSY                      Hershey Co  349.55      Food Products   2025-02-20 166.1 2025-02-21 172.86  4.07 
 MDLZ      Mondelez International Inc  828.05      Food Products   2025-02-20 62.17  2025-02-21 64.67  4.02 
 NBIX      Neurocrine Biosciences Inc  120.09      Biotechnology  2025-02-20 116.11 2025-02-21 120.69  3.94 
  CAG              Conagra Brands Inc  122.05      Food Products   2025-02-20 24.84  2025-02-21 25.79  3.82 
  ADM       Archer-Daniels-Midland Co  229.72      Food Products   2025-02-20 46.55  2025-02-21 48.19  3.52 
 MNST           Monster Beverage Corp  513.88          Beverages   2025-02-20 51.21   2025-02-21 53.0  3.50 
  FNF Fidelity National Financial Inc  163.86          Insurance   2025-02-20 57.57  2025-02-21 59.46  3.28 
  KHC                  Kraft Heinz Co  368.71      Food Products   2025-02-20 30.16  2025-02-21 31.13  3.22 
  CPB                   Campbell's Co  122.22      Food Products   2025-02-20 39.34  2025-02-21 40.59  3.18 
  GIS               General Mills Inc  333.00      Food Products   2025-02-20 59.19   2025-02-21 61.0  3.06 

=== 市值超过100亿的涨幅榜前20名股票 ===
 股票代码               公司名称               市值(亿)          板块                昨天收盘               今天收盘       涨跌幅(%)
 MELI                MercadoLibre Inc 1162.51             Retail 2025-02-20 2110.47 2025-02-21 2260.0  7.09 
LBRDB          Liberty Broadband Corp  116.43              Media   2025-02-20 74.93   2025-02-21 80.0  6.77 
 MRNA                     Moderna Inc  128.72      Biotechnology   2025-02-20 33.73  2025-02-21 35.53  5.34 
 EXEL                    Exelixis Inc  101.97      Biotechnology   2025-02-20 35.09  2025-02-21 36.85  5.02 
BABAF       Alibaba Group Holding Ltd 2954.34             Retail   2025-02-20 17.15   2025-02-21 18.0  4.96 
 KVUE                      Kenvue Inc  445.76  Consumer products   2025-02-20 22.39  2025-02-21 23.32  4.15 
  RKT            Rocket Companies Inc  252.73 Financial Services   2025-02-20 12.73  2025-02-21 13.25  4.08 
  HSY                      Hershey Co  349.55      Food Products   2025-02-20 166.1 2025-02-21 172.86  4.07 
 MDLZ      Mondelez International Inc  828.05      Food Products   2025-02-20 62.17  2025-02-21 64.67  4.02 
 NBIX      Neurocrine Biosciences Inc  120.09      Biotechnology  2025-02-20 116.11 2025-02-21 120.69  3.94 
  CAG              Conagra Brands Inc  122.05      Food Products   2025-02-20 24.84  2025-02-21 25.79  3.82 
  ADM       Archer-Daniels-Midland Co  229.72      Food Products   2025-02-20 46.55  2025-02-21 48.19  3.52 
 MNST           Monster Beverage Corp  513.88          Beverages   2025-02-20 51.21   2025-02-21 53.0  3.50 
  FNF Fidelity National Financial Inc  163.86          Insurance   2025-02-20 57.57  2025-02-21 59.46  3.28 
  KHC                  Kraft Heinz Co  368.71      Food Products   2025-02-20 30.16  2025-02-21 31.13  3.22 
  CPB                   Campbell's Co  122.22      Food Products   2025-02-20 39.34  2025-02-21 40.59  3.18 
  GIS               General Mills Inc  333.00      Food Products   2025-02-20 59.19   2025-02-21 61.0  3.06 
  PEP                     PepsiCo Inc 2084.20          Beverages   2025-02-20 149.1  2025-02-21 153.5  2.95 
  SYY                      Sysco Corp  355.38             Retail   2025-02-20 71.22  2025-02-21 73.22  2.81 
  HRL               Hormel Foods Corp  160.28      Food Products   2025-02-20 28.85  2025-02-21 29.65  2.77 

=== 市值超过200亿的涨幅榜前20名股票 ===
 股票代码            公司名称             市值(亿)           板块                昨天收盘               今天收盘       涨跌幅(%)
 MELI           MercadoLibre Inc 1162.51              Retail 2025-02-20 2110.47 2025-02-21 2260.0  7.09 
BABAF  Alibaba Group Holding Ltd 2954.34              Retail   2025-02-20 17.15   2025-02-21 18.0  4.96 
 KVUE                 Kenvue Inc  445.76   Consumer products   2025-02-20 22.39  2025-02-21 23.32  4.15 
  RKT       Rocket Companies Inc  252.73  Financial Services   2025-02-20 12.73  2025-02-21 13.25  4.08 
  HSY                 Hershey Co  349.55       Food Products   2025-02-20 166.1 2025-02-21 172.86  4.07 
 MDLZ Mondelez International Inc  828.05       Food Products   2025-02-20 62.17  2025-02-21 64.67  4.02 
  ADM  Archer-Daniels-Midland Co  229.72       Food Products   2025-02-20 46.55  2025-02-21 48.19  3.52 
 MNST      Monster Beverage Corp  513.88           Beverages   2025-02-20 51.21   2025-02-21 53.0  3.50 
  KHC             Kraft Heinz Co  368.71       Food Products   2025-02-20 30.16  2025-02-21 31.13  3.22 
  GIS          General Mills Inc  333.00       Food Products   2025-02-20 59.19   2025-02-21 61.0  3.06 
  PEP                PepsiCo Inc 2084.20           Beverages   2025-02-20 149.1  2025-02-21 153.5  2.95 
  SYY                 Sysco Corp  355.38              Retail   2025-02-20 71.22  2025-02-21 73.22  2.81 
  KDP       Keurig Dr Pepper Inc  457.19           Beverages   2025-02-20 33.14  2025-02-21 34.04  2.72 
   ED    Consolidated Edison Inc  340.33           Utilities   2025-02-20 95.76  2025-02-21 98.26  2.61 
 BIIB                 Biogen Inc  205.32       Biotechnology  2025-02-20 137.08 2025-02-21 140.64  2.60 
LRLCF                 L'Oreal SA 1795.30   Consumer products  2025-02-20 350.65 2025-02-21 359.54  2.54 
  TSN            Tyson Foods Inc  209.24       Food Products   2025-02-20 59.11  2025-02-21 60.45  2.27 
  MDT              Medtronic PLC 1154.63         Health Care   2025-02-20 87.94  2025-02-21 89.94  2.27 
  NOC      Northrop Grumman Corp  647.09 Aerospace & Defense  2025-02-20 438.11 2025-02-21 447.96  2.25 
   FE           FirstEnergy Corp  241.07           Utilities   2025-02-20 41.38  2025-02-21 42.29  2.20 

=== 市值超过1000亿的涨跌榜前20名股票 ===
 股票代码               公司名称               市值(亿)                板块                      昨天收盘               今天收盘       涨跌幅(%)
 MELI                MercadoLibre Inc 1162.51                         Retail 2025-02-20 2110.47 2025-02-21 2260.0  7.09 
BABAF       Alibaba Group Holding Ltd 2954.34                         Retail   2025-02-20 17.15   2025-02-21 18.0  4.96 
  PEP                     PepsiCo Inc 2084.20                      Beverages   2025-02-20 149.1  2025-02-21 153.5  2.95 
LRLCF                      L'Oreal SA 1795.30              Consumer products  2025-02-20 350.65 2025-02-21 359.54  2.54 
  MDT                   Medtronic PLC 1154.63                    Health Care   2025-02-20 87.94  2025-02-21 89.94  2.27 
  MRK                  Merck & Co Inc 2252.89                Pharmaceuticals   2025-02-20 87.68   2025-02-21 89.5  2.08 
  NEE              Nextera Energy Inc 1454.50                      Utilities   2025-02-20 70.14  2025-02-21 71.58  2.05 
   PM Philip Morris International Inc 2393.08                        Tobacco  2025-02-20 151.57  2025-02-21 154.4  1.87 
   KO                    Coca-Cola Co 3068.66                      Beverages   2025-02-20 70.04  2025-02-21 71.35  1.87 
   PG             Procter & Gamble Co 3938.41              Consumer products  2025-02-20 167.21 2025-02-21 170.23  1.81 
    T                        AT&T Inc 1904.73              Telecommunication   2025-02-20 26.15  2025-02-21 26.62  1.80 
 AMGN                       Amgen Inc 1617.52                  Biotechnology  2025-02-20 297.93 2025-02-21 303.01  1.71 
  JNJ               Johnson & Johnson 3897.57                Pharmaceuticals  2025-02-20 159.68  2025-02-21 162.3  1.64 
  PFE                      Pfizer Inc 1490.99                Pharmaceuticals    2025-02-20 25.9   2025-02-21 26.3  1.54 
  ABT             Abbott Laboratories 2340.13                    Health Care  2025-02-20 133.17 2025-02-21 134.92  1.31 
ESLOF             EssilorLuxottica SA 1334.69                    Health Care  2025-02-20 306.32  2025-02-21 310.0  1.20 
  DHR                    Danaher Corp 1531.66 Life Sciences Tools & Services  2025-02-20 207.95 2025-02-21 210.23  1.10 
  LMT            Lockheed Martin Corp 1041.46            Aerospace & Defense  2025-02-20 436.29 2025-02-21 440.72  1.02 
 VRTX      Vertex Pharmaceuticals Inc 1246.71                  Biotechnology  2025-02-20 480.33 2025-02-21 484.24  0.81 
   VZ      Verizon Communications Inc 1806.81              Telecommunication   2025-02-20 42.49  2025-02-21 42.76  0.64 
