
=== 涨幅榜前20名股票 ===
股票代码               公司名称               市值(亿)                板块                    昨天收盘             今天收盘       涨跌幅(%)
BYND                  Beyond Meat Inc   0.50                 Food Products  2025-10-20 1.47  2025-10-21 3.62 146.26
NERV        Minerva Neurosciences Inc   0.19                 Biotechnology  2025-10-20 2.66  2025-10-21 6.41 140.98
AIRE                reAlpha Tech Corp   0.41                    Technology  2025-10-20 0.45  2025-10-21 0.73  61.33
 MSN               Emerson Radio Corp   0.10             Consumer products  2025-10-20 0.48  2025-10-21 0.76  59.31
YDKG            Yueda Digital Holding   2.76                         Media  2025-10-20 0.04  2025-10-21 0.06  41.75
RANI   Rani Therapeutics Holdings Inc   1.62               Pharmaceuticals  2025-10-20 2.25  2025-10-21 2.85  26.67
BYSI                 Beyondspring Inc   0.70                 Biotechnology  2025-10-20 1.74   2025-10-21 2.2  26.44
IOBT                   IO Biotech Inc   0.54                 Biotechnology  2025-10-20 0.82  2025-10-21 1.02  24.39
 MEC Mayville Engineering Company Inc   2.64                     Machinery 2025-10-20 13.01 2025-10-21 15.72  20.83
FBYD       Falcon's Beyond Global Inc  11.45         Professional Services  2025-10-20 9.46 2025-10-21 11.39  20.40
ACRS         Aclaris Therapeutics Inc   2.18               Pharmaceuticals  2025-10-20 2.01  2025-10-21 2.38  18.41
GIPR Generation Income Properties Inc   0.08                   Real Estate  2025-10-20 1.42  2025-10-21 1.68  18.31
 FUN     Six Flags Entertainment Corp  22.05 Hotels, Restaurants & Leisure 2025-10-20 21.77 2025-10-21 25.63  17.73
HTCR        HeartCore Enterprises Inc   0.16                    Technology  2025-10-20 0.71  2025-10-21 0.83  17.56
ATHA                Athira Pharma Inc   0.14               Pharmaceuticals  2025-10-20 3.67  2025-10-21 4.26  16.08
  GM                General Motors Co 552.21                   Automobiles  2025-10-20 58.0 2025-10-21 66.62  14.86
PLRX          Pliant Therapeutics Inc   1.01               Pharmaceuticals  2025-10-20 1.64  2025-10-21 1.87  14.02
DNUT                 Krispy Kreme Inc   5.58 Hotels, Restaurants & Leisure  2025-10-20 3.26  2025-10-21 3.71  13.80
 SNT        Senstar Technologies Corp   1.03          Electrical Equipment  2025-10-20 4.42  2025-10-21 5.03  13.80
NUVB                 Nuvation Bio Inc  12.70               Pharmaceuticals   2025-10-20 3.7  2025-10-21 4.21  13.78

=== 市值超过20亿的涨幅榜前20名股票 ===
股票代码               公司名称                市值(亿)                 板块                       昨天收盘              今天收盘       涨跌幅(%)
 FUN     Six Flags Entertainment Corp   22.05    Hotels, Restaurants & Leisure  2025-10-20 21.77  2025-10-21 25.63 17.73 
  GM                General Motors Co  552.21                      Automobiles   2025-10-20 58.0  2025-10-21 66.62 14.86 
VICR                       Vicor Corp   26.07             Electrical Equipment  2025-10-20 58.04   2025-10-21 65.8 13.37 
 HAL                   Halliburton Co  192.86                           Energy  2025-10-20 22.62  2025-10-21 25.24 11.58 
PRAX   Praxis Precision Medicines Inc   37.06                    Biotechnology 2025-10-20 175.07 2025-10-21 190.02  8.54 
OSCR                 Oscar Health Inc   52.18                        Insurance  2025-10-20 20.18  2025-10-21 21.77  7.88 
  IT                      Gartner Inc  181.37                       Technology 2025-10-20 239.48 2025-10-21 258.17  7.80 
 RTX                         RTX Corp 2151.17              Aerospace & Defense 2025-10-20 160.71 2025-10-21 173.04  7.67 
 MMM                            3M Co  824.40         Industrial Conglomerates 2025-10-20 154.78 2025-10-21 166.64  7.66 
EPAM                 Epam Systems Inc   80.76                       Technology  2025-10-20 145.0 2025-10-21 155.08  6.95 
 VFC                          VF Corp   56.37 Textiles, Apparel & Luxury Goods  2025-10-20 14.43  2025-10-21 15.28  5.89 
BTSG Brightspring Health Services Inc   53.98                      Health Care  2025-10-20 30.47  2025-10-21 32.25  5.84 
GLOB                       Globant SA   25.59                       Technology   2025-10-20 58.1  2025-10-21 61.28  5.47 
FRPT                     Freshpet Inc   25.23                    Food Products  2025-10-20 51.72  2025-10-21 54.55  5.47 
CVNA                       Carvana Co  726.53                           Retail  2025-10-20 337.6 2025-10-21 355.87  5.41 
PTON          Peloton Interactive Inc   30.46                 Leisure Products   2025-10-20 7.47   2025-10-21 7.86  5.22 
LULU          Lululemon Athletica Inc  213.30 Textiles, Apparel & Luxury Goods 2025-10-20 172.43 2025-10-21 181.39  5.20 
STLD               Steel Dynamics Inc  215.33                  Metals & Mining 2025-10-20 146.28 2025-10-21 153.82  5.15 
GTLB                       GitLab Inc   78.55                       Technology   2025-10-20 47.1  2025-10-21 49.51  5.12 
CAVA                   CAVA Group Inc   72.23    Hotels, Restaurants & Leisure  2025-10-20 62.29  2025-10-21 65.47  5.11 

=== 市值超过50亿的涨幅榜前20名股票 ===
股票代码                    公司名称                    市值(亿)                 板块                       昨天收盘              今天收盘       涨跌幅(%)
  GM                         General Motors Co  552.21                      Automobiles   2025-10-20 58.0  2025-10-21 66.62 14.86 
 HAL                            Halliburton Co  192.86                           Energy  2025-10-20 22.62  2025-10-21 25.24 11.58 
OSCR                          Oscar Health Inc   52.18                        Insurance  2025-10-20 20.18  2025-10-21 21.77  7.88 
  IT                               Gartner Inc  181.37                       Technology 2025-10-20 239.48 2025-10-21 258.17  7.80 
 RTX                                  RTX Corp 2151.17              Aerospace & Defense 2025-10-20 160.71 2025-10-21 173.04  7.67 
 MMM                                     3M Co  824.40         Industrial Conglomerates 2025-10-20 154.78 2025-10-21 166.64  7.66 
EPAM                          Epam Systems Inc   80.76                       Technology  2025-10-20 145.0 2025-10-21 155.08  6.95 
 VFC                                   VF Corp   56.37 Textiles, Apparel & Luxury Goods  2025-10-20 14.43  2025-10-21 15.28  5.89 
BTSG          Brightspring Health Services Inc   53.98                      Health Care  2025-10-20 30.47  2025-10-21 32.25  5.84 
CVNA                                Carvana Co  726.53                           Retail  2025-10-20 337.6 2025-10-21 355.87  5.41 
LULU                   Lululemon Athletica Inc  213.30 Textiles, Apparel & Luxury Goods 2025-10-20 172.43 2025-10-21 181.39  5.20 
STLD                        Steel Dynamics Inc  215.33                  Metals & Mining 2025-10-20 146.28 2025-10-21 153.82  5.15 
GTLB                                GitLab Inc   78.55                       Technology   2025-10-20 47.1  2025-10-21 49.51  5.12 
CAVA                            CAVA Group Inc   72.23    Hotels, Restaurants & Leisure  2025-10-20 62.29  2025-10-21 65.47  5.11 
   F                             Ford Motor Co  477.19                      Automobiles  2025-10-20 11.99  2025-10-21 12.56  4.75 
 LRN                                Stride Inc   63.52    Diversified Consumer Services 2025-10-20 145.59 2025-10-21 152.33  4.63 
 RCL               Royal Caribbean Cruises Ltd  822.60    Hotels, Restaurants & Leisure 2025-10-20 302.84 2025-10-21 316.78  4.60 
KTOS Kratos Defense and Security Solutions Inc  146.26              Aerospace & Defense  2025-10-20 86.65  2025-10-21 90.62  4.58 
STEP                       StepStone Group Inc   71.93               Financial Services  2025-10-20 60.93  2025-10-21 63.49  4.20 
PEGA                           Pegasystems Inc   93.74                       Technology  2025-10-20 54.79  2025-10-21 57.05  4.12 

=== 市值超过100亿的涨幅榜前20名股票 ===
股票代码                    公司名称                    市值(亿)                 板块                       昨天收盘              今天收盘       涨跌幅(%)
  GM                         General Motors Co  552.21                      Automobiles   2025-10-20 58.0  2025-10-21 66.62 14.86 
 HAL                            Halliburton Co  192.86                           Energy  2025-10-20 22.62  2025-10-21 25.24 11.58 
  IT                               Gartner Inc  181.37                       Technology 2025-10-20 239.48 2025-10-21 258.17  7.80 
 RTX                                  RTX Corp 2151.17              Aerospace & Defense 2025-10-20 160.71 2025-10-21 173.04  7.67 
 MMM                                     3M Co  824.40         Industrial Conglomerates 2025-10-20 154.78 2025-10-21 166.64  7.66 
CVNA                                Carvana Co  726.53                           Retail  2025-10-20 337.6 2025-10-21 355.87  5.41 
LULU                   Lululemon Athletica Inc  213.30 Textiles, Apparel & Luxury Goods 2025-10-20 172.43 2025-10-21 181.39  5.20 
STLD                        Steel Dynamics Inc  215.33                  Metals & Mining 2025-10-20 146.28 2025-10-21 153.82  5.15 
   F                             Ford Motor Co  477.19                      Automobiles  2025-10-20 11.99  2025-10-21 12.56  4.75 
 RCL               Royal Caribbean Cruises Ltd  822.60    Hotels, Restaurants & Leisure 2025-10-20 302.84 2025-10-21 316.78  4.60 
KTOS Kratos Defense and Security Solutions Inc  146.26              Aerospace & Defense  2025-10-20 86.65  2025-10-21 90.62  4.58 
 MLI                    Mueller Industries Inc  111.00                        Machinery 2025-10-20 100.27 2025-10-21 104.38  4.10 
  KO                              Coca-Cola Co 2945.43                        Beverages  2025-10-20 68.44  2025-10-21 71.22  4.06 
 HUM                                Humana Inc  341.57                      Health Care  2025-10-20 284.0  2025-10-21 295.2  3.94 
 CCL                             Carnival Corp  374.64    Hotels, Restaurants & Leisure  2025-10-20 28.86  2025-10-21 29.97  3.85 
CARR                       Carrier Global Corp  490.78                         Building  2025-10-20 57.67  2025-10-21 59.82  3.73 
EXPE                         Expedia Group Inc  270.01    Hotels, Restaurants & Leisure 2025-10-20 218.25 2025-10-21 226.14  3.62 
AVAV                         AeroVironment Inc  181.77              Aerospace & Defense 2025-10-20 364.04 2025-10-21 377.18  3.61 
 CRM                            Salesforce Inc 2420.75                       Technology 2025-10-20 254.28 2025-10-21 263.41  3.59 
   Z                          Zillow Group Inc  167.28                      Real Estate  2025-10-20 74.66  2025-10-21 77.33  3.58 

=== 市值超过200亿的涨幅榜前20名股票 ===
股票代码             公司名称             市值(亿)                 板块                       昨天收盘              今天收盘       涨跌幅(%)
  GM           General Motors Co  552.21                      Automobiles   2025-10-20 58.0  2025-10-21 66.62 14.86 
 RTX                    RTX Corp 2151.17              Aerospace & Defense 2025-10-20 160.71 2025-10-21 173.04  7.67 
 MMM                       3M Co  824.40         Industrial Conglomerates 2025-10-20 154.78 2025-10-21 166.64  7.66 
CVNA                  Carvana Co  726.53                           Retail  2025-10-20 337.6 2025-10-21 355.87  5.41 
LULU     Lululemon Athletica Inc  213.30 Textiles, Apparel & Luxury Goods 2025-10-20 172.43 2025-10-21 181.39  5.20 
STLD          Steel Dynamics Inc  215.33                  Metals & Mining 2025-10-20 146.28 2025-10-21 153.82  5.15 
   F               Ford Motor Co  477.19                      Automobiles  2025-10-20 11.99  2025-10-21 12.56  4.75 
 RCL Royal Caribbean Cruises Ltd  822.60    Hotels, Restaurants & Leisure 2025-10-20 302.84 2025-10-21 316.78  4.60 
  KO                Coca-Cola Co 2945.43                        Beverages  2025-10-20 68.44  2025-10-21 71.22  4.06 
 HUM                  Humana Inc  341.57                      Health Care  2025-10-20 284.0  2025-10-21 295.2  3.94 
 CCL               Carnival Corp  374.64    Hotels, Restaurants & Leisure  2025-10-20 28.86  2025-10-21 29.97  3.85 
CARR         Carrier Global Corp  490.78                         Building  2025-10-20 57.67  2025-10-21 59.82  3.73 
EXPE           Expedia Group Inc  270.01    Hotels, Restaurants & Leisure 2025-10-20 218.25 2025-10-21 226.14  3.62 
 CRM              Salesforce Inc 2420.75                       Technology 2025-10-20 254.28 2025-10-21 263.41  3.59 
AXON         Axon Enterprise Inc  536.29              Aerospace & Defense 2025-10-20 683.13 2025-10-21 707.04  3.50 
  VG          Venture Global Inc  225.56                           Energy   2025-10-20 9.29   2025-10-21 9.61  3.44 
AFRM         Affirm Holdings Inc  234.73               Financial Services  2025-10-20 72.08  2025-10-21 74.49  3.34 
 DHI               DR Horton Inc  458.39                Consumer products 2025-10-20 153.76 2025-10-21 158.63  3.17 
 TGT                 Target Corp  415.91                           Retail  2025-10-20 91.53   2025-10-21 94.4  3.14 
 IQV          IQVIA Holdings Inc  360.49   Life Sciences Tools & Services 2025-10-20 212.05 2025-10-21 218.67  3.12 

=== 市值超过1000亿的涨跌榜前20名股票 ===
 股票代码             公司名称             市值(亿)             板块                   昨天收盘              今天收盘       涨跌幅(%)
  RTX                    RTX Corp 2151.17      Aerospace & Defense 2025-10-20 160.71 2025-10-21 173.04  7.67 
   KO                Coca-Cola Co 2945.43                Beverages  2025-10-20 68.44  2025-10-21 71.22  4.06 
  CRM              Salesforce Inc 2420.75               Technology 2025-10-20 254.28 2025-10-21 263.41  3.59 
  KKR                KKR & Co Inc 1070.12       Financial Services 2025-10-20 120.11 2025-10-21 123.68  2.97 
  DIS              Walt Disney Co 2012.97                    Media 2025-10-20 111.96  2025-10-21 114.3  2.09 
 SPOT       Spotify Technology SA 1369.42                    Media 2025-10-20 675.53 2025-10-21 689.21  2.03 
  HON Honeywell International Inc 1308.08 Industrial Conglomerates 2025-10-20 206.03 2025-10-21 209.08  1.48 
CMCSA                Comcast Corp 1091.79                    Media  2025-10-20 29.57  2025-10-21 29.97  1.35 
   GE         General Electric Co 3209.74      Aerospace & Defense 2025-10-20 302.68 2025-10-21 306.63  1.31 
 QCOM                Qualcomm Inc 1802.36           Semiconductors 2025-10-20 167.04 2025-10-21 168.83  1.07 
  COF  Capital One Financial Corp 1374.13       Financial Services 2025-10-20 214.87 2025-10-21 217.05  1.01 
   MA              Mastercard Inc 5119.96       Financial Services 2025-10-20 566.36 2025-10-21 572.03  1.00 
 ISRG      Intuitive Surgical Inc 1643.51              Health Care 2025-10-20 458.47 2025-10-21 462.74  0.93 
    V                    Visa Inc 6635.41       Financial Services 2025-10-20 344.41 2025-10-21 347.21  0.81 
  TXN       Texas Instruments Inc 1632.67           Semiconductors 2025-10-20 179.59 2025-10-21 180.84  0.70 
 LRCX           Lam Research Corp 1816.52           Semiconductors 2025-10-20 144.05 2025-10-21 145.04  0.69 
  CVS             CVS Health Corp 1046.12              Health Care  2025-10-20 82.48  2025-10-21 83.04  0.68 
   BX              Blackstone Inc 1970.49       Financial Services 2025-10-20 160.44 2025-10-21 161.43  0.62 
   HD              Home Depot Inc 3870.96                   Retail 2025-10-20 388.89  2025-10-21 390.9  0.52 
  TJX           TJX Companies Inc 1595.18                   Retail 2025-10-20 143.33 2025-10-21 143.91  0.40 
