
=== 涨幅榜前20名股票 ===
股票代码                     公司名称                    市值(亿)               板块                     昨天收盘             今天收盘       涨跌幅(%)
VEEE Twin Vee PowerCats Co (Pre-Reincorporation)  0.03               Leisure Products  2026-07-10 4.82 2026-07-13 24.86 415.77
SOBR                               Sobr Safe Inc  0.01           Electrical Equipment  2026-07-10 0.43   2026-07-13 1.2 176.50
QTTB                                 Q32 Bio Inc  2.65                  Biotechnology 2026-07-10 11.21 2026-07-13 21.38  90.72
AGEN                                  Agenus Inc  1.40                  Biotechnology  2026-07-10 3.35  2026-07-13 6.12  82.69
FTRK                    Fast Track Entertainment  0.09                          Media   2026-07-10 0.4  2026-07-13 0.59  49.02
MIMI                      Mint Incorporation Ltd  0.06 Commercial Services & Supplies  2026-07-10 2.15  2026-07-13 2.96  37.67
SLMT                          Brera Holdings PLC  0.52                          Media  2026-07-10 4.89  2026-07-13 6.63  35.58
EHGO                                Eshallgo Inc  0.05 Commercial Services & Supplies  2026-07-10 1.64  2026-07-13 2.12  29.27
SKYQ                              Sky Quarry Inc  0.15                         Energy  2026-07-10 3.18  2026-07-13 3.99  25.47
SRXH                    Srx Health Solutions Inc  0.22                         Retail   2026-07-10 2.2  2026-07-13 2.74  24.55
ACTU                    Actuate Therapeutics Inc  0.29                  Biotechnology  2026-07-10 1.21   2026-07-13 1.5  23.97
LGPS                             LogProstyle Inc  0.20                    Real Estate  2026-07-10 0.83  2026-07-13 1.03  23.95
 ALP                          Alpha Compute Corp  0.06                  Biotechnology  2026-07-10 0.24  2026-07-13 0.29  21.72
APCX                       AppTech Payments Corp  0.08             Financial Services   2026-07-10 0.2  2026-07-13 0.24  21.21
UBXG                         U-BX Technology Ltd  0.11                     Technology  2026-07-10 5.25   2026-07-13 6.3  20.00
AIIO                                 Robo.ai Inc  0.65                    Automobiles  2026-07-10 3.34   2026-07-13 4.0  19.94
BATL                          Battalion Oil Corp  0.35                         Energy  2026-07-10 1.58  2026-07-13 1.89  19.62
TMDE                              TMD Energy Ltd  0.19                         Energy  2026-07-10 0.81  2026-07-13 0.96  18.00
 BRR                        ProCap Financial Inc  1.32             Financial Services  2026-07-10 1.46  2026-07-13 1.72  17.81
VIVK                                 Vivakor Inc  0.02                         Energy  2026-07-10 0.26  2026-07-13 0.31  17.00

=== 市值超过20亿的涨幅榜前20名股票 ===
 股票代码             公司名称             市值(亿)                板块                     昨天收盘              今天收盘       涨跌幅(%)
  FIG                    Figma Inc 111.54                    Technology  2026-07-10 21.11  2026-07-13 23.65 12.03 
  NOG     Northern Oil and Gas Inc  20.15                        Energy  2026-07-10 18.52  2026-07-13 20.36  9.94 
LBTYB           Liberty Global Ltd  35.46             Telecommunication  2026-07-10 11.65   2026-07-13 12.8  9.87 
  RHI              Robert Half Inc  33.14         Professional Services   2026-07-10 32.4  2026-07-13 35.59  9.85 
   VG           Venture Global Inc 300.98                        Energy  2026-07-10 12.24  2026-07-13 13.36  9.15 
 TEAM               Atlassian Corp 225.50                    Technology  2026-07-10 88.86  2026-07-13 96.16  8.22 
  CVI               CVR Energy Inc  31.13                        Energy  2026-07-10 30.97  2026-07-13 33.46  8.04 
  PBF               PBF Energy Inc  62.92                        Energy  2026-07-10 53.18  2026-07-13 57.44  8.01 
 PARR     Par Pacific Holdings Inc  32.98                        Energy  2026-07-10 65.78  2026-07-13 70.92  7.81 
   SM                 SM Energy Co  66.67                        Energy  2026-07-10 27.81  2026-07-13 29.89  7.48 
  CBZ                     CBIZ Inc  20.27         Professional Services  2026-07-10 37.79  2026-07-13 40.47  7.09 
  FDS Factset Research Systems Inc  87.89            Financial Services 2026-07-10 247.11 2026-07-13 263.11  6.47 
 TMDX        Transmedics Group Inc  24.62                   Health Care  2026-07-10 71.23  2026-07-13 75.74  6.33 
VLOUF                 Vallourec SA  55.57                        Energy  2026-07-10 23.13  2026-07-13 24.59  6.31 
 SHAK              Shake Shack Inc  25.07 Hotels, Restaurants & Leisure   2026-07-10 58.6  2026-07-13 62.18  6.11 
 DUOL                 Duolingo Inc  61.66 Diversified Consumer Services 2026-07-10 124.76 2026-07-13 132.34  6.08 
   IT                  Gartner Inc  89.21                    Technology 2026-07-10 133.24 2026-07-13 141.31  6.06 
 BRZE                    Braze Inc  28.30                    Technology  2026-07-10 25.13   2026-07-13 26.6  5.85 
  ARX          Accelerant Holdings  27.58                     Insurance  2026-07-10 12.64  2026-07-13 13.34  5.54 
 CRGY           Crescent Energy Co  31.27                        Energy   2026-07-10 9.47   2026-07-13 9.99  5.49 

=== 市值超过50亿的涨幅榜前20名股票 ===
 股票代码             公司名称              市值(亿)                板块                     昨天收盘              今天收盘       涨跌幅(%)
  FIG                    Figma Inc  111.54                    Technology  2026-07-10 21.11  2026-07-13 23.65 12.03 
   VG           Venture Global Inc  300.98                        Energy  2026-07-10 12.24  2026-07-13 13.36  9.15 
 TEAM               Atlassian Corp  225.50                    Technology  2026-07-10 88.86  2026-07-13 96.16  8.22 
  PBF               PBF Energy Inc   62.92                        Energy  2026-07-10 53.18  2026-07-13 57.44  8.01 
   SM                 SM Energy Co   66.67                        Energy  2026-07-10 27.81  2026-07-13 29.89  7.48 
  FDS Factset Research Systems Inc   87.89            Financial Services 2026-07-10 247.11 2026-07-13 263.11  6.47 
VLOUF                 Vallourec SA   55.57                        Energy  2026-07-10 23.13  2026-07-13 24.59  6.31 
 DUOL                 Duolingo Inc   61.66 Diversified Consumer Services 2026-07-10 124.76 2026-07-13 132.34  6.08 
   IT                  Gartner Inc   89.21                    Technology 2026-07-10 133.24 2026-07-13 141.31  6.06 
 INTU                   Intuit Inc  752.12                    Technology 2026-07-10 274.96 2026-07-13 289.76  5.38 
  VLO           Valero Energy Corp  724.90                        Energy 2026-07-10 280.69 2026-07-13 295.79  5.38 
 PAYC          Paycom Software Inc   66.25         Professional Services 2026-07-10 139.08  2026-07-13 146.5  5.34 
  PSX                  Phillips 66  755.20                        Energy 2026-07-10 188.36 2026-07-13 198.29  5.27 
 MORN              Morningstar Inc   62.81            Financial Services 2026-07-10 165.18 2026-07-13 173.55  5.07 
 PCTY       Paylocity Holding Corp   63.45         Professional Services  2026-07-10 118.5  2026-07-13 124.5  5.06 
 BIIB                   Biogen Inc  294.02                 Biotechnology 2026-07-10 199.15 2026-07-13 209.03  4.96 
 HUBS                  HubSpot Inc  106.27                    Technology 2026-07-10 207.48 2026-07-13 217.59  4.87 
  CRM               Salesforce Inc 1402.29                    Technology 2026-07-10 163.32 2026-07-13 171.22  4.84 
 CASY    Caseys General Stores Inc  303.38                        Retail 2026-07-10 819.83  2026-07-13 859.1  4.79 
 DINO             HF Sinclair Corp  140.74                        Energy  2026-07-10 78.07   2026-07-13 81.7  4.65 

=== 市值超过100亿的涨幅榜前20名股票 ===
 股票代码            公司名称             市值(亿)                板块                     昨天收盘              今天收盘       涨跌幅(%)
  FIG                  Figma Inc  111.54                    Technology  2026-07-10 21.11  2026-07-13 23.65 12.03 
   VG         Venture Global Inc  300.98                        Energy  2026-07-10 12.24  2026-07-13 13.36  9.15 
 TEAM             Atlassian Corp  225.50                    Technology  2026-07-10 88.86  2026-07-13 96.16  8.22 
 INTU                 Intuit Inc  752.12                    Technology 2026-07-10 274.96 2026-07-13 289.76  5.38 
  VLO         Valero Energy Corp  724.90                        Energy 2026-07-10 280.69 2026-07-13 295.79  5.38 
  PSX                Phillips 66  755.20                        Energy 2026-07-10 188.36 2026-07-13 198.29  5.27 
 BIIB                 Biogen Inc  294.02                 Biotechnology 2026-07-10 199.15 2026-07-13 209.03  4.96 
 HUBS                HubSpot Inc  106.27                    Technology 2026-07-10 207.48 2026-07-13 217.59  4.87 
  CRM             Salesforce Inc 1402.29                    Technology 2026-07-10 163.32 2026-07-13 171.22  4.84 
 CASY  Caseys General Stores Inc  303.38                        Retail 2026-07-10 819.83  2026-07-13 859.1  4.79 
 DINO           HF Sinclair Corp  140.74                        Energy  2026-07-10 78.07   2026-07-13 81.7  4.65 
  MPC    Marathon Petroleum Corp  828.34                        Energy 2026-07-10 283.74 2026-07-13 296.88  4.63 
 VRSK       Verisk Analytics Inc  235.33         Professional Services 2026-07-10 185.39 2026-07-13 193.73  4.50 
 FANG     Diamondback Energy Inc  539.00                        Energy 2026-07-10 183.39  2026-07-13 191.6  4.48 
DASTF       Dassault Systemes SE  243.95                    Technology  2026-07-10 20.23   2026-07-13 21.1  4.30 
  EOG          EOG Resources Inc  714.25                        Energy  2026-07-10 134.1 2026-07-13 139.61  4.11 
  MOH      Molina Healthcare Inc  121.55                   Health Care 2026-07-10 233.31 2026-07-13 242.88  4.10 
  XOM           Exxon Mobil Corp 5880.02                        Energy 2026-07-10 138.88 2026-07-13 144.51  4.05 
  CMG Chipotle Mexican Grill Inc  452.16 Hotels, Restaurants & Leisure  2026-07-10 35.25  2026-07-13 36.63  3.91 
   DG        Dollar General Corp  262.32                        Retail 2026-07-10 118.92 2026-07-13 123.44  3.80 

=== 市值超过200亿的涨幅榜前20名股票 ===
 股票代码                 公司名称                 市值(亿)                板块                     昨天收盘              今天收盘       涨跌幅(%)
   VG                  Venture Global Inc  300.98                        Energy  2026-07-10 12.24  2026-07-13 13.36  9.15 
 TEAM                      Atlassian Corp  225.50                    Technology  2026-07-10 88.86  2026-07-13 96.16  8.22 
 INTU                          Intuit Inc  752.12                    Technology 2026-07-10 274.96 2026-07-13 289.76  5.38 
  VLO                  Valero Energy Corp  724.90                        Energy 2026-07-10 280.69 2026-07-13 295.79  5.38 
  PSX                         Phillips 66  755.20                        Energy 2026-07-10 188.36 2026-07-13 198.29  5.27 
 BIIB                          Biogen Inc  294.02                 Biotechnology 2026-07-10 199.15 2026-07-13 209.03  4.96 
  CRM                      Salesforce Inc 1402.29                    Technology 2026-07-10 163.32 2026-07-13 171.22  4.84 
 CASY           Caseys General Stores Inc  303.38                        Retail 2026-07-10 819.83  2026-07-13 859.1  4.79 
  MPC             Marathon Petroleum Corp  828.34                        Energy 2026-07-10 283.74 2026-07-13 296.88  4.63 
 VRSK                Verisk Analytics Inc  235.33         Professional Services 2026-07-10 185.39 2026-07-13 193.73  4.50 
 FANG              Diamondback Energy Inc  539.00                        Energy 2026-07-10 183.39  2026-07-13 191.6  4.48 
DASTF                Dassault Systemes SE  243.95                    Technology  2026-07-10 20.23   2026-07-13 21.1  4.30 
  EOG                   EOG Resources Inc  714.25                        Energy  2026-07-10 134.1 2026-07-13 139.61  4.11 
  XOM                    Exxon Mobil Corp 5880.02                        Energy 2026-07-10 138.88 2026-07-13 144.51  4.05 
  CMG          Chipotle Mexican Grill Inc  452.16 Hotels, Restaurants & Leisure  2026-07-10 35.25  2026-07-13 36.63  3.91 
   DG                 Dollar General Corp  262.32                        Retail 2026-07-10 118.92 2026-07-13 123.44  3.80 
  ADP       Automatic Data Processing Inc  967.04         Professional Services 2026-07-10 241.92 2026-07-13 251.05  3.77 
   CI                         Cigna Group  776.30                   Health Care 2026-07-10 293.46  2026-07-13 304.5  3.76 
 CTSH Cognizant Technology Solutions Corp  201.73                    Technology  2026-07-10 42.57  2026-07-13 44.16  3.74 
ADYYF                            Adyen NV  268.23            Financial Services  2026-07-10 940.0  2026-07-13 975.0  3.72 

=== 市值超过1000亿的涨跌榜前20名股票 ===
股票代码            公司名称             市值(亿)                 板块                     昨天收盘              今天收盘       涨跌幅(%)
 CRM             Salesforce Inc  1402.29                    Technology 2026-07-10 163.32 2026-07-13 171.22  4.84 
 XOM           Exxon Mobil Corp  5880.02                        Energy 2026-07-10 138.88 2026-07-13 144.51  4.05 
 COP             ConocoPhillips  1374.84                        Energy 2026-07-10 109.04 2026-07-13 112.85  3.49 
 TTE           TotalEnergies SE  1536.19                        Energy   2026-07-10 78.5  2026-07-13 81.21  3.45 
 CVX               Chevron Corp  3513.18                        Energy  2026-07-10 176.4  2026-07-13 182.2  3.29 
 BMY    Bristol-Myers Squibb Co  1175.82               Pharmaceuticals  2026-07-10 57.58  2026-07-13 59.34  3.06 
PLTR  Palantir Technologies Inc  3039.55                    Technology 2026-07-10 126.79 2026-07-13 130.04  2.56 
   V                   Visa Inc  6575.03            Financial Services 2026-07-10 348.97 2026-07-13 357.75  2.52 
  MA             Mastercard Inc  4654.19            Financial Services 2026-07-10 526.74  2026-07-13 537.7  2.08 
  CB              Chubb Limited  1349.09                     Insurance 2026-07-10 347.83 2026-07-13 354.74  1.99 
   T                   AT&T Inc  1468.18             Telecommunication  2026-07-10 21.13  2026-07-13 21.55  1.99 
FTNT               Fortinet Inc  1153.99                    Technology 2026-07-10 157.51 2026-07-13 160.62  1.97 
SHOP                Shopify Inc  1590.15                    Technology 2026-07-10 122.54 2026-07-13 124.74  1.80 
SPGI             S&P Global Inc  1274.28            Financial Services  2026-07-10 430.5 2026-07-13 437.84  1.70 
 CVS            CVS Health Corp  1328.88                   Health Care 2026-07-10 104.15  2026-07-13 105.9  1.68 
 PGR           Progressive Corp  1348.18                     Insurance 2026-07-10 230.72 2026-07-13 234.48  1.63 
MSFT             Microsoft Corp 28606.90                    Technology  2026-07-10 385.1 2026-07-13 390.99  1.53 
  VZ Verizon Communications Inc  1951.24             Telecommunication  2026-07-10 42.12  2026-07-13 42.68  1.33 
 PFE                 Pfizer Inc  1377.56               Pharmaceuticals  2026-07-10 24.17  2026-07-13 24.48  1.28 
SBUX             Starbucks Corp  1208.20 Hotels, Restaurants & Leisure 2026-07-10 106.01 2026-07-13 107.34  1.25 
