
=== 涨幅榜前20名股票 ===
股票代码               公司名称               市值(亿)               板块                     昨天收盘            今天收盘      涨跌幅(%)
HOUR                    Hour Loop Inc  0.66                         Retail 2025-09-04 1.89 2025-09-05 3.65 93.12 
PRSO                       Peraso Inc  0.05                 Semiconductors 2025-09-04 0.82 2025-09-05 1.38 68.29 
NVFY               Nova LifeStyle Inc  0.37              Consumer products 2025-09-04 2.67  2025-09-05 4.4 64.79 
GELS                       Gelteq Ltd  0.09                Pharmaceuticals 2025-09-04 0.96 2025-09-05 1.56 62.50 
PAPL          Pineapple Financial Inc  0.05             Financial Services 2025-09-04 4.14 2025-09-05 6.54 57.97 
GNPX                      Genprex Inc  0.05                  Biotechnology 2025-09-04 0.16 2025-09-05 0.23 47.12 
VEEE            Twin Vee PowerCats Co  0.04               Leisure Products 2025-09-04 1.94 2025-09-05 2.84 46.39 
CIGL Concorde International Group Ltd  0.33 Commercial Services & Supplies 2025-09-04 2.91 2025-09-05 4.24 45.70 
PFAI          Pinnacle Food Group Ltd  0.21                      Machinery  2025-09-04 1.8  2025-09-05 2.6 44.44 
HTCR        HeartCore Enterprises Inc  0.19                     Technology 2025-09-04 0.82 2025-09-05 1.12 36.75 
 DUO         Fangdd Network Group Ltd  0.10                          Media 2025-09-04 2.59 2025-09-05 3.44 32.82 
OLMA        Olema Pharmaceuticals Inc  4.36                  Biotechnology 2025-09-04 6.35 2025-09-05 8.31 30.87 
FBIO             Fortress Biotech Inc  0.85                  Biotechnology 2025-09-04 2.84 2025-09-05 3.71 30.63 
ISPC                    iSpecimen Inc  0.04                    Health Care 2025-09-04 0.67 2025-09-05 0.85 27.40 
 LDI                    loanDepot Inc  7.55             Financial Services 2025-09-04 2.28 2025-09-05 2.89 26.75 
SINT           SINTX Technologies Inc  0.12                    Health Care 2025-09-04 4.38 2025-09-05 5.51 25.80 
CARM         Carisma Therapeutics Inc  0.13                  Biotechnology 2025-09-04 0.32  2025-09-05 0.4 25.59 
YGMZ   MingZhu Logistics Holdings Ltd  0.69                    Road & Rail 2025-09-04 0.85 2025-09-05 1.06 25.30 
NAKA                    Kindly MD Inc 12.34                    Health Care 2025-09-04 3.28 2025-09-05 4.08 24.39 
BLNE             Beeline Holdings Inc  0.37                      Beverages 2025-09-04 1.91 2025-09-05 2.35 23.04 

=== 市值超过20亿的涨幅榜前20名股票 ===
股票代码            公司名称            市值(亿)                  板块                       昨天收盘              今天收盘       涨跌幅(%)
 IOT               Samsara Inc   204.05                       Technology  2025-09-04 35.84  2025-09-05 42.09 17.44 
KRMN       Karman Holdings Inc    70.63              Aerospace & Defense  2025-09-04 53.38  2025-09-05 62.52 17.12 
LCID           Lucid Group Inc    49.65                      Automobiles  2025-09-04 16.16  2025-09-05 18.41 13.92 
TTAN          ServiceTitan Inc    90.95                       Technology 2025-09-04 100.31 2025-09-05 113.99 13.64 
BRZE                 Braze Inc    30.71                       Technology  2025-09-04 27.66  2025-09-05 31.42 13.59 
OPEN Opendoor Technologies Inc    43.86                      Real Estate   2025-09-04 5.96   2025-09-05 6.65 11.58 
 RUN                Sunrun Inc    37.91             Electrical Equipment  2025-09-04 16.43  2025-09-05 18.18 10.65 
BILL         BILL Holdings Inc    47.45                       Technology  2025-09-04 46.69  2025-09-05 51.54 10.39 
 HCC      Warrior Met Coal Inc    28.99                  Metals & Mining  2025-09-04 55.15  2025-09-05 60.71 10.08 
 BTU       Peabody Energy Corp    21.16                           Energy   2025-09-04 17.4  2025-09-05 19.13  9.94 
SNDK              Sandisk Corp    91.13                       Technology   2025-09-04 62.5  2025-09-05 68.55  9.68 
AVGO              Broadcom Inc 14397.33                   Semiconductors  2025-09-04 306.1 2025-09-05 334.89  9.41 
SMMT   Summit Therapeutics Inc   176.80                    Biotechnology   2025-09-04 23.8  2025-09-05 25.98  9.16 
 MIR   Mirion Technologies Inc    49.11             Electrical Equipment  2025-09-04 20.99   2025-09-05 22.9  9.10 
   U        Unity Software Inc   169.77                       Technology  2025-09-04 40.18  2025-09-05 43.82  9.06 
 EQX         Equinox Gold Corp    68.21                  Metals & Mining   2025-09-04 8.97   2025-09-05 9.78  9.03 
ENPH        Enphase Energy Inc    47.75                   Semiconductors  2025-09-04 36.52  2025-09-05 39.65  8.57 
 CLF      Cleveland-Cliffs Inc    52.04                  Metals & Mining  2025-09-04 10.52  2025-09-05 11.39  8.27 
 DFH   Dream Finders Homes Inc    26.66                Consumer products   2025-09-04 28.7  2025-09-05 30.94  7.80 
 HRI         Herc Holdings Inc    42.88 Trading Companies & Distributors  2025-09-04 129.0 2025-09-05 138.47  7.34 

=== 市值超过50亿的涨幅榜前20名股票 ===
股票代码            公司名称             市值(亿)                  板块                       昨天收盘              今天收盘       涨跌幅(%)
 IOT                Samsara Inc   204.05                       Technology  2025-09-04 35.84  2025-09-05 42.09 17.44 
KRMN        Karman Holdings Inc    70.63              Aerospace & Defense  2025-09-04 53.38  2025-09-05 62.52 17.12 
TTAN           ServiceTitan Inc    90.95                       Technology 2025-09-04 100.31 2025-09-05 113.99 13.64 
SNDK               Sandisk Corp    91.13                       Technology   2025-09-04 62.5  2025-09-05 68.55  9.68 
AVGO               Broadcom Inc 14397.33                   Semiconductors  2025-09-04 306.1 2025-09-05 334.89  9.41 
SMMT    Summit Therapeutics Inc   176.80                    Biotechnology   2025-09-04 23.8  2025-09-05 25.98  9.16 
   U         Unity Software Inc   169.77                       Technology  2025-09-04 40.18  2025-09-05 43.82  9.06 
 EQX          Equinox Gold Corp    68.21                  Metals & Mining   2025-09-04 8.97   2025-09-05 9.78  9.03 
 CLF       Cleveland-Cliffs Inc    52.04                  Metals & Mining  2025-09-04 10.52  2025-09-05 11.39  8.27 
SOUN          SoundHound AI Inc    54.18                       Technology  2025-09-04 13.29  2025-09-05 14.26  7.30 
 QXO                    QXO Inc   139.02 Trading Companies & Distributors  2025-09-04 20.64  2025-09-05 22.05  6.83 
 SYM               Symbotic Inc   267.02                        Machinery  2025-09-04 45.22  2025-09-05 48.25  6.70 
RKLB            Rocket Lab Corp   207.39              Aerospace & Defense  2025-09-04 42.99  2025-09-05 45.84  6.63 
CYTK           Cytokinetics Inc    59.53                    Biotechnology  2025-09-04 49.75  2025-09-05 53.01  6.55 
SGHC                   SGHC Ltd    59.77    Hotels, Restaurants & Leisure  2025-09-04 11.92  2025-09-05 12.65  6.12 
PATH                 UiPath Inc    58.05                       Technology  2025-09-04 10.85  2025-09-05 11.49  5.90 
 RKT       Rocket Companies Inc   403.02               Financial Services  2025-09-04 19.15  2025-09-05 20.26  5.80 
  MU      Micron Technology Inc  1390.07                   Semiconductors 2025-09-04 124.21 2025-09-05 131.37  5.76 
 FND Floor & Decor Holdings Inc    89.11                           Retail  2025-09-04 82.75  2025-09-05 87.47  5.70 
  XP                     XP Inc    95.59               Financial Services   2025-09-04 17.9  2025-09-05 18.91  5.64 

=== 市值超过100亿的涨幅榜前20名股票 ===
股票代码                公司名称                 市值(亿)                  板块                       昨天收盘              今天收盘       涨跌幅(%)
 IOT                        Samsara Inc   204.05                       Technology  2025-09-04 35.84  2025-09-05 42.09 17.44 
AVGO                       Broadcom Inc 14397.33                   Semiconductors  2025-09-04 306.1 2025-09-05 334.89  9.41 
SMMT            Summit Therapeutics Inc   176.80                    Biotechnology   2025-09-04 23.8  2025-09-05 25.98  9.16 
   U                 Unity Software Inc   169.77                       Technology  2025-09-04 40.18  2025-09-05 43.82  9.06 
 QXO                            QXO Inc   139.02 Trading Companies & Distributors  2025-09-04 20.64  2025-09-05 22.05  6.83 
 SYM                       Symbotic Inc   267.02                        Machinery  2025-09-04 45.22  2025-09-05 48.25  6.70 
RKLB                    Rocket Lab Corp   207.39              Aerospace & Defense  2025-09-04 42.99  2025-09-05 45.84  6.63 
 RKT               Rocket Companies Inc   403.02               Financial Services  2025-09-04 19.15  2025-09-05 20.26  5.80 
  MU              Micron Technology Inc  1390.07                   Semiconductors 2025-09-04 124.21 2025-09-05 131.37  5.76 
POOL                          Pool Corp   117.85                     Distributors  2025-09-04 315.8 2025-09-05 333.09  5.47 
UTHR           United Therapeutics Corp   172.07                    Biotechnology 2025-09-04 380.47 2025-09-05 400.52  5.27 
COOP                Mr Cooper Group Inc   129.66               Financial Services 2025-09-04 202.61 2025-09-05 213.11  5.18 
CRDO Credo Technology Group Holding Ltd   230.00                   Semiconductors  2025-09-04 134.0 2025-09-05 140.82  5.09 
RBRK                         Rubrik Inc   167.49                       Technology  2025-09-04 86.55  2025-09-05 90.93  5.06 
   Z                   Zillow Group Inc   205.07                      Real Estate   2025-09-04 83.7  2025-09-05 87.89  5.01 
HUBS                        HubSpot Inc   244.66                       Technology 2025-09-04 464.31 2025-09-05 487.53  5.00 
  ZG                   Zillow Group Inc   205.07                      Real Estate  2025-09-04 80.91  2025-09-05 84.78  4.78 
DOCU                       DocuSign Inc   154.05                       Technology  2025-09-04 76.24  2025-09-05 79.86  4.75 
TECK                 Teck Resources Ltd   160.28                  Metals & Mining  2025-09-04 32.77  2025-09-05 34.31  4.70 
ORCL                        Oracle Corp  6263.70                       Technology  2025-09-04 223.0  2025-09-05 232.8  4.39 

=== 市值超过200亿的涨幅榜前20名股票 ===
股票代码                公司名称                 市值(亿)             板块                 昨天收盘              今天收盘       涨跌幅(%)
 IOT                        Samsara Inc   204.05            Technology  2025-09-04 35.84  2025-09-05 42.09 17.44 
AVGO                       Broadcom Inc 14397.33        Semiconductors  2025-09-04 306.1 2025-09-05 334.89  9.41 
 SYM                       Symbotic Inc   267.02             Machinery  2025-09-04 45.22  2025-09-05 48.25  6.70 
RKLB                    Rocket Lab Corp   207.39   Aerospace & Defense  2025-09-04 42.99  2025-09-05 45.84  6.63 
 RKT               Rocket Companies Inc   403.02    Financial Services  2025-09-04 19.15  2025-09-05 20.26  5.80 
  MU              Micron Technology Inc  1390.07        Semiconductors 2025-09-04 124.21 2025-09-05 131.37  5.76 
CRDO Credo Technology Group Holding Ltd   230.00        Semiconductors  2025-09-04 134.0 2025-09-05 140.82  5.09 
   Z                   Zillow Group Inc   205.07           Real Estate   2025-09-04 83.7  2025-09-05 87.89  5.01 
HUBS                        HubSpot Inc   244.66            Technology 2025-09-04 464.31 2025-09-05 487.53  5.00 
  ZG                   Zillow Group Inc   205.07           Real Estate  2025-09-04 80.91  2025-09-05 84.78  4.78 
ORCL                        Oracle Corp  6263.70            Technology  2025-09-04 223.0  2025-09-05 232.8  4.39 
 EFX                        Equifax Inc   297.86 Professional Services  2025-09-04 240.6 2025-09-05 249.67  3.77 
TSLA                          Tesla Inc 10919.11           Automobiles 2025-09-04 338.53 2025-09-05 350.84  3.64 
KLAC                           KLA Corp  1152.41        Semiconductors 2025-09-04 873.29 2025-09-05 905.09  3.64 
RDDT                         Reddit Inc   434.41                 Media 2025-09-04 232.11  2025-09-05 240.0  3.40 
DDOG                        Datadog Inc   459.58            Technology 2025-09-04 131.78 2025-09-05 136.08  3.26 
  AU              Anglogold Ashanti PLC   291.79       Metals & Mining  2025-09-04 57.95  2025-09-05 59.77  3.14 
FTNT                       Fortinet Inc   585.73            Technology  2025-09-04 76.44  2025-09-05 78.83  3.13 
CARR                Carrier Global Corp   540.74              Building  2025-09-04 63.54  2025-09-05 65.51  3.10 
 DHI                      DR Horton Inc   526.75     Consumer products 2025-09-04 176.69  2025-09-05 181.8  2.89 

=== 市值超过1000亿的涨跌榜前20名股票 ===
 股票代码          公司名称           市值(亿)            板块                昨天收盘              今天收盘       涨跌幅(%)
 AVGO           Broadcom Inc 14397.33      Semiconductors  2025-09-04 306.1 2025-09-05 334.89  9.41 
   MU  Micron Technology Inc  1390.07      Semiconductors 2025-09-04 124.21 2025-09-05 131.37  5.76 
 ORCL            Oracle Corp  6263.70          Technology  2025-09-04 223.0  2025-09-05 232.8  4.39 
 TSLA              Tesla Inc 10919.11         Automobiles 2025-09-04 338.53 2025-09-05 350.84  3.64 
 KLAC               KLA Corp  1152.41      Semiconductors 2025-09-04 873.29 2025-09-05 905.09  3.64 
 AMAT  Applied Materials Inc  1260.61      Semiconductors 2025-09-04 158.24 2025-09-05 162.75  2.85 
  CRM         Salesforce Inc  2332.74          Technology 2025-09-04 244.01 2025-09-05 250.76  2.77 
 ISRG Intuitive Surgical Inc  1629.35         Health Care 2025-09-04 454.52 2025-09-05 466.86  2.71 
 LRCX      Lam Research Corp  1270.94      Semiconductors 2025-09-04 100.42 2025-09-05 102.95  2.52 
 GILD    Gilead Sciences Inc  1399.26       Biotechnology 2025-09-04 112.77 2025-09-05 115.05  2.02 
   HD         Home Depot Inc  4097.91              Retail 2025-09-04 411.69 2025-09-05 418.95  1.76 
  UNH UnitedHealth Group Inc  2811.03         Health Care 2025-09-04 310.38 2025-09-05 315.39  1.61 
  LMT   Lockheed Martin Corp  1066.59 Aerospace & Defense 2025-09-04 456.85  2025-09-05 463.9  1.54 
  PFE             Pfizer Inc  1395.23     Pharmaceuticals  2025-09-04 24.54  2025-09-05 24.88  1.39 
 ADBE              Adobe Inc  1460.56          Technology 2025-09-04 344.31 2025-09-05 348.97  1.35 
 AMGN              Amgen Inc  1507.95       Biotechnology  2025-09-04 280.1 2025-09-05 283.64  1.26 
 ANET    Arista Networks Inc  1774.32      Communications 2025-09-04 141.17 2025-09-05 142.85  1.19 
GOOGL           Alphabet Inc 28118.42               Media  2025-09-04 232.3  2025-09-05 235.0  1.16 
 SHOP            Shopify Inc  1886.55          Technology 2025-09-04 145.15 2025-09-05 146.82  1.15 
 GOOG           Alphabet Inc 28118.42               Media 2025-09-04 232.66 2025-09-05 235.17  1.08 
