
=== 涨幅榜前20名股票 ===
 股票代码              公司名称              市值(亿)                板块                      昨天收盘            今天收盘       涨跌幅(%)
 MSPR               MSP Recovery Inc  0.00                      Health Care 2026-07-09 0.01  2026-07-10 0.03 150.00
  GMM             Global Mofy AI Ltd  0.04                            Media 2026-07-09 1.85  2026-07-10 4.57 147.03
 JZXN             Jiuzi Holdings Inc  0.02                           Retail 2026-07-09 1.17  2026-07-10 2.17  85.47
 LGMK                  LogicMark Inc  0.01                      Health Care 2026-07-09 0.61   2026-07-10 1.0  63.93
 NVVE             Nuvve Holding Corp  0.05             Electrical Equipment 2026-07-09 8.78 2026-07-10 13.67  55.69
 AARD      Aardvark Therapeutics Inc  1.09                  Pharmaceuticals  2026-07-09 5.0   2026-07-10 7.6  52.00
 SUNE            Sunation Energy Inc  0.11             Electrical Equipment 2026-07-09 2.56  2026-07-10 3.83  49.61
 ZBAO          Zhibao Technology Inc  0.20                        Insurance  2026-07-09 0.3  2026-07-10 0.42  43.18
 AIEV     Thunder Power Holdings Inc  0.12                      Automobiles 2026-07-09 0.11  2026-07-10 0.15  31.58
 YMAT          J-Star Holding Co Ltd  0.08                 Leisure Products  2026-07-09 1.9  2026-07-10 2.44  28.42
 SNAL                      Snail Inc  0.34                            Media  2026-07-09 3.9  2026-07-10 4.94  26.67
 PLBL             Polibeli Group Ltd 23.52                     Distributors 2026-07-09 6.42  2026-07-10 8.12  26.48
  FGI             FGI Industries Ltd  0.08 Trading Companies & Distributors 2026-07-09 4.05  2026-07-10 5.04  24.44
  RXT       Rackspace Technology Inc 10.89                       Technology 2026-07-09 4.37  2026-07-10 5.34  22.20
 YAAS          Youxin Technology Ltd  0.12                       Technology 2026-07-09 0.82  2026-07-10 0.99  20.96
 KXIN                Kaixin Holdings  0.07                           Retail  2026-07-09 4.3   2026-07-10 5.2  20.89
 MTNB Matinas BioPharma Holdings Inc  0.04                    Biotechnology 2026-07-09 0.63  2026-07-10 0.76  20.46
 FBRX          Forte Biosciences Inc  7.52                    Biotechnology 2026-07-09 36.7 2026-07-10 43.92  19.67
SGMOQ       Sangamo Therapeutics Inc  0.72                    Biotechnology 2026-07-09 0.08  2026-07-10 0.09  18.75
 PTIX    Protagenic Therapeutics Inc  0.00                    Biotechnology 2026-07-09 0.22  2026-07-10 0.26  18.18

=== 市值超过20亿的涨幅榜前20名股票 ===
 股票代码                  公司名称                   市值(亿)                  板块                       昨天收盘              今天收盘       涨跌幅(%)
 PLBL                     Polibeli Group Ltd    23.52                     Distributors   2026-07-09 6.42   2026-07-10 8.12 26.48 
 EQPT                 Equipmentshare.Com Inc    40.45 Trading Companies & Distributors   2026-07-09 16.0  2026-07-10 18.65 16.56 
  CCC CCC Intelligent Solutions Holdings Inc    31.58                       Technology   2026-07-09 5.38   2026-07-10 5.92 10.04 
AMSYF                       ArcelorMittal SA   398.68                  Metals & Mining  2026-07-09 59.24   2026-07-10 65.0  9.72 
 REZI               Resideo Technologies Inc    47.00                         Building  2026-07-09 31.04  2026-07-10 33.94  9.34 
 CBRS                   Cerebras Systems Inc   550.41                   Semiconductors 2026-07-09 198.53 2026-07-10 215.08  8.34 
 META                     Meta Platforms Inc 16029.63                            Media 2026-07-09 631.48 2026-07-10 669.21  5.97 
 BETA                  BETA Technologies Inc    38.61              Aerospace & Defense  2026-07-09 16.73  2026-07-10 17.71  5.86 
 CAVA                         CAVA Group Inc    79.44    Hotels, Restaurants & Leisure   2026-07-09 68.2  2026-07-10 72.18  5.84 
 CAKE                 Cheesecake Factory Inc    38.96    Hotels, Restaurants & Leisure  2026-07-09 78.42  2026-07-10 82.76  5.53 
  JXN                  Jackson Financial Inc    77.27               Financial Services 2026-07-09 110.79 2026-07-10 116.76  5.39 
  AAP                 Advance Auto Parts Inc    33.16                           Retail   2026-07-09 55.0  2026-07-10 57.95  5.36 
  BCC                       Boise Cascade Co    25.42 Trading Companies & Distributors  2026-07-09 72.24  2026-07-10 76.06  5.29 
 CRCL              Circle Internet Group Inc   156.63                       Technology  2026-07-09 63.01  2026-07-10 66.14  4.97 
  DHT                       DHT Holdings Inc    27.26                           Energy  2026-07-09 16.93  2026-07-10 17.76  4.90 
  KMX                             Carmax Inc    72.39                           Retail  2026-07-09 51.01  2026-07-10 53.49  4.86 
  SEI      Solaris Energy Infrastructure Inc    50.20                           Energy  2026-07-09 68.26  2026-07-10 71.57  4.85 
 ONON                          On Holding AG   121.71 Textiles, Apparel & Luxury Goods  2026-07-09 36.77  2026-07-10 38.54  4.81 
  TNK                     Teekay Tankers Ltd    24.00                           Energy  2026-07-09 69.27  2026-07-10 72.45  4.59 
 VSAT                             Viasat Inc    85.29                   Communications  2026-07-09 70.39  2026-07-10 73.56  4.50 

=== 市值超过50亿的涨幅榜前20名股票 ===
 股票代码                公司名称                市值(亿)                  板块                       昨天收盘              今天收盘       涨跌幅(%)
AMSYF                  ArcelorMittal SA   398.68                  Metals & Mining  2026-07-09 59.24   2026-07-10 65.0  9.72 
 CBRS              Cerebras Systems Inc   550.41                   Semiconductors 2026-07-09 198.53 2026-07-10 215.08  8.34 
 META                Meta Platforms Inc 16029.63                            Media 2026-07-09 631.48 2026-07-10 669.21  5.97 
 CAVA                    CAVA Group Inc    79.44    Hotels, Restaurants & Leisure   2026-07-09 68.2  2026-07-10 72.18  5.84 
  JXN             Jackson Financial Inc    77.27               Financial Services 2026-07-09 110.79 2026-07-10 116.76  5.39 
 CRCL         Circle Internet Group Inc   156.63                       Technology  2026-07-09 63.01  2026-07-10 66.14  4.97 
  KMX                        Carmax Inc    72.39                           Retail  2026-07-09 51.01  2026-07-10 53.49  4.86 
  SEI Solaris Energy Infrastructure Inc    50.20                           Energy  2026-07-09 68.26  2026-07-10 71.57  4.85 
 ONON                     On Holding AG   121.71 Textiles, Apparel & Luxury Goods  2026-07-09 36.77  2026-07-10 38.54  4.81 
 VSAT                        Viasat Inc    85.29                   Communications  2026-07-09 70.39  2026-07-10 73.56  4.50 
 CROX                         Crocs Inc    63.17 Textiles, Apparel & Luxury Goods 2026-07-09 127.13 2026-07-10 132.78  4.44 
  TEX                        Terex Corp    73.81                        Machinery  2026-07-09 64.63  2026-07-10 67.47  4.39 
  FRO                     Frontline PLC    81.39                           Energy  2026-07-09 36.56  2026-07-10 38.13  4.29 
 ETSY                          ETSY Inc    73.75                           Retail  2026-07-09 77.72  2026-07-10 81.05  4.28 
 PSMT                    PriceSmart Inc    58.16                           Retail 2026-07-09 188.26  2026-07-10 196.3  4.27 
 FBIN    Fortune Brands Innovations Inc    59.07                         Building  2026-07-09 49.52  2026-07-10 51.61  4.22 
  CMC              Commercial Metals Co    66.51                  Metals & Mining  2026-07-09 60.12  2026-07-10 62.64  4.19 
 NVDA                       NVIDIA Corp 49072.76                   Semiconductors 2026-07-09 202.78 2026-07-10 210.96  4.03 
  IFS  Intercorp Financial Services Inc    67.48                          Banking  2026-07-09 58.45  2026-07-10 60.68  3.82 
  CLX                         Clorox Co   112.54                Consumer products  2026-07-09 93.07  2026-07-10 96.56  3.75 

=== 市值超过100亿的涨幅榜前20名股票 ===
 股票代码               公司名称                市值(亿)                  板块                       昨天收盘               今天收盘        涨跌幅(%)
AMSYF                 ArcelorMittal SA   398.68                  Metals & Mining   2026-07-09 59.24    2026-07-10 65.0  9.72 
 CBRS             Cerebras Systems Inc   550.41                   Semiconductors  2026-07-09 198.53  2026-07-10 215.08  8.34 
 META               Meta Platforms Inc 16029.63                            Media  2026-07-09 631.48  2026-07-10 669.21  5.97 
 CRCL        Circle Internet Group Inc   156.63                       Technology   2026-07-09 63.01   2026-07-10 66.14  4.97 
 ONON                    On Holding AG   121.71 Textiles, Apparel & Luxury Goods   2026-07-09 36.77   2026-07-10 38.54  4.81 
 NVDA                      NVIDIA Corp 49072.76                   Semiconductors  2026-07-09 202.78  2026-07-10 210.96  4.03 
  CLX                        Clorox Co   112.54                Consumer products   2026-07-09 93.07   2026-07-10 96.56  3.75 
  NKE                         Nike Inc   633.52 Textiles, Apparel & Luxury Goods   2026-07-09 42.78   2026-07-10 44.37  3.72 
  BBY                  Best Buy Co Inc   168.59                           Retail   2026-07-09 79.99    2026-07-10 82.8  3.51 
 TMUS                  T-Mobile US Inc  1963.99                Telecommunication  2026-07-09 181.48  2026-07-10 187.61  3.38 
 DLTR                  Dollar Tree Inc   232.38                           Retail  2026-07-09 120.92  2026-07-10 124.91  3.30 
  RRX               Regal Rexnord Corp   138.50             Electrical Equipment  2026-07-09 208.06   2026-07-10 214.9  3.29 
 SNDK                     Sandisk Corp  2751.91                       Technology 2026-07-09 1858.27 2026-07-10 1915.92  3.10 
  KDP             Keurig Dr Pepper Inc   417.96                        Beverages   2026-07-09 30.72   2026-07-10 31.67  3.09 
 BROS                   Dutch Bros Inc   108.16    Hotels, Restaurants & Leisure   2026-07-09 65.64   2026-07-10 67.56  2.93 
    F                    Ford Motor Co   542.32                      Automobiles   2026-07-09 13.61    2026-07-10 14.0  2.87 
 STLD               Steel Dynamics Inc   320.24                  Metals & Mining  2026-07-09 222.06  2026-07-10 228.42  2.86 
   BJ BJ's Wholesale Club Holdings Inc   109.34                           Retail   2026-07-09 85.63   2026-07-10 88.05  2.83 
  QXO                          QXO Inc   151.31 Trading Companies & Distributors   2026-07-09 14.58   2026-07-10 14.99  2.81 
 FIVE                   Five Below Inc   101.88                           Retail  2026-07-09 184.24  2026-07-10 189.39  2.80 

=== 市值超过200亿的涨幅榜前20名股票 ===
 股票代码             公司名称              市值(亿)                  板块                       昨天收盘               今天收盘        涨跌幅(%)
AMSYF             ArcelorMittal SA   398.68                  Metals & Mining   2026-07-09 59.24    2026-07-10 65.0  9.72 
 CBRS         Cerebras Systems Inc   550.41                   Semiconductors  2026-07-09 198.53  2026-07-10 215.08  8.34 
 META           Meta Platforms Inc 16029.63                            Media  2026-07-09 631.48  2026-07-10 669.21  5.97 
 NVDA                  NVIDIA Corp 49072.76                   Semiconductors  2026-07-09 202.78  2026-07-10 210.96  4.03 
  NKE                     Nike Inc   633.52 Textiles, Apparel & Luxury Goods   2026-07-09 42.78   2026-07-10 44.37  3.72 
 TMUS              T-Mobile US Inc  1963.99                Telecommunication  2026-07-09 181.48  2026-07-10 187.61  3.38 
 DLTR              Dollar Tree Inc   232.38                           Retail  2026-07-09 120.92  2026-07-10 124.91  3.30 
 SNDK                 Sandisk Corp  2751.91                       Technology 2026-07-09 1858.27 2026-07-10 1915.92  3.10 
  KDP         Keurig Dr Pepper Inc   417.96                        Beverages   2026-07-09 30.72   2026-07-10 31.67  3.09 
    F                Ford Motor Co   542.32                      Automobiles   2026-07-09 13.61    2026-07-10 14.0  2.87 
 STLD           Steel Dynamics Inc   320.24                  Metals & Mining  2026-07-09 222.06  2026-07-10 228.42  2.86 
   DG          Dollar General Corp   255.28                           Retail  2026-07-09 115.73  2026-07-10 118.92  2.76 
 DXCM                   Dexcom Inc   281.76                      Health Care   2026-07-09 73.02   2026-07-10 74.96  2.66 
   SN               Sharkninja Inc   210.60                Consumer products  2026-07-09 148.81  2026-07-10 152.65  2.58 
 CSCO            Cisco Systems Inc  4663.11                   Communications  2026-07-09 118.31  2026-07-10 121.31  2.54 
 SUNB Sunbelt Rentals Holdings Inc   299.13 Trading Companies & Distributors    2026-07-09 73.0   2026-07-10 74.84  2.52 
 MELI             MercadoLibre Inc   916.52                           Retail 2026-07-09 1807.83 2026-07-10 1852.22  2.46 
 AMAT        Applied Materials Inc  4673.72                   Semiconductors  2026-07-09 588.66   2026-07-10 602.5  2.35 
   IR           Ingersoll Rand Inc   301.53                        Machinery   2026-07-09 77.05   2026-07-10 78.85  2.34 
  NUE                   Nucor Corp   506.22                  Metals & Mining  2026-07-09 222.28  2026-07-10 227.37  2.29 

=== 市值超过1000亿的涨跌榜前20名股票 ===
股票代码               公司名称               市值(亿)                 板块                      昨天收盘               今天收盘        涨跌幅(%)
META              Meta Platforms Inc 16029.63                          Media  2026-07-09 631.48  2026-07-10 669.21  5.97 
NVDA                     NVIDIA Corp 49072.76                 Semiconductors  2026-07-09 202.78  2026-07-10 210.96  4.03 
TMUS                 T-Mobile US Inc  1963.99              Telecommunication  2026-07-09 181.48  2026-07-10 187.61  3.38 
SNDK                    Sandisk Corp  2751.91                     Technology 2026-07-09 1858.27 2026-07-10 1915.92  3.10 
CSCO               Cisco Systems Inc  4663.11                 Communications  2026-07-09 118.31  2026-07-10 121.31  2.54 
AMAT           Applied Materials Inc  4673.72                 Semiconductors  2026-07-09 588.66   2026-07-10 602.5  2.35 
 STX Seagate Technology Holdings PLC  1995.84                     Technology  2026-07-09 890.09  2026-07-10 910.34  2.28 
 AMD      Advanced Micro Devices Inc  8914.82                 Semiconductors  2026-07-09 546.72  2026-07-10 557.89  2.04 
 MDT                   Medtronic PLC  1054.63                    Health Care   2026-07-09 82.39   2026-07-10 83.87  1.80 
BKNG            Booking Holdings Inc  1360.07  Hotels, Restaurants & Leisure  2026-07-09 175.52  2026-07-10 178.39  1.64 
  TT          Trane Technologies PLC  1043.38                       Building   2026-07-09 472.0   2026-07-10 479.7  1.63 
 BLK                   BlackRock Inc  1658.02             Financial Services 2026-07-09 1019.68 2026-07-10 1036.11  1.61 
 DHR                    Danaher Corp  1387.09 Life Sciences Tools & Services  2026-07-09 195.98  2026-07-10 199.05  1.57 
 GEV                  GE Vernova Inc  2889.44           Electrical Equipment 2026-07-09 1075.26 2026-07-10 1091.57  1.52 
 CAT                 Caterpillar Inc  4322.57                      Machinery  2026-07-09 938.39  2026-07-10 952.41  1.49 
  HD                  Home Depot Inc  3377.53                         Retail  2026-07-09 338.73   2026-07-10 343.3  1.35 
 CVX                    Chevron Corp  3466.38                         Energy  2026-07-09 174.05   2026-07-10 176.4  1.35 
 CVS                 CVS Health Corp  1311.78                    Health Care  2026-07-09 102.81  2026-07-10 104.15  1.30 
  PH            Parker-Hannifin Corp  1196.77                      Machinery  2026-07-09 949.17  2026-07-10 961.27  1.27 
ANET             Arista Networks Inc  2325.62                 Communications  2026-07-09 184.69  2026-07-10 186.96  1.23 
