
=== 涨幅榜前20名股票 ===
股票代码              公司名称             市值(亿)               板块                    昨天收盘             今天收盘       涨跌幅(%)
RYDE                Ryde Group Ltd  0.05                   Road & Rail  2025-06-17 0.18  2025-06-18 0.45 155.68
PTLE                       PTL Ltd  0.07                        Energy   2025-06-17 0.2  2025-06-18 0.37  84.34
APVO       Aptevo Therapeutics Inc  0.02                 Biotechnology  2025-06-17 2.82  2025-06-18 5.13  81.91
MRIN            Marin Software Inc  0.03                    Technology  2025-06-17 0.85  2025-06-18 1.44  69.41
IMRX              Immuneering Corp  0.65                 Biotechnology  2025-06-17 1.82  2025-06-18 2.77  52.20
NINE       Nine Energy Service Inc  0.32                        Energy  2025-06-17 0.76  2025-06-18 1.14  49.21
GALT     Galectin Therapeutics Inc  1.51                 Biotechnology  2025-06-17 2.39  2025-06-18 3.29  37.66
GURE            Gulf Resources Inc  0.08                     Chemicals   2025-06-17 0.6  2025-06-18 0.81  35.00
 LSE Leishen Energy Holding Co Ltd  0.94                        Energy  2025-06-17 5.55  2025-06-18 7.47  34.59
RELI     Reliance Global Group Inc  0.06                     Insurance  2025-06-17 2.17  2025-06-18 2.92  34.56
JUNS     Jupiter Neurosciences Inc  0.31               Pharmaceuticals  2025-06-17 0.94  2025-06-18 1.24  32.48
HOVR      New Horizon Aircraft Ltd  0.55           Aerospace & Defense  2025-06-17 1.76  2025-06-18 2.28  29.55
 GNS              Genius Group Ltd  0.25 Diversified Consumer Services  2025-06-17 0.35  2025-06-18 0.45  26.20
GHLD             Guild Holdings Co  9.78            Financial Services 2025-06-17 15.72 2025-06-18 19.72  25.45
 TMC    TMC the metals company Inc 20.18               Metals & Mining  2025-06-17 5.44  2025-06-18 6.75  24.08
DOMH         Dominari Holdings Inc  0.74            Financial Services  2025-06-17 5.04  2025-06-18 6.25  24.01
ARQQ             Arqit Quantum Inc  4.45                    Technology 2025-06-17 31.02 2025-06-18 37.97  22.40
  NA                 Nano Labs Ltd  1.69                Semiconductors  2025-06-17 9.84 2025-06-18 11.96  21.53
HCTI       Healthcare Triangle Inc  0.09                   Health Care  2025-06-17 0.02  2025-06-18 0.03  20.45
INTJ         Intelligent Group Ltd  0.09                         Media   2025-06-17 0.7  2025-06-18 0.84  20.00

=== 市值超过20亿的涨幅榜前20名股票 ===
股票代码                公司名称                市值(亿)                 板块                       昨天收盘              今天收盘       涨跌幅(%)
 TMC         TMC the metals company Inc  20.18                  Metals & Mining   2025-06-17 5.44   2025-06-18 6.75 24.08 
SRRK          Scholar Rock Holding Corp  29.58                    Biotechnology  2025-06-17 31.15  2025-06-18 36.32 16.60 
OSCR                   Oscar Health Inc  35.31                        Insurance  2025-06-17 16.11  2025-06-18 18.77 16.51 
 SYM                       Symbotic Inc 183.72                        Machinery  2025-06-17 31.16   2025-06-18 35.7 14.57 
 QXO                            QXO Inc 116.52 Trading Companies & Distributors  2025-06-17 20.15   2025-06-18 22.5 11.66 
UPST               Upstart Holdings Inc  50.81               Financial Services   2025-06-17 53.4  2025-06-18 59.08 10.64 
 GMS                            GMS Inc  28.12 Trading Companies & Distributors  2025-06-17 73.24  2025-06-18 81.01 10.61 
ASTS                AST SpaceMobile Inc 131.60                Telecommunication   2025-06-17 40.1  2025-06-18 44.35 10.60 
MTSR                        Metsera Inc  26.66                    Biotechnology  2025-06-17 25.38  2025-06-18 27.71  9.18 
CRDO Credo Technology Group Holding Ltd 135.35                   Semiconductors  2025-06-17 79.71  2025-06-18 85.59  7.38 
ALAB                    Astera Labs Inc 153.22                   Semiconductors  2025-06-17 92.91  2025-06-18 99.53  7.13 
MRVL             Marvell Technology Inc 603.45                   Semiconductors  2025-06-17 69.99  2025-06-18 74.95  7.09 
LMND                       Lemonade Inc  27.75                        Insurance  2025-06-17 37.87   2025-06-18 40.5  6.94 
 CRK             Comstock Resources Inc  84.54                           Energy  2025-06-17 28.86  2025-06-18 30.74  6.51 
 KFY                         Korn Ferry  34.48            Professional Services  2025-06-17 66.76  2025-06-18 71.07  6.46 
SOFI              SoFi Technologies Inc 159.50               Financial Services  2025-06-17 14.43  2025-06-18 15.36  6.44 
 ORA             Ormat Technologies Inc  48.60                        Utilities  2025-06-17 80.12  2025-06-18 84.96  6.04 
ALKT              Alkami Technology Inc  27.64                       Technology  2025-06-17 26.83  2025-06-18 28.34  5.63 
FTAI                  FTAI Aviation Ltd 126.40 Trading Companies & Distributors 2025-06-17 123.25 2025-06-18 130.08  5.54 
RDDT                         Reddit Inc 246.96                            Media 2025-06-17 133.84 2025-06-18 141.16  5.47 

=== 市值超过50亿的涨幅榜前20名股票 ===
股票代码                公司名称                市值(亿)                 板块                       昨天收盘              今天收盘       涨跌幅(%)
 SYM                       Symbotic Inc 183.72                        Machinery  2025-06-17 31.16   2025-06-18 35.7 14.57 
 QXO                            QXO Inc 116.52 Trading Companies & Distributors  2025-06-17 20.15   2025-06-18 22.5 11.66 
UPST               Upstart Holdings Inc  50.81               Financial Services   2025-06-17 53.4  2025-06-18 59.08 10.64 
ASTS                AST SpaceMobile Inc 131.60                Telecommunication   2025-06-17 40.1  2025-06-18 44.35 10.60 
CRDO Credo Technology Group Holding Ltd 135.35                   Semiconductors  2025-06-17 79.71  2025-06-18 85.59  7.38 
ALAB                    Astera Labs Inc 153.22                   Semiconductors  2025-06-17 92.91  2025-06-18 99.53  7.13 
MRVL             Marvell Technology Inc 603.45                   Semiconductors  2025-06-17 69.99  2025-06-18 74.95  7.09 
 CRK             Comstock Resources Inc  84.54                           Energy  2025-06-17 28.86  2025-06-18 30.74  6.51 
SOFI              SoFi Technologies Inc 159.50               Financial Services  2025-06-17 14.43  2025-06-18 15.36  6.44 
FTAI                  FTAI Aviation Ltd 126.40 Trading Companies & Distributors 2025-06-17 123.25 2025-06-18 130.08  5.54 
RDDT                         Reddit Inc 246.96                            Media 2025-06-17 133.84 2025-06-18 141.16  5.47 
RKLB                 Rocket Lab USA Inc 121.91              Aerospace & Defense  2025-06-17 26.42  2025-06-18 27.85  5.41 
 CZR          Caesars Entertainment Inc  55.01    Hotels, Restaurants & Leisure  2025-06-17 26.45  2025-06-18 27.75  4.91 
  MP                  MP Materials Corp  57.99                  Metals & Mining  2025-06-17 35.48  2025-06-18 37.22  4.90 
PLNT                 Planet Fitness Inc  86.44    Hotels, Restaurants & Leisure 2025-06-17 102.67 2025-06-18 107.69  4.89 
 TKO             TKO Group Holdings Inc 332.40                            Media 2025-06-17 167.96 2025-06-18 175.95  4.76 
CVNA                         Carvana Co 629.54                           Retail 2025-06-17 293.98 2025-06-18 307.91  4.74 
 RKT               Rocket Companies Inc 263.83               Financial Services  2025-06-17 13.19  2025-06-18 13.79  4.55 
HOOD              Robinhood Markets Inc 661.41               Financial Services  2025-06-17 74.95  2025-06-18 78.35  4.54 
LSCC         Lattice Semiconductor Corp  67.21                   Semiconductors  2025-06-17 48.88  2025-06-18 50.99  4.32 

=== 市值超过100亿的涨幅榜前20名股票 ===
股票代码                公司名称                市值(亿)                 板块                       昨天收盘              今天收盘       涨跌幅(%)
 SYM                       Symbotic Inc 183.72                        Machinery  2025-06-17 31.16   2025-06-18 35.7 14.57 
 QXO                            QXO Inc 116.52 Trading Companies & Distributors  2025-06-17 20.15   2025-06-18 22.5 11.66 
ASTS                AST SpaceMobile Inc 131.60                Telecommunication   2025-06-17 40.1  2025-06-18 44.35 10.60 
CRDO Credo Technology Group Holding Ltd 135.35                   Semiconductors  2025-06-17 79.71  2025-06-18 85.59  7.38 
ALAB                    Astera Labs Inc 153.22                   Semiconductors  2025-06-17 92.91  2025-06-18 99.53  7.13 
MRVL             Marvell Technology Inc 603.45                   Semiconductors  2025-06-17 69.99  2025-06-18 74.95  7.09 
SOFI              SoFi Technologies Inc 159.50               Financial Services  2025-06-17 14.43  2025-06-18 15.36  6.44 
FTAI                  FTAI Aviation Ltd 126.40 Trading Companies & Distributors 2025-06-17 123.25 2025-06-18 130.08  5.54 
RDDT                         Reddit Inc 246.96                            Media 2025-06-17 133.84 2025-06-18 141.16  5.47 
RKLB                 Rocket Lab USA Inc 121.91              Aerospace & Defense  2025-06-17 26.42  2025-06-18 27.85  5.41 
 TKO             TKO Group Holdings Inc 332.40                            Media 2025-06-17 167.96 2025-06-18 175.95  4.76 
CVNA                         Carvana Co 629.54                           Retail 2025-06-17 293.98 2025-06-18 307.91  4.74 
 RKT               Rocket Companies Inc 263.83               Financial Services  2025-06-17 13.19  2025-06-18 13.79  4.55 
HOOD              Robinhood Markets Inc 661.41               Financial Services  2025-06-17 74.95  2025-06-18 78.35  4.54 
  SN                     Sharkninja Inc 120.26                Consumer products  2025-06-17 85.69  2025-06-18 89.16  4.05 
 JBL                          Jabil Inc 211.35             Electrical Equipment 2025-06-17 196.89 2025-06-18 204.66  3.95 
 PCG                          PG&E Corp 297.79                        Utilities  2025-06-17 13.55  2025-06-18 14.07  3.84 
INTC                         Intel Corp 907.30                   Semiconductors   2025-06-17 20.8  2025-06-18 21.49  3.32 
 NUE                         Nucor Corp 281.98                  Metals & Mining  2025-06-17 122.2 2025-06-18 126.18  3.26 
  VG                 Venture Global Inc 428.56                           Energy  2025-06-17 17.71  2025-06-18 18.28  3.22 

=== 市值超过200亿的涨幅榜前20名股票 ===
 股票代码                   公司名称                   市值(亿)                板块                     昨天收盘              今天收盘        涨跌幅(%)
 MRVL                   Marvell Technology Inc 603.45                Semiconductors  2025-06-17 69.99   2025-06-18 74.95  7.09 
 RDDT                               Reddit Inc 246.96                         Media 2025-06-17 133.84  2025-06-18 141.16  5.47 
  TKO                   TKO Group Holdings Inc 332.40                         Media 2025-06-17 167.96  2025-06-18 175.95  4.76 
 CVNA                               Carvana Co 629.54                        Retail 2025-06-17 293.98  2025-06-18 307.91  4.74 
  RKT                     Rocket Companies Inc 263.83            Financial Services  2025-06-17 13.19   2025-06-18 13.79  4.55 
 HOOD                    Robinhood Markets Inc 661.41            Financial Services  2025-06-17 74.95   2025-06-18 78.35  4.54 
  JBL                                Jabil Inc 211.35          Electrical Equipment 2025-06-17 196.89  2025-06-18 204.66  3.95 
  PCG                                PG&E Corp 297.79                     Utilities  2025-06-17 13.55   2025-06-18 14.07  3.84 
 INTC                               Intel Corp 907.30                Semiconductors   2025-06-17 20.8   2025-06-18 21.49  3.32 
  NUE                               Nucor Corp 281.98               Metals & Mining  2025-06-17 122.2  2025-06-18 126.18  3.26 
   VG                       Venture Global Inc 428.56                        Energy  2025-06-17 17.71   2025-06-18 18.28  3.22 
 SMCI                 Super Micro Computer Inc 257.29                    Technology  2025-06-17 43.11   2025-06-18 44.47  3.15 
  STT                        State Street Corp 275.00            Financial Services  2025-06-17 96.43    2025-06-18 99.3  2.98 
  VIK                      Viking Holdings Ltd 211.03 Hotels, Restaurants & Leisure  2025-06-17 47.62   2025-06-18 48.66  2.18 
  VRT                       Vertiv Holdings Co 444.41          Electrical Equipment 2025-06-17 116.61  2025-06-18 119.08  2.12 
  RCL              Royal Caribbean Cruises Ltd 712.49 Hotels, Restaurants & Leisure 2025-06-17 262.37  2025-06-18 267.78  2.06 
 NTRA                               Natera Inc 228.78                 Biotechnology 2025-06-17 167.55  2025-06-18 170.98  2.05 
FCNCA First Citizens BancShares Inc (Delaware) 238.26                       Banking 2025-06-17 1808.5 2025-06-18 1845.31  2.04 
   BK             Bank of New York Mellon Corp 642.25            Financial Services  2025-06-17 89.77    2025-06-18 91.6  2.04 
  TFC                    Truist Financial Corp 511.11                       Banking  2025-06-17 39.03   2025-06-18 39.81  2.00 

=== 市值超过1000亿的涨跌榜前20名股票 ===
 股票代码                 公司名称                 市值(亿)                  板块                       昨天收盘              今天收盘       涨跌幅(%)
  BAC                Bank of America Corp  3331.35                          Banking  2025-06-17 44.23  2025-06-18 45.06  1.88 
   MS                      Morgan Stanley  2087.06               Financial Services 2025-06-17 130.09 2025-06-18 132.52  1.87 
 TSLA                           Tesla Inc 10175.45                      Automobiles 2025-06-17 316.35 2025-06-18 322.05  1.80 
   GS             Goldman Sachs Group Inc  1916.65               Financial Services 2025-06-17 624.64 2025-06-18 635.24  1.70 
  COF          Capital One Financial Corp  1241.35               Financial Services 2025-06-17 193.92 2025-06-18 197.17  1.68 
  JPM                 JPMorgan Chase & Co  7490.22                          Banking 2025-06-17 269.52 2025-06-18 273.96  1.65 
 VRTX          Vertex Pharmaceuticals Inc  1135.02                    Biotechnology 2025-06-17 441.99  2025-06-18 448.4  1.45 
LVMHF LVMH Moet Hennessy Louis Vuitton SE  2334.62 Textiles, Apparel & Luxury Goods 2025-06-17 527.35  2025-06-18 535.0  1.45 
   BX                      Blackstone Inc  1646.23               Financial Services 2025-06-17 135.69 2025-06-18 137.49  1.33 
  ETN               Eaton Corporation PLC  1293.29             Electrical Equipment 2025-06-17 330.51 2025-06-18 334.86  1.32 
  MRK                      Merck & Co Inc  1965.64                  Pharmaceuticals  2025-06-17 78.28  2025-06-18 79.29  1.29 
 ORCL                         Oracle Corp  5837.85                       Technology 2025-06-17 208.18 2025-06-18 210.87  1.29 
    C                       Citigroup Inc  1444.88                          Banking  2025-06-17 77.36  2025-06-18 78.35  1.28 
 PLTR           Palantir Technologies Inc  3261.40                       Technology  2025-06-17 138.2 2025-06-18 139.96  1.27 
   MU               Micron Technology Inc  1344.89                   Semiconductors 2025-06-17 120.34 2025-06-18 121.82  1.23 
  AXP                 American Express Co  2051.39               Financial Services 2025-06-17 292.81 2025-06-18 296.42  1.23 
  KKR                        KKR & Co Inc  1078.21               Financial Services 2025-06-17 121.06 2025-06-18 122.42  1.12 
  BLK                       BlackRock Inc  1501.51               Financial Services 2025-06-17 969.18 2025-06-18 979.52  1.07 
 CHTR          Charter Communications Inc  1032.19                            Media 2025-06-17 373.62 2025-06-18 377.43  1.02 
  ADI                  Analog Devices Inc  1128.67                   Semiconductors 2025-06-17 227.44 2025-06-18 229.65  0.97 
