
=== 涨幅榜前20名股票 ===
股票代码                公司名称               市值(亿)               板块                    昨天收盘             今天收盘        涨跌幅(%)
MULN             Mullen Automotive Inc  0.00                   Automobiles  2025-04-10 0.04  2025-04-11 2.18 5350.00
MSPR                  MSP Recovery Inc  0.09                   Health Care  2025-04-10 1.28   2025-04-11 2.5   95.31
 MMA      Mixed Martial Arts Group Ltd  0.08 Diversified Consumer Services  2025-04-10 0.79  2025-04-11 1.52   91.92
PRTG               Portage Biotech Inc  0.06                 Biotechnology   2025-04-10 5.1  2025-04-11 8.59   68.43
BFRG          Bullfrog AI Holdings Inc  0.13                   Health Care  2025-04-10 1.41   2025-04-11 2.1   48.94
 CVM                      CEL-SCI Corp  0.18                 Biotechnology  2025-04-10 0.21  2025-04-11 0.31   45.71
CRML              Critical Metals Corp  1.38               Metals & Mining  2025-04-10 1.54  2025-04-11 2.16   40.26
STSS             Sharps Technology Inc  0.00                   Health Care  2025-04-10 0.02  2025-04-11 0.03   38.89
CBLL                      CeriBell Inc  4.00                   Health Care 2025-04-10 11.15  2025-04-11 15.0   34.53
DRIO                  DarioHealth Corp  0.23                   Health Care  2025-04-10 0.56  2025-04-11 0.73   30.50
 RGC Regencell Bioscience Holdings Ltd  3.67               Pharmaceuticals 2025-04-10 28.24 2025-04-11 36.28   28.47
RXRX     Recursion Pharmaceuticals Inc 18.13                 Biotechnology  2025-04-10 4.51  2025-04-11 5.76   27.72
TNMG                     TNL Mediagene  0.12                         Media  2025-04-10 0.47   2025-04-11 0.6   27.66
SDGR                   Schrodinger Inc 14.04                   Health Care 2025-04-10 19.22 2025-04-11 24.49   27.42
 SLP              Simulations Plus Inc  5.18                   Health Care 2025-04-10 25.74 2025-04-11 32.65   26.85
VRAX           Virax Biolabs Group Ltd  0.04                   Health Care  2025-04-10 0.88  2025-04-11 1.11   26.57
HYFM      Hydrofarm Holdings Group Inc  0.10                     Machinery  2025-04-10 2.15  2025-04-11 2.71   26.05
 ENZ                  Enzo Biochem Inc  0.14                   Health Care  2025-04-10 0.26  2025-04-11 0.32   24.62
MBOT              Microbot Medical Inc  0.62                   Health Care  2025-04-10 1.79  2025-04-11 2.23   24.58
QTTB                       Q32 Bio Inc  0.20                 Biotechnology  2025-04-10 1.68  2025-04-11 2.08   23.81

=== 市值超过20亿的涨幅榜前20名股票 ===
股票代码                公司名称               市值(亿)           板块                昨天收盘              今天收盘       涨跌幅(%)
CRSP            CRISPR Therapeutics AG  29.53       Biotechnology  2025-04-10 34.26   2025-04-11 39.3 14.71 
PCVX                       Vaxcyte Inc  36.10       Biotechnology  2025-04-10 28.04   2025-04-11 31.2 11.27 
 FRO                     Frontline Plc  31.23              Energy  2025-04-10 14.03   2025-04-11 15.5 10.48 
MSTR                 Microstrategy Inc 724.91          Technology 2025-04-10 272.34 2025-04-11 299.98 10.15 
  AU             Anglogold Ashanti PLC 183.38     Metals & Mining  2025-04-10 38.85  2025-04-11 42.79 10.14 
 CNR        Core Natural Resources Inc  36.16              Energy  2025-04-10 67.66  2025-04-11 73.65  8.85 
MRUS                          Merus NV  26.68       Biotechnology  2025-04-10 38.62  2025-04-11 41.97  8.67 
CRNX     Crinetics Pharmaceuticals Inc  24.98       Biotechnology  2025-04-10 26.85  2025-04-11 29.11  8.42 
 HCC              Warrior Met Coal Inc  23.00     Metals & Mining  2025-04-10 43.76  2025-04-11 47.37  8.25 
 NEM               Newmont Corporation 574.22     Metals & Mining  2025-04-10 50.94  2025-04-11 54.97  7.91 
HOOD             Robinhood Markets Inc 358.70  Financial Services  2025-04-10 40.51  2025-04-11 43.68  7.83 
 CDE                  Coeur Mining Inc  35.08     Metals & Mining   2025-04-10 5.49   2025-04-11 5.92  7.83 
 HII Huntington Ingalls Industries Inc  78.82 Aerospace & Defense 2025-04-10 200.89 2025-04-11 215.74  7.39 
 CRK            Comstock Resources Inc  52.87              Energy  2025-04-10 18.05  2025-04-11 19.37  7.31 
ALVO                       Alvotech SA  24.75       Biotechnology    2025-04-10 8.2   2025-04-11 8.79  7.20 
MRNA                       Moderna Inc  94.52       Biotechnology   2025-04-10 24.5   2025-04-11 26.2  6.94 
NUVL                      Nuvalent Inc  44.38       Biotechnology  2025-04-10 61.99  2025-04-11 66.29  6.94 
SLNO           Soleno Therapeutics Inc  28.83       Biotechnology  2025-04-10 62.87  2025-04-11 67.23  6.93 
TTAM                  Titan America SA  20.21        Construction  2025-04-10 10.96  2025-04-11 11.72  6.93 
IBRX                   Immunitybio Inc  21.71       Biotechnology   2025-04-10 2.46   2025-04-11 2.63  6.91 

=== 市值超过50亿的涨幅榜前20名股票 ===
股票代码                公司名称               市值(亿)                 板块                       昨天收盘              今天收盘       涨跌幅(%)
MSTR                 Microstrategy Inc 724.91                       Technology 2025-04-10 272.34 2025-04-11 299.98 10.15 
  AU             Anglogold Ashanti PLC 183.38                  Metals & Mining  2025-04-10 38.85  2025-04-11 42.79 10.14 
 NEM               Newmont Corporation 574.22                  Metals & Mining  2025-04-10 50.94  2025-04-11 54.97  7.91 
HOOD             Robinhood Markets Inc 358.70               Financial Services  2025-04-10 40.51  2025-04-11 43.68  7.83 
 HII Huntington Ingalls Industries Inc  78.82              Aerospace & Defense 2025-04-10 200.89 2025-04-11 215.74  7.39 
 CRK            Comstock Resources Inc  52.87                           Energy  2025-04-10 18.05  2025-04-11 19.37  7.31 
MRNA                       Moderna Inc  94.52                    Biotechnology   2025-04-10 24.5   2025-04-11 26.2  6.94 
RGEN                     Repligen Corp  64.68   Life Sciences Tools & Services 2025-04-10 115.19 2025-04-11 122.86  6.66 
CART                     Maplebear Inc 102.15                           Retail   2025-04-10 38.6  2025-04-11 41.17  6.66 
 MOS                         Mosaic Co  76.70                        Chemicals   2025-04-10 24.2  2025-04-11 25.81  6.65 
MUSA                    Murphy USA Inc  95.45                           Retail 2025-04-10 482.18 2025-04-11 513.92  6.58 
FAST                       Fastenal Co 434.62 Trading Companies & Distributors  2025-04-10 75.79  2025-04-11 80.64  6.40 
 FCX              Freeport-McMoRan Inc 450.52                  Metals & Mining  2025-04-10 31.35  2025-04-11 33.35  6.38 
  GH               Guardant Health Inc  50.78                      Health Care  2025-04-10 41.14  2025-04-11 43.71  6.25 
STVN               Stevanato Group SpA  56.30   Life Sciences Tools & Services  2025-04-10 20.63  2025-04-11 21.91  6.20 
RVMD          Revolution Medicines Inc  62.60                    Biotechnology  2025-04-10 33.67  2025-04-11 35.72  6.09 
  VG                Venture Global Inc 188.97                           Energy   2025-04-10 7.81   2025-04-11 8.28  6.02 
TECK                Teck Resources Ltd 159.54                  Metals & Mining  2025-04-10 31.75   2025-04-11 33.6  5.83 
 BIO          Bio Rad Laboratories Inc  63.94   Life Sciences Tools & Services 2025-04-10 232.29  2025-04-11 245.8  5.82 
INSM                        Insmed Inc 117.84                    Biotechnology  2025-04-10 64.81  2025-04-11 68.57  5.80 

=== 市值超过100亿的涨幅榜前20名股票 ===
股票代码             公司名称              市值(亿)                 板块                       昨天收盘              今天收盘       涨跌幅(%)
MSTR            Microstrategy Inc  724.91                       Technology 2025-04-10 272.34 2025-04-11 299.98 10.15 
  AU        Anglogold Ashanti PLC  183.38                  Metals & Mining  2025-04-10 38.85  2025-04-11 42.79 10.14 
 NEM          Newmont Corporation  574.22                  Metals & Mining  2025-04-10 50.94  2025-04-11 54.97  7.91 
HOOD        Robinhood Markets Inc  358.70               Financial Services  2025-04-10 40.51  2025-04-11 43.68  7.83 
CART                Maplebear Inc  102.15                           Retail   2025-04-10 38.6  2025-04-11 41.17  6.66 
FAST                  Fastenal Co  434.62 Trading Companies & Distributors  2025-04-10 75.79  2025-04-11 80.64  6.40 
 FCX         Freeport-McMoRan Inc  450.52                  Metals & Mining  2025-04-10 31.35  2025-04-11 33.35  6.38 
  VG           Venture Global Inc  188.97                           Energy   2025-04-10 7.81   2025-04-11 8.28  6.02 
TECK           Teck Resources Ltd  159.54                  Metals & Mining  2025-04-10 31.75   2025-04-11 33.6  5.83 
INSM                   Insmed Inc  117.84                    Biotechnology  2025-04-10 64.81  2025-04-11 68.57  5.80 
AVGO                 Broadcom Inc 8101.46                   Semiconductors  2025-04-10 172.3 2025-04-11 181.94  5.59 
 CCJ                  Cameco Corp  168.38                           Energy  2025-04-10 38.68  2025-04-11 40.84  5.58 
 GME                GameStop Corp  111.86                           Retail  2025-04-10 25.02   2025-04-11 26.4  5.52 
 AMD   Advanced Micro Devices Inc 1441.05                   Semiconductors   2025-04-10 88.7   2025-04-11 93.4  5.30 
ALNY  Alnylam Pharmaceuticals Inc  294.33                    Biotechnology 2025-04-10 226.28 2025-04-11 237.77  5.08 
RGLD               Royal Gold Inc  112.51                  Metals & Mining 2025-04-10 170.97 2025-04-11 179.58  5.04 
ILMN                 Illumina Inc  112.88   Life Sciences Tools & Services  2025-04-10 71.26  2025-04-11 74.78  4.94 
AMAT        Applied Materials Inc 1123.12                   Semiconductors 2025-04-10 138.24 2025-04-11 144.94  4.85 
FANG       Diamondback Energy Inc  356.48                           Energy 2025-04-10 123.16 2025-04-11 129.01  4.75 
 LYB LyondellBasell Industries NV  175.76                        Chemicals  2025-04-10 54.34  2025-04-11 56.89  4.69 

=== 市值超过200亿的涨幅榜前20名股票 ===
股票代码                    公司名称                     市值(亿)                  板块                       昨天收盘               今天收盘       涨跌幅(%)
MSTR                          Microstrategy Inc   724.91                       Technology  2025-04-10 272.34 2025-04-11 299.98 10.15 
 NEM                        Newmont Corporation   574.22                  Metals & Mining   2025-04-10 50.94  2025-04-11 54.97  7.91 
HOOD                      Robinhood Markets Inc   358.70               Financial Services   2025-04-10 40.51  2025-04-11 43.68  7.83 
FAST                                Fastenal Co   434.62 Trading Companies & Distributors   2025-04-10 75.79  2025-04-11 80.64  6.40 
 FCX                       Freeport-McMoRan Inc   450.52                  Metals & Mining   2025-04-10 31.35  2025-04-11 33.35  6.38 
AVGO                               Broadcom Inc  8101.46                   Semiconductors   2025-04-10 172.3 2025-04-11 181.94  5.59 
 AMD                 Advanced Micro Devices Inc  1441.05                   Semiconductors    2025-04-10 88.7   2025-04-11 93.4  5.30 
ALNY                Alnylam Pharmaceuticals Inc   294.33                    Biotechnology  2025-04-10 226.28 2025-04-11 237.77  5.08 
AMAT                      Applied Materials Inc  1123.12                   Semiconductors  2025-04-10 138.24 2025-04-11 144.94  4.85 
FANG                     Diamondback Energy Inc   356.48                           Energy  2025-04-10 123.16 2025-04-11 129.01  4.75 
 UAL               United Airlines Holdings Inc   205.41                         Airlines   2025-04-10 62.75   2025-04-11 65.6  4.54 
 MTD           Mettler-Toledo International Inc   207.93   Life Sciences Tools & Services  2025-04-10 997.69 2025-04-11 1041.9  4.43 
 DHR                               Danaher Corp  1293.25   Life Sciences Tools & Services  2025-04-10 180.76 2025-04-11 188.73  4.41 
 SLB                            Schlumberger NV   442.50                           Energy   2025-04-10 32.54  2025-04-11 33.96  4.36 
IBKR              Interactive Brokers Group Inc   694.33               Financial Services  2025-04-10 164.31 2025-04-11 171.35  4.28 
 TPL                    Texas Pacific Land Corp   272.75                           Energy 2025-04-10 1186.67 2025-04-11 1236.1  4.17 
 FIS Fidelity National Information Services Inc   368.19               Financial Services   2025-04-10 69.51  2025-04-11 72.35  4.09 
AAPL                                  Apple Inc 28605.03                       Technology  2025-04-10 190.42 2025-04-11 198.15  4.06 
 JPM                        JPMorgan Chase & Co  6350.24                          Banking  2025-04-10 227.11  2025-04-11 236.2  4.00 
 LHX                  L3Harris Technologies Inc   400.79              Aerospace & Defense  2025-04-10 213.51 2025-04-11 222.03  3.99 

=== 市值超过1000亿的涨跌榜前20名股票 ===
 股票代码                 公司名称                  市值(亿)                  板块                       昨天收盘              今天收盘       涨跌幅(%)
 AVGO                         Broadcom Inc  8101.46                   Semiconductors  2025-04-10 172.3 2025-04-11 181.94  5.59 
  AMD           Advanced Micro Devices Inc  1441.05                   Semiconductors   2025-04-10 88.7   2025-04-11 93.4  5.30 
 AMAT                Applied Materials Inc  1123.12                   Semiconductors 2025-04-10 138.24 2025-04-11 144.94  4.85 
  DHR                         Danaher Corp  1293.25   Life Sciences Tools & Services 2025-04-10 180.76 2025-04-11 188.73  4.41 
 AAPL                            Apple Inc 28605.03                       Technology 2025-04-10 190.42 2025-04-11 198.15  4.06 
  JPM                  JPMorgan Chase & Co  6350.24                          Banking 2025-04-10 227.11  2025-04-11 236.2  4.00 
  COP                       ConocoPhillips  1052.92                           Energy  2025-04-10 83.29  2025-04-11 86.39  3.72 
ASMLF                      ASML Holding NV  2148.84                   Semiconductors  2025-04-10 647.0  2025-04-11 671.0  3.71 
 QCOM                         Qualcomm Inc  1486.46                   Semiconductors  2025-04-10 134.4 2025-04-11 139.25  3.61 
   DE                           Deere & Co  1205.59                        Machinery 2025-04-10 444.19 2025-04-11 459.13  3.36 
  XOM                     Exxon Mobil Corp  4322.27                           Energy  2025-04-10 99.93 2025-04-11 103.14  3.21 
 NVDA                          NVIDIA Corp 26247.08                   Semiconductors 2025-04-10 107.57 2025-04-11 110.93  3.12 
LVMHF  LVMH Moet Hennessy Louis Vuitton SE  2489.73 Textiles, Apparel & Luxury Goods  2025-04-10 590.0 2025-04-11 608.15  3.08 
GOOGL                         Alphabet Inc 18753.14                            Media 2025-04-10 152.82 2025-04-11 157.14  2.83 
    V                             Visa Inc  6341.51               Financial Services 2025-04-10 324.61  2025-04-11 333.4  2.71 
  HON          Honeywell International Inc  1254.65         Industrial Conglomerates 2025-04-10 193.39 2025-04-11 198.55  2.67 
 GOOG                         Alphabet Inc 18753.14                            Media 2025-04-10 155.37  2025-04-11 159.4  2.59 
  IBM International Business Machines Corp  2128.54                       Technology 2025-04-10 229.55 2025-04-11 235.48  2.58 
  ETN                Eaton Corporation PLC  1060.60             Electrical Equipment 2025-04-10 270.72 2025-04-11 277.53  2.52 
  TMO         Thermo Fisher Scientific Inc  1612.57   Life Sciences Tools & Services 2025-04-10 427.44 2025-04-11 438.15  2.51 
