
=== 涨幅榜前20名股票 ===
股票代码               公司名称              市值(亿)           板块                昨天收盘             今天收盘       涨跌幅(%)
TNMG                   TNL Mediagene  0.09                 Media  2025-05-12 0.31  2025-05-13 0.72 130.77
XTKG              X3 Holdings Co Ltd  0.15            Technology   2025-05-12 1.1  2025-05-13 2.11  91.82
LICN        Lichen International Ltd  0.02 Professional Services  2025-05-12 3.48  2025-05-13 6.41  84.20
LOBO        LOBO EV Technologies Ltd  0.07           Automobiles  2025-05-12 0.76  2025-05-13 1.23  61.84
LSEA              Landsea Homes Corp  2.55     Consumer products  2025-05-12 7.01 2025-05-13 11.27  60.66
 XLO          Xilio Therapeutics Inc  0.38         Biotechnology  2025-05-12 0.73  2025-05-13 1.15  57.32
ICCT                iCoreConnect Inc  0.03           Health Care  2025-05-12 1.46  2025-05-13 2.29  56.85
BGFV       Big 5 Sporting Goods Corp  0.23                Retail  2025-05-12 1.01  2025-05-13 1.53  51.49
BKKT              Bakkt Holdings Inc  1.39    Financial Services 2025-05-12 10.01 2025-05-13 14.75  47.35
 NCL                   Northann Corp  0.41              Building  2025-05-12 0.43  2025-05-13 0.63  47.20
MOVE                      Movano Inc  0.06            Technology  2025-05-12 0.91   2025-05-13 1.3  43.49
APYX               Apyx Medical Corp  0.42           Health Care  2025-05-12 1.11  2025-05-13 1.58  42.99
INHD               Inno Holdings Inc  0.24       Metals & Mining  2025-05-12 2.36  2025-05-13 3.34  41.53
BTOC            Armlogi Holding Corp  0.53           Road & Rail  2025-05-12 1.26  2025-05-13 1.76  40.08
ORIS      Oriental Rise Holdings Ltd  0.21         Food Products  2025-05-12 0.96  2025-05-13 1.33  38.25
VTSI                      VirTra Inc  0.53   Aerospace & Defense  2025-05-12 4.67  2025-05-13 6.41  37.26
 VFF Village Farms International Inc  0.79         Food Products   2025-05-12 0.7  2025-05-13 0.96  36.56
PLAG      Planet Green Holdings Corp  0.11         Food Products  2025-05-12 1.51  2025-05-13 2.05  35.76
HUMA                    Humacyte Inc  2.05         Biotechnology  2025-05-12 1.32  2025-05-13 1.73  31.06
MVST          Microvast Holdings Inc  7.78             Machinery  2025-05-12 2.39  2025-05-13 3.11  30.13

=== 市值超过20亿的涨幅榜前20名股票 ===
股票代码            公司名称             市值(亿)                 板块                       昨天收盘              今天收盘       涨跌幅(%)
ACHR        Archer Aviation Inc   49.85              Aerospace & Defense   2025-05-12 9.08  2025-05-13 11.16 22.91 
FSLR            First Solar Inc  167.53                   Semiconductors 2025-05-12 156.21  2025-05-13 191.6 22.66 
 SMR         Nuscale Power Corp   50.53             Electrical Equipment  2025-05-12 17.79  2025-05-13 21.64 21.64 
 LIF                Life360 Inc   37.39                       Technology  2025-05-12 49.51  2025-05-13 59.62 20.42 
SMCI   Super Micro Computer Inc  200.04                       Technology  2025-05-12 33.52  2025-05-13 38.89 16.02 
HIMS     Hims & Hers Health Inc  123.58                      Health Care  2025-05-12 55.21   2025-05-13 64.0 15.92 
ONON              On Holding AG  166.16 Textiles, Apparel & Luxury Goods  2025-05-12 51.31  2025-05-13 57.38 11.83 
OKLO                   Oklo Inc   40.16                        Utilities  2025-05-12 28.85  2025-05-13 32.03 11.02 
 PBF             PBF Energy Inc   24.04                           Energy  2025-05-12 20.79   2025-05-13 22.9 10.15 
 TEM              Tempus AI Inc  108.53   Life Sciences Tools & Services  2025-05-12 62.69  2025-05-13 68.91  9.92 
 CNR Core Natural Resources Inc   36.02                           Energy  2025-05-12 68.41  2025-05-13 74.84  9.40 
ALAB            Astera Labs Inc  132.40                   Semiconductors  2025-05-12 80.28  2025-05-13 87.76  9.32 
HOOD      Robinhood Markets Inc  506.80               Financial Services  2025-05-12 57.43  2025-05-13 62.57  8.95 
 QXO                    QXO Inc   74.95 Trading Companies & Distributors  2025-05-12 14.45  2025-05-13 15.73  8.86 
  PI                 Impinj Inc   32.45                   Semiconductors 2025-05-12 111.95 2025-05-13 121.82  8.82 
 RUN                 Sunrun Inc   25.04             Electrical Equipment  2025-05-12 10.96   2025-05-13 11.9  8.58 
  LB          LandBridge Co LLC   55.69                      Real Estate  2025-05-12 72.84  2025-05-13 78.95  8.39 
  VG         Venture Global Inc  239.78                           Energy   2025-05-12 9.91  2025-05-13 10.72  8.17 
PLTR  Palantir Technologies Inc 2795.55                       Technology 2025-05-12 118.46  2025-05-13 128.1  8.14 
 RKT       Rocket Companies Inc  233.38               Financial Services  2025-05-12 11.67  2025-05-13 12.61  8.05 

=== 市值超过50亿的涨幅榜前20名股票 ===
股票代码                公司名称                 市值(亿)                 板块                       昨天收盘              今天收盘       涨跌幅(%)
FSLR                    First Solar Inc  167.53                   Semiconductors 2025-05-12 156.21  2025-05-13 191.6 22.66 
 SMR                 Nuscale Power Corp   50.53             Electrical Equipment  2025-05-12 17.79  2025-05-13 21.64 21.64 
SMCI           Super Micro Computer Inc  200.04                       Technology  2025-05-12 33.52  2025-05-13 38.89 16.02 
HIMS             Hims & Hers Health Inc  123.58                      Health Care  2025-05-12 55.21   2025-05-13 64.0 15.92 
ONON                      On Holding AG  166.16 Textiles, Apparel & Luxury Goods  2025-05-12 51.31  2025-05-13 57.38 11.83 
 TEM                      Tempus AI Inc  108.53   Life Sciences Tools & Services  2025-05-12 62.69  2025-05-13 68.91  9.92 
ALAB                    Astera Labs Inc  132.40                   Semiconductors  2025-05-12 80.28  2025-05-13 87.76  9.32 
HOOD              Robinhood Markets Inc  506.80               Financial Services  2025-05-12 57.43  2025-05-13 62.57  8.95 
 QXO                            QXO Inc   74.95 Trading Companies & Distributors  2025-05-12 14.45  2025-05-13 15.73  8.86 
  LB                  LandBridge Co LLC   55.69                      Real Estate  2025-05-12 72.84  2025-05-13 78.95  8.39 
  VG                 Venture Global Inc  239.78                           Energy   2025-05-12 9.91  2025-05-13 10.72  8.17 
PLTR          Palantir Technologies Inc 2795.55                       Technology 2025-05-12 118.46  2025-05-13 128.1  8.14 
 RKT               Rocket Companies Inc  233.38               Financial Services  2025-05-12 11.67  2025-05-13 12.61  8.05 
COOP                Mr Cooper Group Inc   76.27               Financial Services  2025-05-12 119.2 2025-05-13 128.35  7.68 
NTNX                        Nutanix Inc  204.93                       Technology  2025-05-12 76.85   2025-05-13 82.4  7.22 
CRDO Credo Technology Group Holding Ltd   93.78                   Semiconductors  2025-05-12 55.23  2025-05-13 59.07  6.95 
 NXT                     Nextracker Inc   73.73             Electrical Equipment  2025-05-12 50.63  2025-05-13 54.09  6.83 
 APP                      Applovin Corp 1177.25                       Technology  2025-05-12 347.9  2025-05-13 370.1  6.38 
 VST                        Vistra Corp  495.73                        Utilities 2025-05-12 146.09  2025-05-13 155.0  6.10 
 PSX                        Phillips 66  483.55                           Energy 2025-05-12 118.68 2025-05-13 125.57  5.81 

=== 市值超过100亿的涨幅榜前20名股票 ===
股票代码            公司名称            市值(亿)                  板块                       昨天收盘              今天收盘       涨跌幅(%)
FSLR           First Solar Inc   167.53                   Semiconductors 2025-05-12 156.21  2025-05-13 191.6 22.66 
SMCI  Super Micro Computer Inc   200.04                       Technology  2025-05-12 33.52  2025-05-13 38.89 16.02 
HIMS    Hims & Hers Health Inc   123.58                      Health Care  2025-05-12 55.21   2025-05-13 64.0 15.92 
ONON             On Holding AG   166.16 Textiles, Apparel & Luxury Goods  2025-05-12 51.31  2025-05-13 57.38 11.83 
 TEM             Tempus AI Inc   108.53   Life Sciences Tools & Services  2025-05-12 62.69  2025-05-13 68.91  9.92 
ALAB           Astera Labs Inc   132.40                   Semiconductors  2025-05-12 80.28  2025-05-13 87.76  9.32 
HOOD     Robinhood Markets Inc   506.80               Financial Services  2025-05-12 57.43  2025-05-13 62.57  8.95 
  VG        Venture Global Inc   239.78                           Energy   2025-05-12 9.91  2025-05-13 10.72  8.17 
PLTR Palantir Technologies Inc  2795.55                       Technology 2025-05-12 118.46  2025-05-13 128.1  8.14 
 RKT      Rocket Companies Inc   233.38               Financial Services  2025-05-12 11.67  2025-05-13 12.61  8.05 
NTNX               Nutanix Inc   204.93                       Technology  2025-05-12 76.85   2025-05-13 82.4  7.22 
 APP             Applovin Corp  1177.25                       Technology  2025-05-12 347.9  2025-05-13 370.1  6.38 
 VST               Vistra Corp   495.73                        Utilities 2025-05-12 146.09  2025-05-13 155.0  6.10 
 PSX               Phillips 66   483.55                           Energy 2025-05-12 118.68 2025-05-13 125.57  5.81 
 XYZ                 Block Inc   338.40               Financial Services  2025-05-12 55.02  2025-05-13 58.17  5.73 
RBRK                Rubrik Inc   149.18                       Technology  2025-05-12 78.61   2025-05-13 83.1  5.71 
NVDA               NVIDIA Corp 29996.70                   Semiconductors  2025-05-12 123.0 2025-05-13 129.93  5.63 
 NET            Cloudflare Inc   494.12                       Technology 2025-05-12 142.36 2025-05-13 150.36  5.62 
FOXA                  Fox Corp   229.03                            Media  2025-05-12 52.42  2025-05-13 55.24  5.38 
ANET       Arista Networks Inc  1159.47                   Communications  2025-05-12 92.32  2025-05-13 97.25  5.34 

=== 市值超过200亿的涨幅榜前20名股票 ===
股票代码             公司名称              市值(亿)           板块                昨天收盘              今天收盘       涨跌幅(%)
SMCI     Super Micro Computer Inc   200.04         Technology  2025-05-12 33.52  2025-05-13 38.89 16.02 
HOOD        Robinhood Markets Inc   506.80 Financial Services  2025-05-12 57.43  2025-05-13 62.57  8.95 
  VG           Venture Global Inc   239.78             Energy   2025-05-12 9.91  2025-05-13 10.72  8.17 
PLTR    Palantir Technologies Inc  2795.55         Technology 2025-05-12 118.46  2025-05-13 128.1  8.14 
 RKT         Rocket Companies Inc   233.38 Financial Services  2025-05-12 11.67  2025-05-13 12.61  8.05 
NTNX                  Nutanix Inc   204.93         Technology  2025-05-12 76.85   2025-05-13 82.4  7.22 
 APP                Applovin Corp  1177.25         Technology  2025-05-12 347.9  2025-05-13 370.1  6.38 
 VST                  Vistra Corp   495.73          Utilities 2025-05-12 146.09  2025-05-13 155.0  6.10 
 PSX                  Phillips 66   483.55             Energy 2025-05-12 118.68 2025-05-13 125.57  5.81 
 XYZ                    Block Inc   338.40 Financial Services  2025-05-12 55.02  2025-05-13 58.17  5.73 
NVDA                  NVIDIA Corp 29996.70     Semiconductors  2025-05-12 123.0 2025-05-13 129.93  5.63 
 NET               Cloudflare Inc   494.12         Technology 2025-05-12 142.36 2025-05-13 150.36  5.62 
FOXA                     Fox Corp   229.03              Media  2025-05-12 52.42  2025-05-13 55.24  5.38 
ANET          Arista Networks Inc  1159.47     Communications  2025-05-12 92.32  2025-05-13 97.25  5.34 
  UI                 Ubiquiti Inc   262.66     Communications 2025-05-12 434.21 2025-05-13 456.69  5.18 
 UAL United Airlines Holdings Inc   256.77           Airlines  2025-05-12 78.62   2025-05-13 82.6  5.06 
  MU        Micron Technology Inc  1031.41     Semiconductors  2025-05-12 92.29  2025-05-13 96.93  5.03 
TSLA                    Tesla Inc 10240.75        Automobiles 2025-05-12 318.38 2025-05-13 334.07  4.93 
AVGO                 Broadcom Inc 10418.58     Semiconductors 2025-05-12 221.58 2025-05-13 232.42  4.89 
 FOX                     Fox Corp   229.03              Media  2025-05-12 48.72  2025-05-13 51.08  4.84 

=== 市值超过1000亿的涨跌榜前20名股票 ===
股票代码            公司名称             市值(亿)            板块                 昨天收盘              今天收盘       涨跌幅(%)
PLTR  Palantir Technologies Inc  2795.55           Technology 2025-05-12 118.46  2025-05-13 128.1  8.14 
 APP              Applovin Corp  1177.25           Technology  2025-05-12 347.9  2025-05-13 370.1  6.38 
NVDA                NVIDIA Corp 29996.70       Semiconductors  2025-05-12 123.0 2025-05-13 129.93  5.63 
ANET        Arista Networks Inc  1159.47       Communications  2025-05-12 92.32  2025-05-13 97.25  5.34 
  MU      Micron Technology Inc  1031.41       Semiconductors  2025-05-12 92.29  2025-05-13 96.93  5.03 
TSLA                  Tesla Inc 10240.75          Automobiles 2025-05-12 318.38 2025-05-13 334.07  4.93 
AVGO               Broadcom Inc 10418.58       Semiconductors 2025-05-12 221.58 2025-05-13 232.42  4.89 
KLAC                   KLA Corp  1005.66       Semiconductors 2025-05-12 760.47  2025-05-13 795.9  4.66 
MSTR          Microstrategy Inc  1107.01           Technology  2025-05-12 404.9 2025-05-13 421.61  4.13 
UBER      Uber Technologies Inc  1842.32          Road & Rail   2025-05-12 88.1  2025-05-13 91.72  4.11 
 AMD Advanced Micro Devices Inc  1753.06       Semiconductors 2025-05-12 108.12 2025-05-13 112.46  4.01 
 GEV             GE Vernova Inc  1137.13 Electrical Equipment 2025-05-12 416.63 2025-05-13 433.33  4.01 
LRCX          Lam Research Corp  1052.07       Semiconductors  2025-05-12 82.25  2025-05-13 85.25  3.65 
 NEE         Nextera Energy Inc  1434.66            Utilities  2025-05-12 69.69  2025-05-13 72.11  3.47 
ORCL                Oracle Corp  4408.82           Technology 2025-05-12 157.22 2025-05-13 162.27  3.21 
SHOP                Shopify Inc  1353.71           Technology 2025-05-12 104.34 2025-05-13 107.68  3.20 
AMAT      Applied Materials Inc  1364.82       Semiconductors 2025-05-12 167.99 2025-05-13 173.03  3.00 
 CAT            Caterpillar Inc  1611.06            Machinery 2025-05-12 342.55 2025-05-13 352.54  2.92 
 ETN      Eaton Corporation PLC  1260.34 Electrical Equipment 2025-05-12 322.09 2025-05-13 330.75  2.69 
META         Meta Platforms Inc 16076.22                Media 2025-05-12 639.43 2025-05-13 656.03  2.60 
