
=== 涨幅榜前20名股票 ===
 股票代码                   公司名称                   市值(亿)           板块                昨天收盘            今天收盘      涨跌幅(%)
LOBEF                        Lobe Sciences Ltd  0.04                   N/A  2025-02-19 0.0 2025-02-20 0.02 900.00
 ZEVY                    Lightning eMotors Inc  0.00             Machinery  2025-02-19 0.0  2025-02-20 0.0 900.00
MMIRF                              MedMira Inc  0.91           Health Care 2025-02-19 0.02 2025-02-20 0.07 250.00
 LLBO             Lifeline Biotechnologies Inc  0.00           Health Care  2025-02-19 0.0  2025-02-20 0.0 200.00
 INCC International Consolidated Companies Inc  0.00                 Media 2025-02-19 0.03 2025-02-20 0.09 196.66
 MNDR          Mobile-health Network Solutions  0.11           Health Care 2025-02-19 0.33 2025-02-20 0.94 185.68
VEVMQ                      Vicinity Motor Corp  0.04             Machinery  2025-02-19 0.0  2025-02-20 0.0 160.00
 UAPC           United American Petroleum Corp  0.00                Energy  2025-02-19 0.0  2025-02-20 0.0 157.14
 CBGL                    Cannabis Global, Inc.  0.00       Pharmaceuticals  2025-02-19 0.0  2025-02-20 0.0 100.00
 GGII           Fast Moving Consumer Goods Inc  0.06 Professional Services  2025-02-19 0.0  2025-02-20 0.0 100.00
 MJLB                      Ultrack Systems Inc  0.00        Communications  2025-02-19 0.0  2025-02-20 0.0 100.00
 KOAN                   APOLLO BioWellness Inc  0.00       Pharmaceuticals  2025-02-19 0.0  2025-02-20 0.0  84.21
 HGAS                          Global Gas Corp  0.02             Chemicals 2025-02-19 0.16 2025-02-20 0.29  81.25
NVSGF               Nevada Sunrise Metals Corp  0.02       Metals & Mining 2025-02-19 0.01 2025-02-20 0.02  76.00
 MGAM                Mobile Global Esports Inc  0.00                 Media 2025-02-19 0.01 2025-02-20 0.01  66.67
 PDIV     Premier Development & Investment Inc  2.49                   N/A  2025-02-19 1.0  2025-02-20 1.6  60.00
 NUGN                        Livento Group Inc  0.01                   N/A  2025-02-19 0.0  2025-02-20 0.0  60.00
 SILS                   Silver Scott Mines Inc  0.02                   N/A 2025-02-19 0.05 2025-02-20 0.07  53.56
 ABQQ              AB International Group Corp  0.00                 Media  2025-02-19 0.0  2025-02-20 0.0  50.00
 SOAR                         Volato Group Inc  0.09              Airlines 2025-02-19 0.13  2025-02-20 0.2  49.25

=== 市值超过20亿的涨幅榜前20名股票 ===
 股票代码               公司名称               市值(亿)                  板块                       昨天收盘              今天收盘       涨跌幅(%)
BLBLF                    Bilibili Inc    88.35                            Media  2025-02-19 16.67   2025-02-20 22.0 31.97 
    U              Unity Software Inc    86.49                       Technology  2025-02-19 21.47   2025-02-20 28.0 30.41 
RPGRF                   REA Group Ltd   351.70                            Media  2025-02-19 126.0 2025-02-20 160.59 27.45 
MIXIF                        MIXI Inc  2500.74                            Media  2025-02-19 18.81  2025-02-20 23.81 26.58 
RGRNF             Regis Resources Ltd    24.02                  Metals & Mining   2025-02-19 1.75   2025-02-20 2.15 22.86 
 FTAI               FTAI Aviation Ltd   147.49 Trading Companies & Distributors 2025-02-19 125.75 2025-02-20 143.82 14.37 
KAJMF                     Kajima Corp 15204.86                     Construction  2025-02-19 18.15   2025-02-20 20.7 14.05 
 QBTS              D-Wave Quantum Inc    22.93                       Technology   2025-02-19 6.54   2025-02-20 7.39 13.00 
  HAS                      Hasbro Inc    96.34                 Leisure Products  2025-02-19 61.14  2025-02-20 69.06 12.95 
 SHAK                 Shake Shack Inc    47.25    Hotels, Restaurants & Leisure 2025-02-19 111.23 2025-02-20 123.61 11.13 
BCKIF Babcock International Group PLC    32.74              Aerospace & Defense   2025-02-19 7.83   2025-02-20 8.68 10.86 
  BHC     Bausch Health Companies Inc    33.21                  Pharmaceuticals   2025-02-19 6.51   2025-02-20 7.18 10.29 
 CYTK                Cytokinetics Inc    54.76                    Biotechnology   2025-02-19 46.4  2025-02-20 51.12 10.17 
HSNGF              Hang Seng Bank Ltd  1968.85                          Banking  2025-02-19 12.18  2025-02-20 13.39  9.93 
VRNOF            Verano Holdings Corp    21.70                  Pharmaceuticals   2025-02-19 0.95   2025-02-20 1.04  9.47 
PILBF            Pilbara Minerals Ltd    60.25                  Metals & Mining   2025-02-19 1.28   2025-02-20 1.39  8.59 
  BAX        Baxter International Inc   157.36                      Health Care  2025-02-19 30.82  2025-02-20 33.44  8.50 
MITSF                 Mitsui & Co Ltd 79406.36 Trading Companies & Distributors  2025-02-19 18.75  2025-02-20 20.32  8.37 
IPOAF    Industrias Penoles SAB de CV  1289.33                  Metals & Mining   2025-02-19 15.0  2025-02-20 16.25  8.33 
IVPAF               Ivanhoe Mines Ltd   213.38                  Metals & Mining  2025-02-19 11.07   2025-02-20 11.9  7.50 

=== 市值超过50亿的涨幅榜前20名股票 ===
 股票代码                    公司名称                     市值(亿)                  板块                       昨天收盘              今天收盘       涨跌幅(%)
BLBLF                               Bilibili Inc    88.35                            Media  2025-02-19 16.67   2025-02-20 22.0 31.97 
    U                         Unity Software Inc    86.49                       Technology  2025-02-19 21.47   2025-02-20 28.0 30.41 
RPGRF                              REA Group Ltd   351.70                            Media  2025-02-19 126.0 2025-02-20 160.59 27.45 
MIXIF                                   MIXI Inc  2500.74                            Media  2025-02-19 18.81  2025-02-20 23.81 26.58 
 FTAI                          FTAI Aviation Ltd   147.49 Trading Companies & Distributors 2025-02-19 125.75 2025-02-20 143.82 14.37 
KAJMF                                Kajima Corp 15204.86                     Construction  2025-02-19 18.15   2025-02-20 20.7 14.05 
  HAS                                 Hasbro Inc    96.34                 Leisure Products  2025-02-19 61.14  2025-02-20 69.06 12.95 
 CYTK                           Cytokinetics Inc    54.76                    Biotechnology   2025-02-19 46.4  2025-02-20 51.12 10.17 
HSNGF                         Hang Seng Bank Ltd  1968.85                          Banking  2025-02-19 12.18  2025-02-20 13.39  9.93 
PILBF                       Pilbara Minerals Ltd    60.25                  Metals & Mining   2025-02-19 1.28   2025-02-20 1.39  8.59 
  BAX                   Baxter International Inc   157.36                      Health Care  2025-02-19 30.82  2025-02-20 33.44  8.50 
MITSF                            Mitsui & Co Ltd 79406.36 Trading Companies & Distributors  2025-02-19 18.75  2025-02-20 20.32  8.37 
IPOAF               Industrias Penoles SAB de CV  1289.33                  Metals & Mining   2025-02-19 15.0  2025-02-20 16.25  8.33 
IVPAF                          Ivanhoe Mines Ltd   213.38                  Metals & Mining  2025-02-19 11.07   2025-02-20 11.9  7.50 
LYSCF                      Lynas Rare Earths Ltd    64.12                  Metals & Mining   2025-02-19 4.21    2025-02-20 4.5  6.89 
  MFC                    Manulife Financial Corp   741.40                        Insurance  2025-02-19 29.78  2025-02-20 31.82  6.85 
 SMMT                    Summit Therapeutics Inc   159.29                    Biotechnology   2025-02-19 21.6  2025-02-20 23.06  6.76 
SFOSF Shanghai Fosun Pharmaceutical Group Co Ltd   620.63                  Pharmaceuticals   2025-02-19 1.88    2025-02-20 2.0  6.38 
CSCCF                       Capstone Copper Corp    64.84                  Metals & Mining   2025-02-19 5.83   2025-02-20 6.18  6.08 
BABAF                  Alibaba Group Holding Ltd  3087.01                           Retail  2025-02-19 16.16  2025-02-20 17.14  6.05 

=== 市值超过100亿的涨幅榜前20名股票 ===
 股票代码                    公司名称                      市值(亿)                  板块                       昨天收盘              今天收盘       涨跌幅(%)
RPGRF                              REA Group Ltd    351.70                            Media  2025-02-19 126.0 2025-02-20 160.59 27.45 
MIXIF                                   MIXI Inc   2500.74                            Media  2025-02-19 18.81  2025-02-20 23.81 26.58 
 FTAI                          FTAI Aviation Ltd    147.49 Trading Companies & Distributors 2025-02-19 125.75 2025-02-20 143.82 14.37 
KAJMF                                Kajima Corp  15204.86                     Construction  2025-02-19 18.15   2025-02-20 20.7 14.05 
HSNGF                         Hang Seng Bank Ltd   1968.85                          Banking  2025-02-19 12.18  2025-02-20 13.39  9.93 
  BAX                   Baxter International Inc    157.36                      Health Care  2025-02-19 30.82  2025-02-20 33.44  8.50 
MITSF                            Mitsui & Co Ltd  79406.36 Trading Companies & Distributors  2025-02-19 18.75  2025-02-20 20.32  8.37 
IPOAF               Industrias Penoles SAB de CV   1289.33                  Metals & Mining   2025-02-19 15.0  2025-02-20 16.25  8.33 
IVPAF                          Ivanhoe Mines Ltd    213.38                  Metals & Mining  2025-02-19 11.07   2025-02-20 11.9  7.50 
  MFC                    Manulife Financial Corp    741.40                        Insurance  2025-02-19 29.78  2025-02-20 31.82  6.85 
 SMMT                    Summit Therapeutics Inc    159.29                    Biotechnology   2025-02-19 21.6  2025-02-20 23.06  6.76 
SFOSF Shanghai Fosun Pharmaceutical Group Co Ltd    620.63                  Pharmaceuticals   2025-02-19 1.88    2025-02-20 2.0  6.38 
BABAF                  Alibaba Group Holding Ltd   3087.01                           Retail  2025-02-19 16.16  2025-02-20 17.14  6.05 
  LKQ                                   LKQ Corp    108.53                     Distributors   2025-02-19 39.4  2025-02-20 41.75  5.96 
 ICLR                                   ICON PLC    157.95   Life Sciences Tools & Services 2025-02-19 191.32 2025-02-20 201.84  5.50 
KYCCF                               Keyence Corp 157642.10             Electrical Equipment  2025-02-19 419.5  2025-02-20 441.0  5.13 
LUNMF                         Lundin Mining Corp    106.82                  Metals & Mining   2025-02-19 8.67    2025-02-20 9.1  4.96 
 PAAS                   Pan American Silver Corp    125.58                  Metals & Mining  2025-02-19 24.32   2025-02-20 25.5  4.85 
AACAF              AAC Technologies Holdings Inc    564.49             Electrical Equipment    2025-02-19 6.2    2025-02-20 6.5  4.84 
 BMRN                BioMarin Pharmaceutical Inc    125.04                    Biotechnology  2025-02-19 65.61  2025-02-20 68.73  4.76 

=== 市值超过200亿的涨幅榜前20名股票 ===
 股票代码                    公司名称                      市值(亿)                  板块                       昨天收盘              今天收盘       涨跌幅(%)
RPGRF                              REA Group Ltd    351.70                            Media  2025-02-19 126.0 2025-02-20 160.59 27.45 
MIXIF                                   MIXI Inc   2500.74                            Media  2025-02-19 18.81  2025-02-20 23.81 26.58 
KAJMF                                Kajima Corp  15204.86                     Construction  2025-02-19 18.15   2025-02-20 20.7 14.05 
HSNGF                         Hang Seng Bank Ltd   1968.85                          Banking  2025-02-19 12.18  2025-02-20 13.39  9.93 
MITSF                            Mitsui & Co Ltd  79406.36 Trading Companies & Distributors  2025-02-19 18.75  2025-02-20 20.32  8.37 
IPOAF               Industrias Penoles SAB de CV   1289.33                  Metals & Mining   2025-02-19 15.0  2025-02-20 16.25  8.33 
IVPAF                          Ivanhoe Mines Ltd    213.38                  Metals & Mining  2025-02-19 11.07   2025-02-20 11.9  7.50 
  MFC                    Manulife Financial Corp    741.40                        Insurance  2025-02-19 29.78  2025-02-20 31.82  6.85 
SFOSF Shanghai Fosun Pharmaceutical Group Co Ltd    620.63                  Pharmaceuticals   2025-02-19 1.88    2025-02-20 2.0  6.38 
BABAF                  Alibaba Group Holding Ltd   3087.01                           Retail  2025-02-19 16.16  2025-02-20 17.14  6.05 
KYCCF                               Keyence Corp 157642.10             Electrical Equipment  2025-02-19 419.5  2025-02-20 441.0  5.13 
AACAF              AAC Technologies Holdings Inc    564.49             Electrical Equipment    2025-02-19 6.2    2025-02-20 6.5  4.84 
OPMXF     Operadora de Sites Mexicanos SAB De CV    277.98                Telecommunication   2025-02-19 0.48    2025-02-20 0.5  4.70 
GLAXF                                    GSK plc    586.74                  Pharmaceuticals  2025-02-19 17.68   2025-02-20 18.5  4.64 
BYDDF                                 BYD Co Ltd  10111.73                      Automobiles  2025-02-19 46.94  2025-02-20 49.08  4.56 
MTPLF                             Metaplanet Inc   2361.71    Hotels, Restaurants & Leisure  2025-02-19 40.74  2025-02-20 42.51  4.34 
CABJF                              Carlsberg A/S   1152.01                        Beverages 2025-02-19 116.62  2025-02-20 121.5  4.18 
  TXN                      Texas Instruments Inc   1787.17                   Semiconductors 2025-02-19 196.32 2025-02-20 203.96  3.89 
IFNNF                   Infineon Technologies AG    492.12                   Semiconductors   2025-02-19 39.5   2025-02-20 41.0  3.80 
  LNG                        Cheniere Energy Inc    509.13                           Energy 2025-02-19 218.81 2025-02-20 226.92  3.71 

=== 市值超过1000亿的涨跌榜前20名股票 ===
 股票代码             公司名称               市值(亿)                  板块                       昨天收盘              今天收盘       涨跌幅(%)
MIXIF                     MIXI Inc   2500.74                            Media  2025-02-19 18.81  2025-02-20 23.81 26.58 
KAJMF                  Kajima Corp  15204.86                     Construction  2025-02-19 18.15   2025-02-20 20.7 14.05 
HSNGF           Hang Seng Bank Ltd   1968.85                          Banking  2025-02-19 12.18  2025-02-20 13.39  9.93 
MITSF              Mitsui & Co Ltd  79406.36 Trading Companies & Distributors  2025-02-19 18.75  2025-02-20 20.32  8.37 
IPOAF Industrias Penoles SAB de CV   1289.33                  Metals & Mining   2025-02-19 15.0  2025-02-20 16.25  8.33 
BABAF    Alibaba Group Holding Ltd   3087.01                           Retail  2025-02-19 16.16  2025-02-20 17.14  6.05 
KYCCF                 Keyence Corp 157642.10             Electrical Equipment  2025-02-19 419.5  2025-02-20 441.0  5.13 
BYDDF                   BYD Co Ltd  10111.73                      Automobiles  2025-02-19 46.94  2025-02-20 49.08  4.56 
MTPLF               Metaplanet Inc   2361.71    Hotels, Restaurants & Leisure  2025-02-19 40.74  2025-02-20 42.51  4.34 
CABJF                Carlsberg A/S   1152.01                        Beverages 2025-02-19 116.62  2025-02-20 121.5  4.18 
  TXN        Texas Instruments Inc   1787.17                   Semiconductors 2025-02-19 196.32 2025-02-20 203.96  3.89 
BACHF            Bank of China Ltd  15106.42                          Banking   2025-02-19 0.54   2025-02-20 0.56  3.70 
TCTZF         Tencent Holdings Ltd  45567.41                            Media  2025-02-19 63.31  2025-02-20 65.36  3.24 
ALIZF                   Allianz SE   1264.43                        Insurance 2025-02-19 328.87  2025-02-20 338.0  2.78 
ESLOF          EssilorLuxottica SA   1344.27                      Health Care 2025-02-19 303.66  2025-02-20 312.0  2.75 
AMKBF      AP Moeller - Maersk A/S   1934.13                           Marine 2025-02-19 1706.5 2025-02-20 1750.0  2.55 
  COP               Conocophillips   1288.00                           Energy  2025-02-19 99.57  2025-02-20 102.0  2.44 
  TRI         Thomson Reuters Corp   1108.37            Professional Services  2025-02-19 172.6  2025-02-20 176.8  2.43 
  MRK               Merck & Co Inc   2217.98                  Pharmaceuticals   2025-02-19 85.6  2025-02-20 87.68  2.43 
AAIGF                AIA Group Ltd   5962.09                        Insurance   2025-02-19 7.01   2025-02-20 7.17  2.28 
