
=== 涨幅榜前20名股票 ===
股票代码                         公司名称                         市值(亿)                板块                     昨天收盘             今天收盘        涨跌幅(%)
QMMM                                    QMMM Holdings Ltd   1.31                          Media 2025-09-08 11.27 2025-09-09 207.0 1736.73
EPSM                                Epsium Enterprise Ltd   3.63                   Distributors 2025-09-08 26.98 2025-09-09 138.0  411.49
 DSY                          Big Tree Cloud Holdings Ltd   0.58              Consumer products  2025-09-08 1.02  2025-09-09 2.75  169.61
ISPC                                        iSpecimen Inc   0.04                    Health Care  2025-09-08 0.75  2025-09-09 1.94  159.71
CDTG CDT Environmental Technology Investment Holdings Ltd   0.07 Commercial Services & Supplies  2025-09-08 0.55  2025-09-09 1.04   88.41
NAKA                                        Kindly MD Inc  17.15                    Health Care  2025-09-08 4.56  2025-09-09 8.08   77.19
 MMA                         Mixed Martial Arts Group Ltd   0.11  Diversified Consumer Services  2025-09-08 0.85  2025-09-09 1.45   70.59
 SOS                                              Sos Ltd   5.50          Professional Services   2025-09-08 1.2  2025-09-09 2.04   70.00
TRML                                   Tourmaline Bio Inc   7.75                  Biotechnology 2025-09-08 30.18 2025-09-09 47.64   57.85
 UFG                               Uni-Fuels Holdings Ltd   1.77                         Energy  2025-09-08 6.35  2025-09-09 9.65   51.97
SAIH                                          SAIHEAT Ltd   0.60                     Technology  2025-09-08 5.65   2025-09-09 8.5   50.44
NBIS                                      Nebius Group NV 152.67                     Technology 2025-09-08 64.06 2025-09-09 95.72   49.42
CHSN                        Chanson International Holding   0.13                         Retail  2025-09-08 2.19  2025-09-09 3.24   47.95
VERI                                         Veritone Inc   1.45                     Technology  2025-09-08 2.63  2025-09-09 3.84   46.01
 ITP                                IT Tech Packaging Inc   0.03                 Paper & Forest   2025-09-08 0.2  2025-09-09 0.28   41.50
PRPH                                    Prophase Labs Inc   0.16                Pharmaceuticals  2025-09-08 0.38  2025-09-09 0.51   35.53
ENGS                                    Energys Group Ltd   0.60                   Construction  2025-09-08 4.24  2025-09-09 5.71   34.67
 RAY                                  Raytech Holding Ltd   0.22                   Distributors  2025-09-08 0.51  2025-09-09 0.67   30.39
 ZNB                                   Zeta Network Group   0.01  Diversified Consumer Services  2025-09-08 1.69  2025-09-09 2.19   29.59
 LUD                            Luda Technology Group Ltd   1.32                Metals & Mining 2025-09-08 13.16 2025-09-09 16.94   28.72

=== 市值超过20亿的涨幅榜前20名股票 ===
股票代码            公司名称             市值(亿)          板块                昨天收盘              今天收盘       涨跌幅(%)
NBIS            Nebius Group NV  152.67         Technology  2025-09-08 64.06  2025-09-09 95.72 49.42 
CIFR          Cipher Mining Inc   30.36         Technology   2025-09-08 7.72   2025-09-09 9.22 19.43 
IREN                   IREN Ltd   71.00         Technology  2025-09-08 26.19  2025-09-09 30.19 15.27 
RIOT         Riot Platforms Inc   49.68         Technology  2025-09-08 13.44  2025-09-09 15.21 13.17 
 BHF  Brighthouse Financial Inc   24.79          Insurance  2025-09-08 43.38  2025-09-09 48.81 12.52 
TECK         Teck Resources Ltd  171.67    Metals & Mining  2025-09-08 35.11  2025-09-09 39.07 11.28 
DAVE                   Dave Inc   26.35 Financial Services  2025-09-08 195.2 2025-09-09 217.16 11.25 
LUMN     Lumen Technologies Inc   52.54  Telecommunication   2025-09-08 5.12   2025-09-09 5.63  9.96 
UUUU           Energy Fuels Inc   27.45             Energy   2025-09-08 11.9  2025-09-09 13.08  9.92 
APLD       Applied Digital Corp   36.38         Technology  2025-09-08 13.91   2025-09-09 15.2  9.27 
BTDR Bitdeer Technologies Group   24.99         Technology   2025-09-08 12.7  2025-09-09 13.85  9.06 
RGTI      Rigetti Computing Inc   49.11     Semiconductors  2025-09-08 15.15   2025-09-09 16.5  8.91 
 UNH     UnitedHealth Group Inc 2900.42        Health Care 2025-09-08 320.25 2025-09-09 347.92  8.64 
 CNC               Centene Corp  141.64        Health Care  2025-09-08 28.84  2025-09-09 31.06  7.70 
 CVI             CVR Energy Inc   30.99             Energy  2025-09-08 30.83  2025-09-09 33.13  7.46 
IONQ                   IONQ Inc  122.08         Technology  2025-09-08 41.01   2025-09-09 44.0  7.29 
SMCI   Super Micro Computer Inc  237.95         Technology  2025-09-08 40.04  2025-09-09 42.92  7.19 
MLYS Mineralys Therapeutics Inc   27.34      Biotechnology  2025-09-08 35.93   2025-09-09 38.5  7.15 
 AGX                  Argan Inc   28.15       Construction 2025-09-08 203.84 2025-09-09 217.41  6.66 
IBRX            Immunitybio Inc   22.78      Biotechnology   2025-09-08 2.41   2025-09-09 2.57  6.64 

=== 市值超过50亿的涨幅榜前20名股票 ===
股票代码             公司名称             市值(亿)           板块                 昨天收盘              今天收盘       涨跌幅(%)
NBIS             Nebius Group NV  152.67           Technology  2025-09-08 64.06  2025-09-09 95.72 49.42 
IREN                    IREN Ltd   71.00           Technology  2025-09-08 26.19  2025-09-09 30.19 15.27 
TECK          Teck Resources Ltd  171.67      Metals & Mining  2025-09-08 35.11  2025-09-09 39.07 11.28 
LUMN      Lumen Technologies Inc   52.54    Telecommunication   2025-09-08 5.12   2025-09-09 5.63  9.96 
 UNH      UnitedHealth Group Inc 2900.42          Health Care 2025-09-08 320.25 2025-09-09 347.92  8.64 
 CNC                Centene Corp  141.64          Health Care  2025-09-08 28.84  2025-09-09 31.06  7.70 
IONQ                    IONQ Inc  122.08           Technology  2025-09-08 41.01   2025-09-09 44.0  7.29 
SMCI    Super Micro Computer Inc  237.95           Technology  2025-09-08 40.04  2025-09-09 42.92  7.19 
ALNY Alnylam Pharmaceuticals Inc  596.45        Biotechnology 2025-09-08 455.03 2025-09-09 482.13  5.96 
 APH               Amphenol Corp 1349.61 Electrical Equipment 2025-09-08 110.54 2025-09-09 116.79  5.65 
TEAM              Atlassian Corp  453.05           Technology  2025-09-08 172.7 2025-09-09 182.36  5.59 
IONS   Ionis Pharmaceuticals Inc   97.23        Biotechnology   2025-09-08 61.0   2025-09-09 64.4  5.57 
COIN         Coinbase Global Inc  776.47   Financial Services  2025-09-08 302.2 2025-09-09 318.78  5.49 
NTRA                  Natera Inc  229.74        Biotechnology 2025-09-08 167.39 2025-09-09 176.37  5.36 
LCID             Lucid Group Inc   56.66          Automobiles  2025-09-08 18.44  2025-09-09 19.39  5.15 
CRCL   Circle Internet Group Inc  238.23           Technology 2025-09-08 112.46 2025-09-09 117.99  4.92 
MARA           MARA Holdings Inc   56.31           Technology   2025-09-08 15.2  2025-09-09 15.93  4.80 
QBTS          D-Wave Quantum Inc   52.74           Technology  2025-09-08 15.42  2025-09-09 16.15  4.73 
OKLO                    Oklo Inc  104.39            Utilities  2025-09-08 70.72  2025-09-09 73.97  4.60 
RDDT                  Reddit Inc  430.42                Media 2025-09-08 229.98  2025-09-09 240.2  4.44 

=== 市值超过100亿的涨幅榜前20名股票 ===
股票代码                公司名称                 市值(亿)                板块                     昨天收盘              今天收盘       涨跌幅(%)
NBIS                    Nebius Group NV  152.67                    Technology  2025-09-08 64.06  2025-09-09 95.72 49.42 
TECK                 Teck Resources Ltd  171.67               Metals & Mining  2025-09-08 35.11  2025-09-09 39.07 11.28 
 UNH             UnitedHealth Group Inc 2900.42                   Health Care 2025-09-08 320.25 2025-09-09 347.92  8.64 
 CNC                       Centene Corp  141.64                   Health Care  2025-09-08 28.84  2025-09-09 31.06  7.70 
IONQ                           IONQ Inc  122.08                    Technology  2025-09-08 41.01   2025-09-09 44.0  7.29 
SMCI           Super Micro Computer Inc  237.95                    Technology  2025-09-08 40.04  2025-09-09 42.92  7.19 
ALNY        Alnylam Pharmaceuticals Inc  596.45                 Biotechnology 2025-09-08 455.03 2025-09-09 482.13  5.96 
 APH                      Amphenol Corp 1349.61          Electrical Equipment 2025-09-08 110.54 2025-09-09 116.79  5.65 
TEAM                     Atlassian Corp  453.05                    Technology  2025-09-08 172.7 2025-09-09 182.36  5.59 
COIN                Coinbase Global Inc  776.47            Financial Services  2025-09-08 302.2 2025-09-09 318.78  5.49 
NTRA                         Natera Inc  229.74                 Biotechnology 2025-09-08 167.39 2025-09-09 176.37  5.36 
CRCL          Circle Internet Group Inc  238.23                    Technology 2025-09-08 112.46 2025-09-09 117.99  4.92 
OKLO                           Oklo Inc  104.39                     Utilities  2025-09-08 70.72  2025-09-09 73.97  4.60 
RDDT                         Reddit Inc  430.42                         Media 2025-09-08 229.98  2025-09-09 240.2  4.44 
PLTR          Palantir Technologies Inc 3703.23                    Technology  2025-09-08 156.1 2025-09-09 162.36  4.01 
CASY          Caseys General Stores Inc  193.90                        Retail  2025-09-08 521.5  2025-09-09 541.3  3.80 
SATS                      EchoStar Corp  231.99                         Media  2025-09-08 80.63  2025-09-09 83.57  3.65 
NCLH Norwegian Cruise Line Holdings Ltd  110.86 Hotels, Restaurants & Leisure  2025-09-08 24.53  2025-09-09 25.37  3.42 
 VRT                 Vertiv Holdings Co  471.11          Electrical Equipment 2025-09-08 121.82 2025-09-09 125.58  3.09 
 VST                        Vistra Corp  637.38                     Utilities 2025-09-08 188.01 2025-09-09 193.78  3.07 

=== 市值超过200亿的涨幅榜前20名股票 ===
股票代码             公司名称             市值(亿)           板块                 昨天收盘              今天收盘       涨跌幅(%)
 UNH      UnitedHealth Group Inc 2900.42          Health Care 2025-09-08 320.25 2025-09-09 347.92  8.64 
SMCI    Super Micro Computer Inc  237.95           Technology  2025-09-08 40.04  2025-09-09 42.92  7.19 
ALNY Alnylam Pharmaceuticals Inc  596.45        Biotechnology 2025-09-08 455.03 2025-09-09 482.13  5.96 
 APH               Amphenol Corp 1349.61 Electrical Equipment 2025-09-08 110.54 2025-09-09 116.79  5.65 
TEAM              Atlassian Corp  453.05           Technology  2025-09-08 172.7 2025-09-09 182.36  5.59 
COIN         Coinbase Global Inc  776.47   Financial Services  2025-09-08 302.2 2025-09-09 318.78  5.49 
NTRA                  Natera Inc  229.74        Biotechnology 2025-09-08 167.39 2025-09-09 176.37  5.36 
CRCL   Circle Internet Group Inc  238.23           Technology 2025-09-08 112.46 2025-09-09 117.99  4.92 
RDDT                  Reddit Inc  430.42                Media 2025-09-08 229.98  2025-09-09 240.2  4.44 
PLTR   Palantir Technologies Inc 3703.23           Technology  2025-09-08 156.1 2025-09-09 162.36  4.01 
SATS               EchoStar Corp  231.99                Media  2025-09-08 80.63  2025-09-09 83.57  3.65 
 VRT          Vertiv Holdings Co  471.11 Electrical Equipment 2025-09-08 121.82 2025-09-09 125.58  3.09 
 VST                 Vistra Corp  637.38            Utilities 2025-09-08 188.01 2025-09-09 193.78  3.07 
 NRG              NRG Energy Inc  285.81            Utilities 2025-09-08 147.76 2025-09-09 152.26  3.05 
  GS     Goldman Sachs Group Inc 2245.74   Financial Services 2025-09-08 741.85 2025-09-09 763.92  2.97 
AFRM         Affirm Holdings Inc  279.70   Financial Services  2025-09-08 85.88  2025-09-09 88.42  2.96 
DDOG                 Datadog Inc  475.83           Technology 2025-09-08 136.44 2025-09-09 140.46  2.95 
 AMD  Advanced Micro Devices Inc 2457.15       Semiconductors 2025-09-08 151.41 2025-09-09 155.82  2.91 
  MU       Micron Technology Inc 1471.20       Semiconductors 2025-09-08 131.46 2025-09-09 135.24  2.88 
 VLO          Valero Energy Corp  488.84               Energy 2025-09-08 157.36 2025-09-09 161.83  2.84 

=== 市值超过1000亿的涨跌榜前20名股票 ===
 股票代码              公司名称              市值(亿)                 板块                     昨天收盘               今天收盘        涨跌幅(%)
  UNH        UnitedHealth Group Inc  2900.42                   Health Care  2025-09-08 320.25  2025-09-09 347.92  8.64 
  APH                 Amphenol Corp  1349.61          Electrical Equipment  2025-09-08 110.54  2025-09-09 116.79  5.65 
 PLTR     Palantir Technologies Inc  3703.23                    Technology   2025-09-08 156.1  2025-09-09 162.36  4.01 
   GS       Goldman Sachs Group Inc  2245.74            Financial Services  2025-09-08 741.85  2025-09-09 763.92  2.97 
  AMD    Advanced Micro Devices Inc  2457.15                Semiconductors  2025-09-08 151.41  2025-09-09 155.82  2.91 
   MU         Micron Technology Inc  1471.20                Semiconductors  2025-09-08 131.46  2025-09-09 135.24  2.88 
 GOOG                  Alphabet Inc 28313.99                         Media  2025-09-08 234.16  2025-09-09 239.94  2.47 
GOOGL                  Alphabet Inc 28313.99                         Media  2025-09-08 234.04  2025-09-09 239.63  2.39 
 DASH                  DoorDash Inc  1070.55 Hotels, Restaurants & Leisure   2025-09-08 250.6  2025-09-09 256.53  2.37 
   MS                Morgan Stanley  2375.19            Financial Services  2025-09-08 148.79  2025-09-09 152.22  2.31 
  APP                 Applovin Corp  1850.36                    Technology  2025-09-08 547.04  2025-09-09 558.17  2.03 
 IBKR Interactive Brokers Group Inc  1038.76            Financial Services   2025-09-08 61.11   2025-09-09 62.21  1.80 
    T                      AT&T Inc  2066.46             Telecommunication    2025-09-08 28.9   2025-09-09 29.42  1.80 
 META            Meta Platforms Inc 18897.49                         Media   2025-09-08 752.3   2025-09-09 765.7  1.78 
  JPM           JPMorgan Chase & Co  8054.30                       Banking  2025-09-08 292.91  2025-09-09 297.85  1.69 
  BAC          Bank of America Corp  3663.48                       Banking   2025-09-08 49.46   2025-09-09 50.29  1.68 
  LLY              Eli Lilly and Co  6990.91               Pharmaceuticals  2025-09-08 738.64  2025-09-09 750.61  1.62 
    C                 Citigroup Inc  1764.87                       Banking   2025-09-08 95.87   2025-09-09 97.34  1.53 
 NFLX                   Netflix Inc  5289.31                         Media 2025-09-08 1244.76 2025-09-09 1263.25  1.49 
 NVDA                   NVIDIA Corp 40899.33                Semiconductors  2025-09-08 168.31  2025-09-09 170.76  1.46 
