
=== 涨幅榜前20名股票 ===
股票代码                 公司名称                市值(亿)               板块                     昨天收盘             今天收盘       涨跌幅(%)
XTKG                  X3 Holdings Co Ltd  0.05                     Technology  2026-01-26 0.27   2026-01-27 0.6 125.17
GITS Global Interactive Technologies Inc  0.07                          Media  2026-01-26 1.91  2026-01-27 4.17 118.32
SAFX                      XCF Global Inc  0.30                         Energy  2026-01-26 0.14   2026-01-27 0.3 107.85
FLGC                   Flora Growth Corp  0.07              Consumer products  2026-01-26 6.32 2026-01-27 10.97  73.58
PHGE                           Biomx Inc  0.06                  Biotechnology   2026-01-26 4.1  2026-01-27 6.95  69.51
 ZNB                  Zeta Network Group  1.02  Diversified Consumer Services  2026-01-26 0.61  2026-01-27 0.99  62.31
MRNO       Murano Global Investments Plc  0.69                    Real Estate  2026-01-26 0.87  2026-01-27 1.36  56.32
  RR               Richtech Robotics Inc 11.85                      Machinery  2026-01-26 3.81  2026-01-27 5.51  44.62
ROMA              Roma Green Finance Ltd  1.64 Commercial Services & Supplies  2026-01-26 2.75  2026-01-27 3.97  44.36
ONEG           OneConstruction Group Ltd  0.52                   Construction  2026-01-26 3.27   2026-01-27 4.7  43.73
 IVF                  INVO Fertility Inc  0.03                    Health Care  2026-01-26 1.21  2026-01-27 1.72  41.74
LNKS              Linkers Industries Ltd  0.05           Electrical Equipment  2026-01-26 0.35  2026-01-27 0.48  38.33
TNMG                       TNL Mediagene  0.08                          Media  2026-01-26 3.24  2026-01-27 4.38  35.19
ECDA           ECD Automotive Design Inc  0.00                    Automobiles  2026-01-26 0.01  2026-01-27 0.02  31.54
  SJ               Scienjoy Holding Corp  0.47                          Media  2026-01-26 1.12  2026-01-27 1.47  31.25
ABOS          Acumen Pharmaceuticals Inc  1.26                  Biotechnology  2026-01-26 2.08  2026-01-27 2.72  30.77
SOAR                    Volato Group Inc  0.03                       Airlines  2026-01-26 0.44  2026-01-27 0.56  28.11
FIEE                            FiEE Inc  0.30                 Communications  2026-01-26 4.74  2026-01-27 6.07  28.06
ASPC         A SPAC III Acquisition Corp  0.29                            N/A 2026-01-26 12.33 2026-01-27 15.71  27.41
SUPX            SuperX AI Technology Ltd  3.55  Diversified Consumer Services 2026-01-26 13.21 2026-01-27 16.59  25.59

=== 市值超过20亿的涨幅榜前20名股票 ===
股票代码                公司名称                市值(亿)            板块                 昨天收盘              今天收盘       涨跌幅(%)
 FLY              Firefly Aerospace Inc  40.13   Aerospace & Defense   2026-01-26 25.2  2026-01-27 29.35 16.47 
IREN                           IREN Ltd 171.48            Technology  2026-01-26 52.36  2026-01-27 59.99 14.57 
APLD               Applied Digital Corp 101.15            Technology  2026-01-26 36.18  2026-01-27 41.35 14.29 
CIFR                  Cipher Mining Inc  65.15            Technology  2026-01-26 16.49  2026-01-27 18.75 13.71 
  NG             NovaGold Resources Inc  42.45       Metals & Mining  2026-01-26 10.43  2026-01-27 11.74 12.56 
  TE                      T1 Energy Inc  22.02  Electrical Equipment   2026-01-26 8.14   2026-01-27 9.12 12.04 
LITE              Lumentum Holdings Inc 235.71        Communications 2026-01-26 332.45 2026-01-27 370.66 11.49 
 SYY                         Sysco Corp 362.16                Retail  2026-01-26 75.63  2026-01-27 83.92 10.96 
HYMC Hycroft Mining Holding Corporation  41.17       Metals & Mining  2026-01-26 49.59  2026-01-27 54.85 10.61 
LUNR             Intuitive Machines Inc  33.20   Aerospace & Defense  2026-01-26 18.42  2026-01-27 20.29 10.15 
ONDS                 Ondas Holdings Inc  47.16        Communications  2026-01-26 11.16  2026-01-27 12.26  9.86 
 LEU                Centrus Energy Corp  51.30                Energy  2026-01-26 281.7 2026-01-27 309.39  9.83 
 RGC  Regencell Bioscience Holdings Ltd 144.39       Pharmaceuticals   2026-01-26 29.2  2026-01-27 32.05  9.76 
ERAS                         Erasca Inc  29.43         Biotechnology   2026-01-26 9.61   2026-01-27 10.5  9.26 
  BE                  Bloom Energy Corp 330.22  Electrical Equipment 2026-01-26 139.62 2026-01-27 152.31  9.09 
 NET                     Cloudflare Inc 663.26            Technology 2026-01-26 189.35 2026-01-27 205.95  8.77 
  GM                  General Motors Co 740.97           Automobiles  2026-01-26 79.43  2026-01-27 86.38  8.75 
  PL                    Planet Labs PBC  88.05 Professional Services  2026-01-26 25.87  2026-01-27 28.07  8.50 
COHR                      Coherent Corp 310.79  Electrical Equipment 2026-01-26 197.76  2026-01-27 214.0  8.21 
RIOT                 Riot Platforms Inc  60.34            Technology  2026-01-26 16.23  2026-01-27 17.55  8.13 

=== 市值超过50亿的涨幅榜前20名股票 ===
股票代码                公司名称                市值(亿)            板块                 昨天收盘              今天收盘       涨跌幅(%)
IREN                          IREN Ltd  171.48            Technology  2026-01-26 52.36  2026-01-27 59.99 14.57 
APLD              Applied Digital Corp  101.15            Technology  2026-01-26 36.18  2026-01-27 41.35 14.29 
CIFR                 Cipher Mining Inc   65.15            Technology  2026-01-26 16.49  2026-01-27 18.75 13.71 
LITE             Lumentum Holdings Inc  235.71        Communications 2026-01-26 332.45 2026-01-27 370.66 11.49 
 SYY                        Sysco Corp  362.16                Retail  2026-01-26 75.63  2026-01-27 83.92 10.96 
 LEU               Centrus Energy Corp   51.30                Energy  2026-01-26 281.7 2026-01-27 309.39  9.83 
 RGC Regencell Bioscience Holdings Ltd  144.39       Pharmaceuticals   2026-01-26 29.2  2026-01-27 32.05  9.76 
  BE                 Bloom Energy Corp  330.22  Electrical Equipment 2026-01-26 139.62 2026-01-27 152.31  9.09 
 NET                    Cloudflare Inc  663.26            Technology 2026-01-26 189.35 2026-01-27 205.95  8.77 
  GM                 General Motors Co  740.97           Automobiles  2026-01-26 79.43  2026-01-27 86.38  8.75 
  PL                   Planet Labs PBC   88.05 Professional Services  2026-01-26 25.87  2026-01-27 28.07  8.50 
COHR                     Coherent Corp  310.79  Electrical Equipment 2026-01-26 197.76  2026-01-27 214.0  8.21 
RIOT                Riot Platforms Inc   60.34            Technology  2026-01-26 16.23  2026-01-27 17.55  8.13 
RKLB                   Rocket Lab Corp  464.72   Aerospace & Defense  2026-01-26 80.48   2026-01-27 87.0  8.10 
LUMN            Lumen Technologies Inc   95.28     Telecommunication   2026-01-26 8.63   2026-01-27 9.29  7.65 
 GFS               GlobalFoundries Inc  245.72        Semiconductors  2026-01-26 44.22  2026-01-27 47.41  7.21 
 HCA                HCA Healthcare Inc 1077.94           Health Care 2026-01-26 472.38 2026-01-27 505.84  7.08 
PRAX    Praxis Precision Medicines Inc   80.59         Biotechnology 2026-01-26 294.04 2026-01-27 314.75  7.04 
NBIS                   Nebius Group NV  230.30            Technology  2026-01-26 91.46  2026-01-27 97.87  7.01 
LRCX                 Lam Research Corp 2799.31        Semiconductors 2026-01-26 222.87 2026-01-27 238.46  7.00 

=== 市值超过100亿的涨幅榜前20名股票 ===
 股票代码                    公司名称                    市值(亿)           板块                 昨天收盘              今天收盘       涨跌幅(%)
 IREN                                  IREN Ltd  171.48           Technology  2026-01-26 52.36  2026-01-27 59.99 14.57 
 APLD                      Applied Digital Corp  101.15           Technology  2026-01-26 36.18  2026-01-27 41.35 14.29 
 LITE                     Lumentum Holdings Inc  235.71       Communications 2026-01-26 332.45 2026-01-27 370.66 11.49 
  SYY                                Sysco Corp  362.16               Retail  2026-01-26 75.63  2026-01-27 83.92 10.96 
  RGC         Regencell Bioscience Holdings Ltd  144.39      Pharmaceuticals   2026-01-26 29.2  2026-01-27 32.05  9.76 
   BE                         Bloom Energy Corp  330.22 Electrical Equipment 2026-01-26 139.62 2026-01-27 152.31  9.09 
  NET                            Cloudflare Inc  663.26           Technology 2026-01-26 189.35 2026-01-27 205.95  8.77 
   GM                         General Motors Co  740.97          Automobiles  2026-01-26 79.43  2026-01-27 86.38  8.75 
 COHR                             Coherent Corp  310.79 Electrical Equipment 2026-01-26 197.76  2026-01-27 214.0  8.21 
 RKLB                           Rocket Lab Corp  464.72  Aerospace & Defense  2026-01-26 80.48   2026-01-27 87.0  8.10 
  GFS                       GlobalFoundries Inc  245.72       Semiconductors  2026-01-26 44.22  2026-01-27 47.41  7.21 
  HCA                        HCA Healthcare Inc 1077.94          Health Care 2026-01-26 472.38 2026-01-27 505.84  7.08 
 NBIS                           Nebius Group NV  230.30           Technology  2026-01-26 91.46  2026-01-27 97.87  7.01 
 LRCX                         Lam Research Corp 2799.31       Semiconductors 2026-01-26 222.87 2026-01-27 238.46  7.00 
  APH                             Amphenol Corp 1904.14 Electrical Equipment 2026-01-26 155.56 2026-01-27 166.25  6.87 
 CIEN                                Ciena Corp  348.64       Communications 2026-01-26 232.23 2026-01-27 247.52  6.58 
 ASTS                       AST SpaceMobile Inc  384.96    Telecommunication 2026-01-26 104.78 2026-01-27 111.34  6.26 
 KTOS Kratos Defense and Security Solutions Inc  187.95  Aerospace & Defense 2026-01-26 111.32 2026-01-27 118.06  6.05 
DUAVF                      Dassault Aviation SA  260.97  Aerospace & Defense 2026-01-26 382.19  2026-01-27 403.0  5.44 
   MU                     Micron Technology Inc 4379.24       Semiconductors 2026-01-26 389.09 2026-01-27 410.24  5.44 

=== 市值超过200亿的涨幅榜前20名股票 ===
 股票代码          公司名称          市值(亿)           板块                 昨天收盘               今天收盘        涨跌幅(%)
 LITE Lumentum Holdings Inc  235.71       Communications  2026-01-26 332.45  2026-01-27 370.66 11.49 
  SYY            Sysco Corp  362.16               Retail   2026-01-26 75.63   2026-01-27 83.92 10.96 
   BE     Bloom Energy Corp  330.22 Electrical Equipment  2026-01-26 139.62  2026-01-27 152.31  9.09 
  NET        Cloudflare Inc  663.26           Technology  2026-01-26 189.35  2026-01-27 205.95  8.77 
   GM     General Motors Co  740.97          Automobiles   2026-01-26 79.43   2026-01-27 86.38  8.75 
 COHR         Coherent Corp  310.79 Electrical Equipment  2026-01-26 197.76   2026-01-27 214.0  8.21 
 RKLB       Rocket Lab Corp  464.72  Aerospace & Defense   2026-01-26 80.48    2026-01-27 87.0  8.10 
  GFS   GlobalFoundries Inc  245.72       Semiconductors   2026-01-26 44.22   2026-01-27 47.41  7.21 
  HCA    HCA Healthcare Inc 1077.94          Health Care  2026-01-26 472.38  2026-01-27 505.84  7.08 
 NBIS       Nebius Group NV  230.30           Technology   2026-01-26 91.46   2026-01-27 97.87  7.01 
 LRCX     Lam Research Corp 2799.31       Semiconductors  2026-01-26 222.87  2026-01-27 238.46  7.00 
  APH         Amphenol Corp 1904.14 Electrical Equipment  2026-01-26 155.56  2026-01-27 166.25  6.87 
 CIEN            Ciena Corp  348.64       Communications  2026-01-26 232.23  2026-01-27 247.52  6.58 
 ASTS   AST SpaceMobile Inc  384.96    Telecommunication  2026-01-26 104.78  2026-01-27 111.34  6.26 
DUAVF  Dassault Aviation SA  260.97  Aerospace & Defense  2026-01-26 382.19   2026-01-27 403.0  5.44 
   MU Micron Technology Inc 4379.24       Semiconductors  2026-01-26 389.09  2026-01-27 410.24  5.44 
 SATS         EchoStar Corp  344.65                Media  2026-01-26 119.72  2026-01-27 125.81  5.09 
 KLAC              KLA Corp 2027.42       Semiconductors 2026-01-26 1543.03 2026-01-27 1616.33  4.75 
 ALAB       Astera Labs Inc  275.74       Semiconductors  2026-01-26 163.25  2026-01-27 170.93  4.70 
  VRT    Vertiv Holdings Co  692.91 Electrical Equipment  2026-01-26 181.23  2026-01-27 189.21  4.40 

=== 市值超过1000亿的涨跌榜前20名股票 ===
 股票代码          公司名称          市值(亿)            板块                 昨天收盘               今天收盘        涨跌幅(%)
  HCA    HCA Healthcare Inc  1077.94          Health Care  2026-01-26 472.38  2026-01-27 505.84  7.08 
 LRCX     Lam Research Corp  2799.31       Semiconductors  2026-01-26 222.87  2026-01-27 238.46  7.00 
  APH         Amphenol Corp  1904.14 Electrical Equipment  2026-01-26 155.56  2026-01-27 166.25  6.87 
   MU Micron Technology Inc  4379.24       Semiconductors  2026-01-26 389.09  2026-01-27 410.24  5.44 
 KLAC              KLA Corp  2027.42       Semiconductors 2026-01-26 1543.03 2026-01-27 1616.33  4.75 
 AMAT Applied Materials Inc  2533.14       Semiconductors  2026-01-26 319.46  2026-01-27 332.71  4.15 
  GEV        GE Vernova Inc  1806.97 Electrical Equipment  2026-01-26 665.99   2026-01-27 692.7  4.01 
 MELI      MercadoLibre Inc  1121.74               Retail 2026-01-26 2212.62  2026-01-27 2295.0  3.72 
  RTX              RTX Corp  2602.84  Aerospace & Defense  2026-01-26 194.13  2026-01-27 201.28  3.68 
 SCCO  Southern Copper Corp  1543.26      Metals & Mining  2026-01-26 188.41  2026-01-27 194.84  3.41 
 INTC            Intel Corp  2118.03       Semiconductors   2026-01-26 42.49   2026-01-27 43.93  3.39 
ASMLF       ASML Holding NV  4500.54       Semiconductors 2026-01-26 1416.78  2026-01-27 1459.2  2.99 
  ETN Eaton Corporation PLC  1290.58 Electrical Equipment  2026-01-26 332.28  2026-01-27 341.19  2.68 
 AMZN        Amazon.com Inc 25487.61               Retail  2026-01-26 238.42  2026-01-27 244.68  2.63 
 AVGO          Broadcom Inc 15402.03       Semiconductors  2026-01-26 324.85  2026-01-27 332.79  2.44 
  PFE            Pfizer Inc  1471.46      Pharmaceuticals   2026-01-26 25.88    2026-01-27 26.5  2.40 
 GILD   Gilead Sciences Inc  1709.41        Biotechnology  2026-01-26 137.78  2026-01-27 140.97  2.32 
  LMT  Lockheed Martin Corp  1345.95  Aerospace & Defense  2026-01-26 581.66  2026-01-27 594.95  2.28 
 MSFT        Microsoft Corp 34952.99           Technology  2026-01-26 470.28  2026-01-27 480.58  2.19 
 CSCO     Cisco Systems Inc  3042.74       Communications   2026-01-26 77.01   2026-01-27 78.68  2.17 
