
=== 涨幅榜前20名股票 ===
股票代码                         公司名称                         市值(亿)               板块                     昨天收盘             今天收盘       涨跌幅(%)
 LSE                        Leishen Energy Holding Co Ltd  1.32                         Energy  2025-03-18 7.77  2025-03-19 12.5 60.88 
DGNX                                          Diginex Ltd 16.57                     Technology 2025-03-18 72.06 2025-03-19 103.0 42.94 
CSAI                                  Cloudastructure Inc  0.86                     Technology  2025-03-18 5.57   2025-03-19 7.9 41.83 
HURA                               TuHURA Biosciences Inc  1.18                  Biotechnology   2025-03-18 2.8  2025-03-19 3.85 37.50 
ALBT                                Avalon Globocare Corp  0.05                    Real Estate  2025-03-18 4.81  2025-03-19 6.54 35.97 
ADTX                                           Aditxt Inc  0.08                  Biotechnology   2025-03-18 7.5 2025-03-19 10.03 33.73 
 AGH                         Aureus Greenway Holdings Inc  0.08  Hotels, Restaurants & Leisure  2025-03-18 0.61  2025-03-19 0.81 31.97 
ATER                                          Aterian Inc  0.18              Consumer products  2025-03-18 2.11   2025-03-19 2.7 27.96 
FBRX                                Forte Biosciences Inc  0.35                  Biotechnology   2025-03-18 5.5  2025-03-19 7.02 27.64 
SISI                                          Shineco Inc  0.14              Consumer products  2025-03-18 0.82   2025-03-19 1.0 22.25 
PMAX                                       Powell Max Ltd  0.05             Financial Services  2025-03-18 0.32  2025-03-19 0.39 22.08 
PTHL                                  Pheton Holdings Ltd  0.49                    Health Care  2025-03-18 3.47  2025-03-19 4.22 21.61 
CDTG CDT Environmental Technology Investment Holdings Ltd  0.17 Commercial Services & Supplies   2025-03-18 1.6  2025-03-19 1.94 21.25 
MNTS                                         Momentus Inc  0.06            Aerospace & Defense  2025-03-18 1.83   2025-03-19 2.2 20.22 
LYEL                               Lyell Immunopharma Inc  1.43                  Biotechnology  2025-03-18 0.48  2025-03-19 0.58 20.21 
ELAB                                    PMGC Holdings Inc  0.03              Consumer products   2025-03-18 4.7  2025-03-19 5.64 20.00 
GYRE                                Gyre Therapeutics Inc  7.35                  Biotechnology  2025-03-18 8.57 2025-03-19 10.28 19.95 
BGSF                                             BGSF Inc  0.39          Professional Services  2025-03-18 3.55  2025-03-19 4.21 18.59 
VIRX                             Viracta Therapeutics Inc  0.01                  Biotechnology  2025-03-18 0.02  2025-03-19 0.02 18.50 
LNKS                               Linkers Industries Ltd  0.08           Electrical Equipment  2025-03-18 0.56  2025-03-19 0.67 18.41 

=== 市值超过20亿的涨幅榜前20名股票 ===
股票代码                 公司名称                 市值(亿)                板块                     昨天收盘              今天收盘       涨跌幅(%)
 SIG                 Signet Jewelers Ltd   21.01                        Retail   2025-03-18 48.3  2025-03-19 56.65 17.29 
STNE                         StoneCo Ltd   29.23            Financial Services   2025-03-18 9.85  2025-03-19 11.38 15.53 
SRAD                 Sportradar Group AG   59.87 Hotels, Restaurants & Leisure  2025-03-18 20.08   2025-03-19 22.8 13.55 
 SMR                  Nuscale Power Corp   46.83          Electrical Equipment  2025-03-18 16.58  2025-03-19 18.53 11.76 
  LB                   LandBridge Co LLC   55.31                   Real Estate  2025-03-18 72.35   2025-03-19 80.2 10.85 
ADMA                  ADMA Biologics Inc   44.23                 Biotechnology  2025-03-18 18.71  2025-03-19 20.61 10.16 
AFRM                 Affirm Holdings Inc  139.88            Financial Services   2025-03-18 43.7  2025-03-19 47.71  9.18 
OLLI Ollie's Bargain Outlet Holdings Inc   60.70                        Retail  2025-03-18 99.06 2025-03-19 107.94  8.96 
SRPT            Sarepta Therapeutics Inc   71.36                 Biotechnology  2025-03-18 73.54  2025-03-19 79.97  8.74 
CORZ                 Core Scientific Inc   23.59                    Technology   2025-03-18 8.02   2025-03-19 8.68  8.23 
SHOP                         Shopify Inc 1217.26                    Technology  2025-03-18 94.01 2025-03-19 101.54  8.01 
PAGS               PagSeguro Digital Ltd   26.01            Financial Services   2025-03-18 7.89   2025-03-19 8.52  7.98 
OKLO                            Oklo Inc   31.77                     Utilities  2025-03-18 26.02  2025-03-19 28.05  7.80 
SMTC                        Semtech Corp   33.31                Semiconductors  2025-03-18 38.65  2025-03-19 41.61  7.66 
HIMS              Hims & Hers Health Inc   69.96                   Health Care  2025-03-18 31.49  2025-03-19 33.88  7.59 
 AUR               Aurora Innovation Inc  120.79                    Technology   2025-03-18 6.94   2025-03-19 7.46  7.49 
KRMN                 Karman Holdings Inc   45.60           Aerospace & Defense   2025-03-18 34.5  2025-03-19 37.08  7.48 
NBIS                     Nebius Group NV   60.44                    Technology  2025-03-18 25.67  2025-03-19 27.58  7.44 
MSTR                   Microstrategy Inc  731.14                    Technology 2025-03-18 283.19 2025-03-19 304.23  7.43 
STRL         Sterling Infrastructure Inc   36.12                  Construction 2025-03-18 118.04 2025-03-19 126.69  7.33 

=== 市值超过50亿的涨幅榜前20名股票 ===
股票代码                 公司名称                 市值(亿)                 板块                       昨天收盘              今天收盘       涨跌幅(%)
SRAD                 Sportradar Group AG   59.87    Hotels, Restaurants & Leisure  2025-03-18 20.08   2025-03-19 22.8 13.55 
  LB                   LandBridge Co LLC   55.31                      Real Estate  2025-03-18 72.35   2025-03-19 80.2 10.85 
AFRM                 Affirm Holdings Inc  139.88               Financial Services   2025-03-18 43.7  2025-03-19 47.71  9.18 
OLLI Ollie's Bargain Outlet Holdings Inc   60.70                           Retail  2025-03-18 99.06 2025-03-19 107.94  8.96 
SRPT            Sarepta Therapeutics Inc   71.36                    Biotechnology  2025-03-18 73.54  2025-03-19 79.97  8.74 
SHOP                         Shopify Inc 1217.26                       Technology  2025-03-18 94.01 2025-03-19 101.54  8.01 
HIMS              Hims & Hers Health Inc   69.96                      Health Care  2025-03-18 31.49  2025-03-19 33.88  7.59 
 AUR               Aurora Innovation Inc  120.79                       Technology   2025-03-18 6.94   2025-03-19 7.46  7.49 
NBIS                     Nebius Group NV   60.44                       Technology  2025-03-18 25.67  2025-03-19 27.58  7.44 
MSTR                   Microstrategy Inc  731.14                       Technology 2025-03-18 283.19 2025-03-19 304.23  7.43 
ROKU                            Roku Inc   98.32                            Media  2025-03-18 67.36  2025-03-19 72.14  7.10 
 VFS                    VinFast Auto Ltd   76.24                      Automobiles   2025-03-18 3.26   2025-03-19 3.49  7.06 
  BA                           Boeing Co 1215.66              Aerospace & Defense 2025-03-18 161.57 2025-03-19 172.62  6.84 
HOOD               Robinhood Markets Inc  355.07               Financial Services   2025-03-18 40.1   2025-03-19 42.8  6.73 
COHR                       Coherent Corp  101.32             Electrical Equipment  2025-03-18 65.38  2025-03-19 69.77  6.71 
SOFI               SoFi Technologies Inc  131.04               Financial Services  2025-03-18 11.95  2025-03-19 12.73  6.53 
 APP                       Applovin Corp  947.94                       Technology 2025-03-18 278.84 2025-03-19 297.03  6.52 
TGTX                 TG Therapeutics Inc   62.64                    Biotechnology  2025-03-18 39.88  2025-03-19 42.47  6.49 
FTAI                   FTAI Aviation Ltd  105.00 Trading Companies & Distributors 2025-03-18 102.39 2025-03-19 109.01  6.47 
CRDO  Credo Technology Group Holding Ltd   74.83                   Semiconductors  2025-03-18 44.07  2025-03-19 46.77  6.13 

=== 市值超过100亿的涨幅榜前20名股票 ===
股票代码             公司名称             市值(亿)                 板块                       昨天收盘              今天收盘       涨跌幅(%)
AFRM         Affirm Holdings Inc  139.88               Financial Services   2025-03-18 43.7  2025-03-19 47.71  9.18 
SHOP                 Shopify Inc 1217.26                       Technology  2025-03-18 94.01 2025-03-19 101.54  8.01 
 AUR       Aurora Innovation Inc  120.79                       Technology   2025-03-18 6.94   2025-03-19 7.46  7.49 
MSTR           Microstrategy Inc  731.14                       Technology 2025-03-18 283.19 2025-03-19 304.23  7.43 
  BA                   Boeing Co 1215.66              Aerospace & Defense 2025-03-18 161.57 2025-03-19 172.62  6.84 
HOOD       Robinhood Markets Inc  355.07               Financial Services   2025-03-18 40.1   2025-03-19 42.8  6.73 
COHR               Coherent Corp  101.32             Electrical Equipment  2025-03-18 65.38  2025-03-19 69.77  6.71 
SOFI       SoFi Technologies Inc  131.04               Financial Services  2025-03-18 11.95  2025-03-19 12.73  6.53 
 APP               Applovin Corp  947.94                       Technology 2025-03-18 278.84 2025-03-19 297.03  6.52 
FTAI           FTAI Aviation Ltd  105.00 Trading Companies & Distributors 2025-03-18 102.39 2025-03-19 109.01  6.47 
SMCI    Super Micro Computer Inc  224.93                       Technology   2025-03-18 37.9   2025-03-19 40.1  5.80 
 RCL Royal Caribbean Cruises Ltd  547.35    Hotels, Restaurants & Leisure 2025-03-18 203.38 2025-03-19 215.12  5.77 
CVNA                  Carvana Co  355.00                           Retail 2025-03-18 166.52 2025-03-19 176.09  5.75 
 APH               Amphenol Corp  773.28             Electrical Equipment  2025-03-18 63.85  2025-03-19 67.41  5.58 
 FIX     Comfort Systems USA Inc  120.63                     Construction  2025-03-18 339.3 2025-03-19 357.53  5.37 
 VRT          Vertiv Holdings Co  322.36             Electrical Equipment  2025-03-18 84.66  2025-03-19 89.17  5.33 
 GEV              GE Vernova Inc  879.93             Electrical Equipment 2025-03-18 318.93  2025-03-19 335.8  5.29 
AXON         Axon Enterprise Inc  413.76              Aerospace & Defense 2025-03-18 539.99 2025-03-19 568.11  5.21 
TEAM              Atlassian Corp  574.96                       Technology 2025-03-18 219.45 2025-03-19 229.86  4.74 
TSLA                   Tesla Inc 7247.13                      Automobiles 2025-03-18 225.31 2025-03-19 235.86  4.68 

=== 市值超过200亿的涨幅榜前20名股票 ===
股票代码             公司名称              市值(亿)                板块                     昨天收盘              今天收盘       涨跌幅(%)
SHOP                  Shopify Inc 1217.26                    Technology  2025-03-18 94.01 2025-03-19 101.54  8.01 
MSTR            Microstrategy Inc  731.14                    Technology 2025-03-18 283.19 2025-03-19 304.23  7.43 
  BA                    Boeing Co 1215.66           Aerospace & Defense 2025-03-18 161.57 2025-03-19 172.62  6.84 
HOOD        Robinhood Markets Inc  355.07            Financial Services   2025-03-18 40.1   2025-03-19 42.8  6.73 
 APP                Applovin Corp  947.94                    Technology 2025-03-18 278.84 2025-03-19 297.03  6.52 
SMCI     Super Micro Computer Inc  224.93                    Technology   2025-03-18 37.9   2025-03-19 40.1  5.80 
 RCL  Royal Caribbean Cruises Ltd  547.35 Hotels, Restaurants & Leisure 2025-03-18 203.38 2025-03-19 215.12  5.77 
CVNA                   Carvana Co  355.00                        Retail 2025-03-18 166.52 2025-03-19 176.09  5.75 
 APH                Amphenol Corp  773.28          Electrical Equipment  2025-03-18 63.85  2025-03-19 67.41  5.58 
 VRT           Vertiv Holdings Co  322.36          Electrical Equipment  2025-03-18 84.66  2025-03-19 89.17  5.33 
 GEV               GE Vernova Inc  879.93          Electrical Equipment 2025-03-18 318.93  2025-03-19 335.8  5.29 
AXON          Axon Enterprise Inc  413.76           Aerospace & Defense 2025-03-18 539.99 2025-03-19 568.11  5.21 
TEAM               Atlassian Corp  574.96                    Technology 2025-03-18 219.45 2025-03-19 229.86  4.74 
TSLA                    Tesla Inc 7247.13                   Automobiles 2025-03-18 225.31 2025-03-19 235.86  4.68 
 CCL                Carnival Corp  260.24 Hotels, Restaurants & Leisure  2025-03-18 20.12  2025-03-19 21.05  4.62 
 IOT                  Samsara Inc  213.87                    Technology  2025-03-18 38.11  2025-03-19 39.82  4.49 
EXPE            Expedia Group Inc  212.82 Hotels, Restaurants & Leisure 2025-03-18 165.16 2025-03-19 172.48  4.43 
 APO Apollo Global Management Inc  784.07            Financial Services 2025-03-18 137.44  2025-03-19 143.4  4.34 
 UAL United Airlines Holdings Inc  233.52                      Airlines  2025-03-18 71.34  2025-03-19 74.43  4.33 
 VST                  Vistra Corp  423.36                     Utilities 2025-03-18 124.46 2025-03-19 129.85  4.33 

=== 市值超过1000亿的涨跌榜前20名股票 ===
股票代码                 公司名称                  市值(亿)                 板块                     昨天收盘               今天收盘        涨跌幅(%)
SHOP                          Shopify Inc  1217.26                    Technology   2025-03-18 94.01  2025-03-19 101.54  8.01 
  BA                            Boeing Co  1215.66           Aerospace & Defense  2025-03-18 161.57  2025-03-19 172.62  6.84 
TSLA                            Tesla Inc  7247.13                   Automobiles  2025-03-18 225.31  2025-03-19 235.86  4.68 
AVGO                         Broadcom Inc  8871.17                Semiconductors  2025-03-18 188.67  2025-03-19 195.57  3.66 
NFLX                          Netflix Inc  3978.06                         Media  2025-03-18 929.98  2025-03-19 959.49  3.17 
MELI                     MercadoLibre Inc  1015.37                        Retail  2025-03-18 2002.8 2025-03-19 2065.94  3.15 
 AXP                  American Express Co  1845.69            Financial Services  2025-03-18 262.72  2025-03-19 270.65  3.02 
SPOT                Spotify Technology SA  1143.42                         Media  2025-03-18 569.48  2025-03-19 586.23  2.94 
BKNG                 Booking Holdings Inc  1467.34 Hotels, Restaurants & Leisure 2025-03-18 4471.51 2025-03-19 4591.89  2.69 
 AMD           Advanced Micro Devices Inc  1677.36                Semiconductors  2025-03-18 103.51  2025-03-19 106.23  2.63 
PLTR            Palantir Technologies Inc  1967.52                    Technology   2025-03-18 83.89    2025-03-19 86.1  2.63 
  BX                       Blackstone Inc  1781.56            Financial Services  2025-03-18 146.19  2025-03-19 149.72  2.41 
  GE                  General Electric Co  2155.06           Aerospace & Defense  2025-03-18 200.79  2025-03-19 205.57  2.38 
 TJX                    TJX Companies Inc  1295.70                        Retail  2025-03-18 115.26  2025-03-19 117.86  2.26 
GOOG                         Alphabet Inc 19708.24                         Media  2025-03-18 162.67  2025-03-19 166.28  2.22 
 KKR                         KKR & Co Inc  1012.78            Financial Services  2025-03-18 114.02  2025-03-19 116.54  2.21 
 IBM International Business Machines Corp  2289.88                    Technology  2025-03-18 246.95  2025-03-19 252.29  2.16 
UBER                Uber Technologies Inc  1494.69                   Road & Rail   2025-03-18 71.55   2025-03-19 73.02  2.05 
ORCL                          Oracle Corp  4190.93                    Technology  2025-03-18 149.45  2025-03-19 152.45  2.01 
 CVX                         Chevron Corp  2831.22                        Energy  2025-03-18 160.81  2025-03-19 164.05  2.01 
