
=== 涨幅榜前20名股票 ===
 股票代码              公司名称             市值(亿)          板块                昨天收盘             今天收盘       涨跌幅(%)
 INBS Intelligent Bio Solutions Inc  0.04          Health Care   2025-12-30 4.1  2025-12-31 9.53 132.44
 BENF                   Beneficient  0.81   Financial Services  2025-12-30 5.76  2025-12-31 7.03  22.05
 UEIC     Universal Electronics Inc  0.43    Consumer products  2025-12-30 3.19  2025-12-31 3.61  13.17
 SYPR          Sypris Solutions Inc  0.50      Auto Components  2025-12-30 2.18  2025-12-31 2.44  11.93
 CASI      CASI Pharmaceuticals Inc  0.12        Biotechnology  2025-12-30 0.76  2025-12-31 0.85  11.84
 INVE                   Identiv Inc  0.83 Electrical Equipment  2025-12-30 3.48  2025-12-31 3.84  10.34
UONEK                 Urban One Inc  0.38                Media  2025-12-30 0.79  2025-12-31 0.86   8.73
 RZLT                  Rezolute Inc  2.03        Biotechnology  2025-12-30 2.19  2025-12-31 2.36   7.76
  ELA                   Envela Corp  3.25               Retail 2025-12-30 12.53 2025-12-31 13.38   6.78
 KTCC               Key Tronic Corp  0.29 Electrical Equipment  2025-12-30 2.63  2025-12-31 2.79   6.08
 STAI       Scantech AI Systems Inc  0.09 Electrical Equipment  2025-12-30 2.32  2025-12-31 2.46   6.03
 BCDA                 BioCardia Inc  0.13        Biotechnology  2025-12-30 1.18  2025-12-31 1.25   5.93
 ACHV     Achieve Life Sciences Inc  2.50        Biotechnology   2025-12-30 4.7  2025-12-31 4.97   5.74
  CVU        CPI Aerostructures Inc  0.50  Aerospace & Defense  2025-12-30 3.77  2025-12-31 3.96   5.04
 SILC                   Silicom Ltd  0.80       Communications  2025-12-30 14.0  2025-12-31 14.7   5.00
 NNBR                        NN Inc  0.61            Machinery  2025-12-30 1.22  2025-12-31 1.28   4.92
 EFOI              Energy Focus Inc  0.13 Electrical Equipment  2025-12-30 2.21  2025-12-31 2.31   4.52
 OGEN                 Oragenics Inc  0.03        Biotechnology  2025-12-30 0.75  2025-12-31 0.78   4.43
 LCTX Lineage Cell Therapeutics Inc  3.69        Biotechnology   2025-12-30 1.6  2025-12-31 1.67   4.37
 AIRI          Air Industries Group  0.14  Aerospace & Defense  2025-12-30 2.96  2025-12-31 3.07   3.72

=== 市值超过20亿的涨幅榜前20名股票 ===
股票代码             公司名称              市值(亿)                板块                     昨天收盘              今天收盘       涨跌幅(%)
 SMG        Scotts Miracle-Gro Co   33.48                     Chemicals  2025-12-30 57.71  2025-12-31 58.35  1.11 
BMRN  BioMarin Pharmaceutical Inc  113.33                 Biotechnology  2025-12-30 58.99  2025-12-31 59.43  0.75 
ALKS                 Alkermes Plc   45.92                 Biotechnology  2025-12-30 27.81  2025-12-31 27.98  0.61 
 ELV          Elevance Health Inc  775.17                   Health Care  2025-12-30 348.8 2025-12-31 350.55  0.50 
 LNG          Cheniere Energy Inc  416.35                        Energy 2025-12-30 193.44 2025-12-31 194.39  0.49 
UNFI     United Natural Foods Inc   20.42                        Retail  2025-12-30 33.51  2025-12-31 33.67  0.48 
 FRO                Frontline Plc   48.35                        Energy  2025-12-30 21.72  2025-12-31 21.82  0.46 
MTCH              Match Group Inc   75.92                         Media  2025-12-30 32.16  2025-12-31 32.29  0.40 
 ALK         Alaska Air Group Inc   58.15                      Airlines  2025-12-30 50.13   2025-12-31 50.3  0.34 
 TGT                  Target Corp  441.17                        Retail  2025-12-30 97.43  2025-12-31 97.75  0.33 
URBN         Urban Outfitters Inc   67.30                        Retail  2025-12-30 75.04  2025-12-31 75.26  0.29 
IPAR             Interparfums Inc   27.14             Consumer products  2025-12-30 84.64  2025-12-31 84.83  0.22 
IONS    Ionis Pharmaceuticals Inc  127.91                 Biotechnology  2025-12-30 78.97  2025-12-31 79.11  0.18 
SRPT     Sarepta Therapeutics Inc   22.52                 Biotechnology  2025-12-30 21.49  2025-12-31 21.52  0.14 
 CCJ                  Cameco Corp  397.83                        Energy  2025-12-30 91.37  2025-12-31 91.49  0.13 
   T                     AT&T Inc 1758.89             Telecommunication  2025-12-30 24.81  2025-12-31 24.84  0.12 
ITGR        Integer Holdings Corp   27.45                   Health Care  2025-12-30 78.34  2025-12-31 78.43  0.11 
ALNY  Alnylam Pharmaceuticals Inc  524.82                 Biotechnology 2025-12-30 397.25 2025-12-31 397.65  0.10 
PTGX Protagonist Therapeutics Inc   54.55                 Biotechnology  2025-12-30 87.26  2025-12-31 87.34  0.09 
 HRB              H & R Block Inc   55.06 Diversified Consumer Services  2025-12-30 43.55  2025-12-31 43.58  0.07 

=== 市值超过50亿的涨幅榜前20名股票 ===
股票代码                    公司名称                    市值(亿)                板块                     昨天收盘              今天收盘       涨跌幅(%)
BMRN               BioMarin Pharmaceutical Inc  113.33                 Biotechnology  2025-12-30 58.99  2025-12-31 59.43  0.75 
 ELV                       Elevance Health Inc  775.17                   Health Care  2025-12-30 348.8 2025-12-31 350.55  0.50 
 LNG                       Cheniere Energy Inc  416.35                        Energy 2025-12-30 193.44 2025-12-31 194.39  0.49 
MTCH                           Match Group Inc   75.92                         Media  2025-12-30 32.16  2025-12-31 32.29  0.40 
 ALK                      Alaska Air Group Inc   58.15                      Airlines  2025-12-30 50.13   2025-12-31 50.3  0.34 
 TGT                               Target Corp  441.17                        Retail  2025-12-30 97.43  2025-12-31 97.75  0.33 
URBN                      Urban Outfitters Inc   67.30                        Retail  2025-12-30 75.04  2025-12-31 75.26  0.29 
IONS                 Ionis Pharmaceuticals Inc  127.91                 Biotechnology  2025-12-30 78.97  2025-12-31 79.11  0.18 
 CCJ                               Cameco Corp  397.83                        Energy  2025-12-30 91.37  2025-12-31 91.49  0.13 
   T                                  AT&T Inc 1758.89             Telecommunication  2025-12-30 24.81  2025-12-31 24.84  0.12 
ALNY               Alnylam Pharmaceuticals Inc  524.82                 Biotechnology 2025-12-30 397.25 2025-12-31 397.65  0.10 
PTGX              Protagonist Therapeutics Inc   54.55                 Biotechnology  2025-12-30 87.26  2025-12-31 87.34  0.09 
 HRB                           H & R Block Inc   55.06 Diversified Consumer Services  2025-12-30 43.55  2025-12-31 43.58  0.07 
 CLX                                 Clorox Co  122.98             Consumer products 2025-12-30 100.81 2025-12-31 100.83  0.02 
EBAY                                  eBay Inc  393.69                        Retail   2025-12-30 87.1   2025-12-31 87.1  0.00 
  EA                       Electronic Arts Inc  511.09                         Media 2025-12-30 204.35 2025-12-31 204.33 -0.01 
 PCG                                 PG&E Corp  353.42                     Utilities  2025-12-30 16.08  2025-12-31 16.07 -0.06 
 FHN                        First Horizon Corp  117.76                       Banking  2025-12-30 23.92   2025-12-31 23.9 -0.08 
KTOS Kratos Defense and Security Solutions Inc  128.29           Aerospace & Defense  2025-12-30 75.98  2025-12-31 75.91 -0.09 
INCY                               Incyte Corp  194.18                 Biotechnology  2025-12-30 98.91  2025-12-31 98.77 -0.14 

=== 市值超过100亿的涨幅榜前20名股票 ===
 股票代码                    公司名称                    市值(亿)           板块                昨天收盘               今天收盘       涨跌幅(%)
 BMRN               BioMarin Pharmaceutical Inc  113.33       Biotechnology   2025-12-30 58.99  2025-12-31 59.43  0.75 
  ELV                       Elevance Health Inc  775.17         Health Care   2025-12-30 348.8 2025-12-31 350.55  0.50 
  LNG                       Cheniere Energy Inc  416.35              Energy  2025-12-30 193.44 2025-12-31 194.39  0.49 
  TGT                               Target Corp  441.17              Retail   2025-12-30 97.43  2025-12-31 97.75  0.33 
 IONS                 Ionis Pharmaceuticals Inc  127.91       Biotechnology   2025-12-30 78.97  2025-12-31 79.11  0.18 
  CCJ                               Cameco Corp  397.83              Energy   2025-12-30 91.37  2025-12-31 91.49  0.13 
    T                                  AT&T Inc 1758.89   Telecommunication   2025-12-30 24.81  2025-12-31 24.84  0.12 
 ALNY               Alnylam Pharmaceuticals Inc  524.82       Biotechnology  2025-12-30 397.25 2025-12-31 397.65  0.10 
  CLX                                 Clorox Co  122.98   Consumer products  2025-12-30 100.81 2025-12-31 100.83  0.02 
 EBAY                                  eBay Inc  393.69              Retail    2025-12-30 87.1   2025-12-31 87.1  0.00 
   EA                       Electronic Arts Inc  511.09               Media  2025-12-30 204.35 2025-12-31 204.33 -0.01 
  PCG                                 PG&E Corp  353.42           Utilities   2025-12-30 16.08  2025-12-31 16.07 -0.06 
  FHN                        First Horizon Corp  117.76             Banking   2025-12-30 23.92   2025-12-31 23.9 -0.08 
 KTOS Kratos Defense and Security Solutions Inc  128.29 Aerospace & Defense   2025-12-30 75.98  2025-12-31 75.91 -0.09 
 INCY                               Incyte Corp  194.18       Biotechnology   2025-12-30 98.91  2025-12-31 98.77 -0.14 
  MSI                    Motorola Solutions Inc  639.47      Communications  2025-12-30 383.94 2025-12-31 383.32 -0.16 
   MO                          Altria Group Inc  969.77             Tobacco   2025-12-30 57.77  2025-12-31 57.66 -0.19 
LLYVK                         Formula One Group  320.08               Media   2025-12-30 83.33  2025-12-31 83.16 -0.20 
  AZO                              Autozone Inc  563.12              Retail 2025-12-30 3398.85 2025-12-31 3391.5 -0.22 
 REGN             Regeneron Pharmaceuticals Inc  813.41       Biotechnology  2025-12-30 773.94 2025-12-31 771.87 -0.27 

=== 市值超过200亿的涨幅榜前20名股票 ===
 股票代码              公司名称              市值(亿)           板块                昨天收盘               今天收盘       涨跌幅(%)
  ELV           Elevance Health Inc  775.17         Health Care   2025-12-30 348.8 2025-12-31 350.55  0.50 
  LNG           Cheniere Energy Inc  416.35              Energy  2025-12-30 193.44 2025-12-31 194.39  0.49 
  TGT                   Target Corp  441.17              Retail   2025-12-30 97.43  2025-12-31 97.75  0.33 
  CCJ                   Cameco Corp  397.83              Energy   2025-12-30 91.37  2025-12-31 91.49  0.13 
    T                      AT&T Inc 1758.89   Telecommunication   2025-12-30 24.81  2025-12-31 24.84  0.12 
 ALNY   Alnylam Pharmaceuticals Inc  524.82       Biotechnology  2025-12-30 397.25 2025-12-31 397.65  0.10 
 EBAY                      eBay Inc  393.69              Retail    2025-12-30 87.1   2025-12-31 87.1  0.00 
   EA           Electronic Arts Inc  511.09               Media  2025-12-30 204.35 2025-12-31 204.33 -0.01 
  PCG                     PG&E Corp  353.42           Utilities   2025-12-30 16.08  2025-12-31 16.07 -0.06 
  MSI        Motorola Solutions Inc  639.47      Communications  2025-12-30 383.94 2025-12-31 383.32 -0.16 
   MO              Altria Group Inc  969.77             Tobacco   2025-12-30 57.77  2025-12-31 57.66 -0.19 
LLYVK             Formula One Group  320.08               Media   2025-12-30 83.33  2025-12-31 83.16 -0.20 
  AZO                  Autozone Inc  563.12              Retail 2025-12-30 3398.85 2025-12-31 3391.5 -0.22 
 REGN Regeneron Pharmaceuticals Inc  813.41       Biotechnology  2025-12-30 773.94 2025-12-31 771.87 -0.27 
CMCSA                  Comcast Corp 1092.08               Media   2025-12-30 29.97  2025-12-31 29.89 -0.27 
  NEE            Nextera Energy Inc 1677.33           Utilities   2025-12-30 80.53  2025-12-31 80.28 -0.31 
   KR                     Kroger Co  396.67              Retail   2025-12-30 62.68  2025-12-31 62.48 -0.32 
  RTX                      RTX Corp 2467.15 Aerospace & Defense  2025-12-30 184.01  2025-12-31 183.4 -0.33 
  GIS             General Mills Inc  249.02       Food Products   2025-12-30 46.67   2025-12-31 46.5 -0.36 
 COST         Costco Wholesale Corp 3842.36              Retail  2025-12-30 865.65 2025-12-31 862.34 -0.38 

=== 市值超过1000亿的涨跌榜前20名股票 ===
 股票代码             公司名称             市值(亿)              板块                   昨天收盘              今天收盘       涨跌幅(%)
    T                    AT&T Inc  1758.89        Telecommunication  2025-12-30 24.81  2025-12-31 24.84  0.12 
CMCSA                Comcast Corp  1092.08                    Media  2025-12-30 29.97  2025-12-31 29.89 -0.27 
  NEE          Nextera Energy Inc  1677.33                Utilities  2025-12-30 80.53  2025-12-31 80.28 -0.31 
  RTX                    RTX Corp  2467.15      Aerospace & Defense 2025-12-30 184.01  2025-12-31 183.4 -0.33 
 COST       Costco Wholesale Corp  3842.36                   Retail 2025-12-30 865.65 2025-12-31 862.34 -0.38 
  ABT         Abbott Laboratories  2187.15              Health Care 2025-12-30 125.78 2025-12-31 125.29 -0.39 
  BMY     Bristol-Myers Squibb Co  1103.58          Pharmaceuticals  2025-12-30 54.21  2025-12-31 53.94 -0.50 
  BAC        Bank of America Corp  4036.82                  Banking  2025-12-30 55.28   2025-12-31 55.0 -0.51 
  XOM            Exxon Mobil Corp  4939.99                   Energy 2025-12-30 120.99 2025-12-31 120.34 -0.54 
 NVDA                 NVIDIA Corp 45572.22           Semiconductors 2025-12-30 187.54  2025-12-31 186.5 -0.55 
  AMD  Advanced Micro Devices Inc  3505.82           Semiconductors 2025-12-30 215.34 2025-12-31 214.16 -0.55 
   GS     Goldman Sachs Group Inc  2652.63       Financial Services 2025-12-30 884.42  2025-12-31 879.0 -0.61 
  CVS             CVS Health Corp  1013.64              Health Care  2025-12-30 79.85  2025-12-31 79.36 -0.61 
  UNH      UnitedHealth Group Inc  3009.56              Health Care 2025-12-30 332.16 2025-12-31 330.11 -0.62 
  MDT               Medtronic PLC  1239.20              Health Care  2025-12-30 96.66  2025-12-31 96.06 -0.62 
   CB                   Chubb Ltd  1236.30                Insurance 2025-12-30 314.14 2025-12-31 312.12 -0.64 
  HON Honeywell International Inc  1246.66 Industrial Conglomerates 2025-12-30 196.36 2025-12-31 195.09 -0.65 
  COF  Capital One Financial Corp  1551.00       Financial Services 2025-12-30 243.97 2025-12-31 242.36 -0.66 
  UNP          Union Pacific Corp  1382.42              Road & Rail 2025-12-30 233.06 2025-12-31 231.32 -0.75 
  TTE            TotalEnergies SE  1206.91                   Energy  2025-12-30 65.92  2025-12-31 65.42 -0.76 
