
=== 涨幅榜前20名股票 ===
股票代码                    公司名称                    市值(亿)               板块                     昨天收盘              今天收盘       涨跌幅(%)
CCTG CCSC Technology International Holdings Ltd  0.02           Electrical Equipment  2026-06-08 0.48   2026-06-09 1.78 271.61
CHAI                       Core AI Holdings Inc  0.16                 Communications  2026-06-08 0.82   2026-06-09 1.86 126.83
EPSM                      Epsium Enterprise Ltd  0.03                   Distributors  2026-06-08 1.19   2026-06-09 2.05  72.27
 AZI    Autozi Internet Technology (Global) Ltd  0.77                         Retail  2026-06-08 1.13   2026-06-09 1.85  63.72
LESL                               Leslie's Inc  0.48                         Retail  2026-06-08 5.13   2026-06-09 8.18  59.45
 MPU                            Mega Matrix Inc  0.16                          Media  2026-06-08 0.23   2026-06-09 0.35  51.87
SLGB                 Smart Logistics Global Ltd  0.22                    Road & Rail  2026-06-08 0.51   2026-06-09 0.73  41.83
NUVL                              Nuvalent, Inc 69.91                  Biotechnology 2026-06-08 88.49 2026-06-09 123.25  39.28
 ITP                      IT Tech Packaging Inc  0.03                 Paper & Forest  2026-06-08 0.19   2026-06-09 0.26  37.47
TOPP                      Toppoint Holdings Inc  0.20                    Road & Rail  2026-06-08 0.99   2026-06-09 1.35  36.36
AHMA     Ambitions Enterprise Management Co LLC  0.32                          Media  2026-06-08 1.08   2026-06-09 1.47  36.11
VCIG                             VCI Global Ltd  0.35          Professional Services  2026-06-08 4.48   2026-06-09 6.04  34.82
VACH                   Voyager Acquisition Corp  3.04                            N/A  2026-06-08 12.9   2026-06-09 17.3  34.11
 UFG                     Uni-Fuels Holdings Ltd  0.22                         Energy  2026-06-08 0.75    2026-06-09 1.0  33.87
HTCO             High-Trend International Group  0.25                         Marine  2026-06-08 3.34   2026-06-09 4.47  33.83
AREB                American Rebel Holdings Inc  0.01 Commercial Services & Supplies  2026-06-08 0.08    2026-06-09 0.1  30.13
HXHX                        Haoxin Holdings Ltd  0.05                    Road & Rail   2026-06-08 0.4   2026-06-09 0.51  27.93
 BVC                            BitVentures Ltd  0.84             Financial Services   2026-06-08 9.3  2026-06-09 11.79  26.84
ALHC                   Alignment Healthcare Inc 31.73                    Health Care 2026-06-08 15.35   2026-06-09 19.2  25.08
CPOP                   Pop Culture Group Co Ltd  0.24                          Media  2026-06-08 0.29   2026-06-09 0.36  25.00

=== 市值超过20亿的涨幅榜前20名股票 ===
 股票代码               公司名称               市值(亿)                板块                     昨天收盘              今天收盘       涨跌幅(%)
 NUVL                    Nuvalent, Inc  69.91                 Biotechnology  2026-06-08 88.49 2026-06-09 123.25 39.28 
 ALHC         Alignment Healthcare Inc  31.73                   Health Care  2026-06-08 15.35   2026-06-09 19.2 25.08 
 CECO          CECO Environmental Corp  47.03                     Machinery  2026-06-08 80.53  2026-06-09 95.44 18.52 
  IFS Intercorp Financial Services Inc  54.45                       Banking  2026-06-08 47.16  2026-06-09 52.55 11.43 
 DKNG                   Draftkings Inc 122.94 Hotels, Restaurants & Leisure  2026-06-08 24.78  2026-06-09 27.59 11.34 
  SJM                  J.M. Smucker Co 108.54                 Food Products 2026-06-08 101.77 2026-06-09 112.39 10.44 
 VECO            Veeco Instruments Inc  35.18                Semiconductors  2026-06-08 61.04  2026-06-09 67.19 10.08 
 GMRS                GMR Solutions Inc  23.96                           N/A  2026-06-08 10.58  2026-06-09 11.62  9.83 
 UCTT         Ultra Clean Holdings Inc  39.13                Semiconductors  2026-06-08 83.93  2026-06-09 91.88  9.47 
 CLOV   Clover Health Investments Corp  20.65                   Health Care   2026-06-08 3.92   2026-06-09 4.29  9.44 
  BAP                    Credicorp Ltd 254.42                       Banking 2026-06-08 319.89 2026-06-09 349.61  9.29 
   MH                  McGraw Hill Inc  22.75 Diversified Consumer Services  2026-06-08 11.91  2026-06-09 12.97  8.90 
  ASH                      Ashland Inc  26.31                     Chemicals  2026-06-08 57.46   2026-06-09 62.5  8.77 
   SN                   Sharkninja Inc 167.39             Consumer products 2026-06-08 118.28 2026-06-09 128.48  8.62 
 BLLN                 BillionToOne Inc  43.43                   Health Care  2026-06-08 94.43 2026-06-09 102.39  8.43 
BESVF   BE Semiconductor Industries NV 226.76                Semiconductors  2026-06-08 306.0 2026-06-09 331.55  8.35 
  BKD      Brookdale Senior Living Inc  28.34                   Health Care  2026-06-08 11.87  2026-06-09 12.86  8.34 
  FND       Floor & Decor Holdings Inc  49.65                        Retail  2026-06-08 45.93  2026-06-09 49.74  8.30 
 MGNI                      Magnite Inc  20.95                         Media  2026-06-08 14.63  2026-06-09 15.81  8.07 
 PTGX     Protagonist Therapeutics Inc  63.04                 Biotechnology  2026-06-08 98.03 2026-06-09 105.87  8.00 

=== 市值超过50亿的涨幅榜前20名股票 ===
 股票代码               公司名称                市值(亿)                 板块                       昨天收盘              今天收盘       涨跌幅(%)
 NUVL                    Nuvalent, Inc   69.91                    Biotechnology  2026-06-08 88.49 2026-06-09 123.25 39.28 
  IFS Intercorp Financial Services Inc   54.45                          Banking  2026-06-08 47.16  2026-06-09 52.55 11.43 
 DKNG                   Draftkings Inc  122.94    Hotels, Restaurants & Leisure  2026-06-08 24.78  2026-06-09 27.59 11.34 
  SJM                  J.M. Smucker Co  108.54                    Food Products 2026-06-08 101.77 2026-06-09 112.39 10.44 
  BAP                    Credicorp Ltd  254.42                          Banking 2026-06-08 319.89 2026-06-09 349.61  9.29 
   SN                   Sharkninja Inc  167.39                Consumer products 2026-06-08 118.28 2026-06-09 128.48  8.62 
BESVF   BE Semiconductor Industries NV  226.76                   Semiconductors  2026-06-08 306.0 2026-06-09 331.55  8.35 
 PTGX     Protagonist Therapeutics Inc   63.04                    Biotechnology  2026-06-08 98.03 2026-06-09 105.87  8.00 
XPNGF                        Xpeng Inc  156.04                      Automobiles    2026-06-08 7.6    2026-06-09 8.2  7.89 
 COMP                      Compass Inc   57.40                      Real Estate   2026-06-08 7.58   2026-06-09 8.17  7.78 
  APH                    Amphenol Corp 1766.62             Electrical Equipment  2026-06-08 143.6 2026-06-09 154.07  7.29 
  RKT             Rocket Companies Inc  349.43               Financial Services  2026-06-08 12.35  2026-06-09 13.18  6.72 
 HIMS           Hims & Hers Health Inc   62.89                      Health Care  2026-06-08 27.17  2026-06-09 28.98  6.66 
 MDLN                      Medline Inc  444.03                      Health Care   2026-06-08 33.8  2026-06-09 36.01  6.54 
 POOL                        Pool Corp   65.94                     Distributors 2026-06-08 180.95 2026-06-09 192.42  6.34 
 SYRE           Spyre Therapeutics Inc   62.53                    Biotechnology   2026-06-08 72.0  2026-06-09 76.44  6.17 
 BLDR         Builders FirstSource Inc   78.65                         Building  2026-06-08 73.12  2026-06-09 77.54  6.04 
 TGTX              TG Therapeutics Inc   62.69                    Biotechnology  2026-06-08 40.95  2026-06-09 43.37  5.91 
 CROX                        Crocs Inc   59.95 Textiles, Apparel & Luxury Goods 2026-06-08 120.65 2026-06-09 127.77  5.90 
 CARR              Carrier Global Corp  559.40                         Building  2026-06-08 67.35  2026-06-09 71.24  5.78 

=== 市值超过100亿的涨幅榜前20名股票 ===
 股票代码                公司名称                 市值(亿)                 板块                       昨天收盘              今天收盘       涨跌幅(%)
 DKNG                     Draftkings Inc  122.94    Hotels, Restaurants & Leisure  2026-06-08 24.78  2026-06-09 27.59 11.34 
  SJM                    J.M. Smucker Co  108.54                    Food Products 2026-06-08 101.77 2026-06-09 112.39 10.44 
  BAP                      Credicorp Ltd  254.42                          Banking 2026-06-08 319.89 2026-06-09 349.61  9.29 
   SN                     Sharkninja Inc  167.39                Consumer products 2026-06-08 118.28 2026-06-09 128.48  8.62 
BESVF     BE Semiconductor Industries NV  226.76                   Semiconductors  2026-06-08 306.0 2026-06-09 331.55  8.35 
XPNGF                          Xpeng Inc  156.04                      Automobiles    2026-06-08 7.6    2026-06-09 8.2  7.89 
  APH                      Amphenol Corp 1766.62             Electrical Equipment  2026-06-08 143.6 2026-06-09 154.07  7.29 
  RKT               Rocket Companies Inc  349.43               Financial Services  2026-06-08 12.35  2026-06-09 13.18  6.72 
 MDLN                        Medline Inc  444.03                      Health Care   2026-06-08 33.8  2026-06-09 36.01  6.54 
 CARR                Carrier Global Corp  559.40                         Building  2026-06-08 67.35  2026-06-09 71.24  5.78 
  QXO                            QXO Inc  112.71 Trading Companies & Distributors  2026-06-08 15.54   2026-06-09 16.4  5.53 
 CRDO Credo Technology Group Holding Ltd  409.98                   Semiconductors 2026-06-08 222.27 2026-06-09 234.32  5.42 
 GMED                 Globus Medical Inc  106.23                      Health Care   2026-06-08 78.3  2026-06-09 82.52  5.39 
 PODD                       Insulet Corp  104.94                      Health Care 2026-06-08 151.51 2026-06-09 159.61  5.35 
   BX                     Blackstone Inc 1394.85               Financial Services 2026-06-08 114.19 2026-06-09 120.29  5.34 
  LUV              Southwest Airlines Co  200.49                         Airlines  2026-06-08 41.02  2026-06-09 43.17  5.24 
  TMO       Thermo Fisher Scientific Inc 1745.25   Life Sciences Tools & Services 2026-06-08 469.63 2026-06-09 494.07  5.20 
 INSM                         Insmed Inc  204.12                    Biotechnology  2026-06-08 94.17  2026-06-09 99.04  5.17 
  TOL                  Toll Brothers Inc  128.20                Consumer products 2026-06-08 137.16 2026-06-09 144.14  5.09 
  EVR                       Evercore Inc  131.58               Financial Services 2026-06-08 340.15 2026-06-09 357.11  4.99 

=== 市值超过200亿的涨幅榜前20名股票 ===
 股票代码                公司名称                 市值(亿)                 板块                       昨天收盘               今天收盘        涨跌幅(%)
  BAP                      Credicorp Ltd  254.42                          Banking  2026-06-08 319.89  2026-06-09 349.61  9.29 
BESVF     BE Semiconductor Industries NV  226.76                   Semiconductors   2026-06-08 306.0  2026-06-09 331.55  8.35 
  APH                      Amphenol Corp 1766.62             Electrical Equipment   2026-06-08 143.6  2026-06-09 154.07  7.29 
  RKT               Rocket Companies Inc  349.43               Financial Services   2026-06-08 12.35   2026-06-09 13.18  6.72 
 MDLN                        Medline Inc  444.03                      Health Care    2026-06-08 33.8   2026-06-09 36.01  6.54 
 CARR                Carrier Global Corp  559.40                         Building   2026-06-08 67.35   2026-06-09 71.24  5.78 
 CRDO Credo Technology Group Holding Ltd  409.98                   Semiconductors  2026-06-08 222.27  2026-06-09 234.32  5.42 
   BX                     Blackstone Inc 1394.85               Financial Services  2026-06-08 114.19  2026-06-09 120.29  5.34 
  LUV              Southwest Airlines Co  200.49                         Airlines   2026-06-08 41.02   2026-06-09 43.17  5.24 
  TMO       Thermo Fisher Scientific Inc 1745.25   Life Sciences Tools & Services  2026-06-08 469.63  2026-06-09 494.07  5.20 
 INSM                         Insmed Inc  204.12                    Biotechnology   2026-06-08 94.17   2026-06-09 99.04  5.17 
 FERG           Ferguson Enterprises Inc  434.98 Trading Companies & Distributors  2026-06-08 224.29  2026-06-09 235.44  4.97 
  CRS          Carpenter Technology Corp  247.98              Aerospace & Defense  2026-06-08 499.09  2026-06-09 523.77  4.95 
   RL                  Ralph Lauren Corp  221.98 Textiles, Apparel & Luxury Goods  2026-06-08 372.85  2026-06-09 391.16  4.91 
 CPNG                        Coupang Inc  272.49                           Retail   2026-06-08 15.18   2026-06-09 15.91  4.81 
  DHI                    D.R. Horton Inc  409.15                Consumer products  2026-06-08 144.28  2026-06-09 151.07  4.71 
 NTRA                         Natera Inc  305.72                    Biotechnology  2026-06-08 213.47  2026-06-09 222.82  4.38 
  PHM                     Pultegroup Inc  224.22                Consumer products  2026-06-08 117.71  2026-06-09 122.78  4.31 
  ZTS                         Zoetis Inc  325.70                  Pharmaceuticals   2026-06-08 78.82    2026-06-09 82.2  4.29 
  TDG                TransDigm Group Inc  674.72              Aerospace & Defense 2026-06-08 1206.28 2026-06-09 1257.24  4.22 

=== 市值超过1000亿的涨跌榜前20名股票 ===
 股票代码             公司名称              市值(亿)                板块                      昨天收盘              今天收盘       涨跌幅(%)
  APH                Amphenol Corp 1766.62           Electrical Equipment  2026-06-08 143.6 2026-06-09 154.07  7.29 
   BX               Blackstone Inc 1394.85             Financial Services 2026-06-08 114.19 2026-06-09 120.29  5.34 
  TMO Thermo Fisher Scientific Inc 1745.25 Life Sciences Tools & Services 2026-06-08 469.63 2026-06-09 494.07  5.20 
  SYK                 Stryker Corp 1155.95                    Health Care 2026-06-08 301.53 2026-06-09 314.01  4.14 
   HD               Home Depot Inc 3088.17                         Retail 2026-06-08 309.71 2026-06-09 321.33  3.75 
  TJX            TJX Companies Inc 1764.77                         Retail 2026-06-08 159.75 2026-06-09 164.87  3.21 
 SCCO         Southern Copper Corp 1422.36                Metals & Mining 2026-06-08 170.48 2026-06-09 175.17  2.75 
 SBUX               Starbucks Corp 1080.66  Hotels, Restaurants & Leisure  2026-06-08 94.82  2026-06-09 97.41  2.73 
  LIN                    Linde PLC 2321.88                      Chemicals 2026-06-08 501.92 2026-06-09 515.59  2.72 
  DHR                 Danaher Corp 1298.97 Life Sciences Tools & Services 2026-06-08 183.53 2026-06-09 188.41  2.66 
   GE          General Electric Co 3359.96            Aerospace & Defense 2026-06-08 322.04 2026-06-09 330.44  2.61 
SAFRF                    Safran SA 1227.81            Aerospace & Defense 2026-06-08 335.33  2026-06-09 344.0  2.59 
   TT       Trane Technologies PLC 1014.47                       Building 2026-06-08 458.92 2026-06-09 470.76  2.58 
   PH         Parker-Hannifin Corp 1113.52                      Machinery 2026-06-08 883.14 2026-06-09 905.53  2.54 
   PG          Procter & Gamble Co 3378.80              Consumer products  2026-06-08 145.1 2026-06-09 148.67  2.46 
   KO                 Coca-Cola Co 3422.19                      Beverages  2026-06-08 79.54  2026-06-09 81.34  2.26 
  JNJ            Johnson & Johnson 5588.60                Pharmaceuticals 2026-06-08 232.16  2026-06-09 237.0  2.08 
   MA               Mastercard Inc 4291.30             Financial Services 2026-06-08 485.67 2026-06-09 495.24  1.97 
  AXP          American Express Co 2130.91             Financial Services  2026-06-08 312.3 2026-06-09 318.38  1.95 
  LMT         Lockheed Martin Corp 1199.09            Aerospace & Defense 2026-06-08 520.07 2026-06-09 530.13  1.93 
