
=== 涨幅榜前20名股票 ===
股票代码                  公司名称                  市值(亿)               板块                     昨天收盘             今天收盘       涨跌幅(%)
CAST                           Freecast Inc  0.64                          Media  2026-06-12 1.55  2026-06-15 3.75 141.94
CUPR          Cuprina Holdings (Cayman) Ltd  0.04                    Health Care  2026-06-12 3.97  2026-06-15 8.41 111.84
VSME                  VS Media Holdings Ltd  0.02                          Media  2026-06-12 1.69  2026-06-15 3.25  92.31
PRFX                   PRF Technologies Ltd  0.01                Pharmaceuticals  2026-06-12 1.36  2026-06-15 2.49  83.09
GPUS                    Hyperscale Data Inc  1.05       Industrial Conglomerates  2026-06-12 0.15  2026-06-15 0.27  80.87
QTEX       Inspira Technologies Oxy BHN Ltd  0.87                    Health Care  2026-06-12 1.29   2026-06-15 2.2  70.54
  HQ           Horizon Quantum Holdings Ltd  4.86                     Technology 2026-06-12 10.91 2026-06-15 17.82  63.34
AREB            American Rebel Holdings Inc  0.02 Commercial Services & Supplies  2026-06-12 0.11  2026-06-15 0.18  62.73
VRPX             Virpax Pharmaceuticals Inc  0.00                Pharmaceuticals   2026-06-12 0.0   2026-06-15 0.0  60.00
SDOT                        Sadot Group Inc  0.17                  Food Products 2026-06-12 16.21 2026-06-15 23.47  44.79
 RTB                              Ryvyl Inc  0.08             Financial Services  2026-06-12 4.65  2026-06-15 6.67  43.44
AHMA Ambitions Enterprise Management Co LLC  0.60                          Media  2026-06-12 1.35  2026-06-15 1.93  42.96
HUBC                 Hub Cyber Security Ltd  0.05                     Technology  2026-06-12 1.18  2026-06-15 1.68  42.37
MTEN        Mingteng International Corp Inc  0.04                Auto Components  2026-06-12 2.47  2026-06-15 3.39  37.25
ARQQ                      Arqit Quantum Inc  2.69                     Technology  2026-06-12 13.6 2026-06-15 17.92  31.76
GLXG               Galaxy Payroll Group Ltd  0.05          Professional Services  2026-06-12 1.46  2026-06-15 1.88  28.77
SLMT                     Brera Holdings PLC  0.50                          Media  2026-06-12 4.39   2026-06-15 5.6  27.56
CYPH            Cypherpunk Technologies Inc  0.87                  Biotechnology  2026-06-12 0.65  2026-06-15 0.81  25.05
UBXG                    U-BX Technology Ltd  0.06                     Technology  2026-06-12 7.87   2026-06-15 9.7  23.25
NTLA              Intellia Therapeutics Inc 19.51                  Biotechnology 2026-06-12 12.11 2026-06-15 14.92  23.20

=== 市值超过20亿的涨幅榜前20名股票 ===
 股票代码                 公司名称                 市值(亿)                 板块                      昨天收盘              今天收盘        涨跌幅(%)
 BRUN                       Boost Run Inc    21.49                            N/A  2026-06-12 30.92   2026-06-15 37.46 21.15 
 SPCX Space Exploration Technologies Corp 22831.87                            N/A 2026-06-12 160.95   2026-06-15 192.5 19.60 
 AXTI                             AXT Inc    72.83                 Semiconductors  2026-06-12 97.18  2026-06-15 110.74 13.95 
 GPGI                            GPGI Inc    41.60                     Technology   2026-06-12 12.8   2026-06-15 14.57 13.83 
 OUST                          Ouster Inc    29.73           Electrical Equipment   2026-06-12 39.8   2026-06-15 45.18 13.52 
 AAOI         Applied Optoelectronics Inc   150.14                 Communications 2026-06-12 169.05  2026-06-15 191.55 13.31 
 PLBL                  Polibeli Group Ltd    31.55                   Distributors   2026-06-12 7.75    2026-06-15 8.72 12.52 
 HIMS              Hims & Hers Health Inc    68.65                    Health Care  2026-06-12 26.82   2026-06-15 30.17 12.49 
 QBTS                  D-Wave Quantum Inc    97.89                     Technology  2026-06-12 23.37   2026-06-15 26.26 12.37 
 RDDT                          Reddit Inc   345.52                          Media  2026-06-12 162.1  2026-06-15 181.88 12.20 
 NBIS                     Nebius Group NV   644.72                     Technology 2026-06-12 232.36  2026-06-15 260.07 11.93 
 QUBT               Quantum Computing Inc    25.23                     Technology   2026-06-12 9.93    2026-06-15 11.1 11.78 
  TXG                    10X Genomics Inc    40.80 Life Sciences Tools & Services  2026-06-12 28.84   2026-06-15 32.22 11.72 
 DASH                        DoorDash Inc   733.92  Hotels, Restaurants & Leisure 2026-06-12 150.58  2026-06-15 168.09 11.63 
 POET               POET Technologies Inc    24.25                 Semiconductors  2026-06-12 12.53   2026-06-15 13.93 11.17 
   MU               Micron Technology Inc 12058.30                 Semiconductors 2026-06-12 981.61 2026-06-15 1087.99 10.84 
 MRVL              Marvell Technology Inc  2585.47                 Semiconductors  2026-06-12 279.7  2026-06-15 308.88 10.43 
 INFQ                      Infleqtion Inc    32.61                     Technology  2026-06-12 13.42   2026-06-15 14.82 10.43 
BESVF      BE Semiconductor Industries NV   255.90                 Semiconductors 2026-06-12 331.55   2026-06-15 366.0 10.39 
  YSS              York Space Systems Inc    42.33            Aerospace & Defense  2026-06-12 27.69    2026-06-15 30.5 10.15 

=== 市值超过50亿的涨幅榜前20名股票 ===
 股票代码                 公司名称                 市值(亿)                 板块                      昨天收盘              今天收盘        涨跌幅(%)
 SPCX Space Exploration Technologies Corp 22831.87                            N/A 2026-06-12 160.95   2026-06-15 192.5 19.60 
 AXTI                             AXT Inc    72.83                 Semiconductors  2026-06-12 97.18  2026-06-15 110.74 13.95 
 AAOI         Applied Optoelectronics Inc   150.14                 Communications 2026-06-12 169.05  2026-06-15 191.55 13.31 
 HIMS              Hims & Hers Health Inc    68.65                    Health Care  2026-06-12 26.82   2026-06-15 30.17 12.49 
 QBTS                  D-Wave Quantum Inc    97.89                     Technology  2026-06-12 23.37   2026-06-15 26.26 12.37 
 RDDT                          Reddit Inc   345.52                          Media  2026-06-12 162.1  2026-06-15 181.88 12.20 
 NBIS                     Nebius Group NV   644.72                     Technology 2026-06-12 232.36  2026-06-15 260.07 11.93 
 DASH                        DoorDash Inc   733.92  Hotels, Restaurants & Leisure 2026-06-12 150.58  2026-06-15 168.09 11.63 
   MU               Micron Technology Inc 12058.30                 Semiconductors 2026-06-12 981.61 2026-06-15 1087.99 10.84 
 MRVL              Marvell Technology Inc  2585.47                 Semiconductors  2026-06-12 279.7  2026-06-15 308.88 10.43 
BESVF      BE Semiconductor Industries NV   255.90                 Semiconductors 2026-06-12 331.55   2026-06-15 366.0 10.39 
 FORM                      FormFactor Inc   117.10                 Semiconductors 2026-06-12 139.21   2026-06-15 152.6  9.62 
  STX     Seagate Technology Holdings PLC  2251.89                     Technology 2026-06-12 931.04  2026-06-15 1018.8  9.43 
  TEM                       Tempus AI Inc    94.09 Life Sciences Tools & Services  2026-06-12 47.82   2026-06-15 52.32  9.41 
 ALGM            Allegro Microsystems Inc   100.26                 Semiconductors   2026-06-12 50.4    2026-06-15 55.0  9.12 
 TSEM             Tower Semiconductor Ltd   315.84                 Semiconductors 2026-06-12 262.92  2026-06-15 286.86  9.11 
   HL                     Hecla Mining Co   111.74                Metals & Mining  2026-06-12 15.29   2026-06-15 16.66  8.96 
 FTAI                   FTAI Aviation Ltd   269.14            Aerospace & Defense 2026-06-12 241.96  2026-06-15 263.52  8.91 
 APLD                Applied Digital Corp   131.37                     Technology   2026-06-12 42.7   2026-06-15 46.47  8.83 
 AFRM                 Affirm Holdings Inc   244.69             Financial Services  2026-06-12 66.17    2026-06-15 71.9  8.66 

=== 市值超过100亿的涨幅榜前20名股票 ===
 股票代码                 公司名称                 市值(亿)                 板块                     昨天收盘              今天收盘        涨跌幅(%)
 SPCX Space Exploration Technologies Corp 22831.87                           N/A 2026-06-12 160.95   2026-06-15 192.5 19.60 
 AAOI         Applied Optoelectronics Inc   150.14                Communications 2026-06-12 169.05  2026-06-15 191.55 13.31 
 RDDT                          Reddit Inc   345.52                         Media  2026-06-12 162.1  2026-06-15 181.88 12.20 
 NBIS                     Nebius Group NV   644.72                    Technology 2026-06-12 232.36  2026-06-15 260.07 11.93 
 DASH                        DoorDash Inc   733.92 Hotels, Restaurants & Leisure 2026-06-12 150.58  2026-06-15 168.09 11.63 
   MU               Micron Technology Inc 12058.30                Semiconductors 2026-06-12 981.61 2026-06-15 1087.99 10.84 
 MRVL              Marvell Technology Inc  2585.47                Semiconductors  2026-06-12 279.7  2026-06-15 308.88 10.43 
BESVF      BE Semiconductor Industries NV   255.90                Semiconductors 2026-06-12 331.55   2026-06-15 366.0 10.39 
 FORM                      FormFactor Inc   117.10                Semiconductors 2026-06-12 139.21   2026-06-15 152.6  9.62 
  STX     Seagate Technology Holdings PLC  2251.89                    Technology 2026-06-12 931.04  2026-06-15 1018.8  9.43 
 ALGM            Allegro Microsystems Inc   100.26                Semiconductors   2026-06-12 50.4    2026-06-15 55.0  9.12 
 TSEM             Tower Semiconductor Ltd   315.84                Semiconductors 2026-06-12 262.92  2026-06-15 286.86  9.11 
   HL                     Hecla Mining Co   111.74               Metals & Mining  2026-06-12 15.29   2026-06-15 16.66  8.96 
 FTAI                   FTAI Aviation Ltd   269.14           Aerospace & Defense 2026-06-12 241.96  2026-06-15 263.52  8.91 
 APLD                Applied Digital Corp   131.37                    Technology   2026-06-12 42.7   2026-06-15 46.47  8.83 
 AFRM                 Affirm Holdings Inc   244.69            Financial Services  2026-06-12 66.17    2026-06-15 71.9  8.66 
  CDE                   Coeur Mining, Inc   196.09               Metals & Mining   2026-06-12 17.2   2026-06-15 18.66  8.49 
 ENTG                        Entegris Inc   254.26                Semiconductors 2026-06-12 150.52  2026-06-15 162.89  8.22 
   ON               ON Semiconductor Corp   479.73                Semiconductors 2026-06-12 116.79   2026-06-15 125.9  7.80 
 CVNA                          Carvana Co   762.90                        Retail   2026-06-12 64.1    2026-06-15 68.9  7.49 

=== 市值超过200亿的涨幅榜前20名股票 ===
 股票代码                 公司名称                 市值(亿)                 板块                     昨天收盘              今天收盘        涨跌幅(%)
 SPCX Space Exploration Technologies Corp 22831.87                           N/A 2026-06-12 160.95   2026-06-15 192.5 19.60 
 RDDT                          Reddit Inc   345.52                         Media  2026-06-12 162.1  2026-06-15 181.88 12.20 
 NBIS                     Nebius Group NV   644.72                    Technology 2026-06-12 232.36  2026-06-15 260.07 11.93 
 DASH                        DoorDash Inc   733.92 Hotels, Restaurants & Leisure 2026-06-12 150.58  2026-06-15 168.09 11.63 
   MU               Micron Technology Inc 12058.30                Semiconductors 2026-06-12 981.61 2026-06-15 1087.99 10.84 
 MRVL              Marvell Technology Inc  2585.47                Semiconductors  2026-06-12 279.7  2026-06-15 308.88 10.43 
BESVF      BE Semiconductor Industries NV   255.90                Semiconductors 2026-06-12 331.55   2026-06-15 366.0 10.39 
  STX     Seagate Technology Holdings PLC  2251.89                    Technology 2026-06-12 931.04  2026-06-15 1018.8  9.43 
 TSEM             Tower Semiconductor Ltd   315.84                Semiconductors 2026-06-12 262.92  2026-06-15 286.86  9.11 
 FTAI                   FTAI Aviation Ltd   269.14           Aerospace & Defense 2026-06-12 241.96  2026-06-15 263.52  8.91 
 AFRM                 Affirm Holdings Inc   244.69            Financial Services  2026-06-12 66.17    2026-06-15 71.9  8.66 
 ENTG                        Entegris Inc   254.26                Semiconductors 2026-06-12 150.52  2026-06-15 162.89  8.22 
   ON               ON Semiconductor Corp   479.73                Semiconductors 2026-06-12 116.79   2026-06-15 125.9  7.80 
 CVNA                          Carvana Co   762.90                        Retail   2026-06-12 64.1    2026-06-15 68.9  7.49 
 COHR                       Coherent Corp   790.75          Electrical Equipment 2026-06-12 385.03  2026-06-15 413.84  7.48 
  TER                        Teradyne Inc   671.57                Semiconductors  2026-06-12 403.2  2026-06-15 432.41  7.24 
 CRCL           Circle Internet Group Inc   213.65                    Technology  2026-06-12 77.84   2026-06-15 83.37  7.10 
  AMD          Advanced Micro Devices Inc  8923.05                Semiconductors 2026-06-12 511.57  2026-06-15 547.26  6.98 
  XYZ                           Block Inc   450.67            Financial Services  2026-06-12 69.52   2026-06-15 74.35  6.95 
   AU               Anglogold Ashanti PLC   472.08               Metals & Mining   2026-06-12 86.3   2026-06-15 92.29  6.94 

=== 市值超过1000亿的涨跌榜前20名股票 ===
股票代码                 公司名称                 市值(亿)                 板块                     昨天收盘              今天收盘        涨跌幅(%)
SPCX Space Exploration Technologies Corp 22831.87                           N/A 2026-06-12 160.95   2026-06-15 192.5 19.60 
  MU               Micron Technology Inc 12058.30                Semiconductors 2026-06-12 981.61 2026-06-15 1087.99 10.84 
MRVL              Marvell Technology Inc  2585.47                Semiconductors  2026-06-12 279.7  2026-06-15 308.88 10.43 
 STX     Seagate Technology Holdings PLC  2251.89                    Technology 2026-06-12 931.04  2026-06-15 1018.8  9.43 
 AMD          Advanced Micro Devices Inc  8923.05                Semiconductors 2026-06-12 511.57  2026-06-15 547.26  6.98 
SNDK                        Sandisk Corp  3118.77                    Technology 2026-06-12 1980.1 2026-06-15 2107.86  6.45 
LRCX                   Lam Research Corp  4866.35                Semiconductors 2026-06-12 366.81  2026-06-15 388.92  6.03 
BKNG                Booking Holdings Inc  1359.95 Hotels, Restaurants & Leisure 2026-06-12 164.94  2026-06-15 174.64  5.88 
UBER               Uber Technologies Inc  1401.51                   Road & Rail  2026-06-12 68.85   2026-06-15 72.85  5.81 
 NEM                 Newmont Corporation  1131.82               Metals & Mining 2026-06-12 100.23   2026-06-15 105.8  5.56 
 COF          Capital One Financial Corp  1210.97            Financial Services 2026-06-12 184.73  2026-06-15 194.62  5.35 
PLTR           Palantir Technologies Inc  3221.80                    Technology 2026-06-12 127.99  2026-06-15 134.71  5.25 
 APP                       Applovin Corp  1770.44                    Technology 2026-06-12 496.77  2026-06-15 520.86  4.85 
META                  Meta Platforms Inc 15202.49                         Media 2026-06-12 566.98  2026-06-15 593.48  4.67 
ORCL                         Oracle Corp  5589.16                    Technology 2026-06-12 184.13  2026-06-15 192.64  4.62 
  BA                           Boeing Co  1806.47           Aerospace & Defense 2026-06-12 219.05  2026-06-15 228.95  4.52 
QCOM                        Qualcomm Inc  2330.82                Semiconductors 2026-06-12 211.72  2026-06-15 220.81  4.29 
 GEV                      GE Vernova Inc  2612.63          Electrical Equipment 2026-06-12 940.66  2026-06-15 979.07  4.08 
 TXN               Texas Instruments Inc  2832.39                Semiconductors 2026-06-12 301.12  2026-06-15 313.34  4.06 
 ETN               Eaton Corporation PLC  1588.19          Electrical Equipment 2026-06-12 391.39  2026-06-15 407.06  4.00 
