
=== 涨幅榜前20名股票 ===
股票代码                公司名称               市值(亿)            板块                  昨天收盘              今天收盘       涨跌幅(%)
ASST                Asset Entities Inc  0.09                    Media  2025-05-06 0.61   2025-05-07 3.39 455.74
PRCH                   Porch Group Inc 10.85               Technology  2025-05-06 6.34  2025-05-07 10.65  67.98
MEGL           Magic Empire Global Ltd  0.16       Financial Services  2025-05-06 1.18   2025-05-07 1.95  65.25
ONEG         OneConstruction Group Ltd  0.37             Construction  2025-05-06 2.02   2025-05-07 2.88  42.48
 FTK             Flotek Industries Inc  3.03                Chemicals  2025-05-06 7.14  2025-05-07 10.15  42.16
CURI               CuriosityStream Inc  2.64                    Media   2025-05-06 3.3   2025-05-07 4.63  40.30
SKIN                  Beauty Health Co  1.79        Consumer products  2025-05-06 1.05   2025-05-07 1.42  35.24
ANGI                          Angi Inc  7.26                    Media 2025-05-06 11.25  2025-05-07 15.15  34.67
EOSE        Eos Energy Enterprises Inc 15.11     Electrical Equipment  2025-05-06 5.04   2025-05-07 6.67  32.34
GPUS               Hyperscale Data Inc  0.11 Industrial Conglomerates   2025-05-06 4.7   2025-05-07 6.17  31.28
OSCR                  Oscar Health Inc 37.27                Insurance 2025-05-06 13.07  2025-05-07 17.02  30.22
ECDA         ECD Automotive Design Inc  0.15              Automobiles  2025-05-06 0.32   2025-05-07 0.41  29.75
NRDS                    NerdWallet Inc  8.13       Financial Services  2025-05-06 8.46  2025-05-07 10.91  28.96
BBNX                  Beta Bionics Inc  6.23              Health Care 2025-05-06 11.35  2025-05-07 14.37  26.61
ELAN          Elanco Animal Health Inc 59.62          Pharmaceuticals  2025-05-06 9.51  2025-05-07 12.01  26.29
 RGC Regencell Bioscience Holdings Ltd 24.72          Pharmaceuticals 2025-05-06 151.0 2025-05-07 189.99  25.82
 OST     Ostin Technology Group Co Ltd  1.38     Electrical Equipment  2025-05-06 2.98   2025-05-07 3.75  25.63
  KE           Kimball Electronics Inc  4.51     Electrical Equipment 2025-05-06 14.71  2025-05-07 18.38  24.95
 TPB          Turning Point Brands Inc 14.39                  Tobacco 2025-05-06 64.89   2025-05-07 81.0  24.83
NCRA                        Nocera Inc  0.14             Construction  2025-05-06 0.81   2025-05-07 1.01  24.69

=== 市值超过20亿的涨幅榜前20名股票 ===
股票代码                     公司名称                      市值(亿)                板块                      昨天收盘              今天收盘       涨跌幅(%)
OSCR                             Oscar Health Inc   37.27                      Insurance  2025-05-06 13.07  2025-05-07 17.02 30.22 
ELAN                     Elanco Animal Health Inc   59.62                Pharmaceuticals   2025-05-06 9.51  2025-05-07 12.01 26.29 
 RGC            Regencell Bioscience Holdings Ltd   24.72                Pharmaceuticals  2025-05-06 151.0 2025-05-07 189.99 25.82 
LIVN                                 LivaNova PLC   23.64                    Health Care  2025-05-06 35.16   2025-05-07 43.5 23.72 
 CRL Charles River Laboratories International Inc   67.27 Life Sciences Tools & Services 2025-05-06 115.41 2025-05-07 136.97 18.68 
HALO                    Halozyme Therapeutics Inc   86.65                  Biotechnology  2025-05-06 59.38  2025-05-07 70.14 18.12 
PTCT                         PTC Therapeutics Inc   32.15                  Biotechnology  2025-05-06 36.19  2025-05-07 40.76 12.63 
 TEM                                Tempus AI Inc  101.67 Life Sciences Tools & Services  2025-05-06 52.19  2025-05-07 58.76 12.59 
 ROK                      Rockwell Automation Inc  320.19           Electrical Equipment 2025-05-06 253.05 2025-05-07 283.17 11.90 
CPNG                                  Coupang Inc  482.89                         Retail   2025-05-06 24.0   2025-05-07 26.6 10.83 
 DIS                               Walt Disney Co 1845.57                          Media  2025-05-06 92.17 2025-05-07 102.09 10.76 
HGTY                                  Hagerty Inc   33.31                      Insurance   2025-05-06 8.88   2025-05-07 9.75  9.80 
NBIS                              Nebius Group NV   64.63                     Technology  2025-05-06 25.04  2025-05-07 27.45  9.62 
ARDT                   Ardent Health Partners Inc   20.28                    Health Care  2025-05-06 13.01  2025-05-07 14.21  9.22 
VOYA                           Voya Financial Inc   63.22             Financial Services  2025-05-06 60.24  2025-05-07 65.71  9.08 
REZI                     Resideo Technologies Inc   28.26                       Building  2025-05-06 17.47  2025-05-07 19.03  8.93 
  BL                                BlackLine Inc   31.96                     Technology  2025-05-06 46.65  2025-05-07 50.67  8.62 
 CRC                    California Resources Corp   34.87                         Energy  2025-05-06 35.51  2025-05-07 38.47  8.34 
 GEN                              Gen Digital Inc  171.58                     Technology  2025-05-06 25.72  2025-05-07 27.84  8.24 
CCCS       CCC Intelligent Solutions Holdings Inc   59.01                     Technology    2025-05-06 8.3   2025-05-07 8.95  7.96 

=== 市值超过50亿的涨幅榜前20名股票 ===
股票代码                     公司名称                      市值(亿)                板块                      昨天收盘              今天收盘       涨跌幅(%)
ELAN                     Elanco Animal Health Inc   59.62                Pharmaceuticals   2025-05-06 9.51  2025-05-07 12.01 26.29 
 CRL Charles River Laboratories International Inc   67.27 Life Sciences Tools & Services 2025-05-06 115.41 2025-05-07 136.97 18.68 
HALO                    Halozyme Therapeutics Inc   86.65                  Biotechnology  2025-05-06 59.38  2025-05-07 70.14 18.12 
 TEM                                Tempus AI Inc  101.67 Life Sciences Tools & Services  2025-05-06 52.19  2025-05-07 58.76 12.59 
 ROK                      Rockwell Automation Inc  320.19           Electrical Equipment 2025-05-06 253.05 2025-05-07 283.17 11.90 
CPNG                                  Coupang Inc  482.89                         Retail   2025-05-06 24.0   2025-05-07 26.6 10.83 
 DIS                               Walt Disney Co 1845.57                          Media  2025-05-06 92.17 2025-05-07 102.09 10.76 
NBIS                              Nebius Group NV   64.63                     Technology  2025-05-06 25.04  2025-05-07 27.45  9.62 
VOYA                           Voya Financial Inc   63.22             Financial Services  2025-05-06 60.24  2025-05-07 65.71  9.08 
 GEN                              Gen Digital Inc  171.58                     Technology  2025-05-06 25.72  2025-05-07 27.84  8.24 
CCCS       CCC Intelligent Solutions Holdings Inc   59.01                     Technology    2025-05-06 8.3   2025-05-07 8.95  7.96 
KVYO                                  Klaviyo Inc   93.22                     Technology   2025-05-06 31.6  2025-05-07 33.62  6.39 
HIMS                       Hims & Hers Health Inc  117.18                    Health Care  2025-05-06 49.47  2025-05-07 52.35  5.82 
 BSY                          Bentley Systems Inc  139.98                     Technology  2025-05-06 43.77  2025-05-07 46.24  5.64 
 CNC                                 Centene Corp  313.09                    Health Care  2025-05-06 59.68  2025-05-07 62.92  5.43 
  ES                            Eversource Energy  228.66                      Utilities  2025-05-06 59.21  2025-05-07 62.24  5.12 
 IQV                           IQVIA Holdings Inc  270.29 Life Sciences Tools & Services  2025-05-06 146.2  2025-05-07 153.3  4.86 
 COR                                  Cencora Inc  590.63                    Health Care 2025-05-06 290.81 2025-05-07 304.58  4.74 
TRMB                                  Trimble Inc  158.18           Electrical Equipment  2025-05-06 63.32   2025-05-07 66.3  4.71 
 MAT                                   Mattel Inc   56.28               Leisure Products  2025-05-06 16.65  2025-05-07 17.43  4.68 

=== 市值超过100亿的涨幅榜前20名股票 ===
股票代码           公司名称            市值(亿)                 板块                       昨天收盘              今天收盘       涨跌幅(%)
 TEM            Tempus AI Inc  101.67   Life Sciences Tools & Services  2025-05-06 52.19  2025-05-07 58.76 12.59 
 ROK  Rockwell Automation Inc  320.19             Electrical Equipment 2025-05-06 253.05 2025-05-07 283.17 11.90 
CPNG              Coupang Inc  482.89                           Retail   2025-05-06 24.0   2025-05-07 26.6 10.83 
 DIS           Walt Disney Co 1845.57                            Media  2025-05-06 92.17 2025-05-07 102.09 10.76 
 GEN          Gen Digital Inc  171.58                       Technology  2025-05-06 25.72  2025-05-07 27.84  8.24 
HIMS   Hims & Hers Health Inc  117.18                      Health Care  2025-05-06 49.47  2025-05-07 52.35  5.82 
 BSY      Bentley Systems Inc  139.98                       Technology  2025-05-06 43.77  2025-05-07 46.24  5.64 
 CNC             Centene Corp  313.09                      Health Care  2025-05-06 59.68  2025-05-07 62.92  5.43 
  ES        Eversource Energy  228.66                        Utilities  2025-05-06 59.21  2025-05-07 62.24  5.12 
 IQV       IQVIA Holdings Inc  270.29   Life Sciences Tools & Services  2025-05-06 146.2  2025-05-07 153.3  4.86 
 COR              Cencora Inc  590.63                      Health Care 2025-05-06 290.81 2025-05-07 304.58  4.74 
TRMB              Trimble Inc  158.18             Electrical Equipment  2025-05-06 63.32   2025-05-07 66.3  4.71 
VRSK     Verisk Analytics Inc  433.69            Professional Services 2025-05-06 296.19  2025-05-07 309.9  4.63 
HOLX              Hologic Inc  123.52                      Health Care  2025-05-06 53.11  2025-05-07 55.43  4.37 
  AS          Amer Sports Inc  147.66 Textiles, Apparel & Luxury Goods  2025-05-06 25.57  2025-05-07 26.66  4.26 
 ZTS               Zoetis Inc  695.81                  Pharmaceuticals 2025-05-06 149.87 2025-05-07 155.99  4.08 
UTHR United Therapeutics Corp  138.44                    Biotechnology 2025-05-06 295.02 2025-05-07 306.92  4.03 
 ULS         UL Solutions Inc  140.13            Professional Services  2025-05-06 67.33   2025-05-07 70.0  3.97 
SPOT    Spotify Technology SA 1319.35                            Media 2025-05-06 632.85  2025-05-07 657.1  3.83 
 MOS                Mosaic Co  100.12                        Chemicals  2025-05-06 30.45  2025-05-07 31.56  3.65 

=== 市值超过200亿的涨幅榜前20名股票 ===
股票代码           公司名称           市值(亿)                  板块                       昨天收盘              今天收盘       涨跌幅(%)
 ROK Rockwell Automation Inc   320.19             Electrical Equipment 2025-05-06 253.05 2025-05-07 283.17 11.90 
CPNG             Coupang Inc   482.89                           Retail   2025-05-06 24.0   2025-05-07 26.6 10.83 
 DIS          Walt Disney Co  1845.57                            Media  2025-05-06 92.17 2025-05-07 102.09 10.76 
 CNC            Centene Corp   313.09                      Health Care  2025-05-06 59.68  2025-05-07 62.92  5.43 
  ES       Eversource Energy   228.66                        Utilities  2025-05-06 59.21  2025-05-07 62.24  5.12 
 IQV      IQVIA Holdings Inc   270.29   Life Sciences Tools & Services  2025-05-06 146.2  2025-05-07 153.3  4.86 
 COR             Cencora Inc   590.63                      Health Care 2025-05-06 290.81 2025-05-07 304.58  4.74 
VRSK    Verisk Analytics Inc   433.69            Professional Services 2025-05-06 296.19  2025-05-07 309.9  4.63 
 ZTS              Zoetis Inc   695.81                  Pharmaceuticals 2025-05-06 149.87 2025-05-07 155.99  4.08 
SPOT   Spotify Technology SA  1319.35                            Media 2025-05-06 632.85  2025-05-07 657.1  3.83 
  VG      Venture Global Inc   217.77                           Energy    2025-05-06 8.7    2025-05-07 9.0  3.45 
 CCJ             Cameco Corp   216.53                           Energy  2025-05-06 48.15  2025-05-07 49.74  3.30 
QCOM            Qualcomm Inc  1584.41                   Semiconductors  2025-05-06 139.9  2025-05-07 144.3  3.15 
NVDA             NVIDIA Corp 28548.08                   Semiconductors 2025-05-06 113.54 2025-05-07 117.06  3.10 
NTRA              Natera Inc   217.00                    Biotechnology  2025-05-06 155.5  2025-05-07 160.1  2.96 
 FOX                Fox Corp   221.76                            Media  2025-05-06 45.97  2025-05-07 47.32  2.94 
 NKE                Nike Inc   865.23 Textiles, Apparel & Luxury Goods  2025-05-06 57.04  2025-05-07 58.62  2.77 
IDXX  IDEXX Laboratories Inc   391.34                      Health Care 2025-05-06 473.71 2025-05-07 486.61  2.72 
HOOD   Robinhood Markets Inc   441.15               Financial Services  2025-05-06 48.69  2025-05-07 49.99  2.67 
  MU   Micron Technology Inc   923.34                   Semiconductors  2025-05-06 80.51  2025-05-07 82.62  2.62 

=== 市值超过1000亿的涨跌榜前20名股票 ===
股票代码                 公司名称                  市值(亿)              板块                   昨天收盘              今天收盘       涨跌幅(%)
 DIS                       Walt Disney Co  1845.57                    Media  2025-05-06 92.17 2025-05-07 102.09 10.76 
SPOT                Spotify Technology SA  1319.35                    Media 2025-05-06 632.85  2025-05-07 657.1  3.83 
QCOM                         Qualcomm Inc  1584.41           Semiconductors  2025-05-06 139.9  2025-05-07 144.3  3.15 
NVDA                          NVIDIA Corp 28548.08           Semiconductors 2025-05-06 113.54 2025-05-07 117.06  3.10 
AVGO                         Broadcom Inc  9630.06           Semiconductors 2025-05-06 200.09 2025-05-07 204.81  2.36 
INTU                           Intuit Inc  1792.38               Technology 2025-05-06 626.55 2025-05-07 641.14  2.33 
 TXN                Texas Instruments Inc  1497.07           Semiconductors 2025-05-06 161.09 2025-05-07 164.79  2.30 
 KKR                         KKR & Co Inc  1032.24       Financial Services 2025-05-06 113.65 2025-05-07 116.21  2.25 
 HON          Honeywell International Inc  1379.26 Industrial Conglomerates 2025-05-06 209.93 2025-05-07 214.61  2.23 
AMZN                       Amazon.com Inc 20034.12                   Retail 2025-05-06 185.01 2025-05-07 188.71  2.00 
AMGN                            Amgen Inc  1483.21            Biotechnology 2025-05-06 270.44 2025-05-07 275.84  2.00 
 JNJ                    Johnson & Johnson  3790.69          Pharmaceuticals 2025-05-06 154.47  2025-05-07 157.3  1.83 
AMAT                Applied Materials Inc  1265.86           Semiconductors 2025-05-06 153.03 2025-05-07 155.81  1.82 
MSTR                    Microstrategy Inc  1073.05               Technology  2025-05-06 385.6 2025-05-07 392.48  1.78 
 CRM                       Salesforce Inc  2669.54               Technology 2025-05-06 273.36 2025-05-07 278.23  1.78 
 AMD           Advanced Micro Devices Inc  1622.86           Semiconductors  2025-05-06 98.62 2025-05-07 100.36  1.76 
 SYK                         Stryker Corp  1467.74              Health Care 2025-05-06 377.52 2025-05-07 384.06  1.73 
 IBM International Business Machines Corp  2354.81               Technology 2025-05-06 249.12 2025-05-07 253.37  1.71 
META                   Meta Platforms Inc 15004.69                    Media 2025-05-06 587.31 2025-05-07 596.81  1.62 
  BX                       Blackstone Inc  1651.69       Financial Services  2025-05-06 134.0 2025-05-07 136.14  1.60 
