
=== 涨幅榜前20名股票 ===

   股票代码                               公司名称  市值(亿)                            板块                          昨天收盘                          今天收盘  涨跌幅(%)
2       CIA                           Citizens Inc      2.38                       Insurance      2025-01-22 4.610000133514404      2025-01-23 4.769999980926514       3.47
5       ALG                        Alamo Group Inc     22.22                       Machinery     2025-01-22 183.74000549316406     2025-01-23 184.22999572753906       0.27
0      TRXO         Columbine Valley Resources Inc      0.01                          Energy    2025-01-22 0.06800000369548798    2025-01-23 0.06800000369548798       0.00
1     TYXXF                  Tyranna Resources Ltd      0.13                 Metals & Mining   2025-01-22 0.001500000013038516   2025-01-23 0.001500000013038516       0.00
3     SSMTF                     Sensible Meats Inc      0.04                             N/A   2025-01-22 0.001500000013038516   2025-01-23 0.001500000013038516       0.00
6      GIPL        Global Innovative Platforms Inc      0.03                  Semiconductors    2025-01-22 0.10000000149011612    2025-01-23 0.10000000149011612       0.00
7      MHTX              Manhattan Scientifics Inc      0.00                   Biotechnology  2025-01-22 0.0007999999797903001  2025-01-23 0.0007999999797903001       0.00
8     HREEF                      Stans Energy Corp      0.01                 Metals & Mining  2025-01-22 9.999999747378752e-05  2025-01-23 9.999999747378752e-05       0.00
9      RSCF                 Reflect Scientific Inc      0.04  Life Sciences Tools & Services    2025-01-22 0.05000000074505806    2025-01-23 0.05000000074505806       0.00
10    OPTGF                   Optimus Group Co Ltd    251.04                    Distributors      2025-01-22 2.799999952316284      2025-01-23 2.799999952316284       0.00
11     CMNT  China Mulans Nano Technology Corp Ltd      0.00                             N/A  2025-01-22 9.999999747378752e-05  2025-01-23 9.999999747378752e-05       0.00
12    SMPEF         Southern Empire Resources Corp      0.02                             N/A   2025-01-22 0.029999999329447746   2025-01-23 0.029999999329447746       0.00
4        IR                     Ingersoll Rand Inc    379.07                       Machinery       2025-01-22 94.2300033569336      2025-01-23 94.05999755859375      -0.18

=== 市值超过20亿的涨幅榜前20名股票 ===

   股票代码              公司名称  市值(亿)          板块                       昨天收盘                       今天收盘  涨跌幅(%)
5       ALG       Alamo Group Inc     22.22     Machinery  2025-01-22 183.74000549316406  2025-01-23 184.22999572753906       0.27
10    OPTGF  Optimus Group Co Ltd    251.04  Distributors   2025-01-22 2.799999952316284   2025-01-23 2.799999952316284       0.00
4        IR    Ingersoll Rand Inc    379.07     Machinery    2025-01-22 94.2300033569336   2025-01-23 94.05999755859375      -0.18

=== 市值超过50亿的涨幅榜前20名股票 ===

   股票代码              公司名称  市值(亿)          板块                      昨天收盘                      今天收盘  涨跌幅(%)
10    OPTGF  Optimus Group Co Ltd    251.04  Distributors  2025-01-22 2.799999952316284  2025-01-23 2.799999952316284       0.00
4        IR    Ingersoll Rand Inc    379.07     Machinery   2025-01-22 94.2300033569336  2025-01-23 94.05999755859375      -0.18

=== 市值超过100亿的涨幅榜前20名股票 ===

   股票代码              公司名称  市值(亿)          板块                      昨天收盘                      今天收盘  涨跌幅(%)
10    OPTGF  Optimus Group Co Ltd    251.04  Distributors  2025-01-22 2.799999952316284  2025-01-23 2.799999952316284       0.00
4        IR    Ingersoll Rand Inc    379.07     Machinery   2025-01-22 94.2300033569336  2025-01-23 94.05999755859375      -0.18

=== 市值超过200亿的涨幅榜前20名股票 ===

   股票代码              公司名称  市值(亿)          板块                      昨天收盘                      今天收盘  涨跌幅(%)
10    OPTGF  Optimus Group Co Ltd    251.04  Distributors  2025-01-22 2.799999952316284  2025-01-23 2.799999952316284       0.00
4        IR    Ingersoll Rand Inc    379.07     Machinery   2025-01-22 94.2300033569336  2025-01-23 94.05999755859375      -0.18

没有市值超过1000亿的股票!
