2025-01-24 19:54:38,083 - INFO: Log file created: logs/20250124_195438.log
2025-01-24 19:54:38,083 - INFO: 从 Finnhub 获取股票列表...
2025-01-24 19:54:39,923 - INFO: 获取到 20 个股票
2025-01-24 19:54:39,933 - INFO: 开始处理 20 只股票...
2025-01-24 19:54:40,344 - INFO: 股票 LNDDS 数据不足
2025-01-24 19:54:41,047 - INFO: 获取 GRGCF 详细信息时出错: Expecting value: line 1 column 1 (char 0)
2025-01-24 19:54:41,047 - INFO: 股票 GRGCF 无法获取详细信息
2025-01-24 19:54:42,885 - INFO: 进度: 10/20 (50.0%) 有效数据: 8
2025-01-24 19:54:43,243 - INFO: 股票 LASLS 数据不足
2025-01-24 19:54:43,457 - INFO: 股票 ALMDF 数据不足
2025-01-24 19:54:43,623 - INFO: 股票 RKLC 数据不足
2025-01-24 19:54:45,025 - INFO: 进度: 20/20 (100.0%) 有效数据: 15
2025-01-24 19:54:45,026 - INFO: 
处理完成!
2025-01-24 19:54:45,026 - INFO: 总计处理: 20 只股票
2025-01-24 19:54:45,026 - INFO: 有效数据: 15 只股票
2025-01-24 19:54:45,026 - INFO: 无效数据: 5 只股票
2025-01-24 19:54:45,030 - INFO: 
=== 涨幅榜前20名股票 ===
2025-01-24 19:54:45,030 - INFO: 
=== 涨幅榜前20名股票 ===
2025-01-24 19:54:45,042 - INFO: 
   股票代码                           公司名称  市值(亿)                            板块                          昨天收盘                          今天收盘  涨跌幅(%)
5      CLOQ          Cyberloq Technologies Inc      0.52                      Technology     2025-01-22 0.3700000047683716     2025-01-23 0.4099999964237213      10.81
8      SPHL            Springview Holdings Ltd      0.53               Consumer products     2025-01-22 2.2699999809265137     2025-01-23 2.4700000286102295       8.81
13    PBEGF         Touchstone Exploration Inc      1.14                          Energy    2025-01-22 0.33000001311302185     2025-01-23 0.3400000035762787       3.03
14       VS                 Versus Systems Inc      0.08                           Media     2025-01-22 2.7799999713897705      2025-01-23 2.809999942779541       1.08
7       SMP        Standard Motor Products Inc      6.78                 Auto Components       2025-01-22 31.1299991607666     2025-01-23 31.219999313354492       0.29
0     HUNGF    Huaneng Power International Inc    867.32                       Utilities      2025-01-22 0.511650025844574      2025-01-23 0.511650025844574       0.00
1      PGYC        Patriot Energy Corp (Texas)      0.00                          Energy  2025-01-22 9.999999747378752e-06  2025-01-23 9.999999747378752e-06       0.00
3      EKNL             Eko International Corp      0.00  Commercial Services & Supplies  2025-01-22 9.999999747378752e-06  2025-01-23 9.999999747378752e-06       0.00
4      ARPC                  Arem Pacific Corp      0.00   Diversified Consumer Services  2025-01-22 0.0008999999845400453  2025-01-23 0.0008999999845400453       0.00
6     VOLVF                           Volvo AB   5856.03                       Machinery                   2025-01-22 26.5                   2025-01-23 26.5       0.00
9      KNBA  Kinbasha Gaming International Inc      0.00   Hotels, Restaurants & Leisure  2025-01-22 9.999999747378752e-05  2025-01-23 9.999999747378752e-05       0.00
11     GAEX                     GA Express Inc      0.00                      Technology  2025-01-22 9.999999747378752e-06  2025-01-23 9.999999747378752e-06       0.00
12    TSTTF              TripSitter Clinic Ltd      0.00                             N/A   2025-01-22 0.003000000026077032   2025-01-23 0.003000000026077032       0.00
10     BAND                      Bandwidth Inc      4.43               Telecommunication     2025-01-22 16.280000686645508     2025-01-23 16.110000610351562      -1.04
2     CLKXF                TWC Enterprises Ltd      4.44   Hotels, Restaurants & Leisure     2025-01-22 12.680000305175781     2025-01-23 12.510000228881836      -1.34
2025-01-24 19:54:45,042 - INFO: 
   股票代码                           公司名称  市值(亿)                            板块                          昨天收盘                          今天收盘  涨跌幅(%)
5      CLOQ          Cyberloq Technologies Inc      0.52                      Technology     2025-01-22 0.3700000047683716     2025-01-23 0.4099999964237213      10.81
8      SPHL            Springview Holdings Ltd      0.53               Consumer products     2025-01-22 2.2699999809265137     2025-01-23 2.4700000286102295       8.81
13    PBEGF         Touchstone Exploration Inc      1.14                          Energy    2025-01-22 0.33000001311302185     2025-01-23 0.3400000035762787       3.03
14       VS                 Versus Systems Inc      0.08                           Media     2025-01-22 2.7799999713897705      2025-01-23 2.809999942779541       1.08
7       SMP        Standard Motor Products Inc      6.78                 Auto Components       2025-01-22 31.1299991607666     2025-01-23 31.219999313354492       0.29
0     HUNGF    Huaneng Power International Inc    867.32                       Utilities      2025-01-22 0.511650025844574      2025-01-23 0.511650025844574       0.00
1      PGYC        Patriot Energy Corp (Texas)      0.00                          Energy  2025-01-22 9.999999747378752e-06  2025-01-23 9.999999747378752e-06       0.00
3      EKNL             Eko International Corp      0.00  Commercial Services & Supplies  2025-01-22 9.999999747378752e-06  2025-01-23 9.999999747378752e-06       0.00
4      ARPC                  Arem Pacific Corp      0.00   Diversified Consumer Services  2025-01-22 0.0008999999845400453  2025-01-23 0.0008999999845400453       0.00
6     VOLVF                           Volvo AB   5856.03                       Machinery                   2025-01-22 26.5                   2025-01-23 26.5       0.00
9      KNBA  Kinbasha Gaming International Inc      0.00   Hotels, Restaurants & Leisure  2025-01-22 9.999999747378752e-05  2025-01-23 9.999999747378752e-05       0.00
11     GAEX                     GA Express Inc      0.00                      Technology  2025-01-22 9.999999747378752e-06  2025-01-23 9.999999747378752e-06       0.00
12    TSTTF              TripSitter Clinic Ltd      0.00                             N/A   2025-01-22 0.003000000026077032   2025-01-23 0.003000000026077032       0.00
10     BAND                      Bandwidth Inc      4.43               Telecommunication     2025-01-22 16.280000686645508     2025-01-23 16.110000610351562      -1.04
2     CLKXF                TWC Enterprises Ltd      4.44   Hotels, Restaurants & Leisure     2025-01-22 12.680000305175781     2025-01-23 12.510000228881836      -1.34
2025-01-24 19:54:45,043 - INFO: 
=== 市值超过20亿的涨幅榜前20名股票 ===
2025-01-24 19:54:45,043 - INFO: 
=== 市值超过20亿的涨幅榜前20名股票 ===
2025-01-24 19:54:45,048 - INFO: 
  股票代码                         公司名称  市值(亿)       板块                      昨天收盘                      今天收盘  涨跌幅(%)
0    HUNGF  Huaneng Power International Inc    867.32  Utilities  2025-01-22 0.511650025844574  2025-01-23 0.511650025844574        0.0
6    VOLVF                         Volvo AB   5856.03  Machinery               2025-01-22 26.5               2025-01-23 26.5        0.0
2025-01-24 19:54:45,048 - INFO: 
  股票代码                         公司名称  市值(亿)       板块                      昨天收盘                      今天收盘  涨跌幅(%)
0    HUNGF  Huaneng Power International Inc    867.32  Utilities  2025-01-22 0.511650025844574  2025-01-23 0.511650025844574        0.0
6    VOLVF                         Volvo AB   5856.03  Machinery               2025-01-22 26.5               2025-01-23 26.5        0.0
2025-01-24 19:54:45,049 - INFO: 
=== 市值超过50亿的涨幅榜前20名股票 ===
2025-01-24 19:54:45,049 - INFO: 
=== 市值超过50亿的涨幅榜前20名股票 ===
2025-01-24 19:54:45,053 - INFO: 
  股票代码                         公司名称  市值(亿)       板块                      昨天收盘                      今天收盘  涨跌幅(%)
0    HUNGF  Huaneng Power International Inc    867.32  Utilities  2025-01-22 0.511650025844574  2025-01-23 0.511650025844574        0.0
6    VOLVF                         Volvo AB   5856.03  Machinery               2025-01-22 26.5               2025-01-23 26.5        0.0
2025-01-24 19:54:45,053 - INFO: 
  股票代码                         公司名称  市值(亿)       板块                      昨天收盘                      今天收盘  涨跌幅(%)
0    HUNGF  Huaneng Power International Inc    867.32  Utilities  2025-01-22 0.511650025844574  2025-01-23 0.511650025844574        0.0
6    VOLVF                         Volvo AB   5856.03  Machinery               2025-01-22 26.5               2025-01-23 26.5        0.0
2025-01-24 19:54:45,054 - INFO: 
=== 市值超过100亿的涨幅榜前20名股票 ===
2025-01-24 19:54:45,054 - INFO: 
=== 市值超过100亿的涨幅榜前20名股票 ===
2025-01-24 19:54:45,059 - INFO: 
  股票代码                         公司名称  市值(亿)       板块                      昨天收盘                      今天收盘  涨跌幅(%)
0    HUNGF  Huaneng Power International Inc    867.32  Utilities  2025-01-22 0.511650025844574  2025-01-23 0.511650025844574        0.0
6    VOLVF                         Volvo AB   5856.03  Machinery               2025-01-22 26.5               2025-01-23 26.5        0.0
2025-01-24 19:54:45,059 - INFO: 
  股票代码                         公司名称  市值(亿)       板块                      昨天收盘                      今天收盘  涨跌幅(%)
0    HUNGF  Huaneng Power International Inc    867.32  Utilities  2025-01-22 0.511650025844574  2025-01-23 0.511650025844574        0.0
6    VOLVF                         Volvo AB   5856.03  Machinery               2025-01-22 26.5               2025-01-23 26.5        0.0
2025-01-24 19:54:45,059 - INFO: 
=== 市值超过200亿的涨幅榜前20名股票 ===
2025-01-24 19:54:45,060 - INFO: 
=== 市值超过200亿的涨幅榜前20名股票 ===
2025-01-24 19:54:45,064 - INFO: 
  股票代码                         公司名称  市值(亿)       板块                      昨天收盘                      今天收盘  涨跌幅(%)
0    HUNGF  Huaneng Power International Inc    867.32  Utilities  2025-01-22 0.511650025844574  2025-01-23 0.511650025844574        0.0
6    VOLVF                         Volvo AB   5856.03  Machinery               2025-01-22 26.5               2025-01-23 26.5        0.0
2025-01-24 19:54:45,064 - INFO: 
  股票代码                         公司名称  市值(亿)       板块                      昨天收盘                      今天收盘  涨跌幅(%)
0    HUNGF  Huaneng Power International Inc    867.32  Utilities  2025-01-22 0.511650025844574  2025-01-23 0.511650025844574        0.0
6    VOLVF                         Volvo AB   5856.03  Machinery               2025-01-22 26.5               2025-01-23 26.5        0.0
2025-01-24 19:54:45,065 - INFO: 
=== 市值超过1000亿的涨幅榜前20名股票 ===
2025-01-24 19:54:45,065 - INFO: 
=== 市值超过1000亿的涨幅榜前20名股票 ===
2025-01-24 19:54:45,069 - INFO: 
  股票代码  公司名称  市值(亿)       板块         昨天收盘         今天收盘  涨跌幅(%)
6    VOLVF  Volvo AB   5856.03  Machinery  2025-01-22 26.5  2025-01-23 26.5        0.0
2025-01-24 19:54:45,069 - INFO: 
  股票代码  公司名称  市值(亿)       板块         昨天收盘         今天收盘  涨跌幅(%)
6    VOLVF  Volvo AB   5856.03  Machinery  2025-01-22 26.5  2025-01-23 26.5        0.0
2025-01-24 19:54:45,069 - INFO: 结果已保存到: logs/20250124_195445_result.log
2025-01-24 19:54:45,070 - INFO: 股票数据已保存到 20250124_195445_stocks_data.json
2025-01-24 19:54:45,074 - INFO: 
=== 板块涨跌分析 ===
2025-01-24 19:54:45,077 - INFO: 
                              板块  平均涨跌幅  股票数量
2                Consumer products       8.810         1
9                       Technology       5.405         2
4                           Energy       1.515         2
7                            Media       1.080         1
0                  Auto Components       0.290         1
1   Commercial Services & Supplies       0.000         1
3    Diversified Consumer Services       0.000         1
6                        Machinery       0.000         1
8                              N/A       0.000         1
11                       Utilities       0.000         1
5    Hotels, Restaurants & Leisure      -0.670         2
10               Telecommunication      -1.040         1
2025-01-24 19:54:45,078 - INFO: 板块分析已保存到 20250124_195445_sector_analysis.json
2025-01-24 19:54:45,084 - ERROR: 执行git更新时发生未知错误: __init__() got an unexpected keyword argument 'capture_output'
