2025-01-24 16:37:18,204 - INFO: Log file created: logs/20250124_163718.log
2025-01-24 16:37:18,204 - INFO: 从 Finnhub 获取股票列表...
2025-01-24 16:37:19,898 - INFO: 获取到 22 个股票
2025-01-24 16:37:19,907 - INFO: 开始处理 22 只股票...
2025-01-24 16:37:30,580 - INFO: 进度: 10/22 (45.45%) 有效数据: 10
2025-01-24 16:37:31,797 - INFO: 股票 LIBP 数据不足
2025-01-24 16:37:36,187 - INFO: 股票 NSMCF 市值数据无效
2025-01-24 16:37:37,399 - INFO: 股票 RMYCS 数据不足
2025-01-24 16:37:39,451 - INFO: 进度: 20/22 (90.91%) 有效数据: 17
2025-01-24 16:37:39,699 - INFO: 股票 RSGBS 数据不足
2025-01-24 16:37:40,047 - INFO: 股票 GIGI 数据不足
2025-01-24 16:37:40,047 - INFO: 
处理完成!
2025-01-24 16:37:40,047 - INFO: 总计处理: 22 只股票
2025-01-24 16:37:40,047 - INFO: 有效数据: 17 只股票
2025-01-24 16:37:40,047 - INFO: 无效数据: 5 只股票
2025-01-24 16:37:40,050 - INFO: 
=== 涨幅榜前20名股票 ===
2025-01-24 16:37:40,050 - INFO: 
=== 涨幅榜前20名股票 ===
2025-01-24 16:37:40,063 - INFO: 
   股票代码                                      公司名称  市值(亿)                            板块                           昨天收盘                           今天收盘  涨跌幅(%)
9      GNLX                                  Genelux Corp      1.16                   Biotechnology      2025-01-22 3.1500000953674316       2025-01-23 3.359999895095825       6.67
4      CSBR                        Champions Oncology Inc      1.57  Life Sciences Tools & Services      2025-01-22 10.720000267028809      2025-01-23 11.359999656677246       5.97
2      FMBH                      First Mid Bancshares Inc      9.00                         Banking      2025-01-22 36.599998474121094      2025-01-23 37.619998931884766       2.79
7     PARXF                           Parex Resources Inc     14.27                          Energy       2025-01-22 10.15999984741211                   2025-01-23 10.25       0.89
15    PRBZF                  Premium Brands Holdings Corp     35.72                   Food Products       2025-01-22 55.29999923706055      2025-01-23 55.529998779296875       0.42
0      PRPM                            ProTek Capital Inc      0.00              Financial Services   2025-01-22 9.999999747378752e-05   2025-01-23 9.999999747378752e-05       0.00
10    BIOAF                      Bioasis Technologies Inc      0.00                   Biotechnology  2025-01-22 0.00019999999494757503  2025-01-23 0.00019999999494757503       0.00
13    CRRNF                               Cairn Homes PLC     11.17               Consumer products      2025-01-22 1.4299999475479126      2025-01-23 1.4299999475479126       0.00
12    YAMCF                                   Yamaha Corp   5441.90                Leisure Products       2025-01-22 7.260000228881836       2025-01-23 7.260000228881836       0.00
11    SHVLF              Starcore International Mines Ltd      0.08                 Metals & Mining     2025-01-22 0.08219999819993973     2025-01-23 0.08219999819993973       0.00
8     SKSUF                       Sekisui Chemical Co Ltd  10248.53               Consumer products      2025-01-22 17.719999313354492      2025-01-23 17.719999313354492       0.00
1      SDON                                 Sandston Corp      0.00                             N/A   2025-01-22 9.999999747378752e-05   2025-01-23 9.999999747378752e-05       0.00
6     BEVVF  Bee Vectoring Technologies International Inc      0.01                       Chemicals    2025-01-22 0.006000000052154064    2025-01-23 0.006000000052154064       0.00
16    BHTLF                                    Bechtle AG     38.63                      Technology       2025-01-22 53.54999923706055       2025-01-23 53.54999923706055       0.00
5      SLQT                               SelectQuote Inc      7.65                       Insurance       2025-01-22 4.480000019073486       2025-01-23 4.460000038146973      -0.45
14     USIO                                      Usio Inc      0.69              Financial Services      2025-01-22 2.5799999237060547      2025-01-23 2.5299999713897705      -1.94
3      PROP                          Prairie Operating Co      1.96                      Technology       2025-01-22 8.789999961853027       2025-01-23 8.539999961853027      -2.84
2025-01-24 16:37:40,064 - INFO: 
   股票代码                                      公司名称  市值(亿)                            板块                           昨天收盘                           今天收盘  涨跌幅(%)
9      GNLX                                  Genelux Corp      1.16                   Biotechnology      2025-01-22 3.1500000953674316       2025-01-23 3.359999895095825       6.67
4      CSBR                        Champions Oncology Inc      1.57  Life Sciences Tools & Services      2025-01-22 10.720000267028809      2025-01-23 11.359999656677246       5.97
2      FMBH                      First Mid Bancshares Inc      9.00                         Banking      2025-01-22 36.599998474121094      2025-01-23 37.619998931884766       2.79
7     PARXF                           Parex Resources Inc     14.27                          Energy       2025-01-22 10.15999984741211                   2025-01-23 10.25       0.89
15    PRBZF                  Premium Brands Holdings Corp     35.72                   Food Products       2025-01-22 55.29999923706055      2025-01-23 55.529998779296875       0.42
0      PRPM                            ProTek Capital Inc      0.00              Financial Services   2025-01-22 9.999999747378752e-05   2025-01-23 9.999999747378752e-05       0.00
10    BIOAF                      Bioasis Technologies Inc      0.00                   Biotechnology  2025-01-22 0.00019999999494757503  2025-01-23 0.00019999999494757503       0.00
13    CRRNF                               Cairn Homes PLC     11.17               Consumer products      2025-01-22 1.4299999475479126      2025-01-23 1.4299999475479126       0.00
12    YAMCF                                   Yamaha Corp   5441.90                Leisure Products       2025-01-22 7.260000228881836       2025-01-23 7.260000228881836       0.00
11    SHVLF              Starcore International Mines Ltd      0.08                 Metals & Mining     2025-01-22 0.08219999819993973     2025-01-23 0.08219999819993973       0.00
8     SKSUF                       Sekisui Chemical Co Ltd  10248.53               Consumer products      2025-01-22 17.719999313354492      2025-01-23 17.719999313354492       0.00
1      SDON                                 Sandston Corp      0.00                             N/A   2025-01-22 9.999999747378752e-05   2025-01-23 9.999999747378752e-05       0.00
6     BEVVF  Bee Vectoring Technologies International Inc      0.01                       Chemicals    2025-01-22 0.006000000052154064    2025-01-23 0.006000000052154064       0.00
16    BHTLF                                    Bechtle AG     38.63                      Technology       2025-01-22 53.54999923706055       2025-01-23 53.54999923706055       0.00
5      SLQT                               SelectQuote Inc      7.65                       Insurance       2025-01-22 4.480000019073486       2025-01-23 4.460000038146973      -0.45
14     USIO                                      Usio Inc      0.69              Financial Services      2025-01-22 2.5799999237060547      2025-01-23 2.5299999713897705      -1.94
3      PROP                          Prairie Operating Co      1.96                      Technology       2025-01-22 8.789999961853027       2025-01-23 8.539999961853027      -2.84
2025-01-24 16:37:40,064 - INFO: 
=== 市值超过20亿的涨幅榜前20名股票 ===
2025-01-24 16:37:40,064 - INFO: 
=== 市值超过20亿的涨幅榜前20名股票 ===
2025-01-24 16:37:40,070 - INFO: 
   股票代码                      公司名称  市值(亿)               板块                       昨天收盘                       今天收盘  涨跌幅(%)
15    PRBZF  Premium Brands Holdings Corp     35.72      Food Products   2025-01-22 55.29999923706055  2025-01-23 55.529998779296875       0.42
12    YAMCF                   Yamaha Corp   5441.90   Leisure Products   2025-01-22 7.260000228881836   2025-01-23 7.260000228881836       0.00
8     SKSUF       Sekisui Chemical Co Ltd  10248.53  Consumer products  2025-01-22 17.719999313354492  2025-01-23 17.719999313354492       0.00
16    BHTLF                    Bechtle AG     38.63         Technology   2025-01-22 53.54999923706055   2025-01-23 53.54999923706055       0.00
2025-01-24 16:37:40,070 - INFO: 
   股票代码                      公司名称  市值(亿)               板块                       昨天收盘                       今天收盘  涨跌幅(%)
15    PRBZF  Premium Brands Holdings Corp     35.72      Food Products   2025-01-22 55.29999923706055  2025-01-23 55.529998779296875       0.42
12    YAMCF                   Yamaha Corp   5441.90   Leisure Products   2025-01-22 7.260000228881836   2025-01-23 7.260000228881836       0.00
8     SKSUF       Sekisui Chemical Co Ltd  10248.53  Consumer products  2025-01-22 17.719999313354492  2025-01-23 17.719999313354492       0.00
16    BHTLF                    Bechtle AG     38.63         Technology   2025-01-22 53.54999923706055   2025-01-23 53.54999923706055       0.00
2025-01-24 16:37:40,071 - INFO: 
=== 市值超过50亿的涨幅榜前20名股票 ===
2025-01-24 16:37:40,071 - INFO: 
=== 市值超过50亿的涨幅榜前20名股票 ===
2025-01-24 16:37:40,075 - INFO: 
   股票代码                 公司名称  市值(亿)               板块                       昨天收盘                       今天收盘  涨跌幅(%)
12    YAMCF              Yamaha Corp   5441.90   Leisure Products   2025-01-22 7.260000228881836   2025-01-23 7.260000228881836        0.0
8     SKSUF  Sekisui Chemical Co Ltd  10248.53  Consumer products  2025-01-22 17.719999313354492  2025-01-23 17.719999313354492        0.0
2025-01-24 16:37:40,075 - INFO: 
   股票代码                 公司名称  市值(亿)               板块                       昨天收盘                       今天收盘  涨跌幅(%)
12    YAMCF              Yamaha Corp   5441.90   Leisure Products   2025-01-22 7.260000228881836   2025-01-23 7.260000228881836        0.0
8     SKSUF  Sekisui Chemical Co Ltd  10248.53  Consumer products  2025-01-22 17.719999313354492  2025-01-23 17.719999313354492        0.0
2025-01-24 16:37:40,076 - INFO: 
=== 市值超过100亿的涨幅榜前20名股票 ===
2025-01-24 16:37:40,076 - INFO: 
=== 市值超过100亿的涨幅榜前20名股票 ===
2025-01-24 16:37:40,080 - INFO: 
   股票代码                 公司名称  市值(亿)               板块                       昨天收盘                       今天收盘  涨跌幅(%)
12    YAMCF              Yamaha Corp   5441.90   Leisure Products   2025-01-22 7.260000228881836   2025-01-23 7.260000228881836        0.0
8     SKSUF  Sekisui Chemical Co Ltd  10248.53  Consumer products  2025-01-22 17.719999313354492  2025-01-23 17.719999313354492        0.0
2025-01-24 16:37:40,081 - INFO: 
   股票代码                 公司名称  市值(亿)               板块                       昨天收盘                       今天收盘  涨跌幅(%)
12    YAMCF              Yamaha Corp   5441.90   Leisure Products   2025-01-22 7.260000228881836   2025-01-23 7.260000228881836        0.0
8     SKSUF  Sekisui Chemical Co Ltd  10248.53  Consumer products  2025-01-22 17.719999313354492  2025-01-23 17.719999313354492        0.0
2025-01-24 16:37:40,081 - INFO: 
=== 市值超过200亿的涨幅榜前20名股票 ===
2025-01-24 16:37:40,081 - INFO: 
=== 市值超过200亿的涨幅榜前20名股票 ===
2025-01-24 16:37:40,086 - INFO: 
   股票代码                 公司名称  市值(亿)               板块                       昨天收盘                       今天收盘  涨跌幅(%)
12    YAMCF              Yamaha Corp   5441.90   Leisure Products   2025-01-22 7.260000228881836   2025-01-23 7.260000228881836        0.0
8     SKSUF  Sekisui Chemical Co Ltd  10248.53  Consumer products  2025-01-22 17.719999313354492  2025-01-23 17.719999313354492        0.0
2025-01-24 16:37:40,086 - INFO: 
   股票代码                 公司名称  市值(亿)               板块                       昨天收盘                       今天收盘  涨跌幅(%)
12    YAMCF              Yamaha Corp   5441.90   Leisure Products   2025-01-22 7.260000228881836   2025-01-23 7.260000228881836        0.0
8     SKSUF  Sekisui Chemical Co Ltd  10248.53  Consumer products  2025-01-22 17.719999313354492  2025-01-23 17.719999313354492        0.0
2025-01-24 16:37:40,086 - INFO: 
=== 市值超过1000亿的涨幅榜前20名股票 ===
2025-01-24 16:37:40,086 - INFO: 
=== 市值超过1000亿的涨幅榜前20名股票 ===
2025-01-24 16:37:40,091 - INFO: 
   股票代码                 公司名称  市值(亿)               板块                       昨天收盘                       今天收盘  涨跌幅(%)
12    YAMCF              Yamaha Corp   5441.90   Leisure Products   2025-01-22 7.260000228881836   2025-01-23 7.260000228881836        0.0
8     SKSUF  Sekisui Chemical Co Ltd  10248.53  Consumer products  2025-01-22 17.719999313354492  2025-01-23 17.719999313354492        0.0
2025-01-24 16:37:40,091 - INFO: 
   股票代码                 公司名称  市值(亿)               板块                       昨天收盘                       今天收盘  涨跌幅(%)
12    YAMCF              Yamaha Corp   5441.90   Leisure Products   2025-01-22 7.260000228881836   2025-01-23 7.260000228881836        0.0
8     SKSUF  Sekisui Chemical Co Ltd  10248.53  Consumer products  2025-01-22 17.719999313354492  2025-01-23 17.719999313354492        0.0
2025-01-24 16:37:40,091 - INFO: 结果已保存到: result_logs/20250124_163740_result.log
2025-01-24 16:37:40,091 - ERROR: 执行git更新时发生未知错误: __init__() got an unexpected keyword argument 'capture_output'
