
=== 涨幅榜前20名股票 ===

   股票代码                           公司名称  市值(亿)                            板块                          昨天收盘                          今天收盘  涨跌幅(%)
5      CLOQ          Cyberloq Technologies Inc      0.52                      Technology     2025-01-22 0.3700000047683716     2025-01-23 0.4099999964237213      10.81
8      SPHL            Springview Holdings Ltd      0.53               Consumer products     2025-01-22 2.2699999809265137     2025-01-23 2.4700000286102295       8.81
13    PBEGF         Touchstone Exploration Inc      1.14                          Energy    2025-01-22 0.33000001311302185     2025-01-23 0.3400000035762787       3.03
14       VS                 Versus Systems Inc      0.08                           Media     2025-01-22 2.7799999713897705      2025-01-23 2.809999942779541       1.08
7       SMP        Standard Motor Products Inc      6.78                 Auto Components       2025-01-22 31.1299991607666     2025-01-23 31.219999313354492       0.29
0     HUNGF    Huaneng Power International Inc    867.32                       Utilities      2025-01-22 0.511650025844574      2025-01-23 0.511650025844574       0.00
1      PGYC        Patriot Energy Corp (Texas)      0.00                          Energy  2025-01-22 9.999999747378752e-06  2025-01-23 9.999999747378752e-06       0.00
3      EKNL             Eko International Corp      0.00  Commercial Services & Supplies  2025-01-22 9.999999747378752e-06  2025-01-23 9.999999747378752e-06       0.00
4      ARPC                  Arem Pacific Corp      0.00   Diversified Consumer Services  2025-01-22 0.0008999999845400453  2025-01-23 0.0008999999845400453       0.00
6     VOLVF                           Volvo AB   5856.03                       Machinery                   2025-01-22 26.5                   2025-01-23 26.5       0.00
9      KNBA  Kinbasha Gaming International Inc      0.00   Hotels, Restaurants & Leisure  2025-01-22 9.999999747378752e-05  2025-01-23 9.999999747378752e-05       0.00
11     GAEX                     GA Express Inc      0.00                      Technology  2025-01-22 9.999999747378752e-06  2025-01-23 9.999999747378752e-06       0.00
12    TSTTF              TripSitter Clinic Ltd      0.00                             N/A   2025-01-22 0.003000000026077032   2025-01-23 0.003000000026077032       0.00
10     BAND                      Bandwidth Inc      4.43               Telecommunication     2025-01-22 16.280000686645508     2025-01-23 16.110000610351562      -1.04
2     CLKXF                TWC Enterprises Ltd      4.44   Hotels, Restaurants & Leisure     2025-01-22 12.680000305175781     2025-01-23 12.510000228881836      -1.34

=== 市值超过20亿的涨幅榜前20名股票 ===

  股票代码                         公司名称  市值(亿)       板块                      昨天收盘                      今天收盘  涨跌幅(%)
0    HUNGF  Huaneng Power International Inc    867.32  Utilities  2025-01-22 0.511650025844574  2025-01-23 0.511650025844574        0.0
6    VOLVF                         Volvo AB   5856.03  Machinery               2025-01-22 26.5               2025-01-23 26.5        0.0

=== 市值超过50亿的涨幅榜前20名股票 ===

  股票代码                         公司名称  市值(亿)       板块                      昨天收盘                      今天收盘  涨跌幅(%)
0    HUNGF  Huaneng Power International Inc    867.32  Utilities  2025-01-22 0.511650025844574  2025-01-23 0.511650025844574        0.0
6    VOLVF                         Volvo AB   5856.03  Machinery               2025-01-22 26.5               2025-01-23 26.5        0.0

=== 市值超过100亿的涨幅榜前20名股票 ===

  股票代码                         公司名称  市值(亿)       板块                      昨天收盘                      今天收盘  涨跌幅(%)
0    HUNGF  Huaneng Power International Inc    867.32  Utilities  2025-01-22 0.511650025844574  2025-01-23 0.511650025844574        0.0
6    VOLVF                         Volvo AB   5856.03  Machinery               2025-01-22 26.5               2025-01-23 26.5        0.0

=== 市值超过200亿的涨幅榜前20名股票 ===

  股票代码                         公司名称  市值(亿)       板块                      昨天收盘                      今天收盘  涨跌幅(%)
0    HUNGF  Huaneng Power International Inc    867.32  Utilities  2025-01-22 0.511650025844574  2025-01-23 0.511650025844574        0.0
6    VOLVF                         Volvo AB   5856.03  Machinery               2025-01-22 26.5               2025-01-23 26.5        0.0

=== 市值超过1000亿的涨幅榜前20名股票 ===

  股票代码  公司名称  市值(亿)       板块         昨天收盘         今天收盘  涨跌幅(%)
6    VOLVF  Volvo AB   5856.03  Machinery  2025-01-22 26.5  2025-01-23 26.5        0.0
