2025-01-24 16:40:59,357 - INFO: Log file created: logs/20250124_164059.log
2025-01-24 16:40:59,357 - INFO: 从 Finnhub 获取股票列表...
2025-01-24 16:41:01,206 - INFO: 获取到 19 个股票
2025-01-24 16:41:01,219 - INFO: 开始处理 19 只股票...
2025-01-24 16:41:03,662 - INFO: 股票 RBYC 数据不足
2025-01-24 16:41:05,926 - INFO: 股票 SLDFF 数据不足
2025-01-24 16:41:07,202 - INFO: 跳过权证: SWCPF
2025-01-24 16:41:08,661 - INFO: 股票 RACJS 数据不足
2025-01-24 16:41:08,661 - INFO: 进度: 10/19 (52.63%) 有效数据: 6
2025-01-24 16:41:14,800 - INFO: 跳过权证: WNDW
2025-01-24 16:41:15,155 - INFO: 股票 RSVIS 数据不足
2025-01-24 16:41:16,122 - INFO: 
处理完成!
2025-01-24 16:41:16,123 - INFO: 总计处理: 19 只股票
2025-01-24 16:41:16,123 - INFO: 有效数据: 13 只股票
2025-01-24 16:41:16,123 - INFO: 无效数据: 6 只股票
2025-01-24 16:41:16,126 - INFO: 
=== 涨幅榜前20名股票 ===
2025-01-24 16:41:16,126 - INFO: 
=== 涨幅榜前20名股票 ===
2025-01-24 16:41:16,138 - INFO: 
   股票代码                               公司名称  市值(亿)                            板块                          昨天收盘                          今天收盘  涨跌幅(%)
2       CIA                           Citizens Inc      2.38                       Insurance      2025-01-22 4.610000133514404      2025-01-23 4.769999980926514       3.47
5       ALG                        Alamo Group Inc     22.22                       Machinery     2025-01-22 183.74000549316406     2025-01-23 184.22999572753906       0.27
0      TRXO         Columbine Valley Resources Inc      0.01                          Energy    2025-01-22 0.06800000369548798    2025-01-23 0.06800000369548798       0.00
1     TYXXF                  Tyranna Resources Ltd      0.13                 Metals & Mining   2025-01-22 0.001500000013038516   2025-01-23 0.001500000013038516       0.00
3     SSMTF                     Sensible Meats Inc      0.04                             N/A   2025-01-22 0.001500000013038516   2025-01-23 0.001500000013038516       0.00
6      GIPL        Global Innovative Platforms Inc      0.03                  Semiconductors    2025-01-22 0.10000000149011612    2025-01-23 0.10000000149011612       0.00
7      MHTX              Manhattan Scientifics Inc      0.00                   Biotechnology  2025-01-22 0.0007999999797903001  2025-01-23 0.0007999999797903001       0.00
8     HREEF                      Stans Energy Corp      0.01                 Metals & Mining  2025-01-22 9.999999747378752e-05  2025-01-23 9.999999747378752e-05       0.00
9      RSCF                 Reflect Scientific Inc      0.04  Life Sciences Tools & Services    2025-01-22 0.05000000074505806    2025-01-23 0.05000000074505806       0.00
10    OPTGF                   Optimus Group Co Ltd    251.04                    Distributors      2025-01-22 2.799999952316284      2025-01-23 2.799999952316284       0.00
11     CMNT  China Mulans Nano Technology Corp Ltd      0.00                             N/A  2025-01-22 9.999999747378752e-05  2025-01-23 9.999999747378752e-05       0.00
12    SMPEF         Southern Empire Resources Corp      0.02                             N/A   2025-01-22 0.029999999329447746   2025-01-23 0.029999999329447746       0.00
4        IR                     Ingersoll Rand Inc    379.07                       Machinery       2025-01-22 94.2300033569336      2025-01-23 94.05999755859375      -0.18
2025-01-24 16:41:16,138 - INFO: 
   股票代码                               公司名称  市值(亿)                            板块                          昨天收盘                          今天收盘  涨跌幅(%)
2       CIA                           Citizens Inc      2.38                       Insurance      2025-01-22 4.610000133514404      2025-01-23 4.769999980926514       3.47
5       ALG                        Alamo Group Inc     22.22                       Machinery     2025-01-22 183.74000549316406     2025-01-23 184.22999572753906       0.27
0      TRXO         Columbine Valley Resources Inc      0.01                          Energy    2025-01-22 0.06800000369548798    2025-01-23 0.06800000369548798       0.00
1     TYXXF                  Tyranna Resources Ltd      0.13                 Metals & Mining   2025-01-22 0.001500000013038516   2025-01-23 0.001500000013038516       0.00
3     SSMTF                     Sensible Meats Inc      0.04                             N/A   2025-01-22 0.001500000013038516   2025-01-23 0.001500000013038516       0.00
6      GIPL        Global Innovative Platforms Inc      0.03                  Semiconductors    2025-01-22 0.10000000149011612    2025-01-23 0.10000000149011612       0.00
7      MHTX              Manhattan Scientifics Inc      0.00                   Biotechnology  2025-01-22 0.0007999999797903001  2025-01-23 0.0007999999797903001       0.00
8     HREEF                      Stans Energy Corp      0.01                 Metals & Mining  2025-01-22 9.999999747378752e-05  2025-01-23 9.999999747378752e-05       0.00
9      RSCF                 Reflect Scientific Inc      0.04  Life Sciences Tools & Services    2025-01-22 0.05000000074505806    2025-01-23 0.05000000074505806       0.00
10    OPTGF                   Optimus Group Co Ltd    251.04                    Distributors      2025-01-22 2.799999952316284      2025-01-23 2.799999952316284       0.00
11     CMNT  China Mulans Nano Technology Corp Ltd      0.00                             N/A  2025-01-22 9.999999747378752e-05  2025-01-23 9.999999747378752e-05       0.00
12    SMPEF         Southern Empire Resources Corp      0.02                             N/A   2025-01-22 0.029999999329447746   2025-01-23 0.029999999329447746       0.00
4        IR                     Ingersoll Rand Inc    379.07                       Machinery       2025-01-22 94.2300033569336      2025-01-23 94.05999755859375      -0.18
2025-01-24 16:41:16,139 - INFO: 
=== 市值超过20亿的涨幅榜前20名股票 ===
2025-01-24 16:41:16,139 - INFO: 
=== 市值超过20亿的涨幅榜前20名股票 ===
2025-01-24 16:41:16,144 - INFO: 
   股票代码              公司名称  市值(亿)          板块                       昨天收盘                       今天收盘  涨跌幅(%)
5       ALG       Alamo Group Inc     22.22     Machinery  2025-01-22 183.74000549316406  2025-01-23 184.22999572753906       0.27
10    OPTGF  Optimus Group Co Ltd    251.04  Distributors   2025-01-22 2.799999952316284   2025-01-23 2.799999952316284       0.00
4        IR    Ingersoll Rand Inc    379.07     Machinery    2025-01-22 94.2300033569336   2025-01-23 94.05999755859375      -0.18
2025-01-24 16:41:16,144 - INFO: 
   股票代码              公司名称  市值(亿)          板块                       昨天收盘                       今天收盘  涨跌幅(%)
5       ALG       Alamo Group Inc     22.22     Machinery  2025-01-22 183.74000549316406  2025-01-23 184.22999572753906       0.27
10    OPTGF  Optimus Group Co Ltd    251.04  Distributors   2025-01-22 2.799999952316284   2025-01-23 2.799999952316284       0.00
4        IR    Ingersoll Rand Inc    379.07     Machinery    2025-01-22 94.2300033569336   2025-01-23 94.05999755859375      -0.18
2025-01-24 16:41:16,144 - INFO: 
=== 市值超过50亿的涨幅榜前20名股票 ===
2025-01-24 16:41:16,144 - INFO: 
=== 市值超过50亿的涨幅榜前20名股票 ===
2025-01-24 16:41:16,149 - INFO: 
   股票代码              公司名称  市值(亿)          板块                      昨天收盘                      今天收盘  涨跌幅(%)
10    OPTGF  Optimus Group Co Ltd    251.04  Distributors  2025-01-22 2.799999952316284  2025-01-23 2.799999952316284       0.00
4        IR    Ingersoll Rand Inc    379.07     Machinery   2025-01-22 94.2300033569336  2025-01-23 94.05999755859375      -0.18
2025-01-24 16:41:16,149 - INFO: 
   股票代码              公司名称  市值(亿)          板块                      昨天收盘                      今天收盘  涨跌幅(%)
10    OPTGF  Optimus Group Co Ltd    251.04  Distributors  2025-01-22 2.799999952316284  2025-01-23 2.799999952316284       0.00
4        IR    Ingersoll Rand Inc    379.07     Machinery   2025-01-22 94.2300033569336  2025-01-23 94.05999755859375      -0.18
2025-01-24 16:41:16,150 - INFO: 
=== 市值超过100亿的涨幅榜前20名股票 ===
2025-01-24 16:41:16,150 - INFO: 
=== 市值超过100亿的涨幅榜前20名股票 ===
2025-01-24 16:41:16,154 - INFO: 
   股票代码              公司名称  市值(亿)          板块                      昨天收盘                      今天收盘  涨跌幅(%)
10    OPTGF  Optimus Group Co Ltd    251.04  Distributors  2025-01-22 2.799999952316284  2025-01-23 2.799999952316284       0.00
4        IR    Ingersoll Rand Inc    379.07     Machinery   2025-01-22 94.2300033569336  2025-01-23 94.05999755859375      -0.18
2025-01-24 16:41:16,154 - INFO: 
   股票代码              公司名称  市值(亿)          板块                      昨天收盘                      今天收盘  涨跌幅(%)
10    OPTGF  Optimus Group Co Ltd    251.04  Distributors  2025-01-22 2.799999952316284  2025-01-23 2.799999952316284       0.00
4        IR    Ingersoll Rand Inc    379.07     Machinery   2025-01-22 94.2300033569336  2025-01-23 94.05999755859375      -0.18
2025-01-24 16:41:16,155 - INFO: 
=== 市值超过200亿的涨幅榜前20名股票 ===
2025-01-24 16:41:16,155 - INFO: 
=== 市值超过200亿的涨幅榜前20名股票 ===
2025-01-24 16:41:16,159 - INFO: 
   股票代码              公司名称  市值(亿)          板块                      昨天收盘                      今天收盘  涨跌幅(%)
10    OPTGF  Optimus Group Co Ltd    251.04  Distributors  2025-01-22 2.799999952316284  2025-01-23 2.799999952316284       0.00
4        IR    Ingersoll Rand Inc    379.07     Machinery   2025-01-22 94.2300033569336  2025-01-23 94.05999755859375      -0.18
2025-01-24 16:41:16,159 - INFO: 
   股票代码              公司名称  市值(亿)          板块                      昨天收盘                      今天收盘  涨跌幅(%)
10    OPTGF  Optimus Group Co Ltd    251.04  Distributors  2025-01-22 2.799999952316284  2025-01-23 2.799999952316284       0.00
4        IR    Ingersoll Rand Inc    379.07     Machinery   2025-01-22 94.2300033569336  2025-01-23 94.05999755859375      -0.18
2025-01-24 16:41:16,160 - INFO: 
没有市值超过1000亿的股票!
2025-01-24 16:41:16,160 - INFO: 
没有市值超过1000亿的股票!
2025-01-24 16:41:16,160 - INFO: 结果已保存到: logs/20250124_164116_result.log
2025-01-24 16:41:16,160 - ERROR: 执行git更新时发生未知错误: __init__() got an unexpected keyword argument 'capture_output'
