2025-01-24 17:10:48,640 - INFO: Log file created: logs/20250124_171048.log
2025-01-24 17:10:48,641 - INFO: 从 Finnhub 获取股票列表...
2025-01-24 17:10:50,355 - INFO: 获取到 13 个股票
2025-01-24 17:10:50,366 - INFO: 开始处理 13 只股票...
2025-01-24 17:10:50,753 - INFO: 股票 RKNVF 数据不足
2025-01-24 17:10:51,969 - INFO: 股票 AHLLS 数据不足
2025-01-24 17:10:52,157 - INFO: 股票 IREEF 数据不足
2025-01-24 17:10:52,955 - INFO: 股票 NTCXF 市值数据无效
2025-01-24 17:10:52,956 - INFO: 进度: 10/13 (76.92%) 有效数据: 6
2025-01-24 17:10:55,265 - INFO: 
处理完成!
2025-01-24 17:10:55,265 - INFO: 总计处理: 13 只股票
2025-01-24 17:10:55,265 - INFO: 有效数据: 9 只股票
2025-01-24 17:10:55,265 - INFO: 无效数据: 4 只股票
2025-01-24 17:10:55,269 - INFO: 
=== 涨幅榜前20名股票 ===
2025-01-24 17:10:55,269 - INFO: 
=== 涨幅榜前20名股票 ===
2025-01-24 17:10:55,278 - INFO: 
  股票代码                                      公司名称  市值(亿)                            板块                        昨天收盘                        今天收盘  涨跌幅(%)
0    SSLLF                                  Siltronic AG     13.27                  Semiconductors    2025-01-22 43.43000030517578    2025-01-23 43.43000030517578       0.00
1    TRAGF                                    Terago Inc      0.22               Telecommunication    2025-01-22 1.409999966621399    2025-01-23 1.409999966621399       0.00
3    TUALF                                      Tuas Ltd     28.40               Telecommunication   2025-01-22 1.2100000381469727   2025-01-23 1.2100000381469727       0.00
5    EMCMF                           Emerge Commerce Ltd      0.08                      Technology  2025-01-22 0.10000000149011612  2025-01-23 0.10000000149011612       0.00
6     CNBP                       Cornerstone Bancorp Inc      0.81                             N/A    2025-01-22 82.87999725341797    2025-01-23 82.87999725341797       0.00
8    SNNSF                           Sensen Networks Ltd      0.36                      Technology  2025-01-22 0.05000000074505806  2025-01-23 0.05000000074505806       0.00
2      CRL  Charles River Laboratories International Inc     85.33  Life Sciences Tools & Services   2025-01-22 168.22000122070312   2025-01-23 166.86000061035156      -0.81
7     DNTH                     Dianthus Therapeutics Inc      6.59                   Biotechnology    2025-01-22 22.65999984741211   2025-01-23 22.280000686645508      -1.68
4    MNXMF                            FireFly Metals Ltd      5.47                 Metals & Mining   2025-01-22 0.5899999737739563    2025-01-23 0.574999988079071      -2.54
2025-01-24 17:10:55,279 - INFO: 
  股票代码                                      公司名称  市值(亿)                            板块                        昨天收盘                        今天收盘  涨跌幅(%)
0    SSLLF                                  Siltronic AG     13.27                  Semiconductors    2025-01-22 43.43000030517578    2025-01-23 43.43000030517578       0.00
1    TRAGF                                    Terago Inc      0.22               Telecommunication    2025-01-22 1.409999966621399    2025-01-23 1.409999966621399       0.00
3    TUALF                                      Tuas Ltd     28.40               Telecommunication   2025-01-22 1.2100000381469727   2025-01-23 1.2100000381469727       0.00
5    EMCMF                           Emerge Commerce Ltd      0.08                      Technology  2025-01-22 0.10000000149011612  2025-01-23 0.10000000149011612       0.00
6     CNBP                       Cornerstone Bancorp Inc      0.81                             N/A    2025-01-22 82.87999725341797    2025-01-23 82.87999725341797       0.00
8    SNNSF                           Sensen Networks Ltd      0.36                      Technology  2025-01-22 0.05000000074505806  2025-01-23 0.05000000074505806       0.00
2      CRL  Charles River Laboratories International Inc     85.33  Life Sciences Tools & Services   2025-01-22 168.22000122070312   2025-01-23 166.86000061035156      -0.81
7     DNTH                     Dianthus Therapeutics Inc      6.59                   Biotechnology    2025-01-22 22.65999984741211   2025-01-23 22.280000686645508      -1.68
4    MNXMF                            FireFly Metals Ltd      5.47                 Metals & Mining   2025-01-22 0.5899999737739563    2025-01-23 0.574999988079071      -2.54
2025-01-24 17:10:55,279 - INFO: 
=== 市值超过20亿的涨幅榜前20名股票 ===
2025-01-24 17:10:55,279 - INFO: 
=== 市值超过20亿的涨幅榜前20名股票 ===
2025-01-24 17:10:55,284 - INFO: 
  股票代码                                      公司名称  市值(亿)                            板块                       昨天收盘                       今天收盘  涨跌幅(%)
3    TUALF                                      Tuas Ltd     28.40               Telecommunication  2025-01-22 1.2100000381469727  2025-01-23 1.2100000381469727       0.00
2      CRL  Charles River Laboratories International Inc     85.33  Life Sciences Tools & Services  2025-01-22 168.22000122070312  2025-01-23 166.86000061035156      -0.81
2025-01-24 17:10:55,284 - INFO: 
  股票代码                                      公司名称  市值(亿)                            板块                       昨天收盘                       今天收盘  涨跌幅(%)
3    TUALF                                      Tuas Ltd     28.40               Telecommunication  2025-01-22 1.2100000381469727  2025-01-23 1.2100000381469727       0.00
2      CRL  Charles River Laboratories International Inc     85.33  Life Sciences Tools & Services  2025-01-22 168.22000122070312  2025-01-23 166.86000061035156      -0.81
2025-01-24 17:10:55,285 - INFO: 
=== 市值超过50亿的涨幅榜前20名股票 ===
2025-01-24 17:10:55,285 - INFO: 
=== 市值超过50亿的涨幅榜前20名股票 ===
2025-01-24 17:10:55,289 - INFO: 
  股票代码                                      公司名称  市值(亿)                            板块                       昨天收盘                       今天收盘  涨跌幅(%)
2      CRL  Charles River Laboratories International Inc     85.33  Life Sciences Tools & Services  2025-01-22 168.22000122070312  2025-01-23 166.86000061035156      -0.81
2025-01-24 17:10:55,289 - INFO: 
  股票代码                                      公司名称  市值(亿)                            板块                       昨天收盘                       今天收盘  涨跌幅(%)
2      CRL  Charles River Laboratories International Inc     85.33  Life Sciences Tools & Services  2025-01-22 168.22000122070312  2025-01-23 166.86000061035156      -0.81
2025-01-24 17:10:55,290 - INFO: 
没有市值超过100亿的股票!
2025-01-24 17:10:55,290 - INFO: 
没有市值超过100亿的股票!
2025-01-24 17:10:55,290 - INFO: 
没有市值超过200亿的股票!
2025-01-24 17:10:55,290 - INFO: 
没有市值超过200亿的股票!
2025-01-24 17:10:55,291 - INFO: 
没有市值超过1000亿的股票!
2025-01-24 17:10:55,291 - INFO: 
没有市值超过1000亿的股票!
2025-01-24 17:10:55,291 - INFO: 结果已保存到: logs/20250124_171055_result.log
2025-01-24 17:10:55,292 - INFO: 股票数据已保存到 20250124_171055_stocks_data.json
2025-01-24 17:10:55,296 - INFO: 
=== 板块涨跌分析 ===
2025-01-24 17:10:55,298 - INFO: 
                             板块  平均涨跌幅  股票数量
3                             N/A        0.00         1
4                  Semiconductors        0.00         1
5                      Technology        0.00         2
6               Telecommunication        0.00         2
1  Life Sciences Tools & Services       -0.81         1
0                   Biotechnology       -1.68         1
2                 Metals & Mining       -2.54         1
2025-01-24 17:10:55,299 - INFO: 板块分析已保存到 20250124_171055_sector_analysis.json
2025-01-24 17:10:55,307 - ERROR: 执行git更新时发生未知错误: __init__() got an unexpected keyword argument 'capture_output'
