
=== 涨幅榜前20名股票 ===

  股票代码                                      公司名称  市值(亿)                            板块                        昨天收盘                        今天收盘  涨跌幅(%)
0    SSLLF                                  Siltronic AG     13.27                  Semiconductors    2025-01-22 43.43000030517578    2025-01-23 43.43000030517578       0.00
1    TRAGF                                    Terago Inc      0.22               Telecommunication    2025-01-22 1.409999966621399    2025-01-23 1.409999966621399       0.00
3    TUALF                                      Tuas Ltd     28.40               Telecommunication   2025-01-22 1.2100000381469727   2025-01-23 1.2100000381469727       0.00
5    EMCMF                           Emerge Commerce Ltd      0.08                      Technology  2025-01-22 0.10000000149011612  2025-01-23 0.10000000149011612       0.00
6     CNBP                       Cornerstone Bancorp Inc      0.81                             N/A    2025-01-22 82.87999725341797    2025-01-23 82.87999725341797       0.00
8    SNNSF                           Sensen Networks Ltd      0.36                      Technology  2025-01-22 0.05000000074505806  2025-01-23 0.05000000074505806       0.00
2      CRL  Charles River Laboratories International Inc     85.33  Life Sciences Tools & Services   2025-01-22 168.22000122070312   2025-01-23 166.86000061035156      -0.81
7     DNTH                     Dianthus Therapeutics Inc      6.59                   Biotechnology    2025-01-22 22.65999984741211   2025-01-23 22.280000686645508      -1.68
4    MNXMF                            FireFly Metals Ltd      5.47                 Metals & Mining   2025-01-22 0.5899999737739563    2025-01-23 0.574999988079071      -2.54

=== 市值超过20亿的涨幅榜前20名股票 ===

  股票代码                                      公司名称  市值(亿)                            板块                       昨天收盘                       今天收盘  涨跌幅(%)
3    TUALF                                      Tuas Ltd     28.40               Telecommunication  2025-01-22 1.2100000381469727  2025-01-23 1.2100000381469727       0.00
2      CRL  Charles River Laboratories International Inc     85.33  Life Sciences Tools & Services  2025-01-22 168.22000122070312  2025-01-23 166.86000061035156      -0.81

=== 市值超过50亿的涨幅榜前20名股票 ===

  股票代码                                      公司名称  市值(亿)                            板块                       昨天收盘                       今天收盘  涨跌幅(%)
2      CRL  Charles River Laboratories International Inc     85.33  Life Sciences Tools & Services  2025-01-22 168.22000122070312  2025-01-23 166.86000061035156      -0.81

没有市值超过100亿的股票!

没有市值超过200亿的股票!

没有市值超过1000亿的股票!
