nohup: ignoring input
- RSFFS: No data found for this date range, symbol may be delisted
- PHIXF: No data found, symbol may be delisted
- PLSVF: No data found, symbol may be delisted
- BPCLF: No data found, symbol may be delisted
- PKSHF: No data found, symbol may be delisted
- URRNF: No data found, symbol may be delisted
- RSECS: No data found, symbol may be delisted
- RSVES: No data found, symbol may be delisted
- CNTSF: No data found, symbol may be delisted
- GMSC: No data found for this date range, symbol may be delisted
- RSLTS: No data found, symbol may be delisted
- LLKVS: No data found for this date range, symbol may be delisted
- BEEI: No data found for this date range, symbol may be delisted
- BDMSF: No data found, symbol may be delisted
- RARFS: No data found, symbol may be delisted
- FXRIF: No data found, symbol may be delisted
- YGHCF: No data found, symbol may be delisted
- CYVZF: No data found, symbol may be delisted
- DAIKF: No data found for this date range, symbol may be delisted
- CSYS: No data found for this date range, symbol may be delisted
- LTUC: No data found, symbol may be delisted
- VIVYS: No data found, symbol may be delisted
- AIPXF: No data found, symbol may be delisted
- VDAHF: No data found, symbol may be delisted
- LBVDS: No data found for this date range, symbol may be delisted
- NMMCF: No data found for this date range, symbol may be delisted
- OKASF: No data found for this date range, symbol may be delisted
- CSHJF: No data found for this date range, symbol may be delisted
- KMSMF: No data found, symbol may be delisted
- MUKCF: No data found for this date range, symbol may be delisted
- LSKA: No data found, symbol may be delisted
- MSSGF: No data found, symbol may be delisted
- GDAR: No data found for this date range, symbol may be delisted
- RCROS: No data found, symbol may be delisted
- RCEVS: No data found, symbol may be delisted
- QLUNF: No data found, symbol may be delisted
- QPMLF: No data found, symbol may be delisted
- SKBXS: No data found, symbol may be delisted
- GYGLF: No data found, symbol may be delisted
- RSMBS: No data found, symbol may be delisted
- FRKOF: No data found, symbol may be delisted
- FMGDF: No data found for this date range, symbol may be delisted
- GIGI: No data found, symbol may be delisted
- TADRF: No data found, symbol may be delisted
- SHGLF: No data found, symbol may be delisted
- NSEO: No data found for this date range, symbol may be delisted
- KIYOF: No data found, symbol may be delisted
- IXEH: No data found for this date range, symbol may be delisted
- AVLS: No data found for this date range, symbol may be delisted
- RCFFS: No data found for this date range, symbol may be delisted
- MMSBF: No data found, symbol may be delisted
- EXDYF: No data found for this date range, symbol may be delisted
- GDELF: No data found, symbol may be delisted
- ISROF: No data found, symbol may be delisted
- TTNUF: No data found for this date range, symbol may be delisted
- TKKEF: No data found, symbol may be delisted
- JIACF: No data found, symbol may be delisted
- AIKCF: No data found, symbol may be delisted
- GLARF: No data found, symbol may be delisted
- RSCES: No data found, symbol may be delisted
- PTSFF: No data found, symbol may be delisted
- IMCLF: No data found for this date range, symbol may be delisted
- INGGF: No data found, symbol may be delisted
- SSGRF: No data found, symbol may be delisted
- RKPPS: No data found, symbol may be delisted
- CRPAF: No data found for this date range, symbol may be delisted
- MTLNF: No data found for this date range, symbol may be delisted
- RVVOS: No data found, symbol may be delisted
- BMMKF: No data found, symbol may be delisted
- RSCLS: No data found, symbol may be delisted
- HFBG: No data found for this date range, symbol may be delisted
- VIVLS: No data found, symbol may be delisted
- SKMTF: No data found for this date range, symbol may be delisted
- PLYSF: No data found, symbol may be delisted
- NCDP: No data found for this date range, symbol may be delisted
- REAPS: No data found for this date range, symbol may be delisted
- SHKGF: No data found for this date range, symbol may be delisted
- LPZHF: No data found, symbol may be delisted
- RHBTS: No data found for this date range, symbol may be delisted
- PMKIF: No data found for this date range, symbol may be delisted
- RSLGS: No data found, symbol may be delisted
- LCBGS: No data found, symbol may be delisted
- MUHGF: No data found, symbol may be delisted
- CPTCF: No data found for this date range, symbol may be delisted
- ALSHF: No data found, symbol may be delisted
- RVVNS: No data found, symbol may be delisted
- LNTTS: No data found, symbol may be delisted
- IBYAF: No data found for this date range, symbol may be delisted
- AHLRS: No data found, symbol may be delisted
- ASROF: No data found for this date range, symbol may be delisted
- TOCLF: No data found, symbol may be delisted
- CEPSF: No data found, symbol may be delisted
- QQFSF: No data found for this date range, symbol may be delisted
- RPAPS: No data found, symbol may be delisted
- BTSR: No data found for this date range, symbol may be delisted
- PTSMF: No data found, symbol may be delisted
- LDEGS: No data found for this date range, symbol may be delisted
- RSNJS: No data found for this date range, symbol may be delisted
- RVNG: No data found for this date range, symbol may be delisted
- FSESF: No data found, symbol may be delisted
- AXMP: No data found for this date range, symbol may be delisted
- IRMLF: No data found, symbol may be delisted
- RSMLS: No data found for this date range, symbol may be delisted
- TSSHF: No data found for this date range, symbol may be delisted
- RVVGS: No data found, symbol may be delisted
- NXPS: No data found for this date range, symbol may be delisted
- RVVBS: No data found for this date range, symbol may be delisted
- BRNLF: No data found, symbol may be delisted
- CIORF: No data found, symbol may be delisted
- QNTPF: No data found, symbol may be delisted
- RRHFS: No data found, symbol may be delisted
- HLFAF: No data found, symbol may be delisted
- CKDOF: No data found, symbol may be delisted
- RSETS: No data found, symbol may be delisted
- KBRIF: No data found, symbol may be delisted
- AGLRF: No data found, symbol may be delisted
- RSTP: No data found for this date range, symbol may be delisted
- ASCHF: No data found, symbol may be delisted
- MRMRF: No data found, symbol may be delisted
- SQNMF: No data found for this date range, symbol may be delisted
- TYKIF: No data found, symbol may be delisted
- ECXXF: No data found, symbol may be delisted
- DKYNF: No data found, symbol may be delisted
- SOPRF: No data found, symbol may be delisted
- GLVIF: No data found, symbol may be delisted
- CNBMF: No data found, symbol may be delisted
- RMBDS: No data found, symbol may be delisted
- SMHCF: No data found, symbol may be delisted
- MRRLF: No data found for this date range, symbol may be delisted
- ANCMF: No data found, symbol may be delisted
- LIBLS: No data found for this date range, symbol may be delisted
- RSBUS: No data found, symbol may be delisted
- SRPX: No data found for this date range, symbol may be delisted
- SRIOF: No data found, symbol may be delisted
- AINVF: No data found, symbol may be delisted
- AHLD: No data found for this date range, symbol may be delisted
- DEXCF: No data found, symbol may be delisted
- MSHRF: No data found, symbol may be delisted
- USAE: No data found for this date range, symbol may be delisted
- EKNPF: No data found for this date range, symbol may be delisted
- PMTLF: No data found, symbol may be delisted
- BDRJF: No data found, symbol may be delisted
- RCPTS: No data found, symbol may be delisted
- RSBBS: No data found for this date range, symbol may be delisted
- SBLCF: No data found for this date range, symbol may be delisted
- VLTRF: No data found, symbol may be delisted
- CSTCF: No data found, symbol may be delisted
- INFX: No data found for this date range, symbol may be delisted
- CUCHF: No data found, symbol may be delisted
- VIVDS: No data found, symbol may be delisted
- SCRIF: No data found, symbol may be delisted
- UTNDF: No data found, symbol may be delisted
- SBVTF: No data found, symbol may be delisted
- ISKIF: No data found, symbol may be delisted
- GGELU: No data found for this date range, symbol may be delisted
- MSITF: No data found for this date range, symbol may be delisted
- LNDPS: No data found for this date range, symbol may be delisted
- LTMDS: No data found for this date range, symbol may be delisted
- NRDHF: No data found, symbol may be delisted
- TKCHF: No data found, symbol may be delisted
- RMPQS: No data found, symbol may be delisted
- NDKCF: No data found, symbol may be delisted
- REANS: No data found, symbol may be delisted
- BUHHF: No data found, symbol may be delisted
- SSGLF: No data found, symbol may be delisted
- SYNI: No data found for this date range, symbol may be delisted
- KTDKF: No data found, symbol may be delisted
- HSHL: No data found for this date range, symbol may be delisted
- RCVFS: No data found, symbol may be delisted
- RSMMS: No data found for this date range, symbol may be delisted
- HAAGF: No data found, symbol may be delisted
- TOEIF: No data found for this date range, symbol may be delisted
- AHLUS: No data found for this date range, symbol may be delisted
- CHHMF: No data found, symbol may be delisted
- RCHXF: No data found, symbol may be delisted
- RSILS: No data found for this date range, symbol may be delisted
- RSGES: No data found, symbol may be delisted
- NOAPF: No data found, symbol may be delisted
- LSRBF: No data found, symbol may be delisted
- SIKEF: No data found, symbol may be delisted
- HVIPF: No data found, symbol may be delisted
- AKETS: No data found, symbol may be delisted
- KGFOF: No data found, symbol may be delisted
- LBTTF: No data found, symbol may be delisted
- PTMRF: No data found, symbol may be delisted
- QMED: No data found for this date range, symbol may be delisted
- SENHF: No data found, symbol may be delisted
- JHRTF: No data found, symbol may be delisted
- NFUJF: No data found, symbol may be delisted
- HTTIF: No data found, symbol may be delisted
- SYNFF: No data found, symbol may be delisted
- RSBLS: No data found, symbol may be delisted
- APNPS: No data found, symbol may be delisted
- CTTTF: No data found, symbol may be delisted
- BUGVF: No data found for this date range, symbol may be delisted
- TZMOF: No data found, symbol may be delisted
- AUSGF: No data found, symbol may be delisted
- LHPLS: No data found for this date range, symbol may be delisted
- KNLPF: No data found, symbol may be delisted
- SNCNQ: No data found, symbol may be delisted
- DKKUF: No data found, symbol may be delisted
- RARCS: No data found, symbol may be delisted
- ISON: No data found for this date range, symbol may be delisted
- RRHDS: No data found, symbol may be delisted
- MIFTF: No data found, symbol may be delisted
- CABI: No data found, symbol may be delisted
- RSSOS: No data found for this date range, symbol may be delisted
- MHEYF: No data found, symbol may be delisted
- LIBP: No data found, symbol may be delisted
- DPHTF: No data found, symbol may be delisted
- TMITF: No data found, symbol may be delisted
- RVVIS: No data found for this date range, symbol may be delisted
- PTRKF: No data found, symbol may be delisted
- DRTMF: No data found for this date range, symbol may be delisted
- RSFCS: No data found, symbol may be delisted
- STTPF: No data found, symbol may be delisted
- CTALF: No data found, symbol may be delisted
- MQCTF: No data found, symbol may be delisted
- FBSBF: No data found, symbol may be delisted
- SKULF: No data found for this date range, symbol may be delisted
- RMJDS: No data found for this date range, symbol may be delisted
- DTNHF: No data found, symbol may be delisted
- RBXXS: No data found, symbol may be delisted
- EVIGF: No data found, symbol may be delisted
- FUNTF: No data found for this date range, symbol may be delisted
- APOMF: No data found, symbol may be delisted
- LTMGF: No data found, symbol may be delisted
- DAIYF: No data found, symbol may be delisted
- AKASF: No data found for this date range, symbol may be delisted
- RFCS: No data found for this date range, symbol may be delisted
- RNOCS: No data found for this date range, symbol may be delisted
- RDUJS: No data found, symbol may be delisted
- AEYPS: No data found, symbol may be delisted
- GBLRF: No data found, symbol may be delisted
- LKRY: No data found for this date range, symbol may be delisted
- KCLHF: No data found, symbol may be delisted
- MCBMF: No data found, symbol may be delisted
- RBRGS: No data found, symbol may be delisted
- PLSSF: No data found, symbol may be delisted
- REAVS: No data found, symbol may be delisted
- INBAF: No data found, symbol may be delisted
- KANVF: No data found, symbol may be delisted
- SCAHF: No data found, symbol may be delisted
- IBIN: No data found for this date range, symbol may be delisted
- NGLBF: No data found, symbol may be delisted
- RSVLS: No data found, symbol may be delisted
- AVGPF: No data found, symbol may be delisted
- LGFR: No data found, symbol may be delisted
- REATS: No data found for this date range, symbol may be delisted
- CNALF: No data found, symbol may be delisted
- RHARS: No data found, symbol may be delisted
- SUOFF: No data found, symbol may be delisted
- RSNSS: No data found, symbol may be delisted
- OBMAS: No data found, symbol may be delisted
- SYBRQ: No data found for this date range, symbol may be delisted
- RHRPS: No data found, symbol may be delisted
- RPBMS: No data found for this date range, symbol may be delisted
- AHLKS: No data found for this date range, symbol may be delisted
- CIEHF: No data found, symbol may be delisted
- STGIS: No data found, symbol may be delisted
- STRUF: No data found, symbol may be delisted
- RCVCS: No data found, symbol may be delisted
- ENVP: No data found for this date range, symbol may be delisted
- ALVSF: No data found, symbol may be delisted
- PLYGF: No data found, symbol may be delisted
- TOEYF: No data found for this date range, symbol may be delisted
- PZARF: No data found, symbol may be delisted
- UCIDF: No data found, symbol may be delisted
- MROMF: No data found, symbol may be delisted
- VCHLF: No data found, symbol may be delisted
- LTPLF: No data found, symbol may be delisted
- HTMDF: No data found, symbol may be delisted
- AASLF: No data found, symbol may be delisted
- RDMHS: No data found for this date range, symbol may be delisted
- CHMSF: No data found, symbol may be delisted
- YACPF: No data found, symbol may be delisted
- RSLJS: No data found, symbol may be delisted
- IBXVF: No data found, symbol may be delisted
- FPPIF: No data found, symbol may be delisted
- RSMES: No data found for this date range, symbol may be delisted
- PCTZF: No data found, symbol may be delisted
- DCHLF: No data found, symbol may be delisted
- RARPS: No data found for this date range, symbol may be delisted
- PHLTF: No data found, symbol may be delisted
- TOGHF: No data found, symbol may be delisted
- RSSGS: No data found, symbol may be delisted
- RYEES: No data found, symbol may be delisted
- ZIYUF: No data found, symbol may be delisted
- RSVKS: No data found, symbol may be delisted
- ARHQS: No data found for this date range, symbol may be delisted
- RSSTS: No data found for this date range, symbol may be delisted
- MOGMF: No data found for this date range, symbol may be delisted
- MRMXF: No data found, symbol may be delisted
- SNKMF: No data found, symbol may be delisted
- JHDKF: No data found, symbol may be delisted
- KHJCF: No data found, symbol may be delisted
- AMLDF: No data found, symbol may be delisted
- RIRGS: No data found, symbol may be delisted
- APMOF: No data found, symbol may be delisted
- LNSHS: No data found for this date range, symbol may be delisted
- BKTLF: No data found, symbol may be delisted
- RSEXS: No data found for this date range, symbol may be delisted
- VIVBS: No data found, symbol may be delisted
- GFTYF: No data found, symbol may be delisted
- RRULS: No data found for this date range, symbol may be delisted
- PTBPF: No data found, symbol may be delisted
- REMKS: No data found, symbol may be delisted
- UBKJF: No data found, symbol may be delisted
- ZNKUF: No data found, symbol may be delisted
- RMYCS: No data found, symbol may be delisted
- NTULF: No data found, symbol may be delisted
- AYLNF: No data found, symbol may be delisted
- VVPPS: No data found, symbol may be delisted
- RRVES: No data found, symbol may be delisted
- ABVG: No data found for this date range, symbol may be delisted
- LTSDS: No data found for this date range, symbol may be delisted
- FEXRF: No data found, symbol may be delisted
- ARHIS: No data found, symbol may be delisted
- ITGLF: No data found for this date range, symbol may be delisted
- FNDTF: No data found for this date range, symbol may be delisted
- NTTBF: No data found for this date range, symbol may be delisted
- REOVF: No data found, symbol may be delisted
- HYGN: No data found for this date range, symbol may be delisted
- CNBGF: No data found, symbol may be delisted
- MGCUF: No data found, symbol may be delisted
- RSBAS: No data found for this date range, symbol may be delisted
- IDINF: No data found for this date range, symbol may be delisted
- NKRCF: No data found, symbol may be delisted
- LRVTF: No data found, symbol may be delisted
- LMBLS: No data found for this date range, symbol may be delisted
- LASAS: No data found for this date range, symbol may be delisted
- EVRSF: No data found, symbol may be delisted
- MGTKF: No data found, symbol may be delisted
- TRSKF: No data found, symbol may be delisted
- RCLTS: No data found, symbol may be delisted
- CSGRF: No data found, symbol may be delisted
- RRVJS: No data found for this date range, symbol may be delisted
- ATPMF: No data found, symbol may be delisted
- RSAGS: No data found for this date range, symbol may be delisted
- RSCXS: No data found, symbol may be delisted
- TRLHF: No data found, symbol may be delisted
- GAEC: No data found for this date range, symbol may be delisted
- YDKCF: No data found, symbol may be delisted
- REABS: No data found for this date range, symbol may be delisted
- LASLS: No data found for this date range, symbol may be delisted
- DAIXF: No data found, symbol may be delisted
- RRVGS: No data found, symbol may be delisted
- AKGSS: No data found, symbol may be delisted
- DZHGF: No data found, symbol may be delisted
- LASMS: No data found, symbol may be delisted
- ALVMF: No data found, symbol may be delisted
- OVACF: No data found, symbol may be delisted
- LGPS: No data found for this date range, symbol may be delisted
- AKGDS: No data found, symbol may be delisted
- ARHZS: No data found, symbol may be delisted
- SDBXS: No data found for this date range, symbol may be delisted
- PBLJF: No data found, symbol may be delisted
- VCRDF: No data found, symbol may be delisted
- SIXN: No data found for this date range, symbol may be delisted
- RVHCS: No data found, symbol may be delisted
- ESYSF: No data found, symbol may be delisted
- RSKOS: No data found for this date range, symbol may be delisted
- EXLMF: No data found, symbol may be delisted
- PGBHF: No data found, symbol may be delisted
- FBNVF: No data found, symbol may be delisted
- BKMP: No data found for this date range, symbol may be delisted
- OBDP: No data found for this date range, symbol may be delisted
- ZHJLF: No data found, symbol may be delisted
- CNTPF: No data found, symbol may be delisted
- SYGZF: No data found, symbol may be delisted
- JMDCF: No data found, symbol may be delisted
- OBCLF: No data found, symbol may be delisted
- HMRRF: No data found for this date range, symbol may be delisted
- REAMS: No data found for this date range, symbol may be delisted
- MORIF: No data found, symbol may be delisted
- KNDYD: No data found for this date range, symbol may be delisted
- ASYTF: No data found, symbol may be delisted
- SFFEF: No data found, symbol may be delisted
- RSLBS: No data found for this date range, symbol may be delisted
- SOOYF: No data found, symbol may be delisted
- DSCNF: No data found, symbol may be delisted
- DRYN: No data found for this date range, symbol may be delisted
- RSEHS: No data found for this date range, symbol may be delisted
- RSLAS: No data found, symbol may be delisted
- CMTHF: No data found, symbol may be delisted
- RSVJS: No data found, symbol may be delisted
- AGAQF: No data found, symbol may be delisted
- CDIGF: No data found, symbol may be delisted
- DRSLF: No data found for this date range, symbol may be delisted
- THPMF: No data found, symbol may be delisted
- SNNRF: No data found for this date range, symbol may be delisted
- EOHHF: No data found, symbol may be delisted
- OHLDF: No data found, symbol may be delisted
- TIDE: No data found for this date range, symbol may be delisted
- ALCPF: No data found, symbol may be delisted
- LTGIF: No data found, symbol may be delisted
- COTRS: No data found, symbol may be delisted
- NYMAF: No data found, symbol may be delisted
- OKMIF: No data found, symbol may be delisted
- VMTF: No data found for this date range, symbol may be delisted
- EXOSF: No data found, symbol may be delisted
- MGYTF: No data found, symbol may be delisted
- AKPJS: No data found for this date range, symbol may be delisted
- RSBGS: No data found, symbol may be delisted
- HMCYF: No data found, symbol may be delisted
- CHRXF: No data found, symbol may be delisted
- IMIGF: No data found, symbol may be delisted
- LFLRF: No data found for this date range, symbol may be delisted
- FRTHF: No data found, symbol may be delisted
- NRTBF: No data found, symbol may be delisted
- SUMKF: No data found, symbol may be delisted
- LSHYS: No data found, symbol may be delisted
- BOLB: No data found for this date range, symbol may be delisted
- NTPL: No data found for this date range, symbol may be delisted
- IPNAF: No data found for this date range, symbol may be delisted
- GNPR: No data found for this date range, symbol may be delisted
- PRHAF: No data found for this date range, symbol may be delisted
- LALFS: No data found for this date range, symbol may be delisted
- FOFA: No data found, symbol may be delisted
- DARSF: No data found, symbol may be delisted
- BRSGD: No data found, symbol may be delisted
- SPGHF: No data found, symbol may be delisted
- RRVFS: No data found, symbol may be delisted
- RSSDS: No data found, symbol may be delisted
- HRZRF: No data found, symbol may be delisted
- REAES: No data found, symbol may be delisted
- RCPOS: No data found for this date range, symbol may be delisted
- BLSIF: No data found, symbol may be delisted
- INRHF: No data found, symbol may be delisted
- LFABF: No data found for this date range, symbol may be delisted
- RSGBS: No data found for this date range, symbol may be delisted
- RRVBS: No data found, symbol may be delisted
- NERG: No data found for this date range, symbol may be delisted
- GMORF: No data found, symbol may be delisted
- NSSHF: No data found, symbol may be delisted
- RGAKF: No data found, symbol may be delisted
- AEBMF: No data found for this date range, symbol may be delisted
- NYAKF: No data found, symbol may be delisted
- NSUKF: No data found, symbol may be delisted
- EIZOF: No data found, symbol may be delisted
- POLR: No data found for this date range, symbol may be delisted
- RSMAS: No data found, symbol may be delisted
- ASFJ: No data found for this date range, symbol may be delisted
- RSEBS: No data found, symbol may be delisted
- BPGLF: No data found, symbol may be delisted
- RARGS: No data found, symbol may be delisted
- LSHGF: No data found, symbol may be delisted
- GAFC: No data found for this date range, symbol may be delisted
- YMADF: No data found, symbol may be delisted
- BBDA: No data found for this date range, symbol may be delisted
- RRHES: No data found, symbol may be delisted
- PKBAF: No data found for this date range, symbol may be delisted
- SVLDF: No data found, symbol may be delisted
- AIXAF: No data found for this date range, symbol may be delisted
- PLUXF: No data found, symbol may be delisted
- PTPLF: No data found for this date range, symbol may be delisted
- IPHXF: No data found, symbol may be delisted
- BKKFF: No data found, symbol may be delisted
- RBAGF: No data found, symbol may be delisted
- ONCP: No data found for this date range, symbol may be delisted
- INXTF: No data found, symbol may be delisted
- KKOEF: No data found, symbol may be delisted
- VITBF: No data found, symbol may be delisted
- EBJGF: No data found, symbol may be delisted
- RBMGS: No data found, symbol may be delisted
- CBHVF: No data found, symbol may be delisted
- TFZI: No data found for this date range, symbol may be delisted
- GBMIF: No data found for this date range, symbol may be delisted
- DEMGF: No data found, symbol may be delisted
- PRTOF: No data found, symbol may be delisted
- CCLTF: No data found, symbol may be delisted
- NSHIF: No data found, symbol may be delisted
- BRETF: No data found for this date range, symbol may be delisted
- TKMEF: No data found, symbol may be delisted
- ARHYS: No data found for this date range, symbol may be delisted
- SACIF: No data found, symbol may be delisted
- SNGPF: No data found for this date range, symbol may be delisted
- CUGKF: No data found, symbol may be delisted
- EGLNF: No data found, symbol may be delisted
- MGCOF: No data found, symbol may be delisted
- GENLF: No data found, symbol may be delisted
- RTDTS: No data found, symbol may be delisted
- SPICF: No data found for this date range, symbol may be delisted
- LNDLS: No data found for this date range, symbol may be delisted
- USLRF: No data found, symbol may be delisted
- RPELS: No data found for this date range, symbol may be delisted
- BPTNF: No data found for this date range, symbol may be delisted
- EPSFF: No data found, symbol may be delisted
- COIYF: No data found, symbol may be delisted
- SNHMF: No data found, symbol may be delisted
- PCSGF: No data found, symbol may be delisted
- CGFGF: No data found, symbol may be delisted
- SBKLF: No data found for this date range, symbol may be delisted
- UNQHF: No data found, symbol may be delisted
- GGHLF: No data found, symbol may be delisted
- SDNSF: No data found, symbol may be delisted
- NPCUF: No data found for this date range, symbol may be delisted
- AMCHF: No data found, symbol may be delisted
- LSAHS: No data found for this date range, symbol may be delisted
- RVHAS: No data found, symbol may be delisted
- ABZT: No data found for this date range, symbol may be delisted
- GEDUF: No data found, symbol may be delisted
- RBYC: No data found for this date range, symbol may be delisted
- RARSS: No data found, symbol may be delisted
- AGDCF: No data found, symbol may be delisted
- BLSYF: No data found, symbol may be delisted
- VKGLF: No data found, symbol may be delisted
- APTFF: No data found, symbol may be delisted
- RCRMF: No data found, symbol may be delisted
- SKTO: No data found for this date range, symbol may be delisted
- HNFD: No data found, symbol may be delisted
- FUJCF: No data found, symbol may be delisted
- EBOTF: No data found, symbol may be delisted
- IPTBF: No data found, symbol may be delisted
- TTGXF: No data found for this date range, symbol may be delisted
- MMGRF: No data found, symbol may be delisted
- RHYBF: No data found, symbol may be delisted
- LMLAF: No data found, symbol may be delisted
- GDDPF: No data found, symbol may be delisted
- XMSP: No data found, symbol may be delisted
- RMXI: No data found, symbol may be delisted
- RSSBS: No data found, symbol may be delisted
- TKSDF: No data found, symbol may be delisted
- PBHLF: No data found, symbol may be delisted
- RCBOS: No data found for this date range, symbol may be delisted
- ATUXF: No data found, symbol may be delisted
- RSBTS: No data found, symbol may be delisted
- RSVIS: No data found, symbol may be delisted
- GMYBF: No data found, symbol may be delisted
- IQOLF: No data found, symbol may be delisted
- PTEAF: No data found, symbol may be delisted
- PSRYF: No data found, symbol may be delisted
- ADARF: No data found, symbol may be delisted
- AHVAS: No data found, symbol may be delisted
- GEFI: No data found for this date range, symbol may be delisted
- PSKXF: No data found, symbol may be delisted
- DPFD: No data found for this date range, symbol may be delisted
- SIXTF: No data found, symbol may be delisted
- RSVNS: No data found for this date range, symbol may be delisted
- ADRMF: No data found, symbol may be delisted
- CLCPF: No data found, symbol may be delisted
- CFCGF: No data found for this date range, symbol may be delisted
- CYRS: No data found for this date range, symbol may be delisted
- JIMUF: No data found, symbol may be delisted
- NBCLF: No data found, symbol may be delisted
- RSEAS: No data found, symbol may be delisted
- SHKAF: No data found, symbol may be delisted
- FJBHF: No data found, symbol may be delisted
- CMORF: No data found, symbol may be delisted
- RSFMS: No data found, symbol may be delisted
- PNTOF: No data found for this date range, symbol may be delisted
- ERUC: No data found for this date range, symbol may be delisted
- ARHAS: No data found for this date range, symbol may be delisted
- ENDRF: No data found for this date range, symbol may be delisted
- PMHS: No data found for this date range, symbol may be delisted
- OCUTF: No data found, symbol may be delisted
- AXCG: No data found for this date range, symbol may be delisted
- RVHBS: No data found for this date range, symbol may be delisted
- MKCLF: No data found, symbol may be delisted
- RCVJS: No data found, symbol may be delisted
- PCMHF: No data found for this date range, symbol may be delisted
- RCVHS: No data found for this date range, symbol may be delisted
- AHLQS: No data found, symbol may be delisted
- PTASF: No data found, symbol may be delisted
- IINTF: No data found, symbol may be delisted
- DMLYF: No data found, symbol may be delisted
- RARYS: No data found, symbol may be delisted
- LNDMS: No data found for this date range, symbol may be delisted
- CHVHF: No data found, symbol may be delisted
- RSLCS: No data found for this date range, symbol may be delisted
- POOSF: No data found for this date range, symbol may be delisted
- AHLMS: No data found, symbol may be delisted
- TOKTF: No data found, symbol may be delisted
- IVHI: No data found for this date range, symbol may be delisted
- CSTJ: No data found for this date range, symbol may be delisted
- GMAAF: No data found, symbol may be delisted
- RSCJS: No data found, symbol may be delisted
- RSEGS: No data found, symbol may be delisted
- AHVDS: No data found, symbol may be delisted
- ZTOEF: No data found, symbol may be delisted
- SLDFF: No data found, symbol may be delisted
- LTTGF: No data found for this date range, symbol may be delisted
- VYSNF: No data found, symbol may be delisted
- KRMTF: No data found, symbol may be delisted
- OHHH: No data found, symbol may be delisted
- GTGP: No data found for this date range, symbol may be delisted
- OTTSS: No data found, symbol may be delisted
- RSBKS: No data found, symbol may be delisted
- OILHF: No data found, symbol may be delisted
- RSCZS: No data found for this date range, symbol may be delisted
- HGHLF: No data found, symbol may be delisted
- LADLS: No data found, symbol may be delisted
- LNDKS: No data found, symbol may be delisted
- NKRN: No data found for this date range, symbol may be delisted
- RSEMS: No data found for this date range, symbol may be delisted
- BFFBF: No data found for this date range, symbol may be delisted
- KYFGF: No data found, symbol may be delisted
- SUNR: No data found for this date range, symbol may be delisted
- SSLZF: No data found for this date range, symbol may be delisted
- FSVHF: No data found, symbol may be delisted
- TTXP: No data found for this date range, symbol may be delisted
- MDVCF: No data found, symbol may be delisted
- SAGMF: No data found for this date range, symbol may be delisted
- TOMOF: No data found, symbol may be delisted
- ARHTQ: No data found, symbol may be delisted
- VIVSS: No data found for this date range, symbol may be delisted
- AKPVS: No data found, symbol may be delisted
- ISBPF: No data found, symbol may be delisted
- DGLLF: No data found, symbol may be delisted
- BCON: No data found for this date range, symbol may be delisted
- RIRCS: No data found for this date range, symbol may be delisted
- ANHSF: No data found, symbol may be delisted
- COSRF: No data found for this date range, symbol may be delisted
- RSESS: No data found, symbol may be delisted
- ZEUUF: No data found, symbol may be delisted
- FRFAF: No data found, symbol may be delisted
- HKTOF: No data found, symbol may be delisted
- AHLPS: No data found for this date range, symbol may be delisted
- MAXFF: No data found, symbol may be delisted
- GPKE: No data found for this date range, symbol may be delisted
- SGFHF: No data found, symbol may be delisted
- TEKFF: No data found, symbol may be delisted
- HGHRF: No data found, symbol may be delisted
- LSVYS: No data found for this date range, symbol may be delisted
- TMILF: No data found for this date range, symbol may be delisted
- RSEOS: No data found for this date range, symbol may be delisted
- RVVCS: No data found for this date range, symbol may be delisted
- TRHSF: No data found, symbol may be delisted
- MNBRF: No data found, symbol may be delisted
- EVSO: No data found for this date range, symbol may be delisted
- RSLKS: No data found for this date range, symbol may be delisted
- ESPT: No data found for this date range, symbol may be delisted
- VTXXF: No data found for this date range, symbol may be delisted
- RPNKS: No data found for this date range, symbol may be delisted
- ULFS: No data found for this date range, symbol may be delisted
- CHMR: No data found for this date range, symbol may be delisted
- RRYES: No data found, symbol may be delisted
- SIIXF: No data found, symbol may be delisted
- CRADF: No data found, symbol may be delisted
- NEVIF: No data found for this date range, symbol may be delisted
- YSBIF: No data found, symbol may be delisted
- ACCLF: No data found, symbol may be delisted
- HRZCF: No data found, symbol may be delisted
- AEFSF: No data found for this date range, symbol may be delisted
- SNELF: No data found for this date range, symbol may be delisted
- CGDUF: No data found for this date range, symbol may be delisted
- NXRA: No data found for this date range, symbol may be delisted
- CYDGF: No data found for this date range, symbol may be delisted
- BFAAF: No data found, symbol may be delisted
- RSASS: No data found, symbol may be delisted
- ARHPS: No data found, symbol may be delisted
- TPREF: No data found for this date range, symbol may be delisted
- KDLMF: No data found, symbol may be delisted
- CTNMF: No data found, symbol may be delisted
- HKCHF: No data found, symbol may be delisted
- ZCCMF: No data found for this date range, symbol may be delisted
- RLTSF: No data found, symbol may be delisted
- ODSMF: No data found, symbol may be delisted
- SCOLF: No data found, symbol may be delisted
- DMEC: No data found for this date range, symbol may be delisted
- RLEIS: No data found, symbol may be delisted
- SUFBF: No data found, symbol may be delisted
- PALZF: No data found for this date range, symbol may be delisted
- OKRIF: No data found, symbol may be delisted
- FLTLF: No data found for this date range, symbol may be delisted
- RCVAS: No data found, symbol may be delisted
- ZNGMF: No data found, symbol may be delisted
- MSMUF: No data found, symbol may be delisted
- AKPPS: No data found for this date range, symbol may be delisted
- TSKMF: No data found, symbol may be delisted
- KTCTF: No data found, symbol may be delisted
- DVOUF: No data found for this date range, symbol may be delisted
- REAQS: No data found for this date range, symbol may be delisted
- ABLE: No data found for this date range, symbol may be delisted
- LNDFS: No data found for this date range, symbol may be delisted
- NITKF: No data found, symbol may be delisted
- CVSC: No data found for this date range, symbol may be delisted
- OKUCF: No data found, symbol may be delisted
- REAGS: No data found, symbol may be delisted
- IFTBF: No data found for this date range, symbol may be delisted
- ADCUF: No data found for this date range, symbol may be delisted
- ARHJS: No data found for this date range, symbol may be delisted
- HMGP: No data found for this date range, symbol may be delisted
- SKNB: No data found, symbol may be delisted
- LNDNS: No data found, symbol may be delisted
- FRUYF: No data found, symbol may be delisted
- RSEDS: No data found, symbol may be delisted
- PTRAF: No data found, symbol may be delisted
- REAOS: No data found, symbol may be delisted
- CRLLF: No data found, symbol may be delisted
- PPIKF: No data found, symbol may be delisted
- GMOGF: No data found, symbol may be delisted
- MCTYF: No data found for this date range, symbol may be delisted
- SHSGF: No data found, symbol may be delisted
- IBJLF: No data found, symbol may be delisted
- KTBKF: No data found, symbol may be delisted
- LDSUS: No data found for this date range, symbol may be delisted
- INVTF: No data found, symbol may be delisted
- LATRS: No data found for this date range, symbol may be delisted
- AHLOS: No data found, symbol may be delisted
- NGHLF: No data found, symbol may be delisted
- CTCK: No data found for this date range, symbol may be delisted
- GPRC: No data found for this date range, symbol may be delisted
- RMTYS: No data found, symbol may be delisted
- ASHLF: No data found, symbol may be delisted
- JBINF: No data found, symbol may be delisted
- PTHXF: No data found, symbol may be delisted
- MTMLF: No data found, symbol may be delisted
- MZRNF: No data found for this date range, symbol may be delisted
- ENGCF: No data found, symbol may be delisted
- GHREF: No data found, symbol may be delisted
- ATHNF: No data found, symbol may be delisted
- DGUPF: No data found, symbol may be delisted
- VRDDF: No data found, symbol may be delisted
- CNCEF: No data found, symbol may be delisted
- RSCVS: No data found, symbol may be delisted
- ALNXF: No data found, symbol may be delisted
- YARMF: No data found, symbol may be delisted
- NCKIF: No data found, symbol may be delisted
- PXPEF: No data found for this date range, symbol may be delisted
- OSGBS: No data found, symbol may be delisted
- COLUF: No data found for this date range, symbol may be delisted
- AHVBS: No data found for this date range, symbol may be delisted
- ESQF: No data found for this date range, symbol may be delisted
- SBSUF: No data found, symbol may be delisted
- PTZZF: No data found for this date range, symbol may be delisted
- FVSTA: No data found for this date range, symbol may be delisted
- RSLOS: No data found, symbol may be delisted
- ALHPF: No data found, symbol may be delisted
- ORSHF: No data found for this date range, symbol may be delisted
- ARPFS: No data found, symbol may be delisted
- NASRF: No data found, symbol may be delisted
- AKPQS: No data found, symbol may be delisted
- PGGG: No data found for this date range, symbol may be delisted
- TOACF: No data found, symbol may be delisted
- BDMXF: No data found for this date range, symbol may be delisted
- RGBYS: No data found, symbol may be delisted
- OPCEF: No data found, symbol may be delisted
- RPSTS: No data found, symbol may be delisted
- RIRBS: No data found, symbol may be delisted
- COTGF: No data found, symbol may be delisted
- BRMMF: No data found, symbol may be delisted
- ALMXF: No data found, symbol may be delisted
- IFSTF: No data found, symbol may be delisted
- BHBCQ: No data found for this date range, symbol may be delisted
- RSHHS: No data found, symbol may be delisted
- OGCIF: No data found, symbol may be delisted
- TTHYF: No data found for this date range, symbol may be delisted
- AISNF: No data found, symbol may be delisted
- REAJS: No data found for this date range, symbol may be delisted
- RMKRS: No data found, symbol may be delisted
- RKGJS: No data found, symbol may be delisted
- IREEF: No data found, symbol may be delisted
- KKUR: No data found for this date range, symbol may be delisted
- CLBN: No data found for this date range, symbol may be delisted
- JAYAF: No data found, symbol may be delisted
- DDRLF: No data found, symbol may be delisted
- RSLDS: No data found, symbol may be delisted
- SPGDF: No data found for this date range, symbol may be delisted
- CORC: No data found for this date range, symbol may be delisted
- EHYD: No data found for this date range, symbol may be delisted
- CIOAF: No data found, symbol may be delisted
- AEXNF: No data found, symbol may be delisted
- AZGSQ: No data found for this date range, symbol may be delisted
- PTHMF: No data found, symbol may be delisted
- NSEIF: No data found for this date range, symbol may be delisted
- SGBCF: No data found, symbol may be delisted
- RNMNS: No data found for this date range, symbol may be delisted