
=== 涨幅榜前20名股票 ===
股票代码                  公司名称                  市值(亿)               板块                     昨天收盘              今天收盘       涨跌幅(%)
OCEA                   Ocean Biomedical Inc  0.00                  Biotechnology   2026-07-22 0.0    2026-07-23 0.0 300.00
LGCL                           Lucas GC Ltd  0.41          Professional Services  2026-07-22 0.95   2026-07-23 1.76  84.87
NVEC                               NVE Corp  4.19                 Semiconductors 2026-07-22 86.68 2026-07-23 134.21  54.83
EHGO                           Eshallgo Inc  0.06 Commercial Services & Supplies  2026-07-22 1.76   2026-07-23 2.71  53.98
PAVS Paranovus Entertainment Technology Ltd  0.06              Consumer products  2026-07-22 3.88   2026-07-23 5.91  52.32
CJMB                         Callan JMB Inc  0.09     Logistics & Transportation  2026-07-22 1.68   2026-07-23 2.35  39.88
ADVB                    Advanced Biomed Inc  0.20                    Health Care 2026-07-22 12.25  2026-07-23 16.78  36.98
SKYQ                         Sky Quarry Inc  0.20                         Energy  2026-07-22 4.13   2026-07-23 5.64  36.56
 JEM                707 Cayman Holdings Ltd  0.02                   Distributors  2026-07-22 3.53   2026-07-23 4.74  34.28
LICN               Lichen International Ltd  0.15          Professional Services   2026-07-22 0.9   2026-07-23 1.19  31.78
ZYBT      Zhengye Biotechnology Holding Ltd  0.25                Pharmaceuticals  2026-07-22 1.38    2026-07-23 1.8  30.43
VIVK                            Vivakor Inc  0.01                         Energy  2026-07-22 1.63   2026-07-23 2.12  30.06
NVCR                           Novocure Ltd 18.03                    Health Care 2026-07-22 15.57  2026-07-23 19.99  28.39
AEHL       Antelope Enterprise Holdings Ltd  0.10                          Media  2026-07-22 0.56   2026-07-23 0.72  27.96
RBNE                       Robin Energy Ltd  0.03                         Marine  2026-07-22 4.46   2026-07-23 5.68  27.35
THRM                           Gentherm Inc 11.06                Auto Components 2026-07-22 36.05  2026-07-23 45.61  26.52
GSUN        Golden Sun Technology Group Ltd  0.03  Diversified Consumer Services  2026-07-22 0.27   2026-07-23 0.35  26.28
DOMO                               Domo Inc  1.42                     Technology  2026-07-22 3.15   2026-07-23 3.95  25.40
AIRE                      reAlpha Tech Corp  0.07                     Technology  2026-07-22 1.27   2026-07-23 1.56  22.83
RELL             Richardson Electronics Ltd  2.59           Electrical Equipment 2026-07-22 18.01  2026-07-23 21.82  21.15

=== 市值超过20亿的涨幅榜前20名股票 ===
 股票代码               公司名称               市值(亿)                 板块                       昨天收盘               今天收盘        涨跌幅(%)
SLOIF                       Soitec SA   34.34                   Semiconductors   2026-07-22 114.0   2026-07-23 135.2 18.60 
  CLF            Cleveland-Cliffs Inc   53.90                  Metals & Mining    2026-07-22 9.45   2026-07-23 10.96 15.98 
 MEDP            Medpace Holdings Inc  150.83   Life Sciences Tools & Services  2026-07-22 528.12  2026-07-23 605.82 14.71 
 EQPT          Equipmentshare.Com Inc   43.84 Trading Companies & Distributors   2026-07-22 17.34    2026-07-23 19.4 11.88 
 IMAX                       Imax Corp   21.56                            Media    2026-07-22 39.3   2026-07-23 43.96 11.86 
  LMT            Lockheed Martin Corp 1185.93              Aerospace & Defense  2026-07-22 514.36  2026-07-23 568.59 10.54 
 AADX Applied Aerospace & Defense Inc   29.52              Aerospace & Defense   2026-07-22 17.29    2026-07-23 19.1 10.47 
 ALLE                    Allegion PLC  120.27                         Building  2026-07-22 139.95  2026-07-23 154.57 10.45 
  URI              United Rentals Inc  648.43 Trading Companies & Distributors 2026-07-22 1035.06 2026-07-23 1139.71 10.11 
 KALU            Kaiser Aluminum Corp   26.85                  Metals & Mining  2026-07-22 164.32   2026-07-23 180.6  9.91 
  MBX             MBX Biosciences Inc   27.75                  Pharmaceuticals    2026-07-22 58.3   2026-07-23 63.57  9.04 
ARCVF                      Arcadis NV   30.04            Professional Services    2026-07-22 40.0   2026-07-23 43.49  8.73 
  TMO    Thermo Fisher Scientific Inc 1956.44   Life Sciences Tools & Services  2026-07-22 526.46  2026-07-23 572.32  8.71 
  DGX           Quest Diagnostics Inc  232.27                      Health Care  2026-07-22 209.83   2026-07-23 227.9  8.61 
  HRI               Herc Holdings Inc   50.44 Trading Companies & Distributors  2026-07-22 151.04  2026-07-23 163.25  8.08 
 MRCY             Mercury Systems Inc   59.39              Aerospace & Defense   2026-07-22 98.92  2026-07-23 106.34  7.50 
  DHR                    Danaher Corp 1259.33   Life Sciences Tools & Services  2026-07-22 179.14   2026-07-23 192.5  7.46 
  RTX                        RTX Corp 2624.42              Aerospace & Defense  2026-07-22 194.88  2026-07-23 209.16  7.33 
THLEF                       Thales SA  466.12              Aerospace & Defense  2026-07-22 255.06   2026-07-23 272.9  6.99 
 SUNB    Sunbelt Rentals Holdings Inc  296.83 Trading Companies & Distributors   2026-07-22 72.44   2026-07-23 77.47  6.94 

=== 市值超过50亿的涨幅榜前20名股票 ===
 股票代码                   公司名称                    市值(亿)                 板块                       昨天收盘               今天收盘        涨跌幅(%)
  CLF                     Cleveland-Cliffs Inc   53.90                  Metals & Mining    2026-07-22 9.45   2026-07-23 10.96 15.98 
 MEDP                     Medpace Holdings Inc  150.83   Life Sciences Tools & Services  2026-07-22 528.12  2026-07-23 605.82 14.71 
  LMT                     Lockheed Martin Corp 1185.93              Aerospace & Defense  2026-07-22 514.36  2026-07-23 568.59 10.54 
 ALLE                             Allegion PLC  120.27                         Building  2026-07-22 139.95  2026-07-23 154.57 10.45 
  URI                       United Rentals Inc  648.43 Trading Companies & Distributors 2026-07-22 1035.06 2026-07-23 1139.71 10.11 
  TMO             Thermo Fisher Scientific Inc 1956.44   Life Sciences Tools & Services  2026-07-22 526.46  2026-07-23 572.32  8.71 
  DGX                    Quest Diagnostics Inc  232.27                      Health Care  2026-07-22 209.83   2026-07-23 227.9  8.61 
  HRI                        Herc Holdings Inc   50.44 Trading Companies & Distributors  2026-07-22 151.04  2026-07-23 163.25  8.08 
 MRCY                      Mercury Systems Inc   59.39              Aerospace & Defense   2026-07-22 98.92  2026-07-23 106.34  7.50 
  DHR                             Danaher Corp 1259.33   Life Sciences Tools & Services  2026-07-22 179.14   2026-07-23 192.5  7.46 
  RTX                                 RTX Corp 2624.42              Aerospace & Defense  2026-07-22 194.88  2026-07-23 209.16  7.33 
THLEF                                Thales SA  466.12              Aerospace & Defense  2026-07-22 255.06   2026-07-23 272.9  6.99 
 SUNB             Sunbelt Rentals Holdings Inc  296.83 Trading Companies & Distributors   2026-07-22 72.44   2026-07-23 77.47  6.94 
FCNCA First Citizens BancShares Inc (Delaware)  237.95                          Banking 2026-07-22 2077.57 2026-07-23 2212.77  6.51 
 VICR                               Vicor Corp   99.07             Electrical Equipment  2026-07-22 217.35  2026-07-23 231.38  6.46 
 CORT                 Corcept Therapeutics Inc   97.56                  Pharmaceuticals   2026-07-22 90.88   2026-07-23 96.66  6.36 
  CSX                                 CSX Corp  927.77                      Road & Rail   2026-07-22 49.93   2026-07-23 52.81  5.77 
  HON              Honeywell International Inc  738.17         Industrial Conglomerates  2026-07-22 232.99  2026-07-23 246.27  5.70 
 AVAV                        AeroVironment Inc   76.09              Aerospace & Defense  2026-07-22 150.35  2026-07-23 158.73  5.57 
 CIFR                       Cipher Digital Inc  100.05                       Technology   2026-07-22 24.46   2026-07-23 25.82  5.56 

=== 市值超过100亿的涨幅榜前20名股票 ===
 股票代码                   公司名称                    市值(亿)                 板块                       昨天收盘               今天收盘        涨跌幅(%)
 MEDP                     Medpace Holdings Inc  150.83   Life Sciences Tools & Services  2026-07-22 528.12  2026-07-23 605.82 14.71 
  LMT                     Lockheed Martin Corp 1185.93              Aerospace & Defense  2026-07-22 514.36  2026-07-23 568.59 10.54 
 ALLE                             Allegion PLC  120.27                         Building  2026-07-22 139.95  2026-07-23 154.57 10.45 
  URI                       United Rentals Inc  648.43 Trading Companies & Distributors 2026-07-22 1035.06 2026-07-23 1139.71 10.11 
  TMO             Thermo Fisher Scientific Inc 1956.44   Life Sciences Tools & Services  2026-07-22 526.46  2026-07-23 572.32  8.71 
  DGX                    Quest Diagnostics Inc  232.27                      Health Care  2026-07-22 209.83   2026-07-23 227.9  8.61 
  DHR                             Danaher Corp 1259.33   Life Sciences Tools & Services  2026-07-22 179.14   2026-07-23 192.5  7.46 
  RTX                                 RTX Corp 2624.42              Aerospace & Defense  2026-07-22 194.88  2026-07-23 209.16  7.33 
THLEF                                Thales SA  466.12              Aerospace & Defense  2026-07-22 255.06   2026-07-23 272.9  6.99 
 SUNB             Sunbelt Rentals Holdings Inc  296.83 Trading Companies & Distributors   2026-07-22 72.44   2026-07-23 77.47  6.94 
FCNCA First Citizens BancShares Inc (Delaware)  237.95                          Banking 2026-07-22 2077.57 2026-07-23 2212.77  6.51 
  CSX                                 CSX Corp  927.77                      Road & Rail   2026-07-22 49.93   2026-07-23 52.81  5.77 
  HON              Honeywell International Inc  738.17         Industrial Conglomerates  2026-07-22 232.99  2026-07-23 246.27  5.70 
 CIFR                       Cipher Digital Inc  100.05                       Technology   2026-07-22 24.46   2026-07-23 25.82  5.56 
  ROP                   Roper Technologies Inc  339.80                       Technology  2026-07-22 336.71  2026-07-23 355.12  5.47 
  NSC                    Norfolk Southern Corp  743.27                      Road & Rail  2026-07-22 330.94  2026-07-23 348.55  5.32 
  GGG                                Graco Inc  122.62                        Machinery   2026-07-22 73.88   2026-07-23 77.75  5.24 
  LHX                L3Harris Technologies Inc  531.24              Aerospace & Defense  2026-07-22 285.16  2026-07-23 299.67  5.09 
  DRS                         Leonardo DRS Inc  122.47              Aerospace & Defense   2026-07-22 45.91   2026-07-23 48.16  4.90 
 CBRS                     Cerebras Systems Inc  581.65                   Semiconductors   2026-07-22 209.8   2026-07-23 220.0  4.86 

=== 市值超过200亿的涨幅榜前20名股票 ===
 股票代码                   公司名称                    市值(亿)                 板块                       昨天收盘               今天收盘        涨跌幅(%)
  LMT                     Lockheed Martin Corp 1185.93              Aerospace & Defense  2026-07-22 514.36  2026-07-23 568.59 10.54 
  URI                       United Rentals Inc  648.43 Trading Companies & Distributors 2026-07-22 1035.06 2026-07-23 1139.71 10.11 
  TMO             Thermo Fisher Scientific Inc 1956.44   Life Sciences Tools & Services  2026-07-22 526.46  2026-07-23 572.32  8.71 
  DGX                    Quest Diagnostics Inc  232.27                      Health Care  2026-07-22 209.83   2026-07-23 227.9  8.61 
  DHR                             Danaher Corp 1259.33   Life Sciences Tools & Services  2026-07-22 179.14   2026-07-23 192.5  7.46 
  RTX                                 RTX Corp 2624.42              Aerospace & Defense  2026-07-22 194.88  2026-07-23 209.16  7.33 
THLEF                                Thales SA  466.12              Aerospace & Defense  2026-07-22 255.06   2026-07-23 272.9  6.99 
 SUNB             Sunbelt Rentals Holdings Inc  296.83 Trading Companies & Distributors   2026-07-22 72.44   2026-07-23 77.47  6.94 
FCNCA First Citizens BancShares Inc (Delaware)  237.95                          Banking 2026-07-22 2077.57 2026-07-23 2212.77  6.51 
  CSX                                 CSX Corp  927.77                      Road & Rail   2026-07-22 49.93   2026-07-23 52.81  5.77 
  HON              Honeywell International Inc  738.17         Industrial Conglomerates  2026-07-22 232.99  2026-07-23 246.27  5.70 
  ROP                   Roper Technologies Inc  339.80                       Technology  2026-07-22 336.71  2026-07-23 355.12  5.47 
  NSC                    Norfolk Southern Corp  743.27                      Road & Rail  2026-07-22 330.94  2026-07-23 348.55  5.32 
  LHX                L3Harris Technologies Inc  531.24              Aerospace & Defense  2026-07-22 285.16  2026-07-23 299.67  5.09 
 CBRS                     Cerebras Systems Inc  581.65                   Semiconductors   2026-07-22 209.8   2026-07-23 220.0  4.86 
    A                 Agilent Technologies Inc  376.93   Life Sciences Tools & Services  2026-07-22 133.46  2026-07-23 139.74  4.71 
  GEV                           GE Vernova Inc 2646.97             Electrical Equipment  2026-07-22 985.03 2026-07-23 1031.19  4.69 
 TECK                       Teck Resources Ltd  280.21                  Metals & Mining   2026-07-22 57.21   2026-07-23 59.85  4.61 
  IQV                       IQVIA Holdings Inc  331.33   Life Sciences Tools & Services  2026-07-22 198.52  2026-07-23 207.32  4.43 
FCNCB First Citizens BancShares Inc (Delaware)  237.95                          Banking  2026-07-22 1801.0  2026-07-23 1880.0  4.39 

=== 市值超过1000亿的涨跌榜前20名股票 ===
股票代码                 公司名称                 市值(亿)                 板块                      昨天收盘               今天收盘        涨跌幅(%)
 LMT                Lockheed Martin Corp  1185.93            Aerospace & Defense  2026-07-22 514.36  2026-07-23 568.59 10.54 
 TMO        Thermo Fisher Scientific Inc  1956.44 Life Sciences Tools & Services  2026-07-22 526.46  2026-07-23 572.32  8.71 
 DHR                        Danaher Corp  1259.33 Life Sciences Tools & Services  2026-07-22 179.14   2026-07-23 192.5  7.46 
 RTX                            RTX Corp  2624.42            Aerospace & Defense  2026-07-22 194.88  2026-07-23 209.16  7.33 
 GEV                      GE Vernova Inc  2646.97           Electrical Equipment  2026-07-22 985.03 2026-07-23 1031.19  4.69 
 UNP                  Union Pacific Corp  1736.97                    Road & Rail  2026-07-22 292.56  2026-07-23 304.33  4.02 
  MU               Micron Technology Inc 10836.30                 Semiconductors  2026-07-22 959.48  2026-07-23 990.21  3.20 
 SYK                        Stryker Corp  1185.50                    Health Care  2026-07-22 309.24  2026-07-23 318.97  3.15 
  CB                       Chubb Limited  1331.25                      Insurance  2026-07-22 343.23  2026-07-23 353.25  2.92 
SPCX Space Exploration Technologies Corp 15291.69              Telecommunication  2026-07-22 115.26  2026-07-23 118.24  2.59 
 MRK                      Merck & Co Inc  3148.29                Pharmaceuticals  2026-07-22 127.47  2026-07-23 130.48  2.36 
  GD               General Dynamics Corp  1009.14            Aerospace & Defense  2026-07-22 373.16  2026-07-23 381.79  2.31 
  GE                 General Electric Co  3540.06            Aerospace & Defense  2026-07-22 341.19   2026-07-23 349.0  2.29 
 ETN               Eaton Corporation PLC  1580.03           Electrical Equipment  2026-07-22 406.91  2026-07-23 415.13  2.02 
 LLY                    Eli Lilly and Co 10952.55                Pharmaceuticals 2026-07-22 1163.01 2026-07-23 1185.87  1.97 
KLAC                            KLA Corp  2804.44                 Semiconductors  2026-07-22 214.69  2026-07-23 218.73  1.88 
AMAT               Applied Materials Inc  4397.90                 Semiconductors  2026-07-22 553.92   2026-07-23 562.8  1.60 
 XOM                    Exxon Mobil Corp  5880.02                         Energy  2026-07-22 154.45  2026-07-23 156.89  1.58 
 TTE                    TotalEnergies SE  1658.29                         Energy   2026-07-22 84.91   2026-07-23 86.23  1.55 
  PH                Parker-Hannifin Corp  1224.01                      Machinery  2026-07-22 970.77  2026-07-23 985.48  1.52 
