
=== 涨幅榜前20名股票 ===
股票代码                公司名称               市值(亿)            板块                昨天收盘            今天收盘        涨跌幅(%)
FGEN                      FibroGen Inc   0.27         Biotechnology 2025-06-16 0.27  2025-06-17 5.88 2110.53
SNSE        Sensei Biotherapeutics Inc   0.08         Biotechnology 2025-06-16 0.33  2025-06-17 6.55 1909.20
RAPT             RAPT Therapeutics Inc   1.36         Biotechnology 2025-06-16 1.03  2025-06-17 7.84  661.17
CERO    CERo Therapeutics Holdings Inc   0.04         Biotechnology 2025-06-16 6.87 2025-06-17 19.83  188.73
ACXP         Acurx Pharmaceuticals Inc   0.07         Biotechnology 2025-06-16 0.31  2025-06-17 0.82  167.33
EYEN                      Eyenovia Inc   0.09       Pharmaceuticals 2025-06-16 2.97  2025-06-17 6.97  134.68
HUSA      Houston American Energy Corp   0.17                Energy 2025-06-16 10.6  2025-06-17 20.0   88.68
RELI         Reliance Global Group Inc   0.04             Insurance 2025-06-16 1.18  2025-06-17 2.17   83.90
VERV            Verve Therapeutics Inc   5.59         Biotechnology 2025-06-16 6.27 2025-06-17 11.38   81.50
SLRX      Salarius Pharmaceuticals Inc   0.01         Biotechnology 2025-06-16 0.62  2025-06-17 1.05   68.00
GALT         Galectin Therapeutics Inc   0.94         Biotechnology 2025-06-16 1.49  2025-06-17 2.39   60.40
XAIR                    Beyond Air Inc   0.16           Health Care 2025-06-16 0.18  2025-06-17 0.28   58.33
APPS               Digital Turbine Inc   5.05            Technology 2025-06-16 4.81  2025-06-17 7.54   56.76
XTIA                 XTI Aerospace Inc   0.17            Technology 2025-06-16 2.77   2025-06-17 4.1   48.01
 GBR            New Concept Energy Inc   0.06           Real Estate 2025-06-16 1.26  2025-06-17 1.76   39.68
GEOS        Geospace Technologies Corp   0.88                Energy 2025-06-16 6.89   2025-06-17 9.4   36.43
INTJ             Intelligent Group Ltd   0.07                 Media 2025-06-16 0.52   2025-06-17 0.7   33.84
BGSF                          BGSF Inc   0.45 Professional Services 2025-06-16 4.02  2025-06-17 5.37   33.58
INDO         Indonesia Energy Corp Ltd   0.56                Energy 2025-06-16 3.99  2025-06-17 5.25   31.58
 RGC Regencell Bioscience Holdings Ltd 296.69       Pharmaceuticals 2025-06-16 60.0  2025-06-17 78.0   30.00

=== 市值超过20亿的涨幅榜前20名股票 ===
股票代码                    公司名称                   市值(亿)           板块                 昨天收盘              今天收盘       涨跌幅(%)
 RGC         Regencell Bioscience Holdings Ltd 296.69      Pharmaceuticals   2025-06-16 60.0   2025-06-17 78.0 30.00 
 PCT                Purecycle Technologies Inc  21.31            Chemicals  2025-06-16 11.87  2025-06-17 14.12 18.96 
 CRK                    Comstock Resources Inc  77.51               Energy  2025-06-16 26.46  2025-06-17 28.86  9.07 
 JBL                                 Jabil Inc 194.10 Electrical Equipment 2025-06-16 180.82 2025-06-17 196.89  8.89 
CCEC        Capital Clean Energy Carriers Corp  24.40               Marine  2025-06-16 20.84  2025-06-17 22.47  7.82 
OSCR                          Oscar Health Inc  32.76            Insurance  2025-06-16 14.95  2025-06-17 16.11  7.76 
STNG                       Scorpio Tankers Inc  21.14               Energy  2025-06-16 41.44  2025-06-17 44.23  6.73 
 PBF                            PBF Energy Inc  26.46               Energy  2025-06-16 22.88  2025-06-17 24.39  6.60 
RDDT                                Reddit Inc 232.86                Media  2025-06-16 126.2 2025-06-17 133.84  6.05 
RELY                        Remitly Global Inc  39.81   Financial Services  2025-06-16 19.53  2025-06-17 20.64  5.68 
STRL               Sterling Infrastructure Inc  63.73         Construction 2025-06-16 209.55 2025-06-17 221.36  5.64 
MRCY                       Mercury Systems Inc  29.60  Aerospace & Defense  2025-06-16 49.53  2025-06-17 52.32  5.63 
 CLF                      Cleveland-Cliffs Inc  36.16      Metals & Mining   2025-06-16 7.31   2025-06-17 7.67  4.92 
KTOS Kratos Defense and Security Solutions Inc  63.23  Aerospace & Defense  2025-06-16 41.21  2025-06-17 43.23  4.90 
 FRO                             Frontline Plc  42.05               Energy  2025-06-16 18.89  2025-06-17 19.77  4.66 
DOCS                              Doximity Inc 105.11          Health Care  2025-06-16 55.96  2025-06-17 58.51  4.56 
CRSP                    CRISPR Therapeutics AG  35.91        Biotechnology  2025-06-16 41.58  2025-06-17 43.19  3.87 
 DRS                          Leonardo DRS Inc 116.16  Aerospace & Defense  2025-06-16 43.66  2025-06-17 45.31  3.78 
ESTC                                Elastic NV  85.67           Technology  2025-06-16 81.18  2025-06-17 84.06  3.55 
 BKV                                  BKV Corp  20.07               Energy  2025-06-16 23.69  2025-06-17 24.44  3.17 

=== 市值超过50亿的涨幅榜前20名股票 ===
股票代码                    公司名称                    市值(亿)            板块                 昨天收盘              今天收盘       涨跌幅(%)
 RGC         Regencell Bioscience Holdings Ltd  296.69       Pharmaceuticals   2025-06-16 60.0   2025-06-17 78.0 30.00 
 CRK                    Comstock Resources Inc   77.51                Energy  2025-06-16 26.46  2025-06-17 28.86  9.07 
 JBL                                 Jabil Inc  194.10  Electrical Equipment 2025-06-16 180.82 2025-06-17 196.89  8.89 
RDDT                                Reddit Inc  232.86                 Media  2025-06-16 126.2 2025-06-17 133.84  6.05 
STRL               Sterling Infrastructure Inc   63.73          Construction 2025-06-16 209.55 2025-06-17 221.36  5.64 
KTOS Kratos Defense and Security Solutions Inc   63.23   Aerospace & Defense  2025-06-16 41.21  2025-06-17 43.23  4.90 
DOCS                              Doximity Inc  105.11           Health Care  2025-06-16 55.96  2025-06-17 58.51  4.56 
 DRS                          Leonardo DRS Inc  116.16   Aerospace & Defense  2025-06-16 43.66  2025-06-17 45.31  3.78 
ESTC                                Elastic NV   85.67            Technology  2025-06-16 81.18  2025-06-17 84.06  3.55 
FLEX                                  Flex Ltd  163.92  Electrical Equipment  2025-06-16 43.91  2025-06-17 45.27  3.10 
MUSA                            Murphy USA Inc   76.79                Retail 2025-06-16 388.56 2025-06-17 399.93  2.93 
 VLO                        Valero Energy Corp  431.47                Energy 2025-06-16 137.76 2025-06-17 141.77  2.91 
CACI                    CACI International Inc   98.13 Professional Services 2025-06-16 446.24 2025-06-17 458.73  2.80 
 LMT                      Lockheed Martin Corp 1094.30   Aerospace & Defense 2025-06-16 467.06 2025-06-17 479.34  2.63 
  DT                             Dynatrace Inc  163.26            Technology  2025-06-16 54.48   2025-06-17 55.9  2.61 
IONS                 Ionis Pharmaceuticals Inc   56.09         Biotechnology  2025-06-16 35.24  2025-06-17 36.15  2.58 
 HUM                                Humana Inc  284.10           Health Care 2025-06-16 235.39 2025-06-17 241.45  2.57 
  MP                         MP Materials Corp   56.64       Metals & Mining  2025-06-16 34.65  2025-06-17 35.48  2.40 
 LYV             Live Nation Entertainment Inc  329.86                 Media 2025-06-16 142.32 2025-06-17 145.59  2.30 
CCCS    CCC Intelligent Solutions Holdings Inc   58.66            Technology    2025-06-16 8.9   2025-06-17 9.09  2.13 

=== 市值超过100亿的涨幅榜前20名股票 ===
股票代码                公司名称                市值(亿)           板块                 昨天收盘              今天收盘       涨跌幅(%)
 RGC Regencell Bioscience Holdings Ltd  296.69      Pharmaceuticals   2025-06-16 60.0   2025-06-17 78.0 30.00 
 JBL                         Jabil Inc  194.10 Electrical Equipment 2025-06-16 180.82 2025-06-17 196.89  8.89 
RDDT                        Reddit Inc  232.86                Media  2025-06-16 126.2 2025-06-17 133.84  6.05 
DOCS                      Doximity Inc  105.11          Health Care  2025-06-16 55.96  2025-06-17 58.51  4.56 
 DRS                  Leonardo DRS Inc  116.16  Aerospace & Defense  2025-06-16 43.66  2025-06-17 45.31  3.78 
FLEX                          Flex Ltd  163.92 Electrical Equipment  2025-06-16 43.91  2025-06-17 45.27  3.10 
 VLO                Valero Energy Corp  431.47               Energy 2025-06-16 137.76 2025-06-17 141.77  2.91 
 LMT              Lockheed Martin Corp 1094.30  Aerospace & Defense 2025-06-16 467.06 2025-06-17 479.34  2.63 
  DT                     Dynatrace Inc  163.26           Technology  2025-06-16 54.48   2025-06-17 55.9  2.61 
 HUM                        Humana Inc  284.10          Health Care 2025-06-16 235.39 2025-06-17 241.45  2.57 
 LYV     Live Nation Entertainment Inc  329.86                Media 2025-06-16 142.32 2025-06-17 145.59  2.30 
 MPC           Marathon Petroleum Corp  512.37               Energy 2025-06-16 166.78 2025-06-17 170.08  1.98 
 THC             Tenet Healthcare Corp  152.55          Health Care 2025-06-16 164.24 2025-06-17 167.46  1.96 
DELL             Dell Technologies Inc  772.12           Technology 2025-06-16 113.74 2025-06-17 115.93  1.93 
 CVX                      Chevron Corp 2550.26               Energy 2025-06-16 146.03 2025-06-17 148.85  1.93 
GRAB                 Grab Holdings Ltd  191.92          Road & Rail   2025-06-16 4.71    2025-06-17 4.8  1.91 
 FTI                    TechnipFMC PLC  145.39               Energy  2025-06-16 34.68  2025-06-17 35.31  1.82 
 HES                         Hess Corp  438.39               Energy 2025-06-16 141.75 2025-06-17 144.31  1.81 
  VG                Venture Global Inc  421.06               Energy   2025-06-16 17.4  2025-06-17 17.71  1.78 
 TLN                 Talen Energy Corp  127.85            Utilities 2025-06-16 280.92 2025-06-17 285.88  1.77 

=== 市值超过200亿的涨幅榜前20名股票 ===
股票代码                公司名称                市值(亿)           板块                昨天收盘              今天收盘       涨跌幅(%)
 RGC Regencell Bioscience Holdings Ltd  296.69     Pharmaceuticals   2025-06-16 60.0   2025-06-17 78.0 30.00 
RDDT                        Reddit Inc  232.86               Media  2025-06-16 126.2 2025-06-17 133.84  6.05 
 VLO                Valero Energy Corp  431.47              Energy 2025-06-16 137.76 2025-06-17 141.77  2.91 
 LMT              Lockheed Martin Corp 1094.30 Aerospace & Defense 2025-06-16 467.06 2025-06-17 479.34  2.63 
 HUM                        Humana Inc  284.10         Health Care 2025-06-16 235.39 2025-06-17 241.45  2.57 
 LYV     Live Nation Entertainment Inc  329.86               Media 2025-06-16 142.32 2025-06-17 145.59  2.30 
 MPC           Marathon Petroleum Corp  512.37              Energy 2025-06-16 166.78 2025-06-17 170.08  1.98 
DELL             Dell Technologies Inc  772.12          Technology 2025-06-16 113.74 2025-06-17 115.93  1.93 
 CVX                      Chevron Corp 2550.26              Energy 2025-06-16 146.03 2025-06-17 148.85  1.93 
 HES                         Hess Corp  438.39              Energy 2025-06-16 141.75 2025-06-17 144.31  1.81 
  VG                Venture Global Inc  421.06              Energy   2025-06-16 17.4  2025-06-17 17.71  1.78 
 BKR                   Baker Hughes Co  386.29              Energy  2025-06-16 38.99   2025-06-17 39.6  1.56 
 CAH               Cardinal Health Inc  387.64         Health Care 2025-06-16 162.41 2025-06-17 164.91  1.54 
 OXY         Occidental Petroleum Corp  446.11              Energy  2025-06-16 45.33  2025-06-17 45.98  1.43 
 RTX                          RTX Corp 1956.64 Aerospace & Defense 2025-06-16 146.46 2025-06-17 148.48  1.38 
 XOM                  Exxon Mobil Corp 4847.48              Energy 2025-06-16 112.48  2025-06-17 114.0  1.35 
CVNA                        Carvana Co  621.12              Retail 2025-06-16 290.05 2025-06-17 293.98  1.35 
 NOC             Northrop Grumman Corp  716.07 Aerospace & Defense 2025-06-16 497.52 2025-06-17 503.97  1.30 
FANG            Diamondback Energy Inc  441.26              Energy 2025-06-16 151.03 2025-06-17 152.93  1.26 
 LHX         L3Harris Technologies Inc  463.20 Aerospace & Defense 2025-06-16 247.77 2025-06-17 250.86  1.25 

=== 市值超过1000亿的涨跌榜前20名股票 ===
股票代码                 公司名称                  市值(亿)             板块                 昨天收盘              今天收盘       涨跌幅(%)
 LMT                 Lockheed Martin Corp  1094.30   Aerospace & Defense 2025-06-16 467.06 2025-06-17 479.34  2.63 
 CVX                         Chevron Corp  2550.26                Energy 2025-06-16 146.03 2025-06-17 148.85  1.93 
 RTX                             RTX Corp  1956.64   Aerospace & Defense 2025-06-16 146.46 2025-06-17 148.48  1.38 
 XOM                     Exxon Mobil Corp  4847.48                Energy 2025-06-16 112.48  2025-06-17 114.0  1.35 
SPOT                Spotify Technology SA  1436.75                 Media 2025-06-16 715.57 2025-06-17 721.28  0.80 
   V                             Visa Inc  6893.32    Financial Services 2025-06-16 355.48 2025-06-17 357.84  0.66 
 ICE        Intercontinental Exchange Inc  1031.38    Financial Services  2025-06-16 179.8 2025-06-17 180.99  0.66 
 AMD           Advanced Micro Devices Inc  2049.29        Semiconductors 2025-06-16 126.39  2025-06-17 127.1  0.56 
 COP                       ConocoPhillips  1199.29                Energy   2025-06-16 95.0   2025-06-17 95.5  0.53 
 IBM International Business Machines Corp  2619.32            Technology 2025-06-16 281.83 2025-06-17 283.05  0.43 
  MU                Micron Technology Inc  1339.30        Semiconductors 2025-06-16 119.84 2025-06-17 120.34  0.42 
 UNH               UnitedHealth Group Inc  2790.91           Health Care 2025-06-16 307.66 2025-06-17 308.87  0.39 
 BSX               Boston Scientific Corp  1501.49           Health Care 2025-06-16 101.49 2025-06-17 101.73  0.24 
 GEV                       GE Vernova Inc  1331.59  Electrical Equipment 2025-06-16 487.88 2025-06-17 488.66  0.16 
  MA                       Mastercard Inc  5163.79    Financial Services 2025-06-16 568.67 2025-06-17 569.45  0.14 
  PM      Philip Morris International Inc  2852.94               Tobacco 2025-06-16 183.29 2025-06-17 183.46  0.09 
KLAC                             KLA Corp  1180.10        Semiconductors 2025-06-16 892.38  2025-06-17 893.0  0.07 
 ADP        Automatic Data Processing Inc  1249.88 Professional Services 2025-06-16 307.91 2025-06-17 307.62 -0.09 
MSFT                       Microsoft Corp 35612.29            Technology 2025-06-16 479.14 2025-06-17 478.04 -0.23 
 PGR                     Progressive Corp  1561.88             Insurance 2025-06-16 266.43 2025-06-17 265.77 -0.25 
