
=== 涨幅榜前20名股票 ===
股票代码             公司名称             市值(亿)                板块                      昨天收盘            今天收盘      涨跌幅(%)
AGRZ                    Agroz Inc  0.09                     Construction 2026-03-11 0.42 2026-03-12 1.07 153.55
EONR            EON Resources Inc  0.44                           Energy 2026-03-11 0.89 2026-03-12 1.35  51.69
TLYS                   Tillys Inc  0.50                           Retail 2026-03-11 1.63  2026-03-12 2.4  47.24
 VRA             Vera Bradley Inc  0.74 Textiles, Apparel & Luxury Goods 2026-03-11 2.49 2026-03-12 3.38  35.74
ATPC               Agape ATP Corp  0.04                      Health Care 2026-03-11 4.17 2026-03-12 5.65  35.49
CDXS                  Codexis Inc  1.15   Life Sciences Tools & Services 2026-03-11 1.27 2026-03-12 1.71  34.65
BMBL                   Bumble Inc  3.20                            Media 2026-03-11 2.84 2026-03-12 3.81  34.15
HEPA   Hepion Pharmaceuticals Inc  0.01                  Pharmaceuticals 2026-03-11 0.05 2026-03-12 0.06  33.33
AIEV   Thunder Power Holdings Inc  0.08                      Automobiles 2026-03-11 0.16 2026-03-12 0.21  30.43
 OCG Oriental Culture Holding Ltd  0.01                            Media 2026-03-11 0.68 2026-03-12 0.86  27.41
AMTX                  Aemetis Inc  1.02                           Energy 2026-03-11 1.54 2026-03-12 1.92  24.68
HYFM Hydrofarm Holdings Group Inc  0.05                        Machinery  2026-03-11 1.0 2026-03-12 1.24  24.00
SPRC                 Scisparc Ltd  0.02                  Pharmaceuticals 2026-03-11 3.85 2026-03-12 4.73  22.86
ROMA       Roma Green Finance Ltd  2.88   Commercial Services & Supplies 2026-03-11 4.83 2026-03-12 5.91  22.36
 SGN       Signing Day Sports Inc  0.21                       Technology 2026-03-11 0.72 2026-03-12 0.88  22.21
RBOT       Vicarious Surgical Inc  0.03                      Health Care 2026-03-11 0.42 2026-03-12 0.51  21.43
ALPS               Alps Group Inc  1.61                    Biotechnology 2026-03-11 0.97 2026-03-12 1.17  21.13
NCRA                   Nocera Inc  0.05                     Construction 2026-03-11 0.35 2026-03-12 0.42  21.04
POLA              Polar Power Inc  0.05             Electrical Equipment 2026-03-11 1.94 2026-03-12 2.34  20.62
FUFU                  BitFuFu Inc  3.41                       Technology 2026-03-11 2.05 2026-03-12 2.47  20.49

=== 市值超过20亿的涨幅榜前20名股票 ===
股票代码               公司名称               市值(亿)                板块                     昨天收盘              今天收盘       涨跌幅(%)
  CE                    Celanese Corp  56.91                     Chemicals  2026-03-11 51.94   2026-03-12 59.6 14.75 
  CF       CF Industries Holdings Inc 184.60                     Chemicals 2026-03-11 120.13  2026-03-12 136.0 13.21 
 FLY            Firefly Aerospace Inc  32.81           Aerospace & Defense   2026-03-11 20.6  2026-03-12 23.23 12.77 
 LYB     LyondellBasell Industries NV 217.05                     Chemicals  2026-03-11 67.37  2026-03-12 74.33 10.33 
 OLN                        Olin Corp  27.01                     Chemicals  2026-03-11 23.77  2026-03-12 26.01  9.42 
 HUN                    Huntsman Corp  20.45                     Chemicals  2026-03-11 11.75   2026-03-12 12.8  8.94 
 MOS                        Mosaic Co  92.55                     Chemicals  2026-03-11 29.15  2026-03-12 31.36  7.58 
 LEU              Centrus Energy Corp  39.40                        Energy 2026-03-11 200.35 2026-03-12 214.85  7.24 
SRAD              Sportradar Group AG  56.10 Hotels, Restaurants & Leisure  2026-03-11 18.04  2026-03-12 19.12  5.99 
  BJ BJ's Wholesale Club Holdings Inc 122.36                        Retail  2026-03-11 93.51  2026-03-12 98.78  5.64 
 SOC              Sable Offshore Corp  24.41                        Energy  2026-03-11 16.58  2026-03-12 17.45  5.25 
 OXY        Occidental Petroleum Corp 548.17                        Energy  2026-03-11 55.58  2026-03-12 58.41  5.09 
ANDE                    Andersons Inc  22.97                        Retail  2026-03-11 67.79  2026-03-12 71.24  5.09 
ONDS                        Ondas Inc  44.19                Communications   2026-03-11 9.83  2026-03-12 10.33  5.09 
ANDG               Andersen Group Inc  25.94         Professional Services  2026-03-11 23.38  2026-03-12 24.53  4.92 
 SFM       Sprouts Farmers Market Inc  71.26                        Retail  2026-03-11 75.35  2026-03-12 78.84  4.63 
 APD   Air Products and Chemicals Inc 618.29                     Chemicals 2026-03-11 277.69 2026-03-12 290.48  4.61 
PLBL               Polibeli Group Ltd  31.88                  Distributors    2026-03-11 8.7   2026-03-12 9.09  4.48 
 CNR       Core Natural Resources Inc  48.84                        Energy   2026-03-11 95.8 2026-03-12 100.04  4.43 
PARR         Par Pacific Holdings Inc  24.95                        Energy  2026-03-11 50.92  2026-03-12 53.14  4.36 

=== 市值超过50亿的涨幅榜前20名股票 ===
股票代码               公司名称                市值(亿)                板块                     昨天收盘              今天收盘       涨跌幅(%)
  CE                    Celanese Corp   56.91                     Chemicals  2026-03-11 51.94   2026-03-12 59.6 14.75 
  CF       CF Industries Holdings Inc  184.60                     Chemicals 2026-03-11 120.13  2026-03-12 136.0 13.21 
 LYB     LyondellBasell Industries NV  217.05                     Chemicals  2026-03-11 67.37  2026-03-12 74.33 10.33 
 MOS                        Mosaic Co   92.55                     Chemicals  2026-03-11 29.15  2026-03-12 31.36  7.58 
SRAD              Sportradar Group AG   56.10 Hotels, Restaurants & Leisure  2026-03-11 18.04  2026-03-12 19.12  5.99 
  BJ BJ's Wholesale Club Holdings Inc  122.36                        Retail  2026-03-11 93.51  2026-03-12 98.78  5.64 
 OXY        Occidental Petroleum Corp  548.17                        Energy  2026-03-11 55.58  2026-03-12 58.41  5.09 
 SFM       Sprouts Farmers Market Inc   71.26                        Retail  2026-03-11 75.35  2026-03-12 78.84  4.63 
 APD   Air Products and Chemicals Inc  618.29                     Chemicals 2026-03-11 277.69 2026-03-12 290.48  4.61 
 EMN              Eastman Chemical Co   77.27                     Chemicals  2026-03-11 67.72  2026-03-12 70.59  4.24 
  KR                        Kroger Co  456.85                        Retail  2026-03-11 72.19  2026-03-12 74.96  3.84 
 CRK           Comstock Resources Inc   59.19                        Energy  2026-03-11 20.13  2026-03-12 20.78  3.23 
  PM  Philip Morris International Inc 2597.16                       Tobacco 2026-03-11 166.84  2026-03-12 172.0  3.09 
  LB                LandBridge Co LLC   54.50                   Real Estate   2026-03-11 70.7  2026-03-12 72.72  2.86 
 COP                   ConocoPhillips 1430.50                        Energy 2026-03-11 117.03 2026-03-12 120.26  2.76 
 PSX                      Phillips 66  679.26                        Energy  2026-03-11 169.5 2026-03-12 174.09  2.71 
 CVX                     Chevron Corp 3826.95                        Energy 2026-03-11 191.79 2026-03-12 196.97  2.70 
 HPQ                           HP Inc  168.83                    Technology  2026-03-11 18.46  2026-03-12 18.95  2.65 
 CRM                   Salesforce Inc 1791.82                    Technology 2026-03-11 194.13 2026-03-12 199.28  2.65 
 ACI         Albertsons Companies Inc   84.49                        Retail  2026-03-11 16.44  2026-03-12 16.87  2.62 

=== 市值超过100亿的涨幅榜前20名股票 ===
股票代码               公司名称                市值(亿)          板块                昨天收盘              今天收盘       涨跌幅(%)
  CF       CF Industries Holdings Inc  184.60          Chemicals 2026-03-11 120.13  2026-03-12 136.0 13.21 
 LYB     LyondellBasell Industries NV  217.05          Chemicals  2026-03-11 67.37  2026-03-12 74.33 10.33 
  BJ BJ's Wholesale Club Holdings Inc  122.36             Retail  2026-03-11 93.51  2026-03-12 98.78  5.64 
 OXY        Occidental Petroleum Corp  548.17             Energy  2026-03-11 55.58  2026-03-12 58.41  5.09 
 APD   Air Products and Chemicals Inc  618.29          Chemicals 2026-03-11 277.69 2026-03-12 290.48  4.61 
  KR                        Kroger Co  456.85             Retail  2026-03-11 72.19  2026-03-12 74.96  3.84 
  PM  Philip Morris International Inc 2597.16            Tobacco 2026-03-11 166.84  2026-03-12 172.0  3.09 
 COP                   ConocoPhillips 1430.50             Energy 2026-03-11 117.03 2026-03-12 120.26  2.76 
 PSX                      Phillips 66  679.26             Energy  2026-03-11 169.5 2026-03-12 174.09  2.71 
 CVX                     Chevron Corp 3826.95             Energy 2026-03-11 191.79 2026-03-12 196.97  2.70 
 HPQ                           HP Inc  168.83         Technology  2026-03-11 18.46  2026-03-12 18.95  2.65 
 CRM                   Salesforce Inc 1791.82         Technology 2026-03-11 194.13 2026-03-12 199.28  2.65 
 CME                    CME Group Inc 1087.82 Financial Services 2026-03-11 303.33 2026-03-12 311.19  2.59 
  BG                 Bunge Global ltd  237.47      Food Products 2026-03-11 122.72 2026-03-12 125.83  2.53 
  VG               Venture Global Inc  237.22             Energy  2026-03-11 12.46  2026-03-12 12.77  2.49 
 ADM        Archer-Daniels-Midland Co  340.84      Food Products  2026-03-11 70.83   2026-03-12 72.5  2.36 
NTNX                      Nutanix Inc  101.42         Technology  2026-03-11 38.24  2026-03-12 39.13  2.33 
 NRG                   NRG Energy Inc  318.37          Utilities 2026-03-11 148.63  2026-03-12 152.1  2.33 
 UHS    Universal Health Services Inc  113.74        Health Care 2026-03-11 186.24 2026-03-12 190.49  2.28 
  CB                        Chubb Ltd 1259.27          Insurance 2026-03-11 322.76 2026-03-12 329.56  2.11 

=== 市值超过200亿的涨幅榜前20名股票 ===
股票代码               公司名称               市值(亿)          板块                昨天收盘              今天收盘       涨跌幅(%)
 LYB    LyondellBasell Industries NV  217.05          Chemicals  2026-03-11 67.37  2026-03-12 74.33 10.33 
 OXY       Occidental Petroleum Corp  548.17             Energy  2026-03-11 55.58  2026-03-12 58.41  5.09 
 APD  Air Products and Chemicals Inc  618.29          Chemicals 2026-03-11 277.69 2026-03-12 290.48  4.61 
  KR                       Kroger Co  456.85             Retail  2026-03-11 72.19  2026-03-12 74.96  3.84 
  PM Philip Morris International Inc 2597.16            Tobacco 2026-03-11 166.84  2026-03-12 172.0  3.09 
 COP                  ConocoPhillips 1430.50             Energy 2026-03-11 117.03 2026-03-12 120.26  2.76 
 PSX                     Phillips 66  679.26             Energy  2026-03-11 169.5 2026-03-12 174.09  2.71 
 CVX                    Chevron Corp 3826.95             Energy 2026-03-11 191.79 2026-03-12 196.97  2.70 
 CRM                  Salesforce Inc 1791.82         Technology 2026-03-11 194.13 2026-03-12 199.28  2.65 
 CME                   CME Group Inc 1087.82 Financial Services 2026-03-11 303.33 2026-03-12 311.19  2.59 
  BG                Bunge Global ltd  237.47      Food Products 2026-03-11 122.72 2026-03-12 125.83  2.53 
  VG              Venture Global Inc  237.22             Energy  2026-03-11 12.46  2026-03-12 12.77  2.49 
 ADM       Archer-Daniels-Midland Co  340.84      Food Products  2026-03-11 70.83   2026-03-12 72.5  2.36 
 NRG                  NRG Energy Inc  318.37          Utilities 2026-03-11 148.63  2026-03-12 152.1  2.33 
  CB                       Chubb Ltd 1259.27          Insurance 2026-03-11 322.76 2026-03-12 329.56  2.11 
  MO                Altria Group Inc 1109.14            Tobacco  2026-03-11 66.34  2026-03-12 67.72  2.08 
 VLO              Valero Energy Corp  611.93             Energy 2026-03-11 231.05 2026-03-12 235.81  2.06 
 TSN                 Tyson Foods Inc  206.39      Food Products  2026-03-11 59.81  2026-03-12 61.03  2.04 
CTRA              Coterra Energy Inc  238.03             Energy  2026-03-11 31.35  2026-03-12 31.98  2.01 
 PGR                Progressive Corp 1178.96          Insurance 2026-03-11 201.22 2026-03-12 205.18  1.97 

=== 市值超过1000亿的涨跌榜前20名股票 ===
 股票代码               公司名称               市值(亿)           板块                 昨天收盘              今天收盘        涨跌幅(%)
   PM Philip Morris International Inc 2597.16              Tobacco 2026-03-11 166.84   2026-03-12 172.0  3.09 
  COP                  ConocoPhillips 1430.50               Energy 2026-03-11 117.03  2026-03-12 120.26  2.76 
  CVX                    Chevron Corp 3826.95               Energy 2026-03-11 191.79  2026-03-12 196.97  2.70 
  CRM                  Salesforce Inc 1791.82           Technology 2026-03-11 194.13  2026-03-12 199.28  2.65 
  CME                   CME Group Inc 1087.82   Financial Services 2026-03-11 303.33  2026-03-12 311.19  2.59 
   CB                       Chubb Ltd 1259.27            Insurance 2026-03-11 322.76  2026-03-12 329.56  2.11 
   MO                Altria Group Inc 1109.14              Tobacco  2026-03-11 66.34   2026-03-12 67.72  2.08 
  PGR                Progressive Corp 1178.96            Insurance 2026-03-11 201.22  2026-03-12 205.18  1.97 
  LIN                       Linde PLC 2231.47            Chemicals 2026-03-11 481.55  2026-03-12 490.41  1.84 
   SO                     Southern Co 1077.53            Utilities  2026-03-11 96.26   2026-03-12 97.84  1.64 
  DUK                Duke Energy Corp 1011.21            Utilities 2026-03-11 130.03  2026-03-12 131.82  1.38 
  XOM                Exxon Mobil Corp 6354.31               Energy 2026-03-11 151.58  2026-03-12 153.53  1.29 
 PLTR       Palantir Technologies Inc 3625.78           Technology  2026-03-11 151.6   2026-03-12 153.5  1.25 
 COST           Costco Wholesale Corp 4404.21               Retail 2026-03-11 992.23 2026-03-12 1003.32  1.12 
  MCK                   McKesson Corp 1144.39          Health Care 2026-03-11 934.29  2026-03-12 944.36  1.08 
    T                        AT&T Inc 1901.36    Telecommunication  2026-03-11 27.16   2026-03-12 27.39  0.85 
  LMT            Lockheed Martin Corp 1502.03  Aerospace & Defense 2026-03-11 649.47  2026-03-12 652.83  0.52 
 TMUS                 T-Mobile US Inc 2351.82    Telecommunication 2026-03-11 213.44  2026-03-12 214.37  0.44 
  NOC           Northrop Grumman Corp 1040.54  Aerospace & Defense 2026-03-11 733.18   2026-03-12 736.3  0.43 
SBGSF           Schneider Electric SE 1436.51 Electrical Equipment  2026-03-11 306.0  2026-03-12 307.23  0.40 
