2025-01-25 17:50:08,945 - INFO: 日志目录: logs/20250125_175008
2025-01-25 17:50:08,945 - INFO: 日志文件: logs/20250125_175008/execution.log
2025-01-25 17:50:08,945 - INFO: 从 Finnhub 获取股票列表...
2025-01-25 17:50:10,859 - INFO: 获取到 17 个股票 (已排除 29 个已知非美股)
2025-01-25 17:50:10,859 - INFO: 实际需要处理的股票数量: 17 / 27487 (0.06%)
2025-01-25 17:50:10,869 - INFO: 开始处理 17 只股票...
2025-01-25 17:50:11,031 - INFO: 跳过权证: PTKWF
2025-01-25 17:50:11,204 - INFO: 股票 KCLHF 数据不足
2025-01-25 17:50:11,398 - INFO: 跳过权证: WYTC
2025-01-25 17:50:11,954 - INFO: 跳过非美国主要交易所上市的股票 PKLE (交易所: OTC MARKETS)
2025-01-25 17:50:11,954 - INFO: 股票 PKLE 无法获取详细信息
2025-01-25 17:50:12,078 - INFO: 跳过非美国主要交易所上市的股票 EVTK (交易所: OTC MARKETS)
2025-01-25 17:50:12,078 - INFO: 股票 EVTK 无法获取详细信息
2025-01-25 17:50:12,111 - INFO: 跳过非美国主要交易所上市的股票 BXPHF (交易所: ASX - ALL MARKETS)
2025-01-25 17:50:12,112 - INFO: 股票 BXPHF 无法获取详细信息
2025-01-25 17:50:12,339 - INFO: 跳过非美国主要交易所上市的股票 SFHLF (交易所: XETRA)
2025-01-25 17:50:12,339 - INFO: 股票 SFHLF 无法获取详细信息
2025-01-25 17:50:12,438 - INFO: 进度: 10/17 (58.82%) 有效数据: 3
2025-01-25 17:50:12,488 - INFO: 跳过权证: AROW
2025-01-25 17:50:13,119 - INFO: 跳过非美国主要交易所上市的股票 ETAOF (交易所: OTC MARKETS)
2025-01-25 17:50:13,119 - INFO: 股票 ETAOF 无法获取详细信息
2025-01-25 17:50:13,274 - INFO: 跳过非美国主要交易所上市的股票 CATG (交易所: OTC MARKETS)
2025-01-25 17:50:13,274 - INFO: 股票 CATG 无法获取详细信息
2025-01-25 17:50:15,116 - INFO: 跳过非美国主要交易所上市的股票 AMNP (交易所: OTC MARKETS)
2025-01-25 17:50:15,116 - INFO: 股票 AMNP 无法获取详细信息
2025-01-25 17:50:16,341 - INFO: 
处理完成!
2025-01-25 17:50:16,341 - INFO: 总计处理: 17 只股票
2025-01-25 17:50:16,341 - INFO: 有效数据: 6 只股票
2025-01-25 17:50:16,341 - INFO: 无效数据: 11 只股票
2025-01-25 17:50:16,344 - INFO: 日志目录: logs/20250125_175008
2025-01-25 17:50:16,345 - INFO: 日志文件: logs/20250125_175008/execution.log
2025-01-25 17:50:16,345 - INFO: 
=== 涨幅榜前20名股票 ===
2025-01-25 17:50:16,345 - INFO: 
=== 涨幅榜前20名股票 ===
2025-01-25 17:50:16,352 - INFO: 
  股票代码                公司名称  市值(亿)                  板块            昨天收盘            今天收盘  涨跌幅(%)
3      ITP   IT Tech Packaging Inc      0.05        Paper & Forest   2025-01-23 (0, 2)   2025-01-24 (0, 2)       9.76
1      BMR       Beamr Imaging Ltd      0.65            Technology   2025-01-23 (4, 2)   2025-01-24 (4, 2)       3.96
5     HTBK  Heritage Commerce Corp      5.85               Banking   2025-01-23 (9, 2)  2025-01-24 (10, 2)       3.81
2      STT       State Street Corp    290.39    Financial Services  2025-01-23 (98, 2)  2025-01-24 (99, 2)       1.56
0     BVFL        BV Financial Inc      1.94               Banking  2025-01-23 (17, 2)  2025-01-24 (17, 2)       0.12
4      CXT            Crane NXT Co     36.42  Electrical Equipment  2025-01-23 (65, 2)  2025-01-24 (64, 2)      -2.48
2025-01-25 17:50:16,353 - INFO: 
  股票代码                公司名称  市值(亿)                  板块            昨天收盘            今天收盘  涨跌幅(%)
3      ITP   IT Tech Packaging Inc      0.05        Paper & Forest   2025-01-23 (0, 2)   2025-01-24 (0, 2)       9.76
1      BMR       Beamr Imaging Ltd      0.65            Technology   2025-01-23 (4, 2)   2025-01-24 (4, 2)       3.96
5     HTBK  Heritage Commerce Corp      5.85               Banking   2025-01-23 (9, 2)  2025-01-24 (10, 2)       3.81
2      STT       State Street Corp    290.39    Financial Services  2025-01-23 (98, 2)  2025-01-24 (99, 2)       1.56
0     BVFL        BV Financial Inc      1.94               Banking  2025-01-23 (17, 2)  2025-01-24 (17, 2)       0.12
4      CXT            Crane NXT Co     36.42  Electrical Equipment  2025-01-23 (65, 2)  2025-01-24 (64, 2)      -2.48
2025-01-25 17:50:16,353 - INFO: 
=== 市值超过20亿的涨幅榜前20名股票 ===
2025-01-25 17:50:16,353 - INFO: 
=== 市值超过20亿的涨幅榜前20名股票 ===
2025-01-25 17:50:16,358 - INFO: 
  股票代码           公司名称  市值(亿)                  板块            昨天收盘            今天收盘  涨跌幅(%)
2      STT  State Street Corp    290.39    Financial Services  2025-01-23 (98, 2)  2025-01-24 (99, 2)       1.56
4      CXT       Crane NXT Co     36.42  Electrical Equipment  2025-01-23 (65, 2)  2025-01-24 (64, 2)      -2.48
2025-01-25 17:50:16,358 - INFO: 
  股票代码           公司名称  市值(亿)                  板块            昨天收盘            今天收盘  涨跌幅(%)
2      STT  State Street Corp    290.39    Financial Services  2025-01-23 (98, 2)  2025-01-24 (99, 2)       1.56
4      CXT       Crane NXT Co     36.42  Electrical Equipment  2025-01-23 (65, 2)  2025-01-24 (64, 2)      -2.48
2025-01-25 17:50:16,359 - INFO: 
=== 市值超过50亿的涨幅榜前20名股票 ===
2025-01-25 17:50:16,359 - INFO: 
=== 市值超过50亿的涨幅榜前20名股票 ===
2025-01-25 17:50:16,363 - INFO: 
  股票代码           公司名称  市值(亿)                板块            昨天收盘            今天收盘  涨跌幅(%)
2      STT  State Street Corp    290.39  Financial Services  2025-01-23 (98, 2)  2025-01-24 (99, 2)       1.56
2025-01-25 17:50:16,363 - INFO: 
  股票代码           公司名称  市值(亿)                板块            昨天收盘            今天收盘  涨跌幅(%)
2      STT  State Street Corp    290.39  Financial Services  2025-01-23 (98, 2)  2025-01-24 (99, 2)       1.56
2025-01-25 17:50:16,364 - INFO: 
=== 市值超过100亿的涨幅榜前20名股票 ===
2025-01-25 17:50:16,364 - INFO: 
=== 市值超过100亿的涨幅榜前20名股票 ===
2025-01-25 17:50:16,368 - INFO: 
  股票代码           公司名称  市值(亿)                板块            昨天收盘            今天收盘  涨跌幅(%)
2      STT  State Street Corp    290.39  Financial Services  2025-01-23 (98, 2)  2025-01-24 (99, 2)       1.56
2025-01-25 17:50:16,368 - INFO: 
  股票代码           公司名称  市值(亿)                板块            昨天收盘            今天收盘  涨跌幅(%)
2      STT  State Street Corp    290.39  Financial Services  2025-01-23 (98, 2)  2025-01-24 (99, 2)       1.56
2025-01-25 17:50:16,369 - INFO: 
=== 市值超过200亿的涨幅榜前20名股票 ===
2025-01-25 17:50:16,369 - INFO: 
=== 市值超过200亿的涨幅榜前20名股票 ===
2025-01-25 17:50:16,373 - INFO: 
  股票代码           公司名称  市值(亿)                板块            昨天收盘            今天收盘  涨跌幅(%)
2      STT  State Street Corp    290.39  Financial Services  2025-01-23 (98, 2)  2025-01-24 (99, 2)       1.56
2025-01-25 17:50:16,373 - INFO: 
  股票代码           公司名称  市值(亿)                板块            昨天收盘            今天收盘  涨跌幅(%)
2      STT  State Street Corp    290.39  Financial Services  2025-01-23 (98, 2)  2025-01-24 (99, 2)       1.56
2025-01-25 17:50:16,373 - INFO: 
没有市值超过1000亿的股票!
2025-01-25 17:50:16,374 - INFO: 
没有市值超过1000亿的股票!
2025-01-25 17:50:16,374 - INFO: 结果已保存到: logs/20250125_175008/top20_result.log
2025-01-25 17:50:16,374 - INFO: 日志目录: logs/20250125_175008
2025-01-25 17:50:16,374 - INFO: 日志文件: logs/20250125_175008/execution.log
2025-01-25 17:50:16,375 - INFO: 股票数据已保存到 logs/20250125_175008/stocks_data.json
2025-01-25 17:50:16,379 - INFO: 
=== 板块涨跌分析 ===
2025-01-25 17:50:16,381 - INFO: 
                   板块  平均涨跌幅  股票数量
3        Paper & Forest       9.760         1
4            Technology       3.960         1
0               Banking       1.965         2
2    Financial Services       1.560         1
1  Electrical Equipment      -2.480         1
2025-01-25 17:50:16,381 - INFO: 板块分析已保存到 logs/20250125_175008/sector_analysis.json
