
=== 涨幅榜前20名股票 ===
 股票代码                  公司名称                 市值(亿)               板块                      昨天收盘              今天收盘       涨跌幅(%)
 MNDR       Mobile-health Network Solutions  0.02                    Health Care   2025-11-19 1.66   2025-11-20 3.04 83.13 
 PLAG            Planet Green Holdings Corp  0.21                  Food Products   2025-11-19 2.27   2025-11-20 2.98 31.28 
 CRNC                           Cerence Inc  3.43                     Technology   2025-11-19 7.92   2025-11-20 10.1 27.53 
 NUTX                      Nutex Health Inc  7.93                    Health Care 2025-11-19 112.19 2025-11-20 142.34 26.87 
 TYRA                  Tyra Biosciences Inc  8.87                  Biotechnology  2025-11-19 16.62   2025-11-20 21.0 26.35 
 MIGI       Mawson Infrastructure Group Inc  0.07                     Technology    2025-11-19 0.3   2025-11-20 0.37 22.27 
 FOXX         Foxx Development Holdings Inc  0.12                     Technology   2025-11-19 1.71   2025-11-20 2.02 18.19 
 SCYX                          SCYNEXIS Inc  0.25                Pharmaceuticals   2025-11-19 0.59   2025-11-20 0.69 16.95 
UONEK                         Urban One Inc  0.41                          Media    2025-11-19 0.8   2025-11-20 0.91 14.25 
 LQDT                Liquidity Services Inc  7.08 Commercial Services & Supplies  2025-11-19 22.68  2025-11-20 25.71 13.36 
 BNZI              Banzai International Inc  0.08                     Technology   2025-11-19 1.21   2025-11-20 1.36 12.40 
 GIBO                     Gibo Holdings Ltd  0.07                          Media   2025-11-19 1.95   2025-11-20 2.19 12.31 
 GRNQ                 GreenPro Capital Corp  0.14             Financial Services   2025-11-19 1.65   2025-11-20 1.84 11.38 
 BDMD Baird Medical Investment Holdings Ltd  0.49                    Health Care   2025-11-19 1.36   2025-11-20 1.51 11.03 
 KLIC      Kulicke and Soffa Industries Inc 18.40                 Semiconductors  2025-11-19 35.29  2025-11-20 39.03 10.60 
  JYD            Jayud Global Logistics Ltd  0.08     Logistics & Transportation   2025-11-19 3.02   2025-11-20 3.31  9.60 
 RNTX                 Rein Therapeutics Inc  0.33                  Biotechnology   2025-11-19 1.26   2025-11-20 1.38  9.52 
  ZJK                 ZJK Industrial Co Ltd  1.71                      Machinery   2025-11-19 1.78   2025-11-20 1.94  8.68 
 INTJ                 Intelligent Group Ltd  0.12                          Media   2025-11-19 0.44   2025-11-20 0.48  8.47 
 PALI                      Palisade Bio Inc  3.23                  Biotechnology   2025-11-19 2.17   2025-11-20 2.34  7.83 

=== 市值超过20亿的涨幅榜前20名股票 ===
股票代码              公司名称              市值(亿)                 板块                       昨天收盘              今天收盘       涨跌幅(%)
ADPT  Adaptive Biotechnologies Corp  23.13   Life Sciences Tools & Services  2025-11-19 15.15  2025-11-20 16.32  7.72 
REGN  Regeneron Pharmaceuticals Inc 738.59                    Biotechnology 2025-11-19 702.75  2025-11-20 737.0  4.87 
GEHC GE Healthcare Technologies Inc 329.39                      Health Care  2025-11-19 72.31  2025-11-20 74.75  3.37 
AXTA     Axalta Coating Systems Ltd  59.31                        Chemicals   2025-11-19 27.8  2025-11-20 28.71  3.27 
  FA           First Advantage Corp  21.56            Professional Services  2025-11-19 12.38  2025-11-20 12.75  2.99 
 ABM             ABM Industries Inc  24.79   Commercial Services & Supplies  2025-11-19 40.48  2025-11-20 41.65  2.89 
HNGE               Hinge Health Inc  34.45                      Health Care   2025-11-19 44.1  2025-11-20 45.36  2.86 
SOLV                 Solventum Corp 134.09                      Health Care  2025-11-19 77.31  2025-11-20 79.51  2.85 
ERIE              Erie Indemnity Co 132.75                        Insurance 2025-11-19 285.06 2025-11-20 293.06  2.81 
URBN           Urban Outfitters Inc  53.43                           Retail  2025-11-19 59.57  2025-11-20 61.16  2.67 
 BCC               Boise Cascade Co  24.90 Trading Companies & Distributors  2025-11-19 67.22  2025-11-20 68.86  2.44 
 MAT                     Mattel Inc  57.72                 Leisure Products  2025-11-19 18.57   2025-11-20 19.0  2.32 
VCYT                   Veracyte Inc  31.56                    Biotechnology  2025-11-19 39.93  2025-11-20 40.85  2.30 
 FDS   Factset Research Systems Inc 100.02               Financial Services 2025-11-19 267.02 2025-11-20 273.05  2.26 
 PRI                  Primerica Inc  81.87                        Insurance 2025-11-19 256.51 2025-11-20 261.57  1.97 
RVTY                    Revvity Inc 104.59   Life Sciences Tools & Services  2025-11-19 92.25  2025-11-20 94.02  1.92 
SHOO              Steven Madden Ltd  27.01 Textiles, Apparel & Luxury Goods  2025-11-19 37.17  2025-11-20 37.88  1.90 
BRBR            Bellring Brands Inc  35.02                Consumer products  2025-11-19 29.26   2025-11-20 29.8  1.85 
HESM              Hess Midstream LP  66.54                           Energy  2025-11-19 32.04   2025-11-20 32.6  1.75 
 CLX                      Clorox Co 120.07                Consumer products  2025-11-19 98.43 2025-11-20 100.07  1.67 

=== 市值超过50亿的涨幅榜前20名股票 ===
股票代码               公司名称                市值(亿)                板块                      昨天收盘              今天收盘       涨跌幅(%)
REGN    Regeneron Pharmaceuticals Inc  738.59                  Biotechnology 2025-11-19 702.75  2025-11-20 737.0  4.87 
GEHC   GE Healthcare Technologies Inc  329.39                    Health Care  2025-11-19 72.31  2025-11-20 74.75  3.37 
AXTA       Axalta Coating Systems Ltd   59.31                      Chemicals   2025-11-19 27.8  2025-11-20 28.71  3.27 
SOLV                   Solventum Corp  134.09                    Health Care  2025-11-19 77.31  2025-11-20 79.51  2.85 
ERIE                Erie Indemnity Co  132.75                      Insurance 2025-11-19 285.06 2025-11-20 293.06  2.81 
URBN             Urban Outfitters Inc   53.43                         Retail  2025-11-19 59.57  2025-11-20 61.16  2.67 
 MAT                       Mattel Inc   57.72               Leisure Products  2025-11-19 18.57   2025-11-20 19.0  2.32 
 FDS     Factset Research Systems Inc  100.02             Financial Services 2025-11-19 267.02 2025-11-20 273.05  2.26 
 PRI                    Primerica Inc   81.87                      Insurance 2025-11-19 256.51 2025-11-20 261.57  1.97 
RVTY                      Revvity Inc  104.59 Life Sciences Tools & Services  2025-11-19 92.25  2025-11-20 94.02  1.92 
HESM                Hess Midstream LP   66.54                         Energy  2025-11-19 32.04   2025-11-20 32.6  1.75 
 CLX                        Clorox Co  120.07              Consumer products  2025-11-19 98.43 2025-11-20 100.07  1.67 
CHDN              Churchill Downs Inc   71.63  Hotels, Restaurants & Leisure 2025-11-19 102.72 2025-11-20 104.39  1.62 
 TJX                TJX Companies Inc 1622.78                         Retail 2025-11-19 145.81 2025-11-20 148.07  1.55 
BTSG Brightspring Health Services Inc   58.18                    Health Care  2025-11-19 32.26  2025-11-20 32.76  1.55 
MASI                      Masimo Corp   75.70                    Health Care 2025-11-19 140.94  2025-11-20 143.0  1.46 
 KMB              Kimberly-Clark Corp  339.72              Consumer products 2025-11-19 102.37 2025-11-20 103.76  1.36 
RYAN      Ryan Specialty Holdings Inc  147.79                      Insurance  2025-11-19 56.01  2025-11-20 56.76  1.34 
BROS                   Dutch Bros Inc   82.62  Hotels, Restaurants & Leisure  2025-11-19 50.22  2025-11-20 50.87  1.29 
CINF        Cincinnati Financial Corp  252.20                      Insurance 2025-11-19 161.65 2025-11-20 163.66  1.24 

=== 市值超过100亿的涨幅榜前20名股票 ===
股票代码              公司名称               市值(亿)                板块                      昨天收盘               今天收盘        涨跌幅(%)
REGN  Regeneron Pharmaceuticals Inc  738.59                  Biotechnology  2025-11-19 702.75   2025-11-20 737.0  4.87 
GEHC GE Healthcare Technologies Inc  329.39                    Health Care   2025-11-19 72.31   2025-11-20 74.75  3.37 
SOLV                 Solventum Corp  134.09                    Health Care   2025-11-19 77.31   2025-11-20 79.51  2.85 
ERIE              Erie Indemnity Co  132.75                      Insurance  2025-11-19 285.06  2025-11-20 293.06  2.81 
 FDS   Factset Research Systems Inc  100.02             Financial Services  2025-11-19 267.02  2025-11-20 273.05  2.26 
RVTY                    Revvity Inc  104.59 Life Sciences Tools & Services   2025-11-19 92.25   2025-11-20 94.02  1.92 
 CLX                      Clorox Co  120.07              Consumer products   2025-11-19 98.43  2025-11-20 100.07  1.67 
 TJX              TJX Companies Inc 1622.78                         Retail  2025-11-19 145.81  2025-11-20 148.07  1.55 
 KMB            Kimberly-Clark Corp  339.72              Consumer products  2025-11-19 102.37  2025-11-20 103.76  1.36 
RYAN    Ryan Specialty Holdings Inc  147.79                      Insurance   2025-11-19 56.01   2025-11-20 56.76  1.34 
CINF      Cincinnati Financial Corp  252.20                      Insurance  2025-11-19 161.65  2025-11-20 163.66  1.24 
JKHY    Jack Henry & Associates Inc  120.00             Financial Services   2025-11-19 165.8  2025-11-20 167.77  1.19 
PCAR                     Paccar Inc  506.77                      Machinery   2025-11-19 96.49    2025-11-20 97.6  1.15 
  IR             Ingersoll Rand Inc  291.24                      Machinery   2025-11-19 73.71   2025-11-20 74.54  1.13 
 MKC        McCormick & Company Inc  179.12                  Food Products   2025-11-19 66.74   2025-11-20 67.48  1.11 
 AZO                   Autozone Inc  633.46                         Retail 2025-11-19 3808.55 2025-11-20 3849.81  1.08 
   D            Dominion Energy Inc  513.97                      Utilities   2025-11-19 60.19   2025-11-20 60.83  1.06 
 BRO              Brown & Brown Inc  269.07                      Insurance   2025-11-19 78.81   2025-11-20 79.62  1.03 
 MMC Marsh & McLennan Companies Inc  867.78                      Insurance  2025-11-19 177.13  2025-11-20 178.95  1.03 
   T                       AT&T Inc 1791.50              Telecommunication   2025-11-19 25.27   2025-11-20 25.52  0.99 

=== 市值超过200亿的涨幅榜前20名股票 ===
股票代码              公司名称               市值(亿)          板块               昨天收盘               今天收盘        涨跌幅(%)
REGN  Regeneron Pharmaceuticals Inc  738.59     Biotechnology  2025-11-19 702.75   2025-11-20 737.0  4.87 
GEHC GE Healthcare Technologies Inc  329.39       Health Care   2025-11-19 72.31   2025-11-20 74.75  3.37 
 TJX              TJX Companies Inc 1622.78            Retail  2025-11-19 145.81  2025-11-20 148.07  1.55 
 KMB            Kimberly-Clark Corp  339.72 Consumer products  2025-11-19 102.37  2025-11-20 103.76  1.36 
CINF      Cincinnati Financial Corp  252.20         Insurance  2025-11-19 161.65  2025-11-20 163.66  1.24 
PCAR                     Paccar Inc  506.77         Machinery   2025-11-19 96.49    2025-11-20 97.6  1.15 
  IR             Ingersoll Rand Inc  291.24         Machinery   2025-11-19 73.71   2025-11-20 74.54  1.13 
 AZO                   Autozone Inc  633.46            Retail 2025-11-19 3808.55 2025-11-20 3849.81  1.08 
   D            Dominion Energy Inc  513.97         Utilities   2025-11-19 60.19   2025-11-20 60.83  1.06 
 BRO              Brown & Brown Inc  269.07         Insurance   2025-11-19 78.81   2025-11-20 79.62  1.03 
 MMC Marsh & McLennan Companies Inc  867.78         Insurance  2025-11-19 177.13  2025-11-20 178.95  1.03 
   T                       AT&T Inc 1791.50 Telecommunication   2025-11-19 25.27   2025-11-20 25.52  0.99 
 STZ       Constellation Brands Inc  225.01         Beverages  2025-11-19 129.27  2025-11-20 130.45  0.91 
 DGX          Quest Diagnostics Inc  206.87       Health Care  2025-11-19 185.96  2025-11-20 187.61  0.89 
 ALL                  Allstate Corp  549.35         Insurance  2025-11-19 209.93  2025-11-20 211.74  0.86 
  EL     Estee Lauder Companies Inc  309.59 Consumer products   2025-11-19 85.91   2025-11-20 86.61  0.81 
  CB                      Chubb Ltd 1156.88         Insurance  2025-11-19 293.96  2025-11-20 296.32  0.80 
 UNH         UnitedHealth Group Inc 2799.86       Health Care  2025-11-19 309.09  2025-11-20 311.54  0.79 
ACGL         Arch Capital Group Ltd  330.61         Insurance   2025-11-19 91.17   2025-11-20 91.88  0.78 
 PCG                      PG&E Corp  345.51         Utilities   2025-11-19 15.72   2025-11-20 15.84  0.76 

=== 市值超过1000亿的涨跌榜前20名股票 ===
 股票代码                 公司名称                  市值(亿)                 板块                       昨天收盘              今天收盘       涨跌幅(%)
  TJX                    TJX Companies Inc 1622.78                           Retail 2025-11-19 145.81 2025-11-20 148.07  1.55 
    T                             AT&T Inc 1791.50                Telecommunication  2025-11-19 25.27  2025-11-20 25.52  0.99 
   CB                            Chubb Ltd 1156.88                        Insurance 2025-11-19 293.96 2025-11-20 296.32  0.80 
  UNH               UnitedHealth Group Inc 2799.86                      Health Care 2025-11-19 309.09 2025-11-20 311.54  0.79 
LVMHF  LVMH Moet Hennessy Louis Vuitton SE 3030.26 Textiles, Apparel & Luxury Goods 2025-11-19 704.25  2025-11-20 709.0  0.67 
  IBM International Business Machines Corp 2696.99                       Technology 2025-11-19 288.53  2025-11-20 290.4  0.65 
   DE                           Deere & Co 1283.44                        Machinery 2025-11-19 474.77 2025-11-20 476.33  0.33 
 COST                Costco Wholesale Corp 3946.95                           Retail  2025-11-19 890.6 2025-11-20 893.29  0.30 
  NEE                   Nextera Energy Inc 1755.02                        Utilities  2025-11-19 84.27   2025-11-20 84.3  0.04 
   PM      Philip Morris International Inc 2422.29                          Tobacco 2025-11-19 155.61 2025-11-20 155.65  0.03 
  UNP                   Union Pacific Corp 1311.89                      Road & Rail 2025-11-19 221.17 2025-11-20 221.21  0.02 
   BN                      Brookfield Corp 1082.33               Financial Services  2025-11-19 43.73   2025-11-20 43.7 -0.07 
  COF           Capital One Financial Corp 1286.72               Financial Services  2025-11-19 202.4 2025-11-20 202.22 -0.09 
    V                             Visa Inc 6203.96               Financial Services 2025-11-19 324.12 2025-11-20 323.77 -0.11 
   PH                 Parker-Hannifin Corp 1035.58                        Machinery 2025-11-19 820.67  2025-11-20 819.4 -0.15 
   BX                       Blackstone Inc 1691.28               Financial Services 2025-11-19 138.65 2025-11-20 138.42 -0.17 
  XOM                     Exxon Mobil Corp 4964.98                           Energy 2025-11-19 117.35 2025-11-20 117.02 -0.28 
 TMUS                      T-Mobile US Inc 2363.07                Telecommunication 2025-11-19 211.27 2025-11-20 210.51 -0.36 
   MA                       Mastercard Inc 4762.61               Financial Services 2025-11-19 530.36 2025-11-20 527.88 -0.47 
  ADP        Automatic Data Processing Inc 1012.78            Professional Services 2025-11-19 250.41 2025-11-20 249.06 -0.54 
