
=== 涨幅榜前20名股票 ===
股票代码                    公司名称                    市值(亿)          板块                昨天收盘             今天收盘       涨跌幅(%)
BNAI               Brand Engagement Network Inc  0.15           Technology  2025-10-02 0.35   2025-10-03 0.6 69.44 
ANRO                      Alto Neuroscience Inc  1.19      Pharmaceuticals  2025-10-02 4.41  2025-10-03 6.89 56.24 
GIPR           Generation Income Properties Inc  0.06          Real Estate  2025-10-02 1.08  2025-10-03 1.64 51.85 
FEMY                                Femasys Inc  0.18          Health Care  2025-10-02 0.41  2025-10-03 0.63 51.83 
XELB                            Xcel Brands Inc  0.08               Retail  2025-10-02 1.73  2025-10-03 2.38 37.57 
 MFH              Mercurity Fintech Holding Inc 14.93           Technology 2025-10-02 21.61 2025-10-03 29.41 36.09 
PLUG                             Plug Power Inc 33.49 Electrical Equipment  2025-10-02 2.83  2025-10-03 3.81 34.63 
CLNN                                 Clene Inc.  0.81        Biotechnology  2025-10-02 8.01 2025-10-03 10.51 31.21 
ILLR                          Triller Group Inc  1.34   Financial Services  2025-10-02 0.77  2025-10-03 0.98 28.03 
ACIU                               AC Immune SA  3.10        Biotechnology  2025-10-02 3.13  2025-10-03 3.99 27.48 
RBOT                     Vicarious Surgical Inc  0.33          Health Care  2025-10-02 5.55  2025-10-03 7.06 27.21 
NNNN                        Anbio Biotechnology 36.55        Biotechnology  2025-10-02 25.4 2025-10-03 32.16 26.61 
 CHR                          Cheer Holding Inc  0.02                Media  2025-10-02 0.13  2025-10-03 0.16 23.77 
CCTG CCSC Technology International Holdings Ltd  0.13 Electrical Equipment  2025-10-02 1.16   2025-10-03 1.4 20.69 
AREC                    American Resources Corp  2.61               Energy  2025-10-02 3.08   2025-10-03 3.7 20.13 
TMDE                             TMD Energy Ltd  0.19               Energy  2025-10-02 0.82  2025-10-03 0.99 20.12 
FCEL                        Fuelcell Energy Inc  2.80 Electrical Equipment  2025-10-02 8.68 2025-10-03 10.21 17.63 
TARA                   Protara Therapeutics Inc  1.63        Biotechnology  2025-10-02 4.22  2025-10-03 4.96 17.54 
  NB                   NioCorp Developments Ltd  6.52      Metals & Mining  2025-10-02 6.76  2025-10-03 7.94 17.46 
HUMA                               Humacyte Inc  2.84        Biotechnology  2025-10-02 1.79   2025-10-03 2.1 17.32 

=== 市值超过20亿的涨幅榜前20名股票 ===
股票代码            公司名称            市值(亿)            板块                 昨天收盘              今天收盘       涨跌幅(%)
PLUG             Plug Power Inc  33.49  Electrical Equipment   2025-10-02 2.83   2025-10-03 3.81 34.63 
NNNN        Anbio Biotechnology  36.55         Biotechnology   2025-10-02 25.4  2025-10-03 32.16 26.61 
USAR         USA Rare Earth Inc  22.13       Metals & Mining  2025-10-02 22.71  2025-10-03 25.96 14.31 
RGTI      Rigetti Computing Inc 114.75        Semiconductors   2025-10-02 35.4  2025-10-03 40.06 13.16 
OSCR           Oscar Health Inc  49.85             Insurance  2025-10-02 19.28  2025-10-03 21.66 12.34 
  QS          Quantumscape Corp  80.94       Auto Components   2025-10-02 14.3  2025-10-03 15.92 11.33 
TARS Tarsus Pharmaceuticals Inc  24.81       Pharmaceuticals  2025-10-02 58.77  2025-10-03 65.17 10.89 
 HUM                 Humana Inc 308.64           Health Care 2025-10-02 256.62 2025-10-03 283.72 10.56 
BTDR Bitdeer Technologies Group  37.28            Technology  2025-10-02 17.61  2025-10-03 19.42 10.28 
 BTU        Peabody Energy Corp  35.64                Energy  2025-10-02 29.31   2025-10-03 32.0  9.18 
ONDS         Ondas Holdings Inc  29.56        Communications   2025-10-02 9.21   2025-10-03 9.91  7.60 
COGT     Cogent Biosciences Inc  20.61         Biotechnology  2025-10-02 14.75  2025-10-03 15.76  6.85 
VKTX    Viking Therapeutics Inc  31.35         Biotechnology  2025-10-02 27.88  2025-10-03 29.72  6.60 
FLNC         Fluence Energy Inc  23.82  Electrical Equipment  2025-10-02 13.05  2025-10-03 13.79  5.67 
KNSL  Kinsale Capital Group Inc 103.12             Insurance 2025-10-02 442.56 2025-10-03 466.26  5.36 
 TRU                 TransUnion 143.20 Professional Services  2025-10-02 73.51  2025-10-03 77.34  5.21 
 CNC               Centene Corp 180.84           Health Care  2025-10-02 36.82   2025-10-03 38.7  5.11 
 MAT                 Mattel Inc  55.48      Leisure Products  2025-10-02 17.22  2025-10-03 18.06  4.88 
  CI                Cigna Group 792.72           Health Care 2025-10-02 296.98  2025-10-03 311.0  4.72 
GSAT             Globalstar Inc  51.01     Telecommunication  2025-10-02 40.27  2025-10-03 42.13  4.62 

=== 市值超过50亿的涨幅榜前20名股票 ===
 股票代码            公司名称            市值(亿)                板块                      昨天收盘               今天收盘        涨跌幅(%)
 RGTI      Rigetti Computing Inc 114.75                 Semiconductors    2025-10-02 35.4   2025-10-03 40.06 13.16 
   QS          Quantumscape Corp  80.94                Auto Components    2025-10-02 14.3   2025-10-03 15.92 11.33 
  HUM                 Humana Inc 308.64                    Health Care  2025-10-02 256.62  2025-10-03 283.72 10.56 
 KNSL  Kinsale Capital Group Inc 103.12                      Insurance  2025-10-02 442.56  2025-10-03 466.26  5.36 
  TRU                 TransUnion 143.20          Professional Services   2025-10-02 73.51   2025-10-03 77.34  5.21 
  CNC               Centene Corp 180.84                    Health Care   2025-10-02 36.82    2025-10-03 38.7  5.11 
  MAT                 Mattel Inc  55.48               Leisure Products   2025-10-02 17.22   2025-10-03 18.06  4.88 
   CI                Cigna Group 792.72                    Health Care  2025-10-02 296.98   2025-10-03 311.0  4.72 
 GSAT             Globalstar Inc  51.01              Telecommunication   2025-10-02 40.27   2025-10-03 42.13  4.62 
 ESAB                  ESAB Corp  68.30                      Machinery  2025-10-02 112.52  2025-10-03 117.56  4.48 
 EBAY                   eBay Inc 403.99                         Retail    2025-10-02 88.4   2025-10-03 92.17  4.26 
 AVAV          AeroVironment Inc 179.90            Aerospace & Defense  2025-10-02 360.28  2025-10-03 374.64  3.99 
LBRDK     Liberty Broadband Corp  89.13                          Media   2025-10-02 62.08   2025-10-03 64.53  3.95 
 SNAP                   Snap Inc 138.90                          Media    2025-10-02 8.22    2025-10-03 8.54  3.89 
  BEN     Franklin Resources Inc 118.95             Financial Services   2025-10-02 22.91    2025-10-03 23.8  3.88 
 CHTR Charter Communications Inc 411.01                          Media  2025-10-02 269.61  2025-10-03 280.01  3.86 
  BIO   Bio Rad Laboratories Inc  79.63 Life Sciences Tools & Services  2025-10-02 294.24  2025-10-03 305.49  3.82 
 PTCT       PTC Therapeutics Inc  50.06                  Biotechnology   2025-10-02 63.02   2025-10-03 65.37  3.73 
 FICO            Fair Isaac Corp 428.39                     Technology 2025-10-02 1784.68 2025-10-03 1850.65  3.70 
  CMG Chipotle Mexican Grill Inc 539.97  Hotels, Restaurants & Leisure   2025-10-02 40.27   2025-10-03 41.76  3.70 

=== 市值超过100亿的涨幅榜前20名股票 ===
股票代码             公司名称            市值(亿)                板块                      昨天收盘               今天收盘        涨跌幅(%)
RGTI       Rigetti Computing Inc 114.75                 Semiconductors    2025-10-02 35.4   2025-10-03 40.06 13.16 
 HUM                  Humana Inc 308.64                    Health Care  2025-10-02 256.62  2025-10-03 283.72 10.56 
KNSL   Kinsale Capital Group Inc 103.12                      Insurance  2025-10-02 442.56  2025-10-03 466.26  5.36 
 TRU                  TransUnion 143.20          Professional Services   2025-10-02 73.51   2025-10-03 77.34  5.21 
 CNC                Centene Corp 180.84                    Health Care   2025-10-02 36.82    2025-10-03 38.7  5.11 
  CI                 Cigna Group 792.72                    Health Care  2025-10-02 296.98   2025-10-03 311.0  4.72 
EBAY                    eBay Inc 403.99                         Retail    2025-10-02 88.4   2025-10-03 92.17  4.26 
AVAV           AeroVironment Inc 179.90            Aerospace & Defense  2025-10-02 360.28  2025-10-03 374.64  3.99 
SNAP                    Snap Inc 138.90                          Media    2025-10-02 8.22    2025-10-03 8.54  3.89 
 BEN      Franklin Resources Inc 118.95             Financial Services   2025-10-02 22.91    2025-10-03 23.8  3.88 
CHTR  Charter Communications Inc 411.01                          Media  2025-10-02 269.61  2025-10-03 280.01  3.86 
FICO             Fair Isaac Corp 428.39                     Technology 2025-10-02 1784.68 2025-10-03 1850.65  3.70 
 CMG  Chipotle Mexican Grill Inc 539.97  Hotels, Restaurants & Leisure   2025-10-02 40.27   2025-10-03 41.76  3.70 
   F               Ford Motor Co 486.34                    Automobiles   2025-10-02 12.22   2025-10-03 12.67  3.68 
RYAN Ryan Specialty Holdings Inc 147.33                      Insurance   2025-10-02 55.87   2025-10-03 57.84  3.53 
SNDK                Sandisk Corp 181.00                     Technology  2025-10-02 124.14  2025-10-03 128.41  3.44 
RDDT                  Reddit Inc 376.03                          Media  2025-10-02 200.92   2025-10-03 207.2  3.13 
 ELV         Elevance Health Inc 766.15                    Health Care  2025-10-02 340.24   2025-10-03 350.5  3.02 
ILMN                Illumina Inc 152.62 Life Sciences Tools & Services    2025-10-02 99.3  2025-10-03 102.12  2.84 
RVTY                 Revvity Inc 106.16 Life Sciences Tools & Services   2025-10-02 91.46   2025-10-03 94.05  2.83 

=== 市值超过200亿的涨幅榜前20名股票 ===
股票代码            公司名称             市值(亿)                板块                     昨天收盘               今天收盘        涨跌幅(%)
 HUM                 Humana Inc  308.64                   Health Care  2025-10-02 256.62  2025-10-03 283.72 10.56 
  CI                Cigna Group  792.72                   Health Care  2025-10-02 296.98   2025-10-03 311.0  4.72 
EBAY                   eBay Inc  403.99                        Retail    2025-10-02 88.4   2025-10-03 92.17  4.26 
CHTR Charter Communications Inc  411.01                         Media  2025-10-02 269.61  2025-10-03 280.01  3.86 
FICO            Fair Isaac Corp  428.39                    Technology 2025-10-02 1784.68 2025-10-03 1850.65  3.70 
 CMG Chipotle Mexican Grill Inc  539.97 Hotels, Restaurants & Leisure   2025-10-02 40.27   2025-10-03 41.76  3.70 
   F              Ford Motor Co  486.34                   Automobiles   2025-10-02 12.22   2025-10-03 12.67  3.68 
RDDT                 Reddit Inc  376.03                         Media  2025-10-02 200.92   2025-10-03 207.2  3.13 
 ELV        Elevance Health Inc  766.15                   Health Care  2025-10-02 340.24   2025-10-03 350.5  3.02 
 BAP              Credicorp Ltd  206.06                       Banking  2025-10-02 259.09  2025-10-03 266.19  2.74 
  BE          Bloom Energy Corp  205.92          Electrical Equipment    2025-10-02 88.0   2025-10-03 90.29  2.60 
ASTS        AST SpaceMobile Inc  239.04             Telecommunication   2025-10-02 66.16   2025-10-03 67.76  2.42 
 KKR               KKR & Co Inc 1110.39            Financial Services  2025-10-02 124.63  2025-10-03 127.65  2.42 
 SRE                     Sempra  582.53                     Utilities   2025-10-02 89.28   2025-10-03 91.44  2.42 
 NEE         Nextera Energy Inc 1609.96                     Utilities   2025-10-02 78.18   2025-10-03 80.06  2.40 
 MDT              Medtronic PLC 1224.71                   Health Care   2025-10-02 95.48    2025-10-03 97.7  2.33 
COIN        Coinbase Global Inc  955.99            Financial Services  2025-10-02 372.07  2025-10-03 380.02  2.14 
ISRG     Intuitive Surgical Inc 1588.09                   Health Care  2025-10-02 443.01  2025-10-03 452.35  2.11 
 FCX       Freeport-McMoRan Inc  558.09               Metals & Mining   2025-10-02 38.87   2025-10-03 39.67  2.06 
HOOD      Robinhood Markets Inc 1294.80            Financial Services   2025-10-02 145.7  2025-10-03 148.67  2.04 

=== 市值超过1000亿的涨跌榜前20名股票 ===
 股票代码                 公司名称                 市值(亿)                 板块                       昨天收盘              今天收盘       涨跌幅(%)
  KKR                        KKR & Co Inc 1110.39               Financial Services 2025-10-02 124.63 2025-10-03 127.65  2.42 
  NEE                  Nextera Energy Inc 1609.96                        Utilities  2025-10-02 78.18  2025-10-03 80.06  2.40 
  MDT                       Medtronic PLC 1224.71                      Health Care  2025-10-02 95.48   2025-10-03 97.7  2.33 
 ISRG              Intuitive Surgical Inc 1588.09                      Health Care 2025-10-02 443.01 2025-10-03 452.35  2.11 
 HOOD               Robinhood Markets Inc 1294.80               Financial Services  2025-10-02 145.7 2025-10-03 148.67  2.04 
  UNH              UnitedHealth Group Inc 3203.55                      Health Care 2025-10-02 353.72  2025-10-03 360.2  1.83 
  XOM                    Exxon Mobil Corp 4744.57                           Energy 2025-10-02 111.29 2025-10-03 113.26  1.77 
CMCSA                        Comcast Corp 1122.43                            Media   2025-10-02 30.4   2025-10-03 30.9  1.64 
   GS             Goldman Sachs Group Inc 2359.35               Financial Services 2025-10-02 779.38 2025-10-03 789.98  1.36 
LVMHF LVMH Moet Hennessy Louis Vuitton SE 2617.61 Textiles, Apparel & Luxury Goods  2025-10-02 637.5  2025-10-03 646.0  1.33 
  ABT                 Abbott Laboratories 2314.64                      Health Care 2025-10-02 132.99 2025-10-03 134.59  1.20 
    V                            Visa Inc 6665.08               Financial Services 2025-10-02 345.95 2025-10-03 349.84  1.12 
   BX                      Blackstone Inc 2045.90               Financial Services 2025-10-02 166.58 2025-10-03 168.45  1.12 
  PFE                          Pfizer Inc 1539.65                  Pharmaceuticals  2025-10-02 27.08  2025-10-03 27.37  1.07 
  UNP                  Union Pacific Corp 1390.80                      Road & Rail 2025-10-02 234.52  2025-10-03 236.8  0.97 
   CB                           Chubb Ltd 1121.79                        Insurance 2025-10-02 281.37 2025-10-03 283.96  0.92 
  COP                      ConocoPhillips 1166.26                           Energy  2025-10-02 93.38  2025-10-03 94.16  0.84 
   KO                        Coca-Cola Co 2844.72                        Beverages   2025-10-02 66.1  2025-10-03 66.65  0.83 
   BN                     Brookfield Corp 1124.15               Financial Services  2025-10-02 68.16  2025-10-03 68.71  0.81 
  JPM                 JPMorgan Chase & Co 8456.87                          Banking 2025-10-02 307.55 2025-10-03 310.03  0.81 
