
=== 涨幅榜前20名股票 ===
股票代码              公司名称              市值(亿)               板块                     昨天收盘              今天收盘       涨跌幅(%)
VEEE          Twin Vee PowerCats Co  0.04              Leisure Products   2025-05-07 2.55   2025-05-08 7.45 192.16
ASST             Asset Entities Inc  0.49                         Media   2025-05-07 3.39   2025-05-08 7.69 126.84
 STI        Solidion Technology Inc  0.13          Electrical Equipment   2025-05-07 0.09   2025-05-08 0.16  67.66
ZVIA                      Zevia PBC  1.51                     Beverages   2025-05-07 2.03   2025-05-08 3.08  51.72
QBTS             D-Wave Quantum Inc 20.07                    Technology   2025-05-07 6.89  2025-05-08 10.42  51.23
QMMM              QMMM Holdings Ltd  0.13                         Media   2025-05-07 0.73   2025-05-08 1.06  45.60
GRPN                    Groupon Inc  6.76                        Retail  2025-05-07 16.98  2025-05-08 24.21  42.58
SEZL                     Sezzle Inc 17.92            Financial Services  2025-05-07 52.75  2025-05-08 74.98  42.14
DAVE                       Dave Inc 14.38            Financial Services 2025-05-07 107.83 2025-05-08 152.73  41.64
QDEL               QuidelOrtho Corp 17.44                   Health Care  2025-05-07 25.85  2025-05-08 36.46  41.04
SGBX     Safe & Green Holdings Corp  0.04                  Construction    2025-05-07 0.4   2025-05-08 0.56  40.77
  OM             Outset Medical Inc  2.08                   Health Care  2025-05-07 11.74  2025-05-08 15.88  35.26
 EBS      Emergent BioSolutions Inc  2.58                 Biotechnology   2025-05-07 4.74   2025-05-08 6.36  34.18
TTNP      Titan Pharmaceuticals Inc  0.04               Pharmaceuticals   2025-05-07 4.01    2025-05-08 5.3  32.17
 ADD   Color Star Technology Co Ltd  0.18 Diversified Consumer Services    2025-05-07 0.8   2025-05-08 1.05  31.25
BKSY        Blacksky Technology Inc  2.77         Professional Services   2025-05-07 8.74  2025-05-08 11.45  31.01
GPUS            Hyperscale Data Inc  0.11      Industrial Conglomerates   2025-05-07 6.17    2025-05-08 7.9  28.04
 DHX                  DHI Group Inc  0.64                         Media   2025-05-07 1.36   2025-05-08 1.74  27.94
 HIT             Health In Tech Inc  0.33                     Insurance   2025-05-07 0.61   2025-05-08 0.78  27.93
HTCO High-Trend International Group  2.73                        Marine   2025-05-07 1.87   2025-05-08 2.37  26.74

=== 市值超过20亿的涨幅榜前20名股票 ===
股票代码                公司名称                市值(亿)                板块                      昨天收盘              今天收盘       涨跌幅(%)
QBTS                D-Wave Quantum Inc   20.07                     Technology   2025-05-07 6.89  2025-05-08 10.42 51.23 
 CDE                  Coeur Mining Inc   36.61                Metals & Mining   2025-05-07 5.73   2025-05-08 6.97 21.64 
BTDR        Bitdeer Technologies Group   21.85                     Technology  2025-05-07 11.35  2025-05-08 13.54 19.30 
  FA              First Advantage Corp   25.99          Professional Services  2025-05-07 14.97  2025-05-08 17.83 19.10 
ALVO                       Alvotech SA   23.96                  Biotechnology   2025-05-07 7.94   2025-05-08 9.38 18.14 
XRAY               DENTSPLY SIRONA Inc   27.26                    Health Care  2025-05-07 13.68  2025-05-08 15.91 16.30 
TGLS                    Tecnoglass Inc   33.28                       Building  2025-05-07 70.82   2025-05-08 82.0 15.79 
RELY                Remitly Global Inc   42.99             Financial Services  2025-05-07 21.09  2025-05-08 24.16 14.56 
ACAD        ACADIA Pharmaceuticals Inc   24.78                  Biotechnology  2025-05-07 14.81  2025-05-08 16.93 14.31 
AXON               Axon Enterprise Inc  468.51            Aerospace & Defense 2025-05-07 601.82 2025-05-08 686.83 14.13 
 KAR                      Openlane Inc   20.59 Commercial Services & Supplies  2025-05-07 19.17  2025-05-08 21.77 13.56 
SITM                       SiTime Corp   39.43                 Semiconductors  2025-05-07 166.2  2025-05-08 188.5 13.42 
TTEK                    Tetra Tech Inc   82.77 Commercial Services & Supplies  2025-05-07 30.88  2025-05-08 34.88 12.95 
EPAM                  Epam Systems Inc   90.15                     Technology 2025-05-07 159.21 2025-05-08 179.71 12.88 
  SN                    Sharkninja Inc  113.95              Consumer products  2025-05-07 81.19  2025-05-08 91.63 12.86 
 MMS                       Maximus Inc   38.01          Professional Services  2025-05-07 67.16  2025-05-08 75.74 12.78 
ALGM          Allegro Microsystems Inc   34.41                 Semiconductors  2025-05-07 18.69  2025-05-08 21.07 12.73 
ENPH                Enphase Energy Inc   57.38                 Semiconductors  2025-05-07 43.73  2025-05-08 49.05 12.17 
 APP                     Applovin Corp 1026.80                     Technology 2025-05-07 303.46 2025-05-08 339.51 11.88 
 RGC Regencell Bioscience Holdings Ltd   31.47                Pharmaceuticals 2025-05-07 189.99  2025-05-08 212.0 11.58 

=== 市值超过50亿的涨幅榜前20名股票 ===
股票代码            公司名称            市值(亿)                 板块                       昨天收盘              今天收盘       涨跌幅(%)
AXON       Axon Enterprise Inc  468.51              Aerospace & Defense 2025-05-07 601.82 2025-05-08 686.83 14.13 
TTEK            Tetra Tech Inc   82.77   Commercial Services & Supplies  2025-05-07 30.88  2025-05-08 34.88 12.95 
EPAM          Epam Systems Inc   90.15                       Technology 2025-05-07 159.21 2025-05-08 179.71 12.88 
  SN            Sharkninja Inc  113.95                Consumer products  2025-05-07 81.19  2025-05-08 91.63 12.86 
ENPH        Enphase Energy Inc   57.38                   Semiconductors  2025-05-07 43.73  2025-05-08 49.05 12.17 
 APP             Applovin Corp 1026.80                       Technology 2025-05-07 303.46 2025-05-08 339.51 11.88 
RVMD  Revolution Medicines Inc   70.15                    Biotechnology  2025-05-07 37.66  2025-05-08 41.91 11.29 
  XP                    XP Inc   85.13               Financial Services  2025-05-07 15.84  2025-05-08 17.59 11.05 
 TEM             Tempus AI Inc  101.72   Life Sciences Tools & Services  2025-05-07 58.76  2025-05-08 65.22 10.99 
  KD      Kyndryl Holdings Inc   77.11                       Technology  2025-05-07 33.14  2025-05-08 36.63 10.53 
CVNA                Carvana Co  553.23                           Retail 2025-05-07 259.17 2025-05-08 285.53 10.17 
CROX                 Crocs Inc   56.49 Textiles, Apparel & Luxury Goods 2025-05-07 100.76 2025-05-08 110.65  9.82 
  PR    Permian Resources Corp   96.21                           Energy  2025-05-07 11.89  2025-05-08 13.01  9.42 
IONQ                  IONQ Inc   70.97                       Technology  2025-05-07 29.14  2025-05-08 31.84  9.27 
PAYC       Paycom Software Inc  132.29            Professional Services 2025-05-07 228.67 2025-05-08 249.35  9.04 
BROS            Dutch Bros Inc   96.60    Hotels, Restaurants & Leisure  2025-05-07 59.22  2025-05-08 64.45  8.83 
HOOD     Robinhood Markets Inc  441.15               Financial Services  2025-05-07 49.99  2025-05-08 54.07  8.16 
PLTR Palantir Technologies Inc 2606.99                       Technology 2025-05-07 110.48 2025-05-08 119.15  7.85 
RIVN     Rivian Automotive Inc  145.85                      Automobiles  2025-05-07 12.72  2025-05-08 13.68  7.55 
 DAL       Delta Air Lines Inc  295.79                         Airlines   2025-05-07 45.3  2025-05-08 48.54  7.15 

=== 市值超过100亿的涨幅榜前20名股票 ===
股票代码            公司名称            市值(亿)                板块                      昨天收盘               今天收盘       涨跌幅(%)
AXON       Axon Enterprise Inc  468.51            Aerospace & Defense  2025-05-07 601.82 2025-05-08 686.83 14.13 
  SN            Sharkninja Inc  113.95              Consumer products   2025-05-07 81.19  2025-05-08 91.63 12.86 
 APP             Applovin Corp 1026.80                     Technology  2025-05-07 303.46 2025-05-08 339.51 11.88 
 TEM             Tempus AI Inc  101.72 Life Sciences Tools & Services   2025-05-07 58.76  2025-05-08 65.22 10.99 
CVNA                Carvana Co  553.23                         Retail  2025-05-07 259.17 2025-05-08 285.53 10.17 
PAYC       Paycom Software Inc  132.29          Professional Services  2025-05-07 228.67 2025-05-08 249.35  9.04 
HOOD     Robinhood Markets Inc  441.15             Financial Services   2025-05-07 49.99  2025-05-08 54.07  8.16 
PLTR Palantir Technologies Inc 2606.99                     Technology  2025-05-07 110.48 2025-05-08 119.15  7.85 
RIVN     Rivian Automotive Inc  145.85                    Automobiles   2025-05-07 12.72  2025-05-08 13.68  7.55 
 DAL       Delta Air Lines Inc  295.79                       Airlines    2025-05-07 45.3  2025-05-08 48.54  7.15 
CTVA               Corteva Inc  426.75                      Chemicals   2025-05-07 62.48  2025-05-08 66.86  7.01 
 HLI        Houlihan Lokey Inc  115.20             Financial Services  2025-05-07 164.21 2025-05-08 175.04  6.60 
 SYM              Symbotic Inc  132.15                      Machinery   2025-05-07 22.46  2025-05-08 23.94  6.59 
MELI          MercadoLibre Inc 1146.82                         Retail 2025-05-07 2262.09 2025-05-08 2410.0  6.54 
 OXY Occidental Petroleum Corp  366.61                         Energy   2025-05-07 39.01  2025-05-08 41.44  6.23 
MBLY       Mobileye Global Inc  119.85                Auto Components   2025-05-07 14.76  2025-05-08 15.68  6.23 
 TTD            Trade Desk Inc  280.09                          Media   2025-05-07 56.46   2025-05-08 59.9  6.09 
 AUR     Aurora Innovation Inc  129.16                     Technology    2025-05-07 7.31   2025-05-08 7.75  6.02 
VTRS               Viatris Inc  101.98                Pharmaceuticals     2025-05-07 8.6   2025-05-08 9.09  5.70 
MSTR         Microstrategy Inc 1073.05                     Technology  2025-05-07 392.48 2025-05-08 414.38  5.58 

=== 市值超过200亿的涨幅榜前20名股票 ===
股票代码             公司名称              市值(亿)           板块                昨天收盘               今天收盘       涨跌幅(%)
AXON          Axon Enterprise Inc  468.51 Aerospace & Defense  2025-05-07 601.82 2025-05-08 686.83 14.13 
 APP                Applovin Corp 1026.80          Technology  2025-05-07 303.46 2025-05-08 339.51 11.88 
CVNA                   Carvana Co  553.23              Retail  2025-05-07 259.17 2025-05-08 285.53 10.17 
HOOD        Robinhood Markets Inc  441.15  Financial Services   2025-05-07 49.99  2025-05-08 54.07  8.16 
PLTR    Palantir Technologies Inc 2606.99          Technology  2025-05-07 110.48 2025-05-08 119.15  7.85 
 DAL          Delta Air Lines Inc  295.79            Airlines    2025-05-07 45.3  2025-05-08 48.54  7.15 
CTVA                  Corteva Inc  426.75           Chemicals   2025-05-07 62.48  2025-05-08 66.86  7.01 
MELI             MercadoLibre Inc 1146.82              Retail 2025-05-07 2262.09 2025-05-08 2410.0  6.54 
 OXY    Occidental Petroleum Corp  366.61              Energy   2025-05-07 39.01  2025-05-08 41.44  6.23 
 TTD               Trade Desk Inc  280.09               Media   2025-05-07 56.46   2025-05-08 59.9  6.09 
MSTR            Microstrategy Inc 1073.05          Technology  2025-05-07 392.48 2025-05-08 414.38  5.58 
 UAL United Airlines Holdings Inc  246.09            Airlines   2025-05-07 75.35  2025-05-08 79.41  5.39 
FANG       Diamondback Energy Inc  381.04              Energy  2025-05-07 129.57 2025-05-08 136.18  5.10 
 XYZ                    Block Inc  294.92  Financial Services   2025-05-07 47.95  2025-05-08 50.11  4.50 
  GM            General Motors Co  437.16         Automobiles   2025-05-07 45.47  2025-05-08 47.35  4.13 
 VLO           Valero Energy Corp  366.29              Energy  2025-05-07 116.95 2025-05-08 121.73  4.09 
  DE                   Deere & Co 1282.16           Machinery   2025-05-07 472.4 2025-05-08 489.99  3.72 
 ZTS                   Zoetis Inc  694.48     Pharmaceuticals  2025-05-07 155.99 2025-05-08 161.69  3.65 
 MPC      Marathon Petroleum Corp  444.51              Energy  2025-05-07 144.69 2025-05-08 149.97  3.65 
  NU              Nu Holdings Ltd  600.11             Banking   2025-05-07 12.37   2025-05-08 12.8  3.48 

=== 市值超过1000亿的涨跌榜前20名股票 ===
 股票代码            公司名称            市值(亿)            板块                昨天收盘               今天收盘       涨跌幅(%)
  APP             Applovin Corp  1026.80          Technology  2025-05-07 303.46 2025-05-08 339.51 11.88 
 PLTR Palantir Technologies Inc  2606.99          Technology  2025-05-07 110.48 2025-05-08 119.15  7.85 
 MELI          MercadoLibre Inc  1146.82              Retail 2025-05-07 2262.09 2025-05-08 2410.0  6.54 
 MSTR         Microstrategy Inc  1073.05          Technology  2025-05-07 392.48 2025-05-08 414.38  5.58 
   DE                Deere & Co  1282.16           Machinery   2025-05-07 472.4 2025-05-08 489.99  3.72 
   BA                 Boeing Co  1399.13 Aerospace & Defense  2025-05-07 185.56  2025-05-08 191.7  3.31 
 TSLA                 Tesla Inc  8884.66         Automobiles  2025-05-07 276.22 2025-05-08 284.82  3.11 
  DIS            Walt Disney Co  1845.57               Media  2025-05-07 102.09 2025-05-08 105.12  2.97 
   BX            Blackstone Inc  1651.69  Financial Services  2025-05-07 136.14 2025-05-08 139.81  2.70 
  AXP       American Express Co  1935.31  Financial Services  2025-05-07 276.24 2025-05-08 283.66  2.69 
   GS   Goldman Sachs Group Inc  1693.52  Financial Services  2025-05-07 551.92  2025-05-08 565.7  2.50 
 INTU                Intuit Inc  1792.38          Technology  2025-05-07 641.14 2025-05-08 656.08  2.33 
   MS            Morgan Stanley  1910.74  Financial Services   2025-05-07 119.1 2025-05-08 121.88  2.33 
   GE              GE Aerospace  2238.56 Aerospace & Defense  2025-05-07 209.92 2025-05-08 214.49  2.18 
  KKR              KKR & Co Inc  1032.24  Financial Services  2025-05-07 116.21 2025-05-08 118.73  2.17 
    C             Citigroup Inc  1312.06             Banking   2025-05-07 70.25  2025-05-08 71.64  1.98 
 GOOG              Alphabet Inc 18447.48               Media   2025-05-07 152.8 2025-05-08 155.75  1.93 
GOOGL              Alphabet Inc 18447.48               Media  2025-05-07 151.38 2025-05-08 154.28  1.92 
 AMZN            Amazon.com Inc 20034.12              Retail  2025-05-07 188.71 2025-05-08 192.08  1.79 
  BAC      Bank of America Corp  3082.80             Banking   2025-05-07 40.93   2025-05-08 41.6  1.64 
