
=== 涨幅榜前20名股票 ===
 股票代码                公司名称               市值(亿)                 板块                       昨天收盘              今天收盘       涨跌幅(%)
 EFOI                  Energy Focus Inc   0.13             Electrical Equipment   2026-04-16 2.09   2026-04-17 6.49 210.53
 FRMM                Forum Markets, Inc   0.48                    Biotechnology   2026-04-16 2.37   2026-04-17 4.29  81.01
 XAGE     Longevity Health Holdings Inc   0.01                    Biotechnology   2026-04-16 0.34   2026-04-17 0.54  60.60
CLSDQ         Clearside Biomedical, Inc   0.02                  Pharmaceuticals   2026-04-16 0.22   2026-04-17 0.35  57.66
 BBGI       Beasley Broadcast Group Inc   0.25                            Media   2026-04-16 14.0  2026-04-17 21.51  53.64
 BZAI               Blaize Holdings Inc   2.12                   Semiconductors   2026-04-16 1.73   2026-04-17 2.52  45.66
  FLD                 Fold Holdings Inc   0.58               Financial Services   2026-04-16 1.15   2026-04-17 1.56  35.65
 CRML              Critical Metals Corp  11.32                  Metals & Mining   2026-04-16 9.27  2026-04-17 12.56  35.49
  FGI                FGI Industries Ltd   0.09 Trading Companies & Distributors   2026-04-16 4.84    2026-04-17 6.5  34.30
  LZM               Lifezone Metals Ltd   3.26                  Metals & Mining   2026-04-16 3.89   2026-04-17 5.18  33.16
 IFRX                        InflaRx NV   0.87                    Biotechnology    2026-04-16 1.2   2026-04-17 1.59  32.50
 AGAE Allied Gaming & Entertainment Inc   0.20    Hotels, Restaurants & Leisure   2026-04-16 0.52   2026-04-17 0.69  32.18
 MAAS                         Maase Inc  23.92                        Insurance   2026-04-16 7.48   2026-04-17 9.84  31.55
TSEOF                       Trinseo PLC   0.04                        Chemicals   2026-04-16 0.11   2026-04-17 0.14  30.73
 UCAR                       U Power Ltd   0.03                           Retail   2026-04-16 1.15   2026-04-17 1.49  29.57
  PBM            Psyence Biomedical Ltd   0.06                    Biotechnology   2026-04-16 5.87    2026-04-17 7.6  29.47
 RPAY               Repay Holdings Corp   2.78               Financial Services   2026-04-16 3.18   2026-04-17 4.11  29.25
 ABTS                   Abits Group Inc   0.04                       Technology   2026-04-16 1.19   2026-04-17 1.53  28.57
 ABLV              Able View Global Inc   0.29                            Media   2026-04-16 0.58   2026-04-17 0.74  27.59
ARGNF                         argenx SE 439.74                    Biotechnology 2026-04-16 712.03 2026-04-17 894.76  25.66

=== 市值超过20亿的涨幅榜前20名股票 ===
 股票代码            公司名称           市值(亿)           板块                 昨天收盘              今天收盘       涨跌幅(%)
 MAAS                 Maase Inc  23.92            Insurance   2026-04-16 7.48   2026-04-17 9.84 31.55 
ARGNF                 argenx SE 439.74        Biotechnology 2026-04-16 712.03 2026-04-17 894.76 25.66 
  MXL             Maxlinear Inc  20.91       Semiconductors  2026-04-16 23.35  2026-04-17 26.27 12.51 
 LION    Lionsgate Studios Corp  32.12                Media  2026-04-16 11.07  2026-04-17 12.45 12.47 
 ROAD Construction Partners Inc  63.38         Construction 2026-04-16 112.15 2026-04-17 125.64 12.03 
 PLBL        Polibeli Group Ltd  23.85         Distributors   2026-04-16 6.51   2026-04-17 7.29 11.98 
 INFQ            Infleqtion Inc  33.70           Technology  2026-04-16 15.57  2026-04-17 17.42 11.88 
 MSTR              Strategy Inc 514.73           Technology 2026-04-16 148.94 2026-04-17 166.52 11.80 
 CIFR        Cipher Digital Inc  70.25           Technology  2026-04-16 17.34  2026-04-17 19.37 11.71 
 COMP               Compass Inc  54.92          Real Estate    2026-04-16 7.3   2026-04-17 8.14 11.51 
 IESC          IES Holdings Inc  96.33         Construction 2026-04-16 483.38 2026-04-17 537.58 11.21 
  KOD       Kodiak Sciences Inc  24.99        Biotechnology  2026-04-16 40.41   2026-04-17 44.9 11.11 
  SMR        Nuscale Power Corp  38.57 Electrical Equipment  2026-04-16 11.41  2026-04-17 12.65 10.87 
 ESAB                 ESAB Corp  60.23            Machinery  2026-04-16 98.93 2026-04-17 109.55 10.73 
 CGON           CG Oncology Inc  56.01        Biotechnology  2026-04-16 66.34  2026-04-17 73.43 10.69 
  ALK      Alaska Air Group Inc  46.63             Airlines  2026-04-16 41.15   2026-04-17 45.4 10.33 
SLOIF                 Soitec SA  30.57       Semiconductors 2026-04-16 102.56  2026-04-17 113.0 10.18 
  CAR     Avis Budget Group Inc 158.60          Road & Rail 2026-04-16 448.98 2026-04-17 493.86 10.00 
 MTRN             Materion Corp  34.64      Metals & Mining 2026-04-16 166.55 2026-04-17 181.95  9.25 
  PII               Polaris Inc  30.02     Leisure Products  2026-04-16 53.02  2026-04-17 57.91  9.22 

=== 市值超过50亿的涨幅榜前20名股票 ===
 股票代码             公司名称             市值(亿)                 板块                       昨天收盘              今天收盘       涨跌幅(%)
ARGNF                    argenx SE 439.74                    Biotechnology 2026-04-16 712.03 2026-04-17 894.76 25.66 
 ROAD    Construction Partners Inc  63.38                     Construction 2026-04-16 112.15 2026-04-17 125.64 12.03 
 MSTR                 Strategy Inc 514.73                       Technology 2026-04-16 148.94 2026-04-17 166.52 11.80 
 CIFR           Cipher Digital Inc  70.25                       Technology  2026-04-16 17.34  2026-04-17 19.37 11.71 
 COMP                  Compass Inc  54.92                      Real Estate    2026-04-16 7.3   2026-04-17 8.14 11.51 
 IESC             IES Holdings Inc  96.33                     Construction 2026-04-16 483.38 2026-04-17 537.58 11.21 
 ESAB                    ESAB Corp  60.23                        Machinery  2026-04-16 98.93 2026-04-17 109.55 10.73 
 CGON              CG Oncology Inc  56.01                    Biotechnology  2026-04-16 66.34  2026-04-17 73.43 10.69 
  CAR        Avis Budget Group Inc 158.60                      Road & Rail 2026-04-16 448.98 2026-04-17 493.86 10.00 
 LOAR            Loar Holdings Inc  57.87              Aerospace & Defense  2026-04-16 61.81  2026-04-17 67.48  9.17 
 ONTO          Onto Innovation Inc 132.78                   Semiconductors 2026-04-16 267.15 2026-04-17 290.76  8.84 
  GFS          GlobalFoundries Inc 280.38                   Semiconductors  2026-04-16 50.39  2026-04-17 54.75  8.65 
 ALLY           Ally Financial Inc 129.20               Financial Services  2026-04-16 41.96  2026-04-17 45.36  8.10 
 TTMI         TTM Technologies Inc 121.42             Electrical Equipment 2026-04-16 116.93 2026-04-17 126.24  7.96 
  FLS               Flowserve Corp  99.46                        Machinery  2026-04-16 77.83  2026-04-17 83.82  7.70 
 SUNB Sunbelt Rentals Holdings Inc 275.30 Trading Companies & Distributors  2026-04-16 66.61  2026-04-17 71.59  7.48 
 ENTG                 Entegris Inc 206.94                   Semiconductors 2026-04-16 135.92 2026-04-17 146.06  7.46 
 FORM               FormFactor Inc  99.53                   Semiconductors 2026-04-16 127.68 2026-04-17 137.21  7.46 
 SITE SiteOne Landscape Supply Inc  59.58 Trading Companies & Distributors 2026-04-16 134.45 2026-04-17 144.35  7.36 
 VICR                   Vicor Corp  92.15             Electrical Equipment  2026-04-16 203.1 2026-04-17 218.05  7.36 

=== 市值超过100亿的涨幅榜前20名股票 ===
 股票代码             公司名称              市值(亿)                 板块                       昨天收盘              今天收盘       涨跌幅(%)
ARGNF                    argenx SE  439.74                    Biotechnology 2026-04-16 712.03 2026-04-17 894.76 25.66 
 MSTR                 Strategy Inc  514.73                       Technology 2026-04-16 148.94 2026-04-17 166.52 11.80 
  CAR        Avis Budget Group Inc  158.60                      Road & Rail 2026-04-16 448.98 2026-04-17 493.86 10.00 
 ONTO          Onto Innovation Inc  132.78                   Semiconductors 2026-04-16 267.15 2026-04-17 290.76  8.84 
  GFS          GlobalFoundries Inc  280.38                   Semiconductors  2026-04-16 50.39  2026-04-17 54.75  8.65 
 ALLY           Ally Financial Inc  129.20               Financial Services  2026-04-16 41.96  2026-04-17 45.36  8.10 
 TTMI         TTM Technologies Inc  121.42             Electrical Equipment 2026-04-16 116.93 2026-04-17 126.24  7.96 
 SUNB Sunbelt Rentals Holdings Inc  275.30 Trading Companies & Distributors  2026-04-16 66.61  2026-04-17 71.59  7.48 
 ENTG                 Entegris Inc  206.94                   Semiconductors 2026-04-16 135.92 2026-04-17 146.06  7.46 
  SGI Somnigroup International Inc  166.59                Consumer products   2026-04-16 79.2  2026-04-17 85.01  7.34 
  RCL  Royal Caribbean Cruises Ltd  719.47    Hotels, Restaurants & Leisure 2026-04-16 265.95 2026-04-17 285.48  7.34 
  UAL United Airlines Holdings Inc  308.51                         Airlines  2026-04-16 95.03  2026-04-17 101.8  7.12 
 AMKR         Amkor Technology Inc  155.87                   Semiconductors   2026-04-16 62.9  2026-04-17 67.37  7.11 
 SITM                  SiTime Corp  123.76                   Semiconductors 2026-04-16 470.56 2026-04-17 503.63  7.03 
 AFRM          Affirm Holdings Inc  200.80               Financial Services  2026-04-16 60.28   2026-04-17 64.5  7.00 
  CCL                Carnival Corp  378.55    Hotels, Restaurants & Leisure  2026-04-16 27.31  2026-04-17 29.22  6.99 
 CVNA                   Carvana Co  793.68                           Retail 2026-04-16 362.24 2026-04-17 387.53  6.98 
  VIK          Viking Holdings Ltd  358.01    Hotels, Restaurants & Leisure  2026-04-16 80.31   2026-04-17 85.8  6.84 
 NTRA                   Natera Inc  277.95                    Biotechnology 2026-04-16 196.11  2026-04-17 208.4  6.27 
EADSF                    Airbus SE 1352.30              Aerospace & Defense 2026-04-16 200.01  2026-04-17 212.3  6.14 

=== 市值超过200亿的涨幅榜前20名股票 ===
 股票代码             公司名称              市值(亿)                 板块                       昨天收盘              今天收盘       涨跌幅(%)
ARGNF                    argenx SE  439.74                    Biotechnology 2026-04-16 712.03 2026-04-17 894.76 25.66 
 MSTR                 Strategy Inc  514.73                       Technology 2026-04-16 148.94 2026-04-17 166.52 11.80 
  GFS          GlobalFoundries Inc  280.38                   Semiconductors  2026-04-16 50.39  2026-04-17 54.75  8.65 
 SUNB Sunbelt Rentals Holdings Inc  275.30 Trading Companies & Distributors  2026-04-16 66.61  2026-04-17 71.59  7.48 
 ENTG                 Entegris Inc  206.94                   Semiconductors 2026-04-16 135.92 2026-04-17 146.06  7.46 
  RCL  Royal Caribbean Cruises Ltd  719.47    Hotels, Restaurants & Leisure 2026-04-16 265.95 2026-04-17 285.48  7.34 
  UAL United Airlines Holdings Inc  308.51                         Airlines  2026-04-16 95.03  2026-04-17 101.8  7.12 
 AFRM          Affirm Holdings Inc  200.80               Financial Services  2026-04-16 60.28   2026-04-17 64.5  7.00 
  CCL                Carnival Corp  378.55    Hotels, Restaurants & Leisure  2026-04-16 27.31  2026-04-17 29.22  6.99 
 CVNA                   Carvana Co  793.68                           Retail 2026-04-16 362.24 2026-04-17 387.53  6.98 
  VIK          Viking Holdings Ltd  358.01    Hotels, Restaurants & Leisure  2026-04-16 80.31   2026-04-17 85.8  6.84 
 NTRA                   Natera Inc  277.95                    Biotechnology 2026-04-16 196.11  2026-04-17 208.4  6.27 
EADSF                    Airbus SE 1352.30              Aerospace & Defense 2026-04-16 200.01  2026-04-17 212.3  6.14 
  ATI                      ATI Inc  212.65              Aerospace & Defense 2026-04-16 155.83 2026-04-17 164.66  5.67 
  RKT         Rocket Companies Inc  444.40               Financial Services  2026-04-16 15.76  2026-04-17 16.63  5.52 
 TSEM      Tower Semiconductor Ltd  240.00                   Semiconductors 2026-04-16 214.75 2026-04-17 226.45  5.45 
 COHR                Coherent Corp  640.49             Electrical Equipment  2026-04-16 328.0 2026-04-17 345.02  5.19 
  PHM               Pultegroup Inc  230.81                Consumer products 2026-04-16 120.47 2026-04-17 126.53  5.03 
  ADI           Analog Devices Inc 1727.27                   Semiconductors  2026-04-16 353.8 2026-04-17 371.45  4.99 
  MDB                  MongoDB Inc  201.84                       Technology 2026-04-16 251.14 2026-04-17 263.38  4.87 

=== 市值超过1000亿的涨跌榜前20名股票 ===
 股票代码               公司名称               市值(亿)                  板块                       昨天收盘               今天收盘        涨跌幅(%)
EADSF                       Airbus SE  1352.30              Aerospace & Defense  2026-04-16 200.01   2026-04-17 212.3  6.14 
  ADI              Analog Devices Inc  1727.27                   Semiconductors   2026-04-16 353.8  2026-04-17 371.45  4.99 
 MRVL          Marvell Technology Inc  1166.26                   Semiconductors  2026-04-16 133.37  2026-04-17 139.69  4.74 
HESAF        Hermes International SCA  1731.33 Textiles, Apparel & Luxury Goods  2026-04-16 1970.0  2026-04-17 2062.0  4.67 
  VRT              Vertiv Holdings Co  1125.34             Electrical Equipment  2026-04-16 294.13  2026-04-17 307.34  4.49 
 BKNG            Booking Holdings Inc  1461.41    Hotels, Restaurants & Leisure  2026-04-16 184.56  2026-04-17 192.01  4.04 
   HD                  Home Depot Inc  3358.05                           Retail  2026-04-16 337.15   2026-04-17 349.4  3.63 
   TT          Trane Technologies PLC  1018.72                         Building  2026-04-16 460.27  2026-04-17 476.11  3.44 
  ETN           Eaton Corporation PLC  1523.73             Electrical Equipment  2026-04-16 392.73  2026-04-17 406.21  3.43 
 SHOP                     Shopify Inc  1655.44                       Technology  2026-04-16 126.94  2026-04-17 131.15  3.32 
   PH            Parker-Hannifin Corp  1207.89                        Machinery   2026-04-16 957.0   2026-04-17 988.8  3.32 
 KLAC                        KLA Corp  2273.98                   Semiconductors 2026-04-16 1734.85 2026-04-17 1791.44  3.26 
 SCCO            Southern Copper Corp  1541.96                  Metals & Mining  2026-04-16 188.25  2026-04-17 194.32  3.22 
  MRK                  Merck & Co Inc  2854.62                  Pharmaceuticals  2026-04-16 115.46  2026-04-17 119.07  3.13 
  TXN           Texas Instruments Inc  2031.24                   Semiconductors   2026-04-16 223.1  2026-04-17 229.82  3.01 
 TSLA                       Tesla Inc 14593.21                      Automobiles   2026-04-16 388.9  2026-04-17 400.62  3.01 
  STX Seagate Technology Holdings PLC  1159.73                       Technology  2026-04-16 531.81  2026-04-17 547.75  3.00 
 IBKR   Interactive Brokers Group Inc  1346.48               Financial Services   2026-04-16 79.38   2026-04-17 81.71  2.94 
   GS         Goldman Sachs Group Inc  2654.95               Financial Services   2026-04-16 900.0  2026-04-17 925.95  2.88 
  COF      Capital One Financial Corp  1242.50               Financial Services  2026-04-16 200.71  2026-04-17 206.47  2.87 
