
=== 涨幅榜前20名股票 ===
股票代码               公司名称               市值(亿)           板块                昨天收盘            今天收盘      涨跌幅(%)
GELS                       Gelteq Ltd  0.08       Pharmaceuticals  2025-04-21 0.9 2025-04-22 2.88 220.00
SXTC    China SXT Pharmaceuticals Inc  0.14       Pharmaceuticals 2025-04-21 1.02 2025-04-22 2.08 103.92
TIVC         Tivic Health Systems Inc  0.02           Health Care  2025-04-21 3.5 2025-04-22 7.13 103.71
MRIN               Marin Software Inc  0.02            Technology 2025-04-21 0.49 2025-04-22 0.83  68.51
OBLG                       Oblong Inc  0.03            Technology 2025-04-21 2.14 2025-04-22 3.54  65.42
SISI                      Shineco Inc  0.12     Consumer products 2025-04-21 0.51 2025-04-22 0.79  55.30
ICCT                 iCoreConnect Inc  0.06           Health Care 2025-04-21 1.91 2025-04-22 2.82  47.64
  NG           NovaGold Resources Inc 14.41       Metals & Mining 2025-04-21 3.11 2025-04-22 4.35  39.87
INTJ            Intelligent Group Ltd  0.09                 Media 2025-04-21 0.53 2025-04-22 0.73  37.74
TRUG             Trugolf Holdings Inc  0.11                 Media 2025-04-21 0.25 2025-04-22 0.35  35.69
ILLR                Triller Group Inc  1.91    Financial Services 2025-04-21 1.03 2025-04-22 1.38  33.50
STRO              Sutro Biopharma Inc  0.55         Biotechnology 2025-04-21 0.55 2025-04-22 0.72  31.78
PTPI       Petros Pharmaceuticals Inc  0.02       Pharmaceuticals 2025-04-21 0.04 2025-04-22 0.05  28.10
SPAI               Safe Pro Group Inc  0.53   Aerospace & Defense  2025-04-21 2.7 2025-04-22 3.45  27.96
NOVA Sunnova Energy International Inc  0.26             Utilities 2025-04-21 0.18 2025-04-22 0.23  26.50
VCIG                   VCI Global Ltd  0.10 Professional Services 2025-04-21 2.84 2025-04-22 3.57  25.70
 ECX              Ecarx Holdings Inc.  3.68       Auto Components 2025-04-21 0.85 2025-04-22 1.06  25.44
 NCL                    Northann Corp  0.25              Building 2025-04-21 0.22 2025-04-22 0.27  25.16
AGEN                       Agenus Inc  0.77         Biotechnology 2025-04-21 2.31 2025-04-22 2.87  24.24
CLIK           Click Holdings Limited  0.05 Professional Services 2025-04-21 0.21 2025-04-22 0.26  24.15

=== 市值超过20亿的涨幅榜前20名股票 ===
股票代码            公司名称           市值(亿)                板块                     昨天收盘              今天收盘       涨跌幅(%)
CLSK            CleanSpark Inc  24.04                    Technology   2025-04-21 7.47   2025-04-22 8.77 17.40 
MARA         MARA Holdings Inc  46.93                    Technology  2025-04-21 12.29  2025-04-22 14.06 14.40 
 EFX               Equifax Inc 304.42         Professional Services 2025-04-21 215.29 2025-04-22 245.08 13.84 
RIOT        Riot Platforms Inc  24.57                    Technology   2025-04-21 6.29   2025-04-22 7.12 13.20 
CALX                 Calix Inc  24.74                Communications  2025-04-21 33.25  2025-04-22 37.61 13.11 
MTSR               Metsera Inc  22.31                 Biotechnology  2025-04-21 19.51  2025-04-22 21.68 11.12 
DNLI   Denali Therapeutics Inc  20.58                 Biotechnology  2025-04-21 13.15   2025-04-22 14.6 11.03 
  RH                        RH  31.21                        Retail 2025-04-21 155.79  2025-04-22 172.8 10.92 
 SMR        Nuscale Power Corp  42.04          Electrical Equipment  2025-04-21 13.64  2025-04-22 15.09 10.63 
FSLR           First Solar Inc 145.79                Semiconductors 2025-04-21 122.45 2025-04-22 135.35 10.53 
ATKR                Atkore Inc  20.98          Electrical Equipment  2025-04-21 56.73  2025-04-22 62.66 10.45 
PAGS     PagSeguro Digital Ltd  30.59            Financial Services   2025-04-21 8.47   2025-04-22 9.35 10.39 
 PNR               Pentair PLC 139.94                     Machinery  2025-04-21 78.96  2025-04-22 86.24  9.22 
ADMA        ADMA Biologics Inc  49.90                 Biotechnology  2025-04-21 19.64  2025-04-22 21.39  8.91 
SRAD       Sportradar Group AG  74.84 Hotels, Restaurants & Leisure  2025-04-21 23.01  2025-04-22 25.04  8.82 
 HTZ Hertz Global Holdings Inc  28.11                   Road & Rail   2025-04-21 7.83   2025-04-22 8.52  8.81 
STNE               StoneCo Ltd  35.67            Financial Services  2025-04-21 12.06  2025-04-22 13.12  8.79 
SOUN         SoundHound AI Inc  31.54                    Technology    2025-04-21 7.5   2025-04-22 8.14  8.53 
PENN    PENN Entertainment Inc  22.57 Hotels, Restaurants & Leisure  2025-04-21 13.83  2025-04-22 14.99  8.39 
 PHM            Pultegroup Inc 201.28             Consumer products  2025-04-21 93.11 2025-04-22 100.89  8.36 

=== 市值超过50亿的涨幅榜前20名股票 ===
股票代码            公司名称           市值(亿)                板块                     昨天收盘              今天收盘       涨跌幅(%)
 EFX               Equifax Inc 304.42         Professional Services 2025-04-21 215.29 2025-04-22 245.08 13.84 
FSLR           First Solar Inc 145.79                Semiconductors 2025-04-21 122.45 2025-04-22 135.35 10.53 
 PNR               Pentair PLC 139.94                     Machinery  2025-04-21 78.96  2025-04-22 86.24  9.22 
SRAD       Sportradar Group AG  74.84 Hotels, Restaurants & Leisure  2025-04-21 23.01  2025-04-22 25.04  8.82 
 PHM            Pultegroup Inc 201.28             Consumer products  2025-04-21 93.11 2025-04-22 100.89  8.36 
 IVZ               Invesco Ltd  60.68            Financial Services  2025-04-21 12.46  2025-04-22 13.49  8.27 
CVNA                Carvana Co 458.35                        Retail 2025-04-21 195.83 2025-04-22 211.95  8.23 
 MMM                     3M Co 726.35      Industrial Conglomerates 2025-04-21 126.09 2025-04-22 136.33  8.12 
RDDT                Reddit Inc 177.46                         Media  2025-04-21 94.15 2025-04-22 101.66  7.98 
MSTR         Microstrategy Inc 908.84                    Technology 2025-04-21 317.76 2025-04-22 343.03  7.95 
AFRM       Affirm Holdings Inc 137.35            Financial Services  2025-04-21 40.65  2025-04-22 43.82  7.80 
 AUR     Aurora Innovation Inc 107.17                    Technology   2025-04-21 5.71   2025-04-22 6.15  7.71 
YUMC    Yum China Holdings Inc 164.08 Hotels, Restaurants & Leisure   2025-04-21 41.7  2025-04-22 44.78  7.39 
SRPT  Sarepta Therapeutics Inc  54.88                 Biotechnology  2025-04-21 55.23  2025-04-22 59.31  7.39 
 CZR Caesars Entertainment Inc  56.08 Hotels, Restaurants & Leisure   2025-04-21 25.0  2025-04-22 26.75  7.00 
 TRU                TransUnion 145.62         Professional Services  2025-04-21 70.71  2025-04-22 75.56  6.86 
 RKT      Rocket Companies Inc 238.68            Financial Services  2025-04-21 11.55  2025-04-22 12.34  6.84 
 DGX     Quest Diagnostics Inc 193.98                   Health Care 2025-04-21 161.86 2025-04-22 172.84  6.78 
DUOL              Duolingo Inc 148.35 Diversified Consumer Services 2025-04-21 316.07 2025-04-22 336.34  6.41 
IONQ                  IONQ Inc  55.06                    Technology  2025-04-21 24.03  2025-04-22 25.56  6.37 

=== 市值超过100亿的涨幅榜前20名股票 ===
股票代码          公司名称           市值(亿)                板块                     昨天收盘              今天收盘       涨跌幅(%)
 EFX            Equifax Inc  304.42         Professional Services 2025-04-21 215.29 2025-04-22 245.08 13.84 
FSLR        First Solar Inc  145.79                Semiconductors 2025-04-21 122.45 2025-04-22 135.35 10.53 
 PNR            Pentair PLC  139.94                     Machinery  2025-04-21 78.96  2025-04-22 86.24  9.22 
 PHM         Pultegroup Inc  201.28             Consumer products  2025-04-21 93.11 2025-04-22 100.89  8.36 
CVNA             Carvana Co  458.35                        Retail 2025-04-21 195.83 2025-04-22 211.95  8.23 
 MMM                  3M Co  726.35      Industrial Conglomerates 2025-04-21 126.09 2025-04-22 136.33  8.12 
RDDT             Reddit Inc  177.46                         Media  2025-04-21 94.15 2025-04-22 101.66  7.98 
MSTR      Microstrategy Inc  908.84                    Technology 2025-04-21 317.76 2025-04-22 343.03  7.95 
AFRM    Affirm Holdings Inc  137.35            Financial Services  2025-04-21 40.65  2025-04-22 43.82  7.80 
 AUR  Aurora Innovation Inc  107.17                    Technology   2025-04-21 5.71   2025-04-22 6.15  7.71 
YUMC Yum China Holdings Inc  164.08 Hotels, Restaurants & Leisure   2025-04-21 41.7  2025-04-22 44.78  7.39 
 TRU             TransUnion  145.62         Professional Services  2025-04-21 70.71  2025-04-22 75.56  6.86 
 RKT   Rocket Companies Inc  238.68            Financial Services  2025-04-21 11.55  2025-04-22 12.34  6.84 
 DGX  Quest Diagnostics Inc  193.98                   Health Care 2025-04-21 161.86 2025-04-22 172.84  6.78 
DUOL           Duolingo Inc  148.35 Diversified Consumer Services 2025-04-21 316.07 2025-04-22 336.34  6.41 
 MOH  Molina Healthcare Inc  169.16                   Health Care 2025-04-21 302.09 2025-04-22 321.16  6.31 
 VRT     Vertiv Holdings Co  267.21          Electrical Equipment  2025-04-21 67.57  2025-04-22 71.82  6.29 
 NRG         NRG Energy Inc  199.64                     Utilities  2025-04-21 93.09   2025-04-22 98.8  6.13 
  GE    General Electric Co 1986.77           Aerospace & Defense 2025-04-21 178.35 2025-04-22 189.18  6.07 
 DVN      Devon Energy Corp  201.74                        Energy  2025-04-21 29.48   2025-04-22 31.2  5.83 

=== 市值超过200亿的涨幅榜前20名股票 ===
股票代码               公司名称               市值(亿)                板块                     昨天收盘               今天收盘        涨跌幅(%)
 EFX                     Equifax Inc  304.42         Professional Services  2025-04-21 215.29  2025-04-22 245.08 13.84 
 PHM                  Pultegroup Inc  201.28             Consumer products   2025-04-21 93.11  2025-04-22 100.89  8.36 
CVNA                      Carvana Co  458.35                        Retail  2025-04-21 195.83  2025-04-22 211.95  8.23 
 MMM                           3M Co  726.35      Industrial Conglomerates  2025-04-21 126.09  2025-04-22 136.33  8.12 
MSTR               Microstrategy Inc  908.84                    Technology  2025-04-21 317.76  2025-04-22 343.03  7.95 
 RKT            Rocket Companies Inc  238.68            Financial Services   2025-04-21 11.55   2025-04-22 12.34  6.84 
 VRT              Vertiv Holdings Co  267.21          Electrical Equipment   2025-04-21 67.57   2025-04-22 71.82  6.29 
  GE             General Electric Co 1986.77           Aerospace & Defense  2025-04-21 178.35  2025-04-22 189.18  6.07 
 DVN               Devon Energy Corp  201.74                        Energy   2025-04-21 29.48    2025-04-22 31.2  5.83 
 VST                     Vistra Corp  376.59                     Utilities  2025-04-21 106.52  2025-04-22 112.63  5.74 
SPOT           Spotify Technology SA 1186.96                         Media  2025-04-21 558.82  2025-04-22 590.39  5.65 
HOOD           Robinhood Markets Inc  375.48            Financial Services   2025-04-21 39.85   2025-04-22 42.09  5.62 
 RCL     Royal Caribbean Cruises Ltd  529.51 Hotels, Restaurants & Leisure  2025-04-21 189.51  2025-04-22 199.67  5.36 
NFLX                     Netflix Inc 4482.29                         Media  2025-04-21 987.91 2025-04-22 1040.34  5.31 
 HUM                      Humana Inc  307.98                   Health Care  2025-04-21 245.91  2025-04-22 258.92  5.29 
  MU           Micron Technology Inc  768.61                Semiconductors   2025-04-21 66.74   2025-04-22 70.21  5.20 
SHOP                     Shopify Inc 1079.36                    Technology   2025-04-21 81.64   2025-04-22 85.71  4.99 
 TPL         Texas Pacific Land Corp  296.11                        Energy 2025-04-21 1248.97 2025-04-22 1310.43  4.92 
 TRV         Travelers Companies Inc  585.50                     Insurance  2025-04-21 249.59  2025-04-22 261.31  4.70 
 BAM BROOKFIELD ASSET MANAGEMENT LTD  799.17            Financial Services   2025-04-21 47.28   2025-04-22 49.47  4.63 

=== 市值超过1000亿的涨跌榜前20名股票 ===
股票代码              公司名称               市值(亿)                板块                      昨天收盘               今天收盘        涨跌幅(%)
  GE            General Electric Co 1986.77            Aerospace & Defense  2025-04-21 178.35  2025-04-22 189.18  6.07 
SPOT          Spotify Technology SA 1186.96                          Media  2025-04-21 558.82  2025-04-22 590.39  5.65 
NFLX                    Netflix Inc 4482.29                          Media  2025-04-21 987.91 2025-04-22 1040.34  5.31 
SHOP                    Shopify Inc 1079.36                     Technology   2025-04-21 81.64   2025-04-22 85.71  4.99 
TSLA                      Tesla Inc 7652.72                    Automobiles   2025-04-21 227.5  2025-04-22 237.97  4.60 
 AXP            American Express Co 1747.86             Financial Services  2025-04-21 242.51  2025-04-22 252.42  4.09 
  BX                 Blackstone Inc 1496.96             Financial Services  2025-04-21 120.22  2025-04-22 124.91  3.90 
 BLK                  BlackRock Inc 1357.25             Financial Services   2025-04-21 854.0  2025-04-22 887.22  3.89 
SPGI                 S&P Global Inc 1440.84             Financial Services  2025-04-21 448.99  2025-04-22 466.42  3.88 
  MS                 Morgan Stanley 1764.63             Financial Services   2025-04-21 106.3  2025-04-22 110.38  3.84 
 DHR                   Danaher Corp 1398.46 Life Sciences Tools & Services  2025-04-21 184.96  2025-04-22 192.07  3.84 
  CB                      Chubb Ltd 1151.99                      Insurance  2025-04-21 279.78  2025-04-22 290.42  3.80 
 BAC           Bank of America Corp 2856.96                        Banking   2025-04-21 36.92   2025-04-22 38.32  3.79 
  GS        Goldman Sachs Group Inc 1596.75             Financial Services  2025-04-21 501.36  2025-04-22 519.99  3.72 
BKNG           Booking Holdings Inc 1493.03  Hotels, Restaurants & Leisure 2025-04-21 4437.63 2025-04-22 4598.08  3.62 
ORCL                    Oracle Corp 3521.28                     Technology  2025-04-21 122.82  2025-04-22 127.24  3.60 
  MA                 Mastercard Inc 4742.40             Financial Services  2025-04-21 509.32  2025-04-22 527.33  3.54 
   V                       Visa Inc 6402.26             Financial Services   2025-04-21 320.1   2025-04-22 331.4  3.53 
PLTR      Palantir Technologies Inc 2206.05                     Technology    2025-04-21 90.8   2025-04-22 93.99  3.51 
 MMC Marsh & McLennan Companies Inc 1074.39                      Insurance   2025-04-21 212.1  2025-04-22 219.55  3.51 
