
=== 涨幅榜前20名股票 ===
股票代码                           公司名称                          市值(亿)          板块                昨天收盘             今天收盘       涨跌幅(%)
ICCT                                        iCoreConnect Inc  0.01          Health Care   2025-03-28 0.3  2025-03-31 2.24 654.21
MLGO                                           MicroAlgo Inc  1.73           Technology 2025-03-28 17.35 2025-03-31 24.25  39.77
TOPP                                   Toppoint Holdings Inc  0.23          Road & Rail  2025-03-28 1.32  2025-03-31 1.69  28.03
ILLR                                       Triller Group Inc  1.00   Financial Services  2025-03-28 0.61  2025-03-31 0.78  27.04
HMST                                          HomeStreet Inc  1.76              Banking   2025-03-28 9.3 2025-03-31 11.74  26.24
HCAI Huachen AI Parking Management Technology Holding Co Ltd  2.03            Machinery   2025-03-28 6.4  2025-03-31 7.98  24.69
 RGC                       Regencell Bioscience Holdings Ltd  3.34      Pharmaceuticals 2025-03-28 25.67 2025-03-31 31.88  24.19
ABVC                                      ABVC Biopharma Inc  0.11        Biotechnology  2025-03-28 0.86  2025-03-31 1.06  23.26
ZCAR                                    Zoomcar Holdings Inc  0.04          Road & Rail  2025-03-28 4.12  2025-03-31 5.01  21.45
PLAG                              Planet Green Holdings Corp  0.07        Food Products  2025-03-28 1.02  2025-03-31 1.23  20.59
RHEP                          Regional Health Properties Inc  0.02          Health Care   2025-03-28 2.0   2025-03-31 2.4  20.00
FBGL                                          FBS Global Ltd  0.11         Construction  2025-03-28 0.86  2025-03-31 1.03  19.77
BLUE                                        bluebird bio Inc  0.40        Biotechnology  2025-03-28 4.08  2025-03-31 4.88  19.61
MITQ                           Moving Image Technologies Inc  0.05                Media  2025-03-28 0.52  2025-03-31 0.62  19.27
NOVA                        Sunnova Energy International Inc  0.39            Utilities  2025-03-28 0.31  2025-03-31 0.37  19.23
ZENV                                              Zenvia Inc  0.79           Technology  2025-03-28 1.77  2025-03-31 2.11  19.21
NLSP                                    NLS Pharmaceutics AG  0.03      Pharmaceuticals   2025-03-28 1.3  2025-03-31 1.54  18.46
GRRR                            Gorilla Technology Group Inc  4.62           Technology 2025-03-28 25.04  2025-03-31 29.6  18.21
SURG                                           Surgepays Inc  0.37    Telecommunication  2025-03-28 1.79  2025-03-31 2.07  15.64
FTCI                                           FTC Solar Inc  0.32 Electrical Equipment   2025-03-28 2.5  2025-03-31 2.87  14.80

=== 市值超过20亿的涨幅榜前20名股票 ===
股票代码                 公司名称                市值(亿)                板块                     昨天收盘              今天收盘       涨跌幅(%)
COOP                 Mr Cooper Group Inc  66.45            Financial Services 2025-03-28 104.49  2025-03-31 119.6 14.46 
VRRM                 Verra Mobility Corp  32.22         Professional Services  2025-03-28 20.19  2025-03-31 22.51 11.49 
 DFS         Discover Financial Services 399.37            Financial Services 2025-03-28 158.73  2025-03-31 170.7  7.54 
LOAR                   Loar Holdings Inc  61.72           Aerospace & Defense  2025-03-28 65.97  2025-03-31 70.65  7.09 
CELH                Celsius Holdings Inc  79.12                     Beverages  2025-03-28 33.65  2025-03-31 35.62  5.85 
  GT           Goodyear Tire & Rubber Co  25.06               Auto Components   2025-03-28 8.79   2025-03-31 9.24  5.12 
 LYV       Live Nation Entertainment Inc 288.96                         Media 2025-03-28 125.03 2025-03-31 130.58  4.44 
 FOX                            Fox Corp 238.24                         Media  2025-03-28 50.52  2025-03-31 52.71  4.33 
LCID                     Lucid Group Inc  70.33                   Automobiles   2025-03-28 2.32   2025-03-31 2.42  4.31 
 AIG    American International Group Inc 496.15                     Insurance  2025-03-28 83.62  2025-03-31 86.94  3.97 
  VG                  Venture Global Inc 240.74                        Energy   2025-03-28 9.95   2025-03-31 10.3  3.52 
PARA                    Paramount Global  82.05                         Media  2025-03-28 11.56  2025-03-31 11.96  3.46 
FOXA                            Fox Corp 238.24                         Media  2025-03-28 54.73   2025-03-31 56.6  3.42 
  HP             Helmerich and Payne Inc  25.10                        Energy  2025-03-28 25.26  2025-03-31 26.12  3.40 
 OMC                   Omnicom Group Inc 157.66                         Media  2025-03-28 80.24  2025-03-31 82.91  3.33 
 COF          Capital One Financial Corp 661.72            Financial Services 2025-03-28 173.53  2025-03-31 179.3  3.33 
 IPG  Interpublic Group of Companies Inc  97.97                         Media  2025-03-28 26.29  2025-03-31 27.16  3.31 
 SFM          Sprouts Farmers Market Inc 144.85                        Retail 2025-03-28 147.76 2025-03-31 152.64  3.30 
 QSR Restaurant Brands International Inc 291.65 Hotels, Restaurants & Leisure  2025-03-28 64.52  2025-03-31 66.64  3.29 
  LB                   LandBridge Co LLC  53.28                   Real Estate  2025-03-28 69.69  2025-03-31 71.94  3.23 

=== 市值超过50亿的涨幅榜前20名股票 ===
股票代码                 公司名称                市值(亿)                板块                     昨天收盘              今天收盘       涨跌幅(%)
COOP                 Mr Cooper Group Inc  66.45            Financial Services 2025-03-28 104.49  2025-03-31 119.6 14.46 
 DFS         Discover Financial Services 399.37            Financial Services 2025-03-28 158.73  2025-03-31 170.7  7.54 
LOAR                   Loar Holdings Inc  61.72           Aerospace & Defense  2025-03-28 65.97  2025-03-31 70.65  7.09 
CELH                Celsius Holdings Inc  79.12                     Beverages  2025-03-28 33.65  2025-03-31 35.62  5.85 
 LYV       Live Nation Entertainment Inc 288.96                         Media 2025-03-28 125.03 2025-03-31 130.58  4.44 
 FOX                            Fox Corp 238.24                         Media  2025-03-28 50.52  2025-03-31 52.71  4.33 
LCID                     Lucid Group Inc  70.33                   Automobiles   2025-03-28 2.32   2025-03-31 2.42  4.31 
 AIG    American International Group Inc 496.15                     Insurance  2025-03-28 83.62  2025-03-31 86.94  3.97 
  VG                  Venture Global Inc 240.74                        Energy   2025-03-28 9.95   2025-03-31 10.3  3.52 
PARA                    Paramount Global  82.05                         Media  2025-03-28 11.56  2025-03-31 11.96  3.46 
FOXA                            Fox Corp 238.24                         Media  2025-03-28 54.73   2025-03-31 56.6  3.42 
 OMC                   Omnicom Group Inc 157.66                         Media  2025-03-28 80.24  2025-03-31 82.91  3.33 
 COF          Capital One Financial Corp 661.72            Financial Services 2025-03-28 173.53  2025-03-31 179.3  3.33 
 IPG  Interpublic Group of Companies Inc  97.97                         Media  2025-03-28 26.29  2025-03-31 27.16  3.31 
 SFM          Sprouts Farmers Market Inc 144.85                        Retail 2025-03-28 147.76 2025-03-31 152.64  3.30 
 QSR Restaurant Brands International Inc 291.65 Hotels, Restaurants & Leisure  2025-03-28 64.52  2025-03-31 66.64  3.29 
  LB                   LandBridge Co LLC  53.28                   Real Estate  2025-03-28 69.69  2025-03-31 71.94  3.23 
  MO                    Altria Group Inc 983.12                       Tobacco  2025-03-28 58.15  2025-03-31 60.02  3.22 
DLTR                     Dollar Tree Inc 156.47                        Retail  2025-03-28 72.75  2025-03-31 75.07  3.19 
   F                       Ford Motor Co 385.25                   Automobiles   2025-03-28 9.72  2025-03-31 10.03  3.19 

=== 市值超过100亿的涨幅榜前20名股票 ===
股票代码                 公司名称                 市值(亿)                板块                      昨天收盘              今天收盘       涨跌幅(%)
 DFS         Discover Financial Services  399.37             Financial Services 2025-03-28 158.73  2025-03-31 170.7  7.54 
 LYV       Live Nation Entertainment Inc  288.96                          Media 2025-03-28 125.03 2025-03-31 130.58  4.44 
 FOX                            Fox Corp  238.24                          Media  2025-03-28 50.52  2025-03-31 52.71  4.33 
 AIG    American International Group Inc  496.15                      Insurance  2025-03-28 83.62  2025-03-31 86.94  3.97 
  VG                  Venture Global Inc  240.74                         Energy   2025-03-28 9.95   2025-03-31 10.3  3.52 
FOXA                            Fox Corp  238.24                          Media  2025-03-28 54.73   2025-03-31 56.6  3.42 
 OMC                   Omnicom Group Inc  157.66                          Media  2025-03-28 80.24  2025-03-31 82.91  3.33 
 COF          Capital One Financial Corp  661.72             Financial Services 2025-03-28 173.53  2025-03-31 179.3  3.33 
 SFM          Sprouts Farmers Market Inc  144.85                         Retail 2025-03-28 147.76 2025-03-31 152.64  3.30 
 QSR Restaurant Brands International Inc  291.65  Hotels, Restaurants & Leisure  2025-03-28 64.52  2025-03-31 66.64  3.29 
  MO                    Altria Group Inc  983.12                        Tobacco  2025-03-28 58.15  2025-03-31 60.02  3.22 
DLTR                     Dollar Tree Inc  156.47                         Retail  2025-03-28 72.75  2025-03-31 75.07  3.19 
   F                       Ford Motor Co  385.25                    Automobiles   2025-03-28 9.72  2025-03-31 10.03  3.19 
CTVA                         Corteva Inc  417.05                      Chemicals  2025-03-28 61.06  2025-03-31 62.93  3.06 
 EXC                         Exelon Corp  451.36                      Utilities  2025-03-28 44.71  2025-03-31 46.08  3.06 
 TJX                   TJX Companies Inc 1328.87                         Retail 2025-03-28 118.21  2025-03-31 121.8  3.04 
 DPZ                  Domino's Pizza Inc  153.36  Hotels, Restaurants & Leisure 2025-03-28 447.12 2025-03-31 459.45  2.76 
 NSC               Norfolk Southern Corp  522.04                    Road & Rail 2025-03-28 230.55 2025-03-31 236.85  2.73 
CPRT                          Copart Inc  532.80 Commercial Services & Supplies  2025-03-28 55.15  2025-03-31 56.59  2.61 
 JEF       Jefferies Financial Group Inc  107.65             Financial Services  2025-03-28 52.22  2025-03-31 53.57  2.59 

=== 市值超过200亿的涨幅榜前20名股票 ===
股票代码                 公司名称                 市值(亿)                板块                      昨天收盘              今天收盘       涨跌幅(%)
 DFS         Discover Financial Services  399.37             Financial Services 2025-03-28 158.73  2025-03-31 170.7  7.54 
 LYV       Live Nation Entertainment Inc  288.96                          Media 2025-03-28 125.03 2025-03-31 130.58  4.44 
 FOX                            Fox Corp  238.24                          Media  2025-03-28 50.52  2025-03-31 52.71  4.33 
 AIG    American International Group Inc  496.15                      Insurance  2025-03-28 83.62  2025-03-31 86.94  3.97 
  VG                  Venture Global Inc  240.74                         Energy   2025-03-28 9.95   2025-03-31 10.3  3.52 
FOXA                            Fox Corp  238.24                          Media  2025-03-28 54.73   2025-03-31 56.6  3.42 
 COF          Capital One Financial Corp  661.72             Financial Services 2025-03-28 173.53  2025-03-31 179.3  3.33 
 QSR Restaurant Brands International Inc  291.65  Hotels, Restaurants & Leisure  2025-03-28 64.52  2025-03-31 66.64  3.29 
  MO                    Altria Group Inc  983.12                        Tobacco  2025-03-28 58.15  2025-03-31 60.02  3.22 
   F                       Ford Motor Co  385.25                    Automobiles   2025-03-28 9.72  2025-03-31 10.03  3.19 
CTVA                         Corteva Inc  417.05                      Chemicals  2025-03-28 61.06  2025-03-31 62.93  3.06 
 EXC                         Exelon Corp  451.36                      Utilities  2025-03-28 44.71  2025-03-31 46.08  3.06 
 TJX                   TJX Companies Inc 1328.87                         Retail 2025-03-28 118.21  2025-03-31 121.8  3.04 
 NSC               Norfolk Southern Corp  522.04                    Road & Rail 2025-03-28 230.55 2025-03-31 236.85  2.73 
CPRT                          Copart Inc  532.80 Commercial Services & Supplies  2025-03-28 55.15  2025-03-31 56.59  2.61 
 COP                      ConocoPhillips 1301.22                         Energy 2025-03-28 102.37 2025-03-31 105.02  2.59 
 MDT                       Medtronic PLC 1123.89                    Health Care  2025-03-28 87.63  2025-03-31 89.86  2.54 
 ACN                       Accenture PLC 1905.18                     Technology 2025-03-28 304.33 2025-03-31 312.04  2.53 
INTU                          Intuit Inc 1674.35                     Technology 2025-03-28 598.92 2025-03-31 613.99  2.52 
 SRE                              Sempra  454.26                      Utilities  2025-03-28 69.73  2025-03-31 71.36  2.34 

=== 市值超过1000亿的涨跌榜前20名股票 ===
股票代码                 公司名称                  市值(亿)                 板块                     昨天收盘              今天收盘       涨跌幅(%)
 TJX                    TJX Companies Inc  1328.87                        Retail 2025-03-28 118.21  2025-03-31 121.8  3.04 
 COP                       ConocoPhillips  1301.22                        Energy 2025-03-28 102.37 2025-03-31 105.02  2.59 
 MDT                        Medtronic PLC  1123.89                   Health Care  2025-03-28 87.63  2025-03-31 89.86  2.54 
 ACN                        Accenture PLC  1905.18                    Technology 2025-03-28 304.33 2025-03-31 312.04  2.53 
INTU                           Intuit Inc  1674.35                    Technology 2025-03-28 598.92 2025-03-31 613.99  2.52 
  HD                       Home Depot Inc  3560.13                        Retail 2025-03-28 358.15 2025-03-31 366.49  2.33 
  PM      Philip Morris International Inc  2412.52                       Tobacco 2025-03-28 155.16 2025-03-31 158.73  2.30 
   V                             Visa Inc  6697.84            Financial Services 2025-03-28 342.85 2025-03-31 350.46  2.22 
  FI                           Fiserv Inc  1213.11            Financial Services 2025-03-28 216.13 2025-03-31 220.83  2.17 
 SYK                         Stryker Corp  1391.26                   Health Care  2025-03-28 364.5 2025-03-31 372.25  2.13 
ABBV                           AbbVie Inc  3631.54                 Biotechnology 2025-03-28 205.29 2025-03-31 209.52  2.06 
AAPL                            Apple Inc 32733.10                    Technology  2025-03-28 217.9 2025-03-31 222.13  1.94 
 TXN                Texas Instruments Inc  1604.46                Semiconductors 2025-03-28 176.33  2025-03-31 179.7  1.91 
 IBM International Business Machines Corp  2262.52                    Technology  2025-03-28 244.0 2025-03-31 248.66  1.91 
  CB                            Chubb Ltd  1186.98                     Insurance 2025-03-28 296.44 2025-03-31 301.99  1.87 
  KO                         Coca-Cola Co  3028.42                     Beverages  2025-03-28 70.37  2025-03-31 71.62  1.78 
 UNP                   Union Pacific Corp  1391.32                   Road & Rail 2025-03-28 232.15 2025-03-31 236.24  1.76 
COST                Costco Wholesale Corp  4124.75                        Retail 2025-03-28 929.66 2025-03-31 945.78  1.73 
 MCD                      McDonald's Corp  2194.04 Hotels, Restaurants & Leisure 2025-03-28 307.09 2025-03-31 312.37  1.72 
 BMY              Bristol-Myers Squibb Co  1221.26               Pharmaceuticals  2025-03-28 60.02  2025-03-31 60.99  1.62 
