
=== 涨幅榜前20名股票 ===
 股票代码                  公司名称                 市值(亿)          板块                昨天收盘             今天收盘       涨跌幅(%)
 ALPP                 Alpine 4 Holdings Inc  0.00 Electrical Equipment   2025-02-25 0.0  2025-02-26 0.01 570.00
 ORGS                         Orgenesis Inc  0.10        Biotechnology   2025-02-25 1.9  2025-02-26 3.82 101.05
 ENVB               Enveric Biosciences Inc  0.02      Pharmaceuticals  2025-02-25 1.18   2025-02-26 2.3  94.92
 MINM                             Minim Inc  0.01       Communications  2025-02-25 0.38  2025-02-26 0.74  93.42
 PITA                  Heramba Electric PLC  0.18 Electrical Equipment  2025-02-25 0.37  2025-02-26 0.69  86.59
 PRCH                       Porch Group Inc  6.91           Technology  2025-02-25 3.79   2025-02-26 6.6  74.14
 MULN                 Mullen Automotive Inc  0.03          Automobiles  2025-02-25 2.36  2025-02-26 4.04  71.19
 RENB                          Renovaro Inc  1.97        Biotechnology  2025-02-25 0.77  2025-02-26 1.19  53.95
 LBGJ Li Bang International Corporation Inc  0.26            Machinery  2025-02-25 1.02  2025-02-26 1.42  39.22
 RILY                 B Riley Financial Inc  1.27   Financial Services  2025-02-25 4.16  2025-02-26 5.64  35.58
 HCTI               Healthcare Triangle Inc  0.02          Health Care  2025-02-25 0.38  2025-02-26 0.51  34.21
  AGH          Aureus Greenway Holdings Inc  0.54                  N/A  2025-02-25 3.69  2025-02-26 4.95  34.15
 TRNR              Interactive Strength Inc  0.02     Leisure Products  2025-02-25 0.95  2025-02-26 1.25  31.58
 MLEC                     Moolec Science SA  0.26        Food Products  2025-02-25 0.65  2025-02-26 0.85  30.77
 SLRX          Salarius Pharmaceuticals Inc  0.02        Biotechnology  2025-02-25 1.12  2025-02-26 1.45  29.46
LILMF                             Lilium NV  0.57  Aerospace & Defense  2025-02-25 0.07  2025-02-26 0.09  28.57
 ALBT                 Avalon Globocare Corp  0.09          Real Estate  2025-02-25 6.49  2025-02-26 8.33  28.35
 NUKK                          Nukkleus Inc  0.60           Technology 2025-02-25 10.36 2025-02-26 13.29  28.28
 COMM         CommScope Holding Company Inc 12.79       Communications  2025-02-25 4.89  2025-02-26 6.17  26.18
 CHRO             Channel Therapeutics Corp  0.14        Biotechnology  2025-02-25 1.78  2025-02-26 2.23  25.28

=== 市值超过20亿的涨幅榜前20名股票 ===
股票代码                公司名称                 市值(亿)            板块                 昨天收盘              今天收盘       涨跌幅(%)
  ZI          Zoominfo Technologies Inc   33.89                 Media   2025-02-25 9.53  2025-02-26 11.73 23.08 
HURN         Huron Consulting Group Inc   26.25 Professional Services 2025-02-25 125.33 2025-02-26 148.18 18.23 
LNTH              Lantheus Holdings Inc   65.56           Health Care  2025-02-25 80.05  2025-02-26 93.25 16.49 
AXON                Axon Enterprise Inc  378.72   Aerospace & Defense 2025-02-25 496.65  2025-02-26 572.4 15.25 
MDGL       Madrigal Pharmaceuticals Inc   77.62         Biotechnology 2025-02-25 309.49 2025-02-26 355.88 14.99 
INTU                         Intuit Inc 1747.30            Technology 2025-02-25 555.63 2025-02-26 625.51 12.58 
MASI                        Masimo Corp   99.50           Health Care 2025-02-25 169.54 2025-02-26 190.47 12.35 
SMCI           Super Micro Computer Inc  302.39            Technology  2025-02-25 45.54  2025-02-26 51.11 12.23 
GSAT                     Globalstar Inc   27.42     Telecommunication  2025-02-25 19.57  2025-02-26 21.74 11.09 
SPXC               SPX Technologies Inc   70.51             Machinery 2025-02-25 136.34 2025-02-26 151.21 10.91 
 NRG                     NRG Energy Inc  207.51             Utilities 2025-02-25 102.44 2025-02-26 113.33 10.63 
INOD                       Innodata Inc   20.12 Professional Services  2025-02-25 58.11  2025-02-26 64.17 10.43 
NAMS     NewAmsterdam Pharma Company NV   20.80         Biotechnology  2025-02-25 17.88  2025-02-26 19.71 10.23 
OKLO                           Oklo Inc   39.16             Utilities  2025-02-25 32.07  2025-02-26 35.19  9.73 
PRCT           Procept Biorobotics Corp   37.55           Health Care  2025-02-25 62.71  2025-02-26 68.11  8.61 
 DLO                         Dlocal Ltd   39.26    Financial Services   2025-02-25 12.9   2025-02-26 14.0  8.53 
DOCN          DigitalOcean Holdings Inc   40.05            Technology  2025-02-25 40.83  2025-02-26 43.94  7.62 
CRDO Credo Technology Group Holding Ltd   95.28        Semiconductors  2025-02-25 56.97  2025-02-26 61.29  7.58 
SOUN                  SoundHound AI Inc   37.74            Technology    2025-02-25 8.9   2025-02-26 9.57  7.53 
 VST                        Vistra Corp  469.24             Utilities 2025-02-25 137.92 2025-02-26 148.19  7.45 

=== 市值超过50亿的涨幅榜前20名股票 ===
股票代码                公司名称                 市值(亿)                 板块                       昨天收盘              今天收盘       涨跌幅(%)
LNTH              Lantheus Holdings Inc   65.56                      Health Care  2025-02-25 80.05  2025-02-26 93.25 16.49 
AXON                Axon Enterprise Inc  378.72              Aerospace & Defense 2025-02-25 496.65  2025-02-26 572.4 15.25 
MDGL       Madrigal Pharmaceuticals Inc   77.62                    Biotechnology 2025-02-25 309.49 2025-02-26 355.88 14.99 
INTU                         Intuit Inc 1747.30                       Technology 2025-02-25 555.63 2025-02-26 625.51 12.58 
MASI                        Masimo Corp   99.50                      Health Care 2025-02-25 169.54 2025-02-26 190.47 12.35 
SMCI           Super Micro Computer Inc  302.39                       Technology  2025-02-25 45.54  2025-02-26 51.11 12.23 
SPXC               SPX Technologies Inc   70.51                        Machinery 2025-02-25 136.34 2025-02-26 151.21 10.91 
 NRG                     NRG Energy Inc  207.51                        Utilities 2025-02-25 102.44 2025-02-26 113.33 10.63 
CRDO Credo Technology Group Holding Ltd   95.28                   Semiconductors  2025-02-25 56.97  2025-02-26 61.29  7.58 
 VST                        Vistra Corp  469.24                        Utilities 2025-02-25 137.92 2025-02-26 148.19  7.45 
 VRT                 Vertiv Holdings Co  349.93             Electrical Equipment   2025-02-25 91.9  2025-02-26 98.61  7.30 
  GH                Guardant Health Inc   53.37                      Health Care  2025-02-25 40.35  2025-02-26 43.19  7.04 
GRAB                  Grab Holdings Ltd  191.32                      Road & Rail   2025-02-25 4.56   2025-02-26 4.87  6.80 
ALAB                    Astera Labs Inc  126.06                   Semiconductors  2025-02-25 77.74   2025-02-26 83.0  6.77 
  BE                  Bloom Energy Corp   50.22             Electrical Equipment  2025-02-25 21.97   2025-02-26 23.4  6.51 
HOOD              Robinhood Markets Inc  406.60               Financial Services  2025-02-25 45.92  2025-02-26 48.85  6.38 
FSLR                    First Solar Inc  157.87                   Semiconductors 2025-02-25 147.46 2025-02-26 156.84  6.36 
INSP        Inspire Medical Systems Inc   54.84                      Health Care 2025-02-25 184.85 2025-02-26 196.61  6.36 
 EME                    EMCOR Group Inc  194.41                     Construction 2025-02-25 398.03 2025-02-26 420.88  5.74 
FTAI                  FTAI Aviation Ltd  144.21 Trading Companies & Distributors 2025-02-25 132.95 2025-02-26 140.32  5.54 

=== 市值超过100亿的涨幅榜前20名股票 ===
股票代码           公司名称            市值(亿)                 板块                       昨天收盘              今天收盘       涨跌幅(%)
AXON      Axon Enterprise Inc  378.72              Aerospace & Defense 2025-02-25 496.65  2025-02-26 572.4 15.25 
INTU               Intuit Inc 1747.30                       Technology 2025-02-25 555.63 2025-02-26 625.51 12.58 
SMCI Super Micro Computer Inc  302.39                       Technology  2025-02-25 45.54  2025-02-26 51.11 12.23 
 NRG           NRG Energy Inc  207.51                        Utilities 2025-02-25 102.44 2025-02-26 113.33 10.63 
 VST              Vistra Corp  469.24                        Utilities 2025-02-25 137.92 2025-02-26 148.19  7.45 
 VRT       Vertiv Holdings Co  349.93             Electrical Equipment   2025-02-25 91.9  2025-02-26 98.61  7.30 
GRAB        Grab Holdings Ltd  191.32                      Road & Rail   2025-02-25 4.56   2025-02-26 4.87  6.80 
ALAB          Astera Labs Inc  126.06                   Semiconductors  2025-02-25 77.74   2025-02-26 83.0  6.77 
HOOD    Robinhood Markets Inc  406.60               Financial Services  2025-02-25 45.92  2025-02-26 48.85  6.38 
FSLR          First Solar Inc  157.87                   Semiconductors 2025-02-25 147.46 2025-02-26 156.84  6.36 
 EME          EMCOR Group Inc  194.41                     Construction 2025-02-25 398.03 2025-02-26 420.88  5.74 
FTAI        FTAI Aviation Ltd  144.21 Trading Companies & Distributors 2025-02-25 132.95 2025-02-26 140.32  5.54 
 GEV           Ge Vernova Inc  929.48             Electrical Equipment 2025-02-25 317.69 2025-02-26 335.24  5.52 
BURL    Burlington Stores Inc  149.97                           Retail 2025-02-25 236.24 2025-02-26 249.22  5.49 
 TEM            Tempus AI Inc  108.61   Life Sciences Tools & Services   2025-02-25 59.1  2025-02-26 62.26  5.35 
AVGO             Broadcom Inc 9874.62                   Semiconductors 2025-02-25 202.54 2025-02-26 212.94  5.13 
  AS          Amer Sports Inc  157.52 Textiles, Apparel & Luxury Goods  2025-02-25 28.83  2025-02-26 30.31  5.13 
  UI             Ubiquiti Inc  195.64                   Communications 2025-02-25 323.43 2025-02-26 339.93  5.10 
MSTR        Microstrategy Inc  646.77                       Technology 2025-02-25 250.51 2025-02-26 263.27  5.09 
RDDT               Reddit Inc  301.30                            Media 2025-02-25 159.99  2025-02-26 168.1  5.07 

=== 市值超过200亿的涨幅榜前20名股票 ===
股票代码           公司名称            市值(亿)                板块                     昨天收盘               今天收盘        涨跌幅(%)
AXON      Axon Enterprise Inc  378.72           Aerospace & Defense  2025-02-25 496.65   2025-02-26 572.4 15.25 
INTU               Intuit Inc 1747.30                    Technology  2025-02-25 555.63  2025-02-26 625.51 12.58 
SMCI Super Micro Computer Inc  302.39                    Technology   2025-02-25 45.54   2025-02-26 51.11 12.23 
 NRG           NRG Energy Inc  207.51                     Utilities  2025-02-25 102.44  2025-02-26 113.33 10.63 
 VST              Vistra Corp  469.24                     Utilities  2025-02-25 137.92  2025-02-26 148.19  7.45 
 VRT       Vertiv Holdings Co  349.93          Electrical Equipment    2025-02-25 91.9   2025-02-26 98.61  7.30 
HOOD    Robinhood Markets Inc  406.60            Financial Services   2025-02-25 45.92   2025-02-26 48.85  6.38 
 GEV           Ge Vernova Inc  929.48          Electrical Equipment  2025-02-25 317.69  2025-02-26 335.24  5.52 
AVGO             Broadcom Inc 9874.62                Semiconductors  2025-02-25 202.54  2025-02-26 212.94  5.13 
MSTR        Microstrategy Inc  646.77                    Technology  2025-02-25 250.51  2025-02-26 263.27  5.09 
RDDT               Reddit Inc  301.30                         Media  2025-02-25 159.99   2025-02-26 168.1  5.07 
CVNA               Carvana Co  472.59                        Retail  2025-02-25 221.68  2025-02-26 232.63  4.94 
 TPL  Texas Pacific Land Corp  309.04                        Energy 2025-02-25 1289.23 2025-02-26 1351.47  4.83 
  MU    Micron Technology Inc 1079.35                Semiconductors   2025-02-25 93.22   2025-02-26 97.71  4.82 
DELL    Dell Technologies Inc  812.14                    Technology  2025-02-25 110.65  2025-02-26 115.65  4.52 
TOST                Toast Inc  207.66            Financial Services    2025-02-25 36.2   2025-02-26 37.64  3.98 
 XYZ                Block Inc  402.86            Financial Services   2025-02-25 62.84   2025-02-26 65.29  3.90 
DASH             DoorDash Inc  836.00 Hotels, Restaurants & Leisure  2025-02-25 191.27   2025-02-26 198.6  3.83 
ANET      Arista Networks Inc 1171.33                Communications   2025-02-25 92.88   2025-02-26 96.38  3.77 
  GM        General Motors Co  482.68                   Automobiles   2025-02-25 46.71   2025-02-26 48.46  3.75 

=== 市值超过1000亿的涨跌榜前20名股票 ===
 股票代码            公司名称            市值(亿)            板块                 昨天收盘              今天收盘        涨跌幅(%)
 INTU                Intuit Inc  1747.30           Technology 2025-02-25 555.63  2025-02-26 625.51 12.58 
 AVGO              Broadcom Inc  9874.62       Semiconductors 2025-02-25 202.54  2025-02-26 212.94  5.13 
   MU     Micron Technology Inc  1079.35       Semiconductors  2025-02-25 93.22   2025-02-26 97.71  4.82 
 ANET       Arista Networks Inc  1171.33       Communications  2025-02-25 92.88   2025-02-26 96.38  3.77 
 NVDA               NVIDIA Corp 31011.69       Semiconductors 2025-02-25 126.63  2025-02-26 131.28  3.67 
  ETN     Eaton Corporation PLC  1136.40 Electrical Equipment 2025-02-25 287.55  2025-02-26 297.35  3.41 
BABAF Alibaba Group Holding Ltd  3316.51               Retail   2025-02-25 17.0   2025-02-26 17.55  3.24 
 SPOT     Spotify Technology SA  1181.75                Media 2025-02-25 588.57  2025-02-26 603.13  2.47 
 META        Meta Platforms Inc 17072.18                Media  2025-02-25 657.5   2025-02-26 673.7  2.46 
  KKR              KKR & Co Inc  1151.06   Financial Services 2025-02-25 129.59  2025-02-26 132.68  2.38 
 ORCL               Oracle Corp  4827.27           Technology 2025-02-25 168.54  2025-02-26 172.47  2.33 
 SHOP               Shopify Inc  1473.05           Technology 2025-02-25 110.95  2025-02-26 113.23  2.05 
 AMAT     Applied Materials Inc  1344.91       Semiconductors 2025-02-25 165.54  2025-02-26 168.51  1.79 
  TJX         TJX Companies Inc  1416.89               Retail  2025-02-25 122.7  2025-02-26 124.89  1.78 
 PLTR Palantir Technologies Inc  2060.16           Technology  2025-02-25 87.84   2025-02-26 89.31  1.67 
SBGSF     Schneider Electric SE  1296.45 Electrical Equipment 2025-02-25 243.93   2025-02-26 247.9  1.63 
   BX            Blackstone Inc  1934.97   Financial Services 2025-02-25 157.23  2025-02-26 159.46  1.42 
 MELI          MercadoLibre Inc  1117.91               Retail 2025-02-25 2168.6 2025-02-26 2197.64  1.34 
 NFLX               Netflix Inc  4180.21                Media 2025-02-25 977.24  2025-02-26 990.06  1.31 
 LRCX         Lam Research Corp  1030.65       Semiconductors  2025-02-25 80.29    2025-02-26 81.3  1.26 
