
=== 涨幅榜前20名股票 ===
股票代码                 公司名称                 市值(亿)           板块                昨天收盘             今天收盘       涨跌幅(%)
CLIK               Click Holdings Limited  0.05 Professional Services  2025-05-14 0.28  2025-05-15 0.71 153.50
AYTU                   Aytu Biopharma Inc  0.08       Pharmaceuticals  2025-05-14 1.35  2025-05-15 2.59  91.85
  FL                      Foot Locker Inc 12.22                Retail 2025-05-14 12.87  2025-05-15 23.9  85.70
KDLY                        Kindly MD Inc  0.46           Health Care  2025-05-14 7.65 2025-05-15 13.86  81.18
 GTI                  Graphjet Technology  0.14  Electrical Equipment   2025-05-14 0.1  2025-05-15 0.15  51.55
ASST                   Asset Entities Inc  0.68                 Media   2025-05-14 4.7  2025-05-15 6.87  46.17
GRYP           Gryphon Digital Mining Inc  0.54            Technology  2025-05-14 0.75  2025-05-15 1.07  42.48
TAOP                          Taoping Inc  0.03            Technology   2025-05-14 0.2  2025-05-15 0.28  41.55
CABA                    Cabaletta Bio Inc  0.66         Biotechnology   2025-05-14 1.3  2025-05-15 1.81  39.23
LOBO             LOBO EV Technologies Ltd  0.07           Automobiles  2025-05-14 0.87   2025-05-15 1.2  38.41
NXTT          Next Technology Holding Inc  8.11            Technology  2025-05-14 1.86  2025-05-15 2.54  36.56
ISSC Innovative Solutions and Support Inc  1.29   Aerospace & Defense  2025-05-14 7.35  2025-05-15 9.79  33.20
ZJYL        Jin Medical International Ltd  1.30           Health Care  2025-05-14 0.64  2025-05-15 0.82  29.72
SCPH                scPharmaceuticals Inc  1.13       Pharmaceuticals  2025-05-14 2.24  2025-05-15 2.88  28.57
 TOI               Oncology Institute Inc  2.11           Health Care  2025-05-14 2.37  2025-05-15 3.04  28.27
NGNE                        Neurogene Inc  2.17         Biotechnology 2025-05-14 15.22 2025-05-15 19.37  27.27
HOVR             New Horizon Aircraft Ltd  0.15   Aerospace & Defense  2025-05-14 0.47  2025-05-15 0.59  26.67
CAPR            Capricor Therapeutics Inc  3.50         Biotechnology  2025-05-14 7.67  2025-05-15 9.56  24.64
GORO                   Gold Resource Corp  0.71       Metals & Mining  2025-05-14 0.52  2025-05-15 0.65  24.42
DBRG              DigitalBridge Group Inc 17.14    Financial Services  2025-05-14 9.51 2025-05-15 11.83  24.40

=== 市值超过20亿的涨幅榜前20名股票 ===
股票代码                 公司名称                市值(亿)                 板块                       昨天收盘              今天收盘       涨跌幅(%)
 RGC   Regencell Bioscience Holdings Ltd  44.63                  Pharmaceuticals 2025-05-14 342.99  2025-05-15 402.0 17.20 
BOOT              Boot Barn Holdings Inc  40.64                           Retail 2025-05-14 132.84 2025-05-15 154.97 16.66 
 NXT                      Nextracker Inc  80.15             Electrical Equipment  2025-05-14 55.04  2025-05-15 61.59 11.90 
 DLO                          Dlocal Ltd  29.09               Financial Services  2025-05-14 10.19  2025-05-15 11.24 10.30 
 OGN                        Organon & Co  20.90                  Pharmaceuticals   2025-05-14 8.04   2025-05-15 8.77  9.08 
 STE                          STERIS plc 223.52                      Health Care  2025-05-14 227.5 2025-05-15 246.88  8.52 
IBRX                     Immunitybio Inc  21.98                    Biotechnology   2025-05-14 2.49   2025-05-15 2.67  7.23 
 CON Concentra Group Holdings Parent Inc  27.39                      Health Care  2025-05-14 21.37  2025-05-15 22.82  6.79 
SSRM                      SSR Mining Inc  20.81                  Metals & Mining  2025-05-14 10.26  2025-05-15 10.94  6.63 
PRCT            Procept Biorobotics Corp  30.30                      Health Care  2025-05-14 54.77  2025-05-15 58.11  6.10 
 DDS                       Dillard's Inc  60.75                           Retail  2025-05-14 387.0 2025-05-15 410.44  6.06 
  DG                 Dollar General Corp 192.89                           Retail   2025-05-14 87.7  2025-05-15 92.99  6.03 
ALNY         Alnylam Pharmaceuticals Inc 348.85                    Biotechnology 2025-05-14 267.55  2025-05-15 283.4  5.92 
BIRK             Birkenstock Holding PLC 102.35 Textiles, Apparel & Luxury Goods  2025-05-14 54.49   2025-05-15 57.7  5.89 
FRPT                        Freshpet Inc  38.43                    Food Products  2025-05-14 78.78  2025-05-15 83.28  5.71 
AKRO              Akero Therapeutics Inc  30.20                    Biotechnology  2025-05-14 37.88  2025-05-15 39.96  5.49 
 FMC                            FMC Corp  46.44                        Chemicals  2025-05-14 37.18  2025-05-15 39.22  5.49 
RYTM          Rhythm Pharmaceuticals Inc  36.44                    Biotechnology  2025-05-14 57.28  2025-05-15 60.18  5.06 
PCVX                         Vaxcyte Inc  37.95                    Biotechnology  2025-05-14 29.42   2025-05-15 30.9  5.03 
 HCA                  HCA Healthcare Inc 884.11                      Health Care  2025-05-14 367.5  2025-05-15 385.5  4.90 

=== 市值超过50亿的涨幅榜前20名股票 ===
股票代码              公司名称              市值(亿)                 板块                       昨天收盘              今天收盘       涨跌幅(%)
 NXT                Nextracker Inc   80.15             Electrical Equipment  2025-05-14 55.04  2025-05-15 61.59 11.90 
 STE                    STERIS plc  223.52                      Health Care  2025-05-14 227.5 2025-05-15 246.88  8.52 
 DDS                 Dillard's Inc   60.75                           Retail  2025-05-14 387.0 2025-05-15 410.44  6.06 
  DG           Dollar General Corp  192.89                           Retail   2025-05-14 87.7  2025-05-15 92.99  6.03 
ALNY   Alnylam Pharmaceuticals Inc  348.85                    Biotechnology 2025-05-14 267.55  2025-05-15 283.4  5.92 
BIRK       Birkenstock Holding PLC  102.35 Textiles, Apparel & Luxury Goods  2025-05-14 54.49   2025-05-15 57.7  5.89 
 HCA            HCA Healthcare Inc  884.11                      Health Care  2025-05-14 367.5  2025-05-15 385.5  4.90 
CSCO             Cisco Systems Inc 2438.30                   Communications  2025-05-14 61.29  2025-05-15 64.26  4.85 
KNSL     Kinsale Capital Group Inc  102.33                        Insurance 2025-05-14 438.99 2025-05-15 459.57  4.69 
 SMR            Nuscale Power Corp   65.15             Electrical Equipment  2025-05-14 22.94   2025-05-15 24.0  4.62 
ONON                 On Holding AG  186.50 Textiles, Apparel & Luxury Goods  2025-05-14 57.59  2025-05-15 60.25  4.62 
RKLB            Rocket Lab USA Inc  111.34              Aerospace & Defense  2025-05-14 24.13  2025-05-15 25.22  4.52 
VTRS                   Viatris Inc   98.82                  Pharmaceuticals   2025-05-14 8.42   2025-05-15 8.79  4.39 
 UHS Universal Health Services Inc  121.01                      Health Care 2025-05-14 187.83 2025-05-15 195.88  4.29 
 ELV           Elevance Health Inc  845.65                      Health Care 2025-05-14 374.29  2025-05-15 390.0  4.20 
 BMY       Bristol-Myers Squibb Co  897.88                  Pharmaceuticals  2025-05-14 44.12  2025-05-15 45.81  3.83 
  CB                     Chubb Ltd 1127.56                        Insurance 2025-05-14 281.38 2025-05-15 292.05  3.79 
  DE                    Deere & Co 1350.28                        Machinery  2025-05-14 497.5 2025-05-15 516.32  3.78 
FERG      Ferguson Enterprises Inc  347.94 Trading Companies & Distributors 2025-05-14 175.11 2025-05-15 181.71  3.77 
 ABT           Abbott Laboratories 2236.73                      Health Care 2025-05-14 128.56 2025-05-15 133.35  3.73 

=== 市值超过100亿的涨幅榜前20名股票 ===
股票代码              公司名称              市值(亿)                 板块                       昨天收盘              今天收盘       涨跌幅(%)
 STE                    STERIS plc  223.52                      Health Care  2025-05-14 227.5 2025-05-15 246.88  8.52 
  DG           Dollar General Corp  192.89                           Retail   2025-05-14 87.7  2025-05-15 92.99  6.03 
ALNY   Alnylam Pharmaceuticals Inc  348.85                    Biotechnology 2025-05-14 267.55  2025-05-15 283.4  5.92 
BIRK       Birkenstock Holding PLC  102.35 Textiles, Apparel & Luxury Goods  2025-05-14 54.49   2025-05-15 57.7  5.89 
 HCA            HCA Healthcare Inc  884.11                      Health Care  2025-05-14 367.5  2025-05-15 385.5  4.90 
CSCO             Cisco Systems Inc 2438.30                   Communications  2025-05-14 61.29  2025-05-15 64.26  4.85 
KNSL     Kinsale Capital Group Inc  102.33                        Insurance 2025-05-14 438.99 2025-05-15 459.57  4.69 
ONON                 On Holding AG  186.50 Textiles, Apparel & Luxury Goods  2025-05-14 57.59  2025-05-15 60.25  4.62 
RKLB            Rocket Lab USA Inc  111.34              Aerospace & Defense  2025-05-14 24.13  2025-05-15 25.22  4.52 
 UHS Universal Health Services Inc  121.01                      Health Care 2025-05-14 187.83 2025-05-15 195.88  4.29 
 ELV           Elevance Health Inc  845.65                      Health Care 2025-05-14 374.29  2025-05-15 390.0  4.20 
 BMY       Bristol-Myers Squibb Co  897.88                  Pharmaceuticals  2025-05-14 44.12  2025-05-15 45.81  3.83 
  CB                     Chubb Ltd 1127.56                        Insurance 2025-05-14 281.38 2025-05-15 292.05  3.79 
  DE                    Deere & Co 1350.28                        Machinery  2025-05-14 497.5 2025-05-15 516.32  3.78 
FERG      Ferguson Enterprises Inc  347.94 Trading Companies & Distributors 2025-05-14 175.11 2025-05-15 181.71  3.77 
 ABT           Abbott Laboratories 2236.73                      Health Care 2025-05-14 128.56 2025-05-15 133.35  3.73 
 RTX                      RTX Corp 1747.29              Aerospace & Defense 2025-05-14 130.79 2025-05-15 135.52  3.62 
EXEL                  Exelixis Inc  123.05                    Biotechnology  2025-05-14 44.65  2025-05-15 46.26  3.61 
 MCK                 Mckesson Corp  853.62                      Health Care 2025-05-14 682.28 2025-05-15 706.76  3.59 
AMGN                     Amgen Inc 1410.30                    Biotechnology 2025-05-14 262.28 2025-05-15 271.69  3.59 

=== 市值超过200亿的涨幅榜前20名股票 ===
股票代码                 公司名称                  市值(亿)                 板块                       昨天收盘               今天收盘        涨跌幅(%)
 STE                           STERIS plc  223.52                      Health Care   2025-05-14 227.5  2025-05-15 246.88  8.52 
ALNY          Alnylam Pharmaceuticals Inc  348.85                    Biotechnology  2025-05-14 267.55   2025-05-15 283.4  5.92 
 HCA                   HCA Healthcare Inc  884.11                      Health Care   2025-05-14 367.5   2025-05-15 385.5  4.90 
CSCO                    Cisco Systems Inc 2438.30                   Communications   2025-05-14 61.29   2025-05-15 64.26  4.85 
 ELV                  Elevance Health Inc  845.65                      Health Care  2025-05-14 374.29   2025-05-15 390.0  4.20 
 BMY              Bristol-Myers Squibb Co  897.88                  Pharmaceuticals   2025-05-14 44.12   2025-05-15 45.81  3.83 
  CB                            Chubb Ltd 1127.56                        Insurance  2025-05-14 281.38  2025-05-15 292.05  3.79 
  DE                           Deere & Co 1350.28                        Machinery   2025-05-14 497.5  2025-05-15 516.32  3.78 
FERG             Ferguson Enterprises Inc  347.94 Trading Companies & Distributors  2025-05-14 175.11  2025-05-15 181.71  3.77 
 ABT                  Abbott Laboratories 2236.73                      Health Care  2025-05-14 128.56  2025-05-15 133.35  3.73 
 RTX                             RTX Corp 1747.29              Aerospace & Defense  2025-05-14 130.79  2025-05-15 135.52  3.62 
 MCK                        Mckesson Corp  853.62                      Health Care  2025-05-14 682.28  2025-05-15 706.76  3.59 
AMGN                            Amgen Inc 1410.30                    Biotechnology  2025-05-14 262.28  2025-05-15 271.69  3.59 
 XEL                      Xcel Energy Inc  396.81                        Utilities    2025-05-14 68.8   2025-05-15 71.26  3.58 
 LMT                 Lockheed Martin Corp 1052.41              Aerospace & Defense  2025-05-14 449.18  2025-05-15 465.14  3.55 
  KO                         Coca-Cola Co 2976.83                        Beverages   2025-05-14 69.16   2025-05-15 71.61  3.54 
 ZTS                           Zoetis Inc  719.86                  Pharmaceuticals  2025-05-14 154.92  2025-05-15 160.35  3.51 
 IBM International Business Machines Corp 2396.17                       Technology  2025-05-14 257.82  2025-05-15 266.68  3.44 
   T                             AT&T Inc 1902.52                Telecommunication   2025-05-14 26.44   2025-05-15 27.33  3.37 
ORLY              O'Reilly Automotive Inc  755.53                           Retail 2025-05-14 1325.73 2025-05-15 1370.13  3.35 

=== 市值超过1000亿的涨跌榜前20名股票 ===
股票代码                 公司名称                  市值(亿)             板块                   昨天收盘              今天收盘       涨跌幅(%)
CSCO                    Cisco Systems Inc 2438.30           Communications  2025-05-14 61.29  2025-05-15 64.26  4.85 
  CB                            Chubb Ltd 1127.56                Insurance 2025-05-14 281.38 2025-05-15 292.05  3.79 
  DE                           Deere & Co 1350.28                Machinery  2025-05-14 497.5 2025-05-15 516.32  3.78 
 ABT                  Abbott Laboratories 2236.73              Health Care 2025-05-14 128.56 2025-05-15 133.35  3.73 
 RTX                             RTX Corp 1747.29      Aerospace & Defense 2025-05-14 130.79 2025-05-15 135.52  3.62 
AMGN                            Amgen Inc 1410.30            Biotechnology 2025-05-14 262.28 2025-05-15 271.69  3.59 
 LMT                 Lockheed Martin Corp 1052.41      Aerospace & Defense 2025-05-14 449.18 2025-05-15 465.14  3.55 
  KO                         Coca-Cola Co 2976.83                Beverages  2025-05-14 69.16  2025-05-15 71.61  3.54 
 IBM International Business Machines Corp 2396.17               Technology 2025-05-14 257.82 2025-05-15 266.68  3.44 
   T                             AT&T Inc 1902.52        Telecommunication  2025-05-14 26.44  2025-05-15 27.33  3.37 
 NEE                   Nextera Energy Inc 1486.13                Utilities  2025-05-14 72.19  2025-05-15 74.55  3.27 
VRTX           Vertex Pharmaceuticals Inc 1081.53            Biotechnology 2025-05-14 421.16 2025-05-15 434.38  3.14 
  PM      Philip Morris International Inc 2553.16                  Tobacco 2025-05-14 164.03 2025-05-15 169.14  3.12 
  PG                  Procter & Gamble Co 3704.85        Consumer products 2025-05-14 158.02 2025-05-15 162.41  2.78 
  GE                         GE Aerospace 2380.60      Aerospace & Defense 2025-05-14 223.24 2025-05-15 229.38  2.75 
  VZ           Verizon Communications Inc 1785.58        Telecommunication  2025-05-14 42.35  2025-05-15 43.48  2.67 
 PFE                           Pfizer Inc 1251.92          Pharmaceuticals  2025-05-14 22.02   2025-05-15 22.6  2.63 
ABBV                           AbbVie Inc 3134.31            Biotechnology 2025-05-14 177.44 2025-05-15 181.68  2.39 
 PEP                          PepsiCo Inc 1761.15                Beverages 2025-05-14 128.45  2025-05-15 131.5  2.37 
 HON          Honeywell International Inc 1395.78 Industrial Conglomerates 2025-05-14 217.18 2025-05-15 222.29  2.35 
