
=== 涨幅榜前20名股票 ===
股票代码                     公司名称                     市值(亿)                板块                      昨天收盘             今天收盘       涨跌幅(%)
MOBX                             MOBIX LABS, INC.  0.18                   Semiconductors  2026-03-02 0.18  2026-03-03 1.12 532.77
BATL                           Battalion Oil Corp  1.94                           Energy  2026-03-02 11.8 2026-03-03 27.68 134.58
EDSA                            Edesa Biotech Inc  0.26                    Biotechnology  2026-03-02 2.28  2026-03-03 4.35  90.79
 NPT                           Texxon Holding Ltd  1.67 Trading Companies & Distributors  2026-03-02 5.66 2026-03-03 10.28  81.63
TPET                          Trio Petroleum Corp  0.24                           Energy  2026-03-02 1.12  2026-03-03 1.95  74.11
BRAI                                   Braiin Ltd 14.43                       Technology 2026-03-02 16.36 2026-03-03 28.28  72.86
CCHH                             CCH Holdings Ltd  0.12    Hotels, Restaurants & Leisure  2026-03-02 0.45  2026-03-03 0.76  69.53
  ZD                               Ziff Davis Inc 10.20                            Media 2026-03-02 28.01 2026-03-03 41.48  48.09
SVRN                                 Oceanpal Inc  0.23                           Marine  2026-03-02 0.44  2026-03-03 0.64  47.13
 NCI Neo-Concept International Group Holdings Ltd  0.19 Textiles, Apparel & Luxury Goods  2026-03-02 5.02  2026-03-03 7.03  40.04
TMDE                               TMD Energy Ltd  0.98                           Energy  2026-03-02 3.06  2026-03-03 4.04  32.03
ELOG                    Eastern International Ltd  0.14                      Road & Rail  2026-03-02 0.96  2026-03-03 1.26  30.57
AURE                                 Aurelion Inc  0.83               Financial Services  2026-03-02 2.29  2026-03-03 2.99  30.57
EONR                            EON Resources Inc  0.32                           Energy   2026-03-02 0.5  2026-03-03 0.64  28.47
FLYX                             Flyexclusive Inc  1.83                         Airlines  2026-03-02 2.01  2026-03-03 2.58  28.36
POAS   Phaos Technology Holdings (Cayman) Limited  0.48             Electrical Equipment  2026-03-02 1.54  2026-03-03 1.94  25.97
EHTH                                  eHealth Inc  0.47                        Insurance  2026-03-02 1.24  2026-03-03 1.56  25.81
BRCC                                      BRC Inc  1.59                    Food Products  2026-03-02 0.64  2026-03-03 0.81  24.95
USEG                               US Energy Corp  0.38                           Energy  2026-03-02 1.15  2026-03-03 1.43  24.35
FMFC                         Kandal M Venture Ltd  0.07 Textiles, Apparel & Luxury Goods  2026-03-02 0.36  2026-03-03 0.45  24.35

=== 市值超过20亿的涨幅榜前20名股票 ===
股票代码             公司名称             市值(亿)                 板块                       昨天收盘              今天收盘       涨跌幅(%)
PLUG               Plug Power Inc  29.22             Electrical Equipment   2026-03-02 1.81   2026-03-03 2.23 23.20 
 KTB           Kontoor Brands Inc  41.68 Textiles, Apparel & Luxury Goods  2026-03-02 64.82  2026-03-03 78.18 20.61 
INGM    Ingram Micro Holding Corp  56.18             Electrical Equipment  2026-03-02 21.35  2026-03-03 24.41 14.33 
INTA                   Intapp Inc  20.03                       Technology  2026-03-02 23.44  2026-03-03 26.14 11.52 
AVAV            AeroVironment Inc 112.84              Aerospace & Defense 2026-03-02 208.32  2026-03-03 228.3  9.59 
PINS                Pinterest Inc 123.05                            Media  2026-03-02 17.48   2026-03-03 19.1  9.27 
 SEM Select Medical Holdings Corp  20.12                      Health Care   2026-03-02 15.0  2026-03-03 16.26  8.40 
 BBY              Best Buy Co Inc 135.16                           Retail  2026-03-02 61.59  2026-03-03 65.95  7.08 
 TGT                  Target Corp 529.47                           Retail 2026-03-02 113.17  2026-03-03 120.8  6.74 
AGYS                 Agilysys Inc  22.05                       Technology   2026-03-02 73.5  2026-03-03 78.45  6.73 
ASTS          AST SpaceMobile Inc 327.72                Telecommunication  2026-03-02 86.92  2026-03-03 92.68  6.63 
FOUR          Shift4 Payments Inc  49.36               Financial Services  2026-03-02 46.94  2026-03-03 49.89  6.28 
TEAM               Atlassian Corp 195.20                       Technology   2026-03-02 73.8  2026-03-03 78.38  6.21 
   U           Unity Software Inc  80.93                       Technology  2026-03-02 18.87  2026-03-03 20.02  6.09 
MANH     Manhattan Associates Inc  85.83                       Technology 2026-03-02 139.97 2026-03-03 148.26  5.92 
 CNR   Core Natural Resources Inc  45.74                           Energy  2026-03-02 86.99  2026-03-03 92.01  5.77 
BLLN             BillionToOne Inc  35.04                      Health Care  2026-03-02 78.65  2026-03-03 83.14  5.71 
TOST                    Toast Inc 163.36               Financial Services  2026-03-02 27.57  2026-03-03 29.11  5.59 
 SFM   Sprouts Farmers Market Inc  69.54                           Retail  2026-03-02 73.99  2026-03-03 77.99  5.41 
PCTY       Paylocity Holding Corp  58.04            Professional Services  2026-03-02 107.8  2026-03-03 113.6  5.38 

=== 市值超过50亿的涨幅榜前20名股票 ===
股票代码            公司名称            市值(亿)            板块                 昨天收盘              今天收盘       涨跌幅(%)
INGM  Ingram Micro Holding Corp  56.18  Electrical Equipment  2026-03-02 21.35  2026-03-03 24.41 14.33 
AVAV          AeroVironment Inc 112.84   Aerospace & Defense 2026-03-02 208.32  2026-03-03 228.3  9.59 
PINS              Pinterest Inc 123.05                 Media  2026-03-02 17.48   2026-03-03 19.1  9.27 
 BBY            Best Buy Co Inc 135.16                Retail  2026-03-02 61.59  2026-03-03 65.95  7.08 
 TGT                Target Corp 529.47                Retail 2026-03-02 113.17  2026-03-03 120.8  6.74 
ASTS        AST SpaceMobile Inc 327.72     Telecommunication  2026-03-02 86.92  2026-03-03 92.68  6.63 
TEAM             Atlassian Corp 195.20            Technology   2026-03-02 73.8  2026-03-03 78.38  6.21 
   U         Unity Software Inc  80.93            Technology  2026-03-02 18.87  2026-03-03 20.02  6.09 
MANH   Manhattan Associates Inc  85.83            Technology 2026-03-02 139.97 2026-03-03 148.26  5.92 
TOST                  Toast Inc 163.36    Financial Services  2026-03-02 27.57  2026-03-03 29.11  5.59 
 SFM Sprouts Farmers Market Inc  69.54                Retail  2026-03-02 73.99  2026-03-03 77.99  5.41 
PCTY     Paylocity Holding Corp  58.04 Professional Services  2026-03-02 107.8  2026-03-03 113.6  5.38 
 RNA    Avidity Biosciences Inc 112.95         Biotechnology  2026-03-02 14.91  2026-03-03 15.67  5.10 
 FIG                  Figma Inc 148.38            Technology  2026-03-02 29.29  2026-03-03 30.74  4.95 
 DBX                Dropbox Inc  58.63            Technology  2026-03-02 24.96  2026-03-03 26.17  4.85 
AKAM    Akamai Technologies Inc 139.90            Technology  2026-03-02 97.64 2026-03-03 102.08  4.55 
HUBS                HubSpot Inc 139.30            Technology  2026-03-02 263.6 2026-03-03 275.37  4.47 
APPF               Appfolio Inc  64.91            Technology  2026-03-02 180.6  2026-03-03 188.4  4.32 
  ZG           Zillow Group Inc 107.15           Real Estate   2026-03-02 43.7  2026-03-03 45.52  4.16 
  ZS                Zscaler Inc 236.35            Technology 2026-03-02 148.58 2026-03-03 154.67  4.10 

=== 市值超过100亿的涨幅榜前20名股票 ===
股票代码            公司名称            市值(亿)           板块                昨天收盘              今天收盘       涨跌幅(%)
AVAV         AeroVironment Inc  112.84 Aerospace & Defense 2026-03-02 208.32  2026-03-03 228.3  9.59 
PINS             Pinterest Inc  123.05               Media  2026-03-02 17.48   2026-03-03 19.1  9.27 
 BBY           Best Buy Co Inc  135.16              Retail  2026-03-02 61.59  2026-03-03 65.95  7.08 
 TGT               Target Corp  529.47              Retail 2026-03-02 113.17  2026-03-03 120.8  6.74 
ASTS       AST SpaceMobile Inc  327.72   Telecommunication  2026-03-02 86.92  2026-03-03 92.68  6.63 
TEAM            Atlassian Corp  195.20          Technology   2026-03-02 73.8  2026-03-03 78.38  6.21 
TOST                 Toast Inc  163.36  Financial Services  2026-03-02 27.57  2026-03-03 29.11  5.59 
 RNA   Avidity Biosciences Inc  112.95       Biotechnology  2026-03-02 14.91  2026-03-03 15.67  5.10 
 FIG                 Figma Inc  148.38          Technology  2026-03-02 29.29  2026-03-03 30.74  4.95 
AKAM   Akamai Technologies Inc  139.90          Technology  2026-03-02 97.64 2026-03-03 102.08  4.55 
HUBS               HubSpot Inc  139.30          Technology  2026-03-02 263.6 2026-03-03 275.37  4.47 
  ZG          Zillow Group Inc  107.15         Real Estate   2026-03-02 43.7  2026-03-03 45.52  4.16 
  ZS               Zscaler Inc  236.35          Technology 2026-03-02 148.58 2026-03-03 154.67  4.10 
ADBE                 Adobe Inc 1089.90          Technology 2026-03-02 260.88 2026-03-03 270.99  3.88 
   Z          Zillow Group Inc  107.15         Real Estate  2026-03-02 43.54  2026-03-03 45.23  3.88 
CRCL Circle Internet Group Inc  224.00          Technology  2026-03-02 96.14  2026-03-03 99.63  3.63 
CSGP          CoStar Group Inc  193.06         Real Estate  2026-03-02 45.17  2026-03-03 46.78  3.56 
 TYL    Tyler Technologies Inc  153.09          Technology 2026-03-02 354.62 2026-03-03 367.22  3.55 
  IT               Gartner Inc  112.28          Technology 2026-03-02 159.27 2026-03-03 164.78  3.46 
NTRA                Natera Inc  277.06       Biotechnology 2026-03-02 200.17 2026-03-03 207.04  3.43 

=== 市值超过200亿的涨幅榜前20名股票 ===
 股票代码                   公司名称                    市值(亿)                板块                     昨天收盘               今天收盘        涨跌幅(%)
  TGT                              Target Corp  529.47                        Retail  2026-03-02 113.17   2026-03-03 120.8  6.74 
 ASTS                      AST SpaceMobile Inc  327.72             Telecommunication   2026-03-02 86.92   2026-03-03 92.68  6.63 
   ZS                              Zscaler Inc  236.35                    Technology  2026-03-02 148.58  2026-03-03 154.67  4.10 
 ADBE                                Adobe Inc 1089.90                    Technology  2026-03-02 260.88  2026-03-03 270.99  3.88 
 CRCL                Circle Internet Group Inc  224.00                    Technology   2026-03-02 96.14   2026-03-03 99.63  3.63 
 NTRA                               Natera Inc  277.06                 Biotechnology  2026-03-02 200.17  2026-03-03 207.04  3.43 
 INTU                               Intuit Inc 1176.73                    Technology  2026-03-02 419.06  2026-03-03 433.35  3.41 
  THC                    Tenet Healthcare Corp  203.50                   Health Care  2026-03-02 235.12  2026-03-03 242.88  3.30 
 VRSN                            VeriSign, Inc  209.02                    Technology  2026-03-02 228.05  2026-03-03 235.42  3.23 
  VIK                      Viking Holdings Ltd  346.10 Hotels, Restaurants & Leisure   2026-03-02 74.04   2026-03-03 76.42  3.21 
 FICO                          Fair Isaac Corp  343.50                    Technology 2026-03-02 1407.54 2026-03-03 1448.02  2.88 
FCNCB First Citizens BancShares Inc (Delaware)  226.76                       Banking  2026-03-02 1605.0 2026-03-03 1648.98  2.74 
 ADSK                             Autodesk Inc  523.94                    Technology  2026-03-02 246.94   2026-03-03 253.4  2.62 
 SPOT                    Spotify Technology SA 1038.01                         Media  2026-03-02 507.28  2026-03-03 519.96  2.50 
  IBM     International Business Machines Corp 2230.97                    Technology  2026-03-02 239.37  2026-03-03 245.28  2.47 
 VEEV                        Veeva Systems Inc  299.19                   Health Care  2026-03-02 181.45  2026-03-03 185.91  2.46 
 FTNT                             Fortinet Inc  591.46                    Technology   2026-03-02 79.18    2026-03-03 81.1  2.42 
    T                                 AT&T Inc 1972.41             Telecommunication   2026-03-02 28.01   2026-03-03 28.67  2.36 
 SHOP                              Shopify Inc 1491.06                    Technology  2026-03-02 119.38  2026-03-03 121.87  2.09 
  ACN                            Accenture PLC 1278.98                    Technology  2026-03-02 205.93  2026-03-03 209.89  1.92 

=== 市值超过1000亿的涨跌榜前20名股票 ===
 股票代码                 公司名称                  市值(亿)           板块                昨天收盘               今天收盘        涨跌幅(%)
 ADBE                            Adobe Inc  1089.90         Technology  2026-03-02 260.88  2026-03-03 270.99  3.88 
 INTU                           Intuit Inc  1176.73         Technology  2026-03-02 419.06  2026-03-03 433.35  3.41 
 SPOT                Spotify Technology SA  1038.01              Media  2026-03-02 507.28  2026-03-03 519.96  2.50 
  IBM International Business Machines Corp  2230.97         Technology  2026-03-02 239.37  2026-03-03 245.28  2.47 
    T                             AT&T Inc  1972.41  Telecommunication   2026-03-02 28.01   2026-03-03 28.67  2.36 
 SHOP                          Shopify Inc  1491.06         Technology  2026-03-02 119.38  2026-03-03 121.87  2.09 
  ACN                        Accenture PLC  1278.98         Technology  2026-03-02 205.93  2026-03-03 209.89  1.92 
   VZ           Verizon Communications Inc  2114.75  Telecommunication   2026-03-02 49.98   2026-03-03 50.87  1.78 
  HCA                   HCA Healthcare Inc  1189.18        Health Care  2026-03-02 532.92   2026-03-03 541.8  1.67 
  CRM                       Salesforce Inc  1802.88         Technology  2026-03-02 192.95  2026-03-03 196.05  1.61 
 PLTR            Palantir Technologies Inc  3332.56         Technology  2026-03-02 145.17  2026-03-03 147.22  1.41 
  APP                        Applovin Corp  1399.94         Technology  2026-03-02 432.98  2026-03-03 438.89  1.36 
 MSFT                       Microsoft Corp 29429.25         Technology  2026-03-02 398.55  2026-03-03 403.93  1.35 
 TMUS                      T-Mobile US Inc  2381.46  Telecommunication  2026-03-02 216.11  2026-03-03 218.53  1.12 
  JPM                  JPMorgan Chase & Co  7962.45            Banking  2026-03-02 297.56  2026-03-03 300.26  0.91 
   MA                       Mastercard Inc  4675.95 Financial Services   2026-03-02 521.0  2026-03-03 524.32  0.64 
 NFLX                          Netflix Inc  4053.91              Media   2026-03-02 97.09    2026-03-03 97.7  0.63 
CMCSA                         Comcast Corp  1095.72  Telecommunication   2026-03-02 30.82   2026-03-03 31.01  0.62 
 UBER                Uber Technologies Inc  1537.62        Road & Rail   2026-03-02 75.95   2026-03-03 76.36  0.54 
 COST                Costco Wholesale Corp  4458.22             Retail 2026-03-02 1002.77 2026-03-03 1007.77  0.50 
