
=== 涨幅榜前20名股票 ===
股票代码                   公司名称                  市值(亿)               板块                    昨天收盘             今天收盘       涨跌幅(%)
ICCT                        iCoreConnect Inc  0.04                   Health Care  2025-04-02 2.07  2025-04-03 4.23 104.35
PTIX             Protagenic Therapeutics Inc  0.02                 Biotechnology  2025-04-02 0.23  2025-04-03 0.42  84.14
TCRT                Alaunos Therapeutics Inc  0.04                 Biotechnology   2025-04-02 2.8  2025-04-03 4.22  50.71
TIVC                Tivic Health Systems Inc  0.02                   Health Care  2025-04-02 3.25  2025-04-03 4.87  49.85
GNPX                             Genprex Inc  0.07                 Biotechnology  2025-04-02 0.29  2025-04-03 0.43  46.31
APVO                 Aptevo Therapeutics Inc  0.02                 Biotechnology  2025-04-02 1.38  2025-04-03 1.99  44.20
LOCL                       Local Bounti Corp  0.22                 Food Products   2025-04-02 2.1  2025-04-03 2.82  34.29
CGTL Creative Global Technology Holdings Ltd  0.89          Electrical Equipment  2025-04-02 4.15  2025-04-03 5.38  29.64
SPHL                 Springview Holdings Ltd  0.09             Consumer products  2025-04-02 0.42  2025-04-03 0.53  25.89
 JYD              Jayud Global Logistics Ltd  0.33    Logistics & Transportation  2025-04-02 0.35  2025-04-03 0.43  24.08
OPOF                Old Point Financial Corp  1.53                       Banking 2025-04-02 29.91 2025-04-03 36.82  23.10
TRNR                Interactive Strength Inc  0.07              Leisure Products   2025-04-02 0.9  2025-04-03 1.08  20.40
DGLY                        Digital Ally Inc  0.03          Electrical Equipment  2025-04-02 0.03  2025-04-03 0.04  20.00
CNTM       ConnectM Technology Solutions Inc  0.27          Electrical Equipment  2025-04-02 0.75  2025-04-03 0.88  17.17
LBGJ   Li Bang International Corporation Inc  0.20                     Machinery  2025-04-02 1.08  2025-04-03 1.26  16.67
ASPS       Altisource Portfolio Solutions SA  0.62                   Real Estate  2025-04-02 0.71  2025-04-03 0.82  15.96
ESLA               Estrella Immunopharma Inc  0.29                 Biotechnology  2025-04-02 0.81  2025-04-03 0.94  15.91
CISS                                C3is Inc  0.02                        Marine   2025-04-02 0.5  2025-04-03 0.58  15.50
VMAR          Vision Marine Technologies Inc  0.05              Leisure Products  2025-04-02 5.07  2025-04-03 5.79  14.20
 EJH   E-Home Household Service Holdings Ltd  1.98 Diversified Consumer Services  2025-04-02 1.08  2025-04-03 1.23  13.89

=== 市值超过20亿的涨幅榜前20名股票 ===
股票代码                公司名称                 市值(亿)          板块                昨天收盘              今天收盘       涨跌幅(%)
  GT          Goodyear Tire & Rubber Co   26.00    Auto Components   2025-04-02 9.12  2025-04-03 10.19 11.73 
DGNX                        Diginex Ltd   21.84         Technology  2025-04-02 94.99 2025-04-03 102.55  7.96 
 MOH              Molina Healthcare Inc  179.68        Health Care 2025-04-02 328.49 2025-04-03 353.24  7.53 
PAGS              PagSeguro Digital Ltd   26.34 Financial Services   2025-04-02 7.99    2025-04-03 8.5  6.38 
 DUO           Fangdd Network Group Ltd   94.70              Media   2025-04-02 0.28    2025-04-03 0.3  6.21 
STNE                        StoneCo Ltd   29.43 Financial Services  2025-04-02 10.73  2025-04-03 11.39  6.15 
 CNC                       Centene Corp  301.26        Health Care  2025-04-02 60.73  2025-04-03 64.29  5.86 
 ELV                Elevance Health Inc  976.09        Health Care 2025-04-02 429.33 2025-04-03 452.69  5.44 
  KR                          Kroger Co  444.58             Retail  2025-04-02 67.27  2025-04-03 70.74  5.16 
FSLR                    First Solar Inc  138.99     Semiconductors 2025-04-02 129.82 2025-04-03 136.23  4.94 
  DG                Dollar General Corp  198.39             Retail   2025-04-02 90.2  2025-04-03 94.41  4.67 
FCFS             Firstcash Holdings Inc   54.64 Financial Services 2025-04-02 122.08 2025-04-03 127.31  4.28 
  PM    Philip Morris International Inc 2428.22            Tobacco 2025-04-02 156.17 2025-04-03 162.07  3.78 
ALHC           Alignment Healthcare Inc   34.24        Health Care  2025-04-02 17.85  2025-04-03 18.51  3.70 
 COR                        Cencora Inc  542.02        Health Care 2025-04-02 279.51 2025-04-03 289.36  3.52 
 MCK                      Mckesson Corp  869.18        Health Care 2025-04-02 693.53 2025-04-03 716.93  3.37 
 UNH             UnitedHealth Group Inc 4785.78        Health Care  2025-04-02 523.2 2025-04-03 540.44  3.30 
TIGO Millicom International Cellular SA   50.82  Telecommunication  2025-04-02 29.53   2025-04-03 30.5  3.28 
  BJ   BJ's Wholesale Club Holdings Inc  151.39             Retail 2025-04-02 114.97 2025-04-03 118.49  3.06 
 DUK                   Duke Energy Corp  935.46          Utilities 2025-04-02 120.39 2025-04-03 124.05  3.04 

=== 市值超过50亿的涨幅榜前20名股票 ===
股票代码                公司名称                 市值(亿)          板块                昨天收盘              今天收盘       涨跌幅(%)
 MOH              Molina Healthcare Inc  179.68        Health Care 2025-04-02 328.49 2025-04-03 353.24  7.53 
 DUO           Fangdd Network Group Ltd   94.70              Media   2025-04-02 0.28    2025-04-03 0.3  6.21 
 CNC                       Centene Corp  301.26        Health Care  2025-04-02 60.73  2025-04-03 64.29  5.86 
 ELV                Elevance Health Inc  976.09        Health Care 2025-04-02 429.33 2025-04-03 452.69  5.44 
  KR                          Kroger Co  444.58             Retail  2025-04-02 67.27  2025-04-03 70.74  5.16 
FSLR                    First Solar Inc  138.99     Semiconductors 2025-04-02 129.82 2025-04-03 136.23  4.94 
  DG                Dollar General Corp  198.39             Retail   2025-04-02 90.2  2025-04-03 94.41  4.67 
FCFS             Firstcash Holdings Inc   54.64 Financial Services 2025-04-02 122.08 2025-04-03 127.31  4.28 
  PM    Philip Morris International Inc 2428.22            Tobacco 2025-04-02 156.17 2025-04-03 162.07  3.78 
 COR                        Cencora Inc  542.02        Health Care 2025-04-02 279.51 2025-04-03 289.36  3.52 
 MCK                      Mckesson Corp  869.18        Health Care 2025-04-02 693.53 2025-04-03 716.93  3.37 
 UNH             UnitedHealth Group Inc 4785.78        Health Care  2025-04-02 523.2 2025-04-03 540.44  3.30 
TIGO Millicom International Cellular SA   50.82  Telecommunication  2025-04-02 29.53   2025-04-03 30.5  3.28 
  BJ   BJ's Wholesale Club Holdings Inc  151.39             Retail 2025-04-02 114.97 2025-04-03 118.49  3.06 
 DUK                   Duke Energy Corp  935.46          Utilities 2025-04-02 120.39 2025-04-03 124.05  3.04 
 GIS                  General Mills Inc  324.12      Food Products  2025-04-02 59.19  2025-04-03 60.97  3.01 
  ED            Consolidated Edison Inc  386.90          Utilities 2025-04-02 109.58 2025-04-03 112.72  2.87 
 JNJ                  Johnson & Johnson 3743.94    Pharmaceuticals 2025-04-02 155.36 2025-04-03 159.82  2.87 
CCEP Coca-Cola Europacific Partners PLC  402.77          Beverages  2025-04-02 87.41  2025-04-03 89.82  2.76 
 EXC                        Exelon Corp  464.08          Utilities  2025-04-02 45.97  2025-04-03 47.23  2.74 

=== 市值超过100亿的涨幅榜前20名股票 ===
股票代码                公司名称                 市值(亿)          板块               昨天收盘              今天收盘       涨跌幅(%)
 MOH              Molina Healthcare Inc  179.68       Health Care 2025-04-02 328.49 2025-04-03 353.24  7.53 
 CNC                       Centene Corp  301.26       Health Care  2025-04-02 60.73  2025-04-03 64.29  5.86 
 ELV                Elevance Health Inc  976.09       Health Care 2025-04-02 429.33 2025-04-03 452.69  5.44 
  KR                          Kroger Co  444.58            Retail  2025-04-02 67.27  2025-04-03 70.74  5.16 
FSLR                    First Solar Inc  138.99    Semiconductors 2025-04-02 129.82 2025-04-03 136.23  4.94 
  DG                Dollar General Corp  198.39            Retail   2025-04-02 90.2  2025-04-03 94.41  4.67 
  PM    Philip Morris International Inc 2428.22           Tobacco 2025-04-02 156.17 2025-04-03 162.07  3.78 
 COR                        Cencora Inc  542.02       Health Care 2025-04-02 279.51 2025-04-03 289.36  3.52 
 MCK                      Mckesson Corp  869.18       Health Care 2025-04-02 693.53 2025-04-03 716.93  3.37 
 UNH             UnitedHealth Group Inc 4785.78       Health Care  2025-04-02 523.2 2025-04-03 540.44  3.30 
  BJ   BJ's Wholesale Club Holdings Inc  151.39            Retail 2025-04-02 114.97 2025-04-03 118.49  3.06 
 DUK                   Duke Energy Corp  935.46         Utilities 2025-04-02 120.39 2025-04-03 124.05  3.04 
 GIS                  General Mills Inc  324.12     Food Products  2025-04-02 59.19  2025-04-03 60.97  3.01 
  ED            Consolidated Edison Inc  386.90         Utilities 2025-04-02 109.58 2025-04-03 112.72  2.87 
 JNJ                  Johnson & Johnson 3743.94   Pharmaceuticals 2025-04-02 155.36 2025-04-03 159.82  2.87 
CCEP Coca-Cola Europacific Partners PLC  402.77         Beverages  2025-04-02 87.41  2025-04-03 89.82  2.76 
 EXC                        Exelon Corp  464.08         Utilities  2025-04-02 45.97  2025-04-03 47.23  2.74 
MDLZ         Mondelez International Inc  855.41     Food Products  2025-04-02 66.13   2025-04-03 67.9  2.68 
 HRL                  Hormel Foods Corp  168.38     Food Products  2025-04-02 30.62  2025-04-03 31.44  2.68 
  CL               Colgate-Palmolive Co  758.77 Consumer products  2025-04-02 93.55   2025-04-03 96.0  2.62 

=== 市值超过200亿的涨幅榜前20名股票 ===
股票代码                公司名称                 市值(亿)          板块                昨天收盘              今天收盘       涨跌幅(%)
 CNC                       Centene Corp  301.26        Health Care  2025-04-02 60.73  2025-04-03 64.29  5.86 
 ELV                Elevance Health Inc  976.09        Health Care 2025-04-02 429.33 2025-04-03 452.69  5.44 
  KR                          Kroger Co  444.58             Retail  2025-04-02 67.27  2025-04-03 70.74  5.16 
  PM    Philip Morris International Inc 2428.22            Tobacco 2025-04-02 156.17 2025-04-03 162.07  3.78 
 COR                        Cencora Inc  542.02        Health Care 2025-04-02 279.51 2025-04-03 289.36  3.52 
 MCK                      Mckesson Corp  869.18        Health Care 2025-04-02 693.53 2025-04-03 716.93  3.37 
 UNH             UnitedHealth Group Inc 4785.78        Health Care  2025-04-02 523.2 2025-04-03 540.44  3.30 
 DUK                   Duke Energy Corp  935.46          Utilities 2025-04-02 120.39 2025-04-03 124.05  3.04 
 GIS                  General Mills Inc  324.12      Food Products  2025-04-02 59.19  2025-04-03 60.97  3.01 
  ED            Consolidated Edison Inc  386.90          Utilities 2025-04-02 109.58 2025-04-03 112.72  2.87 
 JNJ                  Johnson & Johnson 3743.94    Pharmaceuticals 2025-04-02 155.36 2025-04-03 159.82  2.87 
CCEP Coca-Cola Europacific Partners PLC  402.77          Beverages  2025-04-02 87.41  2025-04-03 89.82  2.76 
 EXC                        Exelon Corp  464.08          Utilities  2025-04-02 45.97  2025-04-03 47.23  2.74 
MDLZ         Mondelez International Inc  855.41      Food Products  2025-04-02 66.13   2025-04-03 67.9  2.68 
  CL               Colgate-Palmolive Co  758.77  Consumer products  2025-04-02 93.55   2025-04-03 96.0  2.62 
  KO                       Coca-Cola Co 3069.73          Beverages  2025-04-02 71.33  2025-04-03 73.18  2.59 
 NEE                 Nextera Energy Inc 1449.79          Utilities  2025-04-02 70.48  2025-04-03 72.14  2.36 
 KHC                     Kraft Heinz Co  360.05      Food Products  2025-04-02 30.13  2025-04-03 30.81  2.26 
 CHD             Church & Dwight Co Inc  266.59  Consumer products 2025-04-02 108.32 2025-04-03 110.76  2.25 
 CME                      CME Group Inc  946.15 Financial Services 2025-04-02 262.54 2025-04-03 268.36  2.22 

=== 市值超过1000亿的涨跌榜前20名股票 ===
股票代码               公司名称               市值(亿)                板块                     昨天收盘              今天收盘       涨跌幅(%)
  PM Philip Morris International Inc 2428.22                       Tobacco 2025-04-02 156.17 2025-04-03 162.07  3.78 
 UNH          UnitedHealth Group Inc 4785.78                   Health Care  2025-04-02 523.2 2025-04-03 540.44  3.30 
 JNJ               Johnson & Johnson 3743.94               Pharmaceuticals 2025-04-02 155.36 2025-04-03 159.82  2.87 
  KO                    Coca-Cola Co 3069.73                     Beverages  2025-04-02 71.33  2025-04-03 73.18  2.59 
 NEE              Nextera Energy Inc 1449.79                     Utilities  2025-04-02 70.48  2025-04-03 72.14  2.36 
 MCD                 McDonald's Corp 2226.12 Hotels, Restaurants & Leisure 2025-04-02 311.58 2025-04-03 318.27  2.15 
 PGR                Progressive Corp 1648.59                     Insurance 2025-04-02 281.23  2025-04-03 287.0  2.05 
  VZ      Verizon Communications Inc 1883.42             Telecommunication  2025-04-02 44.74  2025-04-03 45.62  1.97 
  PG             Procter & Gamble Co 3974.52             Consumer products  2025-04-02 169.5 2025-04-03 172.39  1.71 
   T                        AT&T Inc 2019.94             Telecommunication  2025-04-02 28.14   2025-04-03 28.6  1.63 
 PEP                     PepsiCo Inc 2045.18                     Beverages 2025-04-02 149.12 2025-04-03 151.37  1.51 
AMGN                       Amgen Inc 1642.24                 Biotechnology  2025-04-02 305.7 2025-04-03 309.85  1.36 
TMUS                 T-Mobile US Inc 3020.60             Telecommunication 2025-04-02 264.56 2025-04-03 267.89  1.26 
GILD             Gilead Sciences Inc 1393.42                 Biotechnology 2025-04-02 111.89 2025-04-03 112.39  0.45 
 LMT            Lockheed Martin Corp 1065.99           Aerospace & Defense 2025-04-02 452.87 2025-04-03 454.78  0.42 
 TJX               TJX Companies Inc 1404.41                        Retail 2025-04-02 124.93 2025-04-03 125.43  0.40 
  CB                       Chubb Ltd 1207.40                     Insurance 2025-04-02 301.54 2025-04-03 302.46  0.31 
 MMC  Marsh & McLennan Companies Inc 1196.59                     Insurance 2025-04-02 243.64 2025-04-03 244.27  0.26 
COST           Costco Wholesale Corp 4281.90                        Retail 2025-04-02 965.08 2025-04-03 967.08  0.21 
VRTX      Vertex Pharmaceuticals Inc 1241.55                 Biotechnology 2025-04-02 483.49 2025-04-03 484.01  0.11 
