
=== 涨幅榜前20名股票 ===
 股票代码              公司名称             市值(亿)               板块                     昨天收盘             今天收盘       涨跌幅(%)
 SDOT               Sadot Group Inc  0.05                  Food Products  2026-06-25 6.18 2026-06-26 21.45 247.09
  IVF            INVO Fertility Inc  0.02                    Health Care  2026-06-25 1.24  2026-06-26 2.45  97.58
 INLF                     INLIF Ltd  0.01                      Machinery  2026-06-25 0.03  2026-06-26 0.05  55.67
 CRIS                     Curis Inc  0.08                  Biotechnology  2026-06-25 0.21  2026-06-26 0.32  52.86
 ILLR             Triller Group Inc  0.15             Financial Services  2026-06-25 3.05  2026-06-26 4.46  46.23
  ARL American Realty Investors Inc  2.59                    Real Estate 2026-06-25 16.03  2026-06-26 21.5  34.12
  AUC             ATIF Holdings Ltd  0.67          Professional Services   2026-06-25 6.5  2026-06-26 8.52  31.08
 CALC               CalciMedica Inc  0.13                Pharmaceuticals  2026-06-25 0.63  2026-06-26 0.82  30.34
 CABO                 Cable One Inc  2.31                          Media 2026-06-25 40.65 2026-06-26 52.87  30.06
  PED                  PEDEVCO Corp  1.58                         Energy  2026-06-25 11.9 2026-06-26 15.41  29.50
 RYOJ               rYojbaba Co Ltd  0.24                    Health Care  2026-06-25 2.09  2026-06-26 2.69  29.02
 LNZA          Lanzatech Global Inc  0.93 Commercial Services & Supplies  2026-06-25 5.52  2026-06-26 7.11  28.80
IOBTQ                IO Biotech Inc  0.00                  Biotechnology   2026-06-25 0.0  2026-06-26 0.01  27.50
 HKIT              Hitek Global Inc  0.02                     Technology  2026-06-25 0.22  2026-06-26 0.28  27.35
  RCT         RedCloud Holdings PLC  0.21                   Distributors  2026-06-25 0.28  2026-06-26 0.36  26.04
 PYXS            Pyxis Oncology Inc  1.75                  Biotechnology  2026-06-25 2.23  2026-06-26 2.77  24.22
 NNOX            Nano-X Imaging Ltd  0.76                    Health Care  2026-06-25 0.88  2026-06-26 1.09  24.00
 ATHR           Aether Holdings Inc  0.42             Financial Services  2026-06-25 3.45  2026-06-26 4.27  23.77
 FJET        Starfighters Space Inc  2.17            Aerospace & Defense  2026-06-25 4.38   2026-06-26 5.4  23.29
 FUBO                    FuboTV Inc  8.77                          Media  2026-06-25 8.09  2026-06-26 9.91  22.50

=== 市值超过20亿的涨幅榜前20名股票 ===
股票代码                  公司名称                  市值(亿)                板块                      昨天收盘              今天收盘       涨跌幅(%)
 SLS         Sellas Life Sciences Group Inc  23.05                  Biotechnology  2026-06-25 10.53  2026-06-26 12.39 17.66 
MRNA                            Moderna Inc 266.92                  Biotechnology  2026-06-25 59.75  2026-06-26 67.27 12.59 
IBRX                        Immunitybio Inc  81.59                  Biotechnology   2026-06-25 7.79   2026-06-26 8.71 11.81 
 CCC CCC Intelligent Solutions Holdings Inc  26.35                     Technology   2026-06-25 4.49   2026-06-26 5.01 11.58 
DKNG                         Draftkings Inc 127.51  Hotels, Restaurants & Leisure   2026-06-25 23.1   2026-06-26 25.7 11.26 
CHYM                    Chime Financial Inc  69.61             Financial Services  2026-06-25 18.27  2026-06-26 20.32 11.22 
FROG                              Jfrog Ltd  95.44                     Technology   2026-06-25 78.8  2026-06-26 87.58 11.14 
 FDS           Factset Research Systems Inc  76.08             Financial Services 2026-06-25 208.84 2026-06-26 231.74 10.97 
BFLY                  Butterfly Network Inc  20.95                    Health Care   2026-06-25 8.02   2026-06-26 8.89 10.85 
ABCL                Abcellera Biologics Inc  20.34 Life Sciences Tools & Services   2026-06-25 6.66   2026-06-26 7.38 10.81 
 FIG                              Figma Inc  88.98                     Technology  2026-06-25 16.84  2026-06-26 18.62 10.57 
 PAY                 Paymentus Holdings Inc  29.47             Financial Services  2026-06-25 21.27  2026-06-26 23.43 10.16 
TENB                   Tenable Holdings Inc  30.26                     Technology  2026-06-25 27.44  2026-06-26 30.22 10.13 
AADX        Applied Aerospace & Defense Inc  32.01            Aerospace & Defense  2026-06-25 18.75  2026-06-26 20.53  9.49 
PCOR               Procore Technologies Inc  57.79                     Technology   2026-06-25 38.3  2026-06-26 41.91  9.43 
  NP         Neptune Insurance Holdings Inc  41.46                      Insurance  2026-06-25 27.44  2026-06-26 29.97  9.22 
TTAN                       ServiceTitan Inc  60.48                     Technology   2026-06-25 63.4   2026-06-26 69.2  9.15 
MORN                        Morningstar Inc  53.94             Financial Services 2026-06-25 141.84 2026-06-26 154.65  9.03 
CLBT                      Cellebrite DI Ltd  31.50                     Technology  2026-06-25 12.63  2026-06-26 13.76  8.95 
HUBS                            HubSpot Inc  94.99                     Technology 2026-06-25 170.28 2026-06-26 185.47  8.92 

=== 市值超过50亿的涨幅榜前20名股票 ===
股票代码                公司名称               市值(亿)                板块                     昨天收盘              今天收盘       涨跌幅(%)
MRNA                       Moderna Inc 266.92                 Biotechnology  2026-06-25 59.75  2026-06-26 67.27 12.59 
IBRX                   Immunitybio Inc  81.59                 Biotechnology   2026-06-25 7.79   2026-06-26 8.71 11.81 
DKNG                    Draftkings Inc 127.51 Hotels, Restaurants & Leisure   2026-06-25 23.1   2026-06-26 25.7 11.26 
CHYM               Chime Financial Inc  69.61            Financial Services  2026-06-25 18.27  2026-06-26 20.32 11.22 
FROG                         Jfrog Ltd  95.44                    Technology   2026-06-25 78.8  2026-06-26 87.58 11.14 
 FDS      Factset Research Systems Inc  76.08            Financial Services 2026-06-25 208.84 2026-06-26 231.74 10.97 
 FIG                         Figma Inc  88.98                    Technology  2026-06-25 16.84  2026-06-26 18.62 10.57 
PCOR          Procore Technologies Inc  57.79                    Technology   2026-06-25 38.3  2026-06-26 41.91  9.43 
TTAN                  ServiceTitan Inc  60.48                    Technology   2026-06-25 63.4   2026-06-26 69.2  9.15 
MORN                   Morningstar Inc  53.94            Financial Services 2026-06-25 141.84 2026-06-26 154.65  9.03 
HUBS                       HubSpot Inc  94.99                    Technology 2026-06-25 170.28 2026-06-26 185.47  8.92 
ASTS               AST SpaceMobile Inc 254.69             Telecommunication  2026-06-25 65.62  2026-06-26 71.45  8.88 
DDOG Datadog Inc (Pre-Reincorporation) 786.46                    Technology 2026-06-25 220.94 2026-06-26 239.77  8.52 
VEEV                 Veeva Systems Inc 265.40                   Health Care 2026-06-25 158.08 2026-06-26 171.36  8.40 
 PSN                      Parsons Corp  50.33         Professional Services  2026-06-25 47.05  2026-06-26 50.94  8.27 
RYAN       Ryan Specialty Holdings Inc  94.79                     Insurance  2026-06-25 35.95  2026-06-26 38.88  8.15 
BROS                    Dutch Bros Inc 118.40 Hotels, Restaurants & Leisure   2026-06-25 66.6  2026-06-26 71.85  7.88 
FRMI                         Fermi Inc  60.51                   Real Estate    2026-06-25 8.8   2026-06-26 9.49  7.84 
MANH          Manhattan Associates Inc  75.65                    Technology 2026-06-25 127.87 2026-06-26 137.85  7.80 
CBRS              Cerebras Systems Inc 398.79                Semiconductors 2026-06-25 168.52 2026-06-26 181.59  7.76 

=== 市值超过100亿的涨幅榜前20名股票 ===
股票代码                公司名称                市值(亿)                 板块                     昨天收盘               今天收盘        涨跌幅(%)
MRNA                       Moderna Inc   266.92                 Biotechnology   2026-06-25 59.75   2026-06-26 67.27 12.59 
DKNG                    Draftkings Inc   127.51 Hotels, Restaurants & Leisure    2026-06-25 23.1    2026-06-26 25.7 11.26 
ASTS               AST SpaceMobile Inc   254.69             Telecommunication   2026-06-25 65.62   2026-06-26 71.45  8.88 
DDOG Datadog Inc (Pre-Reincorporation)   786.46                    Technology  2026-06-25 220.94  2026-06-26 239.77  8.52 
VEEV                 Veeva Systems Inc   265.40                   Health Care  2026-06-25 158.08  2026-06-26 171.36  8.40 
BROS                    Dutch Bros Inc   118.40 Hotels, Restaurants & Leisure    2026-06-25 66.6   2026-06-26 71.85  7.88 
CBRS              Cerebras Systems Inc   398.79                Semiconductors  2026-06-25 168.52  2026-06-26 181.59  7.76 
  DT                     Dynatrace Inc   126.41                    Technology   2026-06-25 40.28   2026-06-26 43.37  7.67 
 IOT                       Samsara Inc   169.39                    Technology   2026-06-25 28.98   2026-06-26 31.14  7.45 
 LLY                  Eli Lilly and Co 11377.37               Pharmaceuticals 2026-06-25 1127.69 2026-06-26 1208.12  7.13 
 APP                     Applovin Corp  1498.06                    Technology  2026-06-25 445.93  2026-06-26 477.08  6.99 
BIIB                        Biogen Inc   298.17                 Biotechnology  2026-06-25 201.96  2026-06-26 216.03  6.97 
CRCL         Circle Internet Group Inc   171.05                    Technology   2026-06-25 68.81   2026-06-26 73.57  6.92 
PINS                     Pinterest Inc   109.12                         Media   2026-06-25 19.48   2026-06-26 20.82  6.88 
  ZS                       Zscaler Inc   205.74                    Technology   2026-06-25 123.8  2026-06-26 132.26  6.83 
 MDB                       MongoDB Inc   236.55                    Technology   2026-06-25 294.1  2026-06-26 314.01  6.77 
GDDY                       GoDaddy Inc   105.07                    Technology   2026-06-25 79.35   2026-06-26 84.55  6.55 
  PS               Pershing Square Inc   118.48            Financial Services   2026-06-25 29.62   2026-06-26 31.54  6.48 
 MOH             Molina Healthcare Inc   112.56                   Health Care  2026-06-25 216.04  2026-06-26 229.74  6.34 
 TKO            TKO Group Holdings Inc   389.52                         Media   2026-06-25 203.8  2026-06-26 215.88  5.93 

=== 市值超过200亿的涨幅榜前20名股票 ===
股票代码                公司名称                市值(亿)           板块                昨天收盘               今天收盘        涨跌幅(%)
MRNA                       Moderna Inc   266.92      Biotechnology   2026-06-25 59.75   2026-06-26 67.27 12.59 
ASTS               AST SpaceMobile Inc   254.69  Telecommunication   2026-06-25 65.62   2026-06-26 71.45  8.88 
DDOG Datadog Inc (Pre-Reincorporation)   786.46         Technology  2026-06-25 220.94  2026-06-26 239.77  8.52 
VEEV                 Veeva Systems Inc   265.40        Health Care  2026-06-25 158.08  2026-06-26 171.36  8.40 
CBRS              Cerebras Systems Inc   398.79     Semiconductors  2026-06-25 168.52  2026-06-26 181.59  7.76 
 LLY                  Eli Lilly and Co 11377.37    Pharmaceuticals 2026-06-25 1127.69 2026-06-26 1208.12  7.13 
 APP                     Applovin Corp  1498.06         Technology  2026-06-25 445.93  2026-06-26 477.08  6.99 
BIIB                        Biogen Inc   298.17      Biotechnology  2026-06-25 201.96  2026-06-26 216.03  6.97 
  ZS                       Zscaler Inc   205.74         Technology   2026-06-25 123.8  2026-06-26 132.26  6.83 
 MDB                       MongoDB Inc   236.55         Technology   2026-06-25 294.1  2026-06-26 314.01  6.77 
 TKO            TKO Group Holdings Inc   389.52              Media   2026-06-25 203.8  2026-06-26 215.88  5.93 
INCY                       Incyte Corp   214.83      Biotechnology  2026-06-25 107.53  2026-06-26 113.75  5.78 
MSFT                    Microsoft Corp 27705.83         Technology  2026-06-25 352.83  2026-06-26 372.97  5.71 
  NU                  Nu Holdings Ltd.   605.63            Banking   2026-06-25 12.46   2026-06-26 13.17  5.70 
RDDT                        Reddit Inc   304.20              Media  2026-06-25 158.02  2026-06-26 166.94  5.64 
HOOD             Robinhood Markets Inc   842.45 Financial Services   2026-06-25 93.47   2026-06-26 98.69  5.58 
 BRO                 Brown & Brown Inc   206.18          Insurance   2026-06-25 60.83   2026-06-26 64.22  5.57 
UBER             Uber Technologies Inc  1551.13        Road & Rail   2026-06-25 72.25    2026-06-26 76.2  5.47 
 CRM                    Salesforce Inc  1230.06         Technology  2026-06-25 150.19  2026-06-26 158.37  5.45 
PLTR         Palantir Technologies Inc  2707.28         Technology  2026-06-25 107.27  2026-06-26 112.93  5.28 

=== 市值超过1000亿的涨跌榜前20名股票 ===
股票代码                 公司名称                  市值(亿)           板块                昨天收盘               今天收盘        涨跌幅(%)
 LLY                     Eli Lilly and Co 11377.37    Pharmaceuticals 2026-06-25 1127.69 2026-06-26 1208.12  7.13 
 APP                        Applovin Corp  1498.06         Technology  2026-06-25 445.93  2026-06-26 477.08  6.99 
MSFT                       Microsoft Corp 27705.83         Technology  2026-06-25 352.83  2026-06-26 372.97  5.71 
UBER                Uber Technologies Inc  1551.13        Road & Rail   2026-06-25 72.25    2026-06-26 76.2  5.47 
 CRM                       Salesforce Inc  1230.06         Technology  2026-06-25 150.19  2026-06-26 158.37  5.45 
PLTR            Palantir Technologies Inc  2707.28         Technology  2026-06-25 107.27  2026-06-26 112.93  5.28 
 SYK                         Stryker Corp  1211.84        Health Care  2026-06-25 316.11  2026-06-26 332.71  5.25 
 IBM International Business Machines Corp  2427.44         Technology  2026-06-25 258.27  2026-06-26 271.63  5.17 
SHOP                          Shopify Inc  1448.44         Technology  2026-06-25 111.62  2026-06-26 116.86  4.69 
ABBV                           AbbVie Inc  4295.78      Biotechnology  2026-06-25 243.14  2026-06-26 253.35  4.20 
NFLX                          Netflix Inc  3107.99              Media    2026-06-25 70.9   2026-06-26 73.81  4.10 
 PGR                     Progressive Corp  1310.90          Insurance  2026-06-25 215.54  2026-06-26 224.34  4.08 
 JNJ                    Johnson & Johnson  6130.22    Pharmaceuticals  2026-06-25 244.88  2026-06-26 254.66  3.99 
 BMY              Bristol-Myers Squibb Co  1131.10    Pharmaceuticals   2026-06-25 55.39   2026-06-26 57.52  3.85 
SPGI                       S&P Global Inc  1208.15 Financial Services  2026-06-25 395.14  2026-06-26 408.16  3.30 
GILD                 Gilead Sciences, Inc  1537.56      Biotechnology  2026-06-25 123.84  2026-06-26 127.88  3.26 
  CB                        Chubb Limited  1283.12          Insurance  2026-06-25 330.82  2026-06-26 341.44  3.21 
AAPL                            Apple Inc 40412.26         Technology  2026-06-25 275.15  2026-06-26 283.78  3.14 
 UNH               UnitedHealth Group Inc  3695.15        Health Care  2026-06-25 415.53  2026-06-26 427.89  2.97 
  KO                         Coca-Cola Co  3460.06          Beverages   2026-06-25 80.42   2026-06-26 82.63  2.75 
