
=== 涨幅榜前20名股票 ===
 股票代码                 公司名称                市值(亿)                板块                     昨天收盘            今天收盘        涨跌幅(%)
MAXNQ       Maxeon Solar Technologies Ltd   0.05                 Semiconductors 2026-07-21 0.01  2026-07-22 0.45 4400.00
 ZCMD                       Zhongchao Inc   0.02  Diversified Consumer Services 2026-07-21 1.47  2026-07-22 4.29  191.84
   PN             Skycorp Solar Group Ltd   0.58           Electrical Equipment 2026-07-21 4.03  2026-07-22 9.34  131.76
 LABT Lakewood-Amedex Biotherapeutics Inc   0.03                  Biotechnology 2026-07-21 1.86  2026-07-22 3.41   83.33
 ADVB                 Advanced Biomed Inc   0.12                    Health Care 2026-07-21 7.08 2026-07-22 12.25   73.02
 INLF                           INLIF Ltd   0.02                      Machinery 2026-07-21 2.23  2026-07-22 3.76   68.61
 KUST            Kustom Entertainment Inc   0.01           Electrical Equipment 2026-07-21 0.96  2026-07-22 1.41   46.87
 KSCP                     Knightscope Inc   0.25 Commercial Services & Supplies 2026-07-21 1.43  2026-07-22 2.08   45.45
 ZBAO               Zhibao Technology Inc   0.20                      Insurance 2026-07-21 0.18  2026-07-22 0.26   44.75
 SLNG              Stabilis Solutions Inc   0.65                         Energy  2026-07-21 3.5  2026-07-22 4.71   34.57
 PAPL             Pineapple Financial Inc   0.19             Financial Services 2026-07-21 0.76   2026-07-22 1.0   31.58
 RANI      Rani Therapeutics Holdings Inc   0.94                Pharmaceuticals 2026-07-21 0.69   2026-07-22 0.9   29.77
 CHAI                Core AI Holdings Inc   0.09                 Communications 2026-07-21 0.39   2026-07-22 0.5   27.88
 SORA                        AsiaStrategy   0.40                   Distributors 2026-07-21 1.61  2026-07-22 2.05   27.33
 BNBX                       BNB Plus Corp   0.01 Life Sciences Tools & Services 2026-07-21 0.08   2026-07-22 0.1   25.00
  GDC                GD Culture Group Ltd   0.06                          Media 2026-07-21 1.56  2026-07-22 1.94   24.36
 LOOP                 Loop Industries Inc   0.36                      Chemicals 2026-07-21 0.75  2026-07-22 0.93   23.36
 AIRJ          Airjoule Technologies Corp   2.73                      Machinery 2026-07-21 3.77   2026-07-22 4.6   22.02
 CARV                  Carver Bancorp Inc   0.07                        Banking 2026-07-21 1.47  2026-07-22 1.77   20.41
 SMCI            Super Micro Computer Inc 164.95                     Technology 2026-07-21 25.5 2026-07-22 30.56   19.84

=== 市值超过20亿的涨幅榜前20名股票 ===
 股票代码                 公司名称                  市值(亿)            板块                 昨天收盘              今天收盘       涨跌幅(%)
 SMCI             Super Micro Computer Inc  164.95            Technology   2026-07-21 25.5  2026-07-22 30.56 19.84 
   NG               NovaGold Resources Inc   24.70       Metals & Mining   2026-07-21 5.63   2026-07-22 6.21 10.30 
  PAG          Penske Automotive Group Inc  128.34                Retail 2026-07-21 195.19 2026-07-22 214.57  9.93 
 DELL                Dell Technologies Inc 2620.03            Technology 2026-07-21 404.15  2026-07-22 441.8  9.32 
 RIOT                   Riot Platforms Inc   81.26            Technology  2026-07-21 21.49  2026-07-22 23.38  8.79 
  EQT                             EQT Corp  311.49                Energy   2026-07-21 49.8  2026-07-22 54.01  8.45 
 PLSE                Pulse Biosciences Inc   20.94           Health Care  2026-07-21 30.26  2026-07-22 32.76  8.26 
 LQDA                        Liquidia Corp   71.93       Pharmaceuticals  2026-07-21 80.89  2026-07-22 87.04  7.60 
 CIFR                   Cipher Digital Inc   93.63            Technology  2026-07-21 22.89  2026-07-22 24.46  6.86 
  NRG                       NRG Energy Inc  277.66             Utilities  2026-07-21 131.6 2026-07-22 139.98  6.37 
 CACI               CACI International Inc   97.37 Professional Services 2026-07-21 440.76 2026-07-22 467.43  6.05 
 FTAI                    FTAI Aviation Ltd  215.68   Aerospace & Defense 2026-07-21 210.25 2026-07-22 222.49  5.82 
  RPM                RPM International Inc  129.58             Chemicals 2026-07-21 101.53 2026-07-22 107.43  5.81 
 SSMR Sunshine Silver Mining & Refining Co   20.35       Metals & Mining  2026-07-21 14.16  2026-07-22 14.96  5.65 
  CRK               Comstock Resources Inc   39.00                Energy  2026-07-21 13.28  2026-07-22 14.02  5.57 
   VG                   Venture Global Inc  349.30                Energy  2026-07-21 14.06  2026-07-22 14.82  5.41 
SLOIF                            Soitec SA   34.15        Semiconductors 2026-07-21 109.63  2026-07-22 115.5  5.35 
  KSS                           Kohls Corp   20.56                Retail  2026-07-21 18.13  2026-07-22 19.08  5.24 
  GPI               Group 1 Automotive Inc   37.08                Retail 2026-07-21 311.62 2026-07-22 327.93  5.23 
  EXE                   Expand Energy Corp  211.91                Energy  2026-07-21 88.58  2026-07-22 93.17  5.18 

=== 市值超过50亿的涨幅榜前20名股票 ===
股票代码              公司名称               市值(亿)            板块                 昨天收盘              今天收盘       涨跌幅(%)
SMCI       Super Micro Computer Inc  164.95            Technology   2026-07-21 25.5  2026-07-22 30.56 19.84 
 PAG    Penske Automotive Group Inc  128.34                Retail 2026-07-21 195.19 2026-07-22 214.57  9.93 
DELL          Dell Technologies Inc 2620.03            Technology 2026-07-21 404.15  2026-07-22 441.8  9.32 
RIOT             Riot Platforms Inc   81.26            Technology  2026-07-21 21.49  2026-07-22 23.38  8.79 
 EQT                       EQT Corp  311.49                Energy   2026-07-21 49.8  2026-07-22 54.01  8.45 
LQDA                  Liquidia Corp   71.93       Pharmaceuticals  2026-07-21 80.89  2026-07-22 87.04  7.60 
CIFR             Cipher Digital Inc   93.63            Technology  2026-07-21 22.89  2026-07-22 24.46  6.86 
 NRG                 NRG Energy Inc  277.66             Utilities  2026-07-21 131.6 2026-07-22 139.98  6.37 
CACI         CACI International Inc   97.37 Professional Services 2026-07-21 440.76 2026-07-22 467.43  6.05 
FTAI              FTAI Aviation Ltd  215.68   Aerospace & Defense 2026-07-21 210.25 2026-07-22 222.49  5.82 
 RPM          RPM International Inc  129.58             Chemicals 2026-07-21 101.53 2026-07-22 107.43  5.81 
  VG             Venture Global Inc  349.30                Energy  2026-07-21 14.06  2026-07-22 14.82  5.41 
 EXE             Expand Energy Corp  211.91                Energy  2026-07-21 88.58  2026-07-22 93.17  5.18 
 CME                  CME Group Inc  860.17    Financial Services 2026-07-21 237.38 2026-07-22 249.24  5.00 
AGCO                      AGCO Corp   80.95             Machinery 2026-07-21 111.79 2026-07-22 117.28  4.91 
 CEG      Constellation Energy Corp  941.64             Utilities 2026-07-21 262.22  2026-07-22 274.9  4.84 
  IP         International Paper Co  192.48             Packaging  2026-07-21 36.35  2026-07-22 38.09  4.79 
 AUR          Aurora Innovation Inc  123.75            Technology   2026-07-21 6.31   2026-07-22 6.61  4.75 
DOCN      DigitalOcean Holdings Inc  142.40            Technology 2026-07-21 136.45 2026-07-22 142.68  4.57 
AEIS Advanced Energy Industries Inc  115.50  Electrical Equipment 2026-07-21 303.71 2026-07-22 317.31  4.48 

=== 市值超过100亿的涨幅榜前20名股票 ===
股票代码              公司名称               市值(亿)           板块                 昨天收盘              今天收盘       涨跌幅(%)
SMCI       Super Micro Computer Inc  164.95           Technology   2026-07-21 25.5  2026-07-22 30.56 19.84 
 PAG    Penske Automotive Group Inc  128.34               Retail 2026-07-21 195.19 2026-07-22 214.57  9.93 
DELL          Dell Technologies Inc 2620.03           Technology 2026-07-21 404.15  2026-07-22 441.8  9.32 
 EQT                       EQT Corp  311.49               Energy   2026-07-21 49.8  2026-07-22 54.01  8.45 
 NRG                 NRG Energy Inc  277.66            Utilities  2026-07-21 131.6 2026-07-22 139.98  6.37 
FTAI              FTAI Aviation Ltd  215.68  Aerospace & Defense 2026-07-21 210.25 2026-07-22 222.49  5.82 
 RPM          RPM International Inc  129.58            Chemicals 2026-07-21 101.53 2026-07-22 107.43  5.81 
  VG             Venture Global Inc  349.30               Energy  2026-07-21 14.06  2026-07-22 14.82  5.41 
 EXE             Expand Energy Corp  211.91               Energy  2026-07-21 88.58  2026-07-22 93.17  5.18 
 CME                  CME Group Inc  860.17   Financial Services 2026-07-21 237.38 2026-07-22 249.24  5.00 
 CEG      Constellation Energy Corp  941.64            Utilities 2026-07-21 262.22  2026-07-22 274.9  4.84 
  IP         International Paper Co  192.48            Packaging  2026-07-21 36.35  2026-07-22 38.09  4.79 
 AUR          Aurora Innovation Inc  123.75           Technology   2026-07-21 6.31   2026-07-22 6.61  4.75 
DOCN      DigitalOcean Holdings Inc  142.40           Technology 2026-07-21 136.45 2026-07-22 142.68  4.57 
AEIS Advanced Energy Industries Inc  115.50 Electrical Equipment 2026-07-21 303.71 2026-07-22 317.31  4.48 
  AR          Antero Resources Corp  104.91               Energy  2026-07-21 33.86  2026-07-22 35.27  4.16 
  AA                     Alcoa Corp  117.04      Metals & Mining  2026-07-21 44.35  2026-07-22 46.17  4.10 
IESC               IES Holdings Inc  129.09         Construction 2026-07-21 647.92  2026-07-22 674.2  4.06 
SCCO           Southern Copper Corp 1568.62      Metals & Mining 2026-07-21 188.01 2026-07-22 195.48  3.97 
 FCX           Freeport-McMoRan Inc  899.34      Metals & Mining  2026-07-21 62.56   2026-07-22 65.0  3.90 

=== 市值超过200亿的涨幅榜前20名股票 ===
股票代码             公司名称             市值(亿)           板块                昨天收盘              今天收盘       涨跌幅(%)
DELL       Dell Technologies Inc 2620.03          Technology 2026-07-21 404.15  2026-07-22 441.8  9.32 
 EQT                    EQT Corp  311.49              Energy   2026-07-21 49.8  2026-07-22 54.01  8.45 
 NRG              NRG Energy Inc  277.66           Utilities  2026-07-21 131.6 2026-07-22 139.98  6.37 
FTAI           FTAI Aviation Ltd  215.68 Aerospace & Defense 2026-07-21 210.25 2026-07-22 222.49  5.82 
  VG          Venture Global Inc  349.30              Energy  2026-07-21 14.06  2026-07-22 14.82  5.41 
 EXE          Expand Energy Corp  211.91              Energy  2026-07-21 88.58  2026-07-22 93.17  5.18 
 CME               CME Group Inc  860.17  Financial Services 2026-07-21 237.38 2026-07-22 249.24  5.00 
 CEG   Constellation Energy Corp  941.64           Utilities 2026-07-21 262.22  2026-07-22 274.9  4.84 
SCCO        Southern Copper Corp 1568.62     Metals & Mining 2026-07-21 188.01 2026-07-22 195.48  3.97 
 FCX        Freeport-McMoRan Inc  899.34     Metals & Mining  2026-07-21 62.56   2026-07-22 65.0  3.90 
PCAR                  Paccar Inc  664.44           Machinery 2026-07-21 126.25 2026-07-22 131.11  3.85 
HONA     Honeywell Aerospace Inc  634.21 Aerospace & Defense 2026-07-21 200.14 2026-07-22 207.78  3.82 
STRL Sterling Infrastructure Inc  213.08        Construction  2026-07-21 694.4 2026-07-22 719.34  3.59 
 PCG                   PG&E Corp  385.17           Utilities  2026-07-21 17.49  2026-07-22 18.11  3.54 
 NEM         Newmont Corporation  987.38     Metals & Mining  2026-07-21 92.49  2026-07-22 95.75  3.52 
   T                    AT&T Inc 1546.70   Telecommunication  2026-07-21 22.26  2026-07-22 23.04  3.50 
  DE                  Deere & Co 1584.21           Machinery 2026-07-21 586.88 2026-07-22 607.33  3.48 
ALAB            Astera Labs, Inc  548.15      Semiconductors 2026-07-21 319.79 2026-07-22 330.89  3.47 
  AU       Anglogold Ashanti PLC  396.43     Metals & Mining   2026-07-21 78.5  2026-07-22 81.17  3.40 
 TPL     Texas Pacific Land Corp  288.94              Energy 2026-07-21 418.91  2026-07-22 433.1  3.39 

=== 市值超过1000亿的涨跌榜前20名股票 ===
 股票代码               公司名称               市值(亿)            板块                昨天收盘               今天收盘        涨跌幅(%)
 DELL           Dell Technologies Inc  2620.03          Technology  2026-07-21 404.15   2026-07-22 441.8  9.32 
 SCCO            Southern Copper Corp  1568.62     Metals & Mining  2026-07-21 188.01  2026-07-22 195.48  3.97 
    T                        AT&T Inc  1546.70   Telecommunication   2026-07-21 22.26   2026-07-22 23.04  3.50 
   DE                      Deere & Co  1584.21           Machinery  2026-07-21 586.88  2026-07-22 607.33  3.48 
   PM Philip Morris International Inc  2930.71             Tobacco  2026-07-21 188.04   2026-07-22 194.3  3.33 
 AVGO                    Broadcom Inc 18388.05      Semiconductors   2026-07-21 386.5  2026-07-22 396.81  2.67 
EADSF                       Airbus SE  1531.95 Aerospace & Defense   2026-07-21 228.9   2026-07-22 235.0  2.66 
 NVDA                     NVIDIA Corp 50164.18      Semiconductors  2026-07-21 207.29  2026-07-22 212.06  2.30 
   SO                     Southern Co  1057.97           Utilities   2026-07-21 93.85    2026-07-22 95.8  2.08 
  JNJ               Johnson & Johnson  6032.73     Pharmaceuticals  2026-07-21 250.61  2026-07-22 255.63  2.00 
   BA                       Boeing Co  1614.44 Aerospace & Defense   2026-07-21 204.8  2026-07-22 208.65  1.88 
  STX Seagate Technology Holdings PLC  1999.74          Technology  2026-07-21 891.83   2026-07-22 908.1  1.82 
  XOM                Exxon Mobil Corp  5880.02              Energy  2026-07-21 151.71  2026-07-22 154.45  1.81 
  BLK                   BlackRock Inc  1688.20  Financial Services 2026-07-21 1038.24 2026-07-22 1056.63  1.77 
  NEE              Nextera Energy Inc  1833.87           Utilities   2026-07-21 87.93   2026-07-22 89.41  1.68 
  TTE                TotalEnergies SE  1625.26              Energy   2026-07-21 83.53   2026-07-22 84.91  1.65 
 MRVL          Marvell Technology Inc  1821.24      Semiconductors  2026-07-21 207.96  2026-07-22 210.99  1.46 
  AMD      Advanced Micro Devices Inc  8877.48      Semiconductors  2026-07-21 544.43  2026-07-22 552.33  1.45 
  LMT            Lockheed Martin Corp  1169.17 Aerospace & Defense  2026-07-21 507.09  2026-07-22 514.36  1.43 
 QCOM                    Qualcomm Inc  1828.69      Semiconductors   2026-07-21 173.5  2026-07-22 175.63  1.23 
