
=== 涨幅榜前20名股票 ===
 股票代码             公司名称            市值(亿)                板块                     昨天收盘              今天收盘        涨跌幅(%)
  SMX  SMX (Security Matters) PLC   0.73          Electrical Equipment   2026-02-05 8.35   2026-02-06 15.83 89.58 
 PLSE       Pulse Biosciences Inc   9.28                   Health Care  2026-02-05 13.69   2026-02-06 20.75 51.57 
 CCHH            CCH Holdings Ltd   0.07 Hotels, Restaurants & Leisure   2026-02-05 0.38    2026-02-06 0.57 50.66 
LBTYB          Liberty Global Ltd  38.01             Telecommunication  2026-02-05 12.03   2026-02-06 18.01 49.71 
 LIPO Lipella Pharmaceuticals Inc   0.01                 Biotechnology   2026-02-05 0.17    2026-02-06 0.25 46.14 
 HURA      TuHURA Biosciences Inc   0.27                 Biotechnology   2026-02-05 0.44    2026-02-06 0.63 42.95 
 JZXN          Jiuzi Holdings Inc   0.02                        Retail   2026-02-05 1.17    2026-02-06 1.67 42.74 
 RVSN             Rail Vision Ltd   0.09          Electrical Equipment   2026-02-05 4.19    2026-02-06 5.83 39.14 
 BILL           BILL Holdings Inc  35.74                    Technology  2026-02-05 35.68   2026-02-06 48.94 37.16 
 SLNH         Soluna Holdings Inc   0.75                    Technology   2026-02-05 0.76    2026-02-06 1.02 34.21 
 BGMS  Bio Green Med Solution Inc   0.04                 Biotechnology   2026-02-05 0.83    2026-02-06 1.11 33.73 
 DVLT            Datavault AI Inc   3.72                Semiconductors   2026-02-05 0.64    2026-02-06 0.85 32.84 
 FCUV         Focus Universal Inc   0.04          Electrical Equipment   2026-02-05 0.51    2026-02-06 0.67 30.16 
 FLYX            Flyexclusive Inc   2.18                      Airlines   2026-02-05 2.33    2026-02-06 3.03 30.04 
 RVYL                   Ryvyl Inc   0.05            Financial Services   2026-02-05 5.31    2026-02-06 6.89 29.76 
 LUMN      Lumen Technologies Inc  82.67             Telecommunication   2026-02-05 6.23    2026-02-06 8.06 29.37 
 PRLB              Proto Labs Inc  12.43                     Machinery  2026-02-05 52.48   2026-02-06 67.17 27.99 
 UOKA                    MDJM Ltd   0.01                   Real Estate   2026-02-05 0.94    2026-02-06 1.19 26.33 
 MSTR                Strategy Inc 307.44                    Technology 2026-02-05 106.99  2026-02-06 134.93 26.11 
LTSSF           Lotus Bakeries NV  83.23                 Food Products 2026-02-05 9800.0 2026-02-06 12350.0 26.02 

=== 市值超过20亿的涨幅榜前20名股票 ===
 股票代码          公司名称          市值(亿)                 板块                       昨天收盘              今天收盘        涨跌幅(%)
LBTYB     Liberty Global Ltd  38.01                Telecommunication  2026-02-05 12.03   2026-02-06 18.01 49.71 
 BILL      BILL Holdings Inc  35.74                       Technology  2026-02-05 35.68   2026-02-06 48.94 37.16 
 LUMN Lumen Technologies Inc  82.67                Telecommunication   2026-02-05 6.23    2026-02-06 8.06 29.37 
 MSTR           Strategy Inc 307.44                       Technology 2026-02-05 106.99  2026-02-06 134.93 26.11 
LTSSF      Lotus Bakeries NV  83.23                    Food Products 2026-02-05 9800.0 2026-02-06 12350.0 26.02 
 APLD   Applied Digital Corp  77.85                       Technology  2026-02-05 27.84   2026-02-06 34.95 25.52 
 MARA      MARA Holdings Inc  25.45                       Technology   2026-02-05 6.73    2026-02-06 8.24 22.44 
 ROIV   Roivant Sciences Ltd 147.03                    Biotechnology  2026-02-05 21.14   2026-02-06 25.82 22.14 
 CLSK         CleanSpark Inc  21.14                       Technology   2026-02-05 8.27   2026-02-06 10.08 21.96 
 QBTS     D-Wave Quantum Inc  64.23                       Technology  2026-02-05 17.21   2026-02-06 20.72 20.40 
  UAA       Under Armour Inc  26.36 Textiles, Apparel & Luxury Goods   2026-02-05 6.28    2026-02-06 7.56 20.38 
 RIOT     Riot Platforms Inc  44.84                       Technology  2026-02-05 12.06   2026-02-06 14.45 19.82 
   UA       Under Armour Inc  31.73 Textiles, Apparel & Luxury Goods   2026-02-05 6.15    2026-02-06 7.34 19.35 
 ALAB        Astera Labs Inc 241.23                   Semiconductors 2026-02-05 142.82  2026-02-06 169.85 18.93 
 LUNR Intuitive Machines Inc  26.65              Aerospace & Defense  2026-02-05 14.79   2026-02-06 17.52 18.46 
 RGTI  Rigetti Computing Inc  49.42                   Semiconductors  2026-02-05 14.98   2026-02-06 17.71 18.26 
  SMR     Nuscale Power Corp  53.07             Electrical Equipment  2026-02-05 14.84   2026-02-06 17.53 18.13 
 NVST  Envista Holdings Corp  40.63                      Health Care  2026-02-05 24.71    2026-02-06 29.1 17.77 
 DAVE               Dave Inc  21.06               Financial Services 2026-02-05 155.92  2026-02-06 183.22 17.51 
 NBIS        Nebius Group NV 186.01                       Technology  2026-02-05 73.87    2026-02-06 86.1 16.56 

=== 市值超过50亿的涨幅榜前20名股票 ===
 股票代码                公司名称                市值(亿)           板块                 昨天收盘              今天收盘        涨跌幅(%)
 LUMN             Lumen Technologies Inc  82.67    Telecommunication   2026-02-05 6.23    2026-02-06 8.06 29.37 
 MSTR                       Strategy Inc 307.44           Technology 2026-02-05 106.99  2026-02-06 134.93 26.11 
LTSSF                  Lotus Bakeries NV  83.23        Food Products 2026-02-05 9800.0 2026-02-06 12350.0 26.02 
 APLD               Applied Digital Corp  77.85           Technology  2026-02-05 27.84   2026-02-06 34.95 25.52 
 ROIV               Roivant Sciences Ltd 147.03        Biotechnology  2026-02-05 21.14   2026-02-06 25.82 22.14 
 QBTS                 D-Wave Quantum Inc  64.23           Technology  2026-02-05 17.21   2026-02-06 20.72 20.40 
 ALAB                    Astera Labs Inc 241.23       Semiconductors 2026-02-05 142.82  2026-02-06 169.85 18.93 
  SMR                 Nuscale Power Corp  53.07 Electrical Equipment  2026-02-05 14.84   2026-02-06 17.53 18.13 
 NBIS                    Nebius Group NV 186.01           Technology  2026-02-05 73.87    2026-02-06 86.1 16.56 
 CIFR                  Cipher Mining Inc  58.20           Technology   2026-02-05 12.7   2026-02-06 14.73 15.98 
 IONQ                           IONQ Inc 107.81           Technology  2026-02-05 30.43   2026-02-06 34.99 14.99 
 OKLO                           Oklo Inc  97.09            Utilities  2026-02-05 62.14    2026-02-06 71.1 14.42 
 HOOD              Robinhood Markets Inc 653.53   Financial Services  2026-02-05 72.68   2026-02-06 82.82 13.95 
   FN                           Fabrinet 158.60 Electrical Equipment  2026-02-05 442.7  2026-02-06 503.99 13.84 
 CRDO Credo Technology Group Holding Ltd 201.22       Semiconductors  2026-02-05 98.06   2026-02-06 111.4 13.60 
 CRCL          Circle Internet Group Inc 118.28           Technology  2026-02-05 50.23   2026-02-06 57.04 13.56 
  AUR              Aurora Innovation Inc  73.16           Technology   2026-02-05 3.78    2026-02-06 4.28 13.23 
 COIN                Coinbase Global Inc 394.02   Financial Services 2026-02-05 146.12  2026-02-06 165.12 13.00 
 ACHR                Archer Aviation Inc  53.48  Aerospace & Defense   2026-02-05 6.49     2026-02-06 7.3 12.48 
  CDE                   Coeur Mining Inc 122.71      Metals & Mining  2026-02-05 19.11   2026-02-06 21.44 12.19 

=== 市值超过100亿的涨幅榜前20名股票 ===
股票代码                    公司名称                   市值(亿)           板块                 昨天收盘              今天收盘       涨跌幅(%)
MSTR                              Strategy Inc 307.44           Technology 2026-02-05 106.99 2026-02-06 134.93 26.11 
ROIV                      Roivant Sciences Ltd 147.03        Biotechnology  2026-02-05 21.14  2026-02-06 25.82 22.14 
ALAB                           Astera Labs Inc 241.23       Semiconductors 2026-02-05 142.82 2026-02-06 169.85 18.93 
NBIS                           Nebius Group NV 186.01           Technology  2026-02-05 73.87   2026-02-06 86.1 16.56 
IONQ                                  IONQ Inc 107.81           Technology  2026-02-05 30.43  2026-02-06 34.99 14.99 
HOOD                     Robinhood Markets Inc 653.53   Financial Services  2026-02-05 72.68  2026-02-06 82.82 13.95 
  FN                                  Fabrinet 158.60 Electrical Equipment  2026-02-05 442.7 2026-02-06 503.99 13.84 
CRDO        Credo Technology Group Holding Ltd 201.22       Semiconductors  2026-02-05 98.06  2026-02-06 111.4 13.60 
CRCL                 Circle Internet Group Inc 118.28           Technology  2026-02-05 50.23  2026-02-06 57.04 13.56 
COIN                       Coinbase Global Inc 394.02   Financial Services 2026-02-05 146.12 2026-02-06 165.12 13.00 
 CDE                          Coeur Mining Inc 122.71      Metals & Mining  2026-02-05 19.11  2026-02-06 21.44 12.19 
AMKR                      Amkor Technology Inc 109.43       Semiconductors  2026-02-05 44.27  2026-02-06 49.36 11.50 
SMCI                  Super Micro Computer Inc 184.17           Technology  2026-02-05 30.85  2026-02-06 34.38 11.44 
 SYM                              Symbotic Inc 319.33            Machinery  2026-02-05 53.78  2026-02-06 59.74 11.08 
ENTG                              Entegris Inc 185.51       Semiconductors 2026-02-05 110.33 2026-02-06 122.37 10.91 
KTOS Kratos Defense and Security Solutions Inc 143.94  Aerospace & Defense  2026-02-05 85.25  2026-02-06 94.41 10.74 
 TER                              Teradyne Inc 424.61       Semiconductors 2026-02-05 271.13 2026-02-06 300.11 10.69 
PSTG                          Pure Storage Inc 212.23           Technology  2026-02-05 64.28  2026-02-06 70.99 10.44 
ONTO                       Onto Innovation Inc 102.19       Semiconductors 2026-02-05 188.86  2026-02-06 208.5 10.40 
 VRT                        Vertiv Holdings Co 728.76 Electrical Equipment 2026-02-05 177.75 2026-02-06 195.58 10.03 

=== 市值超过200亿的涨幅榜前20名股票 ===
股票代码                公司名称                 市值(亿)           板块                 昨天收盘               今天收盘        涨跌幅(%)
MSTR                       Strategy Inc  307.44           Technology  2026-02-05 106.99  2026-02-06 134.93 26.11 
ALAB                    Astera Labs Inc  241.23       Semiconductors  2026-02-05 142.82  2026-02-06 169.85 18.93 
HOOD              Robinhood Markets Inc  653.53   Financial Services   2026-02-05 72.68   2026-02-06 82.82 13.95 
CRDO Credo Technology Group Holding Ltd  201.22       Semiconductors   2026-02-05 98.06   2026-02-06 111.4 13.60 
COIN                Coinbase Global Inc  394.02   Financial Services  2026-02-05 146.12  2026-02-06 165.12 13.00 
 SYM                       Symbotic Inc  319.33            Machinery   2026-02-05 53.78   2026-02-06 59.74 11.08 
 TER                       Teradyne Inc  424.61       Semiconductors  2026-02-05 271.13  2026-02-06 300.11 10.69 
PSTG                   Pure Storage Inc  212.23           Technology   2026-02-05 64.28   2026-02-06 70.99 10.44 
 VRT                 Vertiv Holdings Co  728.76 Electrical Equipment  2026-02-05 177.75  2026-02-06 195.58 10.03 
RBLX                        Roblox Corp  425.16                Media   2026-02-05 60.57   2026-02-06 66.42  9.66 
LITE              Lumentum Holdings Inc  360.16       Communications  2026-02-05 504.42  2026-02-06 551.99  9.43 
 UAL       United Airlines Holdings Inc  343.45             Airlines  2026-02-05 106.09  2026-02-06 115.91  9.26 
ASTS                AST SpaceMobile Inc  342.68    Telecommunication   2026-02-05 93.27  2026-02-06 101.79  9.13 
RKLB                    Rocket Lab Corp  354.25  Aerospace & Defense   2026-02-05 66.32   2026-02-06 72.32  9.05 
COHR                      Coherent Corp  328.83 Electrical Equipment  2026-02-05 209.24  2026-02-06 227.68  8.81 
BIIB                         Biogen Inc  271.93        Biotechnology  2026-02-05 185.36  2026-02-06 201.18  8.53 
KLAC                           KLA Corp 1744.67       Semiconductors 2026-02-05 1331.03 2026-02-06 1442.95  8.41 
 APP                      Applovin Corp 1268.11           Technology  2026-02-05 375.23  2026-02-06 406.72  8.39 
LRCX                  Lam Research Corp 2663.75       Semiconductors  2026-02-05 213.31  2026-02-06 231.01  8.30 
 AMD         Advanced Micro Devices Inc 3138.54       Semiconductors   2026-02-05 192.5  2026-02-06 208.44  8.28 

=== 市值超过1000亿的涨跌榜前20名股票 ===
 股票代码              公司名称              市值(亿)            板块                 昨天收盘               今天收盘        涨跌幅(%)
 KLAC                      KLA Corp  1744.67       Semiconductors 2026-02-05 1331.03 2026-02-06 1442.95  8.41 
  APP                 Applovin Corp  1268.11           Technology  2026-02-05 375.23  2026-02-06 406.72  8.39 
 LRCX             Lam Research Corp  2663.75       Semiconductors  2026-02-05 213.31  2026-02-06 231.01  8.30 
  AMD    Advanced Micro Devices Inc  3138.54       Semiconductors   2026-02-05 192.5  2026-02-06 208.44  8.28 
 NVDA                   NVIDIA Corp 41766.84       Semiconductors  2026-02-05 171.88  2026-02-06 185.41  7.87 
 IBKR Interactive Brokers Group Inc  1265.12   Financial Services   2026-02-05 69.49   2026-02-06 74.59  7.34 
 AVGO                  Broadcom Inc 14722.13       Semiconductors  2026-02-05 310.51  2026-02-06 332.92  7.22 
  CAT               Caterpillar Inc  3174.35            Machinery  2026-02-05 678.31   2026-02-06 726.2  7.06 
 ANET           Arista Networks Inc  1731.39       Communications  2026-02-05 128.67  2026-02-06 137.49  6.85 
  APH                 Amphenol Corp  1667.53 Electrical Equipment  2026-02-05 127.63  2026-02-06 136.23  6.74 
  NEM           Newmont Corporation  1184.35      Metals & Mining  2026-02-05 108.53  2026-02-06 115.32  6.26 
 AMAT         Applied Materials Inc  2410.47       Semiconductors  2026-02-05 303.99  2026-02-06 322.51  6.09 
    C                 Citigroup Inc  2070.90              Banking  2026-02-05 115.74  2026-02-06 122.69  6.00 
  GEV                GE Vernova Inc  1987.86 Electrical Equipment  2026-02-05 737.53  2026-02-06 779.35  5.67 
 SCCO          Southern Copper Corp  1551.86      Metals & Mining  2026-02-05 189.46  2026-02-06 200.04  5.58 
  ETN         Eaton Corporation PLC  1377.54 Electrical Equipment  2026-02-05 354.67  2026-02-06 373.82  5.40 
 INTC                    Intel Corp  2409.59       Semiconductors   2026-02-05 48.24   2026-02-06 50.59  4.87 
   GE           General Electric Co  3213.25  Aerospace & Defense  2026-02-05 306.37   2026-02-06 321.0  4.78 
ASMLF               ASML Holding NV  4391.30       Semiconductors 2026-02-05 1343.23 2026-02-06 1406.39  4.70 
 ORCL                   Oracle Corp  3922.56           Technology  2026-02-05 136.48  2026-02-06 142.82  4.65 
