
=== 涨幅榜前20名股票 ===
股票代码                公司名称                市值(亿)           板块               昨天收盘             今天收盘        涨跌幅(%)
ZYBT  Zhengye Biotechnology Holding Ltd   0.25     Pharmaceuticals   2026-07-17 0.7  2026-07-20 8.01 1047.56
ADVB                Advanced Biomed Inc   0.08         Health Care  2026-07-17 5.03   2026-07-20 8.9   76.94
 GMM                 Global Mofy AI Ltd   0.07               Media  2026-07-17 2.56  2026-07-20 3.51   37.11
LVLU Lulu's Fashion Lounge Holdings Inc   0.36              Retail 2026-07-17 12.56 2026-07-20 16.62   32.30
ONCO                      Onconetix Inc   0.03       Biotechnology  2026-07-17 0.76   2026-07-20 1.0   31.58
 AMC     AMC Entertainment Holdings Inc  17.32               Media  2026-07-17 1.94  2026-07-20 2.46   26.80
AGPU                    Axe Compute Inc   0.78         Health Care  2026-07-17 6.87  2026-07-20 8.71   26.78
NUAI       New Era Energy & Digital Inc   4.13              Energy  2026-07-17 4.07  2026-07-20 5.15   26.38
SKYQ                     Sky Quarry Inc   0.18              Energy   2026-07-17 3.8  2026-07-20 4.74   24.74
STIM                    Neuronetics Inc   1.41         Health Care  2026-07-17 1.62  2026-07-20 2.02   24.69
GREE  Greenidge Generation Holdings Inc   0.36          Technology  2026-07-17 1.71  2026-07-20 2.13   24.56
EUDA           EUDA Health Holdings Ltd   0.34         Health Care  2026-07-17 11.3 2026-07-20 13.62   20.53
SLNH                Soluna Holdings Inc   1.78          Technology  2026-07-17 1.13  2026-07-20 1.36   20.35
ACHR                Archer Aviation Inc  33.73 Aerospace & Defense  2026-07-17 4.44  2026-07-20 5.31   19.59
IREN                           IREN Ltd 119.98          Technology 2026-07-17 33.62  2026-07-20 40.2   19.57
HIHO               Highway Holdings Ltd   0.04           Machinery  2026-07-17 0.78  2026-07-20 0.93   19.18
LASE               Laser Photonics Corp   0.44           Machinery  2026-07-17 0.93  2026-07-20 1.09   17.71
CIFR                 Cipher Digital Inc  71.83          Technology 2026-07-17 17.56 2026-07-20 20.54   16.97
 MRT             Marti Technologies Inc   1.38         Road & Rail   2026-07-17 1.6  2026-07-20 1.87   16.87
PHOE          Phoenix Asia Holdings Ltd   6.77        Construction 2026-07-17 31.32  2026-07-20 36.5   16.54

=== 市值超过20亿的涨幅榜前20名股票 ===
 股票代码            公司名称           市值(亿)                板块                     昨天收盘              今天收盘       涨跌幅(%)
 ACHR       Archer Aviation Inc  33.73           Aerospace & Defense   2026-07-17 4.44   2026-07-20 5.31 19.59 
 IREN                  IREN Ltd 119.98                    Technology  2026-07-17 33.62   2026-07-20 40.2 19.57 
 CIFR        Cipher Digital Inc  71.83                    Technology  2026-07-17 17.56  2026-07-20 20.54 16.97 
   XE              X-Energy Inc  87.90          Electrical Equipment  2026-07-17 14.02  2026-07-20 15.66 11.70 
 CLSK            CleanSpark Inc  33.44                    Technology  2026-07-17 13.03  2026-07-20 14.42 10.67 
 BETA     BETA Technologies Inc  45.32           Aerospace & Defense  2026-07-17 17.76  2026-07-20 19.64 10.59 
 KEEL  Keel Infrastructure Corp  23.85                    Technology   2026-07-17 3.95   2026-07-20 4.34  9.87 
 CHRN Ekso Bionics Holdings Inc  38.38                   Health Care  2026-07-17 26.43  2026-07-20 28.89  9.31 
  AGX                 Argan Inc  77.28                  Construction 2026-07-17 551.26 2026-07-20 602.18  9.24 
 MARA         MARA Holdings Inc  40.76                    Technology  2026-07-17 10.69  2026-07-20 11.67  9.17 
 RIOT        Riot Platforms Inc  69.05                    Technology  2026-07-17 18.26   2026-07-20 19.9  8.98 
 EROC                 ERock Inc  23.72          Electrical Equipment  2026-07-17 10.81  2026-07-20 11.78  8.97 
 CRCL Circle Internet Group Inc 150.29                    Technology  2026-07-17 60.46  2026-07-20 65.45  8.25 
  ELF            elf Beauty Inc  43.43             Consumer products  2026-07-17 73.69  2026-07-20 79.65  8.09 
 APLD      Applied Digital Corp  73.70                    Technology  2026-07-17 25.79  2026-07-20 27.85  7.99 
 NUVB          Nuvation Bio Inc  20.25               Pharmaceuticals    2026-07-17 5.8   2026-07-20 6.26  7.93 
 VSXY    Victoria's Secret & Co  64.75                        Retail  2026-07-17 81.45  2026-07-20 87.41  7.32 
BVRDF         Bureau Veritas SA 121.53         Professional Services  2026-07-17 29.43   2026-07-20 31.5  7.03 
 CORZ       Core Scientific Inc  66.57                    Technology  2026-07-17 20.94   2026-07-20 22.4  6.97 
 NAVN                 Navan Inc  66.02 Hotels, Restaurants & Leisure  2026-07-17 25.96  2026-07-20 27.73  6.82 

=== 市值超过50亿的涨幅榜前20名股票 ===
 股票代码                公司名称                市值(亿)                板块                     昨天收盘              今天收盘       涨跌幅(%)
 IREN                           IREN Ltd 119.98                    Technology  2026-07-17 33.62   2026-07-20 40.2 19.57 
 CIFR                 Cipher Digital Inc  71.83                    Technology  2026-07-17 17.56  2026-07-20 20.54 16.97 
   XE                       X-Energy Inc  87.90          Electrical Equipment  2026-07-17 14.02  2026-07-20 15.66 11.70 
  AGX                          Argan Inc  77.28                  Construction 2026-07-17 551.26 2026-07-20 602.18  9.24 
 RIOT                 Riot Platforms Inc  69.05                    Technology  2026-07-17 18.26   2026-07-20 19.9  8.98 
 CRCL          Circle Internet Group Inc 150.29                    Technology  2026-07-17 60.46  2026-07-20 65.45  8.25 
 APLD               Applied Digital Corp  73.70                    Technology  2026-07-17 25.79  2026-07-20 27.85  7.99 
 VSXY             Victoria's Secret & Co  64.75                        Retail  2026-07-17 81.45  2026-07-20 87.41  7.32 
BVRDF                  Bureau Veritas SA 121.53         Professional Services  2026-07-17 29.43   2026-07-20 31.5  7.03 
 CORZ                Core Scientific Inc  66.57                    Technology  2026-07-17 20.94   2026-07-20 22.4  6.97 
 NAVN                          Navan Inc  66.02 Hotels, Restaurants & Leisure  2026-07-17 25.96  2026-07-20 27.73  6.82 
  RSI        Rush Street Interactive Inc  75.73 Hotels, Restaurants & Leisure   2026-07-17 32.5  2026-07-20 34.52  6.22 
  GPN                Global Payments Inc 212.87            Financial Services  2026-07-17 77.82  2026-07-20 82.37  5.85 
 SGHC                           SGHC Ltd  74.84 Hotels, Restaurants & Leisure  2026-07-17 14.73  2026-07-20 15.58  5.77 
 FIGR    Figure Technology Solutions Inc  63.88            Financial Services  2026-07-17 28.97  2026-07-20 30.42  5.01 
 CRDO Credo Technology Group Holding Ltd 377.95                Semiconductors 2026-07-17 202.68 2026-07-20 212.07  4.63 
 TTAN                   ServiceTitan Inc  72.50                    Technology   2026-07-17 76.0  2026-07-20 79.46  4.55 
 LITE              Lumentum Holdings Inc 570.13                Communications 2026-07-17 732.82 2026-07-20 765.55  4.47 
  MXL                      Maxlinear Inc  64.33                Semiconductors  2026-07-17 71.84  2026-07-20 75.01  4.41 
 GTLB                         GitLab Inc  55.26                    Technology  2026-07-17 32.72  2026-07-20 34.07  4.13 

=== 市值超过100亿的涨幅榜前20名股票 ===
 股票代码                公司名称                 市值(亿)            板块                 昨天收盘              今天收盘       涨跌幅(%)
 IREN                           IREN Ltd  119.98            Technology  2026-07-17 33.62   2026-07-20 40.2 19.57 
 CRCL          Circle Internet Group Inc  150.29            Technology  2026-07-17 60.46  2026-07-20 65.45  8.25 
BVRDF                  Bureau Veritas SA  121.53 Professional Services  2026-07-17 29.43   2026-07-20 31.5  7.03 
  GPN                Global Payments Inc  212.87    Financial Services  2026-07-17 77.82  2026-07-20 82.37  5.85 
 CRDO Credo Technology Group Holding Ltd  377.95        Semiconductors 2026-07-17 202.68 2026-07-20 212.07  4.63 
 LITE              Lumentum Holdings Inc  570.13        Communications 2026-07-17 732.82 2026-07-20 765.55  4.47 
   VG                 Venture Global Inc  342.84                Energy   2026-07-17 13.8  2026-07-20 14.29  3.55 
  TER                       Teradyne Inc  504.62        Semiconductors 2026-07-17 322.36 2026-07-20 333.76  3.54 
  MDB                        MongoDB Inc  251.21            Technology 2026-07-17 312.33 2026-07-20 323.36  3.53 
 TEAM                     Atlassian Corp  236.74            Technology  2026-07-17 93.29  2026-07-20 96.43  3.37 
 AXON                Axon Enterprise Inc  411.30   Aerospace & Defense 2026-07-17 510.28 2026-07-20 527.48  3.37 
   FN                           Fabrinet  171.41  Electrical Equipment 2026-07-17 478.39 2026-07-20 494.26  3.32 
 MRVL             Marvell Technology Inc 1652.40        Semiconductors 2026-07-17 188.68 2026-07-20 194.94  3.32 
  BSP                 Bending Spoons SpA  201.04            Technology   2026-07-17 32.4  2026-07-20 33.42  3.15 
 MSTR                       Strategy Inc  332.40            Technology  2026-07-17 94.85  2026-07-20 97.82  3.13 
 HUBS                        HubSpot Inc  114.86            Technology 2026-07-17 224.26 2026-07-20 231.21  3.10 
 RBLX                        Roblox Corp  370.02                 Media  2026-07-17 51.68  2026-07-20 53.25  3.04 
 SPOT              Spotify Technology SA  983.15                 Media 2026-07-17 478.14 2026-07-20 492.32  2.97 
   NU                   Nu Holdings Ltd.  656.46               Banking  2026-07-17 13.59  2026-07-20 13.99  2.94 
    U                 Unity Software Inc  126.55            Technology  2026-07-17 28.99  2026-07-20 29.81  2.83 

=== 市值超过200亿的涨幅榜前20名股票 ===
股票代码                公司名称                 市值(亿)                板块                     昨天收盘               今天收盘        涨跌幅(%)
 GPN                Global Payments Inc  212.87            Financial Services   2026-07-17 77.82   2026-07-20 82.37  5.85 
CRDO Credo Technology Group Holding Ltd  377.95                Semiconductors  2026-07-17 202.68  2026-07-20 212.07  4.63 
LITE              Lumentum Holdings Inc  570.13                Communications  2026-07-17 732.82  2026-07-20 765.55  4.47 
  VG                 Venture Global Inc  342.84                        Energy    2026-07-17 13.8   2026-07-20 14.29  3.55 
 TER                       Teradyne Inc  504.62                Semiconductors  2026-07-17 322.36  2026-07-20 333.76  3.54 
 MDB                        MongoDB Inc  251.21                    Technology  2026-07-17 312.33  2026-07-20 323.36  3.53 
TEAM                     Atlassian Corp  236.74                    Technology   2026-07-17 93.29   2026-07-20 96.43  3.37 
AXON                Axon Enterprise Inc  411.30           Aerospace & Defense  2026-07-17 510.28  2026-07-20 527.48  3.37 
MRVL             Marvell Technology Inc 1652.40                Semiconductors  2026-07-17 188.68  2026-07-20 194.94  3.32 
 BSP                 Bending Spoons SpA  201.04                    Technology    2026-07-17 32.4   2026-07-20 33.42  3.15 
MSTR                       Strategy Inc  332.40                    Technology   2026-07-17 94.85   2026-07-20 97.82  3.13 
RBLX                        Roblox Corp  370.02                         Media   2026-07-17 51.68   2026-07-20 53.25  3.04 
SPOT              Spotify Technology SA  983.15                         Media  2026-07-17 478.14  2026-07-20 492.32  2.97 
  NU                   Nu Holdings Ltd.  656.46                       Banking   2026-07-17 13.59   2026-07-20 13.99  2.94 
COHR                      Coherent Corp  543.09          Electrical Equipment   2026-07-17 277.6   2026-07-20 285.4  2.81 
NBIS                    Nebius Group NV  447.21                    Technology  2026-07-17 177.71  2026-07-20 182.62  2.76 
SNDK                       Sandisk Corp 2006.35                    Technology 2026-07-17 1354.82 2026-07-20 1390.95  2.67 
DASH                       DoorDash Inc  802.33 Hotels, Restaurants & Leisure  2026-07-17 184.14  2026-07-20 189.02  2.65 
 ELV                Elevance Health Inc  809.16                   Health Care  2026-07-17 373.11  2026-07-20 382.23  2.44 
CBRS               Cerebras Systems Inc  479.24                Semiconductors  2026-07-17 172.86  2026-07-20 176.88  2.33 

=== 市值超过1000亿的涨跌榜前20名股票 ===
 股票代码               公司名称               市值(亿)            板块                 昨天收盘               今天收盘        涨跌幅(%)
 MRVL          Marvell Technology Inc  1652.40       Semiconductors  2026-07-17 188.68  2026-07-20 194.94  3.32 
 SNDK                    Sandisk Corp  2006.35           Technology 2026-07-17 1354.82 2026-07-20 1390.95  2.67 
 ISRG          Intuitive Surgical Inc  1223.35          Health Care  2026-07-17 345.42  2026-07-20 353.17  2.24 
 MSFT                  Microsoft Corp 29254.66           Technology  2026-07-17 393.82  2026-07-20 402.29  2.15 
 INTC                      Intel Corp  4776.71       Semiconductors   2026-07-17 95.04   2026-07-20 97.06  2.13 
  PGR                Progressive Corp  1215.13            Insurance  2026-07-17 207.95  2026-07-20 212.23  2.06 
  GEV                  GE Vernova Inc  2842.63 Electrical Equipment 2026-07-17 1057.84 2026-07-20 1079.18  2.02 
 AVGO                    Broadcom Inc 17642.30       Semiconductors  2026-07-17 370.83  2026-07-20 378.16  1.98 
   MU           Micron Technology Inc  9587.98       Semiconductors  2026-07-17 848.95  2026-07-20 865.46  1.94 
  STX Seagate Technology Holdings PLC  1766.16           Technology  2026-07-17 787.66  2026-07-20 802.45  1.88 
 PLTR       Palantir Technologies Inc  3173.56           Technology  2026-07-17 132.38  2026-07-20 134.85  1.87 
  CRM                  Salesforce Inc  1398.61           Technology  2026-07-17 170.77  2026-07-20 173.79  1.77 
 TMUS                 T-Mobile US Inc  2082.49    Telecommunication  2026-07-17 192.43  2026-07-20 195.64  1.67 
  AMD      Advanced Micro Devices Inc  8083.87       Semiconductors  2026-07-17 495.76  2026-07-20 503.57  1.58 
 GOOG                    Alphabet Inc 42217.72                Media  2026-07-17 346.12  2026-07-20 351.37  1.52 
GOOGL                    Alphabet Inc 42217.72                Media  2026-07-17 346.77  2026-07-20 351.99  1.51 
 SCCO            Southern Copper Corp  1439.05      Metals & Mining  2026-07-17 172.48  2026-07-20 175.07  1.50 
 IBKR   Interactive Brokers Group Inc  1535.59   Financial Services   2026-07-17 90.53   2026-07-20 91.68  1.27 
  CVX                    Chevron Corp  3731.86               Energy  2026-07-17 187.38  2026-07-20 189.71  1.24 
 AMZN                  Amazon.com Inc 26594.80               Retail  2026-07-17 247.23  2026-07-20 249.99  1.12 
