
=== 涨幅榜前20名股票 ===
股票代码               公司名称               市值(亿)                板块                      昨天收盘              今天收盘       涨跌幅(%)
PHOE        Phoenix Asia Holdings Ltd   3.78                   Construction   2026-05-04 17.5  2026-05-05 46.99 168.51
SDOT                  Sadot Group Inc   0.00                  Food Products   2026-05-04 0.26    2026-05-05 0.5  91.12
BLZE                    Backblaze Inc   2.79                     Technology   2026-05-04 4.64   2026-05-05 7.59  63.58
SOBR                    Sobr Safe Inc   0.02           Electrical Equipment   2026-05-04 0.85   2026-05-05 1.39  63.53
EVER                    EverQuote Inc   5.17                          Media  2026-05-04 14.61  2026-05-05 23.82  63.04
APUS   Apimeds Pharmaceuticals US Inc   0.24                  Biotechnology   2026-05-04 1.88    2026-05-05 3.0  59.57
EZGO            EZGO Technologies Ltd   0.26                    Automobiles   2026-05-04 1.23    2026-05-05 1.9  54.47
SLQT                  SelectQuote Inc   1.43                      Insurance   2026-05-04 0.81   2026-05-05 1.24  52.33
STRL      Sterling Infrastructure Inc 162.45                   Construction 2026-05-04 529.49  2026-05-05 806.0  52.22
MASK 3 E Network Technology Group Ltd   0.02                     Technology   2026-05-04 1.45   2026-05-05 2.09  44.14
FSEA       First Seacoast Bancorp Inc   0.55                        Banking  2026-05-04 11.74  2026-05-05 16.67  41.99
DOCN        DigitalOcean Holdings Inc 111.41                     Technology 2026-05-04 108.81 2026-05-05 152.77  40.40
SMTK                     SmartKem Inc   0.02                 Semiconductors   2026-05-04 0.28   2026-05-05 0.38  37.14
YYGH             YY Group Holding Ltd   0.05 Commercial Services & Supplies   2026-05-04 0.74   2026-05-05 1.01  36.86
LIXT Lixte Biotechnology Holdings Inc   0.38                  Biotechnology   2026-05-04 3.29   2026-05-05 4.49  36.32
VRDN        Viridian Therapeutics Inc  14.41                  Biotechnology  2026-05-04 14.06  2026-05-05 18.75  33.36
BDSX                     Biodesix Inc   1.14                    Health Care  2026-05-04 11.27  2026-05-05 14.94  32.56
FATE            Fate Therapeutics Inc   2.09                  Biotechnology    2026-05-04 1.8   2026-05-05 2.36  31.11
POET            POET Technologies Inc  14.08                 Semiconductors   2026-05-04 7.11   2026-05-05 9.21  29.54
  UP         Wheels Up Experience Inc   1.83                       Airlines   2026-05-04 5.04   2026-05-05 6.52  29.37

=== 市值超过20亿的涨幅榜前20名股票 ===
股票代码                公司名称                市值(亿)                板块                     昨天收盘               今天收盘        涨跌幅(%)
STRL       Sterling Infrastructure Inc  162.45                  Construction  2026-05-04 529.49   2026-05-05 806.0 52.22 
DOCN         DigitalOcean Holdings Inc  111.41                    Technology  2026-05-04 108.81  2026-05-05 152.77 40.40 
CIFR                Cipher Digital Inc   72.62                    Technology   2026-05-04 17.89    2026-05-05 22.1 23.53 
FSLY                        Fastly Inc   42.99                    Technology   2026-05-04 27.49   2026-05-05 32.36 17.72 
CYTK                  Cytokinetics Inc   81.35                 Biotechnology   2026-05-04 66.05   2026-05-05 77.09 16.71 
 ULS                  UL Solutions Inc  181.28         Professional Services    2026-05-04 90.1  2026-05-05 104.74 16.25 
UCTT          Ultra Clean Holdings Inc   32.77                Semiconductors   2026-05-04 73.11   2026-05-05 83.14 13.72 
CDNL Cardinal Infrastructure Group Inc   23.98                  Construction   2026-05-04 49.45   2026-05-05 55.93 13.10 
INTC                        Intel Corp 4813.90                Semiconductors   2026-05-04 95.78  2026-05-05 108.15 12.92 
 VVX                           V2X Inc   21.21           Aerospace & Defense   2026-05-04 67.82    2026-05-05 76.5 12.80 
JBTM                    JBT Marel Corp   60.61                     Machinery  2026-05-04 116.44  2026-05-05 131.29 12.75 
CECO           CECO Environmental Corp   28.04                     Machinery   2026-05-04 78.17   2026-05-05 87.78 12.29 
 GPK      Graphic Packaging Holding Co   28.27                     Packaging    2026-05-04 9.56   2026-05-05 10.73 12.24 
SNDK                      Sandisk Corp 1859.80                    Technology 2026-05-04 1255.86 2026-05-05 1406.32 11.98 
APLD              Applied Digital Corp  101.82                    Technology   2026-05-04 35.63   2026-05-05 39.88 11.93 
 LTH     Life Time Group Holdings, Inc   65.16 Hotels, Restaurants & Leisure   2026-05-04 26.28   2026-05-05 29.38 11.80 
 ECG     Everus Construction Group Inc   77.04                  Construction  2026-05-04 150.93  2026-05-05 168.32 11.52 
AKAM           Akamai Technologies Inc  173.63                    Technology  2026-05-04 105.78  2026-05-05 117.94 11.50 
BLSH                           Bullish   61.17            Financial Services    2026-05-04 40.7   2026-05-05 45.34 11.40 
  MU             Micron Technology Inc 6500.82                Semiconductors  2026-05-04 576.45   2026-05-05 640.2 11.06 

=== 市值超过50亿的涨幅榜前20名股票 ===
股票代码                    公司名称                     市值(亿)                板块                      昨天收盘               今天收盘        涨跌幅(%)
STRL                Sterling Infrastructure Inc  162.45                   Construction  2026-05-04 529.49   2026-05-05 806.0 52.22 
DOCN                  DigitalOcean Holdings Inc  111.41                     Technology  2026-05-04 108.81  2026-05-05 152.77 40.40 
CIFR                         Cipher Digital Inc   72.62                     Technology   2026-05-04 17.89    2026-05-05 22.1 23.53 
CYTK                           Cytokinetics Inc   81.35                  Biotechnology   2026-05-04 66.05   2026-05-05 77.09 16.71 
 ULS                           UL Solutions Inc  181.28          Professional Services    2026-05-04 90.1  2026-05-05 104.74 16.25 
INTC                                 Intel Corp 4813.90                 Semiconductors   2026-05-04 95.78  2026-05-05 108.15 12.92 
JBTM                             JBT Marel Corp   60.61                      Machinery  2026-05-04 116.44  2026-05-05 131.29 12.75 
SNDK                               Sandisk Corp 1859.80                     Technology 2026-05-04 1255.86 2026-05-05 1406.32 11.98 
APLD                       Applied Digital Corp  101.82                     Technology   2026-05-04 35.63   2026-05-05 39.88 11.93 
 LTH              Life Time Group Holdings, Inc   65.16  Hotels, Restaurants & Leisure   2026-05-04 26.28   2026-05-05 29.38 11.80 
 ECG              Everus Construction Group Inc   77.04                   Construction  2026-05-04 150.93  2026-05-05 168.32 11.52 
AKAM                    Akamai Technologies Inc  173.63                     Technology  2026-05-04 105.78  2026-05-05 117.94 11.50 
BLSH                                    Bullish   61.17             Financial Services    2026-05-04 40.7   2026-05-05 45.34 11.40 
  MU                      Micron Technology Inc 6500.82                 Semiconductors  2026-05-04 576.45   2026-05-05 640.2 11.06 
QCOM                               Qualcomm Inc 1774.73                 Semiconductors  2026-05-04 168.38  2026-05-05 186.55 10.79 
IREN                                   IREN Ltd  164.15                     Technology   2026-05-04 49.48   2026-05-05 54.74 10.63 
 IQV                         IQVIA Holdings Inc  273.12 Life Sciences Tools & Services  2026-05-04 160.94  2026-05-05 176.42  9.62 
MATX                                 Matson Inc   51.97                         Marine  2026-05-04 170.83  2026-05-05 187.26  9.62 
EXPD Expeditors International of Washington Inc  185.79     Logistics & Transportation  2026-05-04 139.71  2026-05-05 153.08  9.57 
PRIM                     Primoris Services Corp  100.63                   Construction  2026-05-04 185.55  2026-05-05 202.92  9.36 

=== 市值超过100亿的涨幅榜前20名股票 ===
股票代码                    公司名称                     市值(亿)                板块                      昨天收盘               今天收盘        涨跌幅(%)
STRL                Sterling Infrastructure Inc  162.45                   Construction  2026-05-04 529.49   2026-05-05 806.0 52.22 
DOCN                  DigitalOcean Holdings Inc  111.41                     Technology  2026-05-04 108.81  2026-05-05 152.77 40.40 
 ULS                           UL Solutions Inc  181.28          Professional Services    2026-05-04 90.1  2026-05-05 104.74 16.25 
INTC                                 Intel Corp 4813.90                 Semiconductors   2026-05-04 95.78  2026-05-05 108.15 12.92 
SNDK                               Sandisk Corp 1859.80                     Technology 2026-05-04 1255.86 2026-05-05 1406.32 11.98 
APLD                       Applied Digital Corp  101.82                     Technology   2026-05-04 35.63   2026-05-05 39.88 11.93 
AKAM                    Akamai Technologies Inc  173.63                     Technology  2026-05-04 105.78  2026-05-05 117.94 11.50 
  MU                      Micron Technology Inc 6500.82                 Semiconductors  2026-05-04 576.45   2026-05-05 640.2 11.06 
QCOM                               Qualcomm Inc 1774.73                 Semiconductors  2026-05-04 168.38  2026-05-05 186.55 10.79 
IREN                                   IREN Ltd  164.15                     Technology   2026-05-04 49.48   2026-05-05 54.74 10.63 
 IQV                         IQVIA Holdings Inc  273.12 Life Sciences Tools & Services  2026-05-04 160.94  2026-05-05 176.42  9.62 
EXPD Expeditors International of Washington Inc  185.79     Logistics & Transportation  2026-05-04 139.71  2026-05-05 153.08  9.57 
PRIM                     Primoris Services Corp  100.63                   Construction  2026-05-04 185.55  2026-05-05 202.92  9.36 
 GFS                        GlobalFoundries Inc  376.97                 Semiconductors   2026-05-04 67.75   2026-05-05 74.04  9.28 
 NET                             Cloudflare Inc  789.03                     Technology  2026-05-04 224.17  2026-05-05 244.43  9.04 
 ROK                    Rockwell Automation Inc  449.78           Electrical Equipment  2026-05-04 400.31  2026-05-05 435.93  8.90 
  DD                      Dupont De Nemours Inc  186.12                      Chemicals   2026-05-04 45.41   2026-05-05 49.24  8.43 
AMKR                       Amkor Technology Inc  175.89                 Semiconductors   2026-05-04 70.96   2026-05-05 76.71  8.10 
FORM                             FormFactor Inc  104.75                 Semiconductors  2026-05-04 134.37   2026-05-05 145.0  7.91 
CRDO         Credo Technology Group Holding Ltd  332.12                 Semiconductors  2026-05-04 180.06  2026-05-05 193.57  7.50 

=== 市值超过200亿的涨幅榜前20名股票 ===
股票代码                公司名称                 市值(亿)                 板块                       昨天收盘               今天收盘        涨跌幅(%)
INTC                         Intel Corp 4813.90                   Semiconductors   2026-05-04 95.78  2026-05-05 108.15 12.92 
SNDK                       Sandisk Corp 1859.80                       Technology 2026-05-04 1255.86 2026-05-05 1406.32 11.98 
  MU              Micron Technology Inc 6500.82                   Semiconductors  2026-05-04 576.45   2026-05-05 640.2 11.06 
QCOM                       Qualcomm Inc 1774.73                   Semiconductors  2026-05-04 168.38  2026-05-05 186.55 10.79 
 IQV                 IQVIA Holdings Inc  273.12   Life Sciences Tools & Services  2026-05-04 160.94  2026-05-05 176.42  9.62 
 GFS                GlobalFoundries Inc  376.97                   Semiconductors   2026-05-04 67.75   2026-05-05 74.04  9.28 
 NET                     Cloudflare Inc  789.03                       Technology  2026-05-04 224.17  2026-05-05 244.43  9.04 
 ROK            Rockwell Automation Inc  449.78             Electrical Equipment  2026-05-04 400.31  2026-05-05 435.93  8.90 
CRDO Credo Technology Group Holding Ltd  332.12                   Semiconductors  2026-05-04 180.06  2026-05-05 193.57  7.50 
ENTG                       Entegris Inc  211.91                   Semiconductors  2026-05-04 138.96  2026-05-05 149.29  7.43 
ALAB                   Astera Labs, Inc  342.56                   Semiconductors  2026-05-04 201.25  2026-05-05 215.69  7.18 
LRCX                  Lam Research Corp 3233.60                   Semiconductors  2026-05-04 258.57   2026-05-05 275.8  6.66 
 TER                       Teradyne Inc  528.24                   Semiconductors  2026-05-04 337.44   2026-05-05 357.1  5.83 
FLEX                           Flex Ltd  337.67             Electrical Equipment   2026-05-04 91.84   2026-05-05 96.45  5.02 
 AER                 AerCap Holdings NV  229.84 Trading Companies & Distributors  2026-05-04 137.73  2026-05-05 144.62  5.00 
AMAT              Applied Materials Inc 3106.03                   Semiconductors  2026-05-04 391.38  2026-05-05 410.82  4.97 
TSEM            Tower Semiconductor Ltd  240.34                   Semiconductors  2026-05-04 215.06  2026-05-05 225.53  4.87 
   A           Agilent Technologies Inc  317.02   Life Sciences Tools & Services  2026-05-04 112.18  2026-05-05 117.53  4.77 
 HPE      Hewlett Packard Enterprise Co  380.94                       Technology   2026-05-04 28.71   2026-05-05 30.04  4.63 
 STX    Seagate Technology Holdings PLC 1656.02                       Technology  2026-05-04 738.54  2026-05-05 771.01  4.40 

=== 市值超过1000亿的涨跌榜前20名股票 ===
股票代码               公司名称               市值(亿)            板块                 昨天收盘               今天收盘        涨跌幅(%)
INTC                      Intel Corp  4813.90       Semiconductors   2026-05-04 95.78  2026-05-05 108.15 12.92 
SNDK                    Sandisk Corp  1859.80           Technology 2026-05-04 1255.86 2026-05-05 1406.32 11.98 
  MU           Micron Technology Inc  6500.82       Semiconductors  2026-05-04 576.45   2026-05-05 640.2 11.06 
QCOM                    Qualcomm Inc  1774.73       Semiconductors  2026-05-04 168.38  2026-05-05 186.55 10.79 
LRCX               Lam Research Corp  3233.60       Semiconductors  2026-05-04 258.57   2026-05-05 275.8  6.66 
AMAT           Applied Materials Inc  3106.03       Semiconductors  2026-05-04 391.38  2026-05-05 410.82  4.97 
 STX Seagate Technology Holdings PLC  1656.02           Technology  2026-05-04 738.54  2026-05-05 771.01  4.40 
 AMD      Advanced Micro Devices Inc  5568.26       Semiconductors  2026-05-04 341.54  2026-05-05 355.26  4.02 
 CAT                 Caterpillar Inc  4208.94            Machinery  2026-05-04 874.78  2026-05-05 904.59  3.41 
MRVL          Marvell Technology Inc  1431.14       Semiconductors  2026-05-04 163.66  2026-05-05 168.75  3.11 
 VRT              Vertiv Holdings Co  1309.89 Electrical Equipment  2026-05-04 330.97  2026-05-05 341.02  3.04 
SCCO            Southern Copper Corp  1412.82      Metals & Mining   2026-05-04 166.3  2026-05-05 171.03  2.84 
ORCL                     Oracle Corp  5185.22           Technology  2026-05-04 180.29  2026-05-05 185.35  2.81 
IBKR   Interactive Brokers Group Inc  1386.26   Financial Services   2026-05-04 81.72   2026-05-05 83.91  2.68 
AAPL                       Apple Inc 40641.80           Technology  2026-05-04 276.83  2026-05-05 284.18  2.66 
AVGO                    Broadcom Inc 19719.89       Semiconductors   2026-05-04 416.5  2026-05-05 427.36  2.61 
DELL           Dell Technologies Inc  1382.10           Technology  2026-05-04 211.64  2026-05-05 216.32  2.21 
  GE             General Electric Co  2926.77  Aerospace & Defense  2026-05-04 280.52  2026-05-05 286.68  2.20 
 LLY                Eli Lilly and Co  9115.40      Pharmaceuticals  2026-05-04 967.93  2026-05-05 988.87  2.16 
 GEV                  GE Vernova Inc  2885.92 Electrical Equipment 2026-05-04 1073.95 2026-05-05 1095.21  1.98 
