
=== 涨幅榜前20名股票 ===
股票代码                公司名称               市值(亿)               板块                     昨天收盘             今天收盘        涨跌幅(%)
PIII            P3 Health Partners Inc  0.54                    Health Care  2025-04-11 0.15  2025-04-14 8.99 5814.47
STSS             Sharps Technology Inc  0.00                    Health Care  2025-04-11 0.03  2025-04-14 0.04   70.00
 TMC        TMC the metals company Inc  6.99                Metals & Mining  2025-04-11 1.95  2025-04-14 2.83   45.13
 DMN                         Damon Inc  0.00                    Automobiles   2025-04-11 0.0   2025-04-14 0.0   43.33
THRD            Third Harmonic Bio Inc  1.64                Pharmaceuticals  2025-04-11 3.64  2025-04-14 5.09   39.84
 GGR                        Gogoro Inc  0.69                    Automobiles  2025-04-11 0.23  2025-04-14 0.31   35.56
AREC           American Resources Corp  0.37                         Energy  2025-04-11 0.48  2025-04-14 0.63   32.00
LGMK                     LogicMark Inc  0.01                    Health Care  2025-04-11 0.01  2025-04-14 0.01   31.00
YYGH              YY Group Holding Ltd  0.36 Commercial Services & Supplies  2025-04-11 0.95  2025-04-14 1.24   30.00
MTSR                       Metsera Inc 14.71                  Biotechnology  2025-04-11 14.0 2025-04-14 18.18   29.86
JNVR                       Janover Inc  0.73             Financial Services 2025-04-11 51.21 2025-04-14 65.94   28.76
TOVX             Theriva Biologics Inc  0.03                  Biotechnology  2025-04-11 1.14  2025-04-14 1.45   27.19
AFMD                        Affimed NV  0.09                  Biotechnology  2025-04-11 0.62  2025-04-14 0.79   27.15
MTVA                       MetaVia Inc  0.13                  Biotechnology  2025-04-11 1.45  2025-04-14 1.84   26.90
PHIO         Phio Pharmaceuticals Corp  0.08                  Biotechnology  2025-04-11 1.74   2025-04-14 2.2   26.44
VERV            Verve Therapeutics Inc  2.89                  Biotechnology  2025-04-11 3.26  2025-04-14 4.12   26.38
ZYBT Zhengye Biotechnology Holding Ltd  1.92                Pharmaceuticals  2025-04-11 4.06  2025-04-14 5.12   26.11
GDHG  Golden Heaven Group Holdings Ltd  0.10  Hotels, Restaurants & Leisure  2025-04-11 0.29  2025-04-14 0.36   24.66
ATCH           Atlasclear Holdings Inc  0.03             Financial Services  2025-04-11 0.53  2025-04-14 0.66   24.63
AUID                        Authid Inc  0.70                     Technology  2025-04-11 5.68  2025-04-14 7.05   24.12

=== 市值超过20亿的涨幅榜前20名股票 ===
股票代码                     公司名称                     市值(亿)                板块                      昨天收盘              今天收盘       涨跌幅(%)
  MP                            MP Materials Corp  37.07                Metals & Mining  2025-04-11 22.68  2025-04-14 27.59 21.65 
CERT                                  Certara Inc  20.85                    Health Care  2025-04-11 12.91   2025-04-14 14.4 11.54 
DGNX                                  Diginex Ltd  24.64                     Technology 2025-04-11 107.14 2025-04-14 118.98 11.05 
VKTX                      Viking Therapeutics Inc  24.95                  Biotechnology  2025-04-11 22.22  2025-04-14 24.57 10.58 
IBRX                              Immunitybio Inc  23.21                  Biotechnology   2025-04-11 2.63   2025-04-14 2.89  9.89 
 RKT                         Rocket Companies Inc 237.88             Financial Services   2025-04-11 11.9  2025-04-14 12.85  7.98 
ADMA                           ADMA Biologics Inc  46.10                  Biotechnology   2025-04-11 19.4  2025-04-14 20.91  7.78 
TMDX                        Transmedics Group Inc  27.13                    Health Care  2025-04-11 80.58  2025-04-14 86.84  7.77 
BLCO                           Bausch + Lomb Corp  40.27                    Health Care   2025-04-11 11.4  2025-04-14 12.25  7.46 
CLVT                                Clarivate PLC  22.67          Professional Services   2025-04-11 3.29   2025-04-14 3.53  7.29 
SRPT                     Sarepta Therapeutics Inc  49.52                  Biotechnology  2025-04-11 51.03  2025-04-14 54.63  7.05 
 CRL Charles River Laboratories International Inc  48.99 Life Sciences Tools & Services  2025-04-11 99.75  2025-04-14 106.6  6.87 
XENE                    Xenon Pharmaceuticals Inc  24.03                  Biotechnology   2025-04-11 31.4  2025-04-14 33.44  6.50 
PTGX                 Protagonist Therapeutics Inc  26.16                  Biotechnology  2025-04-11 42.62  2025-04-14 45.03  5.65 
NUVL                                 Nuvalent Inc  47.46                  Biotechnology  2025-04-11 66.29   2025-04-14 70.0  5.60 
 BHF                    Brighthouse Financial Inc  27.76                      Insurance  2025-04-11 47.82   2025-04-14 50.5  5.60 
AXSM                      Axsome Therapeutics Inc  47.82                Pharmaceuticals  2025-04-11 98.06 2025-04-14 103.53  5.58 
SITM                                  SiTime Corp  30.68                 Semiconductors  2025-04-11 130.0 2025-04-14 137.24  5.57 
AKRO                       Akero Therapeutics Inc  28.40                  Biotechnology  2025-04-11 35.67   2025-04-14 37.6  5.43 
COOP                          Mr Cooper Group Inc  70.38             Financial Services  2025-04-11 110.0 2025-04-14 115.89  5.35 

=== 市值超过50亿的涨幅榜前20名股票 ===
股票代码             公司名称             市值(亿)                 板块                       昨天收盘              今天收盘       涨跌幅(%)
 RKT        Rocket Companies Inc  237.88               Financial Services   2025-04-11 11.9  2025-04-14 12.85  7.98 
COOP         Mr Cooper Group Inc   70.38               Financial Services  2025-04-11 110.0 2025-04-14 115.89  5.35 
ENPH          Enphase Energy Inc   68.07                   Semiconductors  2025-04-11 51.89  2025-04-14 54.55  5.13 
BMRN BioMarin Pharmaceutical Inc  108.95                    Biotechnology  2025-04-11 56.82  2025-04-14 59.67  5.02 
RIVN       Rivian Automotive Inc  129.69                      Automobiles  2025-04-11 11.47  2025-04-14 12.03  4.88 
QRVO                   Qorvo Inc   52.55                   Semiconductors  2025-04-11 56.27  2025-04-14 58.93  4.73 
TGTX         TG Therapeutics Inc   57.66                    Biotechnology  2025-04-11 36.71  2025-04-14 38.41  4.63 
PLTR   Palantir Technologies Inc 2076.81                       Technology  2025-04-11 88.55  2025-04-14 92.62  4.60 
APTV                   Aptiv PLC  109.95                  Auto Components  2025-04-11 47.92   2025-04-14 50.1  4.55 
ENTG                Entegris Inc  105.50                   Semiconductors  2025-04-11 69.72  2025-04-14 72.85  4.49 
TTAN            ServiceTitan Inc   90.94                       Technology 2025-04-11 100.89 2025-04-14 105.37  4.44 
NBIX  Neurocrine Biosciences Inc   89.91                    Biotechnology  2025-04-11 90.87  2025-04-14 94.89  4.42 
FSLR             First Solar Inc  135.05                   Semiconductors 2025-04-11 125.93 2025-04-14 131.26  4.23 
 EVR                Evercore Inc   68.00               Financial Services 2025-04-11 173.81 2025-04-14 181.15  4.22 
INCY                 Incyte Corp  110.06                    Biotechnology  2025-04-11 56.87  2025-04-14 59.22  4.13 
 AER          AerCap Holdings NV  171.80 Trading Companies & Distributors  2025-04-11 91.98  2025-04-14 95.75  4.10 
   F               Ford Motor Co  371.01                      Automobiles   2025-04-11 9.33   2025-04-14 9.71  4.07 
DELL       Dell Technologies Inc  571.74                       Technology  2025-04-11 81.93  2025-04-14 85.19  3.98 
HIMS      Hims & Hers Health Inc   60.50                      Health Care  2025-04-11 27.23  2025-04-14 28.31  3.97 
 QXO                     QXO Inc   56.95                       Technology  2025-04-11 13.91  2025-04-14 14.46  3.95 

=== 市值超过100亿的涨幅榜前20名股票 ===
股票代码               公司名称                市值(亿)                 板块                       昨天收盘              今天收盘        涨跌幅(%)
 RKT             Rocket Companies Inc  237.88               Financial Services   2025-04-11 11.9   2025-04-14 12.85  7.98 
BMRN      BioMarin Pharmaceutical Inc  108.95                    Biotechnology  2025-04-11 56.82   2025-04-14 59.67  5.02 
RIVN            Rivian Automotive Inc  129.69                      Automobiles  2025-04-11 11.47   2025-04-14 12.03  4.88 
PLTR        Palantir Technologies Inc 2076.81                       Technology  2025-04-11 88.55   2025-04-14 92.62  4.60 
APTV                        Aptiv PLC  109.95                  Auto Components  2025-04-11 47.92    2025-04-14 50.1  4.55 
ENTG                     Entegris Inc  105.50                   Semiconductors  2025-04-11 69.72   2025-04-14 72.85  4.49 
FSLR                  First Solar Inc  135.05                   Semiconductors 2025-04-11 125.93  2025-04-14 131.26  4.23 
INCY                      Incyte Corp  110.06                    Biotechnology  2025-04-11 56.87   2025-04-14 59.22  4.13 
 AER               AerCap Holdings NV  171.80 Trading Companies & Distributors  2025-04-11 91.98   2025-04-14 95.75  4.10 
   F                    Ford Motor Co  371.01                      Automobiles   2025-04-11 9.33    2025-04-14 9.71  4.07 
DELL            Dell Technologies Inc  571.74                       Technology  2025-04-11 81.93   2025-04-14 85.19  3.98 
 MTD Mettler-Toledo International Inc  217.14   Life Sciences Tools & Services 2025-04-11 1041.9 2025-04-14 1082.85  3.93 
 XPO                          XPO Inc  110.46                      Road & Rail  2025-04-11 93.78   2025-04-14 97.46  3.92 
  ES                Eversource Energy  206.74                        Utilities  2025-04-11 56.32   2025-04-14 58.48  3.84 
MSTR                Microstrategy Inc  798.48                       Technology 2025-04-11 299.98  2025-04-14 311.45  3.82 
JBHT  J B Hunt Transport Services Inc  132.89                      Road & Rail 2025-04-11 132.88  2025-04-14 137.82  3.72 
 IQV               IQVIA Holdings Inc  256.63   Life Sciences Tools & Services 2025-04-11 145.55  2025-04-14 150.92  3.69 
 BAP                    Credicorp Ltd  141.47                          Banking 2025-04-11 177.87  2025-04-14 184.28  3.60 
INSM                       Insmed Inc  124.67                    Biotechnology  2025-04-11 68.57   2025-04-14 71.03  3.59 
 STX  Seagate Technology Holdings PLC  148.51                       Technology  2025-04-11 70.15   2025-04-14 72.67  3.59 

=== 市值超过200亿的涨幅榜前20名股票 ===
股票代码               公司名称                市值(亿)                板块                      昨天收盘              今天收盘        涨跌幅(%)
 RKT             Rocket Companies Inc  237.88             Financial Services   2025-04-11 11.9   2025-04-14 12.85  7.98 
PLTR        Palantir Technologies Inc 2076.81                     Technology  2025-04-11 88.55   2025-04-14 92.62  4.60 
   F                    Ford Motor Co  371.01                    Automobiles   2025-04-11 9.33    2025-04-14 9.71  4.07 
DELL            Dell Technologies Inc  571.74                     Technology  2025-04-11 81.93   2025-04-14 85.19  3.98 
 MTD Mettler-Toledo International Inc  217.14 Life Sciences Tools & Services 2025-04-11 1041.9 2025-04-14 1082.85  3.93 
  ES                Eversource Energy  206.74                      Utilities  2025-04-11 56.32   2025-04-14 58.48  3.84 
MSTR                Microstrategy Inc  798.48                     Technology 2025-04-11 299.98  2025-04-14 311.45  3.82 
 IQV               IQVIA Holdings Inc  256.63 Life Sciences Tools & Services 2025-04-11 145.55  2025-04-14 150.92  3.69 
  DD            Dupont De Nemours Inc  246.45                      Chemicals  2025-04-11 58.89   2025-04-14 60.97  3.53 
IDXX           IDEXX Laboratories Inc  316.81                    Health Care 2025-04-11 390.94  2025-04-14 404.65  3.51 
  GM                General Motors Co  434.12                    Automobiles  2025-04-11 43.63   2025-04-14 45.14  3.46 
REGN    Regeneron Pharmaceuticals Inc  605.86                  Biotechnology 2025-04-11 554.18  2025-04-14 571.06  3.05 
INTC                       Intel Corp  860.78                 Semiconductors  2025-04-11 19.74   2025-04-14 20.31  2.89 
 NEE               Nextera Energy Inc 1354.75                      Utilities  2025-04-11 65.81   2025-04-14 67.69  2.86 
 VRT               Vertiv Holdings Co  265.06           Electrical Equipment  2025-04-11 69.61   2025-04-14 71.57  2.82 
 HSY                       Hershey Co  335.55                  Food Products 2025-04-11 165.65   2025-04-14 170.3  2.81 
AMGN                        Amgen Inc 1537.57                  Biotechnology 2025-04-11 285.98  2025-04-14 293.92  2.78 
GILD              Gilead Sciences Inc 1291.89                  Biotechnology 2025-04-11 103.63   2025-04-14 106.5  2.77 
CSGP                 CoStar Group Inc  326.40                    Real Estate  2025-04-11 77.39   2025-04-14 79.53  2.77 
 AJG        Arthur J. Gallagher & Co.  854.21                      Insurance 2025-04-11 334.02  2025-04-14 342.92  2.66 

=== 市值超过1000亿的涨跌榜前20名股票 ===
股票代码               公司名称               市值(亿)                 板块                      昨天收盘               今天收盘        涨跌幅(%)
PLTR       Palantir Technologies Inc  2076.81                     Technology   2025-04-11 88.55   2025-04-14 92.62  4.60 
 NEE              Nextera Energy Inc  1354.75                      Utilities   2025-04-11 65.81   2025-04-14 67.69  2.86 
AMGN                       Amgen Inc  1537.57                  Biotechnology  2025-04-11 285.98  2025-04-14 293.92  2.78 
GILD             Gilead Sciences Inc  1291.89                  Biotechnology  2025-04-11 103.63   2025-04-14 106.5  2.77 
  BX                  Blackstone Inc  1549.89             Financial Services  2025-04-11 127.18  2025-04-14 130.47  2.59 
   C                   Citigroup Inc  1160.16                        Banking   2025-04-11 61.64   2025-04-14 63.22  2.56 
 TMO    Thermo Fisher Scientific Inc  1653.98 Life Sciences Tools & Services  2025-04-11 438.15  2025-04-14 449.33  2.55 
VRTX      Vertex Pharmaceuticals Inc  1244.84                  Biotechnology  2025-04-11 484.22  2025-04-14 495.83  2.40 
  PM Philip Morris International Inc  2395.28                        Tobacco  2025-04-11 153.89  2025-04-14 157.59  2.40 
  GE             General Electric Co  1949.85            Aerospace & Defense  2025-04-11 181.67   2025-04-14 186.0  2.38 
ABBV                      AbbVie Inc  3096.60                  Biotechnology  2025-04-11 175.05   2025-04-14 179.1  2.31 
 TXN           Texas Instruments Inc  1343.04                 Semiconductors   2025-04-11 147.6  2025-04-14 150.98  2.29 
 DHR                    Danaher Corp  1350.27 Life Sciences Tools & Services  2025-04-11 188.73  2025-04-14 192.97  2.25 
AAPL                       Apple Inc 29766.24                     Technology  2025-04-11 198.15  2025-04-14 202.52  2.21 
MELI                MercadoLibre Inc  1012.40                         Retail 2025-04-11 1996.95 2025-04-14 2037.12  2.01 
 BAC            Bank of America Corp  2733.88                        Banking   2025-04-11 35.95   2025-04-14 36.67  2.00 
 MCD                 McDonald's Corp  2216.01  Hotels, Restaurants & Leisure   2025-04-11 309.9  2025-04-14 316.07  1.99 
  FI                      Fiserv Inc  1162.62             Financial Services  2025-04-11 208.14  2025-04-14 212.24  1.97 
  GS         Goldman Sachs Group Inc  1536.67             Financial Services  2025-04-11 494.44  2025-04-14 503.98  1.93 
 ACN                   Accenture PLC  1780.04                     Technology  2025-04-11 284.34  2025-04-14 289.79  1.92 
