
=== 涨幅榜前20名股票 ===
 股票代码                           公司名称                          市值(亿)               板块                     昨天收盘             今天收盘        涨跌幅(%) 
PONGF                                                Atari SA  0.57                          Media  2026-05-01 0.14  2026-05-04 28.0 19900.00
  SKK                                        SKK Holdings Ltd  0.04                   Construction  2026-05-01 1.75 2026-05-04 12.19   596.57
 CNSP                                 CNS Pharmaceuticals Inc  0.02                Pharmaceuticals  2026-05-01 2.31  2026-05-04 7.84   239.25
 LIPO                             Lipella Pharmaceuticals Inc  0.00                  Biotechnology  2026-05-01 0.02  2026-05-04 0.04    90.00
   PN                                 Skycorp Solar Group Ltd  0.41           Electrical Equipment  2026-05-01 2.87  2026-05-04 5.42    89.18
 JLHL                                      Julong Holding Ltd  2.46                   Construction 2026-05-01 11.45 2026-05-04 19.79    72.84
 GBTG                        Global Business Travel Group Inc 31.03  Hotels, Restaurants & Leisure  2026-05-01 5.93  2026-05-04 9.34    57.50
  CRE                                     Cre8 Enterprise Ltd  0.05 Commercial Services & Supplies  2026-05-01 2.41  2026-05-04 3.67    52.28
 HCAI Huachen AI Parking Management Technology Holding Co Ltd  0.14                      Machinery 2026-05-01 12.02  2026-05-04 18.2    51.41
 RLYB                                           Rallybio Corp  0.50                  Biotechnology  2026-05-01 9.41 2026-05-04 14.12    50.05
 OCEA                                    Ocean Biomedical Inc  0.00                  Biotechnology   2026-05-01 0.0   2026-05-04 0.0    50.00
 ABVE                              Above Food Ingredients Inc  0.27                  Food Products  2026-05-01 0.53  2026-05-04 0.71    33.31
 DARE                                     Dare Bioscience Inc  0.34                Pharmaceuticals  2026-05-01 2.34  2026-05-04 3.11    32.91
 CLNN                                               Clene Inc  0.72                  Biotechnology  2026-05-01 6.14  2026-05-04 8.09    31.76
 CHAI                                    Core AI Holdings Inc  0.21                 Communications  2026-05-01 1.07   2026-05-04 1.4    31.46
 CABA                                       Cabaletta Bio Inc  3.27                  Biotechnology  2026-05-01 2.94  2026-05-04 3.83    30.27
NXPRF                                               Nexans SA 69.12           Electrical Equipment 2026-05-01 140.0 2026-05-04 180.1    28.64
 SGMO                                Sangamo Therapeutics Inc  0.56                  Biotechnology  2026-05-01 0.14  2026-05-04 0.18    26.86
 MNDR                         Mobile-health Network Solutions  0.04                    Health Care  2026-05-01 0.95   2026-05-04 1.2    26.32
 IMDX                       Insight Molecular Diagnostics Inc  1.34                  Biotechnology  2026-05-01 4.18  2026-05-04 5.23    25.12

=== 市值超过20亿的涨幅榜前20名股票 ===
 股票代码               公司名称                市值(亿)                板块                     昨天收盘              今天收盘       涨跌幅(%)
 GBTG Global Business Travel Group Inc   31.03 Hotels, Restaurants & Leisure   2026-05-01 5.93   2026-05-04 9.34 57.50 
NXPRF                        Nexans SA   69.12          Electrical Equipment  2026-05-01 140.0  2026-05-04 180.1 28.64 
TROLB      Tootsie Roll Industries Inc   28.69                 Food Products   2026-05-01 35.0   2026-05-04 42.5 21.43 
 CRCL        Circle Internet Group Inc  246.47                    Technology   2026-05-01 99.7 2026-05-04 119.53 19.89 
SLOIF                        Soitec SA   45.41                Semiconductors 2026-05-01 151.51  2026-05-04 179.0 18.14 
 CELC                     Celcuity Inc   60.74                 Biotechnology 2026-05-01 125.65 2026-05-04 144.98 15.38 
 NBIS                  Nebius Group NV  388.87                    Technology 2026-05-01 154.49 2026-05-04 176.42 14.20 
 AXTI                          AXT Inc   53.36                Semiconductors   2026-05-01 96.0  2026-05-04 106.0 10.42 
 MIRM        Mirum Pharmaceuticals Inc   58.25                 Biotechnology  2026-05-01 96.53 2026-05-04 105.79  9.59 
 NEXT                  NextDecade Corp   20.74                        Energy   2026-05-01 7.83   2026-05-04 8.52  8.81 
 IREN                         IREN Ltd  151.48                    Technology  2026-05-01 45.66  2026-05-04 49.48  8.37 
 AXSM          Axsome Therapeutics Inc  105.65               Pharmaceuticals 2026-05-01 206.53  2026-05-04 223.7  8.31 
 TNGX           Tango Therapeutics Inc   29.94                 Biotechnology  2026-05-01 20.98  2026-05-04 22.71  8.25 
 ICHR               Ichor Holdings Ltd   22.38                Semiconductors  2026-05-01 64.42  2026-05-04 69.72  8.23 
   VG               Venture Global Inc  316.03                        Energy  2026-05-01 12.73  2026-05-04 13.77  8.17 
  TSN                  Tyson Foods Inc  219.75                 Food Products  2026-05-01 63.68  2026-05-04 68.75  7.96 
 KRYS              Krystal Biotech Inc   78.31                 Biotechnology 2026-05-01 266.04 2026-05-04 286.95  7.86 
 HNGE                 Hinge Health Inc   35.78                   Health Care  2026-05-01 45.43  2026-05-04 48.89  7.62 
  FIG                        Figma Inc   98.36                    Technology  2026-05-01 18.74  2026-05-04 19.96  6.51 
   MU            Micron Technology Inc 6114.69                Semiconductors 2026-05-01 542.21 2026-05-04 576.45  6.31 

=== 市值超过50亿的涨幅榜前20名股票 ===
 股票代码            公司名称            市值(亿)           板块                 昨天收盘              今天收盘        涨跌幅(%)
NXPRF                 Nexans SA   69.12 Electrical Equipment  2026-05-01 140.0   2026-05-04 180.1 28.64 
 CRCL Circle Internet Group Inc  246.47           Technology   2026-05-01 99.7  2026-05-04 119.53 19.89 
 CELC              Celcuity Inc   60.74        Biotechnology 2026-05-01 125.65  2026-05-04 144.98 15.38 
 NBIS           Nebius Group NV  388.87           Technology 2026-05-01 154.49  2026-05-04 176.42 14.20 
 AXTI                   AXT Inc   53.36       Semiconductors   2026-05-01 96.0   2026-05-04 106.0 10.42 
 MIRM Mirum Pharmaceuticals Inc   58.25        Biotechnology  2026-05-01 96.53  2026-05-04 105.79  9.59 
 IREN                  IREN Ltd  151.48           Technology  2026-05-01 45.66   2026-05-04 49.48  8.37 
 AXSM   Axsome Therapeutics Inc  105.65      Pharmaceuticals 2026-05-01 206.53   2026-05-04 223.7  8.31 
   VG        Venture Global Inc  316.03               Energy  2026-05-01 12.73   2026-05-04 13.77  8.17 
  TSN           Tyson Foods Inc  219.75        Food Products  2026-05-01 63.68   2026-05-04 68.75  7.96 
 KRYS       Krystal Biotech Inc   78.31        Biotechnology 2026-05-01 266.04  2026-05-04 286.95  7.86 
  FIG                 Figma Inc   98.36           Technology  2026-05-01 18.74   2026-05-04 19.96  6.51 
   MU     Micron Technology Inc 6114.69       Semiconductors 2026-05-01 542.21  2026-05-04 576.45  6.31 
 APLD      Applied Digital Corp   95.88           Technology  2026-05-01 33.55   2026-05-04 35.63  6.20 
 COIN       Coinbase Global Inc  505.04   Financial Services 2026-05-01 191.25  2026-05-04 202.99  6.14 
 RVMD  Revolution Medicines Inc  296.52        Biotechnology 2026-05-01 139.48   2026-05-04 147.9  6.04 
  PBF            PBF Energy Inc   50.51               Energy   2026-05-01 43.0   2026-05-04 45.53  5.88 
 DOCN DigitalOcean Holdings Inc  105.27           Technology 2026-05-01 102.82  2026-05-04 108.81  5.83 
 SNDK              Sandisk Corp 1752.02           Technology 2026-05-01 1187.0 2026-05-04 1255.86  5.80 
 TGTX       TG Therapeutics Inc   54.05        Biotechnology  2026-05-01 33.85   2026-05-04 35.71  5.48 

=== 市值超过100亿的涨幅榜前20名股票 ===
股票代码            公司名称            市值(亿)          板块                昨天收盘              今天收盘        涨跌幅(%)
CRCL Circle Internet Group Inc  246.47         Technology   2026-05-01 99.7  2026-05-04 119.53 19.89 
NBIS           Nebius Group NV  388.87         Technology 2026-05-01 154.49  2026-05-04 176.42 14.20 
IREN                  IREN Ltd  151.48         Technology  2026-05-01 45.66   2026-05-04 49.48  8.37 
AXSM   Axsome Therapeutics Inc  105.65    Pharmaceuticals 2026-05-01 206.53   2026-05-04 223.7  8.31 
  VG        Venture Global Inc  316.03             Energy  2026-05-01 12.73   2026-05-04 13.77  8.17 
 TSN           Tyson Foods Inc  219.75      Food Products  2026-05-01 63.68   2026-05-04 68.75  7.96 
  MU     Micron Technology Inc 6114.69     Semiconductors 2026-05-01 542.21  2026-05-04 576.45  6.31 
COIN       Coinbase Global Inc  505.04 Financial Services 2026-05-01 191.25  2026-05-04 202.99  6.14 
RVMD  Revolution Medicines Inc  296.52      Biotechnology 2026-05-01 139.48   2026-05-04 147.9  6.04 
DOCN DigitalOcean Holdings Inc  105.27         Technology 2026-05-01 102.82  2026-05-04 108.81  5.83 
SNDK              Sandisk Corp 1752.02         Technology 2026-05-01 1187.0 2026-05-04 1255.86  5.80 
RBLX               Roblox Corp  323.04              Media  2026-05-01 45.13   2026-05-04 47.57  5.41 
SMMT   Summit Therapeutics Inc  125.06      Biotechnology  2026-05-01 16.11   2026-05-04 16.98  5.37 
RBRK                Rubrik Inc  113.34         Technology  2026-05-01 55.07   2026-05-04 57.93  5.19 
INSM                Insmed Inc  287.64      Biotechnology 2026-05-01 133.26  2026-05-04 140.01  5.07 
 AUR     Aurora Innovation Inc  120.19         Technology   2026-05-01 6.13    2026-05-04 6.44  5.06 
EBAY                  eBay Inc  462.07             Retail 2026-05-01 104.07  2026-05-04 109.33  5.05 
ORCL               Oracle Corp 4941.91         Technology 2026-05-01 171.83  2026-05-04 180.29  4.92 
TEAM            Atlassian Corp  235.25         Technology  2026-05-01 88.88   2026-05-04 93.16  4.82 
 APA             APA Corp (US)  141.82             Energy  2026-05-01 40.13   2026-05-04 42.02  4.71 

=== 市值超过200亿的涨幅榜前20名股票 ===
股票代码            公司名称            市值(亿)          板块                昨天收盘              今天收盘        涨跌幅(%)
CRCL Circle Internet Group Inc  246.47         Technology   2026-05-01 99.7  2026-05-04 119.53 19.89 
NBIS           Nebius Group NV  388.87         Technology 2026-05-01 154.49  2026-05-04 176.42 14.20 
  VG        Venture Global Inc  316.03             Energy  2026-05-01 12.73   2026-05-04 13.77  8.17 
 TSN           Tyson Foods Inc  219.75      Food Products  2026-05-01 63.68   2026-05-04 68.75  7.96 
  MU     Micron Technology Inc 6114.69     Semiconductors 2026-05-01 542.21  2026-05-04 576.45  6.31 
COIN       Coinbase Global Inc  505.04 Financial Services 2026-05-01 191.25  2026-05-04 202.99  6.14 
RVMD  Revolution Medicines Inc  296.52      Biotechnology 2026-05-01 139.48   2026-05-04 147.9  6.04 
SNDK              Sandisk Corp 1752.02         Technology 2026-05-01 1187.0 2026-05-04 1255.86  5.80 
RBLX               Roblox Corp  323.04              Media  2026-05-01 45.13   2026-05-04 47.57  5.41 
INSM                Insmed Inc  287.64      Biotechnology 2026-05-01 133.26  2026-05-04 140.01  5.07 
EBAY                  eBay Inc  462.07             Retail 2026-05-01 104.07  2026-05-04 109.33  5.05 
ORCL               Oracle Corp 4941.91         Technology 2026-05-01 171.83  2026-05-04 180.29  4.92 
TEAM            Atlassian Corp  235.25         Technology  2026-05-01 88.88   2026-05-04 93.16  4.82 
 GFS       GlobalFoundries Inc  361.17     Semiconductors  2026-05-01 64.91   2026-05-04 67.75  4.38 
DDOG               Datadog Inc  495.77         Technology 2026-05-01 140.53  2026-05-04 146.69  4.38 
 CEG Constellation Energy Corp 1115.18          Utilities 2026-05-01 307.81  2026-05-04 321.05  4.30 
HOOD     Robinhood Markets Inc  663.07 Financial Services  2026-05-01 73.66   2026-05-04 76.55  3.92 
MSTR              Strategy Inc  613.40         Technology 2026-05-01 177.17   2026-05-04 183.8  3.74 
 VST               Vistra Corp  525.70          Utilities 2026-05-01 155.28  2026-05-04 160.85  3.59 
FTNT              Fortinet Inc  638.48         Technology  2026-05-01 86.29   2026-05-04 89.24  3.42 

=== 市值超过1000亿的涨跌榜前20名股票 ===
 股票代码               公司名称               市值(亿)            板块                 昨天收盘               今天收盘        涨跌幅(%)
   MU           Micron Technology Inc  6114.69       Semiconductors  2026-05-01 542.21  2026-05-04 576.45  6.31 
 SNDK                    Sandisk Corp  1752.02           Technology  2026-05-01 1187.0 2026-05-04 1255.86  5.80 
 ORCL                     Oracle Corp  4941.91           Technology  2026-05-01 171.83  2026-05-04 180.29  4.92 
  CEG       Constellation Energy Corp  1115.18            Utilities  2026-05-01 307.81  2026-05-04 321.05  4.30 
  APP                   Applovin Corp  1546.80           Technology   2026-05-01 460.0   2026-05-04 475.0  3.26 
 INTU                      Intuit Inc  1103.55           Technology  2026-05-01 399.04  2026-05-04 406.99  1.99 
   MA                  Mastercard Inc  4418.57   Financial Services  2026-05-01 495.46  2026-05-04 504.74  1.87 
   PM Philip Morris International Inc  2593.13              Tobacco  2026-05-01 166.38  2026-05-04 169.19  1.69 
  STX Seagate Technology Holdings PLC  1629.99           Technology  2026-05-01 726.93  2026-05-04 738.54  1.60 
 IBKR   Interactive Brokers Group Inc  1364.88   Financial Services   2026-05-01 80.46   2026-05-04 81.72  1.57 
EADSF                       Airbus SE  1376.70  Aerospace & Defense  2026-05-01 206.82   2026-05-04 210.0  1.54 
 AMZN                  Amazon.com Inc 28849.36               Retail  2026-05-01 268.26  2026-05-04 272.05  1.41 
  COP                  ConocoPhillips  1501.51               Energy  2026-05-01 123.19  2026-05-04 124.91  1.40 
 VRTX      Vertex Pharmaceuticals Inc  1078.28        Biotechnology  2026-05-01 423.92  2026-05-04 429.85  1.40 
 PLTR       Palantir Technologies Inc  3445.69           Technology  2026-05-01 144.07  2026-05-04 146.03  1.36 
 ADBE                       Adobe Inc  1013.37           Technology  2026-05-01 250.71  2026-05-04 253.96  1.30 
  LMT            Lockheed Martin Corp  1182.26  Aerospace & Defense  2026-05-01 512.77  2026-05-04 518.15  1.05 
  GEV                  GE Vernova Inc  2856.36 Electrical Equipment 2026-05-01 1062.95 2026-05-04 1073.95  1.03 
  CRM                  Salesforce Inc  1503.75           Technology  2026-05-01 183.82  2026-05-04 185.48  0.90 
  CVX                    Chevron Corp  3803.80               Energy  2026-05-01 190.63  2026-05-04 192.28  0.87 
