
=== 涨幅榜前20名股票 ===
 股票代码              公司名称              市值(亿)               板块                     昨天收盘            今天收盘       涨跌幅(%)
  STI        Solidion Technology Inc  0.39           Electrical Equipment 2026-06-03 5.04 2026-06-04 22.71 350.60
IOBTQ                 IO Biotech Inc  0.00                  Biotechnology  2026-06-03 0.0  2026-06-04 0.01 200.00
 INDP      Indaptus Therapeutics Inc  2.50                  Biotechnology 2026-06-03 2.21  2026-06-04 4.75 114.93
 VERU                       Veru Inc  0.38                Pharmaceuticals 2026-06-03 2.25  2026-06-04 4.23  88.00
 FOXX  Foxx Development Holdings Inc  0.37                     Technology 2026-06-03 2.86  2026-06-04 5.25  83.57
 SDOT                Sadot Group Inc  0.05                  Food Products 2026-06-03 6.75 2026-06-04 11.37  68.44
 CXAI                      CXApp Inc  0.18                     Technology 2026-06-03 0.16  2026-06-04 0.26  60.57
 EDHL Everbright Digital Holding Ltd  0.04                          Media 2026-06-03 2.61  2026-06-04 4.19  60.47
 ZCAR           Zoomcar Holdings Inc  0.00                    Road & Rail 2026-06-03 0.13  2026-06-04 0.21  60.00
 NEXR        Nexera Technologies Ltd  0.03                         Retail 2026-06-03 1.02  2026-06-04 1.56  52.94
 HCAT            Health Catalyst Inc  1.41                    Health Care 2026-06-03 1.33  2026-06-04 1.94  45.86
  LSE  Leishen Energy Holding Co Ltd  0.19                         Energy  2026-06-03 3.2  2026-06-04 4.43  38.59
 SBEV      Splash Beverage Group Inc  0.04                      Beverages 2026-06-03 0.24  2026-06-04 0.33  38.22
 MEHA          Functional Brands Inc  0.04              Consumer products 2026-06-03 0.07  2026-06-04 0.09  28.82
 LNZA           Lanzatech Global Inc  0.82 Commercial Services & Supplies 2026-06-03 5.45  2026-06-04 6.99  28.26
 XAGE  Longevity Health Holdings Inc  0.01                  Biotechnology 2026-06-03 0.26  2026-06-04 0.32  24.51
 ABSI                     Absci Corp 11.44                  Biotechnology 2026-06-03 5.94  2026-06-04 7.34  23.57
 RMSG            Real Messenger Corp  0.06                    Real Estate 2026-06-03 0.89   2026-06-04 1.1  23.46
 BSLK     Bolt Projects Holdings Inc  0.00                      Chemicals 2026-06-03 0.06  2026-06-04 0.07  23.04
 NXXT                    NextNRG Inc  1.04                         Energy 2026-06-03 0.56  2026-06-04 0.69  23.01

=== 市值超过20亿的涨幅榜前20名股票 ===
 股票代码              公司名称              市值(亿)                板块                      昨天收盘              今天收盘       涨跌幅(%)
 OSCR               Oscar Health Inc  70.64                      Insurance   2026-06-03 20.5   2026-06-04 23.6 15.12 
AAVXF                      Abivax SA  56.84                  Biotechnology   2026-06-03 89.3 2026-06-04 101.25 13.38 
 NTLA      Intellia Therapeutics Inc  20.61                  Biotechnology  2026-06-03 13.02  2026-06-04 14.75 13.29 
 ADPT  Adaptive Biotechnologies Corp  28.02 Life Sciences Tools & Services  2026-06-03 15.99  2026-06-04 18.08 13.07 
 LQDA                  Liquidia Corp  55.62                Pharmaceuticals  2026-06-03 55.69  2026-06-04 62.54 12.30 
 INOD                   Innodata Inc  39.33          Professional Services 2026-06-03 108.27  2026-06-04 121.5 12.22 
  CAI        Caris Life Sciences Inc  48.85                  Biotechnology  2026-06-03 15.48  2026-06-04 17.28 11.63 
 BAND                  Bandwidth Inc  23.00              Telecommunication   2026-06-03 65.6  2026-06-04 73.19 11.57 
 NVCR                   Novocure Ltd  21.04                    Health Care  2026-06-03 16.15  2026-06-04 17.99 11.39 
 BEAM          Beam Therapeutics Inc  33.99                  Biotechnology  2026-06-03 29.55  2026-06-04 32.84 11.13 
 AAOI    Applied Optoelectronics Inc 143.11                 Communications 2026-06-03 184.07 2026-06-04 202.89 10.22 
  TEM                  Tempus AI Inc  93.84 Life Sciences Tools & Services  2026-06-03 47.51  2026-06-04 52.26 10.00 
 RXRX  Recursion Pharmaceuticals Inc  20.46                  Biotechnology   2026-06-03 3.47    2026-06-04 3.8  9.51 
   NN                    NextNav Inc  32.19                     Technology  2026-06-03 21.57  2026-06-04 23.59  9.36 
 CRSP         CRISPR Therapeutics AG  54.93                  Biotechnology  2026-06-03 52.08  2026-06-04 56.95  9.35 
 CLOV Clover Health Investments Corp  20.75                    Health Care   2026-06-03 3.65   2026-06-04 3.99  9.32 
 FLNC             Fluence Energy Inc  46.77           Electrical Equipment  2026-06-03 24.85  2026-06-04 27.15  9.26 
 ORKA         Oruka Therapeutics Inc  37.56                  Biotechnology   2026-06-03 57.2  2026-06-04 62.28  8.88 
 GRAL                      Grail Inc  28.56                  Biotechnology  2026-06-03 61.13  2026-06-04 66.55  8.87 
 ANDG             Andersen Group Inc  43.69          Professional Services  2026-06-03 36.87  2026-06-04 40.06  8.65 

=== 市值超过50亿的涨幅榜前20名股票 ===
 股票代码                    公司名称                    市值(亿)                板块                      昨天收盘              今天收盘       涨跌幅(%)
 OSCR                          Oscar Health Inc   70.64                      Insurance   2026-06-03 20.5   2026-06-04 23.6 15.12 
AAVXF                                 Abivax SA   56.84                  Biotechnology   2026-06-03 89.3 2026-06-04 101.25 13.38 
 LQDA                             Liquidia Corp   55.62                Pharmaceuticals  2026-06-03 55.69  2026-06-04 62.54 12.30 
 AAOI               Applied Optoelectronics Inc  143.11                 Communications 2026-06-03 184.07 2026-06-04 202.89 10.22 
  TEM                             Tempus AI Inc   93.84 Life Sciences Tools & Services  2026-06-03 47.51  2026-06-04 52.26 10.00 
 CRSP                    CRISPR Therapeutics AG   54.93                  Biotechnology  2026-06-03 52.08  2026-06-04 56.95  9.35 
 KTOS Kratos Defense and Security Solutions Inc  118.89            Aerospace & Defense  2026-06-03 58.43   2026-06-04 63.4  8.51 
 RDDT                                Reddit Inc  350.73                          Media 2026-06-03 169.49 2026-06-04 183.91  8.51 
THLEF                                 Thales SA  462.21            Aerospace & Defense 2026-06-03 258.35 2026-06-04 279.18  8.06 
  FPS              Forgent Power Solutions, Inc  196.63           Electrical Equipment  2026-06-03 59.78  2026-06-04 64.59  8.05 
   PS                       Pershing Square Inc  149.56             Financial Services  2026-06-03 35.47  2026-06-04 38.32  8.03 
 APGE                   Apogee Therapeutics Inc   68.53                  Biotechnology  2026-06-03 84.19   2026-06-04 90.9  7.97 
 PTGX              Protagonist Therapeutics Inc   64.40                  Biotechnology  2026-06-03 95.41 2026-06-04 102.79  7.74 
   BX                            Blackstone Inc 1448.11             Financial Services 2026-06-03 110.28 2026-06-04 118.55  7.50 
  AMG             Affiliated Managers Group Inc   88.43             Financial Services 2026-06-03 311.61 2026-06-04 334.82  7.45 
 GKOS                              Glaukos Corp   70.49                    Health Care 2026-06-03 113.64 2026-06-04 121.69  7.08 
  HUM                                Humana Inc  419.99                    Health Care 2026-06-03 327.54  2026-06-04 349.8  6.80 
 SYRE                    Spyre Therapeutics Inc   68.31                  Biotechnology  2026-06-03 73.52  2026-06-04 78.48  6.75 
 AVAV                         AeroVironment Inc  102.07            Aerospace & Defense 2026-06-03 191.47  2026-06-04 204.4  6.75 
FCNCB  First Citizens BancShares Inc (Delaware)  234.03                        Banking 2026-06-03 1640.0 2026-06-04 1750.0  6.71 

=== 市值超过100亿的涨幅榜前20名股票 ===
 股票代码                    公司名称                    市值(亿)                板块                      昨天收盘              今天收盘       涨跌幅(%)
 AAOI               Applied Optoelectronics Inc  143.11                 Communications 2026-06-03 184.07 2026-06-04 202.89 10.22 
 KTOS Kratos Defense and Security Solutions Inc  118.89            Aerospace & Defense  2026-06-03 58.43   2026-06-04 63.4  8.51 
 RDDT                                Reddit Inc  350.73                          Media 2026-06-03 169.49 2026-06-04 183.91  8.51 
THLEF                                 Thales SA  462.21            Aerospace & Defense 2026-06-03 258.35 2026-06-04 279.18  8.06 
  FPS              Forgent Power Solutions, Inc  196.63           Electrical Equipment  2026-06-03 59.78  2026-06-04 64.59  8.05 
   PS                       Pershing Square Inc  149.56             Financial Services  2026-06-03 35.47  2026-06-04 38.32  8.03 
   BX                            Blackstone Inc 1448.11             Financial Services 2026-06-03 110.28 2026-06-04 118.55  7.50 
  HUM                                Humana Inc  419.99                    Health Care 2026-06-03 327.54  2026-06-04 349.8  6.80 
 AVAV                         AeroVironment Inc  102.07            Aerospace & Defense 2026-06-03 191.47  2026-06-04 204.4  6.75 
FCNCB  First Citizens BancShares Inc (Delaware)  234.03                        Banking 2026-06-03 1640.0 2026-06-04 1750.0  6.71 
 HOOD                     Robinhood Markets Inc  772.68             Financial Services  2026-06-03 82.85  2026-06-04 88.33  6.61 
 AXON                       Axon Enterprise Inc  399.12            Aerospace & Defense 2026-06-03 481.48  2026-06-04 513.2  6.59 
 ICLR                                  ICON PLC  115.45 Life Sciences Tools & Services  2026-06-03 143.9  2026-06-04 152.8  6.18 
 ARES                      Ares Management Corp  289.41             Financial Services  2026-06-03 123.1  2026-06-04 130.5  6.01 
 SNAP                                  Snap Inc  101.60                          Media   2026-06-03 5.73   2026-06-04 6.07  5.93 
 ERIE                         Erie Indemnity Co  102.23                      Insurance 2026-06-03 207.24 2026-06-04 219.51  5.92 
  KKR                              KKR & Co Inc  861.51             Financial Services  2026-06-03 90.53  2026-06-04 95.46  5.45 
  CNC                              Centene Corp  309.61                    Health Care  2026-06-03 59.55   2026-06-04 62.7  5.29 
  BEN                    Franklin Resources Inc  165.32             Financial Services  2026-06-03 30.37  2026-06-04 31.97  5.27 
 SOLV                            Solventum Corp  142.73                    Health Care  2026-06-03 78.36  2026-06-04 82.42  5.18 

=== 市值超过200亿的涨幅榜前20名股票 ===
 股票代码                   公司名称                    市值(亿)                 板块                       昨天收盘               今天收盘        涨跌幅(%)
 RDDT                               Reddit Inc  350.73                            Media  2026-06-03 169.49  2026-06-04 183.91  8.51 
THLEF                                Thales SA  462.21              Aerospace & Defense  2026-06-03 258.35  2026-06-04 279.18  8.06 
   BX                           Blackstone Inc 1448.11               Financial Services  2026-06-03 110.28  2026-06-04 118.55  7.50 
  HUM                               Humana Inc  419.99                      Health Care  2026-06-03 327.54   2026-06-04 349.8  6.80 
FCNCB First Citizens BancShares Inc (Delaware)  234.03                          Banking  2026-06-03 1640.0  2026-06-04 1750.0  6.71 
 HOOD                    Robinhood Markets Inc  772.68               Financial Services   2026-06-03 82.85   2026-06-04 88.33  6.61 
 AXON                      Axon Enterprise Inc  399.12              Aerospace & Defense  2026-06-03 481.48   2026-06-04 513.2  6.59 
 ARES                     Ares Management Corp  289.41               Financial Services   2026-06-03 123.1   2026-06-04 130.5  6.01 
  KKR                             KKR & Co Inc  861.51               Financial Services   2026-06-03 90.53   2026-06-04 95.46  5.45 
  CNC                             Centene Corp  309.61                      Health Care   2026-06-03 59.55    2026-06-04 62.7  5.29 
  UNH                   UnitedHealth Group Inc 3597.61                      Health Care   2026-06-03 377.0  2026-06-04 396.47  5.16 
 MRNA                              Moderna Inc  204.70                    Biotechnology   2026-06-03 49.06   2026-06-04 51.59  5.16 
   VG                       Venture Global Inc  299.12                           Energy   2026-06-03 12.52   2026-06-04 13.16  5.11 
  MDT                            Medtronic PLC 1045.72                      Health Care   2026-06-03 77.95   2026-06-04 81.93  5.11 
 SUNB             Sunbelt Rentals Holdings Inc  332.87 Trading Companies & Distributors   2026-06-03 77.36   2026-06-04 81.29  5.08 
   GS                  Goldman Sachs Group Inc 3200.14               Financial Services 2026-06-03 1041.02 2026-06-04 1092.61  4.96 
 MRVL                   Marvell Technology Inc 2667.31                   Semiconductors  2026-06-03 301.65  2026-06-04 316.43  4.90 
  MRK                           Merck & Co Inc 2970.21                  Pharmaceuticals   2026-06-03 114.7  2026-06-04 120.26  4.85 
 NTRA                               Natera Inc  321.73                    Biotechnology  2026-06-03 211.85   2026-06-04 222.1  4.84 
  DHR                             Danaher Corp 1320.98   Life Sciences Tools & Services  2026-06-03 178.08  2026-06-04 186.64  4.81 

=== 市值超过1000亿的涨跌榜前20名股票 ===
 股票代码           公司名称           市值(亿)                 板块                      昨天收盘               今天收盘        涨跌幅(%)
   BX          Blackstone Inc  1448.11             Financial Services  2026-06-03 110.28  2026-06-04 118.55  7.50 
  UNH  UnitedHealth Group Inc  3597.61                    Health Care   2026-06-03 377.0  2026-06-04 396.47  5.16 
  MDT           Medtronic PLC  1045.72                    Health Care   2026-06-03 77.95   2026-06-04 81.93  5.11 
   GS Goldman Sachs Group Inc  3200.14             Financial Services 2026-06-03 1041.02 2026-06-04 1092.61  4.96 
 MRVL  Marvell Technology Inc  2667.31                 Semiconductors  2026-06-03 301.65  2026-06-04 316.43  4.90 
  MRK          Merck & Co Inc  2970.21                Pharmaceuticals   2026-06-03 114.7  2026-06-04 120.26  4.85 
  DHR            Danaher Corp  1320.98 Life Sciences Tools & Services  2026-06-03 178.08  2026-06-04 186.64  4.81 
  ABT     Abbott Laboratories  1569.90                    Health Care   2026-06-03 86.99   2026-06-04 90.78  4.36 
  LLY        Eli Lilly and Co 10597.13                Pharmaceuticals 2026-06-03 1078.78 2026-06-04 1125.27  4.31 
   GE     General Electric Co  3418.49            Aerospace & Defense  2026-06-03 314.64  2026-06-04 327.65  4.13 
EADSF               Airbus SE  1332.78            Aerospace & Defense  2026-06-03 195.72  2026-06-04 203.73  4.09 
    C           Citigroup Inc  2317.70                        Banking  2026-06-03 129.93  2026-06-04 135.15  4.02 
  RTX                RTX Corp  2416.08            Aerospace & Defense  2026-06-03 172.55  2026-06-04 179.41  3.98 
  AXP     American Express Co  2145.64             Financial Services  2026-06-03 300.57  2026-06-04 312.53  3.98 
   MS          Morgan Stanley  3442.74             Financial Services  2026-06-03 210.14  2026-06-04 218.27  3.87 
 GOOG            Alphabet Inc 44657.15                          Media  2026-06-03 355.68  2026-06-04 369.27  3.82 
  CVS         CVS Health Corp  1197.20                    Health Care   2026-06-03 91.37   2026-06-04 94.82  3.78 
GOOGL            Alphabet Inc 44657.15                          Media  2026-06-03 358.99  2026-06-04 372.19  3.68 
 ABBV              AbbVie Inc  3974.22                  Biotechnology  2026-06-03 217.13  2026-06-04 224.94  3.60 
  BMY Bristol-Myers Squibb Co  1146.01                Pharmaceuticals   2026-06-03 54.72    2026-06-04 56.6  3.44 
