
=== 涨幅榜前20名股票 ===
 股票代码                   公司名称                  市值(亿)               板块                    昨天收盘            今天收盘       涨跌幅(%)
 ARTL                  Artelo Biosciences Inc  0.03               Pharmaceuticals 2026-03-17 4.85  2026-03-18 7.31 50.72 
  AIM                      AIM ImmunoTech Inc  0.03                 Biotechnology 2026-03-17 0.71  2026-03-18 1.02 43.66 
 ZYBT       Zhengye Biotechnology Holding Ltd  0.37               Pharmaceuticals 2026-03-17 0.72  2026-03-18 0.98 36.10 
 VEEE                   Twin Vee PowerCats Co  0.05              Leisure Products 2026-03-17 0.33  2026-03-18 0.44 34.56 
 ENSC                 Ensysce Biosciences Inc  0.02                 Biotechnology 2026-03-17 0.47  2026-03-18 0.63 32.91 
 AIEV              Thunder Power Holdings Inc  0.11                   Automobiles 2026-03-17 0.22  2026-03-18 0.29 31.82 
 CGTL Creative Global Technology Holdings Ltd  0.20          Electrical Equipment 2026-03-17 0.77  2026-03-18 1.01 30.49 
 PERF                            Perfect Corp  1.37                    Technology 2026-03-17 1.35  2026-03-18 1.75 29.63 
PAOTF                               Parrot SA  2.46                Communications 2026-03-17 9.15 2026-03-18 11.78 28.74 
 PTIX             Protagenic Therapeutics Inc  0.01                 Biotechnology 2026-03-17 0.54   2026-03-18 0.7 28.69 
 EVTV                 Envirotech Vehicles Inc  0.07                   Automobiles 2026-03-17 1.54  2026-03-18 1.96 27.27 
 ATXG                     Addentax Group Corp  0.03    Logistics & Transportation 2026-03-17 0.25  2026-03-18 0.32 25.55 
 TLYS                              Tillys Inc  0.88                        Retail 2026-03-17 2.89  2026-03-18 3.57 23.53 
 ANEB             Anebulo Pharmaceuticals Inc  0.35               Pharmaceuticals 2026-03-17 0.87  2026-03-18 1.07 22.99 
 LGMK                           LogicMark Inc  0.01                   Health Care 2026-03-17 0.56  2026-03-18 0.69 22.12 
 MNDR         Mobile-health Network Solutions  0.02                   Health Care 2026-03-17 0.84  2026-03-18 1.03 22.04 
 SVCO                       Silvaco Group Inc  1.56                    Technology 2026-03-17 4.97  2026-03-18 6.06 21.93 
 ALUR               Allurion Technologies Inc  0.07 Diversified Consumer Services  2026-03-17 0.6  2026-03-18 0.73 21.68 
 FBGL                          FBS Global Ltd  0.09                  Construction 2026-03-17 0.64  2026-03-18 0.78 20.84 
 DVLT                        Datavault AI Inc  4.51                Semiconductors 2026-03-17 0.78  2026-03-18 0.93 19.21 

=== 市值超过20亿的涨幅榜前20名股票 ===
 股票代码                公司名称               市值(亿)            板块                 昨天收盘              今天收盘       涨跌幅(%)
  RGC Regencell Bioscience Holdings Ltd 113.58       Pharmaceuticals  2026-03-17 22.97  2026-03-18 26.38 14.85 
   VG                Venture Global Inc 321.86                Energy  2026-03-17 12.97  2026-03-18 14.85 14.49 
 ANDG                Andersen Group Inc  27.62 Professional Services  2026-03-17 24.89  2026-03-18 28.27 13.58 
BOIVF                        Bollore SE 122.87                Energy   2026-03-17 5.17   2026-03-18 5.78 11.80 
 FSLY                        Fastly Inc  36.71            Technology  2026-03-17 24.18  2026-03-18 26.88 11.17 
  CVI                    CVR Energy Inc  29.98                Energy  2026-03-17 29.82  2026-03-18 32.91 10.36 
 AXTI                           AXT Inc  24.52        Semiconductors  2026-03-17 44.36  2026-03-18 48.76  9.92 
  SEI Solaris Energy Infrastructure Inc  46.96                Energy  2026-03-17 63.19  2026-03-18 68.56  8.50 
   NN                       NextNav Inc  22.75            Technology  2026-03-17 16.87  2026-03-18 18.28  8.36 
 LITE             Lumentum Holdings Inc 463.79        Communications 2026-03-17 649.56 2026-03-18 700.81  7.89 
 AAOI       Applied Optoelectronics Inc  64.92        Communications  2026-03-17 86.33  2026-03-18 92.63  7.30 
   DK             Delek US Holdings Inc  25.32                Energy  2026-03-17 42.34  2026-03-18 45.41  7.25 
EUTLF        Eutelsat Communications SA  24.26                 Media   2026-03-17 2.15    2026-03-18 2.3  6.98 
  NET                    Cloudflare Inc 744.51            Technology 2026-03-17 211.52 2026-03-18 225.48  6.60 
 DOCN         DigitalOcean Holdings Inc  71.38            Technology  2026-03-17 77.59  2026-03-18 82.48  6.30 
  LNG               Cheniere Energy Inc 528.66                Energy  2026-03-17 251.5 2026-03-18 266.22  5.85 
 PARR          Par Pacific Holdings Inc  25.94                Energy  2026-03-17 52.94  2026-03-18 56.02  5.82 
  PBF                    PBF Energy Inc  52.09                Energy  2026-03-17 44.55  2026-03-18 47.09  5.70 
  LYB      LyondellBasell Industries NV 229.39             Chemicals   2026-03-17 71.2   2026-03-18 75.2  5.62 
 VIAV               Viavi Solutions Inc  69.35        Communications  2026-03-17 30.84  2026-03-18 32.44  5.19 

=== 市值超过50亿的涨幅榜前20名股票 ===
 股票代码                公司名称                市值(亿)                 板块                       昨天收盘              今天收盘       涨跌幅(%)
  RGC Regencell Bioscience Holdings Ltd  113.58                  Pharmaceuticals  2026-03-17 22.97  2026-03-18 26.38 14.85 
   VG                Venture Global Inc  321.86                           Energy  2026-03-17 12.97  2026-03-18 14.85 14.49 
BOIVF                        Bollore SE  122.87                           Energy   2026-03-17 5.17   2026-03-18 5.78 11.80 
 LITE             Lumentum Holdings Inc  463.79                   Communications 2026-03-17 649.56 2026-03-18 700.81  7.89 
 AAOI       Applied Optoelectronics Inc   64.92                   Communications  2026-03-17 86.33  2026-03-18 92.63  7.30 
  NET                    Cloudflare Inc  744.51                       Technology 2026-03-17 211.52 2026-03-18 225.48  6.60 
 DOCN         DigitalOcean Holdings Inc   71.38                       Technology  2026-03-17 77.59  2026-03-18 82.48  6.30 
  LNG               Cheniere Energy Inc  528.66                           Energy  2026-03-17 251.5 2026-03-18 266.22  5.85 
  PBF                    PBF Energy Inc   52.09                           Energy  2026-03-17 44.55  2026-03-18 47.09  5.70 
  LYB      LyondellBasell Industries NV  229.39                        Chemicals   2026-03-17 71.2   2026-03-18 75.2  5.62 
 VIAV               Viavi Solutions Inc   69.35                   Communications  2026-03-17 30.84  2026-03-18 32.44  5.19 
  NVT                nVent Electric PLC  185.52             Electrical Equipment 2026-03-17 114.71 2026-03-18 120.27  4.85 
 SNDK                      Sandisk Corp 1062.98                       Technology 2026-03-17 720.17 2026-03-18 753.69  4.65 
 COHR                     Coherent Corp  460.83             Electrical Equipment  2026-03-17 245.8 2026-03-18 257.21  4.64 
 IBRX                   Immunitybio Inc   84.41                    Biotechnology   2026-03-17 8.21   2026-03-18 8.56  4.26 
 CIEN                        Ciena Corp  523.24                   Communications 2026-03-17 370.05 2026-03-18 385.26  4.11 
  SFM        Sprouts Farmers Market Inc   76.67                           Retail  2026-03-17 81.07  2026-03-18 84.33  4.02 
 CAMT                        Camtek Ltd   73.50                   Semiconductors 2026-03-17 160.39  2026-03-18 166.7  3.93 
 PATH                        UiPath Inc   64.06                       Technology  2026-03-17 11.98  2026-03-18 12.45  3.92 
 LULU           Lululemon Athletica Inc  194.98 Textiles, Apparel & Luxury Goods 2026-03-17 159.27 2026-03-18 165.39  3.84 

=== 市值超过100亿的涨幅榜前20名股票 ===
 股票代码                公司名称                市值(亿)                 板块                       昨天收盘              今天收盘       涨跌幅(%)
  RGC Regencell Bioscience Holdings Ltd  113.58                  Pharmaceuticals  2026-03-17 22.97  2026-03-18 26.38 14.85 
   VG                Venture Global Inc  321.86                           Energy  2026-03-17 12.97  2026-03-18 14.85 14.49 
BOIVF                        Bollore SE  122.87                           Energy   2026-03-17 5.17   2026-03-18 5.78 11.80 
 LITE             Lumentum Holdings Inc  463.79                   Communications 2026-03-17 649.56 2026-03-18 700.81  7.89 
  NET                    Cloudflare Inc  744.51                       Technology 2026-03-17 211.52 2026-03-18 225.48  6.60 
  LNG               Cheniere Energy Inc  528.66                           Energy  2026-03-17 251.5 2026-03-18 266.22  5.85 
  LYB      LyondellBasell Industries NV  229.39                        Chemicals   2026-03-17 71.2   2026-03-18 75.2  5.62 
  NVT                nVent Electric PLC  185.52             Electrical Equipment 2026-03-17 114.71 2026-03-18 120.27  4.85 
 SNDK                      Sandisk Corp 1062.98                       Technology 2026-03-17 720.17 2026-03-18 753.69  4.65 
 COHR                     Coherent Corp  460.83             Electrical Equipment  2026-03-17 245.8 2026-03-18 257.21  4.64 
 CIEN                        Ciena Corp  523.24                   Communications 2026-03-17 370.05 2026-03-18 385.26  4.11 
 LULU           Lululemon Athletica Inc  194.98 Textiles, Apparel & Luxury Goods 2026-03-17 159.27 2026-03-18 165.39  3.84 
  VST                       Vistra Corp  535.59                        Utilities 2026-03-17 164.33 2026-03-18 170.12  3.52 
  TLN                 Talen Energy Corp  149.49                        Utilities 2026-03-17 327.14  2026-03-18 338.6  3.50 
  CNC                      Centene Corp  171.82                      Health Care  2026-03-17 34.94  2026-03-18 36.16  3.49 
  CEG         Constellation Energy Corp 1113.81                        Utilities 2026-03-17 307.69 2026-03-18 317.22  3.10 
 TSEM           Tower Semiconductor Ltd  154.07                   Semiconductors 2026-03-17 137.86 2026-03-18 141.96  2.97 
 AKAM           Akamai Technologies Inc  153.35                       Technology 2026-03-17 105.84 2026-03-18 108.86  2.85 
  NRG                    NRG Energy Inc  331.48                        Utilities 2026-03-17 154.75 2026-03-18 159.11  2.82 
   CF        CF Industries Holdings Inc  189.46                        Chemicals 2026-03-17 123.29 2026-03-18 126.73  2.79 

=== 市值超过200亿的涨幅榜前20名股票 ===
股票代码             公司名称              市值(亿)           板块                 昨天收盘              今天收盘       涨跌幅(%)
  VG           Venture Global Inc  321.86               Energy  2026-03-17 12.97  2026-03-18 14.85 14.49 
LITE        Lumentum Holdings Inc  463.79       Communications 2026-03-17 649.56 2026-03-18 700.81  7.89 
 NET               Cloudflare Inc  744.51           Technology 2026-03-17 211.52 2026-03-18 225.48  6.60 
 LNG          Cheniere Energy Inc  528.66               Energy  2026-03-17 251.5 2026-03-18 266.22  5.85 
 LYB LyondellBasell Industries NV  229.39            Chemicals   2026-03-17 71.2   2026-03-18 75.2  5.62 
SNDK                 Sandisk Corp 1062.98           Technology 2026-03-17 720.17 2026-03-18 753.69  4.65 
COHR                Coherent Corp  460.83 Electrical Equipment  2026-03-17 245.8 2026-03-18 257.21  4.64 
CIEN                   Ciena Corp  523.24       Communications 2026-03-17 370.05 2026-03-18 385.26  4.11 
 VST                  Vistra Corp  535.59            Utilities 2026-03-17 164.33 2026-03-18 170.12  3.52 
 CEG    Constellation Energy Corp 1113.81            Utilities 2026-03-17 307.69 2026-03-18 317.22  3.10 
 NRG               NRG Energy Inc  331.48            Utilities 2026-03-17 154.75 2026-03-18 159.11  2.82 
ANET          Arista Networks Inc 1672.07       Communications 2026-03-17 133.07 2026-03-18 136.07  2.25 
INTC                   Intel Corp 2200.80       Semiconductors  2026-03-17 44.06  2026-03-18 45.03  2.20 
  PH         Parker-Hannifin Corp 1127.50            Machinery 2026-03-17 893.31  2026-03-18 912.4  2.14 
 APO Apollo Global Management Inc  629.65   Financial Services 2026-03-17 108.89  2026-03-18 111.2  2.12 
NBIS              Nebius Group NV  292.81           Technology 2026-03-17 116.33 2026-03-18 118.56  1.92 
 KKR                 KKR & Co Inc  793.21   Financial Services  2026-03-17 88.97  2026-03-18 90.63  1.87 
DDOG                  Datadog Inc  454.63           Technology 2026-03-17 128.87 2026-03-18 131.26  1.85 
 GEV               GE Vernova Inc 2274.96 Electrical Equipment 2026-03-17 844.05 2026-03-18 858.47  1.71 
 HAL               Halliburton Co  298.50               Energy  2026-03-17 35.64  2026-03-18 36.22  1.63 

=== 市值超过1000亿的涨跌榜前20名股票 ===
股票代码            公司名称             市值(亿)           板块                 昨天收盘               今天收盘        涨跌幅(%)
SNDK               Sandisk Corp 1062.98           Technology  2026-03-17 720.17  2026-03-18 753.69  4.65 
 CEG  Constellation Energy Corp 1113.81            Utilities  2026-03-17 307.69  2026-03-18 317.22  3.10 
ANET        Arista Networks Inc 1672.07       Communications  2026-03-17 133.07  2026-03-18 136.07  2.25 
INTC                 Intel Corp 2200.80       Semiconductors   2026-03-17 44.06   2026-03-18 45.03  2.20 
  PH       Parker-Hannifin Corp 1127.50            Machinery  2026-03-17 893.31   2026-03-18 912.4  2.14 
 GEV             GE Vernova Inc 2274.96 Electrical Equipment  2026-03-17 844.05  2026-03-18 858.47  1.71 
 AMD Advanced Micro Devices Inc 3200.66       Semiconductors  2026-03-17 196.31  2026-03-18 199.46  1.60 
  BX             Blackstone Inc 1368.93   Financial Services   2026-03-17 112.0  2026-03-18 113.53  1.37 
 TTE           TotalEnergies SE 1548.59               Energy   2026-03-17 86.04    2026-03-18 86.9  1.00 
 LMT       Lockheed Martin Corp 1464.07  Aerospace & Defense  2026-03-17 636.33  2026-03-18 642.28  0.94 
   C              Citigroup Inc 1884.19              Banking  2026-03-17 107.71  2026-03-18 108.67  0.89 
  MS             Morgan Stanley 2506.12   Financial Services  2026-03-17 157.83  2026-03-18 158.93  0.70 
 COP             ConocoPhillips 1501.89               Energy  2026-03-17 122.87  2026-03-18 123.65  0.63 
 RTX                   RTX Corp 2729.27  Aerospace & Defense  2026-03-17 203.33  2026-03-18 204.56  0.60 
NFLX                Netflix Inc 3984.03                Media   2026-03-17 94.36    2026-03-18 94.7  0.36 
 CVX               Chevron Corp 3950.26               Energy  2026-03-17 197.97  2026-03-18 198.61  0.32 
 JPM        JPMorgan Chase & Co 7737.52              Banking  2026-03-17 286.89  2026-03-18 287.74  0.30 
 BSX     Boston Scientific Corp 1056.53          Health Care    2026-03-17 71.2   2026-03-18 71.28  0.11 
 NOC      Northrop Grumman Corp 1027.56  Aerospace & Defense  2026-03-17 724.03  2026-03-18 724.84  0.11 
KLAC                   KLA Corp 1941.70       Semiconductors 2026-03-17 1481.35 2026-03-18 1482.36  0.07 
