
=== 涨幅榜前20名股票 ===
 股票代码          公司名称          市值(亿)               板块                    昨天收盘             今天收盘       涨跌幅(%)
 TMDE         TMD Energy Ltd  0.22                        Energy  2026-02-27 0.92  2026-03-02 3.06 231.89
 TPET    Trio Petroleum Corp  0.05                        Energy  2026-02-27 0.42  2026-03-02 1.12 166.67
 STAK               STAK Inc  0.04                        Energy  2026-02-27 0.43  2026-03-02 1.06 149.41
 BATL     Battalion Oil Corp  0.91                        Energy  2026-02-27 5.52  2026-03-02 11.8 113.77
 RYDE         Ryde Group Ltd  0.28                   Road & Rail  2026-02-27 0.23  2026-03-02 0.45  94.81
 ZBAO  Zhibao Technology Inc  0.22                     Insurance  2026-02-27 0.67  2026-03-02 1.03  53.96
 BANL  CBL International Ltd  0.12                        Energy  2026-02-27 0.45  2026-03-02 0.67  48.12
 RLYB          Rallybio Corp  0.58                 Biotechnology  2026-02-27 7.54 2026-03-02 10.97  45.49
 RCON   Recon Technology Ltd  0.14                        Energy  2026-02-27 1.19  2026-03-02 1.72  44.54
 AURE           Aurelion Inc  0.56            Financial Services  2026-02-27 1.62  2026-03-02 2.29  41.36
 SABR             Sabre Corp  4.66 Hotels, Restaurants & Leisure  2026-02-27 1.18  2026-03-02 1.61  36.44
 AERT  Aeries Technology Inc  0.16         Professional Services  2026-02-27 0.32  2026-03-02 0.43  36.08
 UPXI              Upexi Inc  0.46             Consumer products  2026-02-27 0.66  2026-03-02 0.88  32.73
 ASTH     Astrana Health Inc 10.20                   Health Care 2026-02-27 20.33 2026-03-02 26.32  29.46
 ANNA            AleAnna Inc  1.90                     Utilities  2026-02-27 2.85  2026-03-02 3.64  27.72
 FBLG     Fibrobiologics Inc  0.22                 Biotechnology  2026-02-27 0.33  2026-03-02 0.42  27.51
 INUV              Inuvo Inc  0.37                    Technology  2026-02-27 2.55  2026-03-02 3.19  25.10
 CGEN           Compugen Ltd  1.69                 Biotechnology  2026-02-27 1.81  2026-03-02 2.25  24.31
  GBR New Concept Energy Inc  0.04                   Real Estate  2026-02-27 0.83  2026-03-02 1.03  24.10
SZCRF                Scor SE 55.31                     Insurance 2026-02-27 30.41 2026-03-02 37.67  23.87

=== 市值超过20亿的涨幅榜前20名股票 ===
 股票代码                公司名称                市值(亿)                 板块                       昨天收盘              今天收盘       涨跌幅(%)
SZCRF                            Scor SE  55.31                        Insurance  2026-02-27 30.41  2026-03-02 37.67 23.87 
 AXTI                            AXT Inc  20.95                   Semiconductors   2026-02-27 37.9  2026-03-02 46.32 22.22 
 AAOI        Applied Optoelectronics Inc  63.34                   Communications  2026-02-27 84.23 2026-03-02 102.51 21.70 
 LASR                         nLIGHT Inc  30.77             Electrical Equipment  2026-02-27 56.19  2026-03-02 67.69 20.47 
 VIAV                Viavi Solutions Inc  68.75                   Communications  2026-02-27 29.71  2026-03-02 35.35 18.98 
 FIGR    Figure Technology Solutions Inc  54.51               Financial Services  2026-02-27 25.28  2026-03-02 29.72 17.56 
 RCUS              Arcus Biosciences Inc  25.53                    Biotechnology  2026-02-27 20.37  2026-03-02 23.94 17.53 
   VG                 Venture Global Inc 237.22                           Energy   2026-02-27 9.69  2026-03-02 11.38 17.44 
 COHR                      Coherent Corp 560.40             Electrical Equipment 2026-02-27 258.93 2026-03-02 298.91 15.44 
 CRCL          Circle Internet Group Inc 196.24                       Technology  2026-02-27 83.44  2026-03-02 96.14 15.22 
 SEDG         Solaredge Technologies Inc  21.37                   Semiconductors   2026-02-27 35.4   2026-03-02 40.6 14.69 
 HIMS             Hims & Hers Health Inc  37.56                      Health Care  2026-02-27 14.52  2026-03-02 16.48 13.50 
 LITE              Lumentum Holdings Inc 500.45                   Communications 2026-02-27 700.91 2026-03-02 783.25 11.75 
 TSEM            Tower Semiconductor Ltd 139.55                   Semiconductors 2026-02-27 124.87 2026-03-02 138.59 10.99 
 FIGS                           Figs Inc  25.42 Textiles, Apparel & Luxury Goods  2026-02-27 15.45  2026-03-02 17.12 10.81 
 SITM                        SiTime Corp 104.64                   Semiconductors 2026-02-27 397.88  2026-03-02 440.8 10.79 
 FSLY                         Fastly Inc  29.02                       Technology  2026-02-27 19.12  2026-03-02 21.17 10.72 
 HYMC Hycroft Mining Holding Corporation  41.82                  Metals & Mining  2026-02-27 50.37  2026-03-02 55.74 10.66 
  PBF                     PBF Energy Inc  41.63                           Energy   2026-02-27 35.6  2026-03-02 39.38 10.62 
 USAR                 USA Rare Earth Inc  41.19                  Metals & Mining   2026-02-27 18.9  2026-03-02 20.87 10.42 

=== 市值超过50亿的涨幅榜前20名股票 ===
 股票代码               公司名称              市值(亿)                板块                     昨天收盘              今天收盘       涨跌幅(%)
SZCRF                         Scor SE  55.31                     Insurance  2026-02-27 30.41  2026-03-02 37.67 23.87 
 AAOI     Applied Optoelectronics Inc  63.34                Communications  2026-02-27 84.23 2026-03-02 102.51 21.70 
 VIAV             Viavi Solutions Inc  68.75                Communications  2026-02-27 29.71  2026-03-02 35.35 18.98 
 FIGR Figure Technology Solutions Inc  54.51            Financial Services  2026-02-27 25.28  2026-03-02 29.72 17.56 
   VG              Venture Global Inc 237.22                        Energy   2026-02-27 9.69  2026-03-02 11.38 17.44 
 COHR                   Coherent Corp 560.40          Electrical Equipment 2026-02-27 258.93 2026-03-02 298.91 15.44 
 CRCL       Circle Internet Group Inc 196.24                    Technology  2026-02-27 83.44  2026-03-02 96.14 15.22 
 LITE           Lumentum Holdings Inc 500.45                Communications 2026-02-27 700.91 2026-03-02 783.25 11.75 
 TSEM         Tower Semiconductor Ltd 139.55                Semiconductors 2026-02-27 124.87 2026-03-02 138.59 10.99 
 SITM                     SiTime Corp 104.64                Semiconductors 2026-02-27 397.88  2026-03-02 440.8 10.79 
 ASTS             AST SpaceMobile Inc 290.95             Telecommunication  2026-02-27 79.19  2026-03-02 86.92  9.76 
 UUUU                Energy Fuels Inc  51.51                        Energy  2026-02-27 21.32  2026-03-02 23.37  9.62 
   PL                 Planet Labs PBC  81.78         Professional Services  2026-02-27 24.14  2026-03-02 26.36  9.20 
 TTMI            TTM Technologies Inc 107.79          Electrical Equipment 2026-02-27 104.24  2026-03-02 113.0  8.40 
   MP               MP Materials Corp 104.59               Metals & Mining  2026-02-27 58.87  2026-03-02 63.73  8.26 
 RDNT                      RadNet Inc  58.22                   Health Care  2026-02-27 69.81  2026-03-02 75.22  7.75 
 DINO                HF Sinclair Corp  91.99                        Energy  2026-02-27 50.01  2026-03-02 53.81  7.60 
 SRAD             Sportradar Group AG  56.78 Hotels, Restaurants & Leisure  2026-02-27 18.26  2026-03-02 19.58  7.23 
  CLF            Cleveland-Cliffs Inc  60.80               Metals & Mining  2026-02-27 10.66   2026-03-02 11.4  6.94 
 IBRX                 Immunitybio Inc 100.55                 Biotechnology   2026-02-27 9.78  2026-03-02 10.44  6.75 

=== 市值超过100亿的涨幅榜前20名股票 ===
股票代码            公司名称            市值(亿)           板块                 昨天收盘              今天收盘       涨跌幅(%)
  VG        Venture Global Inc  237.22               Energy   2026-02-27 9.69  2026-03-02 11.38 17.44 
COHR             Coherent Corp  560.40 Electrical Equipment 2026-02-27 258.93 2026-03-02 298.91 15.44 
CRCL Circle Internet Group Inc  196.24           Technology  2026-02-27 83.44  2026-03-02 96.14 15.22 
LITE     Lumentum Holdings Inc  500.45       Communications 2026-02-27 700.91 2026-03-02 783.25 11.75 
TSEM   Tower Semiconductor Ltd  139.55       Semiconductors 2026-02-27 124.87 2026-03-02 138.59 10.99 
SITM               SiTime Corp  104.64       Semiconductors 2026-02-27 397.88  2026-03-02 440.8 10.79 
ASTS       AST SpaceMobile Inc  290.95    Telecommunication  2026-02-27 79.19  2026-03-02 86.92  9.76 
TTMI      TTM Technologies Inc  107.79 Electrical Equipment 2026-02-27 104.24  2026-03-02 113.0  8.40 
  MP         MP Materials Corp  104.59      Metals & Mining  2026-02-27 58.87  2026-03-02 63.73  8.26 
IBRX           Immunitybio Inc  100.55        Biotechnology   2026-02-27 9.78  2026-03-02 10.44  6.75 
  BE         Bloom Energy Corp  436.73 Electrical Equipment 2026-02-27 155.67  2026-03-02 166.0  6.64 
  FN                  Fabrinet  195.48 Electrical Equipment 2026-02-27 545.63 2026-03-02 581.37  6.55 
MSTR              Strategy Inc  432.21           Technology  2026-02-27 129.5 2026-03-02 137.65  6.29 
 CCJ               Cameco Corp  547.48               Energy  2026-02-27 118.4 2026-03-02 125.74  6.20 
 NOC     Northrop Grumman Corp 1028.05  Aerospace & Defense 2026-02-27 724.38 2026-03-02 768.02  6.02 
 MPC   Marathon Petroleum Corp  584.20               Energy 2026-02-27 198.21 2026-03-02 209.82  5.86 
PLTR Palantir Technologies Inc 3281.14           Technology 2026-02-27 137.19 2026-03-02 145.17  5.82 
 LNG       Cheniere Energy Inc  495.51               Energy 2026-02-27 235.73 2026-03-02 248.93  5.60 
KRMN       Karman Holdings Inc  116.59  Aerospace & Defense  2026-02-27 88.11  2026-03-02 93.04  5.60 
AXON       Axon Enterprise Inc  436.08  Aerospace & Defense  2026-02-27 542.4 2026-03-02 572.02  5.46 

=== 市值超过200亿的涨幅榜前20名股票 ===
股票代码            公司名称            市值(亿)           板块                 昨天收盘              今天收盘       涨跌幅(%)
  VG        Venture Global Inc  237.22               Energy   2026-02-27 9.69  2026-03-02 11.38 17.44 
COHR             Coherent Corp  560.40 Electrical Equipment 2026-02-27 258.93 2026-03-02 298.91 15.44 
LITE     Lumentum Holdings Inc  500.45       Communications 2026-02-27 700.91 2026-03-02 783.25 11.75 
ASTS       AST SpaceMobile Inc  290.95    Telecommunication  2026-02-27 79.19  2026-03-02 86.92  9.76 
  BE         Bloom Energy Corp  436.73 Electrical Equipment 2026-02-27 155.67  2026-03-02 166.0  6.64 
MSTR              Strategy Inc  432.21           Technology  2026-02-27 129.5 2026-03-02 137.65  6.29 
 CCJ               Cameco Corp  547.48               Energy  2026-02-27 118.4 2026-03-02 125.74  6.20 
 NOC     Northrop Grumman Corp 1028.05  Aerospace & Defense 2026-02-27 724.38 2026-03-02 768.02  6.02 
 MPC   Marathon Petroleum Corp  584.20               Energy 2026-02-27 198.21 2026-03-02 209.82  5.86 
PLTR Palantir Technologies Inc 3281.14           Technology 2026-02-27 137.19 2026-03-02 145.17  5.82 
 LNG       Cheniere Energy Inc  495.51               Energy 2026-02-27 235.73 2026-03-02 248.93  5.60 
AXON       Axon Enterprise Inc  436.08  Aerospace & Defense  2026-02-27 542.4 2026-03-02 572.02  5.46 
COIN       Coinbase Global Inc  464.38   Financial Services 2026-02-27 175.85 2026-03-02 185.24  5.34 
 NET            Cloudflare Inc  606.36           Technology 2026-02-27 172.19 2026-03-02 181.02  5.13 
 VLO        Valero Energy Corp  611.93               Energy 2026-02-27 204.64 2026-03-02 214.91  5.02 
 GFS       GlobalFoundries Inc  264.23       Semiconductors  2026-02-27 47.55  2026-03-02 49.87  4.88 
 RTX                  RTX Corp 2719.74  Aerospace & Defense 2026-02-27 202.62 2026-03-02 212.16  4.71 
STLD        Steel Dynamics Inc  282.04      Metals & Mining 2026-02-27 193.13 2026-03-02 201.51  4.34 
 COP            ConocoPhillips 1386.87               Energy 2026-02-27 113.46 2026-03-02 118.24  4.21 
  UI              Ubiquiti Inc  483.24       Communications 2026-02-27 766.99 2026-03-02 798.47  4.10 

=== 市值超过1000亿的涨跌榜前20名股票 ===
股票代码             公司名称             市值(亿)              板块                   昨天收盘              今天收盘       涨跌幅(%)
 NOC       Northrop Grumman Corp  1028.05      Aerospace & Defense 2026-02-27 724.38 2026-03-02 768.02  6.02 
PLTR   Palantir Technologies Inc  3281.14               Technology 2026-02-27 137.19 2026-03-02 145.17  5.82 
 RTX                    RTX Corp  2719.74      Aerospace & Defense 2026-02-27 202.62 2026-03-02 212.16  4.71 
 COP              ConocoPhillips  1386.87                   Energy 2026-02-27 113.46 2026-03-02 118.24  4.21 
NVDA                 NVIDIA Corp 43057.17           Semiconductors 2026-02-27 177.19 2026-03-02 182.48  2.99 
 LMT        Lockheed Martin Corp  1556.95      Aerospace & Defense 2026-02-27 658.08  2026-03-02 676.7  2.83 
ORCL                 Oracle Corp  4178.93               Technology  2026-02-27 145.4 2026-03-02 149.25  2.65 
INTU                  Intuit Inc  1131.17               Technology 2026-02-27 409.03 2026-03-02 419.06  2.45 
 CVS             CVS Health Corp  1016.50              Health Care   2026-02-27 79.9  2026-03-02 81.66  2.20 
 CME               CME Group Inc  1177.21       Financial Services  2026-02-27 319.5 2026-03-02 326.46  2.18 
 HON Honeywell International Inc  1548.44 Industrial Conglomerates 2026-02-27 243.59 2026-03-02 248.04  1.83 
  BX              Blackstone Inc  1417.14       Financial Services 2026-02-27 113.37 2026-03-02 115.33  1.73 
 CVX                Chevron Corp  3783.25                   Energy 2026-02-27 186.76  2026-03-02 189.6  1.52 
MSFT              Microsoft Corp 29163.41               Technology 2026-02-27 392.74 2026-03-02 398.55  1.48 
 CAT             Caterpillar Inc  3456.29                Machinery 2026-02-27 742.83 2026-03-02 752.32  1.28 
   C               Citigroup Inc  1927.57                  Banking 2026-02-27 110.19 2026-03-02 111.45  1.14 
 XOM            Exxon Mobil Corp  6354.31                   Energy  2026-02-27 152.5 2026-03-02 154.22  1.13 
  GE         General Electric Co  3626.17      Aerospace & Defense 2026-02-27 342.26 2026-03-02 345.74  1.02 
  BA                   Boeing Co  1804.26      Aerospace & Defense 2026-02-27 227.53 2026-03-02 229.74  0.97 
ABBV                  AbbVie Inc  4103.57            Biotechnology 2026-02-27 232.08 2026-03-02 234.26  0.94 
