2025-01-25 17:52:14,541 - INFO: 日志目录: logs/20250125_175214
2025-01-25 17:52:14,541 - INFO: 日志文件: logs/20250125_175214/execution.log
2025-01-25 17:52:14,542 - INFO: 从 Finnhub 获取股票列表...
2025-01-25 17:52:16,238 - INFO: 获取到 17420 个股票 (已排除 30 个已知非美股)
2025-01-25 17:52:16,239 - INFO: 实际需要处理的股票数量: 17420 / 27487 (63.38%)
2025-01-25 17:52:16,243 - INFO: 开始处理 17420 只股票...
2025-01-25 17:52:16,503 - INFO: 跳过权证: RWCRF
2025-01-25 17:52:16,531 - INFO: 跳过权证: SKYW
2025-01-25 17:52:16,584 - INFO: 股票 RSFFS 数据不足
2025-01-25 17:52:16,608 - INFO: 股票 PHIXF 数据不足
2025-01-25 17:52:16,615 - INFO: 股票 PLSVF 数据不足
2025-01-25 17:52:16,856 - INFO: 股票 BPCLF 数据不足
2025-01-25 17:52:16,886 - INFO: 跳过权证: WOR
2025-01-25 17:52:17,215 - INFO: 股票 PKSHF 数据不足
2025-01-25 17:52:17,327 - INFO: 跳过权证: WNCP
2025-01-25 17:52:17,637 - INFO: 跳过非美国主要交易所上市的股票 DTZZF (交易所: ASX - ALL MARKETS)
2025-01-25 17:52:17,637 - INFO: 股票 DTZZF 无法获取详细信息
2025-01-25 17:52:17,637 - INFO: 进度: 10/17420 (0.06%) 有效数据: 0
2025-01-25 17:52:17,684 - INFO: 跳过非美国主要交易所上市的股票 CPYT (交易所: OTC MARKETS)
2025-01-25 17:52:17,684 - INFO: 股票 CPYT 无法获取详细信息
2025-01-25 17:52:17,696 - INFO: 跳过非美国主要交易所上市的股票 SAPLF (交易所: LONDON STOCK EXCHANGE)
2025-01-25 17:52:17,696 - INFO: 股票 SAPLF 无法获取详细信息
2025-01-25 17:52:17,716 - INFO: 跳过非美国主要交易所上市的股票 SPAZF (交易所: TSX VENTURE EXCHANGE - NEX)
2025-01-25 17:52:17,716 - INFO: 股票 SPAZF 无法获取详细信息
2025-01-25 17:52:17,775 - INFO: 跳过非美国主要交易所上市的股票 SURDF (交易所: TOKYO STOCK EXCHANGE-TOKYO PRO MARKET)
2025-01-25 17:52:17,775 - INFO: 股票 SURDF 无法获取详细信息
2025-01-25 17:52:17,782 - INFO: 跳过非美国主要交易所上市的股票 TRRE (交易所: OTC MARKETS)
2025-01-25 17:52:17,782 - INFO: 股票 TRRE 无法获取详细信息
2025-01-25 17:52:17,809 - INFO: 跳过非美国主要交易所上市的股票 RSDEF (交易所: LONDON STOCK EXCHANGE)
2025-01-25 17:52:17,810 - INFO: 股票 RSDEF 无法获取详细信息
2025-01-25 17:52:18,930 - INFO: 跳过非美国主要交易所上市的股票 RADLF (交易所: CANADIAN NATIONAL STOCK EXCHANGE)
2025-01-25 17:52:18,930 - INFO: 股票 RADLF 无法获取详细信息
2025-01-25 17:52:18,944 - INFO: 跳过非美国主要交易所上市的股票 ARCS (交易所: OTC MARKETS)
2025-01-25 17:52:18,944 - INFO: 股票 ARCS 无法获取详细信息
2025-01-25 17:52:18,964 - INFO: 跳过非美国主要交易所上市的股票 KLKBF (交易所: BURSA MALAYSIA)
2025-01-25 17:52:18,965 - INFO: 股票 KLKBF 无法获取详细信息
2025-01-25 17:52:18,965 - INFO: 进度: 20/17420 (0.11%) 有效数据: 1
2025-01-25 17:52:19,001 - INFO: 跳过非美国主要交易所上市的股票 STTFF (交易所: HONG KONG EXCHANGES AND CLEARING LTD)
2025-01-25 17:52:19,002 - INFO: 股票 STTFF 无法获取详细信息
2025-01-25 17:52:19,028 - INFO: 跳过权证: WRFRF
2025-01-25 17:52:19,171 - INFO: 跳过权证: JDWPF
2025-01-25 17:52:19,509 - INFO: 股票 URRNF 数据不足
2025-01-25 17:52:20,133 - INFO: 跳过非美国主要交易所上市的股票 GCRCF (交易所: CANADIAN NATIONAL STOCK EXCHANGE)
2025-01-25 17:52:20,133 - INFO: 股票 GCRCF 无法获取详细信息
2025-01-25 17:52:20,273 - INFO: 跳过非美国主要交易所上市的股票 AXVEF (交易所: CANADIAN NATIONAL STOCK EXCHANGE)
2025-01-25 17:52:20,273 - INFO: 股票 AXVEF 无法获取详细信息
2025-01-25 17:52:20,273 - INFO: 进度: 30/17420 (0.17%) 有效数据: 5
2025-01-25 17:52:20,302 - INFO: 跳过非美国主要交易所上市的股票 INDV (交易所: LONDON STOCK EXCHANGE)
2025-01-25 17:52:20,303 - INFO: 股票 INDV 无法获取详细信息
2025-01-25 17:52:20,337 - INFO: 跳过非美国主要交易所上市的股票 CDNAF (交易所: TORONTO STOCK EXCHANGE)
2025-01-25 17:52:20,337 - INFO: 股票 CDNAF 无法获取详细信息
2025-01-25 17:52:20,473 - INFO: 跳过非美国主要交易所上市的股票 GOCOF (交易所: CANADIAN NATIONAL STOCK EXCHANGE)
2025-01-25 17:52:20,473 - INFO: 股票 GOCOF 无法获取详细信息
2025-01-25 17:52:20,497 - INFO: 跳过权证: PCWLF
2025-01-25 17:52:21,594 - INFO: 跳过非美国主要交易所上市的股票 BMMCF (交易所: OTC MARKETS)
2025-01-25 17:52:21,594 - INFO: 股票 BMMCF 无法获取详细信息
2025-01-25 17:52:21,655 - INFO: 进度: 40/17420 (0.23%) 有效数据: 10
2025-01-25 17:52:21,661 - INFO: 跳过非美国主要交易所上市的股票 PERCF (交易所: ASX - ALL MARKETS)
2025-01-25 17:52:21,661 - INFO: 股票 PERCF 无法获取详细信息
2025-01-25 17:52:21,825 - INFO: 跳过非美国主要交易所上市的股票 FQVLF (交易所: TORONTO STOCK EXCHANGE)
2025-01-25 17:52:21,825 - INFO: 股票 FQVLF 无法获取详细信息
2025-01-25 17:52:21,892 - INFO: 跳过权证: MKDW
2025-01-25 17:52:21,976 - INFO: 股票 RSECS 数据不足
2025-01-25 17:52:22,118 - INFO: 跳过非美国主要交易所上市的股票 CHIZF (交易所: HONG KONG EXCHANGES AND CLEARING LTD)
2025-01-25 17:52:22,118 - INFO: 股票 CHIZF 无法获取详细信息
2025-01-25 17:52:22,421 - INFO: 股票 RSVES 数据不足
2025-01-25 17:52:22,540 - INFO: 跳过非美国主要交易所上市的股票 FRTAF (交易所: XETRA)
2025-01-25 17:52:22,540 - INFO: 股票 FRTAF 无法获取详细信息
2025-01-25 17:52:22,775 - INFO: 跳过非美国主要交易所上市的股票 XMMRF (交易所: NASDAQ OMX NORDIC)
2025-01-25 17:52:22,775 - INFO: 股票 XMMRF 无法获取详细信息
2025-01-25 17:52:22,886 - INFO: 跳过非美国主要交易所上市的股票 DNAX (交易所: OTC MARKETS)
2025-01-25 17:52:22,892 - INFO: 股票 DNAX 无法获取详细信息
2025-01-25 17:52:22,892 - INFO: 进度: 50/17420 (0.29%) 有效数据: 11
2025-01-25 17:52:22,892 - INFO: 跳过非美国主要交易所上市的股票 MGON (交易所: OTC MARKETS)
2025-01-25 17:52:22,895 - INFO: 股票 MGON 无法获取详细信息
2025-01-25 17:52:23,125 - INFO: 跳过非美国主要交易所上市的股票 FRTX (交易所: OTC MARKETS)
2025-01-25 17:52:23,125 - INFO: 股票 FRTX 无法获取详细信息
2025-01-25 17:52:23,190 - INFO: 跳过非美国主要交易所上市的股票 NRTZF (交易所: TOKYO STOCK EXCHANGE-TOKYO PRO MARKET)
2025-01-25 17:52:23,191 - INFO: 股票 NRTZF 无法获取详细信息
2025-01-25 17:52:23,315 - INFO: 股票 CNTSF 数据不足
2025-01-25 17:52:23,749 - INFO: 跳过非美国主要交易所上市的股票 CBSU (交易所: OTC MARKETS)
2025-01-25 17:52:23,749 - INFO: 股票 CBSU 无法获取详细信息
2025-01-25 17:52:23,854 - INFO: 跳过权证: WMS
2025-01-25 17:52:24,141 - INFO: 跳过非美国主要交易所上市的股票 NSRS (交易所: OTC MARKETS)
2025-01-25 17:52:24,141 - INFO: 股票 NSRS 无法获取详细信息
2025-01-25 17:52:24,141 - INFO: 进度: 60/17420 (0.34%) 有效数据: 14
2025-01-25 17:52:24,397 - INFO: 跳过权证: WALD
2025-01-25 17:52:24,494 - INFO: 跳过非美国主要交易所上市的股票 AAPJ (交易所: OTC MARKETS)
2025-01-25 17:52:24,494 - INFO: 股票 AAPJ 无法获取详细信息
