
=== 涨幅榜前20名股票 ====

股票代码             公司名称             市值(亿)                板块                    昨天收盘           今天收盘      涨跌幅(%)
   MGOL                    MGO Global Inc    0.02   Textiles, Apparel & Luxury Goods    2025-02-06 0.19    2025-02-07 0.41   124.32 
  SLNAF            Selina Hospitality PLC    0.00      Hotels, Restaurants & Leisure     2025-02-06 0.0     2025-02-07 0.0   100.00 
    CDT       Conduit Pharmaceuticals Inc    0.02     Life Sciences Tools & Services    2025-02-06 1.55    2025-02-07 2.85    83.87 
   CYTH            Cyclo Therapeutics Inc    0.22                      Biotechnology    2025-02-06 0.77    2025-02-07 1.19    54.55 
   GPAK                Gamer Pakistan Inc    0.00                              Media    2025-02-06 0.01    2025-02-07 0.02    40.16 
   DOCS                      Doximity Inc  108.77                        Health Care   2025-02-06 58.26   2025-02-07 79.23    35.99 
   LTBR                  Lightbridge Corp    1.41                             Energy    2025-02-06 8.96   2025-02-07 12.13    35.38 
   YOSH               Yoshiharu Global Co    0.07      Hotels, Restaurants & Leisure    2025-02-06 4.91    2025-02-07 6.59    34.22 
    LEU               Centrus Energy Corp   13.41                             Energy   2025-02-06 81.81  2025-02-07 108.91    33.13 
   BBAI           BigBear.ai Holdings Inc   17.03                         Technology    2025-02-06 6.77    2025-02-07 8.59    26.88 
   MGRX                Mangoceuticals Inc    0.09                             Retail    2025-02-06 3.42    2025-02-07 4.25    24.27 
   PMAX                    Powell Max Ltd    0.05                 Financial Services    2025-02-06 0.36    2025-02-07 0.44    23.50 
   CDIO   Cardio Diagnostics Holdings Inc    0.18                      Biotechnology    2025-02-06 0.45    2025-02-07 0.56    23.00 
     DC                  Dakota Gold Corp    2.37                    Metals & Mining    2025-02-06 2.51    2025-02-07 3.08    22.71 
   PHGE                         Biomx Inc    0.13                      Biotechnology    2025-02-06 0.74     2025-02-07 0.9    22.45 
   AFRM               Affirm Holdings Inc  193.93                 Financial Services   2025-02-06 61.75   2025-02-07 75.22    21.81 
   FARM                    Farmer Bros Co    0.38                      Food Products     2025-02-06 1.8    2025-02-07 2.18    21.11 
    IBO             Impact Biomedical Inc    0.22                    Pharmaceuticals    2025-02-06 1.89    2025-02-07 2.28    20.63 
    ESE             ESCO Technologies Inc   34.16                          Machinery  2025-02-06 132.42  2025-02-07 158.57    19.75 
   VSAT                        Viasat Inc   12.22                     Communications    2025-02-06 9.52   2025-02-07 11.38    19.54 

=== 市值超过20亿的涨幅榜前20名股票 ===

股票代码            公司名称           市值(亿)               板块                   昨天收盘           今天收盘      涨跌幅(%)
  DOCS                    Doximity Inc   108.77                     Health Care   2025-02-06 58.26   2025-02-07 79.23    35.99 
  AFRM             Affirm Holdings Inc   193.93              Financial Services   2025-02-06 61.75   2025-02-07 75.22    21.81 
   ESE           ESCO Technologies Inc    34.16                       Machinery  2025-02-06 132.42  2025-02-07 158.57    19.75 
  PINS                   Pinterest Inc   227.01                           Media   2025-02-06 33.59    2025-02-07 40.0    19.08 
   NET                  Cloudflare Inc   485.69                      Technology  2025-02-06 141.52  2025-02-07 166.66    17.76 
  EXPE               Expedia Group Inc   221.49   Hotels, Restaurants & Leisure  2025-02-06 172.57  2025-02-07 202.37    17.27 
  OKLO                        Oklo Inc    58.31                       Utilities   2025-02-06 47.76   2025-02-07 55.49    16.19 
  LION          Lionsgate Studios Corp    21.30                           Media    2025-02-06 7.38    2025-02-07 8.45    14.50 
     G                     Genpact Ltd    87.12           Professional Services    2025-02-06 49.4   2025-02-07 54.95    11.23 
   SMR              Nuscale Power Corp    63.66            Electrical Equipment   2025-02-06 23.25   2025-02-07 25.84    11.14 
  MGNI                     Magnite Inc    26.93                           Media   2025-02-06 19.14   2025-02-07 21.17    10.61 
  NBIS                 Nebius Group NV    81.35                           Media   2025-02-06 34.55   2025-02-07 38.13    10.36 
  CLSK                  CleanSpark Inc    29.15                      Technology   2025-02-06 10.38   2025-02-07 11.33     9.15 
  TDOC              Teladoc Health Inc    20.61                     Health Care   2025-02-06 11.97   2025-02-07 12.95     8.19 
  IREN                 Iris Energy Ltd    22.67                      Technology   2025-02-06 11.59   2025-02-07 12.47     7.59 
  VCTR    Victory Capital Holdings Inc    42.69              Financial Services   2025-02-06 65.64   2025-02-07 70.58     7.53 
  SMCI        Super Micro Computer Inc   198.16                      Technology   2025-02-06 33.84   2025-02-07 36.28     7.21 
  UBER           Uber Technologies Inc  1473.79                     Road & Rail   2025-02-06 69.99    2025-02-07 74.6     6.59 
  POST               Post Holdings Inc    61.59                   Food Products  2025-02-06 105.86  2025-02-07 112.55     6.32 
   TEM                   Tempus AI Inc   102.32  Life Sciences Tools & Services   2025-02-06 64.99   2025-02-07 68.96     6.11 

=== 市值超过50亿的涨幅榜前20名股票 ===

股票代码              公司名称              市值(亿)               板块                   昨天收盘           今天收盘      涨跌幅(%)
  DOCS                         Doximity Inc   108.77                     Health Care   2025-02-06 58.26   2025-02-07 79.23    35.99 
  AFRM                  Affirm Holdings Inc   193.93              Financial Services   2025-02-06 61.75   2025-02-07 75.22    21.81 
  PINS                        Pinterest Inc   227.01                           Media   2025-02-06 33.59    2025-02-07 40.0    19.08 
   NET                       Cloudflare Inc   485.69                      Technology  2025-02-06 141.52  2025-02-07 166.66    17.76 
  EXPE                    Expedia Group Inc   221.49   Hotels, Restaurants & Leisure  2025-02-06 172.57  2025-02-07 202.37    17.27 
  OKLO                             Oklo Inc    58.31                       Utilities   2025-02-06 47.76   2025-02-07 55.49    16.19 
     G                          Genpact Ltd    87.12           Professional Services    2025-02-06 49.4   2025-02-07 54.95    11.23 
   SMR                   Nuscale Power Corp    63.66            Electrical Equipment   2025-02-06 23.25   2025-02-07 25.84    11.14 
  NBIS                      Nebius Group NV    81.35                           Media   2025-02-06 34.55   2025-02-07 38.13    10.36 
  SMCI             Super Micro Computer Inc   198.16                      Technology   2025-02-06 33.84   2025-02-07 36.28     7.21 
  UBER                Uber Technologies Inc  1473.79                     Road & Rail   2025-02-06 69.99    2025-02-07 74.6     6.59 
  POST                    Post Holdings Inc    61.59                   Food Products  2025-02-06 105.86  2025-02-07 112.55     6.32 
   TEM                        Tempus AI Inc   102.32  Life Sciences Tools & Services   2025-02-06 64.99   2025-02-07 68.96     6.11 
  SSNC       SS&C Technologies Holdings Inc   202.61           Professional Services    2025-02-06 81.8   2025-02-07 86.71     6.00 
   DUO             Fangdd Network Group Ltd   193.94                           Media    2025-02-06 0.57    2025-02-07 0.61     5.94 
  UPST                 Upstart Holdings Inc    59.43              Financial Services   2025-02-06 65.14   2025-02-07 68.85     5.70 
   HII    Huntington Ingalls Industries Inc    62.51             Aerospace & Defense  2025-02-06 159.75  2025-02-07 168.49     5.47 
  FRHC                 Freedom Holding Corp    90.68              Financial Services  2025-02-06 149.61  2025-02-07 157.56     5.31 
  HIMS               Hims & Hers Health Inc    88.42                     Health Care   2025-02-06 40.47   2025-02-07 42.55     5.14 
  HOOD                Robinhood Markets Inc   470.01              Financial Services   2025-02-06 53.17   2025-02-07 55.86     5.06 

=== 市值超过100亿的涨幅榜前20名股票 ===

股票代码             公司名称            市值(亿)               板块                   昨天收盘           今天收盘      涨跌幅(%)
   DOCS                     Doximity Inc   108.77                     Health Care   2025-02-06 58.26   2025-02-07 79.23    35.99 
   AFRM              Affirm Holdings Inc   193.93              Financial Services   2025-02-06 61.75   2025-02-07 75.22    21.81 
   PINS                    Pinterest Inc   227.01                           Media   2025-02-06 33.59    2025-02-07 40.0    19.08 
    NET                   Cloudflare Inc   485.69                      Technology  2025-02-06 141.52  2025-02-07 166.66    17.76 
   EXPE                Expedia Group Inc   221.49   Hotels, Restaurants & Leisure  2025-02-06 172.57  2025-02-07 202.37    17.27 
   SMCI         Super Micro Computer Inc   198.16                      Technology   2025-02-06 33.84   2025-02-07 36.28     7.21 
   UBER            Uber Technologies Inc  1473.79                     Road & Rail   2025-02-06 69.99    2025-02-07 74.6     6.59 
    TEM                    Tempus AI Inc   102.32  Life Sciences Tools & Services   2025-02-06 64.99   2025-02-07 68.96     6.11 
   SSNC   SS&C Technologies Holdings Inc   202.61           Professional Services    2025-02-06 81.8   2025-02-07 86.71     6.00 
    DUO         Fangdd Network Group Ltd   193.94                           Media    2025-02-06 0.57    2025-02-07 0.61     5.94 
   HOOD            Robinhood Markets Inc   470.01              Financial Services   2025-02-06 53.17   2025-02-07 55.86     5.06 
    PPC              Pilgrims Pride Corp   115.36                   Food Products   2025-02-06 48.65   2025-02-07 51.05     4.93 
   ROKU                         Roku Inc   117.73                           Media   2025-02-06 81.08    2025-02-07 85.0     4.83 
   RDDT                       Reddit Inc   380.14                           Media  2025-02-06 216.51  2025-02-07 225.23     4.03 
    EDR      Endeavor Group Holdings Inc   214.55                           Media   2025-02-06 31.36   2025-02-07 32.54     3.76 
   AZPN             Aspen Technology Inc   168.12                      Technology  2025-02-06 265.55   2025-02-07 274.8     3.48 
    TKO           TKO Group Holdings Inc   275.38                           Media  2025-02-06 161.21  2025-02-07 166.37     3.20 
    NVT               nVent Electric PLC   108.47            Electrical Equipment   2025-02-06 65.81   2025-02-07 67.88     3.15 
  UMGNF         Universal Music Group NV   493.72                           Media   2025-02-06 27.15    2025-02-07 28.0     3.14 
     GL                   Globe Life Inc   100.71                       Insurance  2025-02-06 119.97  2025-02-07 123.47     2.92 

=== 市值超过200亿的涨幅榜前20名股票 ===

股票代码              公司名称             市值(亿)               板块                    昨天收盘            今天收盘      涨跌幅(%)
   PINS                      Pinterest Inc   227.01                           Media    2025-02-06 33.59     2025-02-07 40.0    19.08 
    NET                     Cloudflare Inc   485.69                      Technology   2025-02-06 141.52   2025-02-07 166.66    17.76 
   EXPE                  Expedia Group Inc   221.49   Hotels, Restaurants & Leisure   2025-02-06 172.57   2025-02-07 202.37    17.27 
   UBER              Uber Technologies Inc  1473.79                     Road & Rail    2025-02-06 69.99     2025-02-07 74.6     6.59 
   SSNC     SS&C Technologies Holdings Inc   202.61           Professional Services     2025-02-06 81.8    2025-02-07 86.71     6.00 
   HOOD              Robinhood Markets Inc   470.01              Financial Services    2025-02-06 53.17    2025-02-07 55.86     5.06 
   RDDT                         Reddit Inc   380.14                           Media   2025-02-06 216.51   2025-02-07 225.23     4.03 
    EDR        Endeavor Group Holdings Inc   214.55                           Media    2025-02-06 31.36    2025-02-07 32.54     3.76 
    TKO             TKO Group Holdings Inc   275.38                           Media   2025-02-06 161.21   2025-02-07 166.37     3.20 
  UMGNF           Universal Music Group NV   493.72                           Media    2025-02-06 27.15     2025-02-07 28.0     3.14 
    FCX               Freeport-McMoRan Inc   533.82                 Metals & Mining    2025-02-06 37.15    2025-02-07 38.22     2.88 
   FTNT                       Fortinet Inc   802.63                      Technology   2025-02-06 104.72   2025-02-07 107.66     2.81 
   ANET                Arista Networks Inc  1452.12                  Communications   2025-02-06 115.27   2025-02-07 118.47     2.78 
    CCJ                        Cameco Corp   211.94                          Energy     2025-02-06 48.7    2025-02-07 49.93     2.53 
    MTD   Mettler-Toledo International Inc   286.42  Life Sciences Tools & Services  2025-02-06 1357.26   2025-02-07 1390.0     2.41 
    TTD                     Trade Desk Inc   565.88                           Media   2025-02-06 114.65   2025-02-07 117.29     2.30 
   BKNG               Booking Holdings Inc  1581.93   Hotels, Restaurants & Leisure  2025-02-06 4779.71  2025-02-07 4887.47     2.25 
   SCCO               Southern Copper Corp   747.81                 Metals & Mining    2025-02-06 94.61    2025-02-07 96.72     2.23 
    TDG                TransDigm Group Inc   728.74             Aerospace & Defense  2025-02-06 1299.35  2025-02-07 1327.34     2.15 
   KVUE                         Kenvue Inc   379.62               Consumer products     2025-02-06 19.8    2025-02-07 20.18     1.92 

=== 市值超过1000亿的涨幅榜前20名股票 ===

股票代码             公司名称            市值(亿)               板块                    昨天收盘            今天收盘      涨跌幅(%)
   UBER            Uber Technologies Inc   1473.79                    Road & Rail    2025-02-06 69.99     2025-02-07 74.6    6.59  
   ANET              Arista Networks Inc   1452.12                 Communications   2025-02-06 115.27   2025-02-07 118.47    2.78  
   BKNG             Booking Holdings Inc   1581.93  Hotels, Restaurants & Leisure  2025-02-06 4779.71  2025-02-07 4887.47    2.25  
  TTFNF                 TotalEnergies SE   1322.94                         Energy    2025-02-06 59.99     2025-02-07 61.0    1.68  
   ORCL                      Oracle Corp   4820.55                     Technology   2025-02-06 172.35   2025-02-07 174.46    1.22  
    LLY                 Eli Lilly and Co   8262.56                Pharmaceuticals   2025-02-06 870.37   2025-02-07 878.31    0.91  
   NVDA                      NVIDIA Corp  31513.73                 Semiconductors   2025-02-06 128.68   2025-02-07 129.84    0.90  
    GEV                   Ge Vernova Inc   1033.23           Electrical Equipment   2025-02-06 374.83   2025-02-07 377.97    0.84  
     KO                     Coca-Cola Co   2729.42                      Beverages    2025-02-06 63.36    2025-02-07 63.84    0.76  
    ABT              Abbott Laboratories   2223.92                    Health Care   2025-02-06 128.22   2025-02-07 129.07    0.66  
    MMC   Marsh & McLennan Companies Inc   1109.93                      Insurance    2025-02-06 226.0    2025-02-07 227.4    0.62  
    CVX                     Chevron Corp   2729.78                         Energy    2025-02-06 151.9   2025-02-07 152.62    0.47  
   SBUX                   Starbucks Corp   1268.80  Hotels, Restaurants & Leisure    2025-02-06 111.7    2025-02-07 112.2    0.45  
    XOM                 Exxon Mobil Corp   4765.60                         Energy   2025-02-06 108.43   2025-02-07 108.89    0.42  
      T                         AT&T Inc   1754.36              Telecommunication    2025-02-06 24.45    2025-02-07 24.54    0.37  
   META               Meta Platforms Inc  18041.10                          Media   2025-02-06 711.99   2025-02-07 714.52    0.36  
    BSX           Boston Scientific Corp   1547.81                    Health Care   2025-02-06 105.02   2025-02-07 105.25    0.22  
      V                         Visa Inc   6788.29             Financial Services   2025-02-06 347.48   2025-02-07 348.02    0.16  
     DE                       Deere & Co   1266.38                      Machinery   2025-02-06 464.98    2025-02-07 465.6    0.13  
   SPGI                   S&P Global Inc   1610.64             Financial Services   2025-02-06 519.06   2025-02-07 519.15    0.02  
