
=== 涨幅榜前20名股票 ===
股票代码               公司名称               市值(亿)               板块                     昨天收盘             今天收盘       涨跌幅(%)
MBIO                  Mustang Bio Inc  0.05                  Biotechnology  2025-07-03 1.19  2025-07-07 3.34 180.67
LGPS                  LogProstyle Inc  0.20                    Real Estate  2025-07-03 0.84   2025-07-07 1.7 102.38
CURR                CURRENC Group Inc  0.79             Financial Services  2025-07-03 1.04  2025-07-07 1.99  91.35
ASST               Asset Entities Inc  0.71                          Media  2025-07-03 4.27  2025-07-07 6.98  63.47
BTOG                   Bit Origin Ltd  0.10                     Technology  2025-07-03 0.17  2025-07-07 0.26  48.84
CREV            Carbon Revolution PLC  0.05                Auto Components  2025-07-03 2.62  2025-07-07 3.88  48.09
CGTX       Cognition Therapeutics Inc  0.25                Pharmaceuticals  2025-07-03 0.41  2025-07-07 0.58  42.91
ARTL           Artelo Biosciences Inc  0.07                Pharmaceuticals 2025-07-03 10.05 2025-07-07 14.32  42.49
 VOR                Vor Biopharma Inc  2.39                  Biotechnology  2025-07-03 1.91  2025-07-07 2.67  39.79
ENGS                Energys Group Ltd  0.25                   Construction  2025-07-03 1.77  2025-07-07 2.44  37.85
IINN Inspira Technologies Oxy BHN Ltd  0.30                    Health Care  2025-07-03 1.19  2025-07-07 1.54  29.41
ABVC               ABVC Biopharma Inc  0.53                  Biotechnology  2025-07-03 3.11  2025-07-07 3.99  28.30
IDAI                      T Stamp Inc  0.07                     Technology  2025-07-03 2.77  2025-07-07 3.52  26.93
SHMD                  SCHMID Group NV  1.31           Electrical Equipment  2025-07-03 2.69  2025-07-07 3.41  26.77
SHOT                  Safety Shot Inc  0.40              Consumer products  2025-07-03 0.37  2025-07-07 0.47  26.59
SYTA                Siyata Mobile Inc  0.30                 Communications   2025-07-03 3.4  2025-07-07 4.28  25.88
KALV     Kalvista Pharmaceuticals Inc  5.96                  Biotechnology 2025-07-03 11.98 2025-07-07 15.06  25.71
KSCP                  Knightscope Inc  0.37 Commercial Services & Supplies  2025-07-03 5.42  2025-07-07 6.81  25.65
VVPR      VivoPower International PLC  0.47                      Utilities  2025-07-03 4.61  2025-07-07 5.75  24.73
MDIA              Mediaco Holding Inc  0.59                          Media   2025-07-03 1.1  2025-07-07 1.37  24.55

=== 市值超过20亿的涨幅榜前20名股票 ===
股票代码            公司名称            市值(亿)                板块                      昨天收盘              今天收盘       涨跌幅(%)
ENVX                Enovix Corp  21.87           Electrical Equipment  2025-07-03 11.39  2025-07-07 13.03 14.40 
CRCL  Circle Internet Group Inc 391.98                            N/A 2025-07-03 188.77 2025-07-07 207.46  9.90 
RKLB         Rocket Lab USA Inc 167.61            Aerospace & Defense  2025-07-03 35.66  2025-07-07 38.88  9.03 
   U         Unity Software Inc 108.62                     Technology  2025-07-03 26.13  2025-07-07 27.86  6.62 
GSAT             Globalstar Inc  31.54              Telecommunication  2025-07-03 24.92  2025-07-07 26.52  6.42 
NNNN        Anbio Biotechnology  53.23                  Biotechnology  2025-07-03 36.99  2025-07-07 39.35  6.38 
 FRO              Frontline Plc  38.83                         Energy  2025-07-03 17.44  2025-07-07 18.53  6.25 
 RUN                 Sunrun Inc  23.99           Electrical Equipment   2025-07-03 10.5  2025-07-07 11.11  5.81 
 PCT Purecycle Technologies Inc  24.71                      Chemicals  2025-07-03 13.76  2025-07-07 14.53  5.60 
 AAP     Advance Auto Parts Inc  30.93                         Retail  2025-07-03 51.62  2025-07-07 54.22  5.04 
CHEF       Chefs' Warehouse Inc  26.01                         Retail  2025-07-03 63.94  2025-07-07 67.04  4.86 
 LEU        Centrus Energy Corp  29.93                         Energy 2025-07-03 175.65 2025-07-07 183.65  4.55 
 GEO              Geo Group Inc  35.79 Commercial Services & Supplies  2025-07-03 25.32  2025-07-07 26.46  4.50 
OKLO                   Oklo Inc  78.54                      Utilities  2025-07-03 53.72  2025-07-07 55.94  4.13 
 CDE           Coeur Mining Inc  58.34                Metals & Mining   2025-07-03 9.12   2025-07-07 9.49  4.06 
RBLX                Roblox Corp 702.64                          Media 2025-07-03 103.59 2025-07-07 107.76  4.03 
YUMC     Yum China Holdings Inc 170.83  Hotels, Restaurants & Leisure  2025-07-03 45.76  2025-07-07 47.58  3.98 
TSCO          Tractor Supply Co 289.65                         Retail  2025-07-03 54.63  2025-07-07 56.76  3.90 
 ACI   Albertsons Companies Inc 123.68                         Retail  2025-07-03 21.93  2025-07-07 22.74  3.69 
SOFI      SoFi Technologies Inc 205.27             Financial Services  2025-07-03 18.57  2025-07-07 19.24  3.61 

=== 市值超过50亿的涨幅榜前20名股票 ===
股票代码            公司名称            市值(亿)                板块                     昨天收盘              今天收盘       涨跌幅(%)
CRCL Circle Internet Group Inc  391.98                           N/A 2025-07-03 188.77 2025-07-07 207.46  9.90 
RKLB        Rocket Lab USA Inc  167.61           Aerospace & Defense  2025-07-03 35.66  2025-07-07 38.88  9.03 
   U        Unity Software Inc  108.62                    Technology  2025-07-03 26.13  2025-07-07 27.86  6.62 
NNNN       Anbio Biotechnology   53.23                 Biotechnology  2025-07-03 36.99  2025-07-07 39.35  6.38 
OKLO                  Oklo Inc   78.54                     Utilities  2025-07-03 53.72  2025-07-07 55.94  4.13 
 CDE          Coeur Mining Inc   58.34               Metals & Mining   2025-07-03 9.12   2025-07-07 9.49  4.06 
RBLX               Roblox Corp  702.64                         Media 2025-07-03 103.59 2025-07-07 107.76  4.03 
YUMC    Yum China Holdings Inc  170.83 Hotels, Restaurants & Leisure  2025-07-03 45.76  2025-07-07 47.58  3.98 
TSCO         Tractor Supply Co  289.65                        Retail  2025-07-03 54.63  2025-07-07 56.76  3.90 
 ACI  Albertsons Companies Inc  123.68                        Retail  2025-07-03 21.93  2025-07-07 22.74  3.69 
SOFI     SoFi Technologies Inc  205.27            Financial Services  2025-07-03 18.57  2025-07-07 19.24  3.61 
PLTR Palantir Technologies Inc 3170.78                    Technology 2025-07-03 134.36 2025-07-07 139.12  3.54 
CART             Maplebear Inc  123.01                        Retail  2025-07-03 47.18  2025-07-07 48.85  3.54 
UPST      Upstart Holdings Inc   70.24            Financial Services  2025-07-03 73.82  2025-07-07 76.35  3.43 
 ULS          UL Solutions Inc  141.71         Professional Services  2025-07-03 70.68  2025-07-07 73.09  3.41 
DASH              DoorDash Inc 1011.86 Hotels, Restaurants & Leisure 2025-07-03 238.79 2025-07-07 246.89  3.39 
CACI    CACI International Inc  107.54         Professional Services 2025-07-03 489.02  2025-07-07 505.0  3.27 
UBER     Uber Technologies Inc 1957.96                   Road & Rail  2025-07-03 93.63  2025-07-07 96.68  3.26 
AFRM       Affirm Holdings Inc  223.21            Financial Services  2025-07-03 69.19  2025-07-07 71.23  2.95 
TOST                 Toast Inc  252.12            Financial Services  2025-07-03 43.58  2025-07-07 44.83  2.87 

=== 市值超过100亿的涨幅榜前20名股票 ===
股票代码            公司名称            市值(亿)                板块                     昨天收盘              今天收盘       涨跌幅(%)
CRCL Circle Internet Group Inc  391.98                           N/A 2025-07-03 188.77 2025-07-07 207.46  9.90 
RKLB        Rocket Lab USA Inc  167.61           Aerospace & Defense  2025-07-03 35.66  2025-07-07 38.88  9.03 
   U        Unity Software Inc  108.62                    Technology  2025-07-03 26.13  2025-07-07 27.86  6.62 
RBLX               Roblox Corp  702.64                         Media 2025-07-03 103.59 2025-07-07 107.76  4.03 
YUMC    Yum China Holdings Inc  170.83 Hotels, Restaurants & Leisure  2025-07-03 45.76  2025-07-07 47.58  3.98 
TSCO         Tractor Supply Co  289.65                        Retail  2025-07-03 54.63  2025-07-07 56.76  3.90 
 ACI  Albertsons Companies Inc  123.68                        Retail  2025-07-03 21.93  2025-07-07 22.74  3.69 
SOFI     SoFi Technologies Inc  205.27            Financial Services  2025-07-03 18.57  2025-07-07 19.24  3.61 
PLTR Palantir Technologies Inc 3170.78                    Technology 2025-07-03 134.36 2025-07-07 139.12  3.54 
CART             Maplebear Inc  123.01                        Retail  2025-07-03 47.18  2025-07-07 48.85  3.54 
 ULS          UL Solutions Inc  141.71         Professional Services  2025-07-03 70.68  2025-07-07 73.09  3.41 
DASH              DoorDash Inc 1011.86 Hotels, Restaurants & Leisure 2025-07-03 238.79 2025-07-07 246.89  3.39 
CACI    CACI International Inc  107.54         Professional Services 2025-07-03 489.02  2025-07-07 505.0  3.27 
UBER     Uber Technologies Inc 1957.96                   Road & Rail  2025-07-03 93.63  2025-07-07 96.68  3.26 
AFRM       Affirm Holdings Inc  223.21            Financial Services  2025-07-03 69.19  2025-07-07 71.23  2.95 
TOST                 Toast Inc  252.12            Financial Services  2025-07-03 43.58  2025-07-07 44.83  2.87 
  AU     Anglogold Ashanti PLC  235.20               Metals & Mining  2025-07-03 46.71  2025-07-07 47.93  2.61 
CVNA                Carvana Co  745.92                        Retail 2025-07-03 348.33 2025-07-07 357.32  2.58 
 GEV            GE Vernova Inc 1411.18          Electrical Equipment 2025-07-03 517.04 2025-07-07 530.28  2.56 
PRMB         Primo Brands Corp  112.70                     Beverages  2025-07-03 29.94   2025-07-07 30.7  2.54 

=== 市值超过200亿的涨幅榜前20名股票 ===
股票代码            公司名称            市值(亿)                板块                     昨天收盘              今天收盘       涨跌幅(%)
CRCL Circle Internet Group Inc  391.98                           N/A 2025-07-03 188.77 2025-07-07 207.46  9.90 
RBLX               Roblox Corp  702.64                         Media 2025-07-03 103.59 2025-07-07 107.76  4.03 
TSCO         Tractor Supply Co  289.65                        Retail  2025-07-03 54.63  2025-07-07 56.76  3.90 
SOFI     SoFi Technologies Inc  205.27            Financial Services  2025-07-03 18.57  2025-07-07 19.24  3.61 
PLTR Palantir Technologies Inc 3170.78                    Technology 2025-07-03 134.36 2025-07-07 139.12  3.54 
DASH              DoorDash Inc 1011.86 Hotels, Restaurants & Leisure 2025-07-03 238.79 2025-07-07 246.89  3.39 
UBER     Uber Technologies Inc 1957.96                   Road & Rail  2025-07-03 93.63  2025-07-07 96.68  3.26 
AFRM       Affirm Holdings Inc  223.21            Financial Services  2025-07-03 69.19  2025-07-07 71.23  2.95 
TOST                 Toast Inc  252.12            Financial Services  2025-07-03 43.58  2025-07-07 44.83  2.87 
  AU     Anglogold Ashanti PLC  235.20               Metals & Mining  2025-07-03 46.71  2025-07-07 47.93  2.61 
CVNA                Carvana Co  745.92                        Retail 2025-07-03 348.33 2025-07-07 357.32  2.58 
 GEV            GE Vernova Inc 1411.18          Electrical Equipment 2025-07-03 517.04 2025-07-07 530.28  2.56 
 CCJ               Cameco Corp  319.74                        Energy  2025-07-03 73.45  2025-07-07 75.19  2.37 
  KR                 Kroger Co  461.69                        Retail  2025-07-03 69.83  2025-07-07 71.45  2.32 
DLTR           Dollar Tree Inc  212.68                        Retail 2025-07-03 101.91 2025-07-07 104.23  2.28 
 MCK             Mckesson Corp  898.43                   Health Care  2025-07-03 719.3 2025-07-07 735.33  2.23 
 COR               Cencora Inc  574.16                   Health Care 2025-07-03 296.23  2025-07-07 302.5  2.12 
 CME             CME Group Inc  997.11            Financial Services  2025-07-03 276.7 2025-07-07 282.55  2.11 
 CEG Constellation Energy Corp  977.49                     Utilities 2025-07-03 311.88 2025-07-07 318.25  2.04 
  DG       Dollar General Corp  251.12                        Retail 2025-07-03 114.11  2025-07-07 116.3  1.92 

=== 市值超过1000亿的涨跌榜前20名股票 ===
股票代码                 公司名称                  市值(亿)                 板块                       昨天收盘              今天收盘        涨跌幅(%)
PLTR            Palantir Technologies Inc 3170.78                       Technology 2025-07-03 134.36  2025-07-07 139.12  3.54 
DASH                         DoorDash Inc 1011.86    Hotels, Restaurants & Leisure 2025-07-03 238.79  2025-07-07 246.89  3.39 
UBER                Uber Technologies Inc 1957.96                      Road & Rail  2025-07-03 93.63   2025-07-07 96.68  3.26 
 GEV                       GE Vernova Inc 1411.18             Electrical Equipment 2025-07-03 517.04  2025-07-07 530.28  2.56 
BKNG                 Booking Holdings Inc 1860.27    Hotels, Restaurants & Leisure 2025-07-03 5716.8 2025-07-07 5815.92  1.73 
SPOT                Spotify Technology SA 1455.78                            Media 2025-07-03 725.05  2025-07-07 736.29  1.55 
 LMT                 Lockheed Martin Corp 1083.67              Aerospace & Defense 2025-07-03 462.52  2025-07-07 469.06  1.41 
  PM      Philip Morris International Inc 2784.30                          Tobacco 2025-07-03 178.88   2025-07-07 181.2  1.30 
  BA                            Boeing Co 1628.05              Aerospace & Defense 2025-07-03 215.92  2025-07-07 218.63  1.26 
 NEE                   Nextera Energy Inc 1520.92                        Utilities  2025-07-03 73.88   2025-07-07 74.75  1.18 
  MO                     Altria Group Inc 1004.78                          Tobacco  2025-07-03 59.65   2025-07-07 60.25  1.01 
 APP                        Applovin Corp 1156.06                       Technology 2025-07-03 341.64   2025-07-07 345.0  0.98 
  GE                         GE Aerospace 2632.70              Aerospace & Defense 2025-07-03 246.88  2025-07-07 248.65  0.72 
COST                Costco Wholesale Corp 4377.21                           Retail 2025-07-03 987.02  2025-07-07 992.18  0.52 
INTU                           Intuit Inc 2177.57                       Technology 2025-07-03 780.64  2025-07-07 783.61  0.38 
 NKE                             Nike Inc 1127.51 Textiles, Apparel & Luxury Goods  2025-07-03 76.39   2025-07-07 76.53  0.18 
   T                             AT&T Inc 2040.67                Telecommunication  2025-07-03 28.36   2025-07-07 28.41  0.18 
 IBM International Business Machines Corp 2713.56                       Technology 2025-07-03 291.97  2025-07-07 292.47  0.17 
  SO                          Southern Co 1005.75                        Utilities  2025-07-03 91.51   2025-07-07 91.66  0.16 
SHOP                          Shopify Inc 1511.71                       Technology 2025-07-03 116.52  2025-07-07 116.66  0.12 
