2025-01-25 11:11:27,687 - INFO: 日志目录: logs/20250125_111127
2025-01-25 11:11:27,687 - INFO: 日志文件: logs/20250125_111127/execution.log
2025-01-25 11:11:27,687 - INFO: 从 Finnhub 获取股票列表...
2025-01-25 11:11:27,687 - INFO: 使用 API Key: cu8b0u1r01qhqu5ciok0cu8b0u1r01qhqu5ciokg (已使用 1 次)
2025-01-25 11:11:39,568 - INFO: 获取到 20 个股票
2025-01-25 11:11:39,579 - INFO: 开始处理 20 只股票...
2025-01-25 11:11:39,740 - INFO: 跳过权证: ZWS
2025-01-25 11:11:39,759 - INFO: 跳过权证: VVWT
2025-01-25 11:11:40,212 - INFO: 使用 API Key: cu9kb2hr01qnf5nn8c30cu9kb2hr01qnf5nn8c3g (已使用 1 次)
2025-01-25 11:11:40,426 - INFO: 获取 SMSI 详细信息时出错: Expecting value: line 1 column 1 (char 0)
2025-01-25 11:11:40,426 - INFO: 股票 SMSI 无法获取详细信息
2025-01-25 11:11:40,747 - INFO: 使用 API Key: cu9kbbpr01qnf5nn8cp0cu9kbbpr01qnf5nn8cpg (已使用 1 次)
2025-01-25 11:11:40,792 - INFO: 使用 API Key: cu9kbipr01qnf5nn8da0cu9kbipr01qnf5nn8dag (已使用 1 次)
2025-01-25 11:11:40,853 - INFO: 使用 API Key: cu9kbthr01qnf5nn8e20cu9kbthr01qnf5nn8e2g (已使用 1 次)
2025-01-25 11:11:40,929 - INFO: 使用 API Key: cua5621r01qkpes47sagcua5621r01qkpes47sb0 (已使用 1 次)
2025-01-25 11:11:40,963 - INFO: 使用 API Key: cua5739r01qkpes47uhgcua5739r01qkpes47ui0 (已使用 1 次)
2025-01-25 11:11:40,967 - INFO: 获取 SU 详细信息时出错: Expecting value: line 1 column 1 (char 0)
2025-01-25 11:11:40,967 - INFO: 股票 SU 无法获取详细信息
2025-01-25 11:11:41,136 - INFO: 使用 API Key: cua57p9r01qkpes486r0cua57p9r01qkpes486rg (已使用 1 次)
2025-01-25 11:11:41,239 - INFO: 股票 RSMSS 数据不足
2025-01-25 11:11:41,240 - INFO: 进度: 10/20 (50.0%) 有效数据: 5
2025-01-25 11:11:41,583 - INFO: 股票 STEGF 数据不足
2025-01-25 11:11:41,685 - INFO: 获取 STC 详细信息时出错: Expecting value: line 1 column 1 (char 0)
2025-01-25 11:11:41,685 - INFO: 股票 STC 无法获取详细信息
2025-01-25 11:11:41,768 - INFO: 使用 API Key: cua58lpr01qkpes48ccgcua58lpr01qkpes48cd0 (已使用 1 次)
2025-01-25 11:11:42,018 - INFO: 使用 API Key: cu8b0u1r01qhqu5ciok0cu8b0u1r01qhqu5ciokg (已使用 2 次)
2025-01-25 11:11:42,247 - INFO: 使用 API Key: cu9kb2hr01qnf5nn8c30cu9kb2hr01qnf5nn8c3g (已使用 2 次)
2025-01-25 11:11:42,354 - INFO: 使用 API Key: cu9kbbpr01qnf5nn8cp0cu9kbbpr01qnf5nn8cpg (已使用 2 次)
2025-01-25 11:11:42,487 - INFO: 使用 API Key: cu9kbipr01qnf5nn8da0cu9kbipr01qnf5nn8dag (已使用 2 次)
2025-01-25 11:11:42,519 - INFO: 使用 API Key: cu9kbthr01qnf5nn8e20cu9kbthr01qnf5nn8e2g (已使用 2 次)
2025-01-25 11:11:42,748 - INFO: 股票 GRDSF 市值数据无效
2025-01-25 11:11:42,749 - INFO: 进度: 20/20 (100.0%) 有效数据: 12
2025-01-25 11:11:42,750 - INFO: 
处理完成!
2025-01-25 11:11:42,750 - INFO: 总计处理: 20 只股票
2025-01-25 11:11:42,750 - INFO: 有效数据: 12 只股票
2025-01-25 11:11:42,750 - INFO: 无效数据: 8 只股票
2025-01-25 11:11:42,754 - INFO: 日志目录: logs/20250125_111127
2025-01-25 11:11:42,754 - INFO: 日志文件: logs/20250125_111127/execution.log
2025-01-25 11:11:42,754 - INFO: 
=== 涨幅榜前20名股票 ===
2025-01-25 11:11:42,754 - INFO: 
=== 涨幅榜前20名股票 ===
2025-01-25 11:11:42,765 - INFO: 
   股票代码                       公司名称  市值(亿)                            板块                          昨天收盘                           今天收盘  涨跌幅(%)
1      KGKG         Kona Gold Beverage Inc      0.00               Consumer products  2025-01-23 9.999999747378752e-05  2025-01-24 0.00019999999494757503     100.00
5       BRO              Brown & Brown Inc    303.12                       Insurance      2025-01-23 105.2300033569336                   2025-01-24 106.0       0.73
4      FSBC              Five Star Bancorp      6.37                         Banking                  2025-01-23 29.75      2025-01-24 29.860000610351562       0.37
0     SGPPF                 SPAR Group Ltd    269.65                          Retail      2025-01-23 5.880000114440918       2025-01-24 5.880000114440918       0.00
2      BRST        Broad Street Realty Inc      0.03                     Real Estate    2025-01-23 0.10000000149011612     2025-01-24 0.10000000149011612       0.00
3     ITGGF                    Italgas SpA     45.67                       Utilities      2025-01-23 5.758999824523926       2025-01-24 5.758999824523926       0.00
8      THCT           THC Therapeutics Inc      0.00                     Health Care  2025-01-23 0.0010000000474974513   2025-01-24 0.0010000000474974513       0.00
10      BAX       Baxter International Inc    165.69                     Health Care      2025-01-23 32.45000076293945       2025-01-24 32.45000076293945       0.00
11     HCSG  Healthcare Services Group Inc      8.27  Commercial Services & Supplies     2025-01-23 11.430000305175781      2025-01-24 11.289999961853027      -1.22
6      PTBS         Potomac Bancshares Inc      0.63                         Banking     2025-01-23 15.399999618530273      2025-01-24 15.199999809265137      -1.30
7      RZLT                   Rezolute Inc      2.79                   Biotechnology      2025-01-23 4.989999771118164       2025-01-24 4.809999942779541      -3.61
9      VCIG                 VCI Global Ltd      0.27           Professional Services     2025-01-23 1.2799999713897705      2025-01-24 1.2000000476837158      -6.25
2025-01-25 11:11:42,765 - INFO: 
   股票代码                       公司名称  市值(亿)                            板块                          昨天收盘                           今天收盘  涨跌幅(%)
1      KGKG         Kona Gold Beverage Inc      0.00               Consumer products  2025-01-23 9.999999747378752e-05  2025-01-24 0.00019999999494757503     100.00
5       BRO              Brown & Brown Inc    303.12                       Insurance      2025-01-23 105.2300033569336                   2025-01-24 106.0       0.73
4      FSBC              Five Star Bancorp      6.37                         Banking                  2025-01-23 29.75      2025-01-24 29.860000610351562       0.37
0     SGPPF                 SPAR Group Ltd    269.65                          Retail      2025-01-23 5.880000114440918       2025-01-24 5.880000114440918       0.00
2      BRST        Broad Street Realty Inc      0.03                     Real Estate    2025-01-23 0.10000000149011612     2025-01-24 0.10000000149011612       0.00
3     ITGGF                    Italgas SpA     45.67                       Utilities      2025-01-23 5.758999824523926       2025-01-24 5.758999824523926       0.00
8      THCT           THC Therapeutics Inc      0.00                     Health Care  2025-01-23 0.0010000000474974513   2025-01-24 0.0010000000474974513       0.00
10      BAX       Baxter International Inc    165.69                     Health Care      2025-01-23 32.45000076293945       2025-01-24 32.45000076293945       0.00
11     HCSG  Healthcare Services Group Inc      8.27  Commercial Services & Supplies     2025-01-23 11.430000305175781      2025-01-24 11.289999961853027      -1.22
6      PTBS         Potomac Bancshares Inc      0.63                         Banking     2025-01-23 15.399999618530273      2025-01-24 15.199999809265137      -1.30
7      RZLT                   Rezolute Inc      2.79                   Biotechnology      2025-01-23 4.989999771118164       2025-01-24 4.809999942779541      -3.61
9      VCIG                 VCI Global Ltd      0.27           Professional Services     2025-01-23 1.2799999713897705      2025-01-24 1.2000000476837158      -6.25
2025-01-25 11:11:42,766 - INFO: 
=== 市值超过20亿的涨幅榜前20名股票 ===
2025-01-25 11:11:42,766 - INFO: 
=== 市值超过20亿的涨幅榜前20名股票 ===
2025-01-25 11:11:42,771 - INFO: 
   股票代码                  公司名称  市值(亿)         板块                      昨天收盘                      今天收盘  涨跌幅(%)
5       BRO         Brown & Brown Inc    303.12    Insurance  2025-01-23 105.2300033569336              2025-01-24 106.0       0.73
0     SGPPF            SPAR Group Ltd    269.65       Retail  2025-01-23 5.880000114440918  2025-01-24 5.880000114440918       0.00
3     ITGGF               Italgas SpA     45.67    Utilities  2025-01-23 5.758999824523926  2025-01-24 5.758999824523926       0.00
10      BAX  Baxter International Inc    165.69  Health Care  2025-01-23 32.45000076293945  2025-01-24 32.45000076293945       0.00
2025-01-25 11:11:42,771 - INFO: 
   股票代码                  公司名称  市值(亿)         板块                      昨天收盘                      今天收盘  涨跌幅(%)
5       BRO         Brown & Brown Inc    303.12    Insurance  2025-01-23 105.2300033569336              2025-01-24 106.0       0.73
0     SGPPF            SPAR Group Ltd    269.65       Retail  2025-01-23 5.880000114440918  2025-01-24 5.880000114440918       0.00
3     ITGGF               Italgas SpA     45.67    Utilities  2025-01-23 5.758999824523926  2025-01-24 5.758999824523926       0.00
10      BAX  Baxter International Inc    165.69  Health Care  2025-01-23 32.45000076293945  2025-01-24 32.45000076293945       0.00
2025-01-25 11:11:42,772 - INFO: 
=== 市值超过50亿的涨幅榜前20名股票 ===
2025-01-25 11:11:42,772 - INFO: 
=== 市值超过50亿的涨幅榜前20名股票 ===
2025-01-25 11:11:42,777 - INFO: 
   股票代码                  公司名称  市值(亿)         板块                      昨天收盘                      今天收盘  涨跌幅(%)
5       BRO         Brown & Brown Inc    303.12    Insurance  2025-01-23 105.2300033569336              2025-01-24 106.0       0.73
0     SGPPF            SPAR Group Ltd    269.65       Retail  2025-01-23 5.880000114440918  2025-01-24 5.880000114440918       0.00
10      BAX  Baxter International Inc    165.69  Health Care  2025-01-23 32.45000076293945  2025-01-24 32.45000076293945       0.00
2025-01-25 11:11:42,777 - INFO: 
   股票代码                  公司名称  市值(亿)         板块                      昨天收盘                      今天收盘  涨跌幅(%)
5       BRO         Brown & Brown Inc    303.12    Insurance  2025-01-23 105.2300033569336              2025-01-24 106.0       0.73
0     SGPPF            SPAR Group Ltd    269.65       Retail  2025-01-23 5.880000114440918  2025-01-24 5.880000114440918       0.00
10      BAX  Baxter International Inc    165.69  Health Care  2025-01-23 32.45000076293945  2025-01-24 32.45000076293945       0.00
2025-01-25 11:11:42,777 - INFO: 
=== 市值超过100亿的涨幅榜前20名股票 ===
2025-01-25 11:11:42,777 - INFO: 
=== 市值超过100亿的涨幅榜前20名股票 ===
2025-01-25 11:11:42,782 - INFO: 
   股票代码                  公司名称  市值(亿)         板块                      昨天收盘                      今天收盘  涨跌幅(%)
5       BRO         Brown & Brown Inc    303.12    Insurance  2025-01-23 105.2300033569336              2025-01-24 106.0       0.73
0     SGPPF            SPAR Group Ltd    269.65       Retail  2025-01-23 5.880000114440918  2025-01-24 5.880000114440918       0.00
10      BAX  Baxter International Inc    165.69  Health Care  2025-01-23 32.45000076293945  2025-01-24 32.45000076293945       0.00
2025-01-25 11:11:42,782 - INFO: 
   股票代码                  公司名称  市值(亿)         板块                      昨天收盘                      今天收盘  涨跌幅(%)
5       BRO         Brown & Brown Inc    303.12    Insurance  2025-01-23 105.2300033569336              2025-01-24 106.0       0.73
0     SGPPF            SPAR Group Ltd    269.65       Retail  2025-01-23 5.880000114440918  2025-01-24 5.880000114440918       0.00
10      BAX  Baxter International Inc    165.69  Health Care  2025-01-23 32.45000076293945  2025-01-24 32.45000076293945       0.00
2025-01-25 11:11:42,783 - INFO: 
=== 市值超过200亿的涨幅榜前20名股票 ===
2025-01-25 11:11:42,783 - INFO: 
=== 市值超过200亿的涨幅榜前20名股票 ===
2025-01-25 11:11:42,787 - INFO: 
  股票代码           公司名称  市值(亿)       板块                      昨天收盘                      今天收盘  涨跌幅(%)
5      BRO  Brown & Brown Inc    303.12  Insurance  2025-01-23 105.2300033569336              2025-01-24 106.0       0.73
0    SGPPF     SPAR Group Ltd    269.65     Retail  2025-01-23 5.880000114440918  2025-01-24 5.880000114440918       0.00
2025-01-25 11:11:42,787 - INFO: 
  股票代码           公司名称  市值(亿)       板块                      昨天收盘                      今天收盘  涨跌幅(%)
5      BRO  Brown & Brown Inc    303.12  Insurance  2025-01-23 105.2300033569336              2025-01-24 106.0       0.73
0    SGPPF     SPAR Group Ltd    269.65     Retail  2025-01-23 5.880000114440918  2025-01-24 5.880000114440918       0.00
2025-01-25 11:11:42,788 - INFO: 
没有市值超过1000亿的股票!
2025-01-25 11:11:42,788 - INFO: 
没有市值超过1000亿的股票!
2025-01-25 11:11:42,788 - INFO: 结果已保存到: logs/20250125_111127/top20_result.log
2025-01-25 11:11:42,788 - INFO: 日志目录: logs/20250125_111127
2025-01-25 11:11:42,788 - INFO: 日志文件: logs/20250125_111127/execution.log
2025-01-25 11:11:42,789 - INFO: 股票数据已保存到 logs/20250125_111127/stocks_data.json
2025-01-25 11:11:42,793 - INFO: 
=== 板块涨跌分析 ===
2025-01-25 11:11:42,796 - INFO: 
                             板块  平均涨跌幅  股票数量
3               Consumer products     100.000         1
5                       Insurance       0.730         1
4                     Health Care       0.000         2
7                     Real Estate       0.000         1
8                          Retail       0.000         1
9                       Utilities       0.000         1
0                         Banking      -0.465         2
2  Commercial Services & Supplies      -1.220         1
1                   Biotechnology      -3.610         1
6           Professional Services      -6.250         1
2025-01-25 11:11:42,796 - INFO: 板块分析已保存到 logs/20250125_111127/sector_analysis.json
