
=== 涨幅榜前20名股票 ===

   股票代码                       公司名称  市值(亿)                            板块                          昨天收盘                           今天收盘  涨跌幅(%)
1      KGKG         Kona Gold Beverage Inc      0.00               Consumer products  2025-01-23 9.999999747378752e-05  2025-01-24 0.00019999999494757503     100.00
5       BRO              Brown & Brown Inc    303.12                       Insurance      2025-01-23 105.2300033569336                   2025-01-24 106.0       0.73
4      FSBC              Five Star Bancorp      6.37                         Banking                  2025-01-23 29.75      2025-01-24 29.860000610351562       0.37
0     SGPPF                 SPAR Group Ltd    269.65                          Retail      2025-01-23 5.880000114440918       2025-01-24 5.880000114440918       0.00
2      BRST        Broad Street Realty Inc      0.03                     Real Estate    2025-01-23 0.10000000149011612     2025-01-24 0.10000000149011612       0.00
3     ITGGF                    Italgas SpA     45.67                       Utilities      2025-01-23 5.758999824523926       2025-01-24 5.758999824523926       0.00
8      THCT           THC Therapeutics Inc      0.00                     Health Care  2025-01-23 0.0010000000474974513   2025-01-24 0.0010000000474974513       0.00
10      BAX       Baxter International Inc    165.69                     Health Care      2025-01-23 32.45000076293945       2025-01-24 32.45000076293945       0.00
11     HCSG  Healthcare Services Group Inc      8.27  Commercial Services & Supplies     2025-01-23 11.430000305175781      2025-01-24 11.289999961853027      -1.22
6      PTBS         Potomac Bancshares Inc      0.63                         Banking     2025-01-23 15.399999618530273      2025-01-24 15.199999809265137      -1.30
7      RZLT                   Rezolute Inc      2.79                   Biotechnology      2025-01-23 4.989999771118164       2025-01-24 4.809999942779541      -3.61
9      VCIG                 VCI Global Ltd      0.27           Professional Services     2025-01-23 1.2799999713897705      2025-01-24 1.2000000476837158      -6.25

=== 市值超过20亿的涨幅榜前20名股票 ===

   股票代码                  公司名称  市值(亿)         板块                      昨天收盘                      今天收盘  涨跌幅(%)
5       BRO         Brown & Brown Inc    303.12    Insurance  2025-01-23 105.2300033569336              2025-01-24 106.0       0.73
0     SGPPF            SPAR Group Ltd    269.65       Retail  2025-01-23 5.880000114440918  2025-01-24 5.880000114440918       0.00
3     ITGGF               Italgas SpA     45.67    Utilities  2025-01-23 5.758999824523926  2025-01-24 5.758999824523926       0.00
10      BAX  Baxter International Inc    165.69  Health Care  2025-01-23 32.45000076293945  2025-01-24 32.45000076293945       0.00

=== 市值超过50亿的涨幅榜前20名股票 ===

   股票代码                  公司名称  市值(亿)         板块                      昨天收盘                      今天收盘  涨跌幅(%)
5       BRO         Brown & Brown Inc    303.12    Insurance  2025-01-23 105.2300033569336              2025-01-24 106.0       0.73
0     SGPPF            SPAR Group Ltd    269.65       Retail  2025-01-23 5.880000114440918  2025-01-24 5.880000114440918       0.00
10      BAX  Baxter International Inc    165.69  Health Care  2025-01-23 32.45000076293945  2025-01-24 32.45000076293945       0.00

=== 市值超过100亿的涨幅榜前20名股票 ===

   股票代码                  公司名称  市值(亿)         板块                      昨天收盘                      今天收盘  涨跌幅(%)
5       BRO         Brown & Brown Inc    303.12    Insurance  2025-01-23 105.2300033569336              2025-01-24 106.0       0.73
0     SGPPF            SPAR Group Ltd    269.65       Retail  2025-01-23 5.880000114440918  2025-01-24 5.880000114440918       0.00
10      BAX  Baxter International Inc    165.69  Health Care  2025-01-23 32.45000076293945  2025-01-24 32.45000076293945       0.00

=== 市值超过200亿的涨幅榜前20名股票 ===

  股票代码           公司名称  市值(亿)       板块                      昨天收盘                      今天收盘  涨跌幅(%)
5      BRO  Brown & Brown Inc    303.12  Insurance  2025-01-23 105.2300033569336              2025-01-24 106.0       0.73
0    SGPPF     SPAR Group Ltd    269.65     Retail  2025-01-23 5.880000114440918  2025-01-24 5.880000114440918       0.00

没有市值超过1000亿的股票!
