
=== 涨幅榜前20名股票 ===
股票代码                公司名称               市值(亿)                板块                     昨天收盘              今天收盘       涨跌幅(%)
CARM          Carisma Therapeutics Inc   0.09                 Biotechnology   2025-08-29 0.22   2025-09-02 0.44 104.65
MLYS        Mineralys Therapeutics Inc  10.26                 Biotechnology  2025-08-29 15.48  2025-09-02 28.86  86.43
 UUU     Universal Safety Products Inc   0.08          Electrical Equipment    2025-08-29 3.3   2025-09-02 5.78  75.15
SMTK                      SmartKem Inc   0.04                Semiconductors   2025-08-29 0.84   2025-09-02 1.45  72.00
 LUD         Luda Technology Group Ltd   1.32               Metals & Mining   2025-08-29 6.07   2025-09-02 9.87  62.60
SHFS                  SHF Holdings Inc   0.07            Financial Services    2025-08-29 2.4   2025-09-02 3.65  51.77
CYTK                  Cytokinetics Inc  42.27                 Biotechnology  2025-08-29 35.33  2025-09-02 49.62  40.45
ZYBT Zhengye Biotechnology Holding Ltd   4.20               Pharmaceuticals   2025-08-29 9.36  2025-09-02 12.66  35.31
IONS         Ionis Pharmaceuticals Inc  67.96                 Biotechnology  2025-08-29 42.64  2025-09-02 57.49  34.83
YOSH               Yoshiharu Global Co   0.19 Hotels, Restaurants & Leisure   2025-08-29 1.27   2025-09-02 1.71  34.65
CARV                Carver Bancorp Inc   0.09                       Banking   2025-08-29 1.74   2025-09-02 2.33  33.62
UTHR          United Therapeutics Corp 137.83                 Biotechnology 2025-08-29 304.76 2025-09-02 404.81  32.83
CHSN     Chanson International Holding   0.11                        Retail   2025-08-29 1.71   2025-09-02 2.26  31.87
ANTE             Airnet Technology Inc   1.29                         Media   2025-08-29 4.31   2025-09-02 5.55  28.77
 NBY       NovaBay Pharmaceuticals Inc   0.10               Pharmaceuticals   2025-08-29 1.78   2025-09-02 2.28  28.09
RLMD          Relmada Therapeutics Inc   0.37               Pharmaceuticals   2025-08-29 1.12   2025-09-02 1.42  26.79
 UFG            Uni-Fuels Holdings Ltd   1.87                        Energy   2025-08-29 5.76    2025-09-02 7.3  26.74
ASNS              Actelis Networks Inc   0.04                Communications   2025-08-29 0.36   2025-09-02 0.46  26.19
GCTK                    GlucoTrack Inc   0.04                   Health Care   2025-08-29 4.22   2025-09-02 5.32  26.07
KPLT             Katapult Holdings Inc   0.69            Financial Services   2025-08-29 15.0  2025-09-02 18.88  25.87

=== 市值超过20亿的涨幅榜前20名股票 ===
股票代码              公司名称             市值(亿)                 板块                       昨天收盘              今天收盘       涨跌幅(%)
CYTK              Cytokinetics Inc  42.27                    Biotechnology  2025-08-29 35.33  2025-09-02 49.62 40.45 
IONS     Ionis Pharmaceuticals Inc  67.96                    Biotechnology  2025-08-29 42.64  2025-09-02 57.49 34.83 
UTHR      United Therapeutics Corp 137.83                    Biotechnology 2025-08-29 304.76 2025-09-02 404.81 32.83 
OPEN     Opendoor Technologies Inc  32.75                      Real Estate   2025-08-29 4.45   2025-09-02 5.09 14.38 
IREN                      IREN Ltd  63.81                       Technology  2025-08-29 26.48  2025-09-02 29.11  9.93 
CIFR             Cipher Mining Inc  30.05                       Technology   2025-08-29 7.64   2025-09-02 8.32  8.90 
ULTA               Ulta Beauty Inc 220.93                           Retail 2025-08-29 492.73 2025-09-02 532.52  8.08 
 SMR            Nuscale Power Corp  98.71             Electrical Equipment  2025-08-29 34.65  2025-09-02 37.24  7.47 
CRNX Crinetics Pharmaceuticals Inc  29.19                  Pharmaceuticals  2025-08-29 30.99   2025-09-02 33.3  7.45 
RARE Ultragenyx Pharmaceutical Inc  28.87                    Biotechnology  2025-08-29 29.96  2025-09-02 32.03  6.91 
  AL                Air Lease Corp  67.29 Trading Companies & Distributors  2025-08-29 60.21  2025-09-02 64.28  6.76 
INSM                    Insmed Inc 287.68                    Biotechnology  2025-08-29 136.1  2025-09-02 145.3  6.76 
PTCT          PTC Therapeutics Inc  39.19                    Biotechnology  2025-08-29 49.33  2025-09-02 52.43  6.28 
BIIB                    Biogen Inc 193.85                    Biotechnology 2025-08-29 132.22 2025-09-02 139.63  5.60 
SATS                 EchoStar Corp 177.78                            Media  2025-08-29 61.79  2025-09-02 65.24  5.58 
ETOR               eToro Group Ltd  37.16               Financial Services   2025-08-29 44.4  2025-09-02 46.73  5.25 
MLTX   MoonLake Immunotherapeutics  35.81                    Biotechnology  2025-08-29 55.75  2025-09-02 58.56  5.04 
 QXO                       QXO Inc 135.59 Trading Companies & Distributors  2025-08-29 20.13  2025-09-02 21.13  4.97 
  HL               Hecla Mining Co  57.02                  Metals & Mining   2025-08-29 8.51   2025-09-02 8.92  4.82 
  RL             Ralph Lauren Corp 179.92 Textiles, Apparel & Luxury Goods 2025-08-29 296.93 2025-09-02 311.02  4.75 

=== 市值超过50亿的涨幅榜前20名股票 ===
股票代码            公司名称           市值(亿)                 板块                       昨天收盘              今天收盘       涨跌幅(%)
IONS Ionis Pharmaceuticals Inc  67.96                    Biotechnology  2025-08-29 42.64  2025-09-02 57.49 34.83 
UTHR  United Therapeutics Corp 137.83                    Biotechnology 2025-08-29 304.76 2025-09-02 404.81 32.83 
IREN                  IREN Ltd  63.81                       Technology  2025-08-29 26.48  2025-09-02 29.11  9.93 
ULTA           Ulta Beauty Inc 220.93                           Retail 2025-08-29 492.73 2025-09-02 532.52  8.08 
 SMR        Nuscale Power Corp  98.71             Electrical Equipment  2025-08-29 34.65  2025-09-02 37.24  7.47 
  AL            Air Lease Corp  67.29 Trading Companies & Distributors  2025-08-29 60.21  2025-09-02 64.28  6.76 
INSM                Insmed Inc 287.68                    Biotechnology  2025-08-29 136.1  2025-09-02 145.3  6.76 
BIIB                Biogen Inc 193.85                    Biotechnology 2025-08-29 132.22 2025-09-02 139.63  5.60 
SATS             EchoStar Corp 177.78                            Media  2025-08-29 61.79  2025-09-02 65.24  5.58 
 QXO                   QXO Inc 135.59 Trading Companies & Distributors  2025-08-29 20.13  2025-09-02 21.13  4.97 
  HL           Hecla Mining Co  57.02                  Metals & Mining   2025-08-29 8.51   2025-09-02 8.92  4.82 
  RL         Ralph Lauren Corp 179.92 Textiles, Apparel & Luxury Goods 2025-08-29 296.93 2025-09-02 311.02  4.75 
 GME             GameStop Corp 100.25                           Retail  2025-08-29 22.41  2025-09-02 23.41  4.46 
 EQX         Equinox Gold Corp  66.61                  Metals & Mining   2025-08-29 8.76   2025-09-02 9.14  4.34 
RVMD  Revolution Medicines Inc  70.98                    Biotechnology  2025-08-29 37.97  2025-09-02 39.53  4.11 
 CDE          Coeur Mining Inc  84.52                  Metals & Mining  2025-08-29 13.15  2025-09-02 13.66  3.88 
ROIV      Roivant Sciences Ltd  81.47                    Biotechnology  2025-08-29 11.93  2025-09-02 12.39  3.86 
 DDS             Dillard's Inc  83.20                           Retail 2025-08-29 532.88 2025-09-02 553.19  3.81 
PFGC Performance Food Group Co 158.71                           Retail  2025-08-29 101.4 2025-09-02 105.18  3.73 
LYFT                  Lyft Inc  65.92                      Road & Rail  2025-08-29 16.22   2025-09-02 16.8  3.58 

=== 市值超过100亿的涨幅榜前20名股票 ===
股票代码              公司名称              市值(亿)                 板块                       昨天收盘              今天收盘       涨跌幅(%)
UTHR      United Therapeutics Corp  137.83                    Biotechnology 2025-08-29 304.76 2025-09-02 404.81 32.83 
ULTA               Ulta Beauty Inc  220.93                           Retail 2025-08-29 492.73 2025-09-02 532.52  8.08 
INSM                    Insmed Inc  287.68                    Biotechnology  2025-08-29 136.1  2025-09-02 145.3  6.76 
BIIB                    Biogen Inc  193.85                    Biotechnology 2025-08-29 132.22 2025-09-02 139.63  5.60 
SATS                 EchoStar Corp  177.78                            Media  2025-08-29 61.79  2025-09-02 65.24  5.58 
 QXO                       QXO Inc  135.59 Trading Companies & Distributors  2025-08-29 20.13  2025-09-02 21.13  4.97 
  RL             Ralph Lauren Corp  179.92 Textiles, Apparel & Luxury Goods 2025-08-29 296.93 2025-09-02 311.02  4.75 
 GME                 GameStop Corp  100.25                           Retail  2025-08-29 22.41  2025-09-02 23.41  4.46 
PFGC     Performance Food Group Co  158.71                           Retail  2025-08-29 101.4 2025-09-02 105.18  3.73 
 TEM                 Tempus AI Inc  131.79   Life Sciences Tools & Services  2025-08-29 75.86  2025-09-02 78.34  3.27 
RBLX                   Roblox Corp  863.72                            Media 2025-08-29 124.59 2025-09-02 128.47  3.11 
 AUR         Aurora Innovation Inc  103.89                       Technology   2025-08-29 5.63    2025-09-02 5.8  3.02 
ROST               Ross Stores Inc  481.32                           Retail 2025-08-29 147.16 2025-09-02 151.25  2.78 
MRVL        Marvell Technology Inc  542.02                   Semiconductors  2025-08-29 62.87   2025-09-02 64.6  2.75 
DECK          Deckers Outdoor Corp  177.46 Textiles, Apparel & Luxury Goods 2025-08-29 119.63 2025-09-02 122.88  2.72 
IBKR Interactive Brokers Group Inc 1057.97               Financial Services  2025-08-29 62.24   2025-09-02 63.9  2.67 
SNAP                      Snap Inc  120.65                            Media   2025-08-29 7.14   2025-09-02 7.33  2.66 
  AU         Anglogold Ashanti PLC  285.30                  Metals & Mining  2025-08-29 56.66  2025-09-02 58.14  2.61 
VRTX    Vertex Pharmaceuticals Inc 1002.54                    Biotechnology 2025-08-29 391.02  2025-09-02 401.0  2.55 
NTAP                    NetApp Inc  225.15                       Technology 2025-08-29 112.79 2025-09-02 115.37  2.29 

=== 市值超过200亿的涨幅榜前20名股票 ===
股票代码               公司名称               市值(亿)                板块                     昨天收盘              今天收盘       涨跌幅(%)
ULTA                 Ulta Beauty Inc  220.93                        Retail 2025-08-29 492.73 2025-09-02 532.52  8.08 
INSM                      Insmed Inc  287.68                 Biotechnology  2025-08-29 136.1  2025-09-02 145.3  6.76 
RBLX                     Roblox Corp  863.72                         Media 2025-08-29 124.59 2025-09-02 128.47  3.11 
ROST                 Ross Stores Inc  481.32                        Retail 2025-08-29 147.16 2025-09-02 151.25  2.78 
MRVL          Marvell Technology Inc  542.02                Semiconductors  2025-08-29 62.87   2025-09-02 64.6  2.75 
IBKR   Interactive Brokers Group Inc 1057.97            Financial Services  2025-08-29 62.24   2025-09-02 63.9  2.67 
  AU           Anglogold Ashanti PLC  285.30               Metals & Mining  2025-08-29 56.66  2025-09-02 58.14  2.61 
VRTX      Vertex Pharmaceuticals Inc 1002.54                 Biotechnology 2025-08-29 391.02  2025-09-02 401.0  2.55 
NTAP                      NetApp Inc  225.15                    Technology 2025-08-29 112.79 2025-09-02 115.37  2.29 
FOXA                        Fox Corp  253.85                         Media   2025-08-29 59.7  2025-09-02 61.05  2.26 
MSTR                    Strategy Inc  948.23                    Technology 2025-08-29 334.41 2025-09-02 341.62  2.16 
 HUM                      Humana Inc  365.22                   Health Care 2025-08-29 303.66 2025-09-02 310.06  2.11 
DLTR                 Dollar Tree Inc  227.83                        Retail 2025-08-29 109.17 2025-09-02 111.35  2.00 
 FOX                        Fox Corp  253.85                         Media  2025-08-29 54.55  2025-09-02 55.62  1.96 
 NEM             Newmont Corporation  817.25               Metals & Mining   2025-08-29 74.4  2025-09-02 75.86  1.96 
 STX Seagate Technology Holdings PLC  356.02                    Technology  2025-08-29 167.4  2025-09-02 170.5  1.85 
SBUX                  Starbucks Corp 1002.46 Hotels, Restaurants & Leisure  2025-08-29 88.19  2025-09-02 89.78  1.80 
 MRK                  Merck & Co Inc 2101.14               Pharmaceuticals  2025-08-29 84.12  2025-09-02 85.48  1.62 
  DG             Dollar General Corp  239.39                        Retail 2025-08-29 108.76 2025-09-02 110.46  1.56 
TMUS                 T-Mobile US Inc 2835.94             Telecommunication 2025-08-29 251.99 2025-09-02 255.89  1.55 

=== 市值超过1000亿的涨跌榜前20名股票 ===
 股票代码                 公司名称                 市值(亿)                 板块                       昨天收盘              今天收盘       涨跌幅(%)
 IBKR       Interactive Brokers Group Inc 1057.97               Financial Services  2025-08-29 62.24   2025-09-02 63.9  2.67 
 VRTX          Vertex Pharmaceuticals Inc 1002.54                    Biotechnology 2025-08-29 391.02  2025-09-02 401.0  2.55 
 SBUX                      Starbucks Corp 1002.46    Hotels, Restaurants & Leisure  2025-08-29 88.19  2025-09-02 89.78  1.80 
  MRK                      Merck & Co Inc 2101.14                  Pharmaceuticals  2025-08-29 84.12  2025-09-02 85.48  1.62 
 TMUS                     T-Mobile US Inc 2835.94                Telecommunication 2025-08-29 251.99 2025-09-02 255.89  1.55 
LVMHF LVMH Moet Hennessy Louis Vuitton SE 2518.20 Textiles, Apparel & Luxury Goods 2025-08-29 592.92  2025-09-02 602.0  1.53 
  TJX                   TJX Companies Inc 1524.04                           Retail 2025-08-29 136.61 2025-09-02 138.57  1.43 
   BA                           Boeing Co 1774.55              Aerospace & Defense 2025-08-29 234.68 2025-09-02 237.38  1.15 
 SPOT               Spotify Technology SA 1382.29                            Media 2025-08-29 681.88 2025-09-02 689.62  1.14 
  PEP                         PepsiCo Inc 2035.13                        Beverages 2025-08-29 148.65 2025-09-02 150.28  1.10 
  BSX              Boston Scientific Corp 1563.25                      Health Care  2025-08-29 105.5 2025-09-02 106.66  1.10 
   BN                     Brookfield Corp 1083.78               Financial Services  2025-08-29 65.72  2025-09-02 66.32  0.91 
  PFE                          Pfizer Inc 1407.74                  Pharmaceuticals  2025-08-29 24.76  2025-09-02 24.98  0.89 
  NEE                  Nextera Energy Inc 1483.72                        Utilities  2025-08-29 72.05  2025-09-02 72.65  0.83 
  CVX                        Chevron Corp 3288.11                           Energy  2025-08-29 160.6 2025-09-02 161.83  0.77 
 ABBV                          AbbVie Inc 3716.84                    Biotechnology  2025-08-29 210.4 2025-09-02 211.92  0.72 
  MCD                     McDonald's Corp 2237.44    Hotels, Restaurants & Leisure 2025-08-29 313.54 2025-09-02 315.76  0.71 
  APP                       Applovin Corp 1618.83                       Technology 2025-08-29 478.59 2025-09-02 481.73  0.66 
   CB                           Chubb Ltd 1096.68                        Insurance 2025-08-29 275.07 2025-09-02 276.81  0.63 
   PG                 Procter & Gamble Co 3678.46                Consumer products 2025-08-29 157.04 2025-09-02 157.99  0.60 
