
=== 涨幅榜前20名股票 ===
 股票代码              公司名称             市值(亿)               板块                     昨天收盘             今天收盘       涨跌幅(%)
 PRSO                    Peraso Inc  0.08                 Semiconductors  2026-03-05 0.81  2026-03-06 2.04 151.85
FAASF                 DigiAsia Corp  0.00             Financial Services  2026-03-05 0.01  2026-03-06 0.01 136.54
TSEOF                   Trinseo PLC  0.08                      Chemicals   2026-03-05 0.0  2026-03-06 0.01 120.00
 DXST            Decent Holding Inc  0.06 Commercial Services & Supplies  2026-03-05 0.15  2026-03-06 0.28  83.01
 EDSA             Edesa Biotech Inc  0.30                  Biotechnology  2026-03-05 3.61  2026-03-06 6.52  80.61
  CRE           Cre8 Enterprise Ltd  0.05 Commercial Services & Supplies  2026-03-05 2.62  2026-03-06 4.53  72.90
 ANTX          AN2 Therapeutics Inc  0.47                Pharmaceuticals  2026-03-05 1.71  2026-03-06 2.85  66.67
 EPSM         Epsium Enterprise Ltd  0.14                   Distributors  2026-03-05 1.06  2026-03-06 1.74  64.15
 SYNX                 Silynxcom Ltd  0.07            Aerospace & Defense   2026-03-05 1.0  2026-03-06 1.58  58.00
  SEV            Aptera Motors Corp  0.77                    Automobiles  2026-03-05 2.36  2026-03-06 3.28  38.98
 COHN           Cohen & Company Inc  0.30             Financial Services 2026-03-05 14.53  2026-03-06 19.8  36.27
 QURE                    Uniqure NV  6.56                  Biotechnology 2026-03-05 10.65 2026-03-06 14.27  33.99
 AIEV    Thunder Power Holdings Inc  0.06                    Automobiles  2026-03-05 0.11  2026-03-06 0.15  30.97
 AIFF      Firefly Neuroscience Inc  0.20                    Health Care  2026-03-05 1.42  2026-03-06 1.85  30.28
 QCLS          Q/C Technologies Inc  0.27                Pharmaceuticals  2026-03-05 3.48   2026-03-06 4.5  29.31
 BSLK    Bolt Projects Holdings Inc  0.00                      Chemicals  2026-03-05 0.11  2026-03-06 0.14  29.09
 TECX      Tectonic Therapeutic Inc  5.23                  Biotechnology 2026-03-05 27.85 2026-03-06 35.87  28.80
  IBG Innovation Beverage Group Ltd  0.04                      Beverages   2026-03-05 4.3  2026-03-06 5.53  28.60
 PLAG    Planet Green Holdings Corp  0.21                  Food Products  2026-03-05 2.29  2026-03-06 2.94  28.38
 ISPR         Ispire Technology Inc  1.09                        Tobacco   2026-03-05 1.9  2026-03-06 2.42  27.37

=== 市值超过20亿的涨幅榜前20名股票 ===
股票代码              公司名称              市值(亿)           板块                昨天收盘              今天收盘       涨跌幅(%)
 IOT                   Samsara Inc  170.68          Technology  2026-03-05 29.58  2026-03-06 35.36 19.54 
MRVL        Marvell Technology Inc  661.03      Semiconductors  2026-03-05 75.68  2026-03-06 89.57 18.35 
LION        Lionsgate Studios Corp   28.99               Media   2026-03-05 9.99  2026-03-06 10.66  6.71 
DNTH     Dianthus Therapeutics Inc   26.55       Biotechnology  2026-03-05 61.43   2026-03-06 65.2  6.14 
TTAN              ServiceTitan Inc   73.29          Technology  2026-03-05 78.26  2026-03-06 82.95  5.99 
 RNG               RingCentral Inc   33.97          Technology  2026-03-05 39.67  2026-03-06 42.02  5.92 
NNNN           Anbio Biotechnology   31.37       Biotechnology   2026-03-05 21.8  2026-03-06 22.89  5.00 
MUSA                Murphy USA Inc   77.51              Retail 2026-03-05 418.19 2026-03-06 438.43  4.84 
VKTX       Viking Therapeutics Inc   39.10       Biotechnology  2026-03-05 31.51  2026-03-06 32.98  4.67 
  CF    CF Industries Holdings Inc  170.23           Chemicals 2026-03-05 110.78 2026-03-06 115.78  4.51 
LQDA                 Liquidia Corp   30.03     Pharmaceuticals  2026-03-05 34.52  2026-03-06 36.03  4.37 
 SFM    Sprouts Farmers Market Inc   72.74              Retail  2026-03-05 76.91  2026-03-06 80.25  4.34 
AVAV             AeroVironment Inc  114.73 Aerospace & Defense 2026-03-05 220.56  2026-03-06 229.8  4.19 
  BA                     Boeing Co 1743.94 Aerospace & Defense 2026-03-05 222.06 2026-03-06 231.11  4.08 
BEAM         Beam Therapeutics Inc   25.99       Biotechnology  2026-03-05 25.52  2026-03-06 26.54  4.00 
ACHC Acadia Healthcare Company Inc   22.74         Health Care  2026-03-05 24.66  2026-03-06 25.62  3.89 
 SOC           Sable Offshore Corp   20.39              Energy  2026-03-05 13.85  2026-03-06 14.37  3.75 
MANH      Manhattan Associates Inc   87.98          Technology  2026-03-05 147.0 2026-03-06 152.45  3.71 
CART                 Maplebear Inc   91.65              Retail  2026-03-05 36.78  2026-03-06 38.09  3.56 
  KR                     Kroger Co  453.25              Retail  2026-03-05 71.57  2026-03-06 74.11  3.55 

=== 市值超过50亿的涨幅榜前20名股票 ===
股票代码                公司名称                 市值(亿)            板块                 昨天收盘              今天收盘       涨跌幅(%)
 IOT                        Samsara Inc  170.68            Technology  2026-03-05 29.58  2026-03-06 35.36 19.54 
MRVL             Marvell Technology Inc  661.03        Semiconductors  2026-03-05 75.68  2026-03-06 89.57 18.35 
TTAN                   ServiceTitan Inc   73.29            Technology  2026-03-05 78.26  2026-03-06 82.95  5.99 
MUSA                     Murphy USA Inc   77.51                Retail 2026-03-05 418.19 2026-03-06 438.43  4.84 
  CF         CF Industries Holdings Inc  170.23             Chemicals 2026-03-05 110.78 2026-03-06 115.78  4.51 
 SFM         Sprouts Farmers Market Inc   72.74                Retail  2026-03-05 76.91  2026-03-06 80.25  4.34 
AVAV                  AeroVironment Inc  114.73   Aerospace & Defense 2026-03-05 220.56  2026-03-06 229.8  4.19 
  BA                          Boeing Co 1743.94   Aerospace & Defense 2026-03-05 222.06 2026-03-06 231.11  4.08 
MANH           Manhattan Associates Inc   87.98            Technology  2026-03-05 147.0 2026-03-06 152.45  3.71 
CART                      Maplebear Inc   91.65                Retail  2026-03-05 36.78  2026-03-06 38.09  3.56 
  KR                          Kroger Co  453.25                Retail  2026-03-05 71.57  2026-03-06 74.11  3.55 
PCTY             Paylocity Holding Corp   62.49 Professional Services 2026-03-05 115.99  2026-03-06 120.1  3.54 
KRMN                Karman Holdings Inc  128.54   Aerospace & Defense  2026-03-05 97.14 2026-03-06 100.54  3.50 
  BR Broadridge Financial Solutions Inc  222.86 Professional Services 2026-03-05 190.89 2026-03-06 196.88  3.14 
INTU                         Intuit Inc 1290.91            Technology 2026-03-05 466.79 2026-03-06 481.17  3.08 
  BG                   Bunge Global ltd  219.05         Food Products  2026-03-05 113.2 2026-03-06 116.67  3.07 
 CPB                      Campbell's Co   74.71         Food Products  2026-03-05 25.06   2026-03-06 25.8  2.95 
PLTR          Palantir Technologies Inc 3651.37            Technology 2026-03-05 152.67 2026-03-06 157.16  2.94 
 RTX                           RTX Corp 2736.39   Aerospace & Defense 2026-03-05 203.86 2026-03-06 209.76  2.89 
JKHY        Jack Henry & Associates Inc  124.01    Financial Services 2026-03-05 167.05 2026-03-06 171.83  2.86 

=== 市值超过100亿的涨幅榜前20名股票 ===
股票代码                公司名称                 市值(亿)            板块                 昨天收盘              今天收盘       涨跌幅(%)
 IOT                        Samsara Inc  170.68            Technology  2026-03-05 29.58  2026-03-06 35.36 19.54 
MRVL             Marvell Technology Inc  661.03        Semiconductors  2026-03-05 75.68  2026-03-06 89.57 18.35 
  CF         CF Industries Holdings Inc  170.23             Chemicals 2026-03-05 110.78 2026-03-06 115.78  4.51 
AVAV                  AeroVironment Inc  114.73   Aerospace & Defense 2026-03-05 220.56  2026-03-06 229.8  4.19 
  BA                          Boeing Co 1743.94   Aerospace & Defense 2026-03-05 222.06 2026-03-06 231.11  4.08 
  KR                          Kroger Co  453.25                Retail  2026-03-05 71.57  2026-03-06 74.11  3.55 
KRMN                Karman Holdings Inc  128.54   Aerospace & Defense  2026-03-05 97.14 2026-03-06 100.54  3.50 
  BR Broadridge Financial Solutions Inc  222.86 Professional Services 2026-03-05 190.89 2026-03-06 196.88  3.14 
INTU                         Intuit Inc 1290.91            Technology 2026-03-05 466.79 2026-03-06 481.17  3.08 
  BG                   Bunge Global ltd  219.05         Food Products  2026-03-05 113.2 2026-03-06 116.67  3.07 
PLTR          Palantir Technologies Inc 3651.37            Technology 2026-03-05 152.67 2026-03-06 157.16  2.94 
 RTX                           RTX Corp 2736.39   Aerospace & Defense 2026-03-05 203.86 2026-03-06 209.76  2.89 
JKHY        Jack Henry & Associates Inc  124.01    Financial Services 2026-03-05 167.05 2026-03-06 171.83  2.86 
DDOG                        Datadog Inc  431.41            Technology 2026-03-05 122.36 2026-03-06 125.75  2.77 
 LMT               Lockheed Martin Corp 1507.03   Aerospace & Defense  2026-03-05 655.0 2026-03-06 671.77  2.56 
PAYX                        Paychex Inc  353.15 Professional Services  2026-03-05 98.38 2026-03-06 100.85  2.51 
ROKU                           Roku Inc  144.64                 Media  2026-03-05 98.11 2026-03-06 100.57  2.51 
 MDB                        MongoDB Inc  214.82            Technology 2026-03-05 263.93 2026-03-06 270.47  2.48 
 TYL             Tyler Technologies Inc  157.27            Technology 2026-03-05 365.87 2026-03-06 374.59  2.38 
SPOT              Spotify Technology SA 1136.44                 Media 2026-03-05 552.12 2026-03-06 565.19  2.37 

=== 市值超过200亿的涨幅榜前20名股票 ===
股票代码                公司名称                 市值(亿)            板块                 昨天收盘              今天收盘       涨跌幅(%)
MRVL             Marvell Technology Inc  661.03        Semiconductors  2026-03-05 75.68  2026-03-06 89.57 18.35 
  BA                          Boeing Co 1743.94   Aerospace & Defense 2026-03-05 222.06 2026-03-06 231.11  4.08 
  KR                          Kroger Co  453.25                Retail  2026-03-05 71.57  2026-03-06 74.11  3.55 
  BR Broadridge Financial Solutions Inc  222.86 Professional Services 2026-03-05 190.89 2026-03-06 196.88  3.14 
INTU                         Intuit Inc 1290.91            Technology 2026-03-05 466.79 2026-03-06 481.17  3.08 
  BG                   Bunge Global ltd  219.05         Food Products  2026-03-05 113.2 2026-03-06 116.67  3.07 
PLTR          Palantir Technologies Inc 3651.37            Technology 2026-03-05 152.67 2026-03-06 157.16  2.94 
 RTX                           RTX Corp 2736.39   Aerospace & Defense 2026-03-05 203.86 2026-03-06 209.76  2.89 
DDOG                        Datadog Inc  431.41            Technology 2026-03-05 122.36 2026-03-06 125.75  2.77 
 LMT               Lockheed Martin Corp 1507.03   Aerospace & Defense  2026-03-05 655.0 2026-03-06 671.77  2.56 
PAYX                        Paychex Inc  353.15 Professional Services  2026-03-05 98.38 2026-03-06 100.85  2.51 
 MDB                        MongoDB Inc  214.82            Technology 2026-03-05 263.93 2026-03-06 270.47  2.48 
SPOT              Spotify Technology SA 1136.44                 Media 2026-03-05 552.12 2026-03-06 565.19  2.37 
 TTE                   TotalEnergies SE 1430.09                Energy  2026-03-05 77.03  2026-03-06 78.77  2.26 
 LNG                Cheniere Energy Inc  524.54                Energy 2026-03-05 249.54 2026-03-06 255.15  2.25 
 NOC              Northrop Grumman Corp 1050.23   Aerospace & Defense 2026-03-05 740.01 2026-03-06 756.13  2.18 
VRSN                      VeriSign, Inc  209.02            Technology  2026-03-05 238.7 2026-03-06 243.78  2.13 
 LYB       LyondellBasell Industries NV  212.25             Chemicals  2026-03-05 65.88  2026-03-06 67.11  1.87 
FOXA                           Fox Corp  237.97                 Media  2026-03-05 58.69  2026-03-06 59.78  1.86 
 LHX          L3Harris Technologies Inc  672.58   Aerospace & Defense  2026-03-05 360.1 2026-03-06 366.61  1.81 

=== 市值超过1000亿的涨跌榜前20名股票 ===
 股票代码                 公司名称                  市值(亿)           板块                昨天收盘              今天收盘       涨跌幅(%)
   BA                            Boeing Co 1743.94 Aerospace & Defense 2026-03-05 222.06 2026-03-06 231.11  4.08 
 INTU                           Intuit Inc 1290.91          Technology 2026-03-05 466.79 2026-03-06 481.17  3.08 
 PLTR            Palantir Technologies Inc 3651.37          Technology 2026-03-05 152.67 2026-03-06 157.16  2.94 
  RTX                             RTX Corp 2736.39 Aerospace & Defense 2026-03-05 203.86 2026-03-06 209.76  2.89 
  LMT                 Lockheed Martin Corp 1507.03 Aerospace & Defense  2026-03-05 655.0 2026-03-06 671.77  2.56 
 SPOT                Spotify Technology SA 1136.44               Media 2026-03-05 552.12 2026-03-06 565.19  2.37 
  TTE                     TotalEnergies SE 1430.09              Energy  2026-03-05 77.03  2026-03-06 78.77  2.26 
  NOC                Northrop Grumman Corp 1050.23 Aerospace & Defense 2026-03-05 740.01 2026-03-06 756.13  2.18 
  PFE                           Pfizer Inc 1513.12     Pharmaceuticals  2026-03-05 26.61  2026-03-06 27.05  1.65 
 COST                Costco Wholesale Corp 4361.33              Retail 2026-03-05 982.57  2026-03-06 998.1  1.58 
CMCSA                         Comcast Corp 1136.92   Telecommunication   2026-03-05 31.6  2026-03-06 31.91  0.98 
  IBM International Business Machines Corp 2406.53          Technology 2026-03-05 256.55 2026-03-06 258.85  0.90 
  LLY                     Eli Lilly and Co 9275.66     Pharmaceuticals 2026-03-05 983.26 2026-03-06 990.33  0.72 
  DUK                     Duke Energy Corp 1023.49           Utilities 2026-03-05 131.61  2026-03-06 132.5  0.68 
 ADBE                            Adobe Inc 1156.54          Technology 2026-03-05 281.74 2026-03-06 283.62  0.67 
 AMGN                            Amgen Inc 1981.61       Biotechnology  2026-03-05 367.6 2026-03-06 369.53  0.53 
 TMUS                      T-Mobile US Inc 2430.05   Telecommunication 2026-03-05 220.54 2026-03-06 221.57  0.47 
  ACN                        Accenture PLC 1316.76          Technology  2026-03-05 214.0  2026-03-06 215.0  0.47 
  CRM                       Salesforce Inc 1858.83          Technology 2026-03-05 201.39 2026-03-06 202.11  0.36 
  JNJ                    Johnson & Johnson 5774.84     Pharmaceuticals 2026-03-05 239.63  2026-03-06 240.4  0.32 
