
=== 涨幅榜前20名股票 ===
股票代码              公司名称              市值(亿)                板块                      昨天收盘             今天收盘       涨跌幅(%)
YMAB        Y-mAbs Therapeutics Inc  2.17                    Biotechnology  2025-08-04 4.19  2025-08-05 8.52 103.34
  GV         Visionary Holdings Inc  0.05    Diversified Consumer Services  2025-08-04 1.08  2025-08-05 2.05  89.81
SMXT        SolarMax Technology Inc  0.44             Electrical Equipment  2025-08-04 0.93  2025-08-05 1.66  78.49
AMRC                   Ameresco Inc 12.07                     Construction  2025-08-04 16.7 2025-08-05 24.88  48.98
STAA              STAAR Surgical Co 13.24                      Health Care 2025-08-04 18.49 2025-08-05 27.02  46.13
XMTR                    Xometry Inc 16.39 Trading Companies & Distributors 2025-08-04 30.97 2025-08-05 44.28  42.98
OTRK                     Ontrak Inc  0.02                      Health Care  2025-08-04 0.28  2025-08-05 0.39  37.86
 AIP                    Arteris Inc  5.40                       Technology  2025-08-04 9.45  2025-08-05 13.0  37.57
STTK              Shattuck Labs Inc  0.49                    Biotechnology  2025-08-04 0.74  2025-08-05 0.99  33.24
CSTL         Castle Biosciences Inc  5.66                      Health Care 2025-08-04 15.32 2025-08-05 20.35  32.83
HLIO        Helios Technologies Inc 15.57                        Machinery 2025-08-04 36.71 2025-08-05 48.12  31.08
ORGN           Origin Materials Inc  1.31                        Chemicals  2025-08-04 0.68  2025-08-05 0.88  30.41
LMND                   Lemonade Inc 35.04                        Insurance  2025-08-04 37.0 2025-08-05 47.93  29.54
DOCN      DigitalOcean Holdings Inc 28.51                       Technology 2025-08-04 27.01 2025-08-05 34.81  28.88
TCMD Tactile Systems Technology Inc  2.65                      Health Care  2025-08-04 9.89 2025-08-05 12.54  26.79
CVKD      Cadrenal Therapeutics Inc  0.20                  Pharmaceuticals  2025-08-04 8.81  2025-08-05 10.9  23.72
 MBI                       MBIA Inc  3.13                        Insurance  2025-08-04 5.51  2025-08-05 6.75  22.50
ANTE          Airnet Technology Inc  0.73                            Media  2025-08-04 2.19  2025-08-05 2.68  22.37
NGVT                  Ingevity Corp 17.40                        Chemicals 2025-08-04 40.85 2025-08-05 49.56  21.32
SNDX     Syndax Pharmaceuticals Inc 10.34                    Biotechnology 2025-08-04 10.38 2025-08-05 12.57  21.10

=== 市值超过20亿的涨幅榜前20名股票 ===
股票代码             公司名称              市值(亿)            板块                 昨天收盘              今天收盘       涨跌幅(%)
LMND                 Lemonade Inc   35.04             Insurance   2025-08-04 37.0  2025-08-05 47.93 29.54 
DOCN    DigitalOcean Holdings Inc   28.51            Technology  2025-08-04 27.01  2025-08-05 34.81 28.88 
PRIM       Primoris Services Corp   55.35          Construction  2025-08-04 93.09 2025-08-05 108.59 16.65 
AXON          Axon Enterprise Inc  667.46   Aerospace & Defense 2025-08-04 744.88 2025-08-05 867.12 16.41 
LSCC   Lattice Semiconductor Corp   76.95        Semiconductors  2025-08-04 48.73  2025-08-05 56.14 15.21 
 PAY       Paymentus Holdings Inc   38.63    Financial Services  2025-08-04 29.33  2025-08-05 32.85 12.00 
 SYM                 Symbotic Inc  362.08             Machinery  2025-08-04 56.57  2025-08-05 63.21 11.74 
ACLS     Axcelis Technologies Inc   26.44        Semiconductors  2025-08-04 70.88  2025-08-05 78.01 10.06 
OKLO                     Oklo Inc  115.33             Utilities  2025-08-04 76.41  2025-08-05 84.09 10.05 
STRL  Sterling Infrastructure Inc   96.56          Construction 2025-08-04 271.74 2025-08-05 296.58  9.14 
ADUS          Addus Homecare Corp   20.67           Health Care 2025-08-04 106.96 2025-08-05 116.57  8.98 
 CBT                   Cabot Corp   42.19             Chemicals  2025-08-04 73.71   2025-08-05 80.1  8.67 
MDGL Madrigal Pharmaceuticals Inc   71.03         Biotechnology 2025-08-04 312.11 2025-08-05 338.91  8.59 
QUBT        Quantum Computing Inc   26.24            Technology   2025-08-04 15.6  2025-08-05 16.89  8.27 
PLTR    Palantir Technologies Inc 4114.75            Technology 2025-08-04 160.66 2025-08-05 173.27  7.85 
MNTN                     MNTN Inc   22.71                 Media  2025-08-04 29.22  2025-08-05 31.47  7.70 
LDOS          Leidos Holdings Inc  212.59 Professional Services 2025-08-04 160.95 2025-08-05 172.94  7.45 
 DAN                     Dana Inc   24.03       Auto Components  2025-08-04 15.37  2025-08-05 16.51  7.42 
DORM          Dorman Products Inc   39.63       Auto Components 2025-08-04 124.66 2025-08-05 133.23  6.87 
 RKT         Rocket Companies Inc  354.61    Financial Services  2025-08-04 16.88  2025-08-05 18.03  6.81 

=== 市值超过50亿的涨幅榜前20名股票 ===
股票代码                公司名称                 市值(亿)            板块                 昨天收盘              今天收盘       涨跌幅(%)
PRIM             Primoris Services Corp   55.35          Construction  2025-08-04 93.09 2025-08-05 108.59 16.65 
AXON                Axon Enterprise Inc  667.46   Aerospace & Defense 2025-08-04 744.88 2025-08-05 867.12 16.41 
LSCC         Lattice Semiconductor Corp   76.95        Semiconductors  2025-08-04 48.73  2025-08-05 56.14 15.21 
 SYM                       Symbotic Inc  362.08             Machinery  2025-08-04 56.57  2025-08-05 63.21 11.74 
OKLO                           Oklo Inc  115.33             Utilities  2025-08-04 76.41  2025-08-05 84.09 10.05 
STRL        Sterling Infrastructure Inc   96.56          Construction 2025-08-04 271.74 2025-08-05 296.58  9.14 
MDGL       Madrigal Pharmaceuticals Inc   71.03         Biotechnology 2025-08-04 312.11 2025-08-05 338.91  8.59 
PLTR          Palantir Technologies Inc 4114.75            Technology 2025-08-04 160.66 2025-08-05 173.27  7.85 
LDOS                Leidos Holdings Inc  212.59 Professional Services 2025-08-04 160.95 2025-08-05 172.94  7.45 
 RKT               Rocket Companies Inc  354.61    Financial Services  2025-08-04 16.88  2025-08-05 18.03  6.81 
  BR Broadridge Financial Solutions Inc  312.83 Professional Services 2025-08-04 248.46 2025-08-05 265.33  6.79 
QBTS                 D-Wave Quantum Inc   56.48            Technology  2025-08-04 17.18   2025-08-05 18.3  6.52 
 ACM                              AECOM  156.40          Construction 2025-08-04 111.94  2025-08-05 119.0  6.31 
  AU              Anglogold Ashanti PLC  267.73       Metals & Mining  2025-08-04 53.17  2025-08-05 56.46  6.19 
 ADM          Archer-Daniels-Midland Co  271.41         Food Products  2025-08-04 54.36  2025-08-05 57.62  6.00 
 CDE                   Coeur Mining Inc   59.88       Metals & Mining   2025-08-04 9.21   2025-08-05 9.75  5.86 
COOP                Mr Cooper Group Inc  114.33    Financial Services 2025-08-04 179.14 2025-08-05 189.34  5.69 
IONQ                           IONQ Inc  107.50            Technology  2025-08-04 39.86  2025-08-05 42.02  5.42 
 BLD                      TopBuild Corp  113.78     Consumer products 2025-08-04 387.19 2025-08-05 408.08  5.40 
 PFE                         Pfizer Inc 1393.20       Pharmaceuticals  2025-08-04 23.53  2025-08-05 24.75  5.18 

=== 市值超过100亿的涨幅榜前20名股票 ===
股票代码                公司名称                 市值(亿)            板块                 昨天收盘              今天收盘       涨跌幅(%)
AXON                Axon Enterprise Inc  667.46   Aerospace & Defense 2025-08-04 744.88 2025-08-05 867.12 16.41 
 SYM                       Symbotic Inc  362.08             Machinery  2025-08-04 56.57  2025-08-05 63.21 11.74 
OKLO                           Oklo Inc  115.33             Utilities  2025-08-04 76.41  2025-08-05 84.09 10.05 
PLTR          Palantir Technologies Inc 4114.75            Technology 2025-08-04 160.66 2025-08-05 173.27  7.85 
LDOS                Leidos Holdings Inc  212.59 Professional Services 2025-08-04 160.95 2025-08-05 172.94  7.45 
 RKT               Rocket Companies Inc  354.61    Financial Services  2025-08-04 16.88  2025-08-05 18.03  6.81 
  BR Broadridge Financial Solutions Inc  312.83 Professional Services 2025-08-04 248.46 2025-08-05 265.33  6.79 
 ACM                              AECOM  156.40          Construction 2025-08-04 111.94  2025-08-05 119.0  6.31 
  AU              Anglogold Ashanti PLC  267.73       Metals & Mining  2025-08-04 53.17  2025-08-05 56.46  6.19 
 ADM          Archer-Daniels-Midland Co  271.41         Food Products  2025-08-04 54.36  2025-08-05 57.62  6.00 
COOP                Mr Cooper Group Inc  114.33    Financial Services 2025-08-04 179.14 2025-08-05 189.34  5.69 
IONQ                           IONQ Inc  107.50            Technology  2025-08-04 39.86  2025-08-05 42.02  5.42 
 BLD                      TopBuild Corp  113.78     Consumer products 2025-08-04 387.19 2025-08-05 408.08  5.40 
 PFE                         Pfizer Inc 1393.20       Pharmaceuticals  2025-08-04 23.53  2025-08-05 24.75  5.18 
 PAG        Penske Automotive Group Inc  115.84                Retail  2025-08-04 168.4 2025-08-05 176.92  5.06 
  MP                  MP Materials Corp  118.67       Metals & Mining  2025-08-04 65.42  2025-08-05 68.39  4.54 
 UNH             UnitedHealth Group Inc 2196.09           Health Care 2025-08-04 240.98  2025-08-05 251.0  4.16 
UTHR           United Therapeutics Corp  133.56         Biotechnology 2025-08-04 292.65 2025-08-05 304.81  4.16 
 SMR                 Nuscale Power Corp  129.74  Electrical Equipment  2025-08-04 43.38  2025-08-05 45.13  4.03 
 EHC              Encompass Health Corp  116.34           Health Care  2025-08-04 109.5 2025-08-05 113.88  4.00 

=== 市值超过200亿的涨幅榜前20名股票 ===
 股票代码                公司名称                 市值(亿)              板块                    昨天收盘              今天收盘       涨跌幅(%)
 AXON                Axon Enterprise Inc  667.46        Aerospace & Defense 2025-08-04 744.88 2025-08-05 867.12 16.41 
  SYM                       Symbotic Inc  362.08                  Machinery  2025-08-04 56.57  2025-08-05 63.21 11.74 
 PLTR          Palantir Technologies Inc 4114.75                 Technology 2025-08-04 160.66 2025-08-05 173.27  7.85 
 LDOS                Leidos Holdings Inc  212.59      Professional Services 2025-08-04 160.95 2025-08-05 172.94  7.45 
  RKT               Rocket Companies Inc  354.61         Financial Services  2025-08-04 16.88  2025-08-05 18.03  6.81 
   BR Broadridge Financial Solutions Inc  312.83      Professional Services 2025-08-04 248.46 2025-08-05 265.33  6.79 
   AU              Anglogold Ashanti PLC  267.73            Metals & Mining  2025-08-04 53.17  2025-08-05 56.46  6.19 
  ADM          Archer-Daniels-Midland Co  271.41              Food Products  2025-08-04 54.36  2025-08-05 57.62  6.00 
  PFE                         Pfizer Inc 1393.20            Pharmaceuticals  2025-08-04 23.53  2025-08-05 24.75  5.18 
  UNH             UnitedHealth Group Inc 2196.09                Health Care 2025-08-04 240.98  2025-08-05 251.0  4.16 
 INTC                         Intel Corp  883.94             Semiconductors   2025-08-04 19.5  2025-08-05 20.19  3.54 
  CMI                        Cummins Inc  530.69                  Machinery 2025-08-04 361.59 2025-08-05 373.23  3.22 
  CVS                    CVS Health Corp  785.92                Health Care  2025-08-04 61.45  2025-08-05 63.42  3.21 
  HUM                         Humana Inc  297.04                Health Care 2025-08-04 247.35 2025-08-05 254.47  2.88 
  NEM                Newmont Corporation  735.74            Metals & Mining  2025-08-04 65.42  2025-08-05 67.24  2.78 
  TGT                        Target Corp  455.59                     Retail  2025-08-04 99.79 2025-08-05 102.43  2.65 
  APO       Apollo Global Management Inc  850.44         Financial Services 2025-08-04 142.02 2025-08-05 145.54  2.48 
EADSF                          Airbus SE 1363.92        Aerospace & Defense 2025-08-04 197.28  2025-08-05 202.0  2.39 
   DD              Dupont De Nemours Inc  306.28                  Chemicals  2025-08-04 70.91   2025-08-05 72.6  2.38 
  FDX                         FedEx Corp  512.68 Logistics & Transportation 2025-08-04 217.49 2025-08-05 222.41  2.26 

=== 市值超过1000亿的涨跌榜前20名股票 ===
 股票代码               公司名称               市值(亿)                 板块                      昨天收盘              今天收盘       涨跌幅(%)
 PLTR       Palantir Technologies Inc  4114.75                     Technology 2025-08-04 160.66 2025-08-05 173.27  7.85 
  PFE                      Pfizer Inc  1393.20                Pharmaceuticals  2025-08-04 23.53  2025-08-05 24.75  5.18 
  UNH          UnitedHealth Group Inc  2196.09                    Health Care 2025-08-04 240.98  2025-08-05 251.0  4.16 
EADSF                       Airbus SE  1363.92            Aerospace & Defense 2025-08-04 197.28  2025-08-05 202.0  2.39 
  TXN           Texas Instruments Inc  1685.49                 Semiconductors 2025-08-04 182.73  2025-08-05 185.4  1.46 
 SHOP                     Shopify Inc  1625.29                     Technology 2025-08-04 125.21  2025-08-05 127.0  1.43 
  CVX                    Chevron Corp  3086.34                         Energy 2025-08-04 151.04 2025-08-05 153.04  1.32 
 ORCL                     Oracle Corp  7227.69                     Technology 2025-08-04 252.53 2025-08-05 255.67  1.24 
   HD                  Home Depot Inc  3813.61                         Retail 2025-08-04 380.82 2025-08-05 385.41  1.21 
   MU           Micron Technology Inc  1223.70                 Semiconductors 2025-08-04 107.77 2025-08-05 109.06  1.20 
  MRK                  Merck & Co Inc  2007.57                Pharmaceuticals  2025-08-04 79.86  2025-08-05 80.79  1.16 
   BA                       Boeing Co  1692.89            Aerospace & Defense 2025-08-04 222.34 2025-08-05 224.86  1.13 
 UBER           Uber Technologies Inc  1888.43                    Road & Rail  2025-08-04 88.43  2025-08-05 89.39  1.09 
 AMZN                  Amazon.com Inc 22957.29                         Retail 2025-08-04 211.65 2025-08-05 213.75  0.99 
   MO                Altria Group Inc  1043.04                        Tobacco  2025-08-04 61.94  2025-08-05 62.52  0.94 
  NEE              Nextera Energy Inc  1464.77                      Utilities  2025-08-04 70.53  2025-08-05 71.18  0.92 
   BN                 Brookfield Corp  1109.49             Financial Services  2025-08-04 66.62  2025-08-05 67.18  0.84 
  DHR                    Danaher Corp  1415.92 Life Sciences Tools & Services 2025-08-04 197.46 2025-08-05 199.04  0.80 
   PM Philip Morris International Inc  2540.35                        Tobacco 2025-08-04 162.99 2025-08-05 164.14  0.71 
 ABBV                      AbbVie Inc  3495.71                  Biotechnology 2025-08-04 197.19 2025-08-05 198.55  0.69 
