
=== 涨幅榜前20名股票 ===
股票代码                  公司名称                  市值(亿)                 板块                       昨天收盘             今天收盘       涨跌幅(%)
KAVL    Kaival Brands Innovations Group Inc   0.00                     Distributors   2026-02-24 0.02  2026-02-25 0.03 106.25
LRMR               Larimar Therapeutics Inc   3.16                    Biotechnology   2026-02-24 3.69  2026-02-25 5.95  61.25
CDIO        Cardio Diagnostics Holdings Inc   0.06                    Biotechnology   2026-02-24 3.31  2026-02-25 5.31  60.42
VSME                  VS Media Holdings Ltd   0.04                            Media   2026-02-24 1.21  2026-02-25 1.84  52.07
RYAM        Rayonier Advanced Materials Inc   4.80                        Chemicals   2026-02-24 7.17 2026-02-25 10.23  42.68
 YOU                       Clear Secure Inc  43.97                       Technology  2026-02-24 33.47 2026-02-25 46.51  38.96
NITO                              N2OFF Inc   0.02                        Chemicals   2026-02-24 0.88  2026-02-25 1.22  38.64
RCKY                       Rocky Brands Inc   2.51 Textiles, Apparel & Luxury Goods  2026-02-24 33.49  2026-02-25 46.0  37.35
UPXI                              Upexi Inc   0.42                Consumer products   2026-02-24 0.61  2026-02-25 0.83  35.89
CRCL              Circle Internet Group Inc 144.51                       Technology  2026-02-24 61.37 2026-02-25 83.14  35.47
BDMD  Baird Medical Investment Holdings Ltd   0.67                      Health Care   2026-02-24 1.83  2026-02-25 2.36  28.96
VNRX                         VolitionRX Ltd   0.31                      Health Care   2026-02-24 0.19  2026-02-25 0.24  28.00
NVCR                           Novocure Ltd  13.15                      Health Care  2026-02-24 11.74 2026-02-25 14.99  27.68
 AGL                      agilon health inc   1.63                      Health Care   2026-02-24 0.39   2026-02-25 0.5  26.90
CAVA                         CAVA Group Inc  78.64    Hotels, Restaurants & Leisure   2026-02-24 67.8 2026-02-25 85.67  26.36
RETO                 ReTo Eco-Solutions Inc   0.02                     Construction   2026-02-24 0.67  2026-02-25 0.84  25.34
 CCC CCC Intelligent Solutions Holdings Inc  32.42                       Technology   2026-02-24 5.06  2026-02-25 6.34  25.30
 ECG          Everus Construction Group Inc  53.15                     Construction 2026-02-24 104.21 2026-02-25 130.1  24.84
AREB            American Rebel Holdings Inc   0.02   Commercial Services & Supplies   2026-02-24 0.15  2026-02-25 0.19  24.33
CLDX               Celldex Therapeutics Inc  16.51                    Biotechnology  2026-02-24 24.84 2026-02-25 30.82  24.07

=== 市值超过20亿的涨幅榜前20名股票 ===
 股票代码                  公司名称                  市值(亿)                板块                     昨天收盘              今天收盘        涨跌幅(%)
  YOU                       Clear Secure Inc  43.97                    Technology  2026-02-24 33.47   2026-02-25 46.51 38.96 
 CRCL              Circle Internet Group Inc 144.51                    Technology  2026-02-24 61.37   2026-02-25 83.14 35.47 
 CAVA                         CAVA Group Inc  78.64 Hotels, Restaurants & Leisure   2026-02-24 67.8   2026-02-25 85.67 26.36 
  CCC CCC Intelligent Solutions Holdings Inc  32.42                    Technology   2026-02-24 5.06    2026-02-25 6.34 25.30 
  ECG          Everus Construction Group Inc  53.15                  Construction 2026-02-24 104.21   2026-02-25 130.1 24.84 
 NVTS             Navitas Semiconductor Corp  22.77                Semiconductors   2026-02-24 8.26    2026-02-25 9.88 19.61 
 AXON                    Axon Enterprise Inc 349.19           Aerospace & Defense 2026-02-24 442.51  2026-02-25 520.18 17.55 
 FRMI                              Fermi Inc  61.71                   Real Estate  2026-02-24 10.05   2026-02-25 11.79 17.31 
 AXTI                                AXT Inc  22.65                Semiconductors  2026-02-24 35.08   2026-02-25 40.97 16.79 
 FIGR        Figure Technology Solutions Inc  74.74            Financial Services  2026-02-24 29.75   2026-02-25 34.66 16.50 
 PLAB                         Photronics Inc  22.44                Semiconductors  2026-02-24 37.99   2026-02-25 43.57 14.69 
 REZI               Resideo Technologies Inc  53.48                      Building  2026-02-24 35.72   2026-02-25 40.86 14.39 
  FIG                              Figma Inc 143.19                    Technology  2026-02-24 27.43   2026-02-25 31.24 13.89 
 COIN                    Coinbase Global Inc 427.88            Financial Services 2026-02-24 162.03  2026-02-25 183.94 13.52 
 JAZZ               Jazz Pharmaceuticals PLC 105.63               Pharmaceuticals 2026-02-24 173.83  2026-02-25 196.83 13.23 
 UTHR               United Therapeutics Corp 204.21                 Biotechnology 2026-02-24 473.43   2026-02-25 535.1 13.03 
 NTSK                           Netskope Inc  39.09                    Technology   2026-02-24 9.94   2026-02-25 10.98 10.46 
BESVF         BE Semiconductor Industries NV 151.48                Semiconductors  2026-02-24 218.2  2026-02-25 240.15 10.06 
ADYYF                               Adyen NV 298.75            Financial Services 2026-02-24 1088.0 2026-02-25 1196.59  9.98 
 SLDE           Slide Insurance Holdings Inc  22.09                     Insurance  2026-02-24 17.77   2026-02-25 19.49  9.68 

=== 市值超过50亿的涨幅榜前20名股票 ===
 股票代码               公司名称               市值(亿)                板块                     昨天收盘              今天收盘        涨跌幅(%)
 CRCL       Circle Internet Group Inc  144.51                    Technology  2026-02-24 61.37   2026-02-25 83.14 35.47 
 CAVA                  CAVA Group Inc   78.64 Hotels, Restaurants & Leisure   2026-02-24 67.8   2026-02-25 85.67 26.36 
  ECG   Everus Construction Group Inc   53.15                  Construction 2026-02-24 104.21   2026-02-25 130.1 24.84 
 AXON             Axon Enterprise Inc  349.19           Aerospace & Defense 2026-02-24 442.51  2026-02-25 520.18 17.55 
 FRMI                       Fermi Inc   61.71                   Real Estate  2026-02-24 10.05   2026-02-25 11.79 17.31 
 FIGR Figure Technology Solutions Inc   74.74            Financial Services  2026-02-24 29.75   2026-02-25 34.66 16.50 
 REZI        Resideo Technologies Inc   53.48                      Building  2026-02-24 35.72   2026-02-25 40.86 14.39 
  FIG                       Figma Inc  143.19                    Technology  2026-02-24 27.43   2026-02-25 31.24 13.89 
 COIN             Coinbase Global Inc  427.88            Financial Services 2026-02-24 162.03  2026-02-25 183.94 13.52 
 JAZZ        Jazz Pharmaceuticals PLC  105.63               Pharmaceuticals 2026-02-24 173.83  2026-02-25 196.83 13.23 
 UTHR        United Therapeutics Corp  204.21                 Biotechnology 2026-02-24 473.43   2026-02-25 535.1 13.03 
BESVF  BE Semiconductor Industries NV  151.48                Semiconductors  2026-02-24 218.2  2026-02-25 240.15 10.06 
ADYYF                        Adyen NV  298.75            Financial Services 2026-02-24 1088.0 2026-02-25 1196.59  9.98 
 MSTR                    Strategy Inc  415.89                    Technology 2026-02-24 124.61  2026-02-25 135.65  8.86 
 PSTG                Pure Storage Inc  223.59                    Technology  2026-02-24 67.72   2026-02-25 73.56  8.62 
 SMCI        Super Micro Computer Inc  186.47                    Technology  2026-02-24 31.13    2026-02-25 33.6  7.93 
  APP                   Applovin Corp 1326.83                    Technology 2026-02-24 393.22  2026-02-25 421.63  7.22 
 RGTI           Rigetti Computing Inc   54.39                Semiconductors  2026-02-24 16.48   2026-02-25 17.63  6.98 
 KLAR                Klarna Group PLC   56.40            Financial Services  2026-02-24 14.02   2026-02-25 14.95  6.63 
  STX Seagate Technology Holdings PLC  919.94                    Technology 2026-02-24 396.02  2026-02-25 421.85  6.52 

=== 市值超过100亿的涨幅榜前20名股票 ===
 股票代码               公司名称               市值(亿)           板块                昨天收盘               今天收盘        涨跌幅(%)
 CRCL       Circle Internet Group Inc  144.51          Technology   2026-02-24 61.37   2026-02-25 83.14 35.47 
 AXON             Axon Enterprise Inc  349.19 Aerospace & Defense  2026-02-24 442.51  2026-02-25 520.18 17.55 
  FIG                       Figma Inc  143.19          Technology   2026-02-24 27.43   2026-02-25 31.24 13.89 
 COIN             Coinbase Global Inc  427.88  Financial Services  2026-02-24 162.03  2026-02-25 183.94 13.52 
 JAZZ        Jazz Pharmaceuticals PLC  105.63     Pharmaceuticals  2026-02-24 173.83  2026-02-25 196.83 13.23 
 UTHR        United Therapeutics Corp  204.21       Biotechnology  2026-02-24 473.43   2026-02-25 535.1 13.03 
BESVF  BE Semiconductor Industries NV  151.48      Semiconductors   2026-02-24 218.2  2026-02-25 240.15 10.06 
ADYYF                        Adyen NV  298.75  Financial Services  2026-02-24 1088.0 2026-02-25 1196.59  9.98 
 MSTR                    Strategy Inc  415.89          Technology  2026-02-24 124.61  2026-02-25 135.65  8.86 
 PSTG                Pure Storage Inc  223.59          Technology   2026-02-24 67.72   2026-02-25 73.56  8.62 
 SMCI        Super Micro Computer Inc  186.47          Technology   2026-02-24 31.13    2026-02-25 33.6  7.93 
  APP                   Applovin Corp 1326.83          Technology  2026-02-24 393.22  2026-02-25 421.63  7.22 
  STX Seagate Technology Holdings PLC  919.94          Technology  2026-02-24 396.02  2026-02-25 421.85  6.52 
 INTU                      Intuit Inc 1060.86          Technology  2026-02-24 358.71  2026-02-25 381.23  6.28 
 IONQ                        IONQ Inc  112.02          Technology   2026-02-24 31.62   2026-02-25 33.59  6.23 
 NFLX                     Netflix Inc 3491.73               Media   2026-02-24 78.04    2026-02-25 82.7  5.97 
 FICO                 Fair Isaac Corp  291.22          Technology 2026-02-24 1227.63 2026-02-25 1300.94  5.97 
   AA                      Alcoa Corp  159.03     Metals & Mining   2026-02-24 61.41    2026-02-25 64.9  5.68 
 DDOG                     Datadog Inc  368.31          Technology  2026-02-24 104.43  2026-02-25 110.33  5.65 
 HOOD           Robinhood Markets Inc  661.28  Financial Services   2026-02-24 73.39   2026-02-25 77.53  5.64 

=== 市值超过200亿的涨幅榜前20名股票 ===
 股票代码               公司名称               市值(亿)                板块                     昨天收盘               今天收盘        涨跌幅(%)
 AXON             Axon Enterprise Inc  349.19           Aerospace & Defense  2026-02-24 442.51  2026-02-25 520.18 17.55 
 COIN             Coinbase Global Inc  427.88            Financial Services  2026-02-24 162.03  2026-02-25 183.94 13.52 
 UTHR        United Therapeutics Corp  204.21                 Biotechnology  2026-02-24 473.43   2026-02-25 535.1 13.03 
ADYYF                        Adyen NV  298.75            Financial Services  2026-02-24 1088.0 2026-02-25 1196.59  9.98 
 MSTR                    Strategy Inc  415.89                    Technology  2026-02-24 124.61  2026-02-25 135.65  8.86 
 PSTG                Pure Storage Inc  223.59                    Technology   2026-02-24 67.72   2026-02-25 73.56  8.62 
  APP                   Applovin Corp 1326.83                    Technology  2026-02-24 393.22  2026-02-25 421.63  7.22 
  STX Seagate Technology Holdings PLC  919.94                    Technology  2026-02-24 396.02  2026-02-25 421.85  6.52 
 INTU                      Intuit Inc 1060.86                    Technology  2026-02-24 358.71  2026-02-25 381.23  6.28 
 NFLX                     Netflix Inc 3491.73                         Media   2026-02-24 78.04    2026-02-25 82.7  5.97 
 FICO                 Fair Isaac Corp  291.22                    Technology 2026-02-24 1227.63 2026-02-25 1300.94  5.97 
 DDOG                     Datadog Inc  368.31                    Technology  2026-02-24 104.43  2026-02-25 110.33  5.65 
 HOOD           Robinhood Markets Inc  661.28            Financial Services   2026-02-24 73.39   2026-02-25 77.53  5.64 
ENGQF                        Engie SA  642.17                     Utilities   2026-02-24 31.96   2026-02-25 33.76  5.63 
 RDDT                      Reddit Inc  271.42                         Media  2026-02-24 142.08  2026-02-25 149.67  5.34 
 DASH                    DoorDash Inc  714.32 Hotels, Restaurants & Leisure  2026-02-24 164.38  2026-02-25 173.06  5.28 
   BE               Bloom Energy Corp  466.27          Electrical Equipment   2026-02-24 166.2  2026-02-25 174.77  5.16 
   FN                        Fabrinet  209.89          Electrical Equipment  2026-02-24 585.87  2026-02-25 615.99  5.14 
 COHR                   Coherent Corp  477.82          Electrical Equipment  2026-02-24 254.86   2026-02-25 267.9  5.12 
 LITE           Lumentum Holdings Inc  516.50                Communications  2026-02-24 688.27  2026-02-25 723.39  5.10 

=== 市值超过1000亿的涨跌榜前20名股票 ===
 股票代码                 公司名称                  市值(亿)           板块                昨天收盘               今天收盘        涨跌幅(%)
  APP                        Applovin Corp  1326.83         Technology  2026-02-24 393.22  2026-02-25 421.63  7.22 
 INTU                           Intuit Inc  1060.86         Technology  2026-02-24 358.71  2026-02-25 381.23  6.28 
 NFLX                          Netflix Inc  3491.73              Media   2026-02-24 78.04    2026-02-25 82.7  5.97 
  COF           Capital One Financial Corp  1222.47 Financial Services  2026-02-24 196.56  2026-02-25 205.79  4.70 
 AMAT                Applied Materials Inc  2999.29     Semiconductors  2026-02-24 377.93  2026-02-25 394.95  4.50 
    C                        Citigroup Inc  1916.55            Banking  2026-02-24 109.56  2026-02-25 114.34  4.36 
  CEG            Constellation Energy Corp  1132.87          Utilities  2026-02-24 312.64  2026-02-25 325.84  4.22 
 PLTR            Palantir Technologies Inc  3209.39         Technology  2026-02-24 128.84  2026-02-25 134.19  4.15 
  UNH               UnitedHealth Group Inc  2481.54        Health Care  2026-02-24 273.95   2026-02-25 284.2  3.74 
  IBM International Business Machines Corp  2143.53         Technology  2026-02-24 229.32  2026-02-25 237.54  3.58 
  CRM                       Salesforce Inc  1737.39         Technology  2026-02-24 185.42  2026-02-25 191.75  3.41 
 ANET                  Arista Networks Inc  1669.81     Communications  2026-02-24 128.77  2026-02-25 132.89  3.20 
ASMLF                      ASML Holding NV  4771.75     Semiconductors 2026-02-24 1478.92  2026-02-25 1525.0  3.12 
 MSFT                       Microsoft Corp 28885.70         Technology   2026-02-24 389.0   2026-02-25 400.6  2.98 
   MS                       Morgan Stanley  2680.15 Financial Services  2026-02-24 168.79  2026-02-25 173.73  2.93 
 SHOP                          Shopify Inc  1524.90         Technology  2026-02-24 116.93  2026-02-25 120.31  2.89 
LRLCF                           L'Oreal SA  2114.27  Consumer products  2026-02-24 466.92   2026-02-25 480.0  2.80 
  HCA                   HCA Healthcare Inc  1177.42        Health Care  2026-02-24 526.52  2026-02-25 540.57  2.67 
 KLAC                             KLA Corp  1974.87     Semiconductors 2026-02-24 1506.65 2026-02-25 1546.68  2.66 
   MU                Micron Technology Inc  4828.43     Semiconductors  2026-02-24 418.01   2026-02-25 429.0  2.63 
