
=== 涨幅榜前20名股票 ===
 股票代码                公司名称               市值(亿)                 板块                       昨天收盘              今天收盘       涨跌幅(%)
 BRLS                Borealis Foods Inc   0.24                    Food Products   2026-04-28 1.13   2026-04-29 1.89 67.26 
 SMNR        Semnur Pharmaceuticals Inc  11.51                  Pharmaceuticals    2026-04-28 5.0    2026-04-29 8.0 60.00 
 INHD                 Inno Holdings Inc   0.01                  Metals & Mining   2026-04-28 0.08   2026-04-29 0.12 50.00 
 AKAN                       Akanda Corp   0.09                  Pharmaceuticals  2026-04-28 17.49  2026-04-29 25.99 48.60 
 RPGL          Republic Power Group Ltd   0.44                       Technology    2026-04-28 1.0   2026-04-29 1.43 43.00 
 KALV      Kalvista Pharmaceuticals Inc   9.86                    Biotechnology  2026-04-28 19.24  2026-04-29 26.67 38.62 
 FCEL               Fuelcell Energy Inc   5.27             Electrical Equipment   2026-04-28 9.94  2026-04-29 13.64 37.22 
 UBXG               U-BX Technology Ltd   0.37                       Technology   2026-04-28 0.98    2026-04-29 1.3 32.65 
AZLGF                   Azelis Group NV  27.57 Trading Companies & Distributors  2026-04-28 10.02  2026-04-29 13.09 30.64 
 JLHL                Julong Holding Ltd   2.30                     Construction  2026-04-28 10.74  2026-04-29 13.96 29.98 
  MXL                     Maxlinear Inc  60.46                   Semiconductors  2026-04-28 52.01  2026-04-29 67.52 29.82 
 COCO             Vita Coco Company Inc  29.47                        Beverages  2026-04-28 51.63  2026-04-29 66.95 29.67 
 PAPL           Pineapple Financial Inc   0.35               Financial Services   2026-04-28 1.35   2026-04-29 1.73 28.15 
 EXTR              Extreme Networks Inc  22.89                   Communications  2026-04-28 17.05  2026-04-29 21.85 28.15 
 SAGT                 Sagtec Global Ltd   0.27                       Technology    2026-04-28 1.7   2026-04-29 2.17 27.65 
   BE                 Bloom Energy Corp 643.88             Electrical Equipment 2026-04-28 226.37 2026-04-29 287.97 27.21 
 HSPT Horizon Space Acquisition II Corp   0.46                              N/A    2026-04-28 7.9  2026-04-29 10.01 26.71 
 PLAG        Planet Green Holdings Corp   0.21                    Food Products   2026-04-28 1.47   2026-04-29 1.86 26.53 
 ILLR                 Triller Group Inc   0.37               Financial Services   2026-04-28 0.19   2026-04-29 0.24 26.05 
 NXPI             NXP Semiconductors NV 582.18                   Semiconductors 2026-04-28 230.39 2026-04-29 289.25 25.55 

=== 市值超过20亿的涨幅榜前20名股票 ===
 股票代码               公司名称               市值(亿)                 板块                       昨天收盘              今天收盘       涨跌幅(%)
AZLGF                 Azelis Group NV   27.57 Trading Companies & Distributors  2026-04-28 10.02  2026-04-29 13.09 30.64 
  MXL                   Maxlinear Inc   60.46                   Semiconductors  2026-04-28 52.01  2026-04-29 67.52 29.82 
 COCO           Vita Coco Company Inc   29.47                        Beverages  2026-04-28 51.63  2026-04-29 66.95 29.67 
 EXTR            Extreme Networks Inc   22.89                   Communications  2026-04-28 17.05  2026-04-29 21.85 28.15 
   BE               Bloom Energy Corp  643.88             Electrical Equipment 2026-04-28 226.37 2026-04-29 287.97 27.21 
 NXPI           NXP Semiconductors NV  582.18                   Semiconductors 2026-04-28 230.39 2026-04-29 289.25 25.55 
 CHEF            Chefs' Warehouse Inc   26.20                           Retail  2026-04-28 64.24   2026-04-29 75.7 17.84 
  RSI     Rush Street Interactive Inc   55.90    Hotels, Restaurants & Leisure   2026-04-28 24.0  2026-04-29 27.98 16.58 
 GNRC            Generac Holdings Inc  127.40             Electrical Equipment 2026-04-28 217.12 2026-04-29 252.92 16.49 
SLOIF                       Soitec SA   35.32                   Semiconductors 2026-04-28 115.35 2026-04-29 132.07 14.50 
  EAT       Brinker International Inc   56.24    Hotels, Restaurants & Leisure 2026-04-28 129.14  2026-04-29 147.8 14.45 
   DK           Delek US Holdings Inc   24.55                           Energy  2026-04-28 41.04  2026-04-29 46.67 13.72 
 ICLR                        ICON PLC   78.26   Life Sciences Tools & Services 2026-04-28 102.49 2026-04-29 116.17 13.35 
 PLUG                  Plug Power Inc   42.24             Electrical Equipment   2026-04-28 3.03   2026-04-29 3.41 12.54 
 INTC                      Intel Corp 4247.98                   Semiconductors  2026-04-28 84.52  2026-04-29 94.75 12.10 
 AAOI     Applied Optoelectronics Inc  108.36                   Communications 2026-04-28 137.26 2026-04-29 152.83 11.34 
  STX Seagate Technology Holdings PLC 1262.71                       Technology 2026-04-28 579.03  2026-04-29 643.3 11.10 
 ETSY                        ETSY Inc   60.84                           Retail  2026-04-28 63.21   2026-04-29 69.6 10.11 
  ESI           Element Solutions Inc   94.49                        Chemicals  2026-04-28 38.78  2026-04-29 42.56  9.75 
  CNC                    Centene Corp  243.77                      Health Care  2026-04-28 49.57  2026-04-29 53.98  8.90 

=== 市值超过50亿的涨幅榜前20名股票 ===
股票代码               公司名称               市值(亿)                板块                      昨天收盘              今天收盘       涨跌幅(%)
 MXL                   Maxlinear Inc   60.46                 Semiconductors  2026-04-28 52.01  2026-04-29 67.52 29.82 
  BE               Bloom Energy Corp  643.88           Electrical Equipment 2026-04-28 226.37 2026-04-29 287.97 27.21 
NXPI           NXP Semiconductors NV  582.18                 Semiconductors 2026-04-28 230.39 2026-04-29 289.25 25.55 
 RSI     Rush Street Interactive Inc   55.90  Hotels, Restaurants & Leisure   2026-04-28 24.0  2026-04-29 27.98 16.58 
GNRC            Generac Holdings Inc  127.40           Electrical Equipment 2026-04-28 217.12 2026-04-29 252.92 16.49 
 EAT       Brinker International Inc   56.24  Hotels, Restaurants & Leisure 2026-04-28 129.14  2026-04-29 147.8 14.45 
ICLR                        ICON PLC   78.26 Life Sciences Tools & Services 2026-04-28 102.49 2026-04-29 116.17 13.35 
INTC                      Intel Corp 4247.98                 Semiconductors  2026-04-28 84.52  2026-04-29 94.75 12.10 
AAOI     Applied Optoelectronics Inc  108.36                 Communications 2026-04-28 137.26 2026-04-29 152.83 11.34 
 STX Seagate Technology Holdings PLC 1262.71                     Technology 2026-04-28 579.03  2026-04-29 643.3 11.10 
ETSY                        ETSY Inc   60.84                         Retail  2026-04-28 63.21   2026-04-29 69.6 10.11 
 ESI           Element Solutions Inc   94.49                      Chemicals  2026-04-28 38.78  2026-04-29 42.56  9.75 
 CNC                    Centene Corp  243.77                    Health Care  2026-04-28 49.57  2026-04-29 53.98  8.90 
 FSS             Federal Signal Corp   68.04                      Machinery 2026-04-28 111.74 2026-04-29 121.48  8.72 
LITE           Lumentum Holdings Inc  565.04                 Communications 2026-04-28 791.37 2026-04-29 858.32  8.46 
SBUX                  Starbucks Corp 1108.31  Hotels, Restaurants & Leisure  2026-04-28 97.28  2026-04-29 105.5  8.45 
   V                        Visa Inc 5895.29             Financial Services  2026-04-28 309.3 2026-04-29 334.86  8.26 
  VG              Venture Global Inc  302.00                         Energy  2026-04-28 12.16  2026-04-29 13.16  8.22 
FFIV                          F5 Inc  171.70                 Communications 2026-04-28 303.79 2026-04-29 328.15  8.02 
  GD           General Dynamics Corp  849.59            Aerospace & Defense 2026-04-28 313.68 2026-04-29 338.73  7.99 

=== 市值超过100亿的涨幅榜前20名股票 ===
 股票代码               公司名称               市值(亿)                板块                     昨天收盘               今天收盘        涨跌幅(%)
   BE               Bloom Energy Corp  643.88          Electrical Equipment  2026-04-28 226.37  2026-04-29 287.97 27.21 
 NXPI           NXP Semiconductors NV  582.18                Semiconductors  2026-04-28 230.39  2026-04-29 289.25 25.55 
 GNRC            Generac Holdings Inc  127.40          Electrical Equipment  2026-04-28 217.12  2026-04-29 252.92 16.49 
 INTC                      Intel Corp 4247.98                Semiconductors   2026-04-28 84.52   2026-04-29 94.75 12.10 
 AAOI     Applied Optoelectronics Inc  108.36                Communications  2026-04-28 137.26  2026-04-29 152.83 11.34 
  STX Seagate Technology Holdings PLC 1262.71                    Technology  2026-04-28 579.03   2026-04-29 643.3 11.10 
  CNC                    Centene Corp  243.77                   Health Care   2026-04-28 49.57   2026-04-29 53.98  8.90 
 LITE           Lumentum Holdings Inc  565.04                Communications  2026-04-28 791.37  2026-04-29 858.32  8.46 
 SBUX                  Starbucks Corp 1108.31 Hotels, Restaurants & Leisure   2026-04-28 97.28   2026-04-29 105.5  8.45 
    V                        Visa Inc 5895.29            Financial Services   2026-04-28 309.3  2026-04-29 334.86  8.26 
   VG              Venture Global Inc  302.00                        Energy   2026-04-28 12.16   2026-04-29 13.16  8.22 
 FFIV                          F5 Inc  171.70                Communications  2026-04-28 303.79  2026-04-29 328.15  8.02 
   GD           General Dynamics Corp  849.59           Aerospace & Defense  2026-04-28 313.68  2026-04-29 338.73  7.99 
  ADP   Automatic Data Processing Inc  801.95         Professional Services  2026-04-28 199.17  2026-04-29 215.06  7.98 
 ALAB                 Astera Labs Inc  312.02                Semiconductors  2026-04-28 183.31  2026-04-29 196.85  7.39 
 MCHP        Microchip Technology Inc  455.96                Semiconductors   2026-04-28 84.26   2026-04-29 90.17  7.01 
 VRSK            Verisk Analytics Inc  231.43         Professional Services  2026-04-28 176.66  2026-04-29 188.19  6.53 
NIOIF                         NIO Inc  143.26                   Automobiles    2026-04-28 6.11     2026-04-29 6.5  6.38 
  PAG     Penske Automotive Group Inc  106.22                        Retail  2026-04-28 161.55  2026-04-29 171.66  6.26 
 SNDK                    Sandisk Corp 1479.48                    Technology 2026-04-28 1002.35 2026-04-29 1064.21  6.17 

=== 市值超过200亿的涨幅榜前20名股票 ===
股票代码                公司名称                 市值(亿)                板块                     昨天收盘               今天收盘        涨跌幅(%)
  BE                  Bloom Energy Corp  643.88          Electrical Equipment  2026-04-28 226.37  2026-04-29 287.97 27.21 
NXPI              NXP Semiconductors NV  582.18                Semiconductors  2026-04-28 230.39  2026-04-29 289.25 25.55 
INTC                         Intel Corp 4247.98                Semiconductors   2026-04-28 84.52   2026-04-29 94.75 12.10 
 STX    Seagate Technology Holdings PLC 1262.71                    Technology  2026-04-28 579.03   2026-04-29 643.3 11.10 
 CNC                       Centene Corp  243.77                   Health Care   2026-04-28 49.57   2026-04-29 53.98  8.90 
LITE              Lumentum Holdings Inc  565.04                Communications  2026-04-28 791.37  2026-04-29 858.32  8.46 
SBUX                     Starbucks Corp 1108.31 Hotels, Restaurants & Leisure   2026-04-28 97.28   2026-04-29 105.5  8.45 
   V                           Visa Inc 5895.29            Financial Services   2026-04-28 309.3  2026-04-29 334.86  8.26 
  VG                 Venture Global Inc  302.00                        Energy   2026-04-28 12.16   2026-04-29 13.16  8.22 
  GD              General Dynamics Corp  849.59           Aerospace & Defense  2026-04-28 313.68  2026-04-29 338.73  7.99 
 ADP      Automatic Data Processing Inc  801.95         Professional Services  2026-04-28 199.17  2026-04-29 215.06  7.98 
ALAB                    Astera Labs Inc  312.02                Semiconductors  2026-04-28 183.31  2026-04-29 196.85  7.39 
MCHP           Microchip Technology Inc  455.96                Semiconductors   2026-04-28 84.26   2026-04-29 90.17  7.01 
VRSK               Verisk Analytics Inc  231.43         Professional Services  2026-04-28 176.66  2026-04-29 188.19  6.53 
SNDK                       Sandisk Corp 1479.48                    Technology 2026-04-28 1002.35 2026-04-29 1064.21  6.17 
TMUS                    T-Mobile US Inc 2057.40             Telecommunication  2026-04-28 186.72  2026-04-29 198.17  6.13 
BIIB                         Biogen Inc  269.13                 Biotechnology  2026-04-28 183.38  2026-04-29 194.38  6.00 
  ON              ON Semiconductor Corp  366.97                Semiconductors    2026-04-28 93.3   2026-04-29 98.86  5.96 
CRDO Credo Technology Group Holding Ltd  306.04                Semiconductors  2026-04-28 165.92  2026-04-29 175.77  5.94 
 HUM                         Humana Inc  275.79                   Health Care  2026-04-28 229.72  2026-04-29 243.12  5.83 

=== 市值超过1000亿的涨跌榜前20名股票 ===
 股票代码               公司名称               市值(亿)                板块                     昨天收盘               今天收盘        涨跌幅(%)
 INTC                      Intel Corp 4247.98                Semiconductors   2026-04-28 84.52   2026-04-29 94.75 12.10 
  STX Seagate Technology Holdings PLC 1262.71                    Technology  2026-04-28 579.03   2026-04-29 643.3 11.10 
 SBUX                  Starbucks Corp 1108.31 Hotels, Restaurants & Leisure   2026-04-28 97.28   2026-04-29 105.5  8.45 
    V                        Visa Inc 5895.29            Financial Services   2026-04-28 309.3  2026-04-29 334.86  8.26 
 SNDK                    Sandisk Corp 1479.48                    Technology 2026-04-28 1002.35 2026-04-29 1064.21  6.17 
 TMUS                 T-Mobile US Inc 2057.40             Telecommunication  2026-04-28 186.72  2026-04-29 198.17  6.13 
EADSF                       Airbus SE 1307.59           Aerospace & Defense   2026-04-28 192.0   2026-04-29 202.6  5.52 
  AMD      Advanced Micro Devices Inc 5269.42                Semiconductors  2026-04-28 323.21  2026-04-29 337.11  4.30 
 QCOM                    Qualcomm Inc 1600.50                Semiconductors   2026-04-28 150.0   2026-04-29 156.0  4.00 
  CVS                 CVS Health Corp 1037.84                   Health Care   2026-04-28 80.98    2026-04-29 83.9  3.61 
   MA                  Mastercard Inc 4684.07            Financial Services  2026-04-28 507.62  2026-04-29 525.23  3.47 
  APH                   Amphenol Corp 1766.94          Electrical Equipment  2026-04-28 143.72  2026-04-29 148.38  3.24 
  COP                  ConocoPhillips 1515.28                        Energy  2026-04-28 124.32  2026-04-29 128.25  3.16 
 ABBV                      AbbVie Inc 3496.67                 Biotechnology  2026-04-28 197.69  2026-04-29 203.89  3.14 
 CSCO               Cisco Systems Inc 3430.88                Communications   2026-04-28 86.86   2026-04-29 89.57  3.12 
   MU           Micron Technology Inc 5687.05                Semiconductors  2026-04-28 504.29  2026-04-29 518.46  2.81 
  XOM                Exxon Mobil Corp 6203.25                        Energy  2026-04-28 150.56  2026-04-29 154.67  2.73 
 MRVL          Marvell Technology Inc 1369.14                Semiconductors  2026-04-28 153.23  2026-04-29 156.57  2.18 
 ANET             Arista Networks Inc 2123.97                Communications  2026-04-28 165.29  2026-04-29 168.68  2.05 
  CVX                    Chevron Corp 3758.51                        Energy  2026-04-28 188.36  2026-04-29 192.22  2.05 
