
=== 涨幅榜前20名股票 ===
 股票代码               公司名称               市值(亿)               板块                     昨天收盘             今天收盘       涨跌幅(%)
 CREG                Smart Powerr Corp  0.05 Commercial Services & Supplies   2026-05-13 0.2  2026-05-14 0.71 257.15
 LESL                     Leslie's Inc  0.13                         Retail  2026-05-13 1.43   2026-05-14 3.5 144.76
 QUCY                  Mainz Biomed NV  0.17                  Biotechnology  2026-05-13 1.34   2026-05-14 3.0 123.88
 YMAT            J-Star Holding Co Ltd  0.05               Leisure Products  2026-05-13 0.85  2026-05-14 1.87 118.97
 AIIO                      Robo.ai Inc  0.51                    Automobiles  2026-05-13 2.61  2026-05-14 5.64 116.09
 SNAL                        Snail Inc  0.21                          Media   2026-05-13 0.5  2026-05-14 1.08 115.14
 MOBX                 MOBIX LABS, INC.  0.19                 Semiconductors  2026-05-13 1.74  2026-05-14 3.11  78.74
 YOOV Concorde International Group Ltd  3.97 Commercial Services & Supplies  2026-05-13 0.69  2026-05-14 1.22  76.05
 ZSPC                     zSpace, Inc.  0.03  Diversified Consumer Services  2026-05-13 0.15  2026-05-14 0.24  60.00
IPHYF                 Innate Pharma SA  1.15                  Biotechnology   2026-05-13 1.5  2026-05-14 2.25  50.00
 POET            POET Technologies Inc 21.97                 Semiconductors 2026-05-13 14.37 2026-05-14 20.57  43.15
 ALUR        Allurion Technologies Inc  0.10  Diversified Consumer Services   2026-05-13 0.7  2026-05-14 0.99  41.43
 ATYR                  aTyr Pharma Inc  0.39                  Biotechnology   2026-05-13 0.4  2026-05-14 0.56  41.39
 GTBP                 GT Biopharma Inc  0.10                  Biotechnology  2026-05-13 0.31  2026-05-14 0.44  40.22
 TVGN         Tevogen Bio Holdings Inc  0.28                  Biotechnology  2026-05-13 6.77  2026-05-14 9.42  39.14
 IPST         IP Strategy Holdings Inc  0.03                      Beverages   2026-05-13 5.8  2026-05-14 8.06  38.97
 FENC       Fennec Pharmaceuticals Inc  2.34                  Biotechnology  2026-05-13 6.77  2026-05-14 9.24  36.48
FATAQ                   FAT Brands Inc  0.02  Hotels, Restaurants & Leisure  2026-05-13 0.02  2026-05-14 0.02  35.29
  TBH          Brag House Holdings Inc  0.15                          Media  2026-05-13 0.64  2026-05-14 0.86  33.59
 FCHL      Fitness Champs Holdings Ltd  0.03  Diversified Consumer Services  2026-05-13 2.03  2026-05-14 2.68  32.02

=== 市值超过20亿的涨幅榜前20名股票 ===
股票代码                   公司名称                    市值(亿)           板块                 昨天收盘              今天收盘       涨跌幅(%)
POET                    POET Technologies Inc   21.97       Semiconductors  2026-05-13 14.37  2026-05-14 20.57 43.15 
ONDS                                Ondas Inc   42.98       Communications   2026-05-13 8.86  2026-05-14 11.21 26.52 
FRMI                                Fermi Inc   38.25          Real Estate    2026-05-13 6.0   2026-05-14 7.37 22.83 
KLAR                         Klarna Group PLC   51.68   Financial Services  2026-05-13 13.69  2026-05-14 16.47 20.31 
 CPA                         Copa Holdings SA   47.28             Airlines 2026-05-13 114.92 2026-05-14 135.51 17.92 
SEDG               Solaredge Technologies Inc   26.01       Semiconductors  2026-05-13 42.77  2026-05-14 50.24 17.47 
 ARX                      Accelerant Holdings   28.07            Insurance  2026-05-13 12.53  2026-05-14 14.61 16.60 
ENPH                       Enphase Energy Inc   55.36       Semiconductors   2026-05-13 42.0  2026-05-14 48.01 14.31 
SNDR                   Schneider National Inc   51.08          Road & Rail  2026-05-13 29.17  2026-05-14 33.21 13.85 
 KNX Knight-Swift Transportation Holdings Inc   97.12          Road & Rail  2026-05-13 59.77  2026-05-14 68.03 13.82 
STUB                    Stubhub Holdings, Inc   26.83                Media   2026-05-13 7.52   2026-05-14 8.55 13.70 
CSCO                        Cisco Systems Inc 4023.76       Communications 2026-05-13 101.87 2026-05-14 115.53 13.41 
SAIL                            SailPoint Inc   66.99           Technology  2026-05-13 11.81  2026-05-14 13.18 11.60 
BTDR               Bitdeer Technologies Group   31.87           Technology  2026-05-13 13.22  2026-05-14 14.75 11.57 
KEEL                 Keel Infrastructure Corp   25.06           Technology   2026-05-13 4.15   2026-05-14 4.61 11.08 
ASTS                      AST SpaceMobile Inc  290.36    Telecommunication  2026-05-13 74.81  2026-05-14 83.01 10.96 
NVMI                                 Nova Ltd  160.07       Semiconductors 2026-05-13 503.65 2026-05-14 556.11 10.42 
 FPS             Forgent Power Solutions, Inc  138.58 Electrical Equipment  2026-05-13 45.52  2026-05-14 50.19 10.26 
UPST                     Upstart Holdings Inc   25.83   Financial Services  2026-05-13 26.99  2026-05-14 29.71 10.08 
LUMN                   Lumen Technologies Inc   96.85    Telecommunication    2026-05-13 9.4  2026-05-14 10.34 10.00 

=== 市值超过50亿的涨幅榜前20名股票 ===
 股票代码                   公司名称                    市值(亿)                板块                     昨天收盘              今天收盘       涨跌幅(%)
 KLAR                         Klarna Group PLC   51.68            Financial Services  2026-05-13 13.69  2026-05-14 16.47 20.31 
 ENPH                       Enphase Energy Inc   55.36                Semiconductors   2026-05-13 42.0  2026-05-14 48.01 14.31 
 SNDR                   Schneider National Inc   51.08                   Road & Rail  2026-05-13 29.17  2026-05-14 33.21 13.85 
  KNX Knight-Swift Transportation Holdings Inc   97.12                   Road & Rail  2026-05-13 59.77  2026-05-14 68.03 13.82 
 CSCO                        Cisco Systems Inc 4023.76                Communications 2026-05-13 101.87 2026-05-14 115.53 13.41 
 SAIL                            SailPoint Inc   66.99                    Technology  2026-05-13 11.81  2026-05-14 13.18 11.60 
 ASTS                      AST SpaceMobile Inc  290.36             Telecommunication  2026-05-13 74.81  2026-05-14 83.01 10.96 
 NVMI                                 Nova Ltd  160.07                Semiconductors 2026-05-13 503.65 2026-05-14 556.11 10.42 
  FPS             Forgent Power Solutions, Inc  138.58          Electrical Equipment  2026-05-13 45.52  2026-05-14 50.19 10.26 
 LUMN                   Lumen Technologies Inc   96.85             Telecommunication    2026-05-13 9.4  2026-05-14 10.34 10.00 
 VSNT                  Versant Media Group Inc   59.83                         Media  2026-05-13 40.44  2026-05-14 44.43  9.87 
LLYVB                        Formula One Group  228.02                         Media  2026-05-13 91.14  2026-05-14 99.06  8.69 
 CELC                             Celcuity Inc   60.16                 Biotechnology 2026-05-13 124.47 2026-05-14 134.72  8.23 
  EAT                Brinker International Inc   54.19 Hotels, Restaurants & Leisure 2026-05-13 126.36 2026-05-14 136.75  8.22 
  FLY                    Firefly Aerospace Inc   63.08           Aerospace & Defense  2026-05-13 39.37  2026-05-14 42.38  7.65 
   FN                                 Fabrinet  249.40          Electrical Equipment 2026-05-13 696.07 2026-05-14 746.47  7.24 
 JBHT          J B Hunt Transport Services Inc  224.24                   Road & Rail  2026-05-13 237.8 2026-05-14 254.66  7.09 
  APP                            Applovin Corp 1525.05                    Technology 2026-05-13 453.53 2026-05-14 485.16  6.97 
   DT                            Dynatrace Inc  103.58                    Technology  2026-05-13 34.73  2026-05-14 37.12  6.88 
  FIG                                Figma Inc   99.41                    Technology  2026-05-13 18.94  2026-05-14 20.24  6.86 

=== 市值超过100亿的涨幅榜前20名股票 ===
 股票代码               公司名称               市值(亿)                板块                     昨天收盘              今天收盘       涨跌幅(%)
 CSCO               Cisco Systems Inc 4023.76                Communications 2026-05-13 101.87 2026-05-14 115.53 13.41 
 ASTS             AST SpaceMobile Inc  290.36             Telecommunication  2026-05-13 74.81  2026-05-14 83.01 10.96 
 NVMI                        Nova Ltd  160.07                Semiconductors 2026-05-13 503.65 2026-05-14 556.11 10.42 
  FPS    Forgent Power Solutions, Inc  138.58          Electrical Equipment  2026-05-13 45.52  2026-05-14 50.19 10.26 
LLYVB               Formula One Group  228.02                         Media  2026-05-13 91.14  2026-05-14 99.06  8.69 
   FN                        Fabrinet  249.40          Electrical Equipment 2026-05-13 696.07 2026-05-14 746.47  7.24 
 JBHT J B Hunt Transport Services Inc  224.24                   Road & Rail  2026-05-13 237.8 2026-05-14 254.66  7.09 
  APP                   Applovin Corp 1525.05                    Technology 2026-05-13 453.53 2026-05-14 485.16  6.97 
   DT                   Dynatrace Inc  103.58                    Technology  2026-05-13 34.73  2026-05-14 37.12  6.88 
 RKLB                 Rocket Lab Corp  718.52           Aerospace & Defense 2026-05-13 124.15 2026-05-14 132.55  6.77 
    F                   Ford Motor Co  540.72                   Automobiles  2026-05-13 13.57  2026-05-14 14.48  6.71 
 NBIS                 Nebius Group NV  521.72                    Technology 2026-05-13 207.27 2026-05-14 221.15  6.70 
 SAIA                        Saia Inc  115.06                   Road & Rail 2026-05-13 431.42 2026-05-14 459.29  6.46 
  HPE   Hewlett Packard Enterprise Co  425.52                    Technology  2026-05-13 32.07  2026-05-14 34.13  6.42 
 AFRM             Affirm Holdings Inc  211.57            Financial Services  2026-05-13 63.53  2026-05-14 67.57  6.36 
 APTV                       APTIV PLC  114.72               Auto Components  2026-05-13 54.21  2026-05-14 57.56  6.18 
 IREN                        IREN Ltd  196.88                    Technology  2026-05-13 55.17   2026-05-14 58.4  5.85 
   PL                 Planet Labs PBC  141.02         Professional Services  2026-05-13 40.74  2026-05-14 43.04  5.65 
 RBRK                      Rubrik Inc  122.42                    Technology  2026-05-13 59.48   2026-05-14 62.8  5.58 
  VIK   Viking Holdings Ltd(Pembroke)  368.53 Hotels, Restaurants & Leisure  2026-05-13 82.17  2026-05-14 86.72  5.54 

=== 市值超过200亿的涨幅榜前20名股票 ===
 股票代码               公司名称               市值(亿)                 板块                     昨天收盘              今天收盘       涨跌幅(%)
 CSCO               Cisco Systems Inc  4023.76                Communications 2026-05-13 101.87 2026-05-14 115.53 13.41 
 ASTS             AST SpaceMobile Inc   290.36             Telecommunication  2026-05-13 74.81  2026-05-14 83.01 10.96 
LLYVB               Formula One Group   228.02                         Media  2026-05-13 91.14  2026-05-14 99.06  8.69 
   FN                        Fabrinet   249.40          Electrical Equipment 2026-05-13 696.07 2026-05-14 746.47  7.24 
 JBHT J B Hunt Transport Services Inc   224.24                   Road & Rail  2026-05-13 237.8 2026-05-14 254.66  7.09 
  APP                   Applovin Corp  1525.05                    Technology 2026-05-13 453.53 2026-05-14 485.16  6.97 
 RKLB                 Rocket Lab Corp   718.52           Aerospace & Defense 2026-05-13 124.15 2026-05-14 132.55  6.77 
    F                   Ford Motor Co   540.72                   Automobiles  2026-05-13 13.57  2026-05-14 14.48  6.71 
 NBIS                 Nebius Group NV   521.72                    Technology 2026-05-13 207.27 2026-05-14 221.15  6.70 
  HPE   Hewlett Packard Enterprise Co   425.52                    Technology  2026-05-13 32.07  2026-05-14 34.13  6.42 
 AFRM             Affirm Holdings Inc   211.57            Financial Services  2026-05-13 63.53  2026-05-14 67.57  6.36 
  VIK   Viking Holdings Ltd(Pembroke)   368.53 Hotels, Restaurants & Leisure  2026-05-13 82.17  2026-05-14 86.72  5.54 
 AVGO                    Broadcom Inc 19733.62                Semiconductors 2026-05-13 416.79 2026-05-14 439.79  5.52 
   BN                 Brookfield Corp  1008.76            Financial Services  2026-05-13 45.09  2026-05-14 47.53  5.41 
 HOOD           Robinhood Markets Inc   691.75            Financial Services  2026-05-13 76.75   2026-05-14 80.7  5.15 
 ODFL   Old Dominion Freight Line Inc   393.43                   Road & Rail 2026-05-13 189.18 2026-05-14 198.81  5.09 
 ANET             Arista Networks Inc  1771.57                Communications 2026-05-13 140.69 2026-05-14 147.81  5.06 
 COIN             Coinbase Global Inc   548.33            Financial Services  2026-05-13 201.8 2026-05-14 212.01  5.06 
 MSTR                    Strategy Inc   623.90                    Technology 2026-05-13 178.03 2026-05-14 186.97  5.02 
  TKO          TKO Group Holdings Inc   351.10                         Media  2026-05-13 183.7  2026-05-14 192.5  4.79 

=== 市值超过1000亿的涨跌榜前20名股票 ===
 股票代码               公司名称               市值(亿)            板块                 昨天收盘               今天收盘        涨跌幅(%)
 CSCO               Cisco Systems Inc  4023.76       Communications  2026-05-13 101.87  2026-05-14 115.53 13.41 
  APP                   Applovin Corp  1525.05           Technology  2026-05-13 453.53  2026-05-14 485.16  6.97 
 AVGO                    Broadcom Inc 19733.62       Semiconductors  2026-05-13 416.79  2026-05-14 439.79  5.52 
   BN                 Brookfield Corp  1008.76   Financial Services   2026-05-13 45.09   2026-05-14 47.53  5.41 
 ANET             Arista Networks Inc  1771.57       Communications  2026-05-13 140.69  2026-05-14 147.81  5.06 
 NVDA                     NVIDIA Corp 54876.69       Semiconductors  2026-05-13 225.83  2026-05-14 235.74  4.39 
 IBKR   Interactive Brokers Group Inc  1443.93   Financial Services   2026-05-13 85.12   2026-05-14 88.28  3.71 
  APH                   Amphenol Corp  1533.36 Electrical Equipment  2026-05-13 124.64  2026-05-14 129.19  3.65 
 ORCL                     Oracle Corp  5457.58           Technology  2026-05-13 189.76  2026-05-14 195.61  3.08 
 PLTR       Palantir Technologies Inc  3117.70           Technology  2026-05-13 130.05  2026-05-14 133.73  2.83 
  GEV                  GE Vernova Inc  2855.34 Electrical Equipment 2026-05-13 1062.57 2026-05-14 1090.53  2.63 
 MRVL          Marvell Technology Inc  1556.10       Semiconductors  2026-05-13 177.95  2026-05-14 182.58  2.60 
   BX                  Blackstone Inc  1461.18   Financial Services  2026-05-13 119.62  2026-05-14 122.46  2.37 
 KLAC                        KLA Corp  2416.23       Semiconductors 2026-05-13 1849.71 2026-05-14 1892.94  2.34 
  COF      Capital One Financial Corp  1129.71   Financial Services  2026-05-13 181.54  2026-05-14 185.79  2.34 
EADSF                       Airbus SE  1365.37  Aerospace & Defense  2026-05-13 202.34   2026-05-14 207.0  2.30 
   TT          Trane Technologies PLC  1041.22             Building  2026-05-13 471.02  2026-05-14 481.67  2.26 
 SHOP                     Shopify Inc  1237.96           Technology    2026-05-13 95.4   2026-05-14 97.42  2.12 
   PM Philip Morris International Inc  2928.69              Tobacco  2026-05-13 187.91  2026-05-14 191.86  2.10 
  CAT                 Caterpillar Inc  4156.33            Machinery   2026-05-13 902.3  2026-05-14 920.22  1.99 
