
=== 涨幅榜前20名股票 ===
 股票代码                   公司名称                  市值(亿)               板块                     昨天收盘             今天收盘       涨跌幅(%)
  UPC            Universe Pharmaceuticals Inc  0.02                Pharmaceuticals  2026-06-26 2.96 2026-06-29 12.18 311.49
 TNMG                           TNL Mediagene  0.01                          Media  2026-06-26 0.49  2026-06-29 1.01 106.97
 DCOY                  Decoy Therapeutics Inc  0.03                  Biotechnology  2026-06-26 5.52  2026-06-29 9.59  73.79
 AIEV              Thunder Power Holdings Inc  0.13                    Automobiles  2026-06-26 0.13  2026-06-29 0.22  69.23
 SDOT                         Sadot Group Inc  0.05                  Food Products 2026-06-26 21.45 2026-06-29 35.85  67.13
 DGNX                             Diginex Ltd  0.41                     Technology  2026-06-26 0.88   2026-06-29 1.4  58.55
  AZI Autozi Internet Technology (Global) Ltd  1.98                         Retail  2026-06-26 1.86  2026-06-29 2.91  56.45
IOBTQ                          IO Biotech Inc  0.00                  Biotechnology   2026-06-26 0.0  2026-06-29 0.01  50.00
 INLF                               INLIF Ltd  0.01                      Machinery  2026-06-26 0.05  2026-06-29 0.07  40.43
NOTVQ                              Inotiv Inc  0.01 Life Sciences Tools & Services  2026-06-26 0.01  2026-06-29 0.01  40.00
 CRIS                               Curis Inc  0.17                  Biotechnology  2026-06-26 0.32  2026-06-29 0.44  38.13
 KUST                Kustom Entertainment Inc  0.01           Electrical Equipment  2026-06-26 0.95  2026-06-29 1.27  33.68
TPICQ                      TPI Composites Inc  0.00           Electrical Equipment  2026-06-26 0.01  2026-06-29 0.01  33.33
 QDEL                        QuidelOrtho Corp  9.40                    Health Care 2026-06-26 13.79 2026-06-29 18.23  32.20
 CNET         ZW Data Action Technologies Inc  0.03                          Media  2026-06-26 0.92  2026-06-29 1.21  31.52
 NNBR                                  NN Inc  1.91                      Machinery  2026-06-26 2.76  2026-06-29 3.62  31.16
 ASTC                          Astrotech Corp  0.17           Electrical Equipment  2026-06-26 9.31 2026-06-29 12.18  30.83
 HEPA              Hepion Pharmaceuticals Inc  0.02                Pharmaceuticals  2026-06-26 0.05  2026-06-29 0.07  29.63
 FABC                          Fabric.AI, Inc  0.15                    Automobiles  2026-06-26 3.13  2026-06-29 4.04  29.07
 OUST                              Ouster Inc 26.76           Electrical Equipment 2026-06-26 42.02 2026-06-29 54.07  28.68

=== 市值超过20亿的涨幅榜前20名股票 ===
 股票代码              公司名称              市值(亿)            板块                 昨天收盘              今天收盘       涨跌幅(%)
 OUST                     Ouster Inc  26.76  Electrical Equipment  2026-06-26 42.02  2026-06-29 54.07 28.68 
 IRDM     Iridium Communications Inc  46.01     Telecommunication  2026-06-26 43.52  2026-06-29 54.59 25.44 
  SLS Sellas Life Sciences Group Inc  23.05         Biotechnology  2026-06-26 12.39  2026-06-29 15.45 24.70 
 VSAT                     Viasat Inc  85.29        Communications  2026-06-26 61.95  2026-06-29 76.69 23.79 
 ASTS            AST SpaceMobile Inc 277.32     Telecommunication  2026-06-26 71.45  2026-06-29 86.77 21.44 
 CBRS           Cerebras Systems Inc 599.28        Semiconductors 2026-06-26 181.59 2026-06-29 216.16 19.04 
SEBYF                         SEB SA  25.36     Consumer products  2026-06-26 45.88  2026-06-29 53.85 17.36 
 ALAB               Astera Labs, Inc 671.47        Semiconductors 2026-06-26 391.74 2026-06-29 455.96 16.39 
 RKLB                Rocket Lab Corp 489.37   Aerospace & Defense  2026-06-26 84.54  2026-06-29 98.01 15.93 
   PL                Planet Labs PBC  96.48 Professional Services  2026-06-26 27.07  2026-06-29 31.28 15.55 
   OC                  Owens Corning 109.03              Building 2026-06-26 135.39 2026-06-29 156.05 15.26 
 ALGM       Allegro Microsystems Inc 107.85        Semiconductors  2026-06-26 57.89  2026-06-29 66.37 14.65 
LBRDB         Liberty Broadband Corp  44.95                 Media   2026-06-26 31.0   2026-06-29 35.5 14.52 
 RBLX                    Roblox Corp 340.52                 Media  2026-06-26 47.56  2026-06-29 54.34 14.26 
 ERAS                     Erasca Inc  49.79         Biotechnology  2026-06-26 16.01  2026-06-29 18.29 14.24 
 ACMR               ACM Research Inc  72.22        Semiconductors  2026-06-26 104.5 2026-06-29 118.88 13.76 
  FLY          Firefly Aerospace Inc  41.95   Aerospace & Defense  2026-06-26 25.54  2026-06-29 29.05 13.74 
 MSTR                   Strategy Inc 324.79            Technology  2026-06-26 82.31  2026-06-29 92.68 12.60 
  MXL                  Maxlinear Inc  97.13        Semiconductors   2026-06-26 96.6 2026-06-29 108.47 12.29 
 ICHR             Ichor Holdings Ltd  32.78        Semiconductors   2026-06-26 94.0 2026-06-29 105.46 12.19 

=== 市值超过50亿的涨幅榜前20名股票 ===
股票代码              公司名称               市值(亿)            板块                 昨天收盘              今天收盘       涨跌幅(%)
VSAT                     Viasat Inc   85.29        Communications  2026-06-26 61.95  2026-06-29 76.69 23.79 
ASTS            AST SpaceMobile Inc  277.32     Telecommunication  2026-06-26 71.45  2026-06-29 86.77 21.44 
CBRS           Cerebras Systems Inc  599.28        Semiconductors 2026-06-26 181.59 2026-06-29 216.16 19.04 
ALAB               Astera Labs, Inc  671.47        Semiconductors 2026-06-26 391.74 2026-06-29 455.96 16.39 
RKLB                Rocket Lab Corp  489.37   Aerospace & Defense  2026-06-26 84.54  2026-06-29 98.01 15.93 
  PL                Planet Labs PBC   96.48 Professional Services  2026-06-26 27.07  2026-06-29 31.28 15.55 
  OC                  Owens Corning  109.03              Building 2026-06-26 135.39 2026-06-29 156.05 15.26 
ALGM       Allegro Microsystems Inc  107.85        Semiconductors  2026-06-26 57.89  2026-06-29 66.37 14.65 
RBLX                    Roblox Corp  340.52                 Media  2026-06-26 47.56  2026-06-29 54.34 14.26 
ACMR               ACM Research Inc   72.22        Semiconductors  2026-06-26 104.5 2026-06-29 118.88 13.76 
MSTR                   Strategy Inc  324.79            Technology  2026-06-26 82.31  2026-06-29 92.68 12.60 
 MXL                  Maxlinear Inc   97.13        Semiconductors   2026-06-26 96.6 2026-06-29 108.47 12.29 
VICR                     Vicor Corp  146.07  Electrical Equipment 2026-06-26 326.93 2026-06-29 366.79 12.19 
KLAC                       KLA Corp 3636.54        Semiconductors 2026-06-26 248.64 2026-06-29 278.39 11.97 
FBIN Fortune Brands Innovations Inc   54.83              Building  2026-06-26 45.96  2026-06-29 50.97 10.90 
AMAT          Applied Materials Inc 4976.86        Semiconductors 2026-06-26 626.84 2026-06-29 694.64 10.82 
AAOI    Applied Optoelectronics Inc  108.88        Communications 2026-06-26 135.69  2026-06-29 150.1 10.62 
FORM                 FormFactor Inc  101.92        Semiconductors 2026-06-26 130.74 2026-06-29 144.17 10.27 
UCTT       Ultra Clean Holdings Inc   53.27        Semiconductors 2026-06-26 118.82  2026-06-29 130.7 10.00 
AXON            Axon Enterprise Inc  411.55   Aerospace & Defense 2026-06-26 464.83  2026-06-29 510.6  9.85 

=== 市值超过100亿的涨幅榜前20名股票 ===
股票代码             公司名称             市值(亿)           板块                 昨天收盘              今天收盘       涨跌幅(%)
ASTS         AST SpaceMobile Inc  277.32    Telecommunication  2026-06-26 71.45  2026-06-29 86.77 21.44 
CBRS        Cerebras Systems Inc  599.28       Semiconductors 2026-06-26 181.59 2026-06-29 216.16 19.04 
ALAB            Astera Labs, Inc  671.47       Semiconductors 2026-06-26 391.74 2026-06-29 455.96 16.39 
RKLB             Rocket Lab Corp  489.37  Aerospace & Defense  2026-06-26 84.54  2026-06-29 98.01 15.93 
  OC               Owens Corning  109.03             Building 2026-06-26 135.39 2026-06-29 156.05 15.26 
ALGM    Allegro Microsystems Inc  107.85       Semiconductors  2026-06-26 57.89  2026-06-29 66.37 14.65 
RBLX                 Roblox Corp  340.52                Media  2026-06-26 47.56  2026-06-29 54.34 14.26 
MSTR                Strategy Inc  324.79           Technology  2026-06-26 82.31  2026-06-29 92.68 12.60 
VICR                  Vicor Corp  146.07 Electrical Equipment 2026-06-26 326.93 2026-06-29 366.79 12.19 
KLAC                    KLA Corp 3636.54       Semiconductors 2026-06-26 248.64 2026-06-29 278.39 11.97 
AMAT       Applied Materials Inc 4976.86       Semiconductors 2026-06-26 626.84 2026-06-29 694.64 10.82 
AAOI Applied Optoelectronics Inc  108.88       Communications 2026-06-26 135.69  2026-06-29 150.1 10.62 
FORM              FormFactor Inc  101.92       Semiconductors 2026-06-26 130.74 2026-06-29 144.17 10.27 
AXON         Axon Enterprise Inc  411.55  Aerospace & Defense 2026-06-26 464.83  2026-06-29 510.6  9.85 
CHTR  Charter Communications Inc  185.09                Media 2026-06-26 133.64 2026-06-29 146.17  9.38 
IONQ                    IONQ Inc  184.06           Technology  2026-06-26 49.31  2026-06-29 53.88  9.27 
  BE           Bloom Energy Corp  716.86 Electrical Equipment 2026-06-26 252.02 2026-06-29 275.01  9.12 
FLEX                    Flex Ltd  537.49 Electrical Equipment  2026-06-26 146.7 2026-06-29 159.56  8.77 
NBIS             Nebius Group NV  604.72           Technology  2026-06-26 240.3 2026-06-29 261.15  8.68 
ONTO         Onto Innovation Inc  161.13       Semiconductors 2026-06-26 323.92 2026-06-29 351.45  8.50 

=== 市值超过200亿的涨幅榜前20名股票 ===
 股票代码                 公司名称                 市值(亿)            板块                 昨天收盘              今天收盘       涨跌幅(%)
 ASTS                 AST SpaceMobile Inc   277.32    Telecommunication  2026-06-26 71.45  2026-06-29 86.77 21.44 
 CBRS                Cerebras Systems Inc   599.28       Semiconductors 2026-06-26 181.59 2026-06-29 216.16 19.04 
 ALAB                    Astera Labs, Inc   671.47       Semiconductors 2026-06-26 391.74 2026-06-29 455.96 16.39 
 RKLB                     Rocket Lab Corp   489.37  Aerospace & Defense  2026-06-26 84.54  2026-06-29 98.01 15.93 
 RBLX                         Roblox Corp   340.52                Media  2026-06-26 47.56  2026-06-29 54.34 14.26 
 MSTR                        Strategy Inc   324.79           Technology  2026-06-26 82.31  2026-06-29 92.68 12.60 
 KLAC                            KLA Corp  3636.54       Semiconductors 2026-06-26 248.64 2026-06-29 278.39 11.97 
 AMAT               Applied Materials Inc  4976.86       Semiconductors 2026-06-26 626.84 2026-06-29 694.64 10.82 
 AXON                 Axon Enterprise Inc   411.55  Aerospace & Defense 2026-06-26 464.83  2026-06-29 510.6  9.85 
   BE                   Bloom Energy Corp   716.86 Electrical Equipment 2026-06-26 252.02 2026-06-29 275.01  9.12 
 FLEX                            Flex Ltd   537.49 Electrical Equipment  2026-06-26 146.7 2026-06-29 159.56  8.77 
 NBIS                     Nebius Group NV   604.72           Technology  2026-06-26 240.3 2026-06-29 261.15  8.68 
 TSLA                           Tesla Inc 14260.86          Automobiles 2026-06-26 379.71 2026-06-29 411.84  8.46 
 LRCX                   Lam Research Corp  4740.79       Semiconductors 2026-06-26 379.09 2026-06-29 410.91  8.39 
  MTZ                          MasTec Inc   313.11         Construction 2026-06-26 396.25 2026-06-29 429.09  8.29 
  MDB                         MongoDB Inc   252.56           Technology 2026-06-26 314.01 2026-06-29 338.18  7.70 
  STX     Seagate Technology Holdings PLC  2017.84           Technology  2026-06-26 899.9 2026-06-29 968.53  7.63 
 RIVN               Rivian Automotive Inc   211.88          Automobiles  2026-06-26 15.63  2026-06-29 16.81  7.55 
PROSF                           Prosus NV   746.44               Retail  2026-06-26 41.96   2026-06-29 45.0  7.24 
 SPCX Space Exploration Technologies Corp 20201.53    Telecommunication 2026-06-26 153.23 2026-06-29 164.19  7.15 

=== 市值超过1000亿的涨跌榜前20名股票 ===
 股票代码                 公司名称                 市值(亿)            板块                 昨天收盘               今天收盘        涨跌幅(%)
 KLAC                            KLA Corp  3636.54       Semiconductors  2026-06-26 248.64  2026-06-29 278.39 11.97 
 AMAT               Applied Materials Inc  4976.86       Semiconductors  2026-06-26 626.84  2026-06-29 694.64 10.82 
 TSLA                           Tesla Inc 14260.86          Automobiles  2026-06-26 379.71  2026-06-29 411.84  8.46 
 LRCX                   Lam Research Corp  4740.79       Semiconductors  2026-06-26 379.09  2026-06-29 410.91  8.39 
  STX     Seagate Technology Holdings PLC  2017.84           Technology   2026-06-26 899.9  2026-06-29 968.53  7.63 
 SPCX Space Exploration Technologies Corp 20201.53    Telecommunication  2026-06-26 153.23  2026-06-29 164.19  7.15 
  GEV                      GE Vernova Inc  2808.58 Electrical Equipment 2026-06-26 1045.17 2026-06-29 1102.51  5.49 
 GOOG                        Alphabet Inc 41075.75                Media  2026-06-26 334.69  2026-06-29 351.28  4.96 
GOOGL                        Alphabet Inc 41075.75                Media  2026-06-26 337.39  2026-06-29 353.65  4.82 
  APP                       Applovin Corp  1602.70           Technology  2026-06-26 477.08  2026-06-29 498.76  4.54 
ASMLF                     ASML Holding NV  6028.48       Semiconductors 2026-06-26 1801.62 2026-06-29 1879.45  4.32 
 MRVL              Marvell Technology Inc  2429.76       Semiconductors  2026-06-26 266.77  2026-06-29 277.75  4.12 
 ANET                 Arista Networks Inc  2066.35       Communications   2026-06-26 157.6   2026-06-29 164.1  4.12 
 DELL               Dell Technologies Inc  2589.82           Technology  2026-06-26 399.49  2026-06-29 414.61  3.78 
  CAT                     Caterpillar Inc  4594.72            Machinery  2026-06-26 997.47 2026-06-29 1033.19  3.58 
 CSCO                   Cisco Systems Inc  4484.17       Communications  2026-06-26 113.77   2026-06-29 117.7  3.45 
  AMD          Advanced Micro Devices Inc  8504.89       Semiconductors  2026-06-26 521.58  2026-06-29 539.49  3.43 
 AMZN                      Amazon.com Inc 25832.12               Retail  2026-06-26 232.69  2026-06-29 240.14  3.20 
 FTNT                        Fortinet Inc  1108.86           Technology  2026-06-26 151.35  2026-06-29 155.42  2.69 
 INTC                          Intel Corp  6620.25       Semiconductors  2026-06-26 128.32  2026-06-29 131.72  2.65 
