
=== 涨幅榜前20名股票 ===
 股票代码                    公司名称                    市值(亿)                板块                      昨天收盘              今天收盘       涨跌幅(%)
 CLRO                               Clearone Inc   0.09                 Communications   2026-07-01 3.22   2026-07-02 6.48 101.24
 LGMK                              LogicMark Inc   0.01                    Health Care   2026-07-01 0.57    2026-07-02 1.0  75.44
IPSEF                                   Ipsen SA 139.61                Pharmaceuticals 2026-07-01 113.13 2026-07-02 185.93  64.35
  DSY                Big Tree Cloud Holdings Ltd   0.24              Consumer products   2026-07-01 2.88   2026-07-02 4.47  55.21
 SURG                              Surgepays Inc   0.10              Telecommunication   2026-07-01 0.41   2026-07-02 0.57  38.05
 SLBT                     SL Science Holding Ltd  18.87                            N/A   2026-07-01 4.45   2026-07-02 5.99  34.61
  HLP                           Hongli Group Inc   0.42                Metals & Mining   2026-07-01 0.56   2026-07-02 0.75  34.29
 SDEV                Stablecoin Development Corp   0.69                Pharmaceuticals   2026-07-01 1.04   2026-07-02 1.36  30.77
NOTVQ                                 Inotiv Inc   0.01 Life Sciences Tools & Services   2026-07-01 0.01   2026-07-02 0.01  30.00
 CCTG CCSC Technology International Holdings Ltd   0.03           Electrical Equipment   2026-07-01 0.71   2026-07-02 0.91  28.53
 BNRG                      Brenmiller Energy Ltd   0.01           Electrical Equipment   2026-07-01 0.81   2026-07-02 1.03  27.16
 MSPR                           MSP Recovery Inc   0.00                    Health Care   2026-07-01 0.01   2026-07-02 0.02  26.92
SGMOQ                   Sangamo Therapeutics Inc   0.72                  Biotechnology   2026-07-01 0.06   2026-07-02 0.07  24.83
 MYPS                            PLAYSTUDIOS Inc   0.67                          Media   2026-07-01 0.52   2026-07-02 0.63  20.87
 PLBL                         Polibeli Group Ltd  31.80                   Distributors   2026-07-01 8.68  2026-07-02 10.26  18.20
 BMGL                    Basel Medical Group Ltd   0.11                    Health Care   2026-07-01 7.09   2026-07-02 8.35  17.77
 GETY                  Getty Images Holdings Inc   3.23                          Media   2026-07-01 0.77    2026-07-02 0.9  17.39
 COSM                          Cosmos Health Inc   0.13                    Health Care    2026-07-01 0.2   2026-07-02 0.24  17.38
 CERO             CERo Therapeutics Holdings Inc   0.00                  Biotechnology   2026-07-01 0.01   2026-07-02 0.01  17.00
 CLVT                              Clarivate PLC  16.56          Professional Services   2026-07-01 2.22   2026-07-02 2.59  16.67

=== 市值超过20亿的涨幅榜前20名股票 ===
 股票代码              公司名称              市值(亿)            板块                 昨天收盘              今天收盘       涨跌幅(%)
IPSEF                       Ipsen SA 139.61       Pharmaceuticals 2026-07-01 113.13 2026-07-02 185.93 64.35 
 PLBL             Polibeli Group Ltd  31.80          Distributors   2026-07-01 8.68  2026-07-02 10.26 18.20 
  GPC               Genuine Parts Co 161.57          Distributors  2026-07-01 117.4 2026-07-02 132.57 12.92 
  SLS Sellas Life Sciences Group Inc  24.69         Biotechnology  2026-07-01 13.27  2026-07-02 14.98 12.89 
  CAR          Avis Budget Group Inc  51.91           Road & Rail 2026-07-01 146.94 2026-07-02 163.44 11.23 
 AVAV              AeroVironment Inc  96.61   Aerospace & Defense 2026-07-01 172.44 2026-07-02 190.89 10.70 
 NKTR            Nektar Therapeutics  21.75       Pharmaceuticals  2026-07-01 64.39  2026-07-02 71.04 10.33 
 MRNA                    Moderna Inc 316.48         Biotechnology   2026-07-01 72.5  2026-07-02 79.76 10.01 
 IMNM                   Immunome Inc  24.34         Biotechnology  2026-07-01 21.49  2026-07-02 23.61  9.87 
  FIG                      Figma Inc 102.98            Technology  2026-07-01 19.49  2026-07-02 21.34  9.49 
 CRNX  Crinetics Pharmaceuticals Inc  40.78       Pharmaceuticals  2026-07-01 38.68  2026-07-02 42.23  9.18 
   FA           First Advantage Corp  32.41 Professional Services   2026-07-01 18.9  2026-07-02 20.53  8.65 
 RIVN          Rivian Automotive Inc 216.54           Automobiles  2026-07-01 17.18  2026-07-02 18.63  8.44 
 CRSP         CRISPR Therapeutics AG  53.64         Biotechnology  2026-07-01 55.62  2026-07-02 60.08  8.02 
 MSTR                   Strategy Inc 353.15            Technology  2026-07-01 93.39 2026-07-02 100.77  7.90 
 GKOS                   Glaukos Corp  87.13           Health Care 2026-07-01 137.57 2026-07-02 148.34  7.83 
 CACI         CACI International Inc 111.08 Professional Services 2026-07-01 466.88 2026-07-02 502.83  7.70 
 FIZZ         National Beverage Corp  31.21             Beverages   2026-07-01 31.0  2026-07-02 33.33  7.52 
 TARS     Tarsus Pharmaceuticals Inc  28.15       Pharmaceuticals  2026-07-01 60.89  2026-07-02 65.44  7.47 
  ARX            Accelerant Holdings  30.05             Insurance  2026-07-01 12.84  2026-07-02 13.77  7.24 

=== 市值超过50亿的涨幅榜前20名股票 ===
 股票代码            公司名称             市值(亿)            板块                 昨天收盘              今天收盘       涨跌幅(%)
IPSEF                   Ipsen SA  139.61       Pharmaceuticals 2026-07-01 113.13 2026-07-02 185.93 64.35 
  GPC           Genuine Parts Co  161.57          Distributors  2026-07-01 117.4 2026-07-02 132.57 12.92 
  CAR      Avis Budget Group Inc   51.91           Road & Rail 2026-07-01 146.94 2026-07-02 163.44 11.23 
 AVAV          AeroVironment Inc   96.61   Aerospace & Defense 2026-07-01 172.44 2026-07-02 190.89 10.70 
 MRNA                Moderna Inc  316.48         Biotechnology   2026-07-01 72.5  2026-07-02 79.76 10.01 
  FIG                  Figma Inc  102.98            Technology  2026-07-01 19.49  2026-07-02 21.34  9.49 
 RIVN      Rivian Automotive Inc  216.54           Automobiles  2026-07-01 17.18  2026-07-02 18.63  8.44 
 CRSP     CRISPR Therapeutics AG   53.64         Biotechnology  2026-07-01 55.62  2026-07-02 60.08  8.02 
 MSTR               Strategy Inc  353.15            Technology  2026-07-01 93.39 2026-07-02 100.77  7.90 
 GKOS               Glaukos Corp   87.13           Health Care 2026-07-01 137.57 2026-07-02 148.34  7.83 
 CACI     CACI International Inc  111.08 Professional Services 2026-07-01 466.88 2026-07-02 502.83  7.70 
 SMMT    Summit Therapeutics Inc  111.61         Biotechnology  2026-07-01 14.38  2026-07-02 15.42  7.23 
  THC      Tenet Healthcare Corp  175.48           Health Care  2026-07-01 191.2 2026-07-02 203.72  6.55 
 SSRM             SSR Mining Inc   59.82       Metals & Mining  2026-07-01 28.83  2026-07-02 30.62  6.21 
  EFX                Equifax Inc  193.10 Professional Services 2026-07-01 162.17 2026-07-02 172.07  6.10 
 VRTX Vertex Pharmaceuticals Inc 1150.17         Biotechnology 2026-07-01 498.01 2026-07-02 528.04  6.03 
 SPGI             S&P Global Inc 1228.31    Financial Services 2026-07-01 414.97 2026-07-02 439.89  6.01 
  FRO              Frontline PLC   81.81                Energy   2026-07-01 34.7  2026-07-02 36.75  5.91 
  PSN               Parsons Corp   56.87 Professional Services  2026-07-01 53.16  2026-07-02 56.29  5.89 
 ISRG     Intuitive Surgical Inc 1425.08           Health Care 2026-07-01 402.38 2026-07-02 426.01  5.87 

=== 市值超过100亿的涨幅榜前20名股票 ===
 股票代码            公司名称             市值(亿)            板块                 昨天收盘               今天收盘        涨跌幅(%)
IPSEF                   Ipsen SA  139.61       Pharmaceuticals  2026-07-01 113.13  2026-07-02 185.93 64.35 
  GPC           Genuine Parts Co  161.57          Distributors   2026-07-01 117.4  2026-07-02 132.57 12.92 
 MRNA                Moderna Inc  316.48         Biotechnology    2026-07-01 72.5   2026-07-02 79.76 10.01 
  FIG                  Figma Inc  102.98            Technology   2026-07-01 19.49   2026-07-02 21.34  9.49 
 RIVN      Rivian Automotive Inc  216.54           Automobiles   2026-07-01 17.18   2026-07-02 18.63  8.44 
 MSTR               Strategy Inc  353.15            Technology   2026-07-01 93.39  2026-07-02 100.77  7.90 
 CACI     CACI International Inc  111.08 Professional Services  2026-07-01 466.88  2026-07-02 502.83  7.70 
 SMMT    Summit Therapeutics Inc  111.61         Biotechnology   2026-07-01 14.38   2026-07-02 15.42  7.23 
  THC      Tenet Healthcare Corp  175.48           Health Care   2026-07-01 191.2  2026-07-02 203.72  6.55 
  EFX                Equifax Inc  193.10 Professional Services  2026-07-01 162.17  2026-07-02 172.07  6.10 
 VRTX Vertex Pharmaceuticals Inc 1150.17         Biotechnology  2026-07-01 498.01  2026-07-02 528.04  6.03 
 SPGI             S&P Global Inc 1228.31    Financial Services  2026-07-01 414.97  2026-07-02 439.89  6.01 
 ISRG     Intuitive Surgical Inc 1425.08           Health Care  2026-07-01 402.38  2026-07-02 426.01  5.87 
 LDOS        Leidos Holdings Inc  129.65 Professional Services  2026-07-01 103.07  2026-07-02 108.84  5.60 
  NOC      Northrop Grumman Corp  738.50   Aerospace & Defense  2026-07-01 519.95  2026-07-02 549.01  5.59 
 GMED         Globus Medical Inc  108.70           Health Care   2026-07-01 75.96   2026-07-02 80.12  5.48 
  TYL     Tyler Technologies Inc  127.21            Technology  2026-07-01 301.67   2026-07-02 318.1  5.45 
  AJG  Arthur J. Gallagher & Co.  648.52             Insurance  2026-07-01 239.67  2026-07-02 252.44  5.33 
 FICO            Fair Isaac Corp  279.83            Technology 2026-07-01 1206.65 2026-07-02 1270.83  5.32 
  TRU                 TransUnion  143.58 Professional Services   2026-07-01 74.47   2026-07-02 78.31  5.16 

=== 市值超过200亿的涨幅榜前20名股票 ===
 股票代码                 公司名称                 市值(亿)                 板块                     昨天收盘               今天收盘        涨跌幅(%)
 MRNA                         Moderna Inc   316.48                 Biotechnology    2026-07-01 72.5   2026-07-02 79.76 10.01 
 RIVN               Rivian Automotive Inc   216.54                   Automobiles   2026-07-01 17.18   2026-07-02 18.63  8.44 
 MSTR                        Strategy Inc   353.15                    Technology   2026-07-01 93.39  2026-07-02 100.77  7.90 
 VRTX          Vertex Pharmaceuticals Inc  1150.17                 Biotechnology  2026-07-01 498.01  2026-07-02 528.04  6.03 
 SPGI                      S&P Global Inc  1228.31            Financial Services  2026-07-01 414.97  2026-07-02 439.89  6.01 
 ISRG              Intuitive Surgical Inc  1425.08                   Health Care  2026-07-01 402.38  2026-07-02 426.01  5.87 
  NOC               Northrop Grumman Corp   738.50           Aerospace & Defense  2026-07-01 519.95  2026-07-02 549.01  5.59 
  AJG           Arthur J. Gallagher & Co.   648.52                     Insurance  2026-07-01 239.67  2026-07-02 252.44  5.33 
 FICO                     Fair Isaac Corp   279.83                    Technology 2026-07-01 1206.65 2026-07-02 1270.83  5.32 
  MDT                       Medtronic PLC  1064.87                   Health Care    2026-07-01 79.2   2026-07-02 83.19  5.04 
  ICE       Intercontinental Exchange Inc   716.67            Financial Services  2026-07-01 126.73  2026-07-02 132.99  4.94 
 AAPL                           Apple Inc 43236.64                    Technology  2026-07-01 294.38  2026-07-02 308.63  4.84 
  BSX              Boston Scientific Corp   670.94                   Health Care   2026-07-01 43.06   2026-07-02 45.14  4.83 
  GPN                 Global Payments Inc   205.29            Financial Services   2026-07-01 75.05   2026-07-02 78.63  4.77 
  ACN                       Accenture PLC   802.44                    Technology  2026-07-01 131.13  2026-07-02 137.35  4.74 
 REGN       Regeneron Pharmaceuticals Inc   685.93                 Biotechnology  2026-07-01 624.72  2026-07-02 654.27  4.73 
  MCO                        Moody's Corp   818.26            Financial Services  2026-07-01 468.38  2026-07-02 490.51  4.72 
THLEF                           Thales SA   462.01           Aerospace & Defense  2026-07-01 257.85   2026-07-02 270.0  4.71 
  QSR Restaurant Brands International Inc   341.30 Hotels, Restaurants & Leisure   2026-07-01 71.46   2026-07-02 74.79  4.66 
 NFLX                         Netflix Inc  3269.69                         Media   2026-07-01 74.19   2026-07-02 77.65  4.66 

=== 市值超过1000亿的涨跌榜前20名股票 ===
 股票代码                 公司名称                 市值(亿)                  板块                       昨天收盘              今天收盘       涨跌幅(%)
 VRTX          Vertex Pharmaceuticals Inc  1150.17                    Biotechnology 2026-07-01 498.01 2026-07-02 528.04  6.03 
 SPGI                      S&P Global Inc  1228.31               Financial Services 2026-07-01 414.97 2026-07-02 439.89  6.01 
 ISRG              Intuitive Surgical Inc  1425.08                      Health Care 2026-07-01 402.38 2026-07-02 426.01  5.87 
  MDT                       Medtronic PLC  1064.87                      Health Care   2026-07-01 79.2  2026-07-02 83.19  5.04 
 AAPL                           Apple Inc 43236.64                       Technology 2026-07-01 294.38 2026-07-02 308.63  4.84 
 NFLX                         Netflix Inc  3269.69                            Media  2026-07-01 74.19  2026-07-02 77.65  4.66 
  LMT                Lockheed Martin Corp  1203.13              Aerospace & Defense 2026-07-01 521.82 2026-07-02 545.91  4.62 
 GILD                Gilead Sciences, Inc  1564.01                    Biotechnology 2026-07-01 125.97 2026-07-02 131.27  4.21 
  SYK                        Stryker Corp  1201.41                      Health Care 2026-07-01 313.39 2026-07-02 326.54  4.20 
  MCD                     McDonald's Corp  1914.32    Hotels, Restaurants & Leisure 2026-07-01 269.43 2026-07-02 280.63  4.16 
 ABBV                          AbbVie Inc  4435.71                    Biotechnology 2026-07-01 251.06 2026-07-02 261.07  3.99 
  DIS                      Walt Disney Co  1727.83                            Media  2026-07-01 95.71   2026-07-02 99.5  3.96 
  RTX                            RTX Corp  2582.67              Aerospace & Defense 2026-07-01 191.78 2026-07-02 199.25  3.90 
LVMHF LVMH Moet Hennessy Louis Vuitton SE  2374.08 Textiles, Apparel & Luxury Goods  2026-07-01 548.8  2026-07-02 569.0  3.68 
   BA                           Boeing Co  1723.07              Aerospace & Defense 2026-07-01 218.58 2026-07-02 226.49  3.62 
  JNJ                   Johnson & Johnson  6113.85                  Pharmaceuticals 2026-07-01 253.98 2026-07-02 263.04  3.57 
 AMGN                           Amgen Inc  1950.13                    Biotechnology 2026-07-01 361.33 2026-07-02 374.15  3.55 
   KO                        Coca-Cola Co  3497.49                        Beverages  2026-07-01 81.29  2026-07-02 84.14  3.51 
  ABT                 Abbott Laboratories  1661.69                      Health Care  2026-07-01 92.18   2026-07-02 95.4  3.49 
  MRK                      Merck & Co Inc  3096.42                  Pharmaceuticals 2026-07-01 125.37 2026-07-02 129.56  3.34 
