2025-02-19 19:37:31,231 - INFO: 日志目录: logs/20250219_193731
2025-02-19 19:37:31,231 - INFO: 日志文件: logs/20250219_193731/execution.log
2025-02-19 19:37:31,240 - INFO: 开始获取和过滤股票列表...
2025-02-19 19:37:31,240 - INFO: 未找到非美股记录文件或文件格式错误
2025-02-19 19:37:31,241 - INFO: 未找到需排除的股票列表文件
2025-02-19 19:37:31,241 - INFO: 未找到已验证的有效股票列表文件
2025-02-19 19:37:33,042 - INFO: 从 Finnhub 获取到总计 27554 个股票
2025-02-19 19:37:33,082 - INFO: 
=== 股票过滤结果 ===
2025-02-19 19:37:33,082 - INFO: 原始股票数量: 27554
2025-02-19 19:37:33,082 - INFO: 过滤后数量: 16150
2025-02-19 19:37:33,082 - INFO: 
被排除的股票统计:
2025-02-19 19:37:33,087 - INFO: - 非普通股: 8464 只
2025-02-19 19:37:33,087 - INFO: - 权证: 2415 只
2025-02-19 19:37:33,087 - INFO: - 非标准股票代码: 525 只
2025-02-19 19:37:33,088 - INFO: 开始处理 16150 只股票...
2025-02-19 19:37:33,401 - INFO: 股票 MCQEF 数据不足
2025-02-19 19:37:33,402 - INFO: 股票 SALRF 数据不足
2025-02-19 19:37:33,414 - INFO: 股票 CHUEF 数据不足
2025-02-19 19:37:33,417 - INFO: 股票 CCGDF 数据不足
2025-02-19 19:37:33,428 - INFO: 股票 RDNT 数据不足
2025-02-19 19:37:33,435 - INFO: 股票 SCZMF 数据不足
2025-02-19 19:37:33,442 - INFO: 股票 FASDF 数据不足
2025-02-19 19:37:33,444 - INFO: 股票 SPOZF 数据不足
2025-02-19 19:37:33,445 - INFO: 股票 Z 数据不足
2025-02-19 19:37:33,559 - INFO: 股票 IBRX 数据不足
2025-02-19 19:37:33,560 - INFO: 进度: 10/16150 (0.06%) 有效数据: 0
2025-02-19 19:37:33,595 - INFO: 股票 MCRXF 数据不足
2025-02-19 19:37:33,613 - INFO: 股票 IPSEF 数据不足
2025-02-19 19:37:33,621 - INFO: 股票 DSHIF 数据不足
2025-02-19 19:37:33,652 - INFO: 股票 CSSI 数据不足
2025-02-19 19:37:33,702 - INFO: 股票 ACVA 数据不足
2025-02-19 19:37:33,712 - INFO: 股票 VKSC 数据不足
2025-02-19 19:37:33,724 - INFO: 股票 BNXYF 数据不足
2025-02-19 19:37:33,741 - INFO: 股票 GTHOF 数据不足
2025-02-19 19:37:33,771 - INFO: 股票 AKA 数据不足
2025-02-19 19:37:33,790 - INFO: 股票 QLYS 数据不足
2025-02-19 19:37:33,790 - INFO: 进度: 20/16150 (0.12%) 有效数据: 0
2025-02-19 19:37:33,804 - INFO: 股票 NGPHF 数据不足
2025-02-19 19:37:33,807 - INFO: 股票 MAXSF 数据不足
2025-02-19 19:37:33,886 - INFO: 股票 GNRC 数据不足
2025-02-19 19:37:33,897 - INFO: 股票 NSPR 数据不足
2025-02-19 19:37:33,937 - INFO: 股票 PFBN 数据不足
2025-02-19 19:37:33,976 - INFO: 股票 NHTC 数据不足
2025-02-19 19:37:33,977 - INFO: 股票 CRRNF 数据不足
2025-02-19 19:37:33,977 - INFO: 股票 YETI 数据不足
2025-02-19 19:37:33,981 - INFO: 股票 GRPOF 数据不足
2025-02-19 19:37:33,995 - INFO: 股票 TTRKF 数据不足
2025-02-19 19:37:33,995 - INFO: 进度: 30/16150 (0.19%) 有效数据: 0
2025-02-19 19:37:34,047 - INFO: 股票 DECN 数据不足
2025-02-19 19:37:34,051 - INFO: 股票 BIMT 数据不足
2025-02-19 19:37:34,111 - INFO: 股票 OITAF 数据不足
2025-02-19 19:37:34,146 - INFO: 股票 NOC 数据不足
2025-02-19 19:37:34,154 - INFO: 股票 SCZC 数据不足
2025-02-19 19:37:34,184 - INFO: 股票 ATOS 数据不足
2025-02-19 19:37:34,231 - INFO: 股票 MACI 数据不足
2025-02-19 19:37:34,235 - INFO: 股票 ULY 数据不足
2025-02-19 19:37:34,259 - INFO: 股票 ULUCF 数据不足
2025-02-19 19:37:34,289 - INFO: 股票 LINRF 数据不足
2025-02-19 19:37:34,290 - INFO: 进度: 40/16150 (0.25%) 有效数据: 0
2025-02-19 19:37:34,293 - INFO: 股票 KOTMF 数据不足
2025-02-19 19:37:34,322 - INFO: 股票 FBNC 数据不足
2025-02-19 19:37:34,346 - INFO: 股票 TPPM 数据不足
2025-02-19 19:37:34,353 - INFO: 股票 COSO 数据不足
2025-02-19 19:37:34,441 - INFO: 股票 ALYAF 数据不足
2025-02-19 19:37:34,467 - INFO: 股票 BX 数据不足
2025-02-19 19:37:34,470 - INFO: 股票 RAHGF 数据不足
2025-02-19 19:37:34,491 - INFO: 股票 RSEVS 数据不足
2025-02-19 19:37:34,510 - INFO: 股票 SPHL 数据不足
2025-02-19 19:37:34,547 - INFO: 股票 INVA 数据不足
2025-02-19 19:37:34,547 - INFO: 股票 MODV 数据不足
2025-02-19 19:37:34,547 - INFO: 进度: 50/16150 (0.31%) 有效数据: 0
2025-02-19 19:37:34,551 - INFO: 股票 AQSZF 数据不足
2025-02-19 19:37:34,597 - INFO: 股票 ARVY 数据不足
2025-02-19 19:37:34,637 - INFO: 股票 GAU 数据不足
2025-02-19 19:37:34,674 - INFO: 股票 CDGLF 数据不足
2025-02-19 19:37:34,728 - INFO: 股票 AZMCF 数据不足
2025-02-19 19:37:34,759 - INFO: 股票 HLTEF 数据不足
2025-02-19 19:37:34,767 - INFO: 股票 RFNTS 数据不足
2025-02-19 19:37:34,776 - INFO: 股票 HRSEF 数据不足
2025-02-19 19:37:34,779 - INFO: 股票 GBLRF 数据不足
2025-02-19 19:37:34,779 - INFO: 进度: 60/16150 (0.37%) 有效数据: 0
2025-02-19 19:37:34,816 - INFO: 股票 XONI 数据不足
2025-02-19 19:37:34,834 - INFO: 股票 TETAB 数据不足
2025-02-19 19:37:34,883 - INFO: 股票 IAALF 数据不足
2025-02-19 19:37:34,915 - INFO: 股票 RCRMF 数据不足
2025-02-19 19:37:34,953 - INFO: 股票 SONX 数据不足
2025-02-19 19:37:34,964 - INFO: 股票 IFSPF 数据不足
2025-02-19 19:37:35,026 - INFO: 股票 SYRE 数据不足
2025-02-19 19:37:35,068 - INFO: 股票 GNZUF 数据不足
2025-02-19 19:37:35,080 - INFO: 股票 CHBJF 数据不足
2025-02-19 19:37:35,087 - INFO: 股票 NCDL 数据不足
2025-02-19 19:37:35,087 - INFO: 进度: 70/16150 (0.43%) 有效数据: 0
2025-02-19 19:37:35,112 - INFO: 股票 SIEB 数据不足
2025-02-19 19:37:35,116 - INFO: 股票 AXL 数据不足
2025-02-19 19:37:35,119 - INFO: 股票 THVB 数据不足
2025-02-19 19:37:35,198 - INFO: 股票 LDSN 数据不足
2025-02-19 19:37:35,284 - INFO: 股票 SFOSF 数据不足
