
=== 涨幅榜前20名股票 ===
股票代码                      公司名称                     市值(亿)               板块                     昨天收盘            今天收盘       涨跌幅(%)
AREB                   American Rebel Holdings Inc  0.01 Commercial Services & Supplies 2025-04-01 1.42  2025-04-02 6.29 342.96
 IBG                 Innovation Beverage Group Ltd  0.04                      Beverages 2025-04-01 0.49  2025-04-02 1.25 153.55
TTEC                             TTEC Holdings Inc  1.56          Professional Services 2025-04-01 3.27  2025-04-02 4.99  52.60
CNTM             ConnectM Technology Solutions Inc  0.18           Electrical Equipment  2025-04-01 0.5  2025-04-02 0.75  51.17
ALLK                                   Allakos Inc  0.20                  Biotechnology 2025-04-01 0.22  2025-04-02 0.32  46.05
APVO                       Aptevo Therapeutics Inc  0.01                  Biotechnology  2025-04-01 1.0  2025-04-02 1.38  38.28
ONFO                          Onfolio Holdings Inc  0.03                          Media 2025-04-01 0.68  2025-04-02 0.93  36.18
CRVO                                  CervoMed Inc  0.87                  Biotechnology 2025-04-01 9.98 2025-04-02 13.58  36.07
ALMS                                    Alumis Inc  3.94                Pharmaceuticals 2025-04-01 7.24  2025-04-02 9.84  35.91
TCRT                      Alaunos Therapeutics Inc  0.03                  Biotechnology 2025-04-01 2.16   2025-04-02 2.8  29.63
TIVC                      Tivic Health Systems Inc  0.02                    Health Care 2025-04-01 2.52  2025-04-02 3.25  28.97
MSPR                              MSP Recovery Inc  0.09                    Health Care 2025-04-01 1.22  2025-04-02 1.57  28.69
GNPX                                   Genprex Inc  0.02                  Biotechnology 2025-04-01 0.23  2025-04-02 0.29  28.26
 ANY                                Sphere 3D Corp  0.11                     Technology 2025-04-01 0.43  2025-04-02 0.55  27.91
PHGE                                     Biomx Inc  0.12                  Biotechnology 2025-04-01 0.49  2025-04-02 0.63  27.59
BHAT Blue Hat Interactive Entertainment Technology  0.08                          Media  2025-04-01 1.7  2025-04-02 2.15  26.47
 AZI       Autozi Internet Technology (Global) Ltd  0.84                         Retail  2025-04-01 0.8   2025-04-02 1.0  25.30
SCLX                             Scilex Holding Co  0.58                Pharmaceuticals 2025-04-01 0.24   2025-04-02 0.3  25.00
 DSY                   Big Tree Cloud Holdings Ltd  0.05              Consumer products 2025-04-01 1.03  2025-04-02 1.28  23.62
CNTX                      Context Therapeutics Inc  0.49                Pharmaceuticals 2025-04-01 0.55  2025-04-02 0.68  23.59

=== 市值超过20亿的涨幅榜前20名股票 ===
股票代码            公司名称           市值(亿)            板块                昨天收盘             今天收盘       涨跌幅(%)
 NFE   New Fortress Energy Inc  20.75                Energy  2025-04-01 7.58  2025-04-02 8.57 13.06 
 RNA   Avidity Biosciences Inc  32.14         Biotechnology 2025-04-01 26.74 2025-04-02 29.77 11.33 
ACLX               Arcellx Inc  33.35         Biotechnology  2025-04-01 60.7 2025-04-02 67.23 10.76 
AMTM      Amentum Holdings Inc  43.48 Professional Services 2025-04-01 17.87 2025-04-02 19.71 10.30 
 RKT      Rocket Companies Inc 251.55    Financial Services  2025-04-01 12.6 2025-04-02 13.86 10.00 
 MRX           Marex Group PLC  25.08    Financial Services 2025-04-01 35.68 2025-04-02 38.84  8.86 
RGTI     Rigetti Computing Inc  22.32        Semiconductors  2025-04-01 7.81  2025-04-02 8.49  8.71 
MRUS                  Merus NV  27.36         Biotechnology  2025-04-01 39.6 2025-04-02 43.01  8.61 
AKRO    Akero Therapeutics Inc  30.77         Biotechnology 2025-04-01 38.64 2025-04-02 41.95  8.57 
SRRK Scholar Rock Holding Corp  28.46         Biotechnology 2025-04-01 30.06 2025-04-02 32.54  8.25 
IMVT            Immunovant Inc  25.82         Biotechnology  2025-04-01 15.2 2025-04-02 16.42  8.03 
IONQ                  IONQ Inc  51.68            Technology 2025-04-01 23.19 2025-04-02 25.05  8.02 
SLNO   Soleno Therapeutics Inc  31.30         Biotechnology 2025-04-01 68.26 2025-04-02 73.67  7.93 
 CLF      Cleveland-Cliffs Inc  40.05       Metals & Mining   2025-04-01 8.1  2025-04-02 8.73  7.78 
NBIS           Nebius Group NV  53.42            Technology 2025-04-01 22.69 2025-04-02 24.45  7.76 
LOAR         Loar Holdings Inc  66.73   Aerospace & Defense 2025-04-01 71.33 2025-04-02 76.85  7.74 
 KBR                   KBR Inc  64.78 Professional Services 2025-04-01 49.93 2025-04-02 53.78  7.71 
VKTX   Viking Therapeutics Inc  26.84         Biotechnology 2025-04-01 23.91 2025-04-02 25.68  7.40 
CYTK          Cytokinetics Inc  44.40         Biotechnology  2025-04-01 37.5 2025-04-02 40.25  7.33 
TMDX     Transmedics Group Inc  22.98           Health Care 2025-04-01 68.27 2025-04-02 73.11  7.09 

=== 市值超过50亿的涨幅榜前20名股票 ===
股票代码            公司名称           市值(亿)                 板块                       昨天收盘              今天收盘       涨跌幅(%)
 RKT      Rocket Companies Inc 251.55               Financial Services   2025-04-01 12.6  2025-04-02 13.86 10.00 
IONQ                  IONQ Inc  51.68                       Technology  2025-04-01 23.19  2025-04-02 25.05  8.02 
NBIS           Nebius Group NV  53.42                       Technology  2025-04-01 22.69  2025-04-02 24.45  7.76 
LOAR         Loar Holdings Inc  66.73              Aerospace & Defense  2025-04-01 71.33  2025-04-02 76.85  7.74 
 KBR                   KBR Inc  64.78            Professional Services  2025-04-01 49.93  2025-04-02 53.78  7.71 
COOP       Mr Cooper Group Inc  79.54               Financial Services 2025-04-01 125.08 2025-04-02 133.56  6.78 
RKLB        Rocket Lab USA Inc  82.32              Aerospace & Defense  2025-04-01 18.15  2025-04-02 19.34  6.56 
CVNA                Carvana Co 453.80                           Retail 2025-04-01 212.59 2025-04-02 226.32  6.46 
 AUR     Aurora Innovation Inc 117.13                       Technology   2025-04-01 6.73   2025-04-02 7.16  6.39 
COHR             Coherent Corp  98.71             Electrical Equipment   2025-04-01 63.7  2025-04-02 67.54  6.03 
 RRX        Regal Rexnord Corp  76.09             Electrical Equipment 2025-04-01 114.72 2025-04-02 121.51  5.92 
LDOS       Leidos Holdings Inc 173.04            Professional Services 2025-04-01 134.96 2025-04-02 142.94  5.91 
LYFT                  Lyft Inc  51.12                      Road & Rail  2025-04-01 12.23  2025-04-02 12.95  5.89 
 PSN              Parsons Corp  63.60            Professional Services  2025-04-01 59.56  2025-04-02 63.05  5.86 
 CZR Caesars Entertainment Inc  52.64    Hotels, Restaurants & Leisure  2025-04-01 24.83  2025-04-02 26.27  5.80 
  AS           Amer Sports Inc 148.49 Textiles, Apparel & Luxury Goods  2025-04-01 26.81  2025-04-02 28.36  5.78 
CACI    CACI International Inc  82.93            Professional Services  2025-04-01 369.9 2025-04-02 391.26  5.77 
CIEN                Ciena Corp  87.48                   Communications  2025-04-01 61.54  2025-04-02 65.03  5.67 
 TEM             Tempus AI Inc  81.32   Life Sciences Tools & Services  2025-04-01 47.22  2025-04-02 49.89  5.65 
 CRK    Comstock Resources Inc  59.61                           Energy  2025-04-01 20.35  2025-04-02 21.48  5.55 

=== 市值超过100亿的涨幅榜前20名股票 ===
股票代码               公司名称                市值(亿)                 板块                       昨天收盘              今天收盘       涨跌幅(%)
 RKT             Rocket Companies Inc  251.55               Financial Services   2025-04-01 12.6  2025-04-02 13.86 10.00 
CVNA                       Carvana Co  453.80                           Retail 2025-04-01 212.59 2025-04-02 226.32  6.46 
 AUR            Aurora Innovation Inc  117.13                       Technology   2025-04-01 6.73   2025-04-02 7.16  6.39 
LDOS              Leidos Holdings Inc  173.04            Professional Services 2025-04-01 134.96 2025-04-02 142.94  5.91 
  AS                  Amer Sports Inc  148.49 Textiles, Apparel & Luxury Goods  2025-04-01 26.81  2025-04-02 28.36  5.78 
 SYM                     Symbotic Inc  122.97                        Machinery   2025-04-01 20.9  2025-04-02 22.03  5.41 
TSLA                        Tesla Inc 8635.06                      Automobiles 2025-04-01 268.46 2025-04-02 282.76  5.33 
ONON                    On Holding AG  138.28 Textiles, Apparel & Luxury Goods   2025-04-01 42.7  2025-04-02 44.92  5.20 
BURL            Burlington Stores Inc  153.39                           Retail 2025-04-01 242.69 2025-04-02 255.09  5.11 
 BAH Booz Allen Hamilton Holding Corp  135.97            Professional Services 2025-04-01 107.36 2025-04-02 112.83  5.10 
 EQH           Equitable Holdings Inc  160.44               Financial Services  2025-04-01 52.29  2025-04-02 54.93  5.05 
  SN                   Sharkninja Inc  118.17                Consumer products   2025-04-01 84.2  2025-04-02 88.43  5.02 
 KMX                       Carmax Inc  121.32                           Retail  2025-04-01 78.88  2025-04-02 82.77  4.93 
AFRM              Affirm Holdings Inc  145.68               Financial Services  2025-04-01 45.51  2025-04-02 47.75  4.92 
 GEV                   GE Vernova Inc  870.85             Electrical Equipment 2025-04-01 315.64  2025-04-02 330.8  4.80 
 UAL     United Airlines Holdings Inc  223.25                         Airlines   2025-04-01 68.2  2025-04-02 71.37  4.65 
  CG                Carlyle Group Inc  159.90               Financial Services  2025-04-01 44.27  2025-04-02 46.31  4.61 
  UI                     Ubiquiti Inc  188.11                   Communications 2025-04-01 310.97  2025-04-02 324.9  4.48 
ILMN                     Illumina Inc  124.17   Life Sciences Tools & Services  2025-04-01 78.39  2025-04-02 81.88  4.45 
 XYZ                        Block Inc  338.99               Financial Services  2025-04-01 55.41  2025-04-02 57.86  4.42 

=== 市值超过200亿的涨幅榜前20名股票 ===
股票代码             公司名称              市值(亿)                板块                     昨天收盘              今天收盘       涨跌幅(%)
 RKT         Rocket Companies Inc  251.55            Financial Services   2025-04-01 12.6  2025-04-02 13.86 10.00 
CVNA                   Carvana Co  453.80                        Retail 2025-04-01 212.59 2025-04-02 226.32  6.46 
TSLA                    Tesla Inc 8635.06                   Automobiles 2025-04-01 268.46 2025-04-02 282.76  5.33 
 GEV               GE Vernova Inc  870.85          Electrical Equipment 2025-04-01 315.64  2025-04-02 330.8  4.80 
 UAL United Airlines Holdings Inc  223.25                      Airlines   2025-04-01 68.2  2025-04-02 71.37  4.65 
 XYZ                    Block Inc  338.99            Financial Services  2025-04-01 55.41  2025-04-02 57.86  4.42 
 NRG               NRG Energy Inc  200.67                     Utilities  2025-04-01 98.53 2025-04-02 102.88  4.41 
ALNY  Alnylam Pharmaceuticals Inc  332.68                 Biotechnology 2025-04-01 255.76 2025-04-02 266.83  4.33 
 VST                  Vistra Corp  415.81                     Utilities 2025-04-01 122.24 2025-04-02 127.19  4.05 
DASH                 DoorDash Inc  766.34 Hotels, Restaurants & Leisure 2025-04-01 182.42 2025-04-02 189.25  3.74 
DELL        Dell Technologies Inc  641.73                    Technology  2025-04-01 91.96  2025-04-02 95.33  3.66 
 TKO       TKO Group Holdings Inc  261.87                         Media 2025-04-01 152.99 2025-04-02 158.58  3.65 
 CEG    Constellation Energy Corp  648.36                     Utilities 2025-04-01 206.94 2025-04-02 214.46  3.63 
TEAM               Atlassian Corp  566.99                    Technology 2025-04-01 216.41 2025-04-02 223.96  3.49 
  BX               Blackstone Inc 1740.25            Financial Services  2025-04-01 142.8 2025-04-02 147.66  3.40 
ARES         Ares Management Corp  305.02            Financial Services 2025-04-01 149.44  2025-04-02 154.5  3.39 
 NET               Cloudflare Inc  399.11                    Technology 2025-04-01 115.66 2025-04-02 119.55  3.36 
 SYF          Synchrony Financial  207.05            Financial Services  2025-04-01 53.26  2025-04-02 55.05  3.36 
PLTR    Palantir Technologies Inc 1986.05                    Technology  2025-04-01 84.68  2025-04-02 87.45  3.27 
 CCL                Carnival Corp  251.10 Hotels, Restaurants & Leisure  2025-04-01 19.39  2025-04-02 20.02  3.25 

=== 市值超过1000亿的涨跌榜前20名股票 ===
股票代码            公司名称            市值(亿)                 板块                      昨天收盘              今天收盘       涨跌幅(%)
TSLA                 Tesla Inc  8635.06                    Automobiles 2025-04-01 268.46 2025-04-02 282.76  5.33 
  BX            Blackstone Inc  1740.25             Financial Services  2025-04-01 142.8 2025-04-02 147.66  3.40 
PLTR Palantir Technologies Inc  1986.05                     Technology  2025-04-01 84.68  2025-04-02 87.45  3.27 
SHOP               Shopify Inc  1264.26                     Technology  2025-04-01 97.64 2025-04-02 100.65  3.08 
  MS            Morgan Stanley  1866.72             Financial Services 2025-04-01 115.74 2025-04-02 119.27  3.05 
ORCL               Oracle Corp  3980.33                     Technology 2025-04-01 141.94 2025-04-02 145.86  2.76 
  GS   Goldman Sachs Group Inc  1704.53             Financial Services 2025-04-01 548.45  2025-04-02 563.1  2.67 
 KKR              KKR & Co Inc  1046.71             Financial Services 2025-04-01 117.84  2025-04-02 120.9  2.60 
 ETN     Eaton Corporation PLC  1084.03           Electrical Equipment  2025-04-01 276.7 2025-04-02 283.84  2.58 
SPOT     Spotify Technology SA  1107.79                          Media 2025-04-01 551.73 2025-04-02 565.41  2.48 
 DHR              Danaher Corp  1433.69 Life Sciences Tools & Services 2025-04-01 200.39 2025-04-02 205.16  2.38 
ISRG    Intuitive Surgical Inc  1778.33                    Health Care 2025-04-01 496.36 2025-04-02 507.05  2.15 
AVGO              Broadcom Inc  7923.72                 Semiconductors 2025-04-01 168.52 2025-04-02 172.09  2.12 
UBER     Uber Technologies Inc  1526.41                    Road & Rail  2025-04-01 72.99   2025-04-02 74.5  2.07 
AMZN            Amazon.com Inc 20365.65                         Retail 2025-04-01 192.17 2025-04-02 196.01  2.00 
 BLK             BlackRock Inc  1465.72             Financial Services 2025-04-01 944.08 2025-04-02 961.84  1.88 
  FI                Fiserv Inc  1246.12             Financial Services 2025-04-01 222.01 2025-04-02 226.15  1.86 
 TJX         TJX Companies Inc  1379.57                         Retail 2025-04-01 122.72 2025-04-02 124.93  1.80 
 AXP       American Express Co  1896.36             Financial Services 2025-04-01 270.48 2025-04-02 275.25  1.76 
   C             Citigroup Inc  1327.68                        Banking  2025-04-01 70.54  2025-04-02 71.76  1.73 
