
=== 涨幅榜前20名股票 ===
 股票代码               公司名称               市值(亿)               板块                    昨天收盘            今天收盘       涨跌幅(%)
 ASTC                   Astrotech Corp  0.04          Electrical Equipment 2026-05-26 2.47 2026-05-27 13.81 459.11
 NTCL          NetClass Technology Inc  0.05 Diversified Consumer Services 2026-05-26 0.26  2026-05-27 0.56 110.23
BROGF                Brooge Energy Ltd  0.00                        Energy  2026-05-26 0.0   2026-05-27 0.0 100.00
 HOTH            Hoth Therapeutics Inc  0.14               Pharmaceuticals 2026-05-26 0.71  2026-05-27 1.36  92.09
 QTTB                      Q32 Bio Inc  2.18                 Biotechnology 2026-05-26 7.09 2026-05-27 12.85  81.24
  AIM               AIM ImmunoTech Inc  0.06                 Biotechnology 2026-05-26 0.23   2026-05-27 0.4  74.39
 BRTX     BioRestorative Therapies Inc  0.06                 Biotechnology 2026-05-26 0.25  2026-05-27 0.43  73.30
 SNGX                    Soligenix Inc  0.08                 Biotechnology 2026-05-26 0.51  2026-05-27 0.87  69.75
 VCIG                   VCI Global Ltd  0.02         Professional Services  2026-05-26 2.9  2026-05-27 4.78  64.83
 NCPL                   Netcapital Inc  0.12            Financial Services 2026-05-26 1.07  2026-05-27 1.58  47.20
 OTLK         Outlook Therapeutics Inc  0.48                 Biotechnology  2026-05-26 0.4  2026-05-27 0.59  46.37
 VTIX             Virtuix Holdings Inc  1.12                    Technology  2026-05-26 3.0  2026-05-27 4.39  46.33
 TOPP            Toppoint Holdings Inc  0.21                   Road & Rail 2026-05-26 1.06  2026-05-27 1.54  45.28
IHRTB                  iHeartMedia Inc  6.88                         Media 2026-05-26 1.04  2026-05-27 1.51  45.19
LSBCF       LakeShore Biopharma Co Ltd  0.02                 Biotechnology 2026-05-26 0.07   2026-05-27 0.1  41.86
  FGL                Founder Group Ltd  0.02                  Construction 2026-05-26 1.88  2026-05-27 2.64  40.43
 APPS              Digital Turbine Inc  8.01                    Technology 2026-05-26 4.81  2026-05-27 6.68  38.88
 QTEX Inspira Technologies Oxy BHN Ltd  0.66                   Health Care 2026-05-26 1.52   2026-05-27 2.1  38.16
 VSEE                  Vsee Health Inc  0.07                   Health Care 2026-05-26 0.17  2026-05-27 0.22  34.49
 RYOJ                  rYojbaba Co Ltd  0.59                   Health Care 2026-05-26 3.85  2026-05-27 5.15  33.77

=== 市值超过20亿的涨幅榜前20名股票 ===
股票代码            公司名称            市值(亿)                板块                     昨天收盘              今天收盘       涨跌幅(%)
  DY      Dycom Industries Inc  126.22                  Construction 2026-05-26 420.47 2026-05-27 529.13 25.84 
LUNR    Intuitive Machines Inc   87.55           Aerospace & Defense  2026-05-26 34.86  2026-05-27 40.34 15.72 
IREN                  IREN Ltd  242.09                    Technology  2026-05-26 59.78  2026-05-27 67.84 13.48 
MANU     Manchester United PLC   34.00                         Media  2026-05-26 19.72  2026-05-27 22.22 12.68 
PENN    PENN Entertainment Inc   25.55 Hotels, Restaurants & Leisure  2026-05-26 17.06  2026-05-27 19.09 11.90 
ONDS                 Ondas Inc   53.54                Communications   2026-05-26 9.77   2026-05-27 10.8 10.54 
CORT  Corcept Therapeutics Inc   71.55               Pharmaceuticals  2026-05-26 60.36  2026-05-27 66.65 10.42 
 APP             Applovin Corp 1727.54                    Technology 2026-05-26 514.24 2026-05-27 567.83 10.42 
CBRS     Cerebras Systems Inc.  586.14                Semiconductors 2026-05-26 241.71  2026-05-27 266.9 10.42 
COHU                  Cohu Inc   25.92                Semiconductors  2026-05-26 49.93  2026-05-27 54.94 10.03 
 RUM                Rumble Inc   38.84                         Media   2026-05-26 8.91   2026-05-27 9.75  9.43 
CIFR        Cipher Digital Inc   94.16                    Technology  2026-05-26 23.02  2026-05-27 25.16  9.30 
 MGM MGM Resorts International  107.33 Hotels, Restaurants & Leisure  2026-05-26 38.45  2026-05-27 41.95  9.10 
 ANF    Abercrombie & Fitch Co   33.59                        Retail  2026-05-26 74.78  2026-05-27 81.42  8.88 
APLD      Applied Digital Corp  139.97                    Technology  2026-05-26 45.14  2026-05-27 48.98  8.51 
ERAS                Erasca Inc   35.76                 Biotechnology   2026-05-26 11.5  2026-05-27 12.47  8.43 
ASTS       AST SpaceMobile Inc  464.59             Telecommunication  2026-05-26 119.7  2026-05-27 129.6  8.27 
TVTX  Travere Therapeutics Inc   44.32                 Biotechnology  2026-05-26 44.29  2026-05-27 47.76  7.83 
PLUG            Plug Power Inc   53.57          Electrical Equipment   2026-05-26 3.84   2026-05-27 4.14  7.81 
BLLN          BillionToOne Inc   38.86                   Health Care  2026-05-26 84.48  2026-05-27 91.02  7.74 

=== 市值超过50亿的涨幅榜前20名股票 ===
 股票代码             公司名称              市值(亿)                板块                     昨天收盘              今天收盘       涨跌幅(%)
   DY         Dycom Industries Inc  126.22                  Construction 2026-05-26 420.47 2026-05-27 529.13 25.84 
 LUNR       Intuitive Machines Inc   87.55           Aerospace & Defense  2026-05-26 34.86  2026-05-27 40.34 15.72 
 IREN                     IREN Ltd  242.09                    Technology  2026-05-26 59.78  2026-05-27 67.84 13.48 
 ONDS                    Ondas Inc   53.54                Communications   2026-05-26 9.77   2026-05-27 10.8 10.54 
 CORT     Corcept Therapeutics Inc   71.55               Pharmaceuticals  2026-05-26 60.36  2026-05-27 66.65 10.42 
  APP                Applovin Corp 1727.54                    Technology 2026-05-26 514.24 2026-05-27 567.83 10.42 
 CBRS        Cerebras Systems Inc.  586.14                Semiconductors 2026-05-26 241.71  2026-05-27 266.9 10.42 
 CIFR           Cipher Digital Inc   94.16                    Technology  2026-05-26 23.02  2026-05-27 25.16  9.30 
  MGM    MGM Resorts International  107.33 Hotels, Restaurants & Leisure  2026-05-26 38.45  2026-05-27 41.95  9.10 
 APLD         Applied Digital Corp  139.97                    Technology  2026-05-26 45.14  2026-05-27 48.98  8.51 
 ASTS          AST SpaceMobile Inc  464.59             Telecommunication  2026-05-26 119.7  2026-05-27 129.6  8.27 
 PLUG               Plug Power Inc   53.57          Electrical Equipment   2026-05-26 3.84   2026-05-27 4.14  7.81 
NIOIF                      NIO Inc  125.69                   Automobiles    2026-05-26 5.3    2026-05-27 5.7  7.55 
  CLF         Cleveland-Cliffs Inc   68.34               Metals & Mining  2026-05-26 11.98  2026-05-27 12.83  7.10 
 LUMN       Lumen Technologies Inc  104.78             Telecommunication  2026-05-26 10.17  2026-05-27 10.87  6.88 
 CELH         Celsius Holdings Inc   80.91                     Beverages  2026-05-26 29.67  2026-05-27 31.65  6.67 
 RDDT                   Reddit Inc  296.83                         Media 2026-05-26 144.64 2026-05-27 154.19  6.60 
 CPNG                  Coupang Inc  295.47                        Retail  2026-05-26 15.47  2026-05-27 16.46  6.40 
   GH          Guardant Health Inc  158.92                   Health Care 2026-05-26 119.85 2026-05-27 127.51  6.39 
  UAL United Airlines Holdings Inc  341.35                      Airlines 2026-05-26 105.92 2026-05-27 112.62  6.33 

=== 市值超过100亿的涨幅榜前20名股票 ===
 股票代码              公司名称              市值(亿)                板块                     昨天收盘              今天收盘       涨跌幅(%)
   DY          Dycom Industries Inc  126.22                  Construction 2026-05-26 420.47 2026-05-27 529.13 25.84 
 IREN                      IREN Ltd  242.09                    Technology  2026-05-26 59.78  2026-05-27 67.84 13.48 
  APP                 Applovin Corp 1727.54                    Technology 2026-05-26 514.24 2026-05-27 567.83 10.42 
 CBRS         Cerebras Systems Inc.  586.14                Semiconductors 2026-05-26 241.71  2026-05-27 266.9 10.42 
  MGM     MGM Resorts International  107.33 Hotels, Restaurants & Leisure  2026-05-26 38.45  2026-05-27 41.95  9.10 
 APLD          Applied Digital Corp  139.97                    Technology  2026-05-26 45.14  2026-05-27 48.98  8.51 
 ASTS           AST SpaceMobile Inc  464.59             Telecommunication  2026-05-26 119.7  2026-05-27 129.6  8.27 
NIOIF                       NIO Inc  125.69                   Automobiles    2026-05-26 5.3    2026-05-27 5.7  7.55 
 LUMN        Lumen Technologies Inc  104.78             Telecommunication  2026-05-26 10.17  2026-05-27 10.87  6.88 
 RDDT                    Reddit Inc  296.83                         Media 2026-05-26 144.64 2026-05-27 154.19  6.60 
 CPNG                   Coupang Inc  295.47                        Retail  2026-05-26 15.47  2026-05-27 16.46  6.40 
   GH           Guardant Health Inc  158.92                   Health Care 2026-05-26 119.85 2026-05-27 127.51  6.39 
  UAL  United Airlines Holdings Inc  341.35                      Airlines 2026-05-26 105.92 2026-05-27 112.62  6.33 
  VIK Viking Holdings Ltd(Pembroke)  366.87 Hotels, Restaurants & Leisure  2026-05-26 87.73  2026-05-27 92.55  5.49 
   GM             General Motors Co  719.44                   Automobiles  2026-05-26 79.79  2026-05-27 84.12  5.43 
 APTV                     APTIV PLC  130.99               Auto Components  2026-05-26 58.76   2026-05-27 61.9  5.34 
   EL    Estee Lauder Companies Inc  313.31             Consumer products   2026-05-26 86.6   2026-05-27 91.2  5.31 
 DKNG                Draftkings Inc  118.13 Hotels, Restaurants & Leisure  2026-05-26 23.81  2026-05-27 25.07  5.29 
 TOST                     Toast Inc  142.10            Financial Services  2026-05-26 23.32   2026-05-27 24.5  5.06 
 RKLB               Rocket Lab Corp  828.94           Aerospace & Defense  2026-05-26 143.2 2026-05-27 150.23  4.91 

=== 市值超过200亿的涨幅榜前20名股票 ===
股票代码              公司名称              市值(亿)                 板块                     昨天收盘              今天收盘       涨跌幅(%)
IREN                      IREN Ltd   242.09                    Technology  2026-05-26 59.78  2026-05-27 67.84 13.48 
 APP                 Applovin Corp  1727.54                    Technology 2026-05-26 514.24 2026-05-27 567.83 10.42 
CBRS         Cerebras Systems Inc.   586.14                Semiconductors 2026-05-26 241.71  2026-05-27 266.9 10.42 
ASTS           AST SpaceMobile Inc   464.59             Telecommunication  2026-05-26 119.7  2026-05-27 129.6  8.27 
RDDT                    Reddit Inc   296.83                         Media 2026-05-26 144.64 2026-05-27 154.19  6.60 
CPNG                   Coupang Inc   295.47                        Retail  2026-05-26 15.47  2026-05-27 16.46  6.40 
 UAL  United Airlines Holdings Inc   341.35                      Airlines 2026-05-26 105.92 2026-05-27 112.62  6.33 
 VIK Viking Holdings Ltd(Pembroke)   366.87 Hotels, Restaurants & Leisure  2026-05-26 87.73  2026-05-27 92.55  5.49 
  GM             General Motors Co   719.44                   Automobiles  2026-05-26 79.79  2026-05-27 84.12  5.43 
  EL    Estee Lauder Companies Inc   313.31             Consumer products   2026-05-26 86.6   2026-05-27 91.2  5.31 
RKLB               Rocket Lab Corp   828.94           Aerospace & Defense  2026-05-26 143.2 2026-05-27 150.23  4.91 
TEAM                Atlassian Corp   215.50                    Technology  2026-05-26 84.92  2026-05-27 89.07  4.89 
 CCL                 Carnival Corp   369.47 Hotels, Restaurants & Leisure  2026-05-26 26.71  2026-05-27 27.98  4.75 
 HPQ                        HP Inc   233.12                    Technology  2026-05-26 24.43  2026-05-27 25.49  4.34 
CVNA                    Carvana Co   769.43                        Retail  2026-05-26 70.15   2026-05-27 73.0  4.06 
 CRH                       CRH PLC   682.30                  Construction 2026-05-26 102.11 2026-05-27 106.25  4.05 
 HLT Hilton Worldwide Holdings Inc   737.15 Hotels, Restaurants & Leisure 2026-05-26 323.81 2026-05-27 336.72  3.99 
META            Meta Platforms Inc 16125.46                         Media 2026-05-26 612.34 2026-05-27 635.26  3.74 
   F                 Ford Motor Co   610.45                   Automobiles  2026-05-26 15.32  2026-05-27 15.88  3.66 
  MU         Micron Technology Inc 10470.00                Semiconductors 2026-05-26 895.88 2026-05-27 928.41  3.63 

=== 市值超过1000亿的涨跌榜前20名股票 ===
 股票代码                 公司名称                  市值(亿)                 板块                      昨天收盘               今天收盘        涨跌幅(%)
  APP                        Applovin Corp  1727.54                     Technology  2026-05-26 514.24  2026-05-27 567.83 10.42 
 META                   Meta Platforms Inc 16125.46                          Media  2026-05-26 612.34  2026-05-27 635.26  3.74 
   MU                Micron Technology Inc 10470.00                 Semiconductors  2026-05-26 895.88  2026-05-27 928.41  3.63 
  MAR           Marriott International Inc  1017.47  Hotels, Restaurants & Leisure  2026-05-26 373.81  2026-05-27 385.86  3.22 
   PG                  Procter & Gamble Co  3328.97              Consumer products  2026-05-26 142.96  2026-05-27 147.49  3.17 
 BKNG                 Booking Holdings Inc  1265.38  Hotels, Restaurants & Leisure   2026-05-26 163.3  2026-05-27 168.37  3.10 
  UNP                   Union Pacific Corp  1612.29                    Road & Rail   2026-05-26 271.1  2026-05-27 279.39  3.06 
  STX      Seagate Technology Holdings PLC  1896.44                     Technology  2026-05-26 845.76  2026-05-27 870.66  2.94 
   BA                            Boeing Co  1725.59            Aerospace & Defense   2026-05-26 218.9   2026-05-27 224.3  2.47 
 AMZN                       Amazon.com Inc 28537.54                         Retail  2026-05-26 265.29  2026-05-27 271.85  2.47 
EADSF                            Airbus SE  1356.24            Aerospace & Defense   2026-05-26 200.2   2026-05-27 205.0  2.40 
   HD                       Home Depot Inc  3165.87                         Retail  2026-05-26 310.54  2026-05-27 317.85  2.35 
SAFRF                            Safran SA  1230.31            Aerospace & Defense  2026-05-26 342.84  2026-05-27 350.16  2.14 
  UNH               UnitedHealth Group Inc  3534.86                    Health Care  2026-05-26 376.86  2026-05-27 384.01  1.90 
  IBM International Business Machines Corp  2398.59                     Technology  2026-05-26 250.69   2026-05-27 255.2  1.80 
  TMO         Thermo Fisher Scientific Inc  1665.53 Life Sciences Tools & Services  2026-05-26 448.18  2026-05-27 456.21  1.79 
  LLY                     Eli Lilly and Co 10027.10                Pharmaceuticals 2026-05-26 1064.74 2026-05-27 1082.92  1.71 
 SHOP                          Shopify Inc  1361.24                     Technology   2026-05-26 104.9   2026-05-27 106.6  1.62 
 TSLA                            Tesla Inc 16538.70                    Automobiles  2026-05-26 433.59  2026-05-27 440.36  1.56 
  CVS                      CVS Health Corp  1157.65                    Health Care   2026-05-26 90.73   2026-05-27 92.07  1.48 
