
=== 涨幅榜前20名股票 ===
 股票代码            公司名称            市值(亿)               板块                     昨天收盘             今天收盘       涨跌幅(%)
 ONVO      Organovo Holdings Inc  0.06                  Biotechnology  2025-02-24 0.37  2025-02-25 1.27 243.24
 RETO     ReTo Eco-Solutions Inc  0.12                   Construction  2025-02-24 0.59  2025-02-25 1.08  83.05
NCNCF              noco-noco Inc  0.00           Electrical Equipment   2025-02-24 0.0   2025-02-25 0.0  80.00
 VERO          Venus Concept Inc  0.02                    Health Care  2025-02-24 0.31  2025-02-25 0.54  76.47
 SLXN Silexion Therapeutics Corp  0.06                  Biotechnology  2025-02-24 0.75  2025-02-25 1.23  64.00
 BREA         Brera Holdings PLC  0.07                          Media  2025-02-24 0.63  2025-02-25 0.94  49.06
 LVTX       LAVA Therapeutics NV  0.25                  Biotechnology  2025-02-24 0.94  2025-02-25 1.34  42.55
  MFI   mF International Limited  0.08             Financial Services   2025-02-24 0.6  2025-02-25 0.85  41.68
 DOMH      Dominari Holdings Inc  0.83             Financial Services  2025-02-24 7.58   2025-02-25 9.9  30.61
 EVER              EverQuote Inc  7.12                          Media 2025-02-24 20.15 2025-02-25 25.62  27.15
  CTM              Castellum Inc  0.60                     Technology  2025-02-24 0.78  2025-02-25 0.98  25.79
 AHCO           Adapthealth Corp 11.50                    Health Care  2025-02-24 8.55 2025-02-25 10.64  24.44
 BEEP Mobile Infrastructure Corp  1.22 Commercial Services & Supplies   2025-02-24 2.9  2025-02-25 3.57  23.10
 GTBP           GT Biopharma Inc  0.05                  Biotechnology  2025-02-24 2.03  2025-02-25 2.46  21.18
 MBRX      Moleculin Biotech Inc  0.04                  Biotechnology  2025-02-24 1.07  2025-02-25 1.29  20.56
  GDC       GD Culture Group Ltd  0.17                          Media  2025-02-24 1.52  2025-02-25 1.83  20.39
 TTOO          T2 Biosystems Inc  0.03                  Biotechnology  2025-02-24 0.11  2025-02-25 0.13  20.37
 ADIL  Adial Pharmaceuticals Inc  0.05                Pharmaceuticals  2025-02-24 0.77  2025-02-25 0.92  19.86
 LOGC           Contextlogic Inc  1.90                         Retail  2025-02-24 7.22  2025-02-25 8.63  19.61
  DDC         DDC Enterprise Ltd  0.17                  Food Products  2025-02-24 0.22  2025-02-25 0.26  18.14

=== 市值超过20亿的涨幅榜前20名股票 ===
 股票代码             公司名称             市值(亿)                 板块                       昨天收盘              今天收盘       涨跌幅(%)
 GSHD     Goosehead Insurance Inc   39.21                        Insurance 2025-02-24 105.65 2025-02-25 122.45 15.90 
 JBTM John Bean Technologies Corp   60.82                        Machinery 2025-02-24 117.24  2025-02-25 135.2 15.32 
 ITRI                   Itron Inc   41.75             Electrical Equipment   2025-02-24 92.6 2025-02-25 101.81  9.95 
 DOCN   DigitalOcean Holdings Inc   34.30                       Technology  2025-02-24 37.17  2025-02-25 40.83  9.85 
 PRIM      Primoris Services Corp   34.55                     Construction  2025-02-24 64.32  2025-02-25 70.51  9.62 
 SOLV              Solventum Corp  131.78                      Health Care  2025-02-24 76.28  2025-02-25 83.56  9.54 
 NOVT                 Novanta Inc   49.68             Electrical Equipment  2025-02-24 138.3 2025-02-25 148.25  7.19 
  AAP      Advance Auto Parts Inc   25.57                           Retail  2025-02-24 42.81  2025-02-25 45.88  7.17 
  OGN                Organon & Co   38.84                  Pharmaceuticals  2025-02-24 15.08  2025-02-25 16.13  6.96 
  BGC               Bgc Group Inc   42.69               Financial Services    2025-02-24 8.9    2025-02-25 9.5  6.74 
 STRL Sterling Infrastructure Inc   33.37                     Construction 2025-02-24 108.65 2025-02-25 115.94  6.71 
  MOH       Molina Healthcare Inc  159.52                      Health Care 2025-02-24 287.42 2025-02-25 305.97  6.45 
  SEE      Sealed Air Corporation   46.81                        Packaging  2025-02-24 32.13   2025-02-25 34.0  5.82 
 GRBK    Green Brick Partners Inc   25.19                Consumer products  2025-02-24 56.61  2025-02-25 59.85  5.72 
BABAF   Alibaba Group Holding Ltd 3387.04                           Retail   2025-02-24 16.0  2025-02-25 16.88  5.50 
 TMHC   Taylor Morrison Home Corp   61.63                Consumer products  2025-02-24 60.58  2025-02-25 63.91  5.50 
THLEF                   Thales SA  374.55              Aerospace & Defense  2025-02-24 190.0  2025-02-25 200.4  5.47 
  ODD             Oddity Tech Ltd   24.54                Consumer products  2025-02-24 43.16  2025-02-25 45.52  5.47 
  HBI             HanesBrands Inc   21.57 Textiles, Apparel & Luxury Goods   2025-02-24 6.11   2025-02-25 6.44  5.40 
 ENSG            Ensign Group Inc   74.17                      Health Care 2025-02-24 129.09  2025-02-25 135.9  5.28 

=== 市值超过50亿的涨幅榜前20名股票 ===
 股票代码                公司名称                市值(亿)           板块                昨天收盘               今天收盘        涨跌幅(%)
 JBTM       John Bean Technologies Corp   60.82           Machinery  2025-02-24 117.24   2025-02-25 135.2 15.32 
 SOLV                    Solventum Corp  131.78         Health Care   2025-02-24 76.28   2025-02-25 83.56  9.54 
  MOH             Molina Healthcare Inc  159.52         Health Care  2025-02-24 287.42  2025-02-25 305.97  6.45 
BABAF         Alibaba Group Holding Ltd 3387.04              Retail    2025-02-24 16.0   2025-02-25 16.88  5.50 
 TMHC         Taylor Morrison Home Corp   61.63   Consumer products   2025-02-24 60.58   2025-02-25 63.91  5.50 
THLEF                         Thales SA  374.55 Aerospace & Defense   2025-02-24 190.0   2025-02-25 200.4  5.47 
 ENSG                  Ensign Group Inc   74.17         Health Care  2025-02-24 129.09   2025-02-25 135.9  5.28 
  RKT              Rocket Companies Inc  261.31  Financial Services    2025-02-24 13.1   2025-02-25 13.78  5.19 
 FICO                   Fair Isaac Corp  422.97          Technology  2025-02-24 1732.2 2025-02-25 1816.76  4.88 
 BCPC                      Balchem Corp   53.82           Chemicals  2025-02-24 165.57  2025-02-25 173.59  4.84 
  DHI                     DR Horton Inc  398.38   Consumer products  2025-02-24 126.42  2025-02-25 132.11  4.50 
  PHM                    Pultegroup Inc  205.90   Consumer products   2025-02-24 101.7  2025-02-25 106.23  4.45 
  ELV               Elevance Health Inc  875.90         Health Care  2025-02-24 385.26  2025-02-25 401.93  4.33 
   CI                       Cigna Group  837.29         Health Care  2025-02-24 301.02   2025-02-25 313.9  4.28 
  HCA                HCA Healthcare Inc  793.63         Health Care  2025-02-24 319.57  2025-02-25 333.07  4.22 
  UHS     Universal Health Services Inc  119.68         Health Care  2025-02-24 181.46  2025-02-25 189.01  4.16 
  CNC                      Centene Corp  292.32         Health Care   2025-02-24 58.93   2025-02-25 61.33  4.07 
  HII Huntington Ingalls Industries Inc   66.06 Aerospace & Defense  2025-02-24 168.81  2025-02-25 175.48  3.95 
  NVR                           NVR Inc  211.19   Consumer products 2025-02-24 7062.02  2025-02-25 7335.4  3.87 
 CRVL                       CorVel Corp   54.57         Health Care  2025-02-24 106.26  2025-02-25 110.23  3.74 

=== 市值超过100亿的涨幅榜前20名股票 ===
 股票代码              公司名称              市值(亿)                板块                     昨天收盘               今天收盘        涨跌幅(%)
 SOLV                Solventum Corp  131.78                   Health Care   2025-02-24 76.28   2025-02-25 83.56  9.54 
  MOH         Molina Healthcare Inc  159.52                   Health Care  2025-02-24 287.42  2025-02-25 305.97  6.45 
BABAF     Alibaba Group Holding Ltd 3387.04                        Retail    2025-02-24 16.0   2025-02-25 16.88  5.50 
THLEF                     Thales SA  374.55           Aerospace & Defense   2025-02-24 190.0   2025-02-25 200.4  5.47 
  RKT          Rocket Companies Inc  261.31            Financial Services    2025-02-24 13.1   2025-02-25 13.78  5.19 
 FICO               Fair Isaac Corp  422.97                    Technology  2025-02-24 1732.2 2025-02-25 1816.76  4.88 
  DHI                 DR Horton Inc  398.38             Consumer products  2025-02-24 126.42  2025-02-25 132.11  4.50 
  PHM                Pultegroup Inc  205.90             Consumer products   2025-02-24 101.7  2025-02-25 106.23  4.45 
  ELV           Elevance Health Inc  875.90                   Health Care  2025-02-24 385.26  2025-02-25 401.93  4.33 
   CI                   Cigna Group  837.29                   Health Care  2025-02-24 301.02   2025-02-25 313.9  4.28 
  HCA            HCA Healthcare Inc  793.63                   Health Care  2025-02-24 319.57  2025-02-25 333.07  4.22 
  UHS Universal Health Services Inc  119.68                   Health Care  2025-02-24 181.46  2025-02-25 189.01  4.16 
  CNC                  Centene Corp  292.32                   Health Care   2025-02-24 58.93   2025-02-25 61.33  4.07 
  NVR                       NVR Inc  211.19             Consumer products 2025-02-24 7062.02  2025-02-25 7335.4  3.87 
  TOL             Toll Brothers Inc  110.43             Consumer products  2025-02-24 110.55   2025-02-25 114.6  3.66 
  MCK                 Mckesson Corp  759.18                   Health Care  2025-02-24 605.76  2025-02-25 627.08  3.52 
  DPZ            Domino's Pizza Inc  157.36 Hotels, Restaurants & Leisure  2025-02-24 455.64  2025-02-25 470.14  3.18 
 BMRN   BioMarin Pharmaceutical Inc  131.51                 Biotechnology   2025-02-24 69.01   2025-02-25 71.17  3.13 
LRLCF                    L'Oreal SA 1838.87             Consumer products  2025-02-24 355.35   2025-02-25 366.0  3.00 
    Z              Zillow Group Inc  183.51                   Real Estate   2025-02-24 75.15   2025-02-25 77.34  2.91 

=== 市值超过200亿的涨幅榜前20名股票 ===
 股票代码             公司名称             市值(亿)                板块                     昨天收盘               今天收盘        涨跌幅(%)
BABAF   Alibaba Group Holding Ltd 3387.04                        Retail    2025-02-24 16.0   2025-02-25 16.88  5.50 
THLEF                   Thales SA  374.55           Aerospace & Defense   2025-02-24 190.0   2025-02-25 200.4  5.47 
  RKT        Rocket Companies Inc  261.31            Financial Services    2025-02-24 13.1   2025-02-25 13.78  5.19 
 FICO             Fair Isaac Corp  422.97                    Technology  2025-02-24 1732.2 2025-02-25 1816.76  4.88 
  DHI               DR Horton Inc  398.38             Consumer products  2025-02-24 126.42  2025-02-25 132.11  4.50 
  PHM              Pultegroup Inc  205.90             Consumer products   2025-02-24 101.7  2025-02-25 106.23  4.45 
  ELV         Elevance Health Inc  875.90                   Health Care  2025-02-24 385.26  2025-02-25 401.93  4.33 
   CI                 Cigna Group  837.29                   Health Care  2025-02-24 301.02   2025-02-25 313.9  4.28 
  HCA          HCA Healthcare Inc  793.63                   Health Care  2025-02-24 319.57  2025-02-25 333.07  4.22 
  CNC                Centene Corp  292.32                   Health Care   2025-02-24 58.93   2025-02-25 61.33  4.07 
  NVR                     NVR Inc  211.19             Consumer products 2025-02-24 7062.02  2025-02-25 7335.4  3.87 
  MCK               Mckesson Corp  759.18                   Health Care  2025-02-24 605.76  2025-02-25 627.08  3.52 
LRLCF                  L'Oreal SA 1838.87             Consumer products  2025-02-24 355.35   2025-02-25 366.0  3.00 
  RMD                  Resmed Inc  337.28                   Health Care  2025-02-24 229.65  2025-02-25 236.19  2.85 
   HD              Home Depot Inc 3798.82                        Retail  2025-02-24 382.42  2025-02-25 393.29  2.84 
 CVNA                  Carvana Co  459.74                        Retail  2025-02-24 215.65  2025-02-25 221.68  2.80 
  EDR Endeavor Group Holdings Inc  205.52                         Media   2025-02-24 30.04   2025-02-25 30.88  2.80 
  CHD      Church & Dwight Co Inc  264.64             Consumer products  2025-02-24 107.59  2025-02-25 110.57  2.77 
  YUM             Yum! Brands Inc  419.46 Hotels, Restaurants & Leisure  2025-02-24 150.23  2025-02-25 154.15  2.61 
  COR                 Cencora Inc  473.62                   Health Care  2025-02-24 244.24  2025-02-25 250.53  2.58 

=== 市值超过1000亿的涨跌榜前20名股票 ===
 股票代码            公司名称            市值(亿)                 板块                       昨天收盘              今天收盘        涨跌幅(%)
BABAF Alibaba Group Holding Ltd 3387.04                           Retail   2025-02-24 16.0   2025-02-25 16.88  5.50 
LRLCF                L'Oreal SA 1838.87                Consumer products 2025-02-24 355.35   2025-02-25 366.0  3.00 
   HD            Home Depot Inc 3798.82                           Retail 2025-02-24 382.42  2025-02-25 393.29  2.84 
  LLY          Eli Lilly and Co 8357.17                  Pharmaceuticals  2025-02-24 881.4   2025-02-25 901.8  2.31 
  PGR          Progressive Corp 1597.10                        Insurance 2025-02-24 272.63  2025-02-25 278.52  2.16 
  LIN                 Linde PLC 2183.33                        Chemicals 2025-02-24 458.53  2025-02-25 467.49  1.95 
 COST     Costco Wholesale Corp 4597.02                           Retail 2025-02-24 1035.6 2025-02-25 1055.66  1.94 
  UNH    Unitedhealth Group Inc 4247.30                      Health Care 2025-02-24 461.52  2025-02-25 470.38  1.92 
 AMGN                 Amgen Inc 1663.83                    Biotechnology 2025-02-24 309.72  2025-02-25 315.63  1.91 
  LMT      Lockheed Martin Corp 1036.33              Aerospace & Defense 2025-02-24 440.27  2025-02-25 448.46  1.86 
  NKE                  Nike Inc 1187.45 Textiles, Apparel & Luxury Goods  2025-02-24 80.28   2025-02-25 81.72  1.79 
  PEP               PepsiCo Inc 2110.05                        Beverages 2025-02-24 153.85  2025-02-25 156.42  1.67 
 CSCO         Cisco Systems Inc 2515.87                   Communications  2025-02-24 63.24   2025-02-25 64.27  1.63 
  RTX                  RTX Corp 1670.88              Aerospace & Defense 2025-02-24 125.43  2025-02-25 127.34  1.52 
  UNP        Union Pacific Corp 1477.67                      Road & Rail 2025-02-24 242.33  2025-02-25 245.89  1.47 
   CB                 Chubb Ltd 1102.23                        Insurance 2025-02-24 273.44  2025-02-25 277.45  1.47 
  JNJ         Johnson & Johnson 3942.23                  Pharmaceuticals 2025-02-24 163.74  2025-02-25 166.09  1.44 
   KO              Coca-Cola Co 3036.08                        Beverages  2025-02-24 70.59   2025-02-25 71.49  1.27 
   PG       Procter & Gamble Co 3998.91                Consumer products 2025-02-24 170.54  2025-02-25 172.65  1.24 
 SBUX            Starbucks Corp 1285.73    Hotels, Restaurants & Leisure 2025-02-24 113.19  2025-02-25 114.59  1.24 
