
=== 涨幅榜前20名股票 ===
 股票代码              公司名称             市值(亿)               板块                     昨天收盘             今天收盘       涨跌幅(%)
 SPHL       Springview Holdings Ltd  0.29              Consumer products  2026-06-04 2.39  2026-06-05 5.35 123.94
 OCEA          Ocean Biomedical Inc  0.00                  Biotechnology   2026-06-04 0.0   2026-06-05 0.0 100.00
FAASF                 DigiAsia Corp  0.02             Financial Services  2026-06-04 0.02  2026-06-05 0.03  98.01
 NOTV                    Inotiv Inc  0.07 Life Sciences Tools & Services  2026-06-04 0.09  2026-06-05 0.17  84.56
 RMSG           Real Messenger Corp  0.05                    Real Estate   2026-06-04 1.1  2026-06-05 1.83  66.36
  STI       Solidion Technology Inc  0.39           Electrical Equipment 2026-06-04 22.71 2026-06-05 35.72  57.29
 PEVM             Phoenix Motor Inc  0.04                    Automobiles  2026-06-04 2.07  2026-06-05 3.06  47.83
 BGMS    Bio Green Med Solution Inc  0.08                  Biotechnology  2026-06-04 1.06   2026-06-05 1.5  41.51
 SUGP         SU Group Holdings Ltd  0.02 Commercial Services & Supplies  2026-06-04 0.72   2026-06-05 1.0  39.05
 ELOG     Eastern International Ltd  0.15                    Road & Rail  2026-06-04 0.88  2026-06-05 1.21  38.29
 CMND        Clearmind Medicine Inc  0.04                Pharmaceuticals  2026-06-04 2.91  2026-06-05 3.98  36.77
 SNBR             Sleep Number Corp  0.14                         Retail  2026-06-04 0.35  2026-06-05 0.48  36.46
 BNAI  Brand Engagement Network Inc  1.50                     Technology 2026-06-04 16.34 2026-06-05 22.17  35.68
 BBCP Concrete Pumping Holdings Inc  5.31                   Construction  2026-06-04 7.98 2026-06-05 10.43  30.70
 SMTK                  SmartKem Inc  0.09                 Semiconductors  2026-06-04 0.32  2026-06-05 0.41  27.72
 VVOS        Vivos Therapeutics Inc  0.10                    Health Care  2026-06-04 0.69  2026-06-05 0.86  24.75
 CALC               CalciMedica Inc  0.15                Pharmaceuticals  2026-06-04 0.85  2026-06-05 1.06  24.56
 JLHL            Julong Holding Ltd  9.46                   Construction 2026-06-04 36.25  2026-06-05 44.8  23.59
 HURC           Hurco Companies Inc  1.36                      Machinery 2026-06-04 17.12 2026-06-05 21.13  23.42
 DXST            Decent Holding Inc  0.07 Commercial Services & Supplies  2026-06-04 3.37  2026-06-05 4.14  22.85

=== 市值超过20亿的涨幅榜前20名股票 ===
 股票代码                   公司名称                    市值(亿)                板块                      昨天收盘              今天收盘       涨跌幅(%)
OVHFF                            Ovh Groupe SA   26.01                     Technology  2026-06-04 17.13   2026-06-05 19.6 14.42 
  COO                     Cooper Companies Inc  131.39                    Health Care  2026-06-04 62.02  2026-06-05 67.34  8.58 
FCNCB First Citizens BancShares Inc (Delaware)  237.25                        Banking 2026-06-04 1750.0 2026-06-05 1872.0  6.97 
  ABM                       ABM Industries Inc   24.89 Commercial Services & Supplies  2026-06-04 39.88  2026-06-05 42.54  6.67 
 ARCB                             ArcBest Corp   34.28                    Road & Rail 2026-06-04 146.08 2026-06-05 155.09  6.17 
   NP           Neptune Insurance Holdings Inc   34.98                      Insurance  2026-06-04 24.08  2026-06-05 25.49  5.86 
 TXRH                      Texas Roadhouse Inc  111.21  Hotels, Restaurants & Leisure  2026-06-04 161.3 2026-06-05 170.46  5.68 
 COKE               Coca-Cola Consolidated Inc  120.28                      Beverages 2026-06-04 170.27 2026-06-05 179.91  5.66 
 FIZZ                   National Beverage Corp   34.30                      Beverages  2026-06-04 34.73  2026-06-05 36.51  5.13 
 PLMR                     Palomar Holdings Inc   28.62                      Insurance 2026-06-04 103.27 2026-06-05 108.51  5.07 
  CLX                                Clorox Co  112.89              Consumer products  2026-06-04 89.63  2026-06-05 94.14  5.03 
 KVUE                               Kenvue Inc  337.92              Consumer products  2026-06-04 16.88  2026-06-05 17.71  4.92 
  KMB                      Kimberly-Clark Corp  327.03              Consumer products  2026-06-04 94.47  2026-06-05 99.04  4.84 
  ALL                            Allstate Corp  568.93                      Insurance 2026-06-04 210.84 2026-06-05 221.01  4.82 
 UNFI                 United Natural Foods Inc   32.18                         Retail  2026-06-04 52.97  2026-06-05 55.52  4.81 
   HG             Hamilton Insurance Group Ltd   29.94                      Insurance  2026-06-04 29.12  2026-06-05 30.49  4.70 
   EG                        Everest Group Ltd  132.33                      Insurance  2026-06-04 319.5 2026-06-05 334.41  4.67 
 PODD                             Insulet Corp  106.13                    Health Care 2026-06-04 146.41 2026-06-05 153.22  4.65 
  HCI                            Hci Group Inc   20.04                      Insurance 2026-06-04 150.23 2026-06-05 156.98  4.49 
  PGR                         Progressive Corp 1188.10                      Insurance 2026-06-04 195.38 2026-06-05 204.02  4.42 

=== 市值超过50亿的涨幅榜前20名股票 ===
 股票代码                   公司名称                    市值(亿)                板块                     昨天收盘              今天收盘       涨跌幅(%)
  COO                     Cooper Companies Inc  131.39                   Health Care  2026-06-04 62.02  2026-06-05 67.34  8.58 
FCNCB First Citizens BancShares Inc (Delaware)  237.25                       Banking 2026-06-04 1750.0 2026-06-05 1872.0  6.97 
 TXRH                      Texas Roadhouse Inc  111.21 Hotels, Restaurants & Leisure  2026-06-04 161.3 2026-06-05 170.46  5.68 
 COKE               Coca-Cola Consolidated Inc  120.28                     Beverages 2026-06-04 170.27 2026-06-05 179.91  5.66 
  CLX                                Clorox Co  112.89             Consumer products  2026-06-04 89.63  2026-06-05 94.14  5.03 
 KVUE                               Kenvue Inc  337.92             Consumer products  2026-06-04 16.88  2026-06-05 17.71  4.92 
  KMB                      Kimberly-Clark Corp  327.03             Consumer products  2026-06-04 94.47  2026-06-05 99.04  4.84 
  ALL                            Allstate Corp  568.93                     Insurance 2026-06-04 210.84 2026-06-05 221.01  4.82 
   EG                        Everest Group Ltd  132.33                     Insurance  2026-06-04 319.5 2026-06-05 334.41  4.67 
 PODD                             Insulet Corp  106.13                   Health Care 2026-06-04 146.41 2026-06-05 153.22  4.65 
  PGR                         Progressive Corp 1188.10                     Insurance 2026-06-04 195.38 2026-06-05 204.02  4.42 
  EHC                    Encompass Health Corp  103.46                   Health Care  2026-06-04 99.84 2026-06-05 104.01  4.18 
 TTAN                         ServiceTitan Inc   73.32                    Technology  2026-06-04 74.33   2026-06-05 77.4  4.13 
  CMG               Chipotle Mexican Grill Inc  376.35 Hotels, Restaurants & Leisure  2026-06-04 28.18  2026-06-05 29.34  4.12 
   CL                     Colgate-Palmolive Co  708.81             Consumer products   2026-06-04 85.1  2026-06-05 88.58  4.09 
   PG                      Procter & Gamble Co 3421.03             Consumer products 2026-06-04 140.78 2026-06-05 146.54  4.09 
  MCY                     Mercury General Corp   55.81                     Insurance  2026-06-04 97.55 2026-06-05 101.47  4.02 
  RNR               Renaissancere Holdings Ltd  122.99                     Insurance 2026-06-04 277.73 2026-06-05 288.48  3.87 
 OSCR                         Oscar Health Inc   73.90                     Insurance   2026-06-04 23.6  2026-06-05 24.51  3.86 
  HIG             Hartford Insurance Group Inc  362.24                     Insurance 2026-06-04 127.33 2026-06-05 132.14  3.78 

=== 市值超过100亿的涨幅榜前20名股票 ===
 股票代码                   公司名称                    市值(亿)                板块                     昨天收盘              今天收盘       涨跌幅(%)
  COO                     Cooper Companies Inc  131.39                   Health Care  2026-06-04 62.02  2026-06-05 67.34  8.58 
FCNCB First Citizens BancShares Inc (Delaware)  237.25                       Banking 2026-06-04 1750.0 2026-06-05 1872.0  6.97 
 TXRH                      Texas Roadhouse Inc  111.21 Hotels, Restaurants & Leisure  2026-06-04 161.3 2026-06-05 170.46  5.68 
 COKE               Coca-Cola Consolidated Inc  120.28                     Beverages 2026-06-04 170.27 2026-06-05 179.91  5.66 
  CLX                                Clorox Co  112.89             Consumer products  2026-06-04 89.63  2026-06-05 94.14  5.03 
 KVUE                               Kenvue Inc  337.92             Consumer products  2026-06-04 16.88  2026-06-05 17.71  4.92 
  KMB                      Kimberly-Clark Corp  327.03             Consumer products  2026-06-04 94.47  2026-06-05 99.04  4.84 
  ALL                            Allstate Corp  568.93                     Insurance 2026-06-04 210.84 2026-06-05 221.01  4.82 
   EG                        Everest Group Ltd  132.33                     Insurance  2026-06-04 319.5 2026-06-05 334.41  4.67 
 PODD                             Insulet Corp  106.13                   Health Care 2026-06-04 146.41 2026-06-05 153.22  4.65 
  PGR                         Progressive Corp 1188.10                     Insurance 2026-06-04 195.38 2026-06-05 204.02  4.42 
  EHC                    Encompass Health Corp  103.46                   Health Care  2026-06-04 99.84 2026-06-05 104.01  4.18 
  CMG               Chipotle Mexican Grill Inc  376.35 Hotels, Restaurants & Leisure  2026-06-04 28.18  2026-06-05 29.34  4.12 
   CL                     Colgate-Palmolive Co  708.81             Consumer products   2026-06-04 85.1  2026-06-05 88.58  4.09 
   PG                      Procter & Gamble Co 3421.03             Consumer products 2026-06-04 140.78 2026-06-05 146.54  4.09 
  RNR               Renaissancere Holdings Ltd  122.99                     Insurance 2026-06-04 277.73 2026-06-05 288.48  3.87 
  HIG             Hartford Insurance Group Inc  362.24                     Insurance 2026-06-04 127.33 2026-06-05 132.14  3.78 
   CB                            Chubb Limited 1267.37                     Insurance  2026-06-04 314.5 2026-06-05 326.27  3.74 
  CNA                       CNA Financial Corp  118.11                     Insurance  2026-06-04 42.12  2026-06-05 43.66  3.66 
  RGA         Reinsurance Group of America Inc  132.89                     Insurance 2026-06-04 197.97 2026-06-05 204.96  3.53 

=== 市值超过200亿的涨幅榜前20名股票 ===
 股票代码                   公司名称                    市值(亿)                板块                     昨天收盘              今天收盘       涨跌幅(%)
FCNCB First Citizens BancShares Inc (Delaware)  237.25                       Banking 2026-06-04 1750.0 2026-06-05 1872.0  6.97 
 KVUE                               Kenvue Inc  337.92             Consumer products  2026-06-04 16.88  2026-06-05 17.71  4.92 
  KMB                      Kimberly-Clark Corp  327.03             Consumer products  2026-06-04 94.47  2026-06-05 99.04  4.84 
  ALL                            Allstate Corp  568.93                     Insurance 2026-06-04 210.84 2026-06-05 221.01  4.82 
  PGR                         Progressive Corp 1188.10                     Insurance 2026-06-04 195.38 2026-06-05 204.02  4.42 
  CMG               Chipotle Mexican Grill Inc  376.35 Hotels, Restaurants & Leisure  2026-06-04 28.18  2026-06-05 29.34  4.12 
   CL                     Colgate-Palmolive Co  708.81             Consumer products   2026-06-04 85.1  2026-06-05 88.58  4.09 
   PG                      Procter & Gamble Co 3421.03             Consumer products 2026-06-04 140.78 2026-06-05 146.54  4.09 
  HIG             Hartford Insurance Group Inc  362.24                     Insurance 2026-06-04 127.33 2026-06-05 132.14  3.78 
   CB                            Chubb Limited 1267.37                     Insurance  2026-06-04 314.5 2026-06-05 326.27  3.74 
   KO                             Coca-Cola Co 3437.25                     Beverages  2026-06-04 76.82  2026-06-05 79.48  3.46 
  TRV                  Travelers Companies Inc  644.84                     Insurance 2026-06-04 293.43 2026-06-05 303.25  3.35 
  TSN                          Tyson Foods Inc  202.87                 Food Products  2026-06-04 56.88  2026-06-05 58.73  3.25 
 ACGL                   Arch Capital Group Ltd  318.61                     Insurance  2026-06-04 88.34  2026-06-05 91.19  3.23 
  UNP                       Union Pacific Corp 1566.81                   Road & Rail  2026-06-04 263.9 2026-06-05 272.32  3.19 
   CI                              Cigna Group  765.77                   Health Care 2026-06-04 280.68 2026-06-05 289.48  3.14 
 CCEP       Coca-Cola Europacific Partners PLC  419.59                     Beverages  2026-06-04 92.02  2026-06-05 94.74  2.96 
 CINF                Cincinnati Financial Corp  254.87                     Insurance 2026-06-04 160.66 2026-06-05 165.29  2.88 
  HCA                       HCA Healthcare Inc  825.53                   Health Care 2026-06-04 361.83 2026-06-05 372.13  2.85 
  AIG         American International Group Inc  398.42                     Insurance  2026-06-04 73.44  2026-06-05 75.49  2.79 

=== 市值超过1000亿的涨跌榜前20名股票 ===
股票代码               公司名称               市值(亿)                板块                     昨天收盘              今天收盘       涨跌幅(%)
 PGR                Progressive Corp 1188.10                     Insurance 2026-06-04 195.38 2026-06-05 204.02  4.42 
  PG             Procter & Gamble Co 3421.03             Consumer products 2026-06-04 140.78 2026-06-05 146.54  4.09 
  CB                   Chubb Limited 1267.37                     Insurance  2026-06-04 314.5 2026-06-05 326.27  3.74 
  KO                    Coca-Cola Co 3437.25                     Beverages  2026-06-04 76.82  2026-06-05 79.48  3.46 
 UNP              Union Pacific Corp 1566.81                   Road & Rail  2026-06-04 263.9 2026-06-05 272.32  3.19 
 MCD                 McDonald's Corp 1982.70 Hotels, Restaurants & Leisure 2026-06-04 272.72 2026-06-05 279.84  2.61 
  MO                Altria Group Inc 1205.49                       Tobacco   2026-06-04 70.6  2026-06-05 72.19  2.25 
 JNJ               Johnson & Johnson 5635.78               Pharmaceuticals 2026-06-04 228.17 2026-06-05 232.77  2.02 
  MA                  Mastercard Inc 4339.10            Financial Services 2026-06-04 481.76 2026-06-05 491.08  1.93 
  PM Philip Morris International Inc 2788.34                       Tobacco 2026-06-04 174.99 2026-06-05 178.29  1.89 
 MAR      Marriott International Inc 1032.76 Hotels, Restaurants & Leisure  2026-06-04 385.3 2026-06-05 392.51  1.87 
 SYK                    Stryker Corp 1174.92                   Health Care 2026-06-04 301.21 2026-06-05 305.66  1.48 
 PFE                      Pfizer Inc 1483.85               Pharmaceuticals  2026-06-04 25.69  2026-06-05 26.04  1.36 
 TJX               TJX Companies Inc 1775.37                        Retail 2026-06-04 158.63 2026-06-05 160.71  1.31 
SBUX                  Starbucks Corp 1086.02 Hotels, Restaurants & Leisure  2026-06-04 94.14  2026-06-05 95.29  1.22 
 BMY         Bristol-Myers Squibb Co 1170.52               Pharmaceuticals   2026-06-04 56.6  2026-06-05 57.27  1.18 
 CVS                 CVS Health Corp 1224.00                   Health Care  2026-06-04 94.82  2026-06-05 95.93  1.17 
  PH            Parker-Hannifin Corp 1119.89                     Machinery 2026-06-04 872.23 2026-06-05 882.34  1.16 
AMGN                       Amgen Inc 1909.97                 Biotechnology  2026-06-04 345.6 2026-06-05 349.58  1.15 
VRTX      Vertex Pharmaceuticals Inc 1135.88                 Biotechnology 2026-06-04 441.74 2026-06-05 446.83  1.15 
