
=== 涨幅榜前20名股票 ===
股票代码                         公司名称                         市值(亿)               板块                     昨天收盘            今天收盘        涨跌幅(%)
ONCO                                        Onconetix Inc  0.03                  Biotechnology 2025-06-12 0.07  2025-06-13 4.73 6291.89
CERO                       CERo Therapeutics Holdings Inc  0.04                  Biotechnology 2025-06-12 0.39  2025-06-13 7.31 1755.33
ARTL                               Artelo Biosciences Inc  0.04                Pharmaceuticals 2025-06-12 1.18   2025-06-13 7.2  509.23
  OP                                         Oceanpal Inc  0.05                         Marine 2025-06-12 0.72  2025-06-13 1.61  122.68
HUSA                         Houston American Energy Corp  0.11                         Energy 2025-06-12 7.14 2025-06-13 15.65  119.19
NEON                                          Neonode Inc  1.79           Electrical Equipment 2025-06-12 9.99 2025-06-13 16.81   68.27
USEG                                       US Energy Corp  0.84                         Energy 2025-06-12 1.42  2025-06-13 2.21   55.63
CDTG CDT Environmental Technology Investment Holdings Ltd  0.11 Commercial Services & Supplies 2025-06-12 0.91   2025-06-13 1.4   53.68
INDO                            Indonesia Energy Corp Ltd  0.62                         Energy 2025-06-12 3.54  2025-06-13 5.18   46.33
HOVR                             New Horizon Aircraft Ltd  0.44            Aerospace & Defense 2025-06-12 1.37  2025-06-13 1.87   36.50
CGBS                               Crown LNG Holdings Ltd  0.71                         Energy 2025-06-12 0.08  2025-06-13 0.11   33.93
VXRT                                           Vaxart Inc  1.18                  Biotechnology 2025-06-12 0.54   2025-06-13 0.7   30.00
USEA                                 United Maritime Corp  0.13                         Marine 2025-06-12 1.34  2025-06-13 1.73   29.10
KLXE                     KLX Energy Services Holdings Inc  0.41                         Energy  2025-06-12 2.2  2025-06-13 2.82   28.18
CRML                                 Critical Metals Corp  1.52                Metals & Mining 2025-06-12 1.61  2025-06-13 2.03   26.09
BDMD                Baird Medical Investment Holdings Ltd  1.65                    Health Care 2025-06-12 4.31   2025-06-13 5.4   25.29
RCON                                 Recon Technology Ltd  0.60                         Energy 2025-06-12 2.08   2025-06-13 2.6   24.95
NINE                              Nine Energy Service Inc  0.33                         Energy 2025-06-12 0.59  2025-06-13 0.73   24.65
TORO                                            Toro Corp  0.43                         Marine  2025-06-12 2.0  2025-06-13 2.46   23.00
 SRM                                SRM Entertainment Inc  0.20               Leisure Products 2025-06-12 1.18  2025-06-13 1.45   22.88

=== 市值超过20亿的涨幅榜前20名股票 ===
股票代码                 公司名称                  市值(亿)         板块              昨天收盘              今天收盘       涨跌幅(%)
 DAR              Darling Ingredients Inc   55.51   Food Products  2025-06-12 32.99  2025-06-13 36.01  9.15 
ORCL                          Oracle Corp 5721.20      Technology 2025-06-12 199.86 2025-06-13 215.22  7.69 
 FRO                        Frontline Plc   41.91          Energy  2025-06-12 18.37  2025-06-13 19.74  7.46 
  RH                                   RH   41.02          Retail 2025-06-12 176.87 2025-06-13 189.12  6.93 
  CF           CF Industries Holdings Inc  158.64       Chemicals  2025-06-12 93.83  2025-06-13 99.93  6.50 
CIVI                Civitas Resources Inc   30.22          Energy  2025-06-12 31.33  2025-06-13 33.35  6.45 
APGE              Apogee Therapeutics Inc   24.84   Biotechnology  2025-06-12 41.86  2025-06-13 44.48  6.26 
  BG                      Bunge Global SA  108.40   Food Products  2025-06-12 77.03  2025-06-13 81.41  5.69 
 ZIM ZIM Integrated Shipping Services Ltd   20.48          Marine  2025-06-12 16.57  2025-06-13 17.51  5.67 
  VG                   Venture Global Inc  403.55          Energy  2025-06-12 16.71  2025-06-13 17.64  5.57 
 HAL                       Halliburton Co  194.68          Energy  2025-06-12 21.98  2025-06-13 23.19  5.51 
 APA                        APA Corp (US)   74.15          Energy  2025-06-12 19.95  2025-06-13 21.01  5.31 
 CVI                       CVR Energy Inc   25.78          Energy  2025-06-12 25.68  2025-06-13 26.95  4.95 
 ADM            Archer-Daniels-Midland Co  245.70   Food Products  2025-06-12 49.66   2025-06-13 52.0  4.71 
LBRT                   Liberty Energy Inc   21.33          Energy  2025-06-12 13.07  2025-06-13 13.68  4.67 
  MP                    MP Materials Corp   47.46 Metals & Mining   2025-06-12 29.2  2025-06-13 30.55  4.62 
FSLR                      First Solar Inc  178.79  Semiconductors 2025-06-12 167.83  2025-06-13 175.2  4.39 
MTDR                 Matador Resources Co   63.02          Energy   2025-06-12 49.5  2025-06-13 51.64  4.32 
 MUR                      Murphy Oil Corp   35.48          Energy  2025-06-12 24.41  2025-06-13 25.43  4.18 
  SM                         SM Energy Co   31.66          Energy  2025-06-12 27.13  2025-06-13 28.26  4.17 

=== 市值超过50亿的涨幅榜前20名股票 ===
股票代码            公司名称             市值(亿)           板块                昨天收盘              今天收盘       涨跌幅(%)
 DAR    Darling Ingredients Inc   55.51       Food Products  2025-06-12 32.99  2025-06-13 36.01  9.15 
ORCL                Oracle Corp 5721.20          Technology 2025-06-12 199.86 2025-06-13 215.22  7.69 
  CF CF Industries Holdings Inc  158.64           Chemicals  2025-06-12 93.83  2025-06-13 99.93  6.50 
  BG            Bunge Global SA  108.40       Food Products  2025-06-12 77.03  2025-06-13 81.41  5.69 
  VG         Venture Global Inc  403.55              Energy  2025-06-12 16.71  2025-06-13 17.64  5.57 
 HAL             Halliburton Co  194.68              Energy  2025-06-12 21.98  2025-06-13 23.19  5.51 
 APA              APA Corp (US)   74.15              Energy  2025-06-12 19.95  2025-06-13 21.01  5.31 
 ADM  Archer-Daniels-Midland Co  245.70       Food Products  2025-06-12 49.66   2025-06-13 52.0  4.71 
FSLR            First Solar Inc  178.79      Semiconductors 2025-06-12 167.83  2025-06-13 175.2  4.39 
MTDR       Matador Resources Co   63.02              Energy   2025-06-12 49.5  2025-06-13 51.64  4.32 
  AU      Anglogold Ashanti PLC  245.82     Metals & Mining  2025-06-12 48.82  2025-06-13 50.84  4.14 
  AR      Antero Resources Corp  123.06              Energy  2025-06-12 40.04  2025-06-13 41.66  4.05 
 NOC      Northrop Grumman Corp  733.49 Aerospace & Defense 2025-06-12 497.13 2025-06-13 516.72  3.94 
ASTS        AST SpaceMobile Inc  133.28   Telecommunication  2025-06-12 36.92  2025-06-13 38.37  3.93 
 EOG          EOG Resources Inc  670.42              Energy 2025-06-12 120.59 2025-06-13 125.28  3.89 
 OXY  Occidental Petroleum Corp  450.93              Energy  2025-06-12 44.76  2025-06-13 46.45  3.78 
FANG     Diamondback Energy Inc  451.93              Energy 2025-06-12 149.33 2025-06-13 154.91  3.74 
 LMT       Lockheed Martin Corp 1138.05 Aerospace & Defense 2025-06-12 469.27 2025-06-13 486.45  3.66 
CHRD          Chord Energy Corp   60.31              Energy 2025-06-12 102.39 2025-06-13 106.04  3.56 
 NEM        Newmont Corporation  634.92     Metals & Mining  2025-06-12 55.92   2025-06-13 57.9  3.54 

=== 市值超过100亿的涨幅榜前20名股票 ===
股票代码            公司名称             市值(亿)           板块                昨天收盘              今天收盘       涨跌幅(%)
ORCL                Oracle Corp 5721.20          Technology 2025-06-12 199.86 2025-06-13 215.22  7.69 
  CF CF Industries Holdings Inc  158.64           Chemicals  2025-06-12 93.83  2025-06-13 99.93  6.50 
  BG            Bunge Global SA  108.40       Food Products  2025-06-12 77.03  2025-06-13 81.41  5.69 
  VG         Venture Global Inc  403.55              Energy  2025-06-12 16.71  2025-06-13 17.64  5.57 
 HAL             Halliburton Co  194.68              Energy  2025-06-12 21.98  2025-06-13 23.19  5.51 
 ADM  Archer-Daniels-Midland Co  245.70       Food Products  2025-06-12 49.66   2025-06-13 52.0  4.71 
FSLR            First Solar Inc  178.79      Semiconductors 2025-06-12 167.83  2025-06-13 175.2  4.39 
  AU      Anglogold Ashanti PLC  245.82     Metals & Mining  2025-06-12 48.82  2025-06-13 50.84  4.14 
  AR      Antero Resources Corp  123.06              Energy  2025-06-12 40.04  2025-06-13 41.66  4.05 
 NOC      Northrop Grumman Corp  733.49 Aerospace & Defense 2025-06-12 497.13 2025-06-13 516.72  3.94 
ASTS        AST SpaceMobile Inc  133.28   Telecommunication  2025-06-12 36.92  2025-06-13 38.37  3.93 
 EOG          EOG Resources Inc  670.42              Energy 2025-06-12 120.59 2025-06-13 125.28  3.89 
 OXY  Occidental Petroleum Corp  450.93              Energy  2025-06-12 44.76  2025-06-13 46.45  3.78 
FANG     Diamondback Energy Inc  451.93              Energy 2025-06-12 149.33 2025-06-13 154.91  3.74 
 LMT       Lockheed Martin Corp 1138.05 Aerospace & Defense 2025-06-12 469.27 2025-06-13 486.45  3.66 
 NEM        Newmont Corporation  634.92     Metals & Mining  2025-06-12 55.92   2025-06-13 57.9  3.54 
 MOS                  Mosaic Co  112.36           Chemicals  2025-06-12 34.59  2025-06-13 35.76  3.38 
TRGP       Targa Resources Corp  374.10              Energy 2025-06-12 169.14 2025-06-13 174.81  3.35 
 RTX                   RTX Corp 1924.52 Aerospace & Defense 2025-06-12 140.98 2025-06-13 145.69  3.34 
 OVV                Ovintiv Inc  106.89              Energy  2025-06-12 40.53  2025-06-13 41.87  3.31 

=== 市值超过200亿的涨幅榜前20名股票 ===
股票代码            公司名称            市值(亿)           板块                昨天收盘              今天收盘        涨跌幅(%)
ORCL               Oracle Corp 5721.20          Technology 2025-06-12 199.86  2025-06-13 215.22  7.69 
  VG        Venture Global Inc  403.55              Energy  2025-06-12 16.71   2025-06-13 17.64  5.57 
 ADM Archer-Daniels-Midland Co  245.70       Food Products  2025-06-12 49.66    2025-06-13 52.0  4.71 
  AU     Anglogold Ashanti PLC  245.82     Metals & Mining  2025-06-12 48.82   2025-06-13 50.84  4.14 
 NOC     Northrop Grumman Corp  733.49 Aerospace & Defense 2025-06-12 497.13  2025-06-13 516.72  3.94 
 EOG         EOG Resources Inc  670.42              Energy 2025-06-12 120.59  2025-06-13 125.28  3.89 
 OXY Occidental Petroleum Corp  450.93              Energy  2025-06-12 44.76   2025-06-13 46.45  3.78 
FANG    Diamondback Energy Inc  451.93              Energy 2025-06-12 149.33  2025-06-13 154.91  3.74 
 LMT      Lockheed Martin Corp 1138.05 Aerospace & Defense 2025-06-12 469.27  2025-06-13 486.45  3.66 
 NEM       Newmont Corporation  634.92     Metals & Mining  2025-06-12 55.92    2025-06-13 57.9  3.54 
TRGP      Targa Resources Corp  374.10              Energy 2025-06-12 169.14  2025-06-13 174.81  3.35 
 RTX                  RTX Corp 1924.52 Aerospace & Defense 2025-06-12 140.98  2025-06-13 145.69  3.34 
 NUE                Nucor Corp  276.33     Metals & Mining 2025-06-12 118.45  2025-06-13 121.92  2.93 
 LHX L3Harris Technologies Inc  476.02 Aerospace & Defense 2025-06-12 250.39  2025-06-13 256.99  2.64 
 COP            ConocoPhillips 1218.79              Energy  2025-06-12 94.69   2025-06-13 96.96  2.40 
 EQT                  EQT Corp  327.39              Energy  2025-06-12 55.52   2025-06-13 56.84  2.38 
 DVN         Devon Energy Corp  223.74              Energy  2025-06-12 34.33   2025-06-13 35.11  2.27 
 XOM          Exxon Mobil Corp 4793.61              Energy 2025-06-12 109.73  2025-06-13 112.12  2.18 
RBLX               Roblox Corp  650.17               Media  2025-06-12 95.11   2025-06-13 97.17  2.17 
 TPL   Texas Pacific Land Corp  251.81              Energy 2025-06-12 1097.5 2025-06-13 1119.58  2.01 

=== 市值超过1000亿的涨跌榜前20名股票 ===
股票代码               公司名称               市值(亿)            板块                昨天收盘               今天收盘        涨跌幅(%)
ORCL                     Oracle Corp  5721.20          Technology  2025-06-12 199.86  2025-06-13 215.22  7.69 
 LMT            Lockheed Martin Corp  1138.05 Aerospace & Defense  2025-06-12 469.27  2025-06-13 486.45  3.66 
 RTX                        RTX Corp  1924.52 Aerospace & Defense  2025-06-12 140.98  2025-06-13 145.69  3.34 
 COP                  ConocoPhillips  1218.79              Energy   2025-06-12 94.69   2025-06-13 96.96  2.40 
 XOM                Exxon Mobil Corp  4793.61              Energy  2025-06-12 109.73  2025-06-13 112.12  2.18 
TSLA                       Tesla Inc 10207.93         Automobiles  2025-06-12 319.11  2025-06-13 325.31  1.94 
PLTR       Palantir Technologies Inc  3228.83          Technology  2025-06-12 135.19   2025-06-13 137.4  1.63 
 NEE              Nextera Energy Inc  1521.53           Utilities   2025-06-12 73.84   2025-06-13 74.78  1.27 
 BSX          Boston Scientific Corp  1486.47         Health Care   2025-06-12 98.56   2025-06-13 99.74  1.20 
SPOT           Spotify Technology SA  1413.05               Media  2025-06-12 702.82  2025-06-13 710.85  1.14 
MSTR               Microstrategy Inc  1026.12          Technology  2025-06-12 379.76  2025-06-13 382.87  0.82 
 CVX                    Chevron Corp  2544.51              Energy  2025-06-12 144.97  2025-06-13 145.91  0.65 
 JNJ               Johnson & Johnson  3768.63     Pharmaceuticals  2025-06-12 156.66   2025-06-13 157.1  0.28 
MELI                MercadoLibre Inc  1199.77              Retail 2025-06-12 2368.82 2025-06-13 2371.98  0.13 
  PM Philip Morris International Inc  2873.72             Tobacco   2025-06-12 184.1  2025-06-13 184.33  0.12 
 MRK                  Merck & Co Inc  2061.81     Pharmaceuticals   2025-06-12 81.82   2025-06-13 81.71 -0.13 
ISRG          Intuitive Surgical Inc  1829.55         Health Care   2025-06-12 513.0  2025-06-13 512.18 -0.16 
  MO                Altria Group Inc  1013.20             Tobacco   2025-06-12 59.92   2025-06-13 59.81 -0.18 
 PGR                Progressive Corp  1571.14           Insurance  2025-06-12 268.42  2025-06-13 267.85 -0.21 
NFLX                     Netflix Inc  5147.20               Media 2025-06-12 1215.03 2025-06-13 1212.15 -0.24 
