
=== 涨幅榜前20名股票 ===
股票代码                           公司名称                          市值(亿)               板块                     昨天收盘             今天收盘       涨跌幅(%)
VRPX                              Virpax Pharmaceuticals Inc  0.00                Pharmaceuticals   2026-04-06 0.0  2026-04-07 0.01 445.45
HCAI Huachen AI Parking Management Technology Holding Co Ltd  0.03                      Machinery  2026-04-06 0.15  2026-04-07 0.36 141.84
QNCX                                 Quince Therapeutics Inc  0.05                  Biotechnology  2026-04-06 0.09  2026-04-07 0.16  85.23
IPST                                IP Strategy Holdings Inc  0.02                      Beverages  2026-04-06 0.24   2026-04-07 0.4  65.29
CETX                                             Cemtrex Inc  0.08           Electrical Equipment   2026-04-06 0.8  2026-04-07 1.29  62.06
MOVE                                              Movano Inc  0.12                     Technology  2026-04-06 7.61 2026-04-07 12.13  59.31
HUBC                                  Hub Cyber Security Ltd  0.00                     Technology  2026-04-06 0.07  2026-04-07 0.12  55.41
LNZA                                    Lanzatech Global Inc  1.82 Commercial Services & Supplies  2026-04-06 18.0 2026-04-07 27.46  52.51
CUPR                           Cuprina Holdings (Cayman) Ltd  0.03                    Health Care   2026-04-06 0.4   2026-04-07 0.6  52.28
SILO                                         Silo Pharma Inc  0.05                  Biotechnology  2026-04-06 0.36  2026-04-07 0.53  48.93
RDGT                                           Ridgetech Inc  0.00                         Retail  2026-04-06 0.02  2026-04-07 0.03  47.54
ADVB                                     Advanced Biomed Inc  0.06                    Health Care  2026-04-06 4.42  2026-04-07 6.52  47.51
MGRT                                     Mega Fortune Co Ltd  2.62                     Technology 2026-04-06 19.08 2026-04-07 27.65  44.92
TDIC                                           Dreamland Ltd  0.04                          Media  2026-04-06 0.12  2026-04-07 0.17  44.63
IOTR                                             iOThree Ltd  0.06              Telecommunication  2026-04-06 2.31   2026-04-07 3.3  42.86
LNAI                                      Lunai Bioworks Inc  0.07                  Biotechnology  2026-04-06 0.28  2026-04-07 0.39  39.75
 MGN                                      Megan Holdings Ltd  0.03                   Construction  2026-04-06 0.17  2026-04-07 0.23  38.24
RYDE                                          Ryde Group Ltd  0.82                    Road & Rail  2026-04-06 0.76  2026-04-07 1.03  36.06
MAXN                           Maxeon Solar Technologies Ltd  0.18                 Semiconductors  2026-04-06 1.06  2026-04-07 1.43  34.91
 LUD                               Luda Technology Group Ltd  1.01                Metals & Mining  2026-04-06 3.98  2026-04-07 5.24  31.66

=== 市值超过20亿的涨幅榜前20名股票 ===
股票代码             公司名称             市值(亿)          板块              昨天收盘              今天收盘       涨跌幅(%)
 CAR       Avis Budget Group Inc    74.96     Road & Rail  2026-04-06 212.6 2026-04-07 255.15 20.01 
ALHC    Alignment Healthcare Inc    38.14     Health Care  2026-04-06 18.67  2026-04-07 21.66 16.01 
ELVN    Enliven Therapeutics Inc    23.29 Pharmaceuticals  2026-04-06 38.94  2026-04-07 43.16 10.84 
PSKY     Paramount Skydance Corp   106.40           Media   2026-04-06 9.85   2026-04-07 10.9 10.66 
AAOI Applied Optoelectronics Inc    80.80  Communications 2026-04-06 107.45 2026-04-07 117.64  9.48 
 UNH      UnitedHealth Group Inc  2553.84     Health Care 2026-04-06 281.36 2026-04-07 307.73  9.37 
RLAY      Relay Therapeutics Inc    22.25   Biotechnology  2026-04-06 12.45  2026-04-07 13.48  8.27 
AXTI                     AXT Inc    23.34  Semiconductors  2026-04-06 41.99  2026-04-07 45.46  8.26 
 HUM                  Humana Inc   219.28     Health Care 2026-04-06 182.65 2026-04-07 197.15  7.94 
ORKA      Oruka Therapeutics Inc    27.93   Biotechnology  2026-04-06 56.37   2026-04-07 60.6  7.50 
VIAV         Viavi Solutions Inc    83.00  Communications  2026-04-06 35.87  2026-04-07 38.54  7.44 
 KOD         Kodiak Sciences Inc    24.12   Biotechnology   2026-04-06 39.0  2026-04-07 41.79  7.15 
FRPT                Freshpet Inc    28.95   Food Products  2026-04-06 59.01  2026-04-07 63.04  6.83 
 CVS             CVS Health Corp   932.28     Health Care  2026-04-06 73.28  2026-04-07 78.22  6.74 
AVGO                Broadcom Inc 14887.22  Semiconductors 2026-04-06 314.43 2026-04-07 333.97  6.21 
PTEN    Patterson-UTI Energy Inc    40.20          Energy  2026-04-06 10.59  2026-04-07 11.23  6.04 
ANET         Arista Networks Inc  1586.38  Communications 2026-04-06 126.25 2026-04-07 133.64  5.85 
 HUN               Huntsman Corp    21.82       Chemicals  2026-04-06 12.54  2026-04-07 13.26  5.74 
LITE       Lumentum Holdings Inc   551.41  Communications 2026-04-06 772.28 2026-04-07 815.75  5.63 
NEXT             NextDecade Corp    22.02          Energy   2026-04-06 8.31   2026-04-07 8.74  5.17 

=== 市值超过50亿的涨幅榜前20名股票 ===
股票代码                公司名称                 市值(亿)            板块                 昨天收盘              今天收盘       涨跌幅(%)
 CAR              Avis Budget Group Inc    74.96          Road & Rail  2026-04-06 212.6 2026-04-07 255.15 20.01 
PSKY            Paramount Skydance Corp   106.40                Media   2026-04-06 9.85   2026-04-07 10.9 10.66 
AAOI        Applied Optoelectronics Inc    80.80       Communications 2026-04-06 107.45 2026-04-07 117.64  9.48 
 UNH             UnitedHealth Group Inc  2553.84          Health Care 2026-04-06 281.36 2026-04-07 307.73  9.37 
 HUM                         Humana Inc   219.28          Health Care 2026-04-06 182.65 2026-04-07 197.15  7.94 
VIAV                Viavi Solutions Inc    83.00       Communications  2026-04-06 35.87  2026-04-07 38.54  7.44 
 CVS                    CVS Health Corp   932.28          Health Care  2026-04-06 73.28  2026-04-07 78.22  6.74 
AVGO                       Broadcom Inc 14887.22       Semiconductors 2026-04-06 314.43 2026-04-07 333.97  6.21 
ANET                Arista Networks Inc  1586.38       Communications 2026-04-06 126.25 2026-04-07 133.64  5.85 
LITE              Lumentum Holdings Inc   551.41       Communications 2026-04-06 772.28 2026-04-07 815.75  5.63 
RIOT                 Riot Platforms Inc    51.26           Technology  2026-04-06 13.52  2026-04-07 14.19  4.96 
CIFR                 Cipher Digital Inc    54.08           Technology  2026-04-06 13.35  2026-04-07 14.01  4.94 
  LB                  LandBridge Co LLC    53.37          Real Estate  2026-04-06 68.35  2026-04-07 71.36  4.40 
CGNX                        Cognex Corp    82.06 Electrical Equipment  2026-04-06 49.52  2026-04-07 51.69  4.38 
NBIS                    Nebius Group NV   245.52           Technology 2026-04-06 112.54  2026-04-07 117.4  4.32 
CRDO Credo Technology Group Holding Ltd   188.99       Semiconductors 2026-04-06 102.46 2026-04-07 106.79  4.23 
INTC                         Intel Corp  2536.46       Semiconductors  2026-04-06 50.78  2026-04-07 52.91  4.19 
  GH                Guardant Health Inc   117.61          Health Care  2026-04-06 89.66   2026-04-07 93.3  4.06 
 NOV                            Nov Inc    67.86               Energy  2026-04-06 18.83  2026-04-07 19.56  3.88 
TTMI               TTM Technologies Inc    98.96 Electrical Equipment   2026-04-06 95.7  2026-04-07 99.29  3.75 

=== 市值超过100亿的涨幅榜前20名股票 ===
股票代码                公司名称                 市值(亿)            板块                 昨天收盘              今天收盘       涨跌幅(%)
PSKY            Paramount Skydance Corp   106.40                Media   2026-04-06 9.85   2026-04-07 10.9 10.66 
 UNH             UnitedHealth Group Inc  2553.84          Health Care 2026-04-06 281.36 2026-04-07 307.73  9.37 
 HUM                         Humana Inc   219.28          Health Care 2026-04-06 182.65 2026-04-07 197.15  7.94 
 CVS                    CVS Health Corp   932.28          Health Care  2026-04-06 73.28  2026-04-07 78.22  6.74 
AVGO                       Broadcom Inc 14887.22       Semiconductors 2026-04-06 314.43 2026-04-07 333.97  6.21 
ANET                Arista Networks Inc  1586.38       Communications 2026-04-06 126.25 2026-04-07 133.64  5.85 
LITE              Lumentum Holdings Inc   551.41       Communications 2026-04-06 772.28 2026-04-07 815.75  5.63 
NBIS                    Nebius Group NV   245.52           Technology 2026-04-06 112.54  2026-04-07 117.4  4.32 
CRDO Credo Technology Group Holding Ltd   188.99       Semiconductors 2026-04-06 102.46 2026-04-07 106.79  4.23 
INTC                         Intel Corp  2536.46       Semiconductors  2026-04-06 50.78  2026-04-07 52.91  4.19 
  GH                Guardant Health Inc   117.61          Health Care  2026-04-06 89.66   2026-04-07 93.3  4.06 
 STX    Seagate Technology Holdings PLC   988.52           Technology  2026-04-06 453.3 2026-04-07 468.72  3.40 
CIEN                         Ciena Corp   614.03       Communications 2026-04-06 434.26 2026-04-07 447.88  3.14 
 ELV                Elevance Health Inc   667.88          Health Care 2026-04-06 302.61 2026-04-07 311.83  3.05 
SMMT            Summit Therapeutics Inc   139.14        Biotechnology  2026-04-06 18.69  2026-04-07 19.22  2.84 
SMCI           Super Micro Computer Inc   132.08           Technology  2026-04-06 22.05  2026-04-07 22.67  2.81 
  AA                         Alcoa Corp   187.35      Metals & Mining  2026-04-06 71.01  2026-04-07 72.96  2.75 
MRNA                        Moderna Inc   192.61        Biotechnology  2026-04-06 48.77  2026-04-07 50.11  2.75 
KEYS          Keysight Technologies Inc   502.37 Electrical Equipment 2026-04-06 292.92 2026-04-07 300.61  2.63 
DELL              Dell Technologies Inc  1125.99           Technology 2026-04-06 173.18 2026-04-07 177.69  2.60 

=== 市值超过200亿的涨幅榜前20名股票 ===
 股票代码               公司名称               市值(亿)            板块                 昨天收盘              今天收盘       涨跌幅(%)
  UNH          UnitedHealth Group Inc  2553.84          Health Care 2026-04-06 281.36 2026-04-07 307.73  9.37 
  HUM                      Humana Inc   219.28          Health Care 2026-04-06 182.65 2026-04-07 197.15  7.94 
  CVS                 CVS Health Corp   932.28          Health Care  2026-04-06 73.28  2026-04-07 78.22  6.74 
 AVGO                    Broadcom Inc 14887.22       Semiconductors 2026-04-06 314.43 2026-04-07 333.97  6.21 
 ANET             Arista Networks Inc  1586.38       Communications 2026-04-06 126.25 2026-04-07 133.64  5.85 
 LITE           Lumentum Holdings Inc   551.41       Communications 2026-04-06 772.28 2026-04-07 815.75  5.63 
 NBIS                 Nebius Group NV   245.52           Technology 2026-04-06 112.54  2026-04-07 117.4  4.32 
 INTC                      Intel Corp  2536.46       Semiconductors  2026-04-06 50.78  2026-04-07 52.91  4.19 
  STX Seagate Technology Holdings PLC   988.52           Technology  2026-04-06 453.3 2026-04-07 468.72  3.40 
 CIEN                      Ciena Corp   614.03       Communications 2026-04-06 434.26 2026-04-07 447.88  3.14 
  ELV             Elevance Health Inc   667.88          Health Care 2026-04-06 302.61 2026-04-07 311.83  3.05 
 KEYS       Keysight Technologies Inc   502.37 Electrical Equipment 2026-04-06 292.92 2026-04-07 300.61  2.63 
 DELL           Dell Technologies Inc  1125.99           Technology 2026-04-06 173.18 2026-04-07 177.69  2.60 
BNPQF                  BNP Paribas SA   920.17              Banking  2026-04-06 96.05  2026-04-07 98.45  2.50 
  OKE                       ONEOK Inc   557.36               Energy   2026-04-06 88.5  2026-04-07 90.63  2.41 
  VLO              Valero Energy Corp   734.35               Energy 2026-04-06 245.58 2026-04-07 251.49  2.41 
  HAL                  Halliburton Co   316.76               Energy  2026-04-06 37.82  2026-04-07 38.72  2.38 
  FTI                  TechnipFMC PLC   286.39               Energy  2026-04-06 71.59  2026-04-07 73.21  2.26 
  NRG                  NRG Energy Inc   320.88            Utilities  2026-04-06 149.8 2026-04-07 153.06  2.18 
 TRGP            Targa Resources Corp   528.03               Energy 2026-04-06 245.65 2026-04-07 250.98  2.17 

=== 市值超过1000亿的涨跌榜前20名股票 ===
 股票代码            公司名称            市值(亿)            板块                 昨天收盘              今天收盘       涨跌幅(%)
  UNH    UnitedHealth Group Inc  2553.84          Health Care 2026-04-06 281.36 2026-04-07 307.73  9.37 
 AVGO              Broadcom Inc 14887.22       Semiconductors 2026-04-06 314.43 2026-04-07 333.97  6.21 
 ANET       Arista Networks Inc  1586.38       Communications 2026-04-06 126.25 2026-04-07 133.64  5.85 
 INTC                Intel Corp  2536.46       Semiconductors  2026-04-06 50.78  2026-04-07 52.91  4.19 
 DELL     Dell Technologies Inc  1125.99           Technology 2026-04-06 173.18 2026-04-07 177.69  2.60 
 GOOG              Alphabet Inc 35708.06                Media 2026-04-06 297.66 2026-04-07 303.93  2.11 
GOOGL              Alphabet Inc 35708.06                Media 2026-04-06 299.99 2026-04-07 305.46  1.82 
 LRCX         Lam Research Corp  2755.41       Semiconductors 2026-04-06 220.65 2026-04-07 224.35  1.68 
  NEM       Newmont Corporation  1227.44      Metals & Mining 2026-04-06 112.83 2026-04-07 114.65  1.61 
  APH             Amphenol Corp  1554.84 Electrical Equipment 2026-04-06 126.49 2026-04-07 128.38  1.49 
  GEV            GE Vernova Inc  2418.65 Electrical Equipment 2026-04-06 897.36 2026-04-07 910.75  1.49 
 PLTR Palantir Technologies Inc  3389.77           Technology 2026-04-06 147.93 2026-04-07 150.07  1.45 
  ETN     Eaton Corporation PLC  1411.84 Electrical Equipment 2026-04-06 363.89 2026-04-07 368.85  1.36 
  CVX              Chevron Corp  3968.03               Energy 2026-04-06 198.86 2026-04-07 201.54  1.35 
  HCA        HCA Healthcare Inc  1082.15          Health Care 2026-04-06 483.92 2026-04-07 489.58  1.17 
   MS            Morgan Stanley  2644.58   Financial Services 2026-04-06 166.55 2026-04-07 168.43  1.13 
  NEE        Nextera Energy Inc  1932.05            Utilities  2026-04-06 92.73  2026-04-07 93.67  1.01 
 TMUS           T-Mobile US Inc  2188.40    Telecommunication 2026-04-06 198.61 2026-04-07 200.54  0.97 
  JPM       JPMorgan Chase & Co  7968.38              Banking 2026-04-06 295.45  2026-04-07 297.4  0.66 
  CME             CME Group Inc  1106.60   Financial Services 2026-04-06 308.57 2026-04-07 310.58  0.65 
