
=== 涨幅榜前20名股票 ===
股票代码                 公司名称                市值(亿)               板块                     昨天收盘              今天收盘       涨跌幅(%)
THAR                      Tharimmune Inc  0.05                  Biotechnology  2025-08-19 1.17   2025-08-20 3.59 206.84
 NBY         NovaBay Pharmaceuticals Inc  0.06                Pharmaceuticals   2025-08-19 0.6   2025-08-20 1.03  71.67
SISI                         Shineco Inc  2.82              Consumer products  2025-08-19 4.95   2025-08-20 6.78  36.97
CPOP            Pop Culture Group Co Ltd  0.15                          Media  2025-08-19 0.85   2025-08-20 1.13  33.25
RCKT          Rocket Pharmaceuticals Inc  3.67                  Biotechnology  2025-08-19 2.91   2025-08-20 3.75  28.87
CNSP             CNS Pharmaceuticals Inc  0.03                Pharmaceuticals  2025-08-19 5.41   2025-08-20 6.97  28.84
SBEV           Splash Beverage Group Inc  0.04                      Beverages  2025-08-19 1.52   2025-08-20 1.94  27.63
KAVL Kaival Brands Innovations Group Inc  0.10                   Distributors  2025-08-19 0.81   2025-08-20 1.03  27.32
 GES                          Guess? Inc  8.73                         Retail 2025-08-19 13.34  2025-08-20 16.85  26.31
CLNN                          Clene Inc.  0.45                  Biotechnology  2025-08-19 4.48   2025-08-20 5.62  25.45
 GLE     Global Engine Group Holding Ltd  0.20                     Technology  2025-08-19 0.71   2025-08-20 0.89  25.03
ZYBT   Zhengye Biotechnology Holding Ltd  3.56                Pharmaceuticals   2025-08-19 7.6   2025-08-20 9.49  24.87
JUNS           Jupiter Neurosciences Inc  0.43                Pharmaceuticals  2025-08-19 1.29    2025-08-20 1.6  24.03
NEGG                 Newegg Commerce Inc 21.43                         Retail  2025-08-19 89.4 2025-08-20 110.64  23.76
CGTX          Cognition Therapeutics Inc  1.42                Pharmaceuticals  2025-08-19 1.67   2025-08-20 2.02  20.96
RAVE           Rave Restaurant Group Inc  0.45  Hotels, Restaurants & Leisure  2025-08-19 2.74   2025-08-20 3.25  18.61
 MPU                     Mega Matrix Inc  1.38                          Media   2025-08-19 2.5   2025-08-20 2.96  18.40
LNZA                Lanzatech Global Inc  0.54 Commercial Services & Supplies 2025-08-19 19.72  2025-08-20 23.28  18.05
EFOI                    Energy Focus Inc  0.13           Electrical Equipment  2025-08-19 2.09   2025-08-20 2.46  17.70
PRLD            Prelude Therapeutics Inc  0.53                  Biotechnology  2025-08-19 0.89   2025-08-20 1.05  17.58

=== 市值超过20亿的涨幅榜前20名股票 ===
股票代码             公司名称              市值(亿)                 板块                       昨天收盘              今天收盘       涨跌幅(%)
NEGG          Newegg Commerce Inc   21.43                           Retail   2025-08-19 89.4 2025-08-20 110.64 23.76 
SRRK    Scholar Rock Holding Corp   32.88                    Biotechnology  2025-08-19 30.12   2025-08-20 34.4 14.21 
 CVI               CVR Energy Inc   28.41                           Energy  2025-08-19 27.01  2025-08-20 28.89  6.96 
 ADI           Analog Devices Inc 1190.45                   Semiconductors 2025-08-19 230.44 2025-08-20 244.87  6.26 
SBET         SharpLink Gaming Inc   32.34    Hotels, Restaurants & Leisure  2025-08-19 18.38  2025-08-20 19.47  5.93 
COCO        Vita Coco Company Inc   20.45                        Beverages  2025-08-19 33.94  2025-08-20 35.92  5.83 
NEXT              NextDecade Corp   25.19                           Energy   2025-08-19 9.49  2025-08-20 10.03  5.69 
 LEU          Centrus Energy Corp   31.37                           Energy 2025-08-19 166.58 2025-08-20 175.99  5.65 
IREN                     IREN Ltd   45.59                       Technology  2025-08-19 18.73  2025-08-20 19.76  5.50 
VKTX      Viking Therapeutics Inc   29.28                    Biotechnology  2025-08-19 24.36  2025-08-20 25.69  5.46 
AXSM      Axsome Therapeutics Inc   56.66                  Pharmaceuticals 2025-08-19 111.29 2025-08-20 116.99  5.12 
RIOT           Riot Platforms Inc   44.95                       Technology  2025-08-19 11.96  2025-08-20 12.52  4.68 
SITM                  SiTime Corp   55.11                   Semiconductors 2025-08-19 212.77  2025-08-20 221.6  4.15 
  AS              Amer Sports Inc  206.34 Textiles, Apparel & Luxury Goods  2025-08-19 35.74  2025-08-20 37.17  4.00 
 MCK                Mckesson Corp  864.47                      Health Care 2025-08-19 676.91 2025-08-20 702.94  3.85 
  NU              Nu Holdings Ltd  653.65                          Banking  2025-08-19 13.12  2025-08-20 13.62  3.81 
CALM          Cal-Maine Foods Inc   54.63                    Food Products 2025-08-19 110.06  2025-08-20 114.2  3.76 
UPST         Upstart Holdings Inc   60.80               Financial Services  2025-08-19 61.58  2025-08-20 63.88  3.73 
 MDT                Medtronic PLC 1200.93                      Health Care   2025-08-19 89.9  2025-08-20 93.22  3.69 
 FDS Factset Research Systems Inc  143.10               Financial Services  2025-08-19 374.1 2025-08-20 387.64  3.62 

=== 市值超过50亿的涨幅榜前20名股票 ===
股票代码              公司名称              市值(亿)                 板块                       昨天收盘              今天收盘       涨跌幅(%)
 ADI            Analog Devices Inc 1190.45                   Semiconductors 2025-08-19 230.44 2025-08-20 244.87  6.26 
AXSM       Axsome Therapeutics Inc   56.66                  Pharmaceuticals 2025-08-19 111.29 2025-08-20 116.99  5.12 
SITM                   SiTime Corp   55.11                   Semiconductors 2025-08-19 212.77  2025-08-20 221.6  4.15 
  AS               Amer Sports Inc  206.34 Textiles, Apparel & Luxury Goods  2025-08-19 35.74  2025-08-20 37.17  4.00 
 MCK                 Mckesson Corp  864.47                      Health Care 2025-08-19 676.91 2025-08-20 702.94  3.85 
  NU               Nu Holdings Ltd  653.65                          Banking  2025-08-19 13.12  2025-08-20 13.62  3.81 
CALM           Cal-Maine Foods Inc   54.63                    Food Products 2025-08-19 110.06  2025-08-20 114.2  3.76 
UPST          Upstart Holdings Inc   60.80               Financial Services  2025-08-19 61.58  2025-08-20 63.88  3.73 
 MDT                 Medtronic PLC 1200.93                      Health Care   2025-08-19 89.9  2025-08-20 93.22  3.69 
 FDS  Factset Research Systems Inc  143.10               Financial Services  2025-08-19 374.1 2025-08-20 387.64  3.62 
 SMR            Nuscale Power Corp   91.70             Electrical Equipment  2025-08-19 32.65  2025-08-20 33.79  3.49 
REGN Regeneron Pharmaceuticals Inc  625.77                    Biotechnology 2025-08-19 571.78 2025-08-20 591.01  3.36 
  BE             Bloom Energy Corp  100.01             Electrical Equipment   2025-08-19 43.1  2025-08-20 44.51  3.27 
MDGL  Madrigal Pharmaceuticals Inc   86.04                    Biotechnology 2025-08-19 379.55 2025-08-20 391.66  3.19 
MCHP      Microchip Technology Inc  354.79                   Semiconductors  2025-08-19 64.71  2025-08-20 66.76  3.17 
  BG               Bunge Global SA  164.31                    Food Products  2025-08-19 79.87  2025-08-20 82.37  3.13 
 COR                   Cencora Inc  584.33                      Health Care 2025-08-19 294.71 2025-08-20 303.69  3.05 
  AU         Anglogold Ashanti PLC  262.59                  Metals & Mining  2025-08-19 52.15  2025-08-20 53.72  3.01 
ROAD     Construction Partners Inc   63.75                     Construction 2025-08-19 111.46 2025-08-20 114.78  2.98 
 DAY                  Dayforce Inc  107.36            Professional Services  2025-08-19 65.47   2025-08-20 67.4  2.95 

=== 市值超过100亿的涨幅榜前20名股票 ===
股票代码               公司名称                市值(亿)                 板块                       昨天收盘              今天收盘       涨跌幅(%)
 ADI               Analog Devices Inc 1190.45                   Semiconductors 2025-08-19 230.44 2025-08-20 244.87  6.26 
  AS                  Amer Sports Inc  206.34 Textiles, Apparel & Luxury Goods  2025-08-19 35.74  2025-08-20 37.17  4.00 
 MCK                    Mckesson Corp  864.47                      Health Care 2025-08-19 676.91 2025-08-20 702.94  3.85 
  NU                  Nu Holdings Ltd  653.65                          Banking  2025-08-19 13.12  2025-08-20 13.62  3.81 
 MDT                    Medtronic PLC 1200.93                      Health Care   2025-08-19 89.9  2025-08-20 93.22  3.69 
 FDS     Factset Research Systems Inc  143.10               Financial Services  2025-08-19 374.1 2025-08-20 387.64  3.62 
REGN    Regeneron Pharmaceuticals Inc  625.77                    Biotechnology 2025-08-19 571.78 2025-08-20 591.01  3.36 
  BE                Bloom Energy Corp  100.01             Electrical Equipment   2025-08-19 43.1  2025-08-20 44.51  3.27 
MCHP         Microchip Technology Inc  354.79                   Semiconductors  2025-08-19 64.71  2025-08-20 66.76  3.17 
  BG                  Bunge Global SA  164.31                    Food Products  2025-08-19 79.87  2025-08-20 82.37  3.13 
 COR                      Cencora Inc  584.33                      Health Care 2025-08-19 294.71 2025-08-20 303.69  3.05 
  AU            Anglogold Ashanti PLC  262.59                  Metals & Mining  2025-08-19 52.15  2025-08-20 53.72  3.01 
 DAY                     Dayforce Inc  107.36            Professional Services  2025-08-19 65.47   2025-08-20 67.4  2.95 
 LYB     LyondellBasell Industries NV  178.19                        Chemicals  2025-08-19 53.82  2025-08-20 55.33  2.81 
 TJX                TJX Companies Inc 1549.03                           Retail 2025-08-19 134.62 2025-08-20 138.27  2.71 
  BJ BJ's Wholesale Club Holdings Inc  140.42                           Retail 2025-08-19 104.54 2025-08-20 107.34  2.68 
 CAH              Cardinal Health Inc  361.81                      Health Care 2025-08-19 149.02 2025-08-20 152.95  2.64 
 SFM       Sprouts Farmers Market Inc  147.43                           Retail 2025-08-19 147.25 2025-08-20 151.06  2.59 
FRHC             Freedom Holding Corp  102.84               Financial Services 2025-08-19 169.23 2025-08-20 173.53  2.54 
  VG               Venture Global Inc  295.12                           Energy  2025-08-19 12.25  2025-08-20 12.56  2.53 

=== 市值超过200亿的涨幅榜前20名股票 ===
股票代码                公司名称                 市值(亿)                 板块                       昨天收盘              今天收盘       涨跌幅(%)
 ADI                 Analog Devices Inc 1190.45                   Semiconductors 2025-08-19 230.44 2025-08-20 244.87  6.26 
  AS                    Amer Sports Inc  206.34 Textiles, Apparel & Luxury Goods  2025-08-19 35.74  2025-08-20 37.17  4.00 
 MCK                      Mckesson Corp  864.47                      Health Care 2025-08-19 676.91 2025-08-20 702.94  3.85 
  NU                    Nu Holdings Ltd  653.65                          Banking  2025-08-19 13.12  2025-08-20 13.62  3.81 
 MDT                      Medtronic PLC 1200.93                      Health Care   2025-08-19 89.9  2025-08-20 93.22  3.69 
REGN      Regeneron Pharmaceuticals Inc  625.77                    Biotechnology 2025-08-19 571.78 2025-08-20 591.01  3.36 
MCHP           Microchip Technology Inc  354.79                   Semiconductors  2025-08-19 64.71  2025-08-20 66.76  3.17 
 COR                        Cencora Inc  584.33                      Health Care 2025-08-19 294.71 2025-08-20 303.69  3.05 
  AU              Anglogold Ashanti PLC  262.59                  Metals & Mining  2025-08-19 52.15  2025-08-20 53.72  3.01 
 TJX                  TJX Companies Inc 1549.03                           Retail 2025-08-19 134.62 2025-08-20 138.27  2.71 
 CAH                Cardinal Health Inc  361.81                      Health Care 2025-08-19 149.02 2025-08-20 152.95  2.64 
  VG                 Venture Global Inc  295.12                           Energy  2025-08-19 12.25  2025-08-20 12.56  2.53 
 TXN              Texas Instruments Inc 1798.73                   Semiconductors 2025-08-19 195.94 2025-08-20 200.77  2.47 
RPRX                 Royalty Pharma PLC  212.26                  Pharmaceuticals   2025-08-19 36.0  2025-08-20 36.88  2.44 
 LNG                Cheniere Energy Inc  512.10                           Energy  2025-08-19 230.4 2025-08-20 236.01  2.43 
  PM    Philip Morris International Inc 2684.96                          Tobacco 2025-08-19 168.77 2025-08-20 172.85  2.42 
 NEM                Newmont Corporation  749.47                  Metals & Mining  2025-08-19 67.38   2025-08-20 69.0  2.40 
HUBS                        HubSpot Inc  239.28                       Technology 2025-08-19 443.14 2025-08-20 453.69  2.38 
CCEP Coca-Cola Europacific Partners PLC  424.40                        Beverages   2025-08-19 90.4   2025-08-20 92.5  2.32 
MSTR                  Microstrategy Inc  965.46                       Technology 2025-08-19 336.57 2025-08-20 344.37  2.32 

=== 市值超过1000亿的涨跌榜前20名股票 ===
 股票代码                 公司名称                 市值(亿)                 板块                       昨天收盘              今天收盘       涨跌幅(%)
  ADI                  Analog Devices Inc 1190.45                   Semiconductors 2025-08-19 230.44 2025-08-20 244.87  6.26 
  MDT                       Medtronic PLC 1200.93                      Health Care   2025-08-19 89.9  2025-08-20 93.22  3.69 
  TJX                   TJX Companies Inc 1549.03                           Retail 2025-08-19 134.62 2025-08-20 138.27  2.71 
  TXN               Texas Instruments Inc 1798.73                   Semiconductors 2025-08-19 195.94 2025-08-20 200.77  2.47 
   PM     Philip Morris International Inc 2684.96                          Tobacco 2025-08-19 168.77 2025-08-20 172.85  2.42 
  BSX              Boston Scientific Corp 1561.10                      Health Care 2025-08-19 103.75 2025-08-20 106.05  2.22 
   CB                           Chubb Ltd 1113.38                        Insurance  2025-08-19 273.8 2025-08-20 279.68  2.15 
  RTX                            RTX Corp 2075.81              Aerospace & Defense 2025-08-19 153.66 2025-08-20 156.59  1.91 
  ICE       Intercontinental Exchange Inc 1032.22               Financial Services 2025-08-19 178.27  2025-08-20 181.3  1.70 
   MO                    Altria Group Inc 1133.25                          Tobacco  2025-08-19 66.56  2025-08-20 67.58  1.53 
 ABBV                          AbbVie Inc 3711.19                    Biotechnology 2025-08-19 206.19 2025-08-20 209.15  1.44 
 COST               Costco Wholesale Corp 4394.18                           Retail 2025-08-19 980.85 2025-08-20 994.57  1.40 
LVMHF LVMH Moet Hennessy Louis Vuitton SE 2447.27 Textiles, Apparel & Luxury Goods  2025-08-19 570.0  2025-08-20 578.0  1.40 
   MA                      Mastercard Inc 5335.30               Financial Services 2025-08-19 585.51 2025-08-20 592.68  1.22 
  COP                      ConocoPhillips 1184.12                           Energy  2025-08-19 93.76  2025-08-20 94.89  1.21 
  LMT                Lockheed Martin Corp 1036.05              Aerospace & Defense  2025-08-19 441.1  2025-08-20 446.0  1.11 
  ADP       Automatic Data Processing Inc 1247.82            Professional Services 2025-08-19 305.72 2025-08-20 309.03  1.08 
  CAT                     Caterpillar Inc 1970.28                        Machinery 2025-08-19 416.09 2025-08-20 420.59  1.08 
    T                            AT&T Inc 2095.78                Telecommunication  2025-08-19 28.98  2025-08-20 29.28  1.04 
  XOM                    Exxon Mobil Corp 4539.93                           Energy 2025-08-19 107.42 2025-08-20 108.53  1.03 
