
=== 涨幅榜前20名股票 ===
股票代码                公司名称               市值(亿)               板块                     昨天收盘              今天收盘       涨跌幅(%)
ACLX                       Arcellx Inc 37.07                  Biotechnology 2026-02-20 64.11 2026-02-23 113.75 77.43 
TIRX        Tian Ruixiang Holdings Ltd  0.04                      Insurance  2026-02-20 0.04   2026-02-23 0.08 72.73 
 SGN            Signing Day Sports Inc  0.15                     Technology  2026-02-20 0.52   2026-02-23 0.84 62.40 
KLTO          Klotho Neurosciences Inc  0.19                  Biotechnology  2026-02-20 0.25   2026-02-23 0.41 62.06 
ALUR         Allurion Technologies Inc  0.13  Diversified Consumer Services  2026-02-20 1.09   2026-02-23 1.75 60.55 
YMAT             J-Star Holding Co Ltd  0.07               Leisure Products  2026-02-20 0.37   2026-02-23 0.59 58.98 
EZRA         Reliance Global Group Inc  0.03                      Insurance  2026-02-20 0.18   2026-02-23 0.26 42.68 
VNDA         Vanda Pharmaceuticals Inc  4.44                  Biotechnology  2026-02-20 5.76   2026-02-23 8.15 41.49 
CETY     Clean Energy Technologies Inc  0.05                         Energy  2026-02-20 0.77   2026-02-23 1.06 37.31 
MENS                 Jyong Biotech Ltd  1.53                  Biotechnology  2026-02-20 2.01   2026-02-23 2.73 35.82 
SSKN          Strata Skin Sciences Inc  0.01                    Health Care  2026-02-20 0.19   2026-02-23 0.25 31.05 
STFS Star Fashion Culture Holdings Ltd  0.04                          Media  2026-02-20 0.08    2026-02-23 0.1 28.21 
GNPX                       Genprex Inc  0.05                  Biotechnology  2026-02-20 1.78   2026-02-23 2.27 27.53 
ASPS Altisource Portfolio Solutions SA  0.58                    Real Estate   2026-02-20 5.3   2026-02-23 6.72 26.79 
GFAI              Guardforce AI Co Ltd  0.11 Commercial Services & Supplies  2026-02-20 0.53   2026-02-23 0.68 26.52 
EHAB                       Enhabit Inc  5.61                    Health Care 2026-02-20 11.09   2026-02-23 13.6 22.63 
TLPH                      Talphera Inc  0.36                Pharmaceuticals  2026-02-20 0.78   2026-02-23 0.94 20.40 
 RCT             RedCloud Holdings PLC  0.50                   Distributors  2026-02-20 0.95   2026-02-23 1.13 19.20 
FTRK          Fast Track Entertainment  0.10                          Media  2026-02-20 0.47   2026-02-23 0.56 18.38 
BLBX                Blackboxstocks Inc  0.56                     Technology  2026-02-20 13.1   2026-02-23 15.4 17.56 

=== 市值超过20亿的涨幅榜前20名股票 ===
股票代码              公司名称             市值(亿)                板块                      昨天收盘              今天收盘       涨跌幅(%)
ACLX                   Arcellx Inc  37.07                  Biotechnology  2026-02-20 64.11 2026-02-23 113.75 77.43 
IBRX               Immunitybio Inc  85.69                  Biotechnology    2026-02-20 8.7   2026-02-23 9.83 12.99 
VKTX       Viking Therapeutics Inc  33.12                  Biotechnology  2026-02-20 31.03  2026-02-23 34.46 11.05 
USAR            USA Rare Earth Inc  37.55                Metals & Mining  2026-02-20 17.23  2026-02-23 18.79  9.05 
  BE             Bloom Energy Corp 413.95           Electrical Equipment 2026-02-20 147.55 2026-02-23 160.28  8.63 
 OII Oceaneering International Inc  34.71                         Energy  2026-02-20 34.79  2026-02-23 37.22  6.98 
DNTH     Dianthus Therapeutics Inc  21.42                  Biotechnology  2026-02-20 49.56  2026-02-23 52.68  6.30 
 EQX             Equinox Gold Corp 131.92                Metals & Mining  2026-02-20 16.81  2026-02-23 17.85  6.19 
  AU         Anglogold Ashanti PLC 543.41                Metals & Mining 2026-02-20 114.25 2026-02-23 121.12  6.01 
 SFM    Sprouts Farmers Market Inc  63.82                         Retail  2026-02-20 67.48   2026-02-23 71.5  5.96 
IREN                      IREN Ltd 132.64                     Technology  2026-02-20 39.98  2026-02-23 42.36  5.95 
  CC                   Chemours Co  25.54                      Chemicals  2026-02-20 17.04  2026-02-23 18.03  5.81 
PYPL           PayPal Holdings Inc 405.55             Financial Services  2026-02-20 41.65  2026-02-23 44.05  5.76 
  FN                      Fabrinet 195.66           Electrical Equipment 2026-02-20 546.13 2026-02-23 576.71  5.60 
PACS                Pacs Group Inc  63.90                    Health Care  2026-02-20 38.68   2026-02-23 40.8  5.48 
FRPT                  Freshpet Inc  36.37                  Food Products  2026-02-20 74.51  2026-02-23 78.58  5.46 
 ALB                Albemarle Corp 198.48                      Chemicals 2026-02-20 168.42 2026-02-23 177.52  5.40 
ICLR                      ICON PLC  79.92 Life Sciences Tools & Services   2026-02-20 99.7 2026-02-23 104.66  4.97 
KRYS           Krystal Biotech Inc  76.53                  Biotechnology  2026-02-20 261.8 2026-02-23 274.59  4.89 
AKAM       Akamai Technologies Inc 135.48                     Technology  2026-02-20 94.17  2026-02-23 98.75  4.87 

=== 市值超过50亿的涨幅榜前20名股票 ===
股票代码               公司名称               市值(亿)                板块                      昨天收盘               今天收盘        涨跌幅(%)
IBRX                 Immunitybio Inc   85.69                  Biotechnology     2026-02-20 8.7    2026-02-23 9.83 12.99 
  BE               Bloom Energy Corp  413.95           Electrical Equipment  2026-02-20 147.55  2026-02-23 160.28  8.63 
 EQX               Equinox Gold Corp  131.92                Metals & Mining   2026-02-20 16.81   2026-02-23 17.85  6.19 
  AU           Anglogold Ashanti PLC  543.41                Metals & Mining  2026-02-20 114.25  2026-02-23 121.12  6.01 
 SFM      Sprouts Farmers Market Inc   63.82                         Retail   2026-02-20 67.48    2026-02-23 71.5  5.96 
IREN                        IREN Ltd  132.64                     Technology   2026-02-20 39.98   2026-02-23 42.36  5.95 
PYPL             PayPal Holdings Inc  405.55             Financial Services   2026-02-20 41.65   2026-02-23 44.05  5.76 
  FN                        Fabrinet  195.66           Electrical Equipment  2026-02-20 546.13  2026-02-23 576.71  5.60 
PACS                  Pacs Group Inc   63.90                    Health Care   2026-02-20 38.68    2026-02-23 40.8  5.48 
 ALB                  Albemarle Corp  198.48                      Chemicals  2026-02-20 168.42  2026-02-23 177.52  5.40 
ICLR                        ICON PLC   79.92 Life Sciences Tools & Services    2026-02-20 99.7  2026-02-23 104.66  4.97 
KRYS             Krystal Biotech Inc   76.53                  Biotechnology   2026-02-20 261.8  2026-02-23 274.59  4.89 
AKAM         Akamai Technologies Inc  135.48                     Technology   2026-02-20 94.17   2026-02-23 98.75  4.87 
 LLY                Eli Lilly and Co 9523.38                Pharmaceuticals 2026-02-20 1009.52 2026-02-23 1058.56  4.86 
PTGX    Protagonist Therapeutics Inc   51.74                  Biotechnology   2026-02-20 82.76   2026-02-23 86.59  4.63 
ASTS             AST SpaceMobile Inc  294.66              Telecommunication    2026-02-20 80.2    2026-02-23 83.9  4.61 
 DPZ              Domino's Pizza Inc  129.96  Hotels, Restaurants & Leisure  2026-02-20 384.61  2026-02-23 400.36  4.10 
CIFR               Cipher Mining Inc   57.88                     Technology   2026-02-20 14.65   2026-02-23 15.22  3.89 
FIGR Figure Technology Solutions Inc   62.79             Financial Services   2026-02-20 29.12   2026-02-23 30.22  3.76 
 MOH           Molina Healthcare Inc   77.77                    Health Care   2026-02-20 151.0  2026-02-23 156.21  3.45 

=== 市值超过100亿的涨幅榜前20名股票 ===
股票代码           公司名称           市值(亿)                板块                     昨天收盘               今天收盘        涨跌幅(%)
  BE       Bloom Energy Corp  413.95          Electrical Equipment  2026-02-20 147.55  2026-02-23 160.28  8.63 
 EQX       Equinox Gold Corp  131.92               Metals & Mining   2026-02-20 16.81   2026-02-23 17.85  6.19 
  AU   Anglogold Ashanti PLC  543.41               Metals & Mining  2026-02-20 114.25  2026-02-23 121.12  6.01 
IREN                IREN Ltd  132.64                    Technology   2026-02-20 39.98   2026-02-23 42.36  5.95 
PYPL     PayPal Holdings Inc  405.55            Financial Services   2026-02-20 41.65   2026-02-23 44.05  5.76 
  FN                Fabrinet  195.66          Electrical Equipment  2026-02-20 546.13  2026-02-23 576.71  5.60 
 ALB          Albemarle Corp  198.48                     Chemicals  2026-02-20 168.42  2026-02-23 177.52  5.40 
AKAM Akamai Technologies Inc  135.48                    Technology   2026-02-20 94.17   2026-02-23 98.75  4.87 
 LLY        Eli Lilly and Co 9523.38               Pharmaceuticals 2026-02-20 1009.52 2026-02-23 1058.56  4.86 
ASTS     AST SpaceMobile Inc  294.66             Telecommunication    2026-02-20 80.2    2026-02-23 83.9  4.61 
 DPZ      Domino's Pizza Inc  129.96 Hotels, Restaurants & Leisure  2026-02-20 384.61  2026-02-23 400.36  4.10 
GMED      Globus Medical Inc  125.72                   Health Care   2026-02-20 90.59    2026-02-23 93.4  3.10 
PODD            Insulet Corp  170.28                   Health Care  2026-02-20 241.89  2026-02-23 249.38  3.10 
SCCO    Southern Copper Corp 1710.36               Metals & Mining  2026-02-20 201.01  2026-02-23 207.05  3.00 
CIEN              Ciena Corp  487.82                Communications  2026-02-20 334.95  2026-02-23 344.84  2.95 
YUMC  Yum China Holdings Inc  203.55 Hotels, Restaurants & Leisure   2026-02-20 53.62   2026-02-23 55.19  2.93 
  KR               Kroger Co  431.98                        Retail   2026-02-20 66.36   2026-02-23 68.26  2.86 
NBIS         Nebius Group NV  246.47                    Technology   2026-02-20 97.92  2026-02-23 100.61  2.75 
 ABT     Abbott Laboratories 1951.19                   Health Care  2026-02-20 112.21  2026-02-23 115.29  2.74 
  PG     Procter & Gamble Co 3736.53             Consumer products  2026-02-20 160.78  2026-02-23 165.17  2.73 

=== 市值超过200亿的涨幅榜前20名股票 ===
股票代码            公司名称             市值(亿)                板块                     昨天收盘               今天收盘        涨跌幅(%)
  BE          Bloom Energy Corp  413.95          Electrical Equipment  2026-02-20 147.55  2026-02-23 160.28  8.63 
  AU      Anglogold Ashanti PLC  543.41               Metals & Mining  2026-02-20 114.25  2026-02-23 121.12  6.01 
PYPL        PayPal Holdings Inc  405.55            Financial Services   2026-02-20 41.65   2026-02-23 44.05  5.76 
 LLY           Eli Lilly and Co 9523.38               Pharmaceuticals 2026-02-20 1009.52 2026-02-23 1058.56  4.86 
ASTS        AST SpaceMobile Inc  294.66             Telecommunication    2026-02-20 80.2    2026-02-23 83.9  4.61 
SCCO       Southern Copper Corp 1710.36               Metals & Mining  2026-02-20 201.01  2026-02-23 207.05  3.00 
CIEN                 Ciena Corp  487.82                Communications  2026-02-20 334.95  2026-02-23 344.84  2.95 
YUMC     Yum China Holdings Inc  203.55 Hotels, Restaurants & Leisure   2026-02-20 53.62   2026-02-23 55.19  2.93 
  KR                  Kroger Co  431.98                        Retail   2026-02-20 66.36   2026-02-23 68.26  2.86 
NBIS            Nebius Group NV  246.47                    Technology   2026-02-20 97.92  2026-02-23 100.61  2.75 
 ABT        Abbott Laboratories 1951.19                   Health Care  2026-02-20 112.21  2026-02-23 115.29  2.74 
  PG        Procter & Gamble Co 3736.53             Consumer products  2026-02-20 160.78  2026-02-23 165.17  2.73 
MDLZ Mondelez International Inc  773.98                 Food Products    2026-02-20 58.8   2026-02-23 60.38  2.69 
SNDK               Sandisk Corp  983.75                    Technology  2026-02-20 649.97  2026-02-23 666.49  2.54 
 DGX      Quest Diagnostics Inc  225.17                   Health Care  2026-02-20 202.41  2026-02-23 207.43  2.48 
 XOM           Exxon Mobil Corp 6319.07                        Energy  2026-02-20 147.28  2026-02-23 150.76  2.36 
 BKR            Baker Hughes Co  614.78                        Energy   2026-02-20 62.21   2026-02-23 63.67  2.35 
BIIB                 Biogen Inc  281.82                 Biotechnology  2026-02-20 192.03  2026-02-23 196.34  2.24 
 XEL            Xcel Energy Inc  452.11                     Utilities   2026-02-20 81.55   2026-02-23 83.35  2.21 
 AZO               Autozone Inc  621.05                        Retail 2026-02-20 3748.52 2026-02-23 3829.27  2.15 

=== 市值超过1000亿的涨跌榜前20名股票 ===
股票代码               公司名称               市值(亿)                板块                     昨天收盘               今天收盘        涨跌幅(%)
 LLY                Eli Lilly and Co 9523.38               Pharmaceuticals 2026-02-20 1009.52 2026-02-23 1058.56  4.86 
SCCO            Southern Copper Corp 1710.36               Metals & Mining  2026-02-20 201.01  2026-02-23 207.05  3.00 
 ABT             Abbott Laboratories 1951.19                   Health Care  2026-02-20 112.21  2026-02-23 115.29  2.74 
  PG             Procter & Gamble Co 3736.53             Consumer products  2026-02-20 160.78  2026-02-23 165.17  2.73 
 XOM                Exxon Mobil Corp 6319.07                        Energy  2026-02-20 147.28  2026-02-23 150.76  2.36 
  MO                Altria Group Inc 1157.95                       Tobacco   2026-02-20 67.57   2026-02-23 68.98  2.09 
  PM Philip Morris International Inc 2854.95                       Tobacco   2026-02-20 183.4  2026-02-23 187.22  2.08 
TMUS                 T-Mobile US Inc 2374.07             Telecommunication  2026-02-20 215.46  2026-02-23 219.95  2.08 
ABBV                      AbbVie Inc 3973.26                 Biotechnology  2026-02-20 224.81  2026-02-23 229.48  2.08 
 PEP                     PepsiCo Inc 2254.15                     Beverages  2026-02-20 164.94  2026-02-23 168.32  2.05 
 NEE              Nextera Energy Inc 1959.76                     Utilities   2026-02-20 92.18   2026-02-23 94.06  2.04 
   T                        AT&T Inc 1958.76             Telecommunication   2026-02-20 27.98   2026-02-23 28.52  1.93 
 CME                   CME Group Inc 1110.97            Financial Services  2026-02-20 308.09   2026-02-23 314.0  1.92 
 MDT                   Medtronic PLC 1241.76                   Health Care   2026-02-20 96.86   2026-02-23 98.61  1.81 
 NEM             Newmont Corporation 1332.76               Metals & Mining  2026-02-20 122.13  2026-02-23 124.25  1.74 
 MCD                 McDonald's Corp 2382.58 Hotels, Restaurants & Leisure  2026-02-20 329.23  2026-02-23 334.56  1.62 
 PFE                      Pfizer Inc 1515.24               Pharmaceuticals   2026-02-20 26.65   2026-02-23 27.06  1.54 
 JNJ               Johnson & Johnson 5924.50               Pharmaceuticals  2026-02-20 242.49  2026-02-23 245.84  1.38 
 MRK                  Merck & Co Inc 3073.24               Pharmaceuticals  2026-02-20 122.26  2026-02-23 123.82  1.28 
AMGN                       Amgen Inc 2020.16                 Biotechnology  2026-02-20 374.75  2026-02-23 379.42  1.25 
