
=== 涨幅榜前20名股票 ===
股票代码               公司名称               市值(亿)                板块                      昨天收盘             今天收盘       涨跌幅(%)
 ULY                    Urgent.ly Inc  0.04                       Technology  2026-03-13 2.03  2026-03-16 5.37 164.53
RBOT           Vicarious Surgical Inc  0.04                      Health Care  2026-03-13 0.54   2026-03-16 0.9  66.36
AIRS       AirSculpt Technologies Inc  1.16                      Health Care  2026-03-13 1.85  2026-03-16 2.81  51.62
CTMX          CytomX Therapeutics Inc  7.93                    Biotechnology  2026-03-13 4.68  2026-03-16 6.75  44.23
DSGR Distribution Solutions Group Inc  8.92 Trading Companies & Distributors 2026-03-13 19.31 2026-03-16 26.07  35.01
ORBS             Eightco Holdings Inc  1.62                        Packaging  2026-03-13 0.82   2026-03-16 1.1  34.15
OPAL                   Opal Fuels Inc  3.71                           Energy  2026-03-13 2.14  2026-03-16 2.73  27.57
VIVK                      Vivakor Inc  0.04                           Energy  2026-03-13 0.01  2026-03-16 0.01  26.79
PRSO                       Peraso Inc  0.14                   Semiconductors  2026-03-13 1.49  2026-03-16 1.87  25.50
LNZA             Lanzatech Global Inc  0.25   Commercial Services & Supplies 2026-03-13 10.99 2026-03-16 13.77  25.30
PLAG       Planet Green Holdings Corp  0.25                    Food Products  2026-03-13 2.11  2026-03-16 2.64  25.12
BSLK       Bolt Projects Holdings Inc  0.01                        Chemicals  2026-03-13 0.12  2026-03-16 0.15  25.00
CVGI     Commercial Vehicle Group Inc  1.06                        Machinery   2026-03-13 2.9  2026-03-16 3.62  24.83
ACXP        Acurx Pharmaceuticals Inc  0.11                    Biotechnology  2026-03-13 3.88  2026-03-16 4.81  23.97
SYRA                 Syra Health Corp  0.01                      Health Care   2026-03-13 0.1  2026-03-16 0.13  23.81
 LSH            Lakeside Holdings Ltd  0.28                           Marine  2026-03-13 0.81   2026-03-16 1.0  23.61
CRGO                    Freightos Ltd  0.64       Logistics & Transportation  2026-03-13 1.25  2026-03-16 1.55  23.51
CING                    Cingulate Inc  0.67                  Pharmaceuticals  2026-03-13 8.69 2026-03-16 10.72  23.36
CIGL Concorde International Group Ltd  0.45   Commercial Services & Supplies  2026-03-13 1.65  2026-03-16 2.02  22.42
XAGE    Longevity Health Holdings Inc  0.01                    Biotechnology  2026-03-13 0.35  2026-03-16 0.43  22.26

=== 市值超过20亿的涨幅榜前20名股票 ===
 股票代码                公司名称               市值(亿)           板块                 昨天收盘              今天收盘       涨跌幅(%)
 NBIS                   Nebius Group NV 284.31           Technology 2026-03-13 112.95 2026-03-16 129.85 14.96 
 BCRX      BioCryst Pharmaceuticals Inc  23.32        Biotechnology   2026-03-13 8.22    2026-03-16 9.3 13.14 
  FPS      Forgent Power Solutions, Inc  94.28 Electrical Equipment  2026-03-13 30.97  2026-03-16 34.56 11.59 
 TSEM           Tower Semiconductor Ltd 139.37       Semiconductors 2026-03-13 124.71 2026-03-16 138.47 11.03 
 CPNG                       Coupang Inc 373.87               Retail  2026-03-13 18.45  2026-03-16 20.45 10.84 
 SYRE            Spyre Therapeutics Inc  31.33        Biotechnology  2026-03-13 39.89  2026-03-16 44.07 10.48 
  SEI Solaris Energy Infrastructure Inc  35.62               Energy   2026-03-13 52.0  2026-03-16 56.99  9.60 
 LASR                        nLIGHT Inc  34.93 Electrical Equipment   2026-03-13 62.6   2026-03-16 68.5  9.42 
 CRCL         Circle Internet Group Inc 284.78           Technology 2026-03-13 115.38 2026-03-16 125.83  9.06 
 SEDG        Solaredge Technologies Inc  22.60       Semiconductors  2026-03-13 37.44  2026-03-16 40.71  8.73 
NIOIF                           NIO Inc 119.90          Automobiles    2026-03-13 6.0   2026-03-16 6.52  8.67 
 BLSH                           Bullish  55.18   Financial Services  2026-03-13 36.62  2026-03-16 39.62  8.19 
 IREN                          IREN Ltd 137.95           Technology  2026-03-13 41.58  2026-03-16 44.94  8.08 
 CIEN                        Ciena Corp 477.05       Communications 2026-03-13 337.38 2026-03-16 363.88  7.85 
 CIFR                Cipher Digital Inc  57.04           Technology  2026-03-13 14.08  2026-03-16 15.14  7.53 
 ATRO                    Astronics Corp  22.87  Aerospace & Defense  2026-03-13 63.93   2026-03-16 68.7  7.46 
 VICR                        Vicor Corp  78.30 Electrical Equipment 2026-03-13 172.57 2026-03-16 185.42  7.45 
   PI                        Impinj Inc  27.73       Semiconductors  2026-03-13 91.74   2026-03-16 98.5  7.37 
SLOIF                         Soitec SA  21.10       Semiconductors  2026-03-13 68.04  2026-03-16 72.92  7.17 
DUAVF              Dassault Aviation SA 269.98  Aerospace & Defense  2026-03-13 385.5 2026-03-16 412.84  7.09 

=== 市值超过50亿的涨幅榜前20名股票 ===
 股票代码             公司名称             市值(亿)                板块                     昨天收盘              今天收盘       涨跌幅(%)
 NBIS              Nebius Group NV 284.31                    Technology 2026-03-13 112.95 2026-03-16 129.85 14.96 
  FPS Forgent Power Solutions, Inc  94.28          Electrical Equipment  2026-03-13 30.97  2026-03-16 34.56 11.59 
 TSEM      Tower Semiconductor Ltd 139.37                Semiconductors 2026-03-13 124.71 2026-03-16 138.47 11.03 
 CPNG                  Coupang Inc 373.87                        Retail  2026-03-13 18.45  2026-03-16 20.45 10.84 
 CRCL    Circle Internet Group Inc 284.78                    Technology 2026-03-13 115.38 2026-03-16 125.83  9.06 
NIOIF                      NIO Inc 119.90                   Automobiles    2026-03-13 6.0   2026-03-16 6.52  8.67 
 BLSH                      Bullish  55.18            Financial Services  2026-03-13 36.62  2026-03-16 39.62  8.19 
 IREN                     IREN Ltd 137.95                    Technology  2026-03-13 41.58  2026-03-16 44.94  8.08 
 CIEN                   Ciena Corp 477.05                Communications 2026-03-13 337.38 2026-03-16 363.88  7.85 
 CIFR           Cipher Digital Inc  57.04                    Technology  2026-03-13 14.08  2026-03-16 15.14  7.53 
 VICR                   Vicor Corp  78.30          Electrical Equipment 2026-03-13 172.57 2026-03-16 185.42  7.45 
DUAVF         Dassault Aviation SA 269.98           Aerospace & Defense  2026-03-13 385.5 2026-03-16 412.84  7.09 
 TTMI         TTM Technologies Inc  93.73          Electrical Equipment  2026-03-13 90.64  2026-03-16 96.51  6.48 
 DLTR              Dollar Tree Inc 213.69                        Retail 2026-03-13 107.46 2026-03-16 114.36  6.42 
 CAVA               CAVA Group Inc  95.43 Hotels, Restaurants & Leisure   2026-03-13 82.0  2026-03-16 87.25  6.40 
 SNDK                 Sandisk Corp 976.56                    Technology 2026-03-13 661.62 2026-03-16 703.63  6.35 
 FTAI            FTAI Aviation Ltd 227.96           Aerospace & Defense 2026-03-13 222.24  2026-03-16 236.1  6.24 
 BROS               Dutch Bros Inc  77.83 Hotels, Restaurants & Leisure   2026-03-13 47.3  2026-03-16 50.25  6.24 
 ALAB              Astera Labs Inc 216.99                Semiconductors 2026-03-13 120.31 2026-03-16 127.48  5.96 
 PRIM       Primoris Services Corp  72.17                  Construction  2026-03-13 133.5 2026-03-16 141.35  5.88 

=== 市值超过100亿的涨幅榜前20名股票 ===
 股票代码             公司名称            市值(亿)                板块                     昨天收盘              今天收盘       涨跌幅(%)
 NBIS             Nebius Group NV 284.31                    Technology 2026-03-13 112.95 2026-03-16 129.85 14.96 
 TSEM     Tower Semiconductor Ltd 139.37                Semiconductors 2026-03-13 124.71 2026-03-16 138.47 11.03 
 CPNG                 Coupang Inc 373.87                        Retail  2026-03-13 18.45  2026-03-16 20.45 10.84 
 CRCL   Circle Internet Group Inc 284.78                    Technology 2026-03-13 115.38 2026-03-16 125.83  9.06 
NIOIF                     NIO Inc 119.90                   Automobiles    2026-03-13 6.0   2026-03-16 6.52  8.67 
 IREN                    IREN Ltd 137.95                    Technology  2026-03-13 41.58  2026-03-16 44.94  8.08 
 CIEN                  Ciena Corp 477.05                Communications 2026-03-13 337.38 2026-03-16 363.88  7.85 
DUAVF        Dassault Aviation SA 269.98           Aerospace & Defense  2026-03-13 385.5 2026-03-16 412.84  7.09 
 DLTR             Dollar Tree Inc 213.69                        Retail 2026-03-13 107.46 2026-03-16 114.36  6.42 
 SNDK                Sandisk Corp 976.56                    Technology 2026-03-13 661.62 2026-03-16 703.63  6.35 
 FTAI           FTAI Aviation Ltd 227.96           Aerospace & Defense 2026-03-13 222.24  2026-03-16 236.1  6.24 
 ALAB             Astera Labs Inc 216.99                Semiconductors 2026-03-13 120.31 2026-03-16 127.48  5.96 
 RDDT                  Reddit Inc 252.85                         Media 2026-03-13 132.36  2026-03-16 140.0  5.77 
 MSTR                Strategy Inc 466.15                    Technology 2026-03-13 139.67 2026-03-16 147.52  5.62 
 SATS               EchoStar Corp 312.97                         Media 2026-03-13 108.34 2026-03-16 114.33  5.53 
 NTRA                  Natera Inc 266.24                 Biotechnology 2026-03-13 187.85 2026-03-16 197.68  5.23 
 STRL Sterling Infrastructure Inc 122.00                  Construction 2026-03-13 398.12 2026-03-16 417.76  4.93 
 RBLX                 Roblox Corp 399.85                         Media  2026-03-13 56.42  2026-03-16 59.17  4.87 
 LSCC  Lattice Semiconductor Corp 117.32                Semiconductors  2026-03-13 85.77  2026-03-16 89.92  4.84 
  CMG  Chipotle Mexican Grill Inc 443.87 Hotels, Restaurants & Leisure  2026-03-13 32.52  2026-03-16 34.08  4.80 

=== 市值超过200亿的涨幅榜前20名股票 ===
 股票代码             公司名称             市值(亿)                板块                     昨天收盘              今天收盘       涨跌幅(%)
 NBIS              Nebius Group NV 284.31                    Technology 2026-03-13 112.95 2026-03-16 129.85 14.96 
 CPNG                  Coupang Inc 373.87                        Retail  2026-03-13 18.45  2026-03-16 20.45 10.84 
 CRCL    Circle Internet Group Inc 284.78                    Technology 2026-03-13 115.38 2026-03-16 125.83  9.06 
 CIEN                   Ciena Corp 477.05                Communications 2026-03-13 337.38 2026-03-16 363.88  7.85 
DUAVF         Dassault Aviation SA 269.98           Aerospace & Defense  2026-03-13 385.5 2026-03-16 412.84  7.09 
 DLTR              Dollar Tree Inc 213.69                        Retail 2026-03-13 107.46 2026-03-16 114.36  6.42 
 SNDK                 Sandisk Corp 976.56                    Technology 2026-03-13 661.62 2026-03-16 703.63  6.35 
 FTAI            FTAI Aviation Ltd 227.96           Aerospace & Defense 2026-03-13 222.24  2026-03-16 236.1  6.24 
 ALAB              Astera Labs Inc 216.99                Semiconductors 2026-03-13 120.31 2026-03-16 127.48  5.96 
 RDDT                   Reddit Inc 252.85                         Media 2026-03-13 132.36  2026-03-16 140.0  5.77 
 MSTR                 Strategy Inc 466.15                    Technology 2026-03-13 139.67 2026-03-16 147.52  5.62 
 SATS                EchoStar Corp 312.97                         Media 2026-03-13 108.34 2026-03-16 114.33  5.53 
 NTRA                   Natera Inc 266.24                 Biotechnology 2026-03-13 187.85 2026-03-16 197.68  5.23 
 RBLX                  Roblox Corp 399.85                         Media  2026-03-13 56.42  2026-03-16 59.17  4.87 
  CMG   Chipotle Mexican Grill Inc 443.87 Hotels, Restaurants & Leisure  2026-03-13 32.52  2026-03-16 34.08  4.80 
  GFS          GlobalFoundries Inc 232.69                Semiconductors  2026-03-13 41.86  2026-03-16 43.77  4.56 
  RKT         Rocket Companies Inc 398.72            Financial Services  2026-03-13 14.14  2026-03-16 14.76  4.38 
STMEF        STMicroelectronics NV 255.25                Semiconductors   2026-03-13 32.5  2026-03-16 33.92  4.37 
  VIK          Viking Holdings Ltd 304.56 Hotels, Restaurants & Leisure  2026-03-13 68.32  2026-03-16 71.23  4.26 
  UAL United Airlines Holdings Inc 280.09                      Airlines   2026-03-13 86.6  2026-03-16 90.28  4.25 

=== 市值超过1000亿的涨跌榜前20名股票 ===
 股票代码              公司名称              市值(亿)                 板块                      昨天收盘               今天收盘       涨跌幅(%)
  SYK                  Stryker Corp  1288.78                    Health Care  2026-03-13 336.77 2026-03-16 349.56  3.80 
   MU         Micron Technology Inc  4972.50                 Semiconductors  2026-03-13 426.13  2026-03-16 441.8  3.68 
 SCCO          Southern Copper Corp  1399.27                Metals & Mining  2026-03-13 170.83  2026-03-16 176.8  3.49 
ASMLF               ASML Holding NV  4505.89                 Semiconductors 2026-03-13 1329.24 2026-03-16 1375.0  3.44 
 LRCX             Lam Research Corp  2739.80                 Semiconductors   2026-03-13 212.2  2026-03-16 219.4  3.39 
 DELL         Dell Technologies Inc  1004.77                     Technology  2026-03-13 151.62 2026-03-16 156.54  3.24 
 IBKR Interactive Brokers Group Inc  1122.81             Financial Services   2026-03-13 66.19  2026-03-16 68.28  3.16 
 SHOP                   Shopify Inc  1603.54                     Technology  2026-03-13 122.96 2026-03-16 126.58  2.94 
  CRM                Salesforce Inc  1779.82                     Technology  2026-03-13 192.83 2026-03-16 198.34  2.86 
 INTU                    Intuit Inc  1216.71                     Technology  2026-03-13 439.96 2026-03-16 452.31  2.81 
  GEV                GE Vernova Inc  2169.77           Electrical Equipment  2026-03-13 805.02 2026-03-16 827.37  2.78 
EADSF                     Airbus SE  1325.53            Aerospace & Defense   2026-03-13 192.0  2026-03-16 197.0  2.60 
 ISRG        Intuitive Surgical Inc  1676.78                    Health Care  2026-03-13 472.16 2026-03-16 483.46  2.39 
 META            Meta Platforms Inc 15524.14                          Media  2026-03-13 613.71 2026-03-16 627.45  2.24 
  DHR                  Danaher Corp  1324.61 Life Sciences Tools & Services  2026-03-13 187.32 2026-03-16 191.39  2.17 
  APH                 Amphenol Corp  1646.16           Electrical Equipment  2026-03-13 133.92  2026-03-16 136.8  2.15 
   MA                Mastercard Inc  4441.14             Financial Services  2026-03-13 497.99  2026-03-16 508.5  2.11 
  BLK                 BlackRock Inc  1507.74             Financial Services  2026-03-13 924.11 2026-03-16 943.26  2.07 
 AMZN                Amazon.com Inc 22293.21                         Retail  2026-03-13 207.67 2026-03-16 211.74  1.96 
 UBER         Uber Technologies Inc  1509.22                    Road & Rail   2026-03-13 73.33  2026-03-16 74.66  1.81 
