
=== 涨幅榜前20名股票 ===
股票代码               公司名称               市值(亿)                 板块                       昨天收盘             今天收盘       涨跌幅(%)
FCEL             Fuelcell Energy Inc    3.77             Electrical Equipment    2025-12-17 7.9  2025-12-18 9.64 22.03 
INBS   Intelligent Bio Solutions Inc    0.06                      Health Care   2025-12-17 5.91  2025-12-18 6.99 18.37 
BENF                     Beneficient    0.63               Financial Services   2025-12-17 4.45  2025-12-18 5.13 15.28 
 ELA                     Envela Corp    3.04                           Retail   2025-12-17 11.7 2025-12-18 13.48 15.21 
 HQI                   Hirequest Inc    1.09            Professional Services   2025-12-17 7.73   2025-12-18 8.7 12.55 
QUIK                 Quicklogic Corp    1.00                   Semiconductors   2025-12-17 5.84  2025-12-18 6.43 10.10 
 JOB                   GEE Group Inc    0.20            Professional Services   2025-12-17 0.18   2025-12-18 0.2  8.44 
CMTL Comtech Telecommunications Corp    0.84                   Communications   2025-12-17 2.85  2025-12-18 3.08  8.07 
AAOI     Applied Optoelectronics Inc   18.53                   Communications  2025-12-17 27.14 2025-12-18 29.25  7.77 
CSTE                 Caesarstone Ltd    0.55                         Building    2025-12-17 1.6  2025-12-18 1.72  7.50 
 SNT       Senstar Technologies Corp    0.76             Electrical Equipment   2025-12-17 3.26  2025-12-18 3.49  7.06 
  LC                LendingClub Corp   21.19               Financial Services  2025-12-17 18.38 2025-12-18 19.62  6.75 
CPHI       China Pharma Holdings Inc    0.07                  Pharmaceuticals   2025-12-17 1.35  2025-12-18 1.44  6.67 
ALNT                     Allient Inc    8.71             Electrical Equipment  2025-12-17 51.41 2025-12-18 54.69  6.38 
LRCX               Lam Research Corp 1946.60                   Semiconductors 2025-12-17 154.98 2025-12-18 164.7  6.27 
ALOT                   AstroNova Inc    0.59                       Technology   2025-12-17 7.68  2025-12-18 8.16  6.25 
ACNT            Ascent Industries Co    1.44                  Metals & Mining  2025-12-17 15.36 2025-12-18 16.29  6.05 
ITGR           Integer Holdings Corp   25.97                      Health Care  2025-12-17 74.13 2025-12-18 78.52  5.92 
SMTC                    Semtech Corp   62.12                   Semiconductors  2025-12-17 67.13 2025-12-18 71.01  5.78 
  UA                Under Armour Inc   18.20 Textiles, Apparel & Luxury Goods   2025-12-17 4.14  2025-12-18 4.36  5.31 

=== 市值超过20亿的涨幅榜前20名股票 ===
股票代码               公司名称               市值(亿)           板块                 昨天收盘               今天收盘        涨跌幅(%)
  LC                LendingClub Corp   21.19   Financial Services   2025-12-17 18.38   2025-12-18 19.62  6.75 
LRCX               Lam Research Corp 1946.60       Semiconductors  2025-12-17 154.98   2025-12-18 164.7  6.27 
ITGR           Integer Holdings Corp   25.97          Health Care   2025-12-17 74.13   2025-12-18 78.52  5.92 
SMTC                    Semtech Corp   62.12       Semiconductors   2025-12-17 67.13   2025-12-18 71.01  5.78 
CENX             Century Aluminum Co   29.98      Metals & Mining   2025-12-17 32.12   2025-12-18 33.81  5.26 
 STX Seagate Technology Holdings PLC  592.94           Technology  2025-12-17 277.65   2025-12-18 292.0  5.17 
 MOD         Modine Manufacturing Co   67.60             Building  2025-12-17 128.39  2025-12-18 133.92  4.31 
KLAC                        KLA Corp 1539.94       Semiconductors 2025-12-17 1172.02 2025-12-18 1222.39  4.30 
NVMI                        Nova Ltd   91.86       Semiconductors  2025-12-17 300.95  2025-12-18 312.78  3.93 
VSEC                        VSE Corp   39.63  Aerospace & Defense  2025-12-17 161.63  2025-12-18 167.66  3.73 
TSEM         Tower Semiconductor Ltd  125.83       Semiconductors  2025-12-17 112.59  2025-12-18 116.69  3.64 
 NRG                  NRG Energy Inc  286.46            Utilities  2025-12-17 149.48  2025-12-18 154.64  3.45 
CIEN                      Ciena Corp  287.20       Communications   2025-12-17 203.9  2025-12-18 210.71  3.34 
  GE             General Electric Co 3081.96  Aerospace & Defense  2025-12-17 292.18  2025-12-18 301.69  3.25 
RIOT              Riot Platforms Inc   48.19           Technology   2025-12-17 12.96   2025-12-18 13.38  3.24 
 CCJ                     Cameco Corp  369.44               Energy   2025-12-17 84.85   2025-12-18 87.58  3.22 
COHR                   Coherent Corp  267.85 Electrical Equipment  2025-12-17 170.44  2025-12-18 175.71  3.09 
 TER                    Teradyne Inc  290.05       Semiconductors  2025-12-17 185.21  2025-12-18 190.45  2.83 
MIDD                   Middleby Corp   72.66            Machinery  2025-12-17 144.25  2025-12-18 148.24  2.77 
 AYI                      Acuity Inc  107.30 Electrical Equipment  2025-12-17 350.51  2025-12-18 359.83  2.66 

=== 市值超过50亿的涨幅榜前20名股票 ===
股票代码                    公司名称                    市值(亿)                 板块                       昨天收盘               今天收盘        涨跌幅(%)
LRCX                         Lam Research Corp 1946.60                   Semiconductors  2025-12-17 154.98   2025-12-18 164.7  6.27 
SMTC                              Semtech Corp   62.12                   Semiconductors   2025-12-17 67.13   2025-12-18 71.01  5.78 
 STX           Seagate Technology Holdings PLC  592.94                       Technology  2025-12-17 277.65   2025-12-18 292.0  5.17 
 MOD                   Modine Manufacturing Co   67.60                         Building  2025-12-17 128.39  2025-12-18 133.92  4.31 
KLAC                                  KLA Corp 1539.94                   Semiconductors 2025-12-17 1172.02 2025-12-18 1222.39  4.30 
NVMI                                  Nova Ltd   91.86                   Semiconductors  2025-12-17 300.95  2025-12-18 312.78  3.93 
TSEM                   Tower Semiconductor Ltd  125.83                   Semiconductors  2025-12-17 112.59  2025-12-18 116.69  3.64 
 NRG                            NRG Energy Inc  286.46                        Utilities  2025-12-17 149.48  2025-12-18 154.64  3.45 
CIEN                                Ciena Corp  287.20                   Communications   2025-12-17 203.9  2025-12-18 210.71  3.34 
  GE                       General Electric Co 3081.96              Aerospace & Defense  2025-12-17 292.18  2025-12-18 301.69  3.25 
 CCJ                               Cameco Corp  369.44                           Energy   2025-12-17 84.85   2025-12-18 87.58  3.22 
COHR                             Coherent Corp  267.85             Electrical Equipment  2025-12-17 170.44  2025-12-18 175.71  3.09 
 TER                              Teradyne Inc  290.05                   Semiconductors  2025-12-17 185.21  2025-12-18 190.45  2.83 
MIDD                             Middleby Corp   72.66                        Machinery  2025-12-17 144.25  2025-12-18 148.24  2.77 
 AYI                                Acuity Inc  107.30             Electrical Equipment  2025-12-17 350.51  2025-12-18 359.83  2.66 
 TPR                              Tapestry Inc  250.06 Textiles, Apparel & Luxury Goods  2025-12-17 122.19   2025-12-18 125.4  2.63 
PEGA                           Pegasystems Inc   97.51                       Technology   2025-12-17 57.45   2025-12-18 58.89  2.51 
  EL                Estee Lauder Companies Inc  379.46                Consumer products   2025-12-17 105.3  2025-12-18 107.94  2.51 
KTOS Kratos Defense and Security Solutions Inc  117.80              Aerospace & Defense   2025-12-17 69.77    2025-12-18 71.4  2.34 
 FLG                          Flagstar Bank NA   54.84                          Banking   2025-12-17 13.19   2025-12-18 13.48  2.20 

=== 市值超过100亿的涨幅榜前20名股票 ===
股票代码                    公司名称                    市值(亿)                  板块                       昨天收盘               今天收盘        涨跌幅(%)
LRCX                         Lam Research Corp  1946.60                   Semiconductors  2025-12-17 154.98   2025-12-18 164.7  6.27 
 STX           Seagate Technology Holdings PLC   592.94                       Technology  2025-12-17 277.65   2025-12-18 292.0  5.17 
KLAC                                  KLA Corp  1539.94                   Semiconductors 2025-12-17 1172.02 2025-12-18 1222.39  4.30 
TSEM                   Tower Semiconductor Ltd   125.83                   Semiconductors  2025-12-17 112.59  2025-12-18 116.69  3.64 
 NRG                            NRG Energy Inc   286.46                        Utilities  2025-12-17 149.48  2025-12-18 154.64  3.45 
CIEN                                Ciena Corp   287.20                   Communications   2025-12-17 203.9  2025-12-18 210.71  3.34 
  GE                       General Electric Co  3081.96              Aerospace & Defense  2025-12-17 292.18  2025-12-18 301.69  3.25 
 CCJ                               Cameco Corp   369.44                           Energy   2025-12-17 84.85   2025-12-18 87.58  3.22 
COHR                             Coherent Corp   267.85             Electrical Equipment  2025-12-17 170.44  2025-12-18 175.71  3.09 
 TER                              Teradyne Inc   290.05                   Semiconductors  2025-12-17 185.21  2025-12-18 190.45  2.83 
 AYI                                Acuity Inc   107.30             Electrical Equipment  2025-12-17 350.51  2025-12-18 359.83  2.66 
 TPR                              Tapestry Inc   250.06 Textiles, Apparel & Luxury Goods  2025-12-17 122.19   2025-12-18 125.4  2.63 
  EL                Estee Lauder Companies Inc   379.46                Consumer products   2025-12-17 105.3  2025-12-18 107.94  2.51 
KTOS Kratos Defense and Security Solutions Inc   117.80              Aerospace & Defense   2025-12-17 69.77    2025-12-18 71.4  2.34 
ADSK                              Autodesk Inc   621.10                       Technology  2025-12-17 292.97  2025-12-18 299.24  2.14 
VTRS                               Viatris Inc   126.58                  Pharmaceuticals    2025-12-17 11.7   2025-12-18 11.94  2.05 
OKTA                                  Okta Inc   156.71                       Technology   2025-12-17 88.42   2025-12-18 90.23  2.05 
NVDA                               NVIDIA Corp 41538.42                   Semiconductors  2025-12-17 170.94  2025-12-18 174.14  1.87 
 DRI                    Darden Restaurants Inc   220.45    Hotels, Restaurants & Leisure  2025-12-17 189.53  2025-12-18 192.88  1.77 
 ATI                                   ATI Inc   146.58              Aerospace & Defense  2025-12-17 107.89  2025-12-18 109.76  1.73 

=== 市值超过200亿的涨幅榜前20名股票 ===
股票代码               公司名称               市值(亿)                  板块                       昨天收盘               今天收盘        涨跌幅(%)
LRCX               Lam Research Corp  1946.60                   Semiconductors  2025-12-17 154.98   2025-12-18 164.7  6.27 
 STX Seagate Technology Holdings PLC   592.94                       Technology  2025-12-17 277.65   2025-12-18 292.0  5.17 
KLAC                        KLA Corp  1539.94                   Semiconductors 2025-12-17 1172.02 2025-12-18 1222.39  4.30 
 NRG                  NRG Energy Inc   286.46                        Utilities  2025-12-17 149.48  2025-12-18 154.64  3.45 
CIEN                      Ciena Corp   287.20                   Communications   2025-12-17 203.9  2025-12-18 210.71  3.34 
  GE             General Electric Co  3081.96              Aerospace & Defense  2025-12-17 292.18  2025-12-18 301.69  3.25 
 CCJ                     Cameco Corp   369.44                           Energy   2025-12-17 84.85   2025-12-18 87.58  3.22 
COHR                   Coherent Corp   267.85             Electrical Equipment  2025-12-17 170.44  2025-12-18 175.71  3.09 
 TER                    Teradyne Inc   290.05                   Semiconductors  2025-12-17 185.21  2025-12-18 190.45  2.83 
 TPR                    Tapestry Inc   250.06 Textiles, Apparel & Luxury Goods  2025-12-17 122.19   2025-12-18 125.4  2.63 
  EL      Estee Lauder Companies Inc   379.46                Consumer products   2025-12-17 105.3  2025-12-18 107.94  2.51 
ADSK                    Autodesk Inc   621.10                       Technology  2025-12-17 292.97  2025-12-18 299.24  2.14 
NVDA                     NVIDIA Corp 41538.42                   Semiconductors  2025-12-17 170.94  2025-12-18 174.14  1.87 
 DRI          Darden Restaurants Inc   220.45    Hotels, Restaurants & Leisure  2025-12-17 189.53  2025-12-18 192.88  1.77 
 AMD      Advanced Micro Devices Inc  3225.31                   Semiconductors  2025-12-17 198.11  2025-12-18 201.06  1.49 
 LHX       L3Harris Technologies Inc   521.35              Aerospace & Defense  2025-12-17 278.72  2025-12-18 282.72  1.44 
 ADI              Analog Devices Inc  1327.16                   Semiconductors  2025-12-17 271.04  2025-12-18 274.92  1.43 
 COF      Capital One Financial Corp  1522.58               Financial Services   2025-12-17 239.5   2025-12-18 242.8  1.38 
  AU           Anglogold Ashanti PLC   424.21                  Metals & Mining   2025-12-17 84.54   2025-12-18 85.68  1.35 
CTAS                     Cintas Corp   752.98   Commercial Services & Supplies  2025-12-17 187.37  2025-12-18 189.89  1.34 

=== 市值超过1000亿的涨跌榜前20名股票 ===
 股票代码            公司名称             市值(亿)            板块                昨天收盘               今天收盘        涨跌幅(%)
 LRCX          Lam Research Corp  1946.60      Semiconductors  2025-12-17 154.98   2025-12-18 164.7  6.27 
 KLAC                   KLA Corp  1539.94      Semiconductors 2025-12-17 1172.02 2025-12-18 1222.39  4.30 
   GE        General Electric Co  3081.96 Aerospace & Defense  2025-12-17 292.18  2025-12-18 301.69  3.25 
 NVDA                NVIDIA Corp 41538.42      Semiconductors  2025-12-17 170.94  2025-12-18 174.14  1.87 
  AMD Advanced Micro Devices Inc  3225.31      Semiconductors  2025-12-17 198.11  2025-12-18 201.06  1.49 
  ADI         Analog Devices Inc  1327.16      Semiconductors  2025-12-17 271.04  2025-12-18 274.92  1.43 
  COF Capital One Financial Corp  1522.58  Financial Services   2025-12-17 239.5   2025-12-18 242.8  1.38 
 QCOM               Qualcomm Inc  1845.76      Semiconductors  2025-12-17 172.34  2025-12-18 174.19  1.07 
  TXN      Texas Instruments Inc  1585.46      Semiconductors  2025-12-17 174.49  2025-12-18 176.19  0.97 
  NEE         Nextera Energy Inc  1672.13           Utilities   2025-12-17 80.29   2025-12-18 80.85  0.70 
 INTC                 Intel Corp  1719.59      Semiconductors   2025-12-17 36.05   2025-12-18 36.28  0.64 
  RTX                   RTX Corp  2375.85 Aerospace & Defense   2025-12-17 177.2  2025-12-18 178.29  0.62 
   BN            Brookfield Corp  1102.29  Financial Services   2025-12-17 44.52   2025-12-18 44.77  0.56 
   PH       Parker-Hannifin Corp  1089.23           Machinery  2025-12-17 863.19  2025-12-18 867.95  0.55 
   GS    Goldman Sachs Group Inc  2616.37  Financial Services  2025-12-17 872.33   2025-12-18 876.3  0.46 
  MDT              Medtronic PLC  1260.22         Health Care    2025-12-17 98.3   2025-12-18 98.48  0.18 
  BLK              BlackRock Inc  1737.43  Financial Services  2025-12-17 1065.0 2025-12-18 1064.99 -0.00 
CMCSA               Comcast Corp  1104.83               Media   2025-12-17 30.32   2025-12-18 30.27 -0.16 
  BMY    Bristol-Myers Squibb Co  1090.15     Pharmaceuticals   2025-12-17 53.55   2025-12-18 53.33 -0.41 
    T                   AT&T Inc  1726.99   Telecommunication   2025-12-17 24.36   2025-12-18 24.26 -0.41 
