2025-01-25 11:10:52,116 - INFO: 日志目录: logs/20250125_111052
2025-01-25 11:10:52,116 - INFO: 日志文件: logs/20250125_111052/execution.log
2025-01-25 11:10:52,117 - INFO: 从 Finnhub 获取股票列表...
2025-01-25 11:10:52,117 - INFO: 使用 API Key: cu8b0u1r01qhqu5ciok0cu8b0u1r01qhqu5ciokg (已使用 1 次)
2025-01-25 11:10:55,643 - INFO: 获取到 18 个股票
2025-01-25 11:10:55,653 - INFO: 开始处理 18 只股票...
2025-01-25 11:10:56,000 - INFO: 股票 RVVDS 数据不足
2025-01-25 11:10:56,137 - INFO: 使用 API Key: cu9kb2hr01qnf5nn8c30cu9kb2hr01qnf5nn8c3g (已使用 1 次)
2025-01-25 11:10:56,158 - INFO: 获取 IMCC 详细信息时出错: Expecting value: line 1 column 1 (char 0)
2025-01-25 11:10:56,158 - INFO: 股票 IMCC 无法获取详细信息
2025-01-25 11:10:56,161 - INFO: 使用 API Key: cu9kbbpr01qnf5nn8cp0cu9kbbpr01qnf5nn8cpg (已使用 1 次)
2025-01-25 11:10:56,165 - INFO: 获取 DIAAF 详细信息时出错: Expecting value: line 1 column 1 (char 0)
2025-01-25 11:10:56,166 - INFO: 股票 DIAAF 无法获取详细信息
2025-01-25 11:10:56,168 - INFO: 获取 FBRX 详细信息时出错: Expecting value: line 1 column 1 (char 0)
2025-01-25 11:10:56,168 - INFO: 股票 FBRX 无法获取详细信息
2025-01-25 11:10:56,173 - INFO: 获取 PAVM 详细信息时出错: Expecting value: line 1 column 1 (char 0)
2025-01-25 11:10:56,173 - INFO: 股票 PAVM 无法获取详细信息
2025-01-25 11:10:56,188 - INFO: 跳过权证: GWH
2025-01-25 11:10:56,207 - INFO: 获取 RCDTF 详细信息时出错: Expecting value: line 1 column 1 (char 0)
2025-01-25 11:10:56,207 - INFO: 股票 RCDTF 无法获取详细信息
2025-01-25 11:10:56,280 - INFO: 获取 SEOVF 详细信息时出错: Expecting value: line 1 column 1 (char 0)
2025-01-25 11:10:56,280 - INFO: 股票 SEOVF 无法获取详细信息
2025-01-25 11:10:56,387 - INFO: 进度: 10/18 (55.56%) 有效数据: 2
2025-01-25 11:10:56,447 - INFO: 股票 RRHMF 数据不足
2025-01-25 11:10:56,627 - INFO: 获取 VYCO 详细信息时出错: Expecting value: line 1 column 1 (char 0)
2025-01-25 11:10:56,640 - INFO: 使用 API Key: cu9kbipr01qnf5nn8da0cu9kbipr01qnf5nn8dag (已使用 1 次)
2025-01-25 11:10:56,642 - INFO: 股票 VYCO 无法获取详细信息
2025-01-25 11:10:56,680 - INFO: 获取 RBTI 详细信息时出错: Expecting value: line 1 column 1 (char 0)
2025-01-25 11:10:56,680 - INFO: 股票 RBTI 无法获取详细信息
2025-01-25 11:10:56,709 - INFO: 获取 NNCSF 详细信息时出错: Expecting value: line 1 column 1 (char 0)
2025-01-25 11:10:56,709 - INFO: 股票 NNCSF 无法获取详细信息
2025-01-25 11:10:56,721 - INFO: 获取 JUMSF 详细信息时出错: Expecting value: line 1 column 1 (char 0)
2025-01-25 11:10:56,721 - INFO: 股票 JUMSF 无法获取详细信息
2025-01-25 11:10:56,724 - INFO: 使用 API Key: cu9kbthr01qnf5nn8e20cu9kbthr01qnf5nn8e2g (已使用 1 次)
2025-01-25 11:10:56,771 - INFO: 使用 API Key: cua5621r01qkpes47sagcua5621r01qkpes47sb0 (已使用 1 次)
2025-01-25 11:10:57,019 - INFO: 
处理完成!
2025-01-25 11:10:57,019 - INFO: 总计处理: 18 只股票
2025-01-25 11:10:57,019 - INFO: 有效数据: 5 只股票
2025-01-25 11:10:57,019 - INFO: 无效数据: 13 只股票
2025-01-25 11:10:57,022 - INFO: 日志目录: logs/20250125_111052
2025-01-25 11:10:57,022 - INFO: 日志文件: logs/20250125_111052/execution.log
2025-01-25 11:10:57,023 - INFO: 
=== 涨幅榜前20名股票 ===
2025-01-25 11:10:57,023 - INFO: 
=== 涨幅榜前20名股票 ===
2025-01-25 11:10:57,030 - INFO: 
  股票代码                            公司名称  市值(亿)                板块                          昨天收盘                          今天收盘  涨跌幅(%)
0    MSMKF              MatsukiyoCocokara & Co   9275.63              Retail     2025-01-23 13.800000190734863     2025-01-24 13.800000190734863       0.00
3     BLDV           Blue Diamond Ventures Inc      0.02                 N/A  2025-01-23 0.0003000000142492354  2025-01-24 0.0003000000142492354       0.00
4    SVCBF  Svenska Cellulosa Aktiebolaget SCA   1011.12      Paper & Forest     2025-01-23 12.621000289916992     2025-01-24 12.621000289916992       0.00
2     MBIN                   Merchants Bancorp     17.85  Financial Services      2025-01-23 39.13999938964844                   2025-01-24 39.0      -0.36
1      AGX                           Argan Inc     22.88        Construction      2025-01-23 174.9199981689453      2025-01-24 168.5399932861328      -3.65
2025-01-25 11:10:57,030 - INFO: 
  股票代码                            公司名称  市值(亿)                板块                          昨天收盘                          今天收盘  涨跌幅(%)
0    MSMKF              MatsukiyoCocokara & Co   9275.63              Retail     2025-01-23 13.800000190734863     2025-01-24 13.800000190734863       0.00
3     BLDV           Blue Diamond Ventures Inc      0.02                 N/A  2025-01-23 0.0003000000142492354  2025-01-24 0.0003000000142492354       0.00
4    SVCBF  Svenska Cellulosa Aktiebolaget SCA   1011.12      Paper & Forest     2025-01-23 12.621000289916992     2025-01-24 12.621000289916992       0.00
2     MBIN                   Merchants Bancorp     17.85  Financial Services      2025-01-23 39.13999938964844                   2025-01-24 39.0      -0.36
1      AGX                           Argan Inc     22.88        Construction      2025-01-23 174.9199981689453      2025-01-24 168.5399932861328      -3.65
2025-01-25 11:10:57,031 - INFO: 
=== 市值超过20亿的涨幅榜前20名股票 ===
2025-01-25 11:10:57,031 - INFO: 
=== 市值超过20亿的涨幅榜前20名股票 ===
2025-01-25 11:10:57,036 - INFO: 
  股票代码                            公司名称  市值(亿)            板块                       昨天收盘                       今天收盘  涨跌幅(%)
0    MSMKF              MatsukiyoCocokara & Co   9275.63          Retail  2025-01-23 13.800000190734863  2025-01-24 13.800000190734863       0.00
4    SVCBF  Svenska Cellulosa Aktiebolaget SCA   1011.12  Paper & Forest  2025-01-23 12.621000289916992  2025-01-24 12.621000289916992       0.00
1      AGX                           Argan Inc     22.88    Construction   2025-01-23 174.9199981689453   2025-01-24 168.5399932861328      -3.65
2025-01-25 11:10:57,036 - INFO: 
  股票代码                            公司名称  市值(亿)            板块                       昨天收盘                       今天收盘  涨跌幅(%)
0    MSMKF              MatsukiyoCocokara & Co   9275.63          Retail  2025-01-23 13.800000190734863  2025-01-24 13.800000190734863       0.00
4    SVCBF  Svenska Cellulosa Aktiebolaget SCA   1011.12  Paper & Forest  2025-01-23 12.621000289916992  2025-01-24 12.621000289916992       0.00
1      AGX                           Argan Inc     22.88    Construction   2025-01-23 174.9199981689453   2025-01-24 168.5399932861328      -3.65
2025-01-25 11:10:57,036 - INFO: 
=== 市值超过50亿的涨幅榜前20名股票 ===
2025-01-25 11:10:57,036 - INFO: 
=== 市值超过50亿的涨幅榜前20名股票 ===
2025-01-25 11:10:57,041 - INFO: 
  股票代码                            公司名称  市值(亿)            板块                       昨天收盘                       今天收盘  涨跌幅(%)
0    MSMKF              MatsukiyoCocokara & Co   9275.63          Retail  2025-01-23 13.800000190734863  2025-01-24 13.800000190734863        0.0
4    SVCBF  Svenska Cellulosa Aktiebolaget SCA   1011.12  Paper & Forest  2025-01-23 12.621000289916992  2025-01-24 12.621000289916992        0.0
2025-01-25 11:10:57,041 - INFO: 
  股票代码                            公司名称  市值(亿)            板块                       昨天收盘                       今天收盘  涨跌幅(%)
0    MSMKF              MatsukiyoCocokara & Co   9275.63          Retail  2025-01-23 13.800000190734863  2025-01-24 13.800000190734863        0.0
4    SVCBF  Svenska Cellulosa Aktiebolaget SCA   1011.12  Paper & Forest  2025-01-23 12.621000289916992  2025-01-24 12.621000289916992        0.0
2025-01-25 11:10:57,041 - INFO: 
=== 市值超过100亿的涨幅榜前20名股票 ===
2025-01-25 11:10:57,042 - INFO: 
=== 市值超过100亿的涨幅榜前20名股票 ===
2025-01-25 11:10:57,046 - INFO: 
  股票代码                            公司名称  市值(亿)            板块                       昨天收盘                       今天收盘  涨跌幅(%)
0    MSMKF              MatsukiyoCocokara & Co   9275.63          Retail  2025-01-23 13.800000190734863  2025-01-24 13.800000190734863        0.0
4    SVCBF  Svenska Cellulosa Aktiebolaget SCA   1011.12  Paper & Forest  2025-01-23 12.621000289916992  2025-01-24 12.621000289916992        0.0
2025-01-25 11:10:57,046 - INFO: 
  股票代码                            公司名称  市值(亿)            板块                       昨天收盘                       今天收盘  涨跌幅(%)
0    MSMKF              MatsukiyoCocokara & Co   9275.63          Retail  2025-01-23 13.800000190734863  2025-01-24 13.800000190734863        0.0
4    SVCBF  Svenska Cellulosa Aktiebolaget SCA   1011.12  Paper & Forest  2025-01-23 12.621000289916992  2025-01-24 12.621000289916992        0.0
2025-01-25 11:10:57,047 - INFO: 
=== 市值超过200亿的涨幅榜前20名股票 ===
2025-01-25 11:10:57,047 - INFO: 
=== 市值超过200亿的涨幅榜前20名股票 ===
2025-01-25 11:10:57,051 - INFO: 
  股票代码                            公司名称  市值(亿)            板块                       昨天收盘                       今天收盘  涨跌幅(%)
0    MSMKF              MatsukiyoCocokara & Co   9275.63          Retail  2025-01-23 13.800000190734863  2025-01-24 13.800000190734863        0.0
4    SVCBF  Svenska Cellulosa Aktiebolaget SCA   1011.12  Paper & Forest  2025-01-23 12.621000289916992  2025-01-24 12.621000289916992        0.0
2025-01-25 11:10:57,051 - INFO: 
  股票代码                            公司名称  市值(亿)            板块                       昨天收盘                       今天收盘  涨跌幅(%)
0    MSMKF              MatsukiyoCocokara & Co   9275.63          Retail  2025-01-23 13.800000190734863  2025-01-24 13.800000190734863        0.0
4    SVCBF  Svenska Cellulosa Aktiebolaget SCA   1011.12  Paper & Forest  2025-01-23 12.621000289916992  2025-01-24 12.621000289916992        0.0
2025-01-25 11:10:57,052 - INFO: 
=== 市值超过1000亿的涨幅榜前20名股票 ===
2025-01-25 11:10:57,052 - INFO: 
=== 市值超过1000亿的涨幅榜前20名股票 ===
2025-01-25 11:10:57,056 - INFO: 
  股票代码                            公司名称  市值(亿)            板块                       昨天收盘                       今天收盘  涨跌幅(%)
0    MSMKF              MatsukiyoCocokara & Co   9275.63          Retail  2025-01-23 13.800000190734863  2025-01-24 13.800000190734863        0.0
4    SVCBF  Svenska Cellulosa Aktiebolaget SCA   1011.12  Paper & Forest  2025-01-23 12.621000289916992  2025-01-24 12.621000289916992        0.0
2025-01-25 11:10:57,056 - INFO: 
  股票代码                            公司名称  市值(亿)            板块                       昨天收盘                       今天收盘  涨跌幅(%)
0    MSMKF              MatsukiyoCocokara & Co   9275.63          Retail  2025-01-23 13.800000190734863  2025-01-24 13.800000190734863        0.0
4    SVCBF  Svenska Cellulosa Aktiebolaget SCA   1011.12  Paper & Forest  2025-01-23 12.621000289916992  2025-01-24 12.621000289916992        0.0
2025-01-25 11:10:57,056 - INFO: 结果已保存到: logs/20250125_111052/top20_result.log
2025-01-25 11:10:57,057 - INFO: 日志目录: logs/20250125_111052
2025-01-25 11:10:57,057 - INFO: 日志文件: logs/20250125_111052/execution.log
2025-01-25 11:10:57,057 - INFO: 股票数据已保存到 logs/20250125_111052/stocks_data.json
2025-01-25 11:10:57,061 - INFO: 
=== 板块涨跌分析 ===
2025-01-25 11:10:57,063 - INFO: 
                 板块  平均涨跌幅  股票数量
2                 N/A        0.00         1
3      Paper & Forest        0.00         1
4              Retail        0.00         1
1  Financial Services       -0.36         1
0        Construction       -3.65         1
2025-01-25 11:10:57,064 - INFO: 板块分析已保存到 logs/20250125_111052/sector_analysis.json
