
=== 涨幅榜前20名股票 ===

  股票代码                            公司名称  市值(亿)                板块                          昨天收盘                          今天收盘  涨跌幅(%)
0    MSMKF              MatsukiyoCocokara & Co   9275.63              Retail     2025-01-23 13.800000190734863     2025-01-24 13.800000190734863       0.00
3     BLDV           Blue Diamond Ventures Inc      0.02                 N/A  2025-01-23 0.0003000000142492354  2025-01-24 0.0003000000142492354       0.00
4    SVCBF  Svenska Cellulosa Aktiebolaget SCA   1011.12      Paper & Forest     2025-01-23 12.621000289916992     2025-01-24 12.621000289916992       0.00
2     MBIN                   Merchants Bancorp     17.85  Financial Services      2025-01-23 39.13999938964844                   2025-01-24 39.0      -0.36
1      AGX                           Argan Inc     22.88        Construction      2025-01-23 174.9199981689453      2025-01-24 168.5399932861328      -3.65

=== 市值超过20亿的涨幅榜前20名股票 ===

  股票代码                            公司名称  市值(亿)            板块                       昨天收盘                       今天收盘  涨跌幅(%)
0    MSMKF              MatsukiyoCocokara & Co   9275.63          Retail  2025-01-23 13.800000190734863  2025-01-24 13.800000190734863       0.00
4    SVCBF  Svenska Cellulosa Aktiebolaget SCA   1011.12  Paper & Forest  2025-01-23 12.621000289916992  2025-01-24 12.621000289916992       0.00
1      AGX                           Argan Inc     22.88    Construction   2025-01-23 174.9199981689453   2025-01-24 168.5399932861328      -3.65

=== 市值超过50亿的涨幅榜前20名股票 ===

  股票代码                            公司名称  市值(亿)            板块                       昨天收盘                       今天收盘  涨跌幅(%)
0    MSMKF              MatsukiyoCocokara & Co   9275.63          Retail  2025-01-23 13.800000190734863  2025-01-24 13.800000190734863        0.0
4    SVCBF  Svenska Cellulosa Aktiebolaget SCA   1011.12  Paper & Forest  2025-01-23 12.621000289916992  2025-01-24 12.621000289916992        0.0

=== 市值超过100亿的涨幅榜前20名股票 ===

  股票代码                            公司名称  市值(亿)            板块                       昨天收盘                       今天收盘  涨跌幅(%)
0    MSMKF              MatsukiyoCocokara & Co   9275.63          Retail  2025-01-23 13.800000190734863  2025-01-24 13.800000190734863        0.0
4    SVCBF  Svenska Cellulosa Aktiebolaget SCA   1011.12  Paper & Forest  2025-01-23 12.621000289916992  2025-01-24 12.621000289916992        0.0

=== 市值超过200亿的涨幅榜前20名股票 ===

  股票代码                            公司名称  市值(亿)            板块                       昨天收盘                       今天收盘  涨跌幅(%)
0    MSMKF              MatsukiyoCocokara & Co   9275.63          Retail  2025-01-23 13.800000190734863  2025-01-24 13.800000190734863        0.0
4    SVCBF  Svenska Cellulosa Aktiebolaget SCA   1011.12  Paper & Forest  2025-01-23 12.621000289916992  2025-01-24 12.621000289916992        0.0

=== 市值超过1000亿的涨幅榜前20名股票 ===

  股票代码                            公司名称  市值(亿)            板块                       昨天收盘                       今天收盘  涨跌幅(%)
0    MSMKF              MatsukiyoCocokara & Co   9275.63          Retail  2025-01-23 13.800000190734863  2025-01-24 13.800000190734863        0.0
4    SVCBF  Svenska Cellulosa Aktiebolaget SCA   1011.12  Paper & Forest  2025-01-23 12.621000289916992  2025-01-24 12.621000289916992        0.0
