
=== 涨幅榜前20名股票 ===
 股票代码                    公司名称                    市值(亿)               板块                      昨天收盘              今天收盘       涨跌幅(%)
 BOXL                              Boxlight Corp  0.02                     Technology   2026-02-03 1.29   2026-02-04 2.02 56.59 
RTCJF                        Baijiayun Group Ltd  0.02                     Technology    2026-02-03 0.2   2026-02-04 0.31 55.28 
 SLAB                   Silicon Laboratories Inc 66.83                 Semiconductors 2026-02-03 136.62 2026-02-04 203.41 48.89 
 EGHT                                    8x8 Inc  3.34                     Technology   2026-02-03 1.66   2026-02-04 2.44 46.99 
 SUNE                        Sunation Energy Inc  0.04           Electrical Equipment   2026-02-03 0.78   2026-02-04 1.11 42.31 
 ENPH                         Enphase Energy Inc 67.62                 Semiconductors  2026-02-03 37.28  2026-02-04 51.67 38.60 
 INNV                      InnovAge Holding Corp 10.58                    Health Care   2026-02-03 5.66   2026-02-04 7.78 37.46 
 POAS Phaos Technology Holdings (Cayman) Limited  1.77           Electrical Equipment   2026-02-03 4.99    2026-02-04 6.6 32.26 
 MRNO              Murano Global Investments Plc  0.90                    Real Estate   2026-02-03 1.05   2026-02-04 1.35 28.57 
 FEED                          ENvue Medical Inc  0.03                    Health Care   2026-02-03 2.46   2026-02-04 3.12 26.83 
 BYAH       Park Ha Biological Technology Co Ltd  0.03                         Retail   2026-02-03 0.08    2026-02-04 0.1 26.58 
 MOBX                           MOBIX LABS, INC.  0.22                 Semiconductors   2026-02-03 0.18   2026-02-04 0.23 26.23 
 HIND                         Vyome Holdings Inc  0.13                Pharmaceuticals   2026-02-03 2.07   2026-02-04 2.57 24.15 
 ASPS          Altisource Portfolio Solutions SA  0.56                    Real Estate   2026-02-03 4.34   2026-02-04 5.28 21.66 
 CARM                   Carisma Therapeutics Inc  0.02                  Biotechnology   2026-02-03 0.04   2026-02-04 0.05 21.54 
 ROMA                     Roma Green Finance Ltd  1.26 Commercial Services & Supplies   2026-02-03 2.21   2026-02-04 2.67 20.81 
 SKYQ                             Sky Quarry Inc  0.08                         Energy   2026-02-03 0.27   2026-02-04 0.32 19.04 
 TOPP                      Toppoint Holdings Inc  0.14                    Road & Rail   2026-02-03 0.84   2026-02-04 0.99 18.42 
 VIVK                                Vivakor Inc  0.01                         Energy   2026-02-03 0.01   2026-02-04 0.01 17.24 
 PHOE                  Phoenix Asia Holdings Ltd  4.27                   Construction  2026-02-03 16.45  2026-02-04 19.27 17.14 

=== 市值超过20亿的涨幅榜前20名股票 ===
股票代码              公司名称               市值(亿)                  板块                       昨天收盘               今天收盘        涨跌幅(%)
SLAB       Silicon Laboratories Inc    66.83                   Semiconductors  2026-02-03 136.62  2026-02-04 203.41 48.89 
ENPH             Enphase Energy Inc    67.62                   Semiconductors   2026-02-03 37.28   2026-02-04 51.67 38.60 
COLM         Columbia Sportswear Co    35.40 Textiles, Apparel & Luxury Goods    2026-02-03 57.4   2026-02-04 65.69 14.44 
SMCI       Super Micro Computer Inc   190.67                       Technology   2026-02-03 29.67   2026-02-04 33.76 13.78 
SEDG     Solaredge Technologies Inc    20.06                   Semiconductors   2026-02-03 30.97   2026-02-04 35.04 13.14 
 RUN                     Sunrun Inc    46.19             Electrical Equipment   2026-02-03 18.47   2026-02-04 20.73 12.24 
 CSL         Carlisle Companies Inc   164.19                         Building  2026-02-03 355.84  2026-02-04 395.36 11.11 
 SKY             Champion Homes Inc    47.61                Consumer products   2026-02-03 76.03   2026-02-04 84.44 11.06 
 OLN                      Olin Corp    28.23                        Chemicals   2026-02-03 22.93   2026-02-04 25.44 10.95 
 LEA                      Lear Corp    69.52                  Auto Components   2026-02-03 119.6  2026-02-04 132.45 10.74 
 FTV                   Fortive Corp   190.00                        Machinery   2026-02-03 54.35   2026-02-04 60.13 10.63 
 CBT                     Cabot Corp    42.01                        Chemicals   2026-02-03 71.29   2026-02-04 78.73 10.44 
 LLY               Eli Lilly and Co 10466.53                  Pharmaceuticals 2026-02-03 1003.46 2026-02-04 1107.12 10.33 
 GPK   Graphic Packaging Holding Co    38.99                        Packaging   2026-02-03 12.42    2026-02-04 13.7 10.31 
 HRI              Herc Holdings Inc    54.86 Trading Companies & Distributors  2026-02-03 154.03  2026-02-04 169.38  9.97 
  CE                  Celanese Corp    56.08                        Chemicals   2026-02-03 48.04   2026-02-04 52.81  9.93 
ODFL  Old Dominion Freight Line Inc   426.62                      Road & Rail  2026-02-03 189.77  2026-02-04 208.54  9.89 
REYN Reynolds Consumer Products Inc    52.41                Consumer products   2026-02-03 21.81   2026-02-04 23.91  9.63 
SLGN            Silgan Holdings Inc    50.69                        Packaging   2026-02-03 43.76   2026-02-04 47.97  9.62 
 ACT             Enact Holdings Inc    62.99               Financial Services   2026-02-03 40.33   2026-02-04 44.07  9.27 

=== 市值超过50亿的涨幅榜前20名股票 ===
股票代码               公司名称                市值(亿)                  板块                       昨天收盘               今天收盘        涨跌幅(%)
SLAB         Silicon Laboratories Inc    66.83                   Semiconductors  2026-02-03 136.62  2026-02-04 203.41 48.89 
ENPH               Enphase Energy Inc    67.62                   Semiconductors   2026-02-03 37.28   2026-02-04 51.67 38.60 
SMCI         Super Micro Computer Inc   190.67                       Technology   2026-02-03 29.67   2026-02-04 33.76 13.78 
 CSL           Carlisle Companies Inc   164.19                         Building  2026-02-03 355.84  2026-02-04 395.36 11.11 
 LEA                        Lear Corp    69.52                  Auto Components   2026-02-03 119.6  2026-02-04 132.45 10.74 
 FTV                     Fortive Corp   190.00                        Machinery   2026-02-03 54.35   2026-02-04 60.13 10.63 
 LLY                 Eli Lilly and Co 10466.53                  Pharmaceuticals 2026-02-03 1003.46 2026-02-04 1107.12 10.33 
 HRI                Herc Holdings Inc    54.86 Trading Companies & Distributors  2026-02-03 154.03  2026-02-04 169.38  9.97 
  CE                    Celanese Corp    56.08                        Chemicals   2026-02-03 48.04   2026-02-04 52.81  9.93 
ODFL    Old Dominion Freight Line Inc   426.62                      Road & Rail  2026-02-03 189.77  2026-02-04 208.54  9.89 
REYN   Reynolds Consumer Products Inc    52.41                Consumer products   2026-02-03 21.81   2026-02-04 23.91  9.63 
SLGN              Silgan Holdings Inc    50.69                        Packaging   2026-02-03 43.76   2026-02-04 47.97  9.62 
 ACT               Enact Holdings Inc    62.99               Financial Services   2026-02-03 40.33   2026-02-04 44.07  9.27 
SAIA                         Saia Inc   105.99                      Road & Rail  2026-02-03 374.28  2026-02-04 405.95  8.46 
CRUS                 Cirrus Logic Inc    67.53                   Semiconductors  2026-02-03 124.58  2026-02-04 134.91  8.29 
ESAB                        ESAB Corp    77.29                        Machinery  2026-02-03 117.87  2026-02-04 127.61  8.26 
AMGN                        Amgen Inc  1974.07                    Biotechnology  2026-02-03 338.59   2026-02-04 366.2  8.15 
AMCR                        Amcor PLC   220.17                        Packaging   2026-02-03 44.92   2026-02-04 48.56  8.10 
 MGM        MGM Resorts International   101.01    Hotels, Restaurants & Leisure   2026-02-03 34.17   2026-02-04 36.93  8.08 
GTES Gates Industrial Corporation PLC    66.27                        Machinery   2026-02-03 23.76   2026-02-04 25.66  8.00 

=== 市值超过100亿的涨幅榜前20名股票 ===
股票代码                 公司名称                 市值(亿)                  板块                       昨天收盘               今天收盘        涨跌幅(%)
SMCI            Super Micro Computer Inc   190.67                       Technology   2026-02-03 29.67   2026-02-04 33.76 13.78 
 CSL              Carlisle Companies Inc   164.19                         Building  2026-02-03 355.84  2026-02-04 395.36 11.11 
 FTV                        Fortive Corp   190.00                        Machinery   2026-02-03 54.35   2026-02-04 60.13 10.63 
 LLY                    Eli Lilly and Co 10466.53                  Pharmaceuticals 2026-02-03 1003.46 2026-02-04 1107.12 10.33 
ODFL       Old Dominion Freight Line Inc   426.62                      Road & Rail  2026-02-03 189.77  2026-02-04 208.54  9.89 
SAIA                            Saia Inc   105.99                      Road & Rail  2026-02-03 374.28  2026-02-04 405.95  8.46 
AMGN                           Amgen Inc  1974.07                    Biotechnology  2026-02-03 338.59   2026-02-04 366.2  8.15 
AMCR                           Amcor PLC   220.17                        Packaging   2026-02-03 44.92   2026-02-04 48.56  8.10 
 MGM           MGM Resorts International   101.01    Hotels, Restaurants & Leisure   2026-02-03 34.17   2026-02-04 36.93  8.08 
   J                Jacobs Solutions Inc   161.92            Professional Services  2026-02-03 132.91  2026-02-04 143.33  7.84 
LITE               Lumentum Holdings Inc   311.40                   Communications   2026-02-03 435.1  2026-02-04 465.54  7.00 
 URI                  United Rentals Inc   530.93 Trading Companies & Distributors  2026-02-03 792.75  2026-02-04 848.13  6.99 
 LYB        LyondellBasell Industries NV   181.76                        Chemicals   2026-02-03 53.45    2026-02-04 57.1  6.83 
 HPE       Hewlett Packard Enterprise Co   298.07                       Technology   2026-02-03 21.78   2026-02-04 23.24  6.70 
 CNH                   CNH Industrial NV   149.07                        Machinery   2026-02-03 11.22   2026-02-04 11.96  6.60 
  OC                       Owens Corning   109.18                         Building  2026-02-03 124.96  2026-02-04 132.83  6.30 
  IP              International Paper Co   236.30                        Packaging   2026-02-03 42.06   2026-02-04 44.69  6.25 
TECH                     Bio-Techne Corp   107.00   Life Sciences Tools & Services   2026-02-03 64.63   2026-02-04 68.67  6.25 
NTNX                         Nutanix Inc   103.10                       Technology   2026-02-03 36.86   2026-02-04 39.15  6.21 
 AIT Applied Industrial Technologies Inc   105.30 Trading Companies & Distributors  2026-02-03 273.22  2026-02-04 289.94  6.12 

=== 市值超过200亿的涨幅榜前20名股票 ===
 股票代码              公司名称               市值(亿)                  板块                       昨天收盘               今天收盘        涨跌幅(%)
  LLY               Eli Lilly and Co 10466.53                  Pharmaceuticals 2026-02-03 1003.46 2026-02-04 1107.12 10.33 
 ODFL  Old Dominion Freight Line Inc   426.62                      Road & Rail  2026-02-03 189.77  2026-02-04 208.54  9.89 
 AMGN                      Amgen Inc  1974.07                    Biotechnology  2026-02-03 338.59   2026-02-04 366.2  8.15 
 AMCR                      Amcor PLC   220.17                        Packaging   2026-02-03 44.92   2026-02-04 48.56  8.10 
 LITE          Lumentum Holdings Inc   311.40                   Communications   2026-02-03 435.1  2026-02-04 465.54  7.00 
  URI             United Rentals Inc   530.93 Trading Companies & Distributors  2026-02-03 792.75  2026-02-04 848.13  6.99 
  HPE  Hewlett Packard Enterprise Co   298.07                       Technology   2026-02-03 21.78   2026-02-04 23.24  6.70 
   IP         International Paper Co   236.30                        Packaging   2026-02-03 42.06   2026-02-04 44.69  6.25 
  PCG                      PG&E Corp   350.79                        Utilities   2026-02-03 15.34   2026-02-04 16.23  5.80 
  DVN              Devon Energy Corp   267.97                           Energy   2026-02-03 41.11   2026-02-04 43.39  5.55 
LRLCF                     L'Oreal SA  2057.56                Consumer products   2026-02-03 447.6   2026-02-04 472.4  5.54 
  NKE                       Nike Inc   936.19 Textiles, Apparel & Luxury Goods   2026-02-03 60.93   2026-02-04 64.22  5.40 
 CHTR     Charter Communications Inc   321.36                            Media  2026-02-03 212.74  2026-02-04 224.18  5.38 
  PPG             PPG Industries Inc   282.63                        Chemicals  2026-02-03 119.52  2026-02-04 125.95  5.38 
 CTRA             Coterra Energy Inc   231.61                           Energy   2026-02-03 28.94   2026-02-04 30.49  5.36 
  MMM                          3M Co   860.24         Industrial Conglomerates  2026-02-03 155.68  2026-02-04 163.79  5.21 
  TPG                        TPG Inc   206.12               Financial Services   2026-02-03 53.34   2026-02-04 56.09  5.16 
   CB                      Chubb Ltd  1308.44                        Insurance  2026-02-03 313.38  2026-02-04 329.45  5.13 
 BIIB                     Biogen Inc   268.38                    Biotechnology  2026-02-03 176.76  2026-02-04 185.45  4.92 
 GEHC GE Healthcare Technologies Inc   380.79                      Health Care   2026-02-03 78.78   2026-02-04 82.63  4.89 

=== 市值超过1000亿的涨跌榜前20名股票 ===
 股票代码            公司名称            市值(亿)                 板块                     昨天收盘               今天收盘        涨跌幅(%)
  LLY          Eli Lilly and Co 10466.53               Pharmaceuticals 2026-02-03 1003.46 2026-02-04 1107.12 10.33 
 AMGN                 Amgen Inc  1974.07                 Biotechnology  2026-02-03 338.59   2026-02-04 366.2  8.15 
LRLCF                L'Oreal SA  2057.56             Consumer products   2026-02-03 447.6   2026-02-04 472.4  5.54 
   CB                 Chubb Ltd  1308.44                     Insurance  2026-02-03 313.38  2026-02-04 329.45  5.13 
BABAF Alibaba Group Holding Ltd  3465.57                        Retail   2026-02-03 21.38   2026-02-04 22.37  4.63 
 SBUX            Starbucks Corp  1100.68 Hotels, Restaurants & Leisure   2026-02-03 93.04   2026-02-04 96.97  4.22 
   DE                Deere & Co  1537.14                     Machinery   2026-02-03 545.0  2026-02-04 567.26  4.08 
  PFE                Pfizer Inc  1517.80               Pharmaceuticals   2026-02-03 25.77   2026-02-04 26.78  3.92 
  UNP        Union Pacific Corp  1484.89                   Road & Rail  2026-02-03 241.49  2026-02-04 249.76  3.42 
  ADI        Analog Devices Inc  1531.36                Semiconductors  2026-02-03 311.29  2026-02-04 320.44  2.94 
  BMY   Bristol-Myers Squibb Co  1173.00               Pharmaceuticals   2026-02-03 55.99   2026-02-04 57.62  2.91 
 ADBE                 Adobe Inc  1147.96                    Technology  2026-02-03 271.93  2026-02-04 279.71  2.86 
   BN           Brookfield Corp  1125.98            Financial Services   2026-02-03 44.63   2026-02-04 45.88  2.80 
  DIS            Walt Disney Co  1902.26                         Media  2026-02-03 104.22  2026-02-04 107.05  2.72 
  XOM          Exxon Mobil Corp  5069.88                        Energy  2026-02-03 143.73  2026-02-04 147.59  2.69 
 INTU                Intuit Inc  1225.83                    Technology  2026-02-03 434.09  2026-02-04 445.64  2.66 
 AAPL                 Apple Inc 40591.88                    Technology  2026-02-03 269.48  2026-02-04 276.49  2.60 
  COP            ConocoPhillips  1334.08                        Energy  2026-02-03 104.91  2026-02-04 107.59  2.55 
CMCSA              Comcast Corp  1130.52             Telecommunication   2026-02-03 29.76    2026-02-04 30.5  2.49 
  PGR          Progressive Corp  1208.80                     Insurance  2026-02-03 201.03  2026-02-04 205.54  2.24 
