2025-01-25 17:43:11,391 - INFO: 日志目录: logs/20250125_174311
2025-01-25 17:43:11,391 - INFO: 日志文件: logs/20250125_174311/execution.log
2025-01-25 17:43:11,391 - INFO: 从 Finnhub 获取股票列表...
2025-01-25 17:43:13,103 - INFO: 获取到 17 个股票 (已排除 25 个已知非美股)
2025-01-25 17:43:13,104 - INFO: 实际需要处理的股票数量: 17 / 27487 (0.06%)
2025-01-25 17:43:13,114 - INFO: 开始处理 17 只股票...
2025-01-25 17:43:13,373 - INFO: 股票 HAHRF 数据不足
2025-01-25 17:43:13,537 - INFO: 股票 TOALF 数据不足
2025-01-25 17:43:14,235 - ERROR: 获取 LILAK 详细信息时出错: Expecting value: line 1 column 1 (char 0)
2025-01-25 17:43:14,236 - INFO: 股票 LILAK 无法获取详细信息
2025-01-25 17:43:14,289 - ERROR: 获取 SCDCF 详细信息时出错: Expecting value: line 1 column 1 (char 0)
2025-01-25 17:43:14,289 - INFO: 股票 SCDCF 无法获取详细信息
2025-01-25 17:43:14,381 - ERROR: 获取 CLHI 详细信息时出错: Expecting value: line 1 column 1 (char 0)
2025-01-25 17:43:14,382 - INFO: 股票 CLHI 无法获取详细信息
2025-01-25 17:43:14,405 - ERROR: 获取 OCLG 详细信息时出错: Expecting value: line 1 column 1 (char 0)
2025-01-25 17:43:14,405 - INFO: 股票 OCLG 无法获取详细信息
2025-01-25 17:43:14,416 - INFO: 跳过非美国主要交易所上市的股票 JARLF (交易所: SINGAPORE EXCHANGE)
2025-01-25 17:43:14,417 - INFO: 股票 JARLF 无法获取详细信息
2025-01-25 17:43:14,494 - ERROR: 获取 OEC 详细信息时出错: Expecting value: line 1 column 1 (char 0)
2025-01-25 17:43:14,494 - INFO: 股票 OEC 无法获取详细信息
2025-01-25 17:43:14,570 - INFO: 跳过非美国主要交易所上市的股票 BBUC (交易所: TORONTO STOCK EXCHANGE)
2025-01-25 17:43:14,570 - INFO: 股票 BBUC 无法获取详细信息
2025-01-25 17:43:14,661 - INFO: 跳过非美国主要交易所上市的股票 FBEC (交易所: OTC MARKETS)
2025-01-25 17:43:14,661 - INFO: 股票 FBEC 无法获取详细信息
2025-01-25 17:43:14,662 - INFO: 进度: 10/17 (58.82%) 有效数据: 0
2025-01-25 17:43:14,724 - INFO: 股票 RSEYS 数据不足
2025-01-25 17:43:14,735 - INFO: 跳过权证: WEDXD
2025-01-25 17:43:15,375 - INFO: 跳过非美国主要交易所上市的股票 TGIC (交易所: OTC MARKETS)
2025-01-25 17:43:15,375 - INFO: 股票 TGIC 无法获取详细信息
2025-01-25 17:43:15,876 - INFO: 跳过非美国主要交易所上市的股票 CRSQ (交易所: OTC MARKETS)
2025-01-25 17:43:15,876 - INFO: 股票 CRSQ 无法获取详细信息
2025-01-25 17:43:25,464 - INFO: 跳过非美国主要交易所上市的股票 PTOS (交易所: OTC MARKETS)
2025-01-25 17:43:25,464 - INFO: 股票 PTOS 无法获取详细信息
2025-01-25 17:43:25,465 - INFO: 
处理完成!
2025-01-25 17:43:25,465 - INFO: 总计处理: 17 只股票
2025-01-25 17:43:25,465 - INFO: 有效数据: 2 只股票
2025-01-25 17:43:25,465 - INFO: 无效数据: 15 只股票
2025-01-25 17:43:25,469 - INFO: 日志目录: logs/20250125_174311
2025-01-25 17:43:25,469 - INFO: 日志文件: logs/20250125_174311/execution.log
2025-01-25 17:43:25,469 - INFO: 
=== 涨幅榜前20名股票 ===
2025-01-25 17:43:25,469 - INFO: 
=== 涨幅榜前20名股票 ===
2025-01-25 17:43:25,475 - INFO: 
  股票代码                          公司名称  市值(亿)             板块            昨天收盘            今天收盘  涨跌幅(%)
0      NTB  Bank of NT Butterfield & Son Ltd     16.91          Banking  2025-01-23 (36, 2)  2025-01-24 (36, 2)       0.33
1     CRML              Critical Metals Corp      6.36  Metals & Mining   2025-01-23 (7, 2)   2025-01-24 (7, 2)      -3.27
2025-01-25 17:43:25,475 - INFO: 
  股票代码                          公司名称  市值(亿)             板块            昨天收盘            今天收盘  涨跌幅(%)
0      NTB  Bank of NT Butterfield & Son Ltd     16.91          Banking  2025-01-23 (36, 2)  2025-01-24 (36, 2)       0.33
1     CRML              Critical Metals Corp      6.36  Metals & Mining   2025-01-23 (7, 2)   2025-01-24 (7, 2)      -3.27
2025-01-25 17:43:25,476 - INFO: 
没有市值超过20亿的股票!
2025-01-25 17:43:25,476 - INFO: 
没有市值超过20亿的股票!
2025-01-25 17:43:25,477 - INFO: 
没有市值超过50亿的股票!
2025-01-25 17:43:25,477 - INFO: 
没有市值超过50亿的股票!
2025-01-25 17:43:25,477 - INFO: 
没有市值超过100亿的股票!
2025-01-25 17:43:25,477 - INFO: 
没有市值超过100亿的股票!
2025-01-25 17:43:25,478 - INFO: 
没有市值超过200亿的股票!
2025-01-25 17:43:25,478 - INFO: 
没有市值超过200亿的股票!
2025-01-25 17:43:25,479 - INFO: 
没有市值超过1000亿的股票!
2025-01-25 17:43:25,479 - INFO: 
没有市值超过1000亿的股票!
2025-01-25 17:43:25,479 - INFO: 结果已保存到: logs/20250125_174311/top20_result.log
2025-01-25 17:43:25,479 - INFO: 日志目录: logs/20250125_174311
2025-01-25 17:43:25,479 - INFO: 日志文件: logs/20250125_174311/execution.log
2025-01-25 17:43:25,480 - INFO: 股票数据已保存到 logs/20250125_174311/stocks_data.json
2025-01-25 17:43:25,483 - INFO: 
=== 板块涨跌分析 ===
2025-01-25 17:43:25,485 - INFO: 
              板块  平均涨跌幅  股票数量
0          Banking        0.33         1
1  Metals & Mining       -3.27         1
2025-01-25 17:43:25,486 - INFO: 板块分析已保存到 logs/20250125_174311/sector_analysis.json
