
=== 涨幅榜前20名股票 ===
股票代码                      公司名称                     市值(亿)                板块                      昨天收盘             今天收盘       涨跌幅(%)
ABTS                               Abits Group Inc  0.05                       Technology   2026-02-19 2.0  2026-02-20 3.73 86.50 
ENFY                                Enlightify Inc  0.00                        Chemicals  2026-02-19 0.03  2026-02-20 0.05 66.67 
RMSG                           Real Messenger Corp  0.03                      Real Estate  2026-02-19 0.59  2026-02-20 0.89 50.20 
MGRX                            Mangoceuticals Inc  0.06                           Retail  2026-02-19 0.36  2026-02-20 0.53 48.88 
CETY                 Clean Energy Technologies Inc  0.03                           Energy  2026-02-19 0.56  2026-02-20 0.77 37.87 
 RXT                      Rackspace Technology Inc  2.98                       Technology  2026-02-19 1.23  2026-02-20 1.68 37.14 
 RNG                               RingCentral Inc 25.17                       Technology 2026-02-19 29.39  2026-02-20 39.5 34.40 
TNDM                      Tandem Diabetes Care Inc 12.56                      Health Care 2026-02-19 18.52 2026-02-20 24.57 32.67 
 NCI  Neo-Concept International Group Holdings Ltd  0.18 Textiles, Apparel & Luxury Goods  2026-02-19 4.49  2026-02-20 5.95 32.52 
 ZEO                               Zeo Energy Corp  0.55             Electrical Equipment  2026-02-19 0.99   2026-02-20 1.3 31.58 
CDIO               Cardio Diagnostics Holdings Inc  0.04                    Biotechnology  2026-02-19 2.24  2026-02-20 2.88 28.57 
 OIS                  Oil States International Inc  7.49                           Energy  2026-02-19 10.0 2026-02-20 12.53 25.30 
 SGN                        Signing Day Sports Inc  0.06                       Technology  2026-02-19 0.41  2026-02-20 0.52 25.25 
AXTI                                       AXT Inc 13.16                   Semiconductors 2026-02-19 23.81 2026-02-20 29.68 24.65 
GFAI                          Guardforce AI Co Ltd  0.09   Commercial Services & Supplies  2026-02-19 0.43  2026-02-20 0.53 24.28 
YIBO                Planet Image International Ltd  0.54   Commercial Services & Supplies  2026-02-19 0.91  2026-02-20 1.13 24.18 
HTLM                               HomesToLife Ltd  1.64                           Retail  2026-02-19 1.83  2026-02-20 2.27 24.04 
SLGB                    Smart Logistics Global Ltd  0.50                      Road & Rail  2026-02-19 1.21   2026-02-20 1.5 23.97 
JAKK                             JAKKS Pacific Inc  2.05                 Leisure Products 2026-02-19 18.16 2026-02-20 22.47 23.73 
ASIC Ategrity Specialty Insurance Company Holdings  8.41                        Insurance  2026-02-19 17.5 2026-02-20 21.63 23.60 

=== 市值超过20亿的涨幅榜前20名股票 ===
股票代码              公司名称             市值(亿)                 板块                       昨天收盘               今天收盘        涨跌幅(%)
 RNG               RingCentral Inc  25.17                       Technology   2026-02-19 29.39    2026-02-20 39.5 34.40 
 LGN                  Legence Corp  49.80                     Construction   2026-02-19 47.28   2026-02-20 55.24 16.84 
SYRE        Spyre Therapeutics Inc  29.34                    Biotechnology   2026-02-19 37.81   2026-02-20 43.21 14.28 
VICR                    Vicor Corp  71.02             Electrical Equipment  2026-02-19 152.84  2026-02-20 170.01 11.23 
AAOI   Applied Optoelectronics Inc  32.08                   Communications   2026-02-19 46.98   2026-02-20 51.68 10.00 
STUB          StubHub Holdings Inc  29.44                            Media    2026-02-19 8.52    2026-02-20 9.36  9.86 
CELH          Celsius Holdings Inc 113.76                        Beverages   2026-02-19 44.13   2026-02-20 48.32  9.49 
SEDG    Solaredge Technologies Inc  20.91                   Semiconductors   2026-02-19 34.96    2026-02-20 37.9  8.41 
ETSY                      ETSY Inc  47.52                           Retail   2026-02-19 48.14   2026-02-20 52.18  8.39 
OPEN     Opendoor Technologies Inc  44.35                      Real Estate    2026-02-19 4.65     2026-02-20 5.0  7.53 
TTMI          TTM Technologies Inc 103.81             Electrical Equipment  2026-02-19 100.39  2026-02-20 107.93  7.51 
ALGM      Allegro Microsystems Inc  67.19                   Semiconductors   2026-02-19 36.26   2026-02-20 38.93  7.36 
 HRI             Herc Holdings Inc  47.92 Trading Companies & Distributors  2026-02-19 143.59  2026-02-20 153.46  6.87 
  XP                        XP Inc 106.47               Financial Services   2026-02-19 21.48   2026-02-20 22.95  6.84 
FRHC          Freedom Holding Corp  68.55               Financial Services  2026-02-19 112.03  2026-02-20 119.65  6.80 
COHR                 Coherent Corp 435.86             Electrical Equipment  2026-02-19 232.48  2026-02-20 248.18  6.75 
 FIX       Comfort Systems USA Inc 484.47                     Construction 2026-02-19 1373.52 2026-02-20 1462.23  6.46 
BOBS Bob's Discount Furniture, Inc  26.96                           Retail   2026-02-19 20.68    2026-02-20 22.0  6.38 
  FN                      Fabrinet 184.09             Electrical Equipment  2026-02-19 513.83  2026-02-20 546.13  6.29 
  AU         Anglogold Ashanti PLC 547.05                  Metals & Mining  2026-02-19 107.63  2026-02-20 114.25  6.15 

=== 市值超过50亿的涨幅榜前20名股票 ===
 股票代码               公司名称               市值(亿)                 板块                       昨天收盘               今天收盘        涨跌幅(%)
 VICR                       Vicor Corp  71.02             Electrical Equipment  2026-02-19 152.84  2026-02-20 170.01 11.23 
 CELH             Celsius Holdings Inc 113.76                        Beverages   2026-02-19 44.13   2026-02-20 48.32  9.49 
 TTMI             TTM Technologies Inc 103.81             Electrical Equipment  2026-02-19 100.39  2026-02-20 107.93  7.51 
 ALGM         Allegro Microsystems Inc  67.19                   Semiconductors   2026-02-19 36.26   2026-02-20 38.93  7.36 
   XP                           XP Inc 106.47               Financial Services   2026-02-19 21.48   2026-02-20 22.95  6.84 
 FRHC             Freedom Holding Corp  68.55               Financial Services  2026-02-19 112.03  2026-02-20 119.65  6.80 
 COHR                    Coherent Corp 435.86             Electrical Equipment  2026-02-19 232.48  2026-02-20 248.18  6.75 
  FIX          Comfort Systems USA Inc 484.47                     Construction 2026-02-19 1373.52 2026-02-20 1462.23  6.46 
   FN                         Fabrinet 184.09             Electrical Equipment  2026-02-19 513.83  2026-02-20 546.13  6.29 
   AU            Anglogold Ashanti PLC 547.05                  Metals & Mining  2026-02-19 107.63  2026-02-20 114.25  6.15 
   ST Sensata Technologies Holding PLC  52.68             Electrical Equipment   2026-02-19 36.16   2026-02-20 38.35  6.06 
VEOEF          Veolia Environnement SA 235.71                        Utilities   2026-02-19 38.21    2026-02-20 40.5  5.99 
 PINS                    Pinterest Inc 111.54                            Media   2026-02-19 16.77   2026-02-20 17.77  5.96 
   HL                  Hecla Mining Co 152.77                  Metals & Mining   2026-02-19 22.79   2026-02-20 24.02  5.40 
 ENPH               Enphase Energy Inc  58.01                   Semiconductors   2026-02-19 44.25   2026-02-20 46.56  5.22 
 CIEN                       Ciena Corp 450.43                   Communications  2026-02-19 318.41  2026-02-20 334.95  5.19 
 RGLD                   Royal Gold Inc 229.38                  Metals & Mining  2026-02-19 271.78  2026-02-20 285.54  5.06 
 LITE            Lumentum Holdings Inc 453.85                   Communications  2026-02-19 635.64  2026-02-20 667.77  5.05 
 GATX                        GATX Corp  67.49 Trading Companies & Distributors  2026-02-19 189.06  2026-02-20 198.52  5.00 
 STRL      Sterling Infrastructure Inc 127.53                     Construction  2026-02-19 415.13   2026-02-20 435.5  4.91 

=== 市值超过100亿的涨幅榜前20名股票 ===
 股票代码             公司名称            市值(亿)           板块                 昨天收盘               今天收盘        涨跌幅(%)
 CELH        Celsius Holdings Inc 113.76            Beverages   2026-02-19 44.13   2026-02-20 48.32  9.49 
 TTMI        TTM Technologies Inc 103.81 Electrical Equipment  2026-02-19 100.39  2026-02-20 107.93  7.51 
   XP                      XP Inc 106.47   Financial Services   2026-02-19 21.48   2026-02-20 22.95  6.84 
 COHR               Coherent Corp 435.86 Electrical Equipment  2026-02-19 232.48  2026-02-20 248.18  6.75 
  FIX     Comfort Systems USA Inc 484.47         Construction 2026-02-19 1373.52 2026-02-20 1462.23  6.46 
   FN                    Fabrinet 184.09 Electrical Equipment  2026-02-19 513.83  2026-02-20 546.13  6.29 
   AU       Anglogold Ashanti PLC 547.05      Metals & Mining  2026-02-19 107.63  2026-02-20 114.25  6.15 
VEOEF     Veolia Environnement SA 235.71            Utilities   2026-02-19 38.21    2026-02-20 40.5  5.99 
 PINS               Pinterest Inc 111.54                Media   2026-02-19 16.77   2026-02-20 17.77  5.96 
   HL             Hecla Mining Co 152.77      Metals & Mining   2026-02-19 22.79   2026-02-20 24.02  5.40 
 CIEN                  Ciena Corp 450.43       Communications  2026-02-19 318.41  2026-02-20 334.95  5.19 
 RGLD              Royal Gold Inc 229.38      Metals & Mining  2026-02-19 271.78  2026-02-20 285.54  5.06 
 LITE       Lumentum Holdings Inc 453.85       Communications  2026-02-19 635.64  2026-02-20 667.77  5.05 
 STRL Sterling Infrastructure Inc 127.53         Construction  2026-02-19 415.13   2026-02-20 435.5  4.91 
 SAIA                    Saia Inc 104.62          Road & Rail  2026-02-19 392.67  2026-02-20 411.63  4.83 
 SNDK                Sandisk Corp 916.53           Technology  2026-02-19 621.09  2026-02-20 649.97  4.65 
 MDLN                 Medline Inc 625.33          Health Care    2026-02-19 47.6    2026-02-20 49.8  4.62 
   UI                Ubiquiti Inc 434.99       Communications  2026-02-19 718.74  2026-02-20 750.32  4.39 
 MKSI            MKS Incorporated 167.31       Semiconductors  2026-02-19 249.08  2026-02-20 259.27  4.09 
  EXE          Expand Energy Corp 247.34               Energy  2026-02-19 103.85  2026-02-20 108.06  4.05 

=== 市值超过200亿的涨幅榜前20名股票 ===
 股票代码                    公司名称                     市值(亿)               板块                    昨天收盘               今天收盘        涨跌幅(%)
 COHR                              Coherent Corp   435.86       Electrical Equipment  2026-02-19 232.48  2026-02-20 248.18  6.75 
  FIX                    Comfort Systems USA Inc   484.47               Construction 2026-02-19 1373.52 2026-02-20 1462.23  6.46 
   AU                      Anglogold Ashanti PLC   547.05            Metals & Mining  2026-02-19 107.63  2026-02-20 114.25  6.15 
VEOEF                    Veolia Environnement SA   235.71                  Utilities   2026-02-19 38.21    2026-02-20 40.5  5.99 
 CIEN                                 Ciena Corp   450.43             Communications  2026-02-19 318.41  2026-02-20 334.95  5.19 
 RGLD                             Royal Gold Inc   229.38            Metals & Mining  2026-02-19 271.78  2026-02-20 285.54  5.06 
 LITE                      Lumentum Holdings Inc   453.85             Communications  2026-02-19 635.64  2026-02-20 667.77  5.05 
 SNDK                               Sandisk Corp   916.53                 Technology  2026-02-19 621.09  2026-02-20 649.97  4.65 
 MDLN                                Medline Inc   625.33                Health Care    2026-02-19 47.6    2026-02-20 49.8  4.62 
   UI                               Ubiquiti Inc   434.99             Communications  2026-02-19 718.74  2026-02-20 750.32  4.39 
  EXE                         Expand Energy Corp   247.34                     Energy  2026-02-19 103.85  2026-02-20 108.06  4.05 
GOOGL                               Alphabet Inc 36668.88                      Media  2026-02-19 302.85  2026-02-20 314.98  4.01 
  ATI                                    ATI Inc   207.65        Aerospace & Defense  2026-02-19 152.84  2026-02-20 158.87  3.95 
  PFG              Principal Financial Group Inc   207.64                  Insurance   2026-02-19 92.15   2026-02-20 95.76  3.92 
 EBAY                                   eBay Inc   383.07                     Retail   2026-02-19 84.75   2026-02-20 88.07  3.92 
 GRMN                                 Garmin Ltd   479.08          Consumer products   2026-02-19 239.8   2026-02-20 248.9  3.79 
 GOOG                               Alphabet Inc 36668.88                      Media  2026-02-19 303.56   2026-02-20 314.9  3.74 
ADYYF                                   Adyen NV   310.54         Financial Services  2026-02-19 1123.0  2026-02-20 1165.0  3.74 
 EXPD Expeditors International of Washington Inc   201.97 Logistics & Transportation   2026-02-19 150.7   2026-02-20 156.3  3.72 
 FSLR                            First Solar Inc   250.35             Semiconductors   2026-02-19 233.3  2026-02-20 241.88  3.68 

=== 市值超过1000亿的涨跌榜前20名股票 ===
 股票代码                 公司名称                 市值(亿)                  板块                       昨天收盘               今天收盘        涨跌幅(%)
GOOGL                        Alphabet Inc 36668.88                            Media  2026-02-19 302.85  2026-02-20 314.98  4.01 
 GOOG                        Alphabet Inc 36668.88                            Media  2026-02-19 303.56   2026-02-20 314.9  3.74 
HESAF            Hermes International SCA  2165.08 Textiles, Apparel & Luxury Goods  2026-02-19 2365.1  2026-02-20 2450.0  3.59 
 SCCO                Southern Copper Corp  1603.14                  Metals & Mining  2026-02-19 194.07  2026-02-20 201.01  3.58 
LVMHF LVMH Moet Hennessy Louis Vuitton SE  2653.96 Textiles, Apparel & Luxury Goods  2026-02-19 633.33   2026-02-20 655.3  3.47 
 LRCX                   Lam Research Corp  2964.46                   Semiconductors  2026-02-19 237.39  2026-02-20 244.92  3.17 
  ADI                  Analog Devices Inc  1687.23                   Semiconductors   2026-02-19 345.3  2026-02-20 355.03  2.82 
   MU               Micron Technology Inc  4697.31                   Semiconductors  2026-02-19 417.35  2026-02-20 428.17  2.59 
 AMZN                      Amazon.com Inc 21991.56                           Retail  2026-02-19 204.86  2026-02-20 210.11  2.56 
   GE                 General Electric Co  3510.80              Aerospace & Defense  2026-02-19 334.74  2026-02-20 343.22  2.53 
 NFLX                         Netflix Inc  3251.06                            Media    2026-02-19 77.0   2026-02-20 78.67  2.17 
  SYK                        Stryker Corp  1426.13                      Health Care  2026-02-19 372.66  2026-02-20 380.23  2.03 
 SHOP                         Shopify Inc  1614.49                       Technology   2026-02-19 123.8   2026-02-20 126.2  1.94 
 KLAC                            KLA Corp  1960.91                   Semiconductors  2026-02-19 1469.9  2026-02-20 1496.0  1.78 
 SBUX                      Starbucks Corp  1091.45    Hotels, Restaurants & Leisure    2026-02-19 95.8   2026-02-20 97.49  1.76 
 BKNG                Booking Holdings Inc  1291.75    Hotels, Restaurants & Leisure 2026-02-19 4007.45 2026-02-20 4076.79  1.73 
 META                  Meta Platforms Inc 16310.07                            Media  2026-02-19 644.78  2026-02-20 655.66  1.69 
  COF          Capital One Financial Corp  1303.64               Financial Services  2026-02-19 205.06  2026-02-20 208.42  1.64 
 VRTX          Vertex Pharmaceuticals Inc  1194.69                    Biotechnology  2026-02-19 469.27   2026-02-20 476.9  1.63 
  APP                       Applovin Corp  1392.37                       Technology   2026-02-19 412.0  2026-02-20 418.68  1.62 
