
=== 涨幅榜前20名股票 ===
股票代码                   公司名称                   市值(亿)                 板块                       昨天收盘               今天收盘       涨跌幅(%)
ILLR                       Triller Group Inc    0.15               Financial Services    2026-06-24 0.77   2026-06-25 3.05 296.62
OCEA                    Ocean Biomedical Inc    0.00                    Biotechnology     2026-06-24 0.0    2026-06-25 0.0 100.00
FOXO                   Foxo Technologies Inc    0.00                       Technology     2026-06-24 0.0    2026-06-25 0.0 100.00
NEXR                 Nexera Technologies Ltd    0.03                           Retail    2026-06-24 0.56    2026-06-25 1.1  95.38
 AZI Autozi Internet Technology (Global) Ltd    0.78                           Retail    2026-06-24 1.14   2026-06-25 1.98  73.68
PTLE                                 PTL Ltd    0.46                           Energy    2026-06-24 5.25   2026-06-25 7.37  40.38
 MEI                 Methode Electronics Inc    4.64             Electrical Equipment   2026-06-24 13.09   2026-06-25 18.0  37.51
LICN                Lichen International Ltd    0.21            Professional Services    2026-06-24 1.26   2026-06-25 1.67  32.54
AIIO                             Robo.ai Inc    0.60                      Automobiles    2026-06-24 3.04    2026-06-25 3.9  28.29
GRPN                             Groupon Inc    6.96                           Retail   2026-06-24 18.32  2026-06-25 22.88  24.89
PMNT                      Perfect Moment Ltd    0.07 Textiles, Apparel & Luxury Goods     2026-06-24 0.1   2026-06-25 0.13  24.76
EHGO                            Eshallgo Inc    0.09   Commercial Services & Supplies     2026-06-24 3.7   2026-06-25 4.57  23.51
TNON                       Tenon Medical Inc    0.06                      Health Care     2026-06-24 0.4   2026-06-25 0.49  23.18
SNDK                            Sandisk Corp 2835.12                       Technology 2026-06-24 1914.46 2026-06-25 2335.0  21.97
SAFX                          XCF Global Inc    1.74                           Energy    2026-06-24 0.43   2026-06-25 0.52  21.67
BNED            Barnes & Noble Education Inc    3.83                           Retail   2026-06-24 11.18  2026-06-25 13.43  20.13
TECH                         Bio-Techne Corp   92.18   Life Sciences Tools & Services   2026-06-24 58.88   2026-06-25 70.7  20.07
 ZIP                        Ziprecruiter Inc    2.74                            Media    2026-06-24 3.31   2026-06-25 3.97  19.94
MIMI                  Mint Incorporation Ltd    0.09   Commercial Services & Supplies    2026-06-24 2.71   2026-06-25 3.23  19.19
SAGT                       Sagtec Global Ltd    0.24                       Technology    2026-06-24 1.21   2026-06-25 1.44  19.01

=== 市值超过20亿的涨幅榜前20名股票 ===
股票代码                公司名称                市值(亿)                 板块                      昨天收盘               今天收盘        涨跌幅(%)
SNDK                      Sandisk Corp  2835.12                     Technology 2026-06-24 1914.46  2026-06-25 2335.0 21.97 
TECH                   Bio-Techne Corp    92.18 Life Sciences Tools & Services   2026-06-24 58.88    2026-06-25 70.7 20.07 
 AYI                        Acuity Inc    92.62           Electrical Equipment  2026-06-24 305.51  2026-06-25 359.39 17.64 
KYMR           Kymera Therapeutics Inc    82.15                  Biotechnology   2026-06-24 99.87  2026-06-25 116.46 16.61 
  MU             Micron Technology Inc 13685.73                 Semiconductors 2026-06-24 1048.51 2026-06-25 1213.56 15.74 
AMAT             Applied Materials Inc  5303.65                 Semiconductors  2026-06-24 588.97   2026-06-25 668.0 13.42 
CDNL Cardinal Infrastructure Group Inc    39.43                   Construction   2026-06-24 81.94   2026-06-25 91.97 12.24 
UCTT          Ultra Clean Holdings Inc    48.15                 Semiconductors  2026-06-24 108.42  2026-06-25 120.66 11.29 
 MXL                     Maxlinear Inc    76.11                 Semiconductors   2026-06-24 84.99   2026-06-25 94.47 11.15 
 TER                      Teradyne Inc   738.82                 Semiconductors   2026-06-24 427.2  2026-06-25 471.96 10.48 
FRMI                         Fermi Inc    50.94                    Real Estate    2026-06-24 7.99     2026-06-25 8.8 10.14 
ASND               Ascendis Pharma A/S   163.17                  Biotechnology  2026-06-24 238.01  2026-06-25 261.58  9.90 
ALGM          Allegro Microsystems Inc   103.20                 Semiconductors   2026-06-24 55.42   2026-06-25 60.16  8.55 
 OII     Oceaneering International Inc    39.27                         Energy   2026-06-24 36.29   2026-06-25 39.37  8.49 
PDFS                 PDF Solutions Inc    28.28                 Semiconductors   2026-06-24 63.56   2026-06-25 68.67  8.04 
 VSH        Vishay Intertechnology Inc    82.22           Electrical Equipment   2026-06-24 55.59   2026-06-25 59.91  7.77 
KLAC                          KLA Corp  3141.33                 Semiconductors  2026-06-24 240.48   2026-06-25 258.8  7.62 
MKSI                  MKS Incorporated   277.14                 Semiconductors  2026-06-24 381.62  2026-06-25 410.31  7.52 
RVTY                       Revvity Inc   126.65 Life Sciences Tools & Services  2026-06-24 105.63  2026-06-25 113.53  7.48 
 MOH             Molina Healthcare Inc   104.97                    Health Care  2026-06-24 201.42  2026-06-25 216.04  7.26 

=== 市值超过50亿的涨幅榜前20名股票 ===
股票代码            公司名称             市值(亿)                 板块                      昨天收盘               今天收盘        涨跌幅(%)
SNDK               Sandisk Corp  2835.12                     Technology 2026-06-24 1914.46  2026-06-25 2335.0 21.97 
TECH            Bio-Techne Corp    92.18 Life Sciences Tools & Services   2026-06-24 58.88    2026-06-25 70.7 20.07 
 AYI                 Acuity Inc    92.62           Electrical Equipment  2026-06-24 305.51  2026-06-25 359.39 17.64 
KYMR    Kymera Therapeutics Inc    82.15                  Biotechnology   2026-06-24 99.87  2026-06-25 116.46 16.61 
  MU      Micron Technology Inc 13685.73                 Semiconductors 2026-06-24 1048.51 2026-06-25 1213.56 15.74 
AMAT      Applied Materials Inc  5303.65                 Semiconductors  2026-06-24 588.97   2026-06-25 668.0 13.42 
 MXL              Maxlinear Inc    76.11                 Semiconductors   2026-06-24 84.99   2026-06-25 94.47 11.15 
 TER               Teradyne Inc   738.82                 Semiconductors   2026-06-24 427.2  2026-06-25 471.96 10.48 
FRMI                  Fermi Inc    50.94                    Real Estate    2026-06-24 7.99     2026-06-25 8.8 10.14 
ASND        Ascendis Pharma A/S   163.17                  Biotechnology  2026-06-24 238.01  2026-06-25 261.58  9.90 
ALGM   Allegro Microsystems Inc   103.20                 Semiconductors   2026-06-24 55.42   2026-06-25 60.16  8.55 
 VSH Vishay Intertechnology Inc    82.22           Electrical Equipment   2026-06-24 55.59   2026-06-25 59.91  7.77 
KLAC                   KLA Corp  3141.33                 Semiconductors  2026-06-24 240.48   2026-06-25 258.8  7.62 
MKSI           MKS Incorporated   277.14                 Semiconductors  2026-06-24 381.62  2026-06-25 410.31  7.52 
RVTY                Revvity Inc   126.65 Life Sciences Tools & Services  2026-06-24 105.63  2026-06-25 113.53  7.48 
 MOH      Molina Healthcare Inc   104.97                    Health Care  2026-06-24 201.42  2026-06-25 216.04  7.26 
LRCX          Lam Research Corp  4687.14                 Semiconductors   2026-06-24 374.8  2026-06-25 401.82  7.21 
FLEX                   Flex Ltd   552.20           Electrical Equipment  2026-06-24 150.72  2026-06-25 161.28  7.01 
ACLS   Axcelis Technologies Inc    51.91                 Semiconductors  2026-06-24 168.91   2026-06-25 180.7  6.98 
ONTO        Onto Innovation Inc   160.29                 Semiconductors  2026-06-24 322.24  2026-06-25 344.24  6.83 

=== 市值超过100亿的涨幅榜前20名股票 ===
股票代码           公司名称            市值(亿)                  板块                       昨天收盘               今天收盘        涨跌幅(%)
SNDK             Sandisk Corp  2835.12                       Technology 2026-06-24 1914.46  2026-06-25 2335.0 21.97 
  MU    Micron Technology Inc 13685.73                   Semiconductors 2026-06-24 1048.51 2026-06-25 1213.56 15.74 
AMAT    Applied Materials Inc  5303.65                   Semiconductors  2026-06-24 588.97   2026-06-25 668.0 13.42 
 TER             Teradyne Inc   738.82                   Semiconductors   2026-06-24 427.2  2026-06-25 471.96 10.48 
ASND      Ascendis Pharma A/S   163.17                    Biotechnology  2026-06-24 238.01  2026-06-25 261.58  9.90 
ALGM Allegro Microsystems Inc   103.20                   Semiconductors   2026-06-24 55.42   2026-06-25 60.16  8.55 
KLAC                 KLA Corp  3141.33                   Semiconductors  2026-06-24 240.48   2026-06-25 258.8  7.62 
MKSI         MKS Incorporated   277.14                   Semiconductors  2026-06-24 381.62  2026-06-25 410.31  7.52 
RVTY              Revvity Inc   126.65   Life Sciences Tools & Services  2026-06-24 105.63  2026-06-25 113.53  7.48 
 MOH    Molina Healthcare Inc   104.97                      Health Care  2026-06-24 201.42  2026-06-25 216.04  7.26 
LRCX        Lam Research Corp  4687.14                   Semiconductors   2026-06-24 374.8  2026-06-25 401.82  7.21 
FLEX                 Flex Ltd   552.20             Electrical Equipment  2026-06-24 150.72  2026-06-25 161.28  7.01 
ONTO      Onto Innovation Inc   160.29                   Semiconductors  2026-06-24 322.24  2026-06-25 344.24  6.83 
 QXO                  QXO Inc   122.79 Trading Companies & Distributors   2026-06-24 16.93    2026-06-25 18.0  6.32 
 CAT          Caterpillar Inc  4868.98                        Machinery  2026-06-24 994.45 2026-06-25 1057.01  6.29 
 CNH        CNH Industrial NV   127.84                        Machinery   2026-06-24 10.31   2026-06-25 10.93  6.01 
   Q    Qnity Electronics Inc   332.28                   Semiconductors  2026-06-24 158.73  2026-06-25 167.49  5.52 
 VLO       Valero Energy Corp   724.90                           Energy  2026-06-24 242.43  2026-06-25 255.06  5.21 
FORM           FormFactor Inc   115.96                   Semiconductors  2026-06-24 141.42  2026-06-25 148.75  5.18 
 URI       United Rentals Inc   670.20 Trading Companies & Distributors 2026-06-24 1083.72 2026-06-25 1139.51  5.15 

=== 市值超过200亿的涨幅榜前20名股票 ===
 股票代码                   公司名称                   市值(亿)                  板块                       昨天收盘               今天收盘        涨跌幅(%)
 SNDK                            Sandisk Corp  2835.12                       Technology 2026-06-24 1914.46  2026-06-25 2335.0 21.97 
   MU                   Micron Technology Inc 13685.73                   Semiconductors 2026-06-24 1048.51 2026-06-25 1213.56 15.74 
 AMAT                   Applied Materials Inc  5303.65                   Semiconductors  2026-06-24 588.97   2026-06-25 668.0 13.42 
  TER                            Teradyne Inc   738.82                   Semiconductors   2026-06-24 427.2  2026-06-25 471.96 10.48 
 KLAC                                KLA Corp  3141.33                   Semiconductors  2026-06-24 240.48   2026-06-25 258.8  7.62 
 MKSI                        MKS Incorporated   277.14                   Semiconductors  2026-06-24 381.62  2026-06-25 410.31  7.52 
 LRCX                       Lam Research Corp  4687.14                   Semiconductors   2026-06-24 374.8  2026-06-25 401.82  7.21 
 FLEX                                Flex Ltd   552.20             Electrical Equipment  2026-06-24 150.72  2026-06-25 161.28  7.01 
  CAT                         Caterpillar Inc  4868.98                        Machinery  2026-06-24 994.45 2026-06-25 1057.01  6.29 
    Q                   Qnity Electronics Inc   332.28                   Semiconductors  2026-06-24 158.73  2026-06-25 167.49  5.52 
  VLO                      Valero Energy Corp   724.90                           Energy  2026-06-24 242.43  2026-06-25 255.06  5.21 
  URI                      United Rentals Inc   670.20 Trading Companies & Distributors 2026-06-24 1083.72 2026-06-25 1139.51  5.15 
   DE                              Deere & Co  1621.65                        Machinery  2026-06-24 600.75  2026-06-25 630.76  5.00 
 RVMD                Revolution Medicines Inc   360.93                    Biotechnology  2026-06-24 169.77  2026-06-25 178.17  4.95 
 MDLN                             Medline Inc   496.18                      Health Care   2026-06-24 36.05   2026-06-25 37.77  4.77 
  CMI                             Cummins Inc   958.84                        Machinery  2026-06-24 694.87  2026-06-25 727.59  4.71 
ASMLF                         ASML Holding NV  5962.02                   Semiconductors  2026-06-24 1758.0  2026-06-25 1840.0  4.66 
 MTSI MACOM Technology Solutions Holdings Inc   284.64                   Semiconductors  2026-06-24 373.08  2026-06-25 390.19  4.59 
 CIEN                              Ciena Corp   686.09                   Communications  2026-06-24 463.51  2026-06-25 484.69  4.57 
  XYL                               Xylem Inc   266.29                        Machinery  2026-06-24 112.04   2026-06-25 117.0  4.43 

=== 市值超过1000亿的涨跌榜前20名股票 ===
 股票代码               公司名称               市值(亿)            板块                 昨天收盘               今天收盘        涨跌幅(%)
 SNDK                    Sandisk Corp  2835.12           Technology 2026-06-24 1914.46  2026-06-25 2335.0 21.97 
   MU           Micron Technology Inc 13685.73       Semiconductors 2026-06-24 1048.51 2026-06-25 1213.56 15.74 
 AMAT           Applied Materials Inc  5303.65       Semiconductors  2026-06-24 588.97   2026-06-25 668.0 13.42 
 KLAC                        KLA Corp  3141.33       Semiconductors  2026-06-24 240.48   2026-06-25 258.8  7.62 
 LRCX               Lam Research Corp  4687.14       Semiconductors   2026-06-24 374.8  2026-06-25 401.82  7.21 
  CAT                 Caterpillar Inc  4868.98            Machinery  2026-06-24 994.45 2026-06-25 1057.01  6.29 
   DE                      Deere & Co  1621.65            Machinery  2026-06-24 600.75  2026-06-25 630.76  5.00 
ASMLF                 ASML Holding NV  5962.02       Semiconductors  2026-06-24 1758.0  2026-06-25 1840.0  4.66 
   TT          Trane Technologies PLC  1068.03             Building  2026-06-24 483.15  2026-06-25 503.46  4.20 
  MRK                  Merck & Co Inc  3098.39      Pharmaceuticals   2026-06-24 120.6  2026-06-25 125.45  4.02 
 QCOM                    Qualcomm Inc  2080.70       Semiconductors  2026-06-24 197.41   2026-06-25 204.9  3.79 
  ETN           Eaton Corporation PLC  1571.02 Electrical Equipment  2026-06-24 404.59  2026-06-25 419.87  3.78 
 ABBV                      AbbVie Inc  4295.78        Biotechnology  2026-06-24 234.89  2026-06-25 243.14  3.51 
  STX Seagate Technology Holdings PLC  2227.15           Technology  2026-06-24 993.25 2026-06-25 1025.36  3.23 
 FTNT                    Fortinet Inc  1098.46           Technology  2026-06-24 145.28  2026-06-25 149.93  3.20 
  ABT             Abbott Laboratories  1576.17          Health Care   2026-06-24 90.49   2026-06-25 93.24  3.04 
   PH            Parker-Hannifin Corp  1248.14            Machinery  2026-06-24 961.09  2026-06-25 989.91  3.00 
  UNP              Union Pacific Corp  1587.89          Road & Rail  2026-06-24 259.96  2026-06-25 267.73  2.99 
  VRT              Vertiv Holdings Co  1150.79 Electrical Equipment  2026-06-24 316.43  2026-06-25 325.57  2.89 
  TXN           Texas Instruments Inc  2758.58       Semiconductors  2026-06-24 303.11  2026-06-25 311.81  2.87 
