
=== 涨幅榜前20名股票 ===
股票代码                公司名称                市值(亿)               板块                     昨天收盘             今天收盘       涨跌幅(%)
CMRX                       Chimerix Inc  4.46                  Biotechnology  2025-03-04 4.96  2025-03-05 8.46 70.56 
ARBB                  ARB IOT Group Ltd  0.14                     Technology  2025-03-04 0.52  2025-03-05 0.84 60.88 
CDXC                     Chromadex Corp  4.28 Life Sciences Tools & Services   2025-03-04 5.6  2025-03-05 8.55 52.68 
ATIP           ATI Physical Therapy Inc  0.05                    Health Care  2025-03-04 1.15  2025-03-05 1.74 51.30 
SOBR                      Sobr Safe Inc  0.00           Electrical Equipment  2025-03-04 0.47  2025-03-05 0.67 42.41 
NIVF                NewGenIvf Group Ltd  0.02                    Health Care  2025-03-04 1.25  2025-03-05 1.77 41.60 
PRTS                   Carparts.Com Inc  0.51                         Retail  2025-03-04 0.88  2025-03-05 1.24 40.91 
TNXP Tonix Pharmaceuticals Holding Corp  0.44                  Biotechnology   2025-03-04 7.8 2025-03-05 10.96 40.51 
MRKR            Marker Therapeutics Inc  0.15                  Biotechnology  2025-03-04 1.38  2025-03-05 1.84 33.33 
CENN      Cenntro Inc (The Corporation)  0.21                    Automobiles  2025-03-04 0.69  2025-03-05 0.91 31.86 
SLXN         Silexion Therapeutics Corp  0.09                  Biotechnology  2025-03-04 1.11  2025-03-05 1.45 30.63 
CYRX                       Cryoport Inc  2.50 Life Sciences Tools & Services  2025-03-04 5.06  2025-03-05 6.61 30.63 
SRFM              Surf Air Mobility Inc  0.55                       Airlines  2025-03-04 3.22  2025-03-05 4.18 29.81 
CELU                     Celularity Inc  0.26                  Biotechnology  2025-03-04 1.08  2025-03-05 1.37 26.85 
EOSE         Eos Energy Enterprises Inc  8.59           Electrical Equipment  2025-03-04 3.94  2025-03-05 4.97 26.14 
AUMN                 Golden Minerals Co  0.01                Metals & Mining  2025-03-04 0.08   2025-03-05 0.1 25.00 
ATRO                     Astronics Corp  6.95            Aerospace & Defense 2025-03-04 19.96 2025-03-05 24.91 24.80 
CXDO                       Crexendo Inc  1.56                     Technology  2025-03-04 5.77  2025-03-05 7.16 24.09 
BKKT                 Bakkt Holdings Inc  1.76             Financial Services 2025-03-04 12.89 2025-03-05 15.95 23.74 
SATL                     Satellogic Inc  2.55            Aerospace & Defense  2025-03-04 2.66  2025-03-05 3.29 23.68 

=== 市值超过20亿的涨幅榜前20名股票 ===
 股票代码                公司名称               市值(亿)           板块                昨天收盘              今天收盘       涨跌幅(%)
 SITM                       SiTime Corp  35.97      Semiconductors 2025-03-04 152.42 2025-03-05 182.19 19.53 
 ASTS               AST SpaceMobile Inc  82.89   Telecommunication  2025-03-04 28.61   2025-03-05 33.8 18.14 
 MRNA                       Moderna Inc 117.17       Biotechnology  2025-03-04 30.37  2025-03-05 35.21 15.94 
   MP                 MP Materials Corp  36.69     Metals & Mining  2025-03-04 22.45  2025-03-05 25.66 14.30 
   CE                     Celanese Corp  52.71           Chemicals  2025-03-04 48.21  2025-03-05 54.33 12.69 
  HII Huntington Ingalls Industries Inc  67.42 Aerospace & Defense  2025-03-04 172.3 2025-03-05 193.59 12.36 
 MSTR                 Microstrategy Inc 710.38          Technology 2025-03-04 275.15 2025-03-05 308.55 12.14 
THLEF                         Thales SA 457.07 Aerospace & Defense  2025-03-04 257.0 2025-03-05 286.24 11.38 
  RKT              Rocket Companies Inc 268.09  Financial Services  2025-03-04 13.44   2025-03-05 14.9 10.86 
 CLSK                    CleanSpark Inc  21.79          Technology   2025-03-04 7.76   2025-03-05 8.55 10.18 
  FCX              Freeport-McMoRan Inc 501.54     Metals & Mining   2025-03-04 34.9  2025-03-05 38.16  9.34 
 AAON                          Aaon Inc  61.40            Building  2025-03-04 75.25  2025-03-05 81.94  8.89 
  HUN                     Huntsman Corp  27.75           Chemicals  2025-03-04 16.04  2025-03-05 17.46  8.85 
  CDE                  Coeur Mining Inc  33.01     Metals & Mining   2025-03-04 5.17   2025-03-05 5.61  8.51 
  RUM                        Rumble Inc  49.83               Media   2025-03-04 8.18   2025-03-05 8.86  8.31 
 MARA                 MARA Holdings Inc  47.41          Technology  2025-03-04 13.97  2025-03-05 15.12  8.23 
 MDGL      Madrigal Pharmaceuticals Inc  70.95       Biotechnology 2025-03-04 321.32 2025-03-05 347.28  8.08 
 CFLT                     Confluent Inc  99.60          Technology  2025-03-04 29.82   2025-03-05 32.2  7.98 
 ROOT                          Root Inc  20.12           Insurance 2025-03-04 132.35 2025-03-05 142.75  7.86 
  FMC                          FMC Corp  45.69           Chemicals   2025-03-04 36.6  2025-03-05 39.45  7.79 

=== 市值超过50亿的涨幅榜前20名股票 ===
 股票代码                公司名称                市值(亿)                 板块                       昨天收盘              今天收盘       涨跌幅(%)
 ASTS               AST SpaceMobile Inc   82.89                Telecommunication  2025-03-04 28.61   2025-03-05 33.8 18.14 
 MRNA                       Moderna Inc  117.17                    Biotechnology  2025-03-04 30.37  2025-03-05 35.21 15.94 
   CE                     Celanese Corp   52.71                        Chemicals  2025-03-04 48.21  2025-03-05 54.33 12.69 
  HII Huntington Ingalls Industries Inc   67.42              Aerospace & Defense  2025-03-04 172.3 2025-03-05 193.59 12.36 
 MSTR                 Microstrategy Inc  710.38                       Technology 2025-03-04 275.15 2025-03-05 308.55 12.14 
THLEF                         Thales SA  457.07              Aerospace & Defense  2025-03-04 257.0 2025-03-05 286.24 11.38 
  RKT              Rocket Companies Inc  268.09               Financial Services  2025-03-04 13.44   2025-03-05 14.9 10.86 
  FCX              Freeport-McMoRan Inc  501.54                  Metals & Mining   2025-03-04 34.9  2025-03-05 38.16  9.34 
 AAON                          Aaon Inc   61.40                         Building  2025-03-04 75.25  2025-03-05 81.94  8.89 
 MDGL      Madrigal Pharmaceuticals Inc   70.95                    Biotechnology 2025-03-04 321.32 2025-03-05 347.28  8.08 
 CFLT                     Confluent Inc   99.60                       Technology  2025-03-04 29.82   2025-03-05 32.2  7.98 
 TECK                Teck Resources Ltd  194.47                  Metals & Mining  2025-03-04 38.64  2025-03-05 41.54  7.51 
 RKLB                Rocket Lab USA Inc   86.15              Aerospace & Defense   2025-03-04 19.0   2025-03-05 20.4  7.40 
 OKTA                          Okta Inc  185.59                       Technology 2025-03-04 108.31 2025-03-05 116.31  7.39 
   GM                 General Motors Co  449.94                      Automobiles  2025-03-04 45.22  2025-03-05 48.48  7.21 
 PLTR         Palantir Technologies Inc 1979.48                       Technology   2025-03-04 84.4  2025-03-05 90.13  6.79 
  CRH                           CRH PLC  651.51                     Construction  2025-03-04 96.31 2025-03-05 102.74  6.68 
 KVYO                       Klaviyo Inc  103.05                       Technology  2025-03-04 37.73  2025-03-05 40.23  6.63 
   BE                 Bloom Energy Corp   52.30             Electrical Equipment   2025-03-04 22.7  2025-03-05 24.12  6.26 
  URI                United Rentals Inc  390.48 Trading Companies & Distributors 2025-03-04 597.91 2025-03-05 633.89  6.02 

=== 市值超过100亿的涨幅榜前20名股票 ===
 股票代码             公司名称              市值(亿)                 板块                       昨天收盘              今天收盘       涨跌幅(%)
 MRNA                  Moderna Inc  117.17                    Biotechnology  2025-03-04 30.37  2025-03-05 35.21 15.94 
 MSTR            Microstrategy Inc  710.38                       Technology 2025-03-04 275.15 2025-03-05 308.55 12.14 
THLEF                    Thales SA  457.07              Aerospace & Defense  2025-03-04 257.0 2025-03-05 286.24 11.38 
  RKT         Rocket Companies Inc  268.09               Financial Services  2025-03-04 13.44   2025-03-05 14.9 10.86 
  FCX         Freeport-McMoRan Inc  501.54                  Metals & Mining   2025-03-04 34.9  2025-03-05 38.16  9.34 
 TECK           Teck Resources Ltd  194.47                  Metals & Mining  2025-03-04 38.64  2025-03-05 41.54  7.51 
 OKTA                     Okta Inc  185.59                       Technology 2025-03-04 108.31 2025-03-05 116.31  7.39 
   GM            General Motors Co  449.94                      Automobiles  2025-03-04 45.22  2025-03-05 48.48  7.21 
 PLTR    Palantir Technologies Inc 1979.48                       Technology   2025-03-04 84.4  2025-03-05 90.13  6.79 
  CRH                      CRH PLC  651.51                     Construction  2025-03-04 96.31 2025-03-05 102.74  6.68 
 KVYO                  Klaviyo Inc  103.05                       Technology  2025-03-04 37.73  2025-03-05 40.23  6.63 
  URI           United Rentals Inc  390.48 Trading Companies & Distributors 2025-03-04 597.91 2025-03-05 633.89  6.02 
  UAL United Airlines Holdings Inc  282.20                         Airlines  2025-03-04 86.21  2025-03-05 91.27  5.87 
 RDDT                   Reddit Inc  287.85                            Media 2025-03-04 159.17 2025-03-05 168.52  5.87 
    F                Ford Motor Co  361.47                      Automobiles   2025-03-04 9.12   2025-03-05 9.65  5.81 
 ROKU                     Roku Inc  117.37                            Media  2025-03-04 80.41  2025-03-05 85.07  5.80 
   EL   Estee Lauder Companies Inc  244.93                Consumer products  2025-03-04 68.09  2025-03-05 71.91  5.61 
 SCCO         Southern Copper Corp  684.07                  Metals & Mining  2025-03-04 85.92  2025-03-05 90.49  5.32 
  ACI     Albertsons Companies Inc  114.49                           Retail  2025-03-04 19.76   2025-03-05 20.8  5.26 
 DLTR              Dollar Tree Inc  143.39                           Retail  2025-03-04 66.68  2025-03-05 70.15  5.21 

=== 市值超过200亿的涨幅榜前20名股票 ===
 股票代码             公司名称              市值(亿)                 板块                       昨天收盘              今天收盘       涨跌幅(%)
 MSTR            Microstrategy Inc  710.38                       Technology 2025-03-04 275.15 2025-03-05 308.55 12.14 
THLEF                    Thales SA  457.07              Aerospace & Defense  2025-03-04 257.0 2025-03-05 286.24 11.38 
  RKT         Rocket Companies Inc  268.09               Financial Services  2025-03-04 13.44   2025-03-05 14.9 10.86 
  FCX         Freeport-McMoRan Inc  501.54                  Metals & Mining   2025-03-04 34.9  2025-03-05 38.16  9.34 
   GM            General Motors Co  449.94                      Automobiles  2025-03-04 45.22  2025-03-05 48.48  7.21 
 PLTR    Palantir Technologies Inc 1979.48                       Technology   2025-03-04 84.4  2025-03-05 90.13  6.79 
  CRH                      CRH PLC  651.51                     Construction  2025-03-04 96.31 2025-03-05 102.74  6.68 
  URI           United Rentals Inc  390.48 Trading Companies & Distributors 2025-03-04 597.91 2025-03-05 633.89  6.02 
  UAL United Airlines Holdings Inc  282.20                         Airlines  2025-03-04 86.21  2025-03-05 91.27  5.87 
 RDDT                   Reddit Inc  287.85                            Media 2025-03-04 159.17 2025-03-05 168.52  5.87 
    F                Ford Motor Co  361.47                      Automobiles   2025-03-04 9.12   2025-03-05 9.65  5.81 
   EL   Estee Lauder Companies Inc  244.93                Consumer products  2025-03-04 68.09  2025-03-05 71.91  5.61 
 SCCO         Southern Copper Corp  684.07                  Metals & Mining  2025-03-04 85.92  2025-03-05 90.49  5.32 
SBGSF        Schneider Electric SE 1288.60             Electrical Equipment  2025-03-04 238.3  2025-03-05 250.0  4.91 
   GD        General Dynamics Corp  678.04              Aerospace & Defense  2025-03-04 250.8 2025-03-05 262.96  4.85 
 COIN          Coinbase Global Inc  539.62               Financial Services 2025-03-04 212.55 2025-03-05 222.45  4.66 
 CARR          Carrier Global Corp  536.28                         Building  2025-03-04 62.07  2025-03-05 64.87  4.51 
  PPG           PPG Industries Inc  248.04                        Chemicals 2025-03-04 109.29 2025-03-05 114.09  4.39 
 SHOP                  Shopify Inc 1317.28                       Technology 2025-03-04 101.73 2025-03-05 106.15  4.34 
 HOOD        Robinhood Markets Inc  409.26               Financial Services  2025-03-04 46.22  2025-03-05 48.12  4.11 

=== 市值超过1000亿的涨跌榜前20名股票 ===
 股票代码            公司名称            市值(亿)                 板块                      昨天收盘               今天收盘        涨跌幅(%)
 PLTR Palantir Technologies Inc  1979.48                     Technology    2025-03-04 84.4   2025-03-05 90.13  6.79 
SBGSF     Schneider Electric SE  1288.60           Electrical Equipment   2025-03-04 238.3   2025-03-05 250.0  4.91 
 SHOP               Shopify Inc  1317.28                     Technology  2025-03-04 101.73  2025-03-05 106.15  4.34 
  CAT           Caterpillar Inc  1561.64                      Machinery  2025-03-04 326.75  2025-03-05 338.49  3.59 
   MU     Micron Technology Inc  1016.12                 Semiconductors    2025-03-04 91.2   2025-03-05 94.34  3.44 
 INTU                Intuit Inc  1671.98                     Technology  2025-03-04 598.07  2025-03-05 617.51  3.25 
 MSFT            Microsoft Corp 28889.20                     Technology  2025-03-04 388.61  2025-03-05 401.02  3.19 
  ETN     Eaton Corporation PLC  1094.54           Electrical Equipment  2025-03-04 279.22  2025-03-05 287.73  3.05 
 ANET       Arista Networks Inc  1078.51                 Communications   2025-03-04 85.52   2025-03-05 87.82  2.69 
   BA                 Boeing Co  1191.87            Aerospace & Defense   2025-03-04 158.9  2025-03-05 163.16  2.68 
 QCOM              Qualcomm Inc  1708.33                 Semiconductors  2025-03-04 154.46  2025-03-05 158.49  2.61 
 ORCL               Oracle Corp  4404.37                     Technology  2025-03-04 157.47  2025-03-05 161.56  2.60 
 TSLA                 Tesla Inc  8750.21                    Automobiles  2025-03-04 272.04   2025-03-05 279.1  2.60 
  LMT      Lockheed Martin Corp  1056.46            Aerospace & Defense  2025-03-04 448.82  2025-03-05 460.42  2.58 
 META        Meta Platforms Inc 16215.42                          Media   2025-03-04 640.0  2025-03-05 656.47  2.57 
 MELI          MercadoLibre Inc  1044.30                         Retail 2025-03-04 2059.87 2025-03-05 2112.77  2.57 
  DHR              Danaher Corp  1471.66 Life Sciences Tools & Services  2025-03-04 205.91  2025-03-05 210.56  2.26 
 AMZN            Amazon.com Inc 21598.17                         Retail   2025-03-04 203.8  2025-03-05 208.36  2.24 
 AVGO              Broadcom Inc  8787.85                 Semiconductors  2025-03-04 187.48  2025-03-05 191.58  2.19 
   GS   Goldman Sachs Group Inc  1813.38             Financial Services  2025-03-04 581.14  2025-03-05 593.07  2.05 
