2025-01-25 10:45:37,387 - INFO: 日志目录: logs/20250125_104537
2025-01-25 10:45:37,387 - INFO: 日志文件: logs/20250125_104537/execution.log
2025-01-25 10:45:37,388 - INFO: 从 Finnhub 获取股票列表...
2025-01-25 10:45:39,094 - INFO: 获取到 17 个股票
2025-01-25 10:45:39,104 - INFO: 开始处理 17 只股票...
2025-01-25 10:45:39,265 - INFO: 跳过权证: CHWTF
2025-01-25 10:45:40,181 - INFO: 获取 NTEK 详细信息时出错: Expecting value: line 1 column 1 (char 0)
2025-01-25 10:45:40,182 - INFO: 股票 NTEK 无法获取详细信息
2025-01-25 10:45:43,420 - INFO: 获取 SPRU 详细信息时出错: Expecting value: line 1 column 1 (char 0)
2025-01-25 10:45:43,420 - INFO: 股票 SPRU 无法获取详细信息
2025-01-25 10:45:47,114 - INFO: 获取 ASCLF 详细信息时出错: Expecting value: line 1 column 1 (char 0)
2025-01-25 10:45:47,114 - INFO: 股票 ASCLF 无法获取详细信息
2025-01-25 10:45:47,280 - INFO: 获取 OTCM 详细信息时出错: Expecting value: line 1 column 1 (char 0)
2025-01-25 10:45:47,282 - INFO: 获取 INTG 详细信息时出错: Expecting value: line 1 column 1 (char 0)
2025-01-25 10:45:47,282 - INFO: 股票 OTCM 无法获取详细信息
2025-01-25 10:45:47,282 - INFO: 股票 INTG 无法获取详细信息
2025-01-25 10:45:47,597 - INFO: 股票 AHVCS 数据不足
2025-01-25 10:45:47,639 - INFO: 获取 CHD 详细信息时出错: Expecting value: line 1 column 1 (char 0)
2025-01-25 10:45:47,640 - INFO: 股票 CHD 无法获取详细信息
2025-01-25 10:45:48,084 - INFO: 获取 PMCGF 详细信息时出错: Expecting value: line 1 column 1 (char 0)
2025-01-25 10:45:48,085 - INFO: 股票 PMCGF 无法获取详细信息
2025-01-25 10:45:48,556 - INFO: 获取 JAGX 详细信息时出错: Expecting value: line 1 column 1 (char 0)
2025-01-25 10:45:48,556 - INFO: 股票 JAGX 无法获取详细信息
2025-01-25 10:45:48,556 - INFO: 进度: 10/17 (58.82%) 有效数据: 0
2025-01-25 10:45:49,349 - INFO: 获取 ECGFF 详细信息时出错: Expecting value: line 1 column 1 (char 0)
2025-01-25 10:45:49,349 - INFO: 股票 ECGFF 无法获取详细信息
2025-01-25 10:45:50,704 - INFO: 获取 URANF 详细信息时出错: Expecting value: line 1 column 1 (char 0)
2025-01-25 10:45:50,705 - INFO: 股票 URANF 无法获取详细信息
2025-01-25 10:45:50,748 - INFO: 获取 FNICF 详细信息时出错: Expecting value: line 1 column 1 (char 0)
2025-01-25 10:45:50,749 - INFO: 获取 UNLRF 详细信息时出错: Expecting value: line 1 column 1 (char 0)
2025-01-25 10:45:50,749 - INFO: 股票 FNICF 无法获取详细信息
2025-01-25 10:45:50,749 - INFO: 股票 UNLRF 无法获取详细信息
2025-01-25 10:45:50,927 - INFO: 获取 INHD 详细信息时出错: Expecting value: line 1 column 1 (char 0)
2025-01-25 10:45:50,927 - INFO: 股票 INHD 无法获取详细信息
2025-01-25 10:45:51,440 - INFO: 获取 FCCN 详细信息时出错: Expecting value: line 1 column 1 (char 0)
2025-01-25 10:45:51,440 - INFO: 股票 FCCN 无法获取详细信息
2025-01-25 10:45:51,441 - INFO: 
处理完成!
2025-01-25 10:45:51,441 - INFO: 总计处理: 17 只股票
2025-01-25 10:45:51,441 - INFO: 有效数据: 1 只股票
2025-01-25 10:45:51,441 - INFO: 无效数据: 16 只股票
2025-01-25 10:45:51,444 - INFO: 日志目录: logs/20250125_104537
2025-01-25 10:45:51,445 - INFO: 日志文件: logs/20250125_104537/execution.log
2025-01-25 10:45:51,445 - INFO: 
=== 涨幅榜前20名股票 ===
2025-01-25 10:45:51,445 - INFO: 
=== 涨幅榜前20名股票 ===
2025-01-25 10:45:51,450 - INFO: 
  股票代码              公司名称  市值(亿)             板块                         昨天收盘                         今天收盘  涨跌幅(%)
0    LUVSF  Lithium Universe Ltd       0.1  Metals & Mining  2025-01-23 0.019999999552965164  2025-01-24 0.019999999552965164        0.0
2025-01-25 10:45:51,450 - INFO: 
  股票代码              公司名称  市值(亿)             板块                         昨天收盘                         今天收盘  涨跌幅(%)
0    LUVSF  Lithium Universe Ltd       0.1  Metals & Mining  2025-01-23 0.019999999552965164  2025-01-24 0.019999999552965164        0.0
2025-01-25 10:45:51,451 - INFO: 
没有市值超过20亿的股票!
2025-01-25 10:45:51,451 - INFO: 
没有市值超过20亿的股票!
2025-01-25 10:45:51,452 - INFO: 
没有市值超过50亿的股票!
2025-01-25 10:45:51,452 - INFO: 
没有市值超过50亿的股票!
2025-01-25 10:45:51,453 - INFO: 
没有市值超过100亿的股票!
2025-01-25 10:45:51,453 - INFO: 
没有市值超过100亿的股票!
2025-01-25 10:45:51,453 - INFO: 
没有市值超过200亿的股票!
2025-01-25 10:45:51,453 - INFO: 
没有市值超过200亿的股票!
2025-01-25 10:45:51,454 - INFO: 
没有市值超过1000亿的股票!
2025-01-25 10:45:51,454 - INFO: 
没有市值超过1000亿的股票!
2025-01-25 10:45:51,454 - INFO: 结果已保存到: logs/20250125_104537/top20_result.log
2025-01-25 10:45:51,454 - INFO: 日志目录: logs/20250125_104537
2025-01-25 10:45:51,454 - INFO: 日志文件: logs/20250125_104537/execution.log
2025-01-25 10:45:51,455 - INFO: 股票数据已保存到 logs/20250125_104537/stocks_data.json
2025-01-25 10:45:51,459 - INFO: 
=== 板块涨跌分析 ===
2025-01-25 10:45:51,460 - INFO: 
              板块  平均涨跌幅  股票数量
0  Metals & Mining         0.0         1
2025-01-25 10:45:51,461 - INFO: 板块分析已保存到 logs/20250125_104537/sector_analysis.json
2025-01-25 10:45:51,466 - ERROR: 执行git更新时发生未知错误: __init__() got an unexpected keyword argument 'capture_output'
