
=== 涨幅榜前20名股票 ===
股票代码                公司名称               市值(亿)               板块                    昨天收盘             今天收盘       涨跌幅(%)
VIGL            Vigil Neuroscience Inc  1.08                 Biotechnology  2025-05-21 2.31  2025-05-22 7.88 241.13
NVTS        Navitas Semiconductor Corp  3.66                Semiconductors  2025-05-21 1.91  2025-05-22 5.05 164.40
ASST                Asset Entities Inc  1.27                         Media  2025-05-21 8.04 2025-05-22 13.01  61.82
 AAP            Advance Auto Parts Inc 18.73                        Retail 2025-05-21 31.31 2025-05-22 49.17  57.04
 TIL                    Instil Bio Inc  1.60                 Biotechnology 2025-05-21 16.22 2025-05-22 24.61  51.73
 BON              Bon Natural Life Ltd  0.00                     Chemicals   2025-05-21 1.4   2025-05-22 2.1  50.00
EYEN                      Eyenovia Inc  0.04               Pharmaceuticals   2025-05-21 1.4  2025-05-22 2.03  45.00
MLGO                     MicroAlgo Inc  1.08                    Technology  2025-05-21 1.57  2025-05-22 2.17  38.22
IONQ                          IONQ Inc 83.10                    Technology 2025-05-21 33.54 2025-05-22 45.79  36.52
SBET              SharpLink Gaming Inc  0.02 Hotels, Restaurants & Leisure  2025-05-21 2.79  2025-05-22 3.76  34.77
YSXT                   YSX Tech Co Ltd  1.01 Diversified Consumer Services  2025-05-21 4.35  2025-05-22 5.86  34.60
 NCL                     Northann Corp  0.68                      Building  2025-05-21 0.71  2025-05-22 0.93  29.37
 RAY               Raytech Holding Ltd  0.32                  Distributors   2025-05-21 1.8  2025-05-22 2.32  28.89
SGBX        Safe & Green Holdings Corp  0.03                  Construction  2025-05-21 0.44  2025-05-22 0.56  28.44
GREE Greenidge Generation Holdings Inc  0.21                    Technology  2025-05-21 1.39  2025-05-22 1.78  28.06
DOMO                          Domo Inc  3.44                    Technology  2025-05-21 8.55 2025-05-22 10.85  26.90
RGTI             Rigetti Computing Inc 31.82                Semiconductors 2025-05-21 10.96 2025-05-22 13.86  26.46
FAAS                     DigiAsia Corp  0.25            Financial Services  2025-05-21 0.41  2025-05-22 0.52  26.21
RCON              Recon Technology Ltd  0.53                        Energy  2025-05-21 1.91   2025-05-22 2.4  25.65
NXTT       Next Technology Holding Inc  8.64                    Technology  2025-05-21 1.98  2025-05-22 2.46  24.24

=== 市值超过20亿的涨幅榜前20名股票 ===
股票代码                公司名称               市值(亿)                板块                     昨天收盘              今天收盘       涨跌幅(%)
IONQ                          IONQ Inc  83.10                    Technology  2025-05-21 33.54  2025-05-22 45.79 36.52 
RGTI             Rigetti Computing Inc  31.82                Semiconductors  2025-05-21 10.96  2025-05-22 13.86 26.46 
QBTS                D-Wave Quantum Inc  44.88                    Technology  2025-05-21 15.36  2025-05-22 19.04 23.96 
URBN              Urban Outfitters Inc  55.23                        Retail   2025-05-21 59.6  2025-05-22 73.21 22.84 
PTON           Peloton Interactive Inc  25.75              Leisure Products   2025-05-21 6.46   2025-05-22 7.21 11.61 
 SYM                      Symbotic Inc 157.66                     Machinery  2025-05-21 26.74  2025-05-22 29.43 10.06 
 GME                     GameStop Corp 125.47                        Retail  2025-05-21 28.05  2025-05-22 30.86 10.02 
 CAR             Avis Budget Group Inc  38.35                   Road & Rail 2025-05-21 108.97 2025-05-22 117.75  8.06 
 GTX                Garrett Motion Inc  20.97               Auto Components  2025-05-21 10.35  2025-05-22 11.18  8.02 
OKLO                          Oklo Inc  51.24                     Utilities  2025-05-21 36.81  2025-05-22 39.72  7.91 
 CVI                    CVR Energy Inc  22.38                        Energy  2025-05-21 22.26  2025-05-22 23.89  7.32 
 RGC Regencell Bioscience Holdings Ltd  54.00               Pharmaceuticals  2025-05-21 415.0  2025-05-22 441.5  6.39 
LMND                      Lemonade Inc  21.31                     Insurance  2025-05-21 29.09  2025-05-22 30.91  6.26 
 SMR                Nuscale Power Corp  67.88          Electrical Equipment  2025-05-21 23.87  2025-05-22 25.32  6.07 
  GT         Goodyear Tire & Rubber Co  30.00               Auto Components   2025-05-21 10.5  2025-05-22 11.13  6.00 
 ODD                   Oddity Tech Ltd  36.18             Consumer products  2025-05-21 64.81  2025-05-22 68.59  5.83 
 RRR              Red Rock Resorts Inc  47.32 Hotels, Restaurants & Leisure  2025-05-21 44.61  2025-05-22 47.19  5.78 
 ANF            Abercrombie & Fitch Co  34.59                        Retail  2025-05-21 72.61  2025-05-22 76.76  5.72 
  VG                Venture Global Inc 251.67                        Energy   2025-05-21 10.4  2025-05-22 10.98  5.58 
CYBR             Cyberark Software Ltd 175.12                    Technology 2025-05-21 354.07 2025-05-22 373.81  5.58 

=== 市值超过50亿的涨幅榜前20名股票 ===
股票代码                公司名称               市值(亿)                板块                     昨天收盘              今天收盘       涨跌幅(%)
IONQ                          IONQ Inc  83.10                    Technology  2025-05-21 33.54  2025-05-22 45.79 36.52 
URBN              Urban Outfitters Inc  55.23                        Retail   2025-05-21 59.6  2025-05-22 73.21 22.84 
 SYM                      Symbotic Inc 157.66                     Machinery  2025-05-21 26.74  2025-05-22 29.43 10.06 
 GME                     GameStop Corp 125.47                        Retail  2025-05-21 28.05  2025-05-22 30.86 10.02 
OKLO                          Oklo Inc  51.24                     Utilities  2025-05-21 36.81  2025-05-22 39.72  7.91 
 RGC Regencell Bioscience Holdings Ltd  54.00               Pharmaceuticals  2025-05-21 415.0  2025-05-22 441.5  6.39 
 SMR                Nuscale Power Corp  67.88          Electrical Equipment  2025-05-21 23.87  2025-05-22 25.32  6.07 
  VG                Venture Global Inc 251.67                        Energy   2025-05-21 10.4  2025-05-22 10.98  5.58 
CYBR             Cyberark Software Ltd 175.12                    Technology 2025-05-21 354.07 2025-05-22 373.81  5.58 
BROS                    Dutch Bros Inc 106.75 Hotels, Restaurants & Leisure   2025-05-21 64.9  2025-05-22 68.46  5.49 
 XYZ                         Block Inc 341.30            Financial Services  2025-05-21 55.44  2025-05-22 58.35  5.25 
   U                Unity Software Inc  86.51                    Technology  2025-05-21 20.81  2025-05-22 21.86  5.05 
 GAP                           Gap Inc 103.60                        Retail  2025-05-21 27.51  2025-05-22 28.89  5.02 
 DDS                     Dillard's Inc  63.47                        Retail 2025-05-21 404.35 2025-05-22 422.75  4.55 
 STX   Seagate Technology Holdings PLC 221.62                    Technology 2025-05-21 104.43 2025-05-22 108.86  4.24 
CFLT                     Confluent Inc  71.55                    Technology  2025-05-21 21.05  2025-05-22 21.89  3.99 
RBRK                        Rubrik Inc 169.69                    Technology  2025-05-21 87.75  2025-05-22 91.11  3.83 
AFRM               Affirm Holdings Inc 152.40            Financial Services  2025-05-21 47.24  2025-05-22 48.97  3.66 
 UAL      United Airlines Holdings Inc 239.50                      Airlines  2025-05-21 73.33   2025-05-22 76.0  3.64 
MRNA                       Moderna Inc  99.75                 Biotechnology   2025-05-21 25.8  2025-05-22 26.72  3.57 

=== 市值超过100亿的涨幅榜前20名股票 ===
股票代码               公司名称              市值(亿)                板块                     昨天收盘              今天收盘       涨跌幅(%)
 SYM                    Symbotic Inc 157.66                     Machinery  2025-05-21 26.74  2025-05-22 29.43 10.06 
 GME                   GameStop Corp 125.47                        Retail  2025-05-21 28.05  2025-05-22 30.86 10.02 
  VG              Venture Global Inc 251.67                        Energy   2025-05-21 10.4  2025-05-22 10.98  5.58 
CYBR           Cyberark Software Ltd 175.12                    Technology 2025-05-21 354.07 2025-05-22 373.81  5.58 
BROS                  Dutch Bros Inc 106.75 Hotels, Restaurants & Leisure   2025-05-21 64.9  2025-05-22 68.46  5.49 
 XYZ                       Block Inc 341.30            Financial Services  2025-05-21 55.44  2025-05-22 58.35  5.25 
 GAP                         Gap Inc 103.60                        Retail  2025-05-21 27.51  2025-05-22 28.89  5.02 
 STX Seagate Technology Holdings PLC 221.62                    Technology 2025-05-21 104.43 2025-05-22 108.86  4.24 
RBRK                      Rubrik Inc 169.69                    Technology  2025-05-21 87.75  2025-05-22 91.11  3.83 
AFRM             Affirm Holdings Inc 152.40            Financial Services  2025-05-21 47.24  2025-05-22 48.97  3.66 
 UAL    United Airlines Holdings Inc 239.50                      Airlines  2025-05-21 73.33   2025-05-22 76.0  3.64 
CVNA                      Carvana Co 625.49                        Retail 2025-05-21 292.09 2025-05-22 302.25  3.48 
GRAB               Grab Holdings Ltd 195.97                   Road & Rail   2025-05-21 4.81   2025-05-22 4.96  3.12 
SOFI           SoFi Technologies Inc 141.49            Financial Services   2025-05-21 12.8  2025-05-22 13.19  3.05 
MRVL          Marvell Technology Inc 519.25                Semiconductors  2025-05-21 60.11  2025-05-22 61.85  2.89 
 LHX       L3Harris Technologies Inc 434.82           Aerospace & Defense 2025-05-21 232.59 2025-05-22 239.19  2.84 
 RKT            Rocket Companies Inc 244.82            Financial Services  2025-05-21 12.24  2025-05-22 12.57  2.70 
RKLB              Rocket Lab USA Inc 116.14           Aerospace & Defense  2025-05-21 25.17  2025-05-22 25.82  2.58 
RDDT                      Reddit Inc 176.86                         Media  2025-05-21 95.85  2025-05-22 98.32  2.58 
 TRU                      TransUnion 160.82         Professional Services  2025-05-21 82.43  2025-05-22 84.48  2.49 

=== 市值超过200亿的涨幅榜前20名股票 ===
股票代码                  公司名称                  市值(亿)                  板块                       昨天收盘              今天收盘       涨跌幅(%)
  VG                    Venture Global Inc   251.67                           Energy   2025-05-21 10.4  2025-05-22 10.98  5.58 
 XYZ                             Block Inc   341.30               Financial Services  2025-05-21 55.44  2025-05-22 58.35  5.25 
 STX       Seagate Technology Holdings PLC   221.62                       Technology 2025-05-21 104.43 2025-05-22 108.86  4.24 
 UAL          United Airlines Holdings Inc   239.50                         Airlines  2025-05-21 73.33   2025-05-22 76.0  3.64 
CVNA                            Carvana Co   625.49                           Retail 2025-05-21 292.09 2025-05-22 302.25  3.48 
MRVL                Marvell Technology Inc   519.25                   Semiconductors  2025-05-21 60.11  2025-05-22 61.85  2.89 
 LHX             L3Harris Technologies Inc   434.82              Aerospace & Defense 2025-05-21 232.59 2025-05-22 239.19  2.84 
 RKT                  Rocket Companies Inc   244.82               Financial Services  2025-05-21 12.24  2025-05-22 12.57  2.70 
 NKE                              Nike Inc   885.30 Textiles, Apparel & Luxury Goods  2025-05-21 59.98  2025-05-22 61.32  2.23 
 TGT                           Target Corp   422.60                           Retail  2025-05-21 93.01  2025-05-22 95.06  2.20 
  NU                       Nu Holdings Ltd   577.76                          Banking  2025-05-21 11.99  2025-05-22 12.25  2.17 
TSLA                             Tesla Inc 10777.96                      Automobiles 2025-05-21 334.62 2025-05-22 341.04  1.92 
 EFX                           Equifax Inc   321.08            Professional Services 2025-05-21 258.52 2025-05-22 263.41  1.89 
 CCL                         Carnival Corp   286.27    Hotels, Restaurants & Leisure  2025-05-21 22.04  2025-05-22 22.43  1.77 
CHKP Check Point Software Technologies Ltd   239.44                       Technology 2025-05-21 220.95 2025-05-22 224.86  1.77 
 VST                           Vistra Corp   516.02                        Utilities 2025-05-21 152.07 2025-05-22 154.72  1.74 
 HSY                            Hershey Co   306.52                    Food Products 2025-05-21 151.29 2025-05-22 153.86  1.70 
  ZS                           Zscaler Inc   384.83                       Technology 2025-05-21 248.72 2025-05-22 252.82  1.65 
OKTA                              Okta Inc   213.69                       Technology 2025-05-21 122.06 2025-05-22 123.91  1.52 
 CEG             Constellation Energy Corp   899.85                        Utilities 2025-05-21 287.11 2025-05-22 291.47  1.52 

=== 市值超过1000亿的涨跌榜前20名股票 ===
 股票代码             公司名称              市值(亿)                 板块                      昨天收盘               今天收盘        涨跌幅(%)
 TSLA                    Tesla Inc 10777.96                    Automobiles  2025-05-21 334.62  2025-05-22 341.04  1.92 
 PLTR    Palantir Technologies Inc  2845.58                     Technology  2025-05-21 120.58  2025-05-22 122.29  1.42 
GOOGL                 Alphabet Inc 20536.64                          Media  2025-05-21 168.56  2025-05-22 170.87  1.37 
  GEV               GE Vernova Inc  1236.48           Electrical Equipment  2025-05-21 453.03  2025-05-22 458.82  1.28 
 GOOG                 Alphabet Inc 20536.64                          Media  2025-05-21 170.06  2025-05-22 171.98  1.13 
  MRK               Merck & Co Inc  1932.99                Pharmaceuticals   2025-05-21 76.98   2025-05-22 77.84  1.12 
 AMZN               Amazon.com Inc 21351.61                         Retail  2025-05-21 201.12   2025-05-22 203.1  0.98 
 SHOP                  Shopify Inc  1327.48                     Technology  2025-05-21 102.32  2025-05-22 103.29  0.95 
 INTU                   Intuit Inc  1845.05                     Technology  2025-05-21 659.98  2025-05-22 666.07  0.92 
 BKNG         Booking Holdings Inc  1722.46  Hotels, Restaurants & Leisure 2025-05-21 5293.31 2025-05-22 5341.91  0.92 
   GS      Goldman Sachs Group Inc  1820.98             Financial Services  2025-05-21 593.46  2025-05-22 598.23  0.80 
  HON  Honeywell International Inc  1425.92       Industrial Conglomerates  2025-05-21 221.87  2025-05-22 223.63  0.79 
  CAT              Caterpillar Inc  1610.88                      Machinery  2025-05-21 342.51  2025-05-22 345.19  0.78 
 NVDA                  NVIDIA Corp 32142.80                 Semiconductors   2025-05-21 131.8  2025-05-22 132.83  0.78 
   MS               Morgan Stanley  2010.21             Financial Services   2025-05-21 125.3  2025-05-22 126.26  0.77 
  LIN                    Linde PLC  2144.15                      Chemicals   2025-05-21 455.5   2025-05-22 459.0  0.77 
  DIS               Walt Disney Co  1985.79                          Media  2025-05-21 110.46  2025-05-22 111.13  0.61 
  TMO Thermo Fisher Scientific Inc  1503.48 Life Sciences Tools & Services  2025-05-21 398.28  2025-05-22 400.48  0.55 
 MSFT               Microsoft Corp 33637.46                     Technology  2025-05-21 452.57  2025-05-22 454.86  0.51 
 ABBV                   AbbVie Inc  3211.32                  Biotechnology   2025-05-21 181.8  2025-05-22 182.54  0.41 
