
=== 涨幅榜前20名股票 ===
股票代码                     公司名称                     市值(亿)                板块                       昨天收盘              今天收盘        涨跌幅(%)
 CVM                                 CEL-SCI Corp  0.19                    Biotechnology    2025-05-19 0.2   2025-05-20 5.11 2455.00
SYTA                            Siyata Mobile Inc  0.12                   Communications   2025-05-19 4.07   2025-05-20 8.19  101.23
EDBL                         Edible Garden AG Inc  0.06                    Food Products    2025-05-19 2.0    2025-05-20 3.6   80.00
NRXS                                 Neuraxis Inc  0.29                      Health Care   2025-05-19 2.27   2025-05-20 3.99   75.77
TNMG                                TNL Mediagene  0.26                            Media    2025-05-19 0.6   2025-05-20 0.91   52.68
BLMZ                                   BloomZ Inc  0.02                            Media    2025-05-19 0.1   2025-05-20 0.15   49.22
EYEN                                 Eyenovia Inc  0.05                  Pharmaceuticals   2025-05-19 1.13   2025-05-20 1.67   47.79
SATX                   Satixfy Communications Ltd  2.55                   Communications   2025-05-19 2.04   2025-05-20 2.94   44.12
CLIK                       Click Holdings Limited  0.13            Professional Services   2025-05-19 0.52    2025-05-20 0.7   34.62
HOVR                     New Horizon Aircraft Ltd  0.29              Aerospace & Defense   2025-05-19 0.69   2025-05-20 0.92   33.33
BIAF                 bioAffinity Technologies Inc  0.08                    Biotechnology   2025-05-19 0.22   2025-05-20 0.29   29.82
 NCI Neo-Concept International Group Holdings Ltd  0.01 Textiles, Apparel & Luxury Goods   2025-05-19 0.34   2025-05-20 0.44   27.77
 RGC            Regencell Bioscience Holdings Ltd 58.50                  Pharmaceuticals 2025-05-19 352.02 2025-05-20 449.55   27.71
QBTS                           D-Wave Quantum Inc 48.39                       Technology  2025-05-19 13.15  2025-05-20 16.56   25.93
AKRO                       Akero Therapeutics Inc 37.92                    Biotechnology  2025-05-19 38.14  2025-05-20 47.57   24.72
SANA                       Sana Biotechnology Inc  4.71                    Biotechnology   2025-05-19 1.68   2025-05-20 2.09   24.40
SMTK                                 SmartKem Inc  0.06                   Semiconductors   2025-05-19 1.09   2025-05-20 1.34   22.94
AGYS                                 Agilysys Inc 28.35                       Technology  2025-05-19 83.02 2025-05-20 101.37   22.10
HSCS                            HeartSciences Inc  0.05                      Health Care   2025-05-19 3.69   2025-05-20 4.49   21.68
UOKA                                     MDJM Ltd  0.60                      Real Estate   2025-05-19 2.25   2025-05-20 2.73   21.33

=== 市值超过20亿的涨幅榜前20名股票 ===
股票代码                公司名称               市值(亿)                 板块                       昨天收盘              今天收盘       涨跌幅(%)
 RGC Regencell Bioscience Holdings Ltd  58.50                  Pharmaceuticals 2025-05-19 352.02 2025-05-20 449.55 27.71 
QBTS                D-Wave Quantum Inc  48.39                       Technology  2025-05-19 13.15  2025-05-20 16.56 25.93 
AKRO            Akero Therapeutics Inc  37.92                    Biotechnology  2025-05-19 38.14  2025-05-20 47.57 24.72 
AGYS                      Agilysys Inc  28.35                       Technology  2025-05-19 83.02 2025-05-20 101.37 22.10 
  AS                   Amer Sports Inc 206.97 Textiles, Apparel & Luxury Goods  2025-05-19 31.39  2025-05-20 37.37 19.05 
PCVX                       Vaxcyte Inc  47.18                    Biotechnology  2025-05-19 32.03  2025-05-20 36.57 14.17 
LCID                   Lucid Group Inc  90.29                      Automobiles   2025-05-19 2.68   2025-05-20 2.96 10.45 
DAVE                          Dave Inc  26.15               Financial Services 2025-05-19 182.97 2025-05-20 196.04  7.14 
PTON           Peloton Interactive Inc  26.78                 Leisure Products   2025-05-19 6.29   2025-05-20 6.72  6.84 
CGON                   CG Oncology Inc  20.25                    Biotechnology  2025-05-19 24.86  2025-05-20 26.56  6.84 
MRUS                          Merus NV  30.46                    Biotechnology  2025-05-19 41.36  2025-05-20 44.01  6.41 
CYTK                  Cytokinetics Inc  39.00                    Biotechnology  2025-05-19 30.75  2025-05-20 32.66  6.21 
MRNA                       Moderna Inc 108.25                    Biotechnology  2025-05-19 26.39  2025-05-20 27.99  6.06 
SRPT          Sarepta Therapeutics Inc  39.30                    Biotechnology  2025-05-19 37.94  2025-05-20 39.99  5.40 
 CDE                  Coeur Mining Inc  50.15                  Metals & Mining   2025-05-19 7.45   2025-05-20 7.84  5.23 
AVAV                 AeroVironment Inc  77.27              Aerospace & Defense 2025-05-19 161.12 2025-05-20 169.29  5.07 
 PPC               Pilgrims Pride Corp 121.43                    Food Products  2025-05-19 48.75  2025-05-20 51.21  5.05 
PEGA                   Pegasystems Inc  88.40                       Technology  2025-05-19 98.44 2025-05-20 103.29  4.93 
 QXO                           QXO Inc  95.18 Trading Companies & Distributors  2025-05-19 17.51  2025-05-20 18.35  4.80 
 RNA           Avidity Biosciences Inc  38.14                    Biotechnology  2025-05-19 30.22  2025-05-20 31.64  4.70 

=== 市值超过50亿的涨幅榜前20名股票 ===
股票代码                公司名称               市值(亿)                 板块                       昨天收盘              今天收盘       涨跌幅(%)
 RGC Regencell Bioscience Holdings Ltd  58.50                  Pharmaceuticals 2025-05-19 352.02 2025-05-20 449.55 27.71 
  AS                   Amer Sports Inc 206.97 Textiles, Apparel & Luxury Goods  2025-05-19 31.39  2025-05-20 37.37 19.05 
LCID                   Lucid Group Inc  90.29                      Automobiles   2025-05-19 2.68   2025-05-20 2.96 10.45 
MRNA                       Moderna Inc 108.25                    Biotechnology  2025-05-19 26.39  2025-05-20 27.99  6.06 
 CDE                  Coeur Mining Inc  50.15                  Metals & Mining   2025-05-19 7.45   2025-05-20 7.84  5.23 
AVAV                 AeroVironment Inc  77.27              Aerospace & Defense 2025-05-19 161.12 2025-05-20 169.29  5.07 
 PPC               Pilgrims Pride Corp 121.43                    Food Products  2025-05-19 48.75  2025-05-20 51.21  5.05 
PEGA                   Pegasystems Inc  88.40                       Technology  2025-05-19 98.44 2025-05-20 103.29  4.93 
 QXO                           QXO Inc  95.18 Trading Companies & Distributors  2025-05-19 17.51  2025-05-20 18.35  4.80 
DLTR                   Dollar Tree Inc 190.44                           Retail  2025-05-19 86.61  2025-05-20 90.62  4.63 
ALAB                   Astera Labs Inc 155.78                   Semiconductors  2025-05-19 90.29  2025-05-20 94.46  4.62 
NBIS                   Nebius Group NV  93.20                       Technology  2025-05-19 37.56  2025-05-20 39.14  4.21 
MNDY                    monday.com Ltd 153.37                       Technology  2025-05-19 290.1 2025-05-20 302.07  4.13 
  DG               Dollar General Corp 224.79                           Retail  2025-05-19 98.18  2025-05-20 102.2  4.09 
RIVN             Rivian Automotive Inc 193.98                      Automobiles  2025-05-19 16.29  2025-05-20 16.92  3.87 
 HQY                  Healthequity Inc  87.65                      Health Care   2025-05-19 97.6 2025-05-20 101.18  3.67 
NUVL                      Nuvalent Inc  54.49                    Biotechnology  2025-05-19 73.31  2025-05-20 75.88  3.51 
 DDS                     Dillard's Inc  65.85                           Retail 2025-05-19 406.16 2025-05-20 419.51  3.29 
 HUM                        Humana Inc 308.14                      Health Care 2025-05-19 247.34 2025-05-20 255.31  3.22 
   D               Dominion Energy Inc 494.62                        Utilities   2025-05-19 56.2   2025-05-20 58.0  3.20 

=== 市值超过100亿的涨幅榜前20名股票 ===
股票代码              公司名称              市值(亿)                 板块                       昨天收盘              今天收盘       涨跌幅(%)
  AS               Amer Sports Inc  206.97 Textiles, Apparel & Luxury Goods  2025-05-19 31.39  2025-05-20 37.37 19.05 
MRNA                   Moderna Inc  108.25                    Biotechnology  2025-05-19 26.39  2025-05-20 27.99  6.06 
 PPC           Pilgrims Pride Corp  121.43                    Food Products  2025-05-19 48.75  2025-05-20 51.21  5.05 
DLTR               Dollar Tree Inc  190.44                           Retail  2025-05-19 86.61  2025-05-20 90.62  4.63 
ALAB               Astera Labs Inc  155.78                   Semiconductors  2025-05-19 90.29  2025-05-20 94.46  4.62 
MNDY                monday.com Ltd  153.37                       Technology  2025-05-19 290.1 2025-05-20 302.07  4.13 
  DG           Dollar General Corp  224.79                           Retail  2025-05-19 98.18  2025-05-20 102.2  4.09 
RIVN         Rivian Automotive Inc  193.98                      Automobiles  2025-05-19 16.29  2025-05-20 16.92  3.87 
 HUM                    Humana Inc  308.14                      Health Care 2025-05-19 247.34 2025-05-20 255.31  3.22 
   D           Dominion Energy Inc  494.62                        Utilities   2025-05-19 56.2   2025-05-20 58.0  3.20 
  ES             Eversource Energy  240.82                        Utilities  2025-05-19 63.53  2025-05-20 65.55  3.18 
REGN Regeneron Pharmaceuticals Inc  663.76                    Biotechnology 2025-05-19 596.54 2025-05-20 614.79  3.06 
  VG            Venture Global Inc  251.67                           Energy  2025-05-19 10.11   2025-05-20 10.4  2.87 
  AU         Anglogold Ashanti PLC  212.39                  Metals & Mining  2025-05-19 42.18  2025-05-20 43.37  2.82 
GILD           Gilead Sciences Inc 1357.25                    Biotechnology 2025-05-19 106.16 2025-05-20 109.11  2.78 
 BAP                 Credicorp Ltd  158.17                          Banking  2025-05-19 193.5 2025-05-20 198.87  2.78 
 NEM           Newmont Corporation  582.10                  Metals & Mining  2025-05-19 50.93   2025-05-20 52.3  2.69 
RBRK                    Rubrik Inc  172.12                       Technology  2025-05-19 86.72  2025-05-20 89.01  2.64 
RGLD                Royal Gold Inc  116.86                  Metals & Mining  2025-05-19 173.1 2025-05-20 177.56  2.58 
CART                 Maplebear Inc  122.83                           Retail  2025-05-19 45.94  2025-05-20 47.11  2.55 

=== 市值超过200亿的涨幅榜前20名股票 ===
股票代码               公司名称                市值(亿)                 板块                       昨天收盘              今天收盘       涨跌幅(%)
  AS                  Amer Sports Inc  206.97 Textiles, Apparel & Luxury Goods  2025-05-19 31.39  2025-05-20 37.37 19.05 
  DG              Dollar General Corp  224.79                           Retail  2025-05-19 98.18  2025-05-20 102.2  4.09 
 HUM                       Humana Inc  308.14                      Health Care 2025-05-19 247.34 2025-05-20 255.31  3.22 
   D              Dominion Energy Inc  494.62                        Utilities   2025-05-19 56.2   2025-05-20 58.0  3.20 
  ES                Eversource Energy  240.82                        Utilities  2025-05-19 63.53  2025-05-20 65.55  3.18 
REGN    Regeneron Pharmaceuticals Inc  663.76                    Biotechnology 2025-05-19 596.54 2025-05-20 614.79  3.06 
  VG               Venture Global Inc  251.67                           Energy  2025-05-19 10.11   2025-05-20 10.4  2.87 
  AU            Anglogold Ashanti PLC  212.39                  Metals & Mining  2025-05-19 42.18  2025-05-20 43.37  2.82 
GILD              Gilead Sciences Inc 1357.25                    Biotechnology 2025-05-19 106.16 2025-05-20 109.11  2.78 
 NEM              Newmont Corporation  582.10                  Metals & Mining  2025-05-19 50.93   2025-05-20 52.3  2.69 
 CCJ                      Cameco Corp  228.11                           Energy  2025-05-19 51.18   2025-05-20 52.4  2.38 
 MTD Mettler-Toledo International Inc  246.48   Life Sciences Tools & Services 2025-05-19 1159.1 2025-05-20 1186.0  2.32 
 PFE                       Pfizer Inc 1337.20                  Pharmaceuticals   2025-05-19 23.0  2025-05-20 23.52  2.26 
 ELV              Elevance Health Inc  931.96                      Health Care 2025-05-19 403.81 2025-05-20 412.49  2.15 
 UNH           UnitedHealth Group Inc 2917.18                      Health Care 2025-05-19 315.89 2025-05-20 321.58  1.80 
 RKT             Rocket Companies Inc  263.42               Financial Services  2025-05-19 12.95  2025-05-20 13.17  1.70 
 CVS                  CVS Health Corp  806.32                      Health Care  2025-05-19 62.78  2025-05-20 63.74  1.53 
 HPE    Hewlett Packard Enterprise Co  232.77                       Technology  2025-05-19 17.46  2025-05-20 17.72  1.49 
DASH                     DoorDash Inc  869.44    Hotels, Restaurants & Leisure 2025-05-19 202.18 2025-05-20 205.18  1.48 
VRTX       Vertex Pharmaceuticals Inc 1148.35                    Biotechnology 2025-05-19 440.66 2025-05-20 447.18  1.48 

=== 市值超过1000亿的涨跌榜前20名股票 ===
 股票代码                 公司名称                 市值(亿)                  板块                       昨天收盘              今天收盘       涨跌幅(%)
 GILD                 Gilead Sciences Inc  1357.25                    Biotechnology 2025-05-19 106.16 2025-05-20 109.11  2.78 
  PFE                          Pfizer Inc  1337.20                  Pharmaceuticals   2025-05-19 23.0  2025-05-20 23.52  2.26 
  UNH              UnitedHealth Group Inc  2917.18                      Health Care 2025-05-19 315.89 2025-05-20 321.58  1.80 
 VRTX          Vertex Pharmaceuticals Inc  1148.35                    Biotechnology 2025-05-19 440.66 2025-05-20 447.18  1.48 
   BA                           Boeing Co  1565.84              Aerospace & Defense 2025-05-19 205.25 2025-05-20 207.67  1.18 
 CHTR          Charter Communications Inc  1188.86                            Media 2025-05-19 418.63 2025-05-20 423.49  1.16 
  MRK                      Merck & Co Inc  1957.85                  Pharmaceuticals  2025-05-19 77.23  2025-05-20 77.97  0.96 
LVMHF LVMH Moet Hennessy Louis Vuitton SE  2490.73 Textiles, Apparel & Luxury Goods  2025-05-19 563.0 2025-05-20 567.93  0.88 
 MSTR                   Microstrategy Inc  1139.87                       Technology 2025-05-19 413.42 2025-05-20 416.92  0.85 
  GEV                      GE Vernova Inc  1228.32             Electrical Equipment  2025-05-19 446.6 2025-05-20 450.04  0.77 
  JNJ                   Johnson & Johnson  3697.17                  Pharmaceuticals 2025-05-19 152.49 2025-05-20 153.66  0.77 
  NEE                  Nextera Energy Inc  1531.83                        Utilities  2025-05-19 73.86  2025-05-20 74.41  0.74 
   MO                    Altria Group Inc  1008.99                          Tobacco  2025-05-19 59.47   2025-05-20 59.9  0.72 
  DHR                        Danaher Corp  1415.38   Life Sciences Tools & Services 2025-05-19 196.41 2025-05-20 197.77  0.69 
  LMT                Lockheed Martin Corp  1114.83              Aerospace & Defense 2025-05-19 473.06 2025-05-20 475.82  0.58 
 LRCX                   Lam Research Corp  1078.17                   Semiconductors  2025-05-19 83.82  2025-05-20 84.29  0.56 
   PM     Philip Morris International Inc  2710.21                          Tobacco 2025-05-19 173.17 2025-05-20 174.12  0.55 
   PG                 Procter & Gamble Co  3883.50                Consumer products 2025-05-19 164.77 2025-05-20 165.64  0.53 
 TSLA                           Tesla Inc 11059.03                      Automobiles 2025-05-19 342.09 2025-05-20 343.82  0.51 
 AVGO                        Broadcom Inc 10893.48                   Semiconductors 2025-05-19 230.63 2025-05-20 231.68  0.46 
