
=== 涨幅榜前20名股票 ===
股票代码                公司名称                市值(亿)               板块                     昨天收盘             今天收盘       涨跌幅(%)
MLGO                      MicroAlgo Inc  0.25                     Technology  2025-03-21 2.52 2025-03-24 13.99 455.16
IMTE    Integrated Media Technology Ltd  0.02           Electrical Equipment  2025-03-21 0.54   2025-03-24 2.1 288.89
VVPR        VivoPower International PLC  0.06                      Utilities  2025-03-21 1.29  2025-03-24 3.22 149.61
TRSG           Tungray Technologies Inc  0.12           Electrical Equipment  2025-03-21 1.02  2025-03-24 2.05 100.98
LXEO             Lexeo Therapeutics Inc  0.90                  Biotechnology  2025-03-21 2.71  2025-03-24 4.09  50.92
KDLY                      Kindly MD Inc  0.09                    Health Care  2025-03-21 1.51  2025-03-24 2.18  44.37
GDHG   Golden Heaven Group Holdings Ltd  0.49  Hotels, Restaurants & Leisure   2025-03-21 1.4  2025-03-24 1.96  39.50
PRPH                  Prophase Labs Inc  0.09                Pharmaceuticals  2025-03-21 0.31  2025-03-24 0.43  38.48
PLRZ                      Polyrizon Ltd  0.02                  Biotechnology  2025-03-21 0.56  2025-03-24 0.75  34.32
DOMH              Dominari Holdings Inc  0.59             Financial Services  2025-03-21 4.13  2025-03-24 5.49  32.93
TNXP Tonix Pharmaceuticals Holding Corp  1.48                  Biotechnology 2025-03-21 23.03 2025-03-24 30.51  32.48
SAIH                        SAIHEAT Ltd  0.60                     Technology  2025-03-21 5.63   2025-03-24 7.4  31.44
LUNR             Intuitive Machines Inc 10.63            Aerospace & Defense  2025-03-21 7.09  2025-03-24 9.22  30.04
 UPC       Universe Pharmaceuticals Inc  0.01                Pharmaceuticals  2025-03-21 3.44  2025-03-24 4.39  27.47
RHEP     Regional Health Properties Inc  0.02                    Health Care  2025-03-21 1.37  2025-03-24 1.73  26.28
 MRT             Marti Technologies Inc  1.65                    Road & Rail  2025-03-21 2.87  2025-03-24 3.61  25.78
CYRX                       Cryoport Inc  2.84 Life Sciences Tools & Services  2025-03-21 5.69   2025-03-24 7.1  24.78
AREC            American Resources Corp  0.39                         Energy   2025-03-21 0.5  2025-03-24 0.62  24.68
 TOI             Oncology Institute Inc  0.75                    Health Care   2025-03-21 1.0  2025-03-24 1.24  24.50
FBGL                     FBS Global Ltd  0.11                   Construction  2025-03-21 0.93  2025-03-24 1.14  22.98

=== 市值超过20亿的涨幅榜前20名股票 ===
股票代码                公司名称                 市值(亿)                板块                      昨天收盘              今天收盘       涨跌幅(%)
CLSK                     CleanSpark Inc   20.89                     Technology   2025-03-21 7.44   2025-03-24 8.79 18.15 
MARA                  MARA Holdings Inc   42.81                     Technology  2025-03-21 12.38  2025-03-24 14.61 18.01 
IONQ                           IONQ Inc   49.60                     Technology  2025-03-21 22.26  2025-03-24 26.12 17.34 
AZEK                   Azek Company Inc   59.47                       Building  2025-03-21 41.39  2025-03-24 48.56 17.32 
 TEM                      Tempus AI Inc   88.43 Life Sciences Tools & Services  2025-03-21 51.35   2025-03-24 59.0 14.90 
ASTS                AST SpaceMobile Inc   81.37              Telecommunication  2025-03-21 25.71   2025-03-24 29.3 13.96 
OKLO                           Oklo Inc   33.16                      Utilities  2025-03-21 27.16  2025-03-24 30.91 13.81 
COHR                      Coherent Corp  105.75           Electrical Equipment  2025-03-21 68.24  2025-03-24 76.71 12.41 
TSLA                          Tesla Inc 7999.80                    Automobiles 2025-03-21 248.71 2025-03-24 278.39 11.93 
CVNA                         Carvana Co  407.08                         Retail 2025-03-21 190.95 2025-03-24 213.63 11.88 
ROOT                           Root Inc   24.36                      Insurance 2025-03-21 160.26 2025-03-24 177.69 10.88 
LITE              Lumentum Holdings Inc   46.09                 Communications  2025-03-21 66.61  2025-03-24 73.63 10.54 
MSTR                  Microstrategy Inc  791.79                     Technology  2025-03-21 304.0 2025-03-24 335.72 10.43 
RIOT                 Riot Platforms Inc   27.84                     Technology   2025-03-21 7.95   2025-03-24 8.72  9.69 
CORZ                Core Scientific Inc   25.03                     Technology   2025-03-21 8.51   2025-03-24 9.31  9.40 
 NFE            New Fortress Energy Inc   30.58                         Energy  2025-03-21 11.17  2025-03-24 12.22  9.40 
URBN               Urban Outfitters Inc   45.34                         Retail  2025-03-21 49.13  2025-03-24 53.58  9.06 
CRDO Credo Technology Group Holding Ltd   78.69                 Semiconductors  2025-03-21 46.34  2025-03-24 50.53  9.04 
HOOD              Robinhood Markets Inc  392.79             Financial Services  2025-03-21 44.36  2025-03-24 48.36  9.02 
 QXO                            QXO Inc   51.87                     Technology  2025-03-21 12.67   2025-03-24 13.8  8.92 

=== 市值超过50亿的涨幅榜前20名股票 ===
股票代码                公司名称                 市值(亿)                板块                      昨天收盘              今天收盘       涨跌幅(%)
AZEK                   Azek Company Inc   59.47                       Building  2025-03-21 41.39  2025-03-24 48.56 17.32 
 TEM                      Tempus AI Inc   88.43 Life Sciences Tools & Services  2025-03-21 51.35   2025-03-24 59.0 14.90 
ASTS                AST SpaceMobile Inc   81.37              Telecommunication  2025-03-21 25.71   2025-03-24 29.3 13.96 
COHR                      Coherent Corp  105.75           Electrical Equipment  2025-03-21 68.24  2025-03-24 76.71 12.41 
TSLA                          Tesla Inc 7999.80                    Automobiles 2025-03-21 248.71 2025-03-24 278.39 11.93 
CVNA                         Carvana Co  407.08                         Retail 2025-03-21 190.95 2025-03-24 213.63 11.88 
MSTR                  Microstrategy Inc  791.79                     Technology  2025-03-21 304.0 2025-03-24 335.72 10.43 
CRDO Credo Technology Group Holding Ltd   78.69                 Semiconductors  2025-03-21 46.34  2025-03-24 50.53  9.04 
HOOD              Robinhood Markets Inc  392.79             Financial Services  2025-03-21 44.36  2025-03-24 48.36  9.02 
 QXO                            QXO Inc   51.87                     Technology  2025-03-21 12.67   2025-03-24 13.8  8.92 
 GAP                            Gap Inc   75.06                         Retail  2025-03-21 20.02  2025-03-24 21.67  8.24 
NBIS                    Nebius Group NV   63.53                     Technology  2025-03-21 26.98  2025-03-24 29.19  8.19 
 APP                      Applovin Corp 1067.57                     Technology 2025-03-21 314.03 2025-03-24 339.72  8.18 
RDDT                         Reddit Inc  209.31                          Media  2025-03-21 115.7 2025-03-24 124.94  7.99 
CAVA                     CAVA Group Inc   96.93  Hotels, Restaurants & Leisure  2025-03-21 83.85  2025-03-24 90.33  7.73 
RBRK                         Rubrik Inc  130.21                     Technology  2025-03-21 68.19  2025-03-24 73.46  7.73 
 FIX            Comfort Systems USA Inc  125.20                   Construction 2025-03-21 352.15 2025-03-24 379.24  7.69 
BROS                     Dutch Bros Inc  100.90  Hotels, Restaurants & Leisure  2025-03-21 65.43  2025-03-24 70.45  7.67 
HIMS             Hims & Hers Health Inc   77.20                    Health Care  2025-03-21 34.75  2025-03-24 37.41  7.65 
BPMC           Blueprint Medicines Corp   56.70                  Biotechnology  2025-03-21 88.72  2025-03-24 95.27  7.38 

=== 市值超过100亿的涨幅榜前20名股票 ===
股票代码             公司名称              市值(亿)                 板块                       昨天收盘              今天收盘       涨跌幅(%)
COHR                Coherent Corp  105.75             Electrical Equipment  2025-03-21 68.24  2025-03-24 76.71 12.41 
TSLA                    Tesla Inc 7999.80                      Automobiles 2025-03-21 248.71 2025-03-24 278.39 11.93 
CVNA                   Carvana Co  407.08                           Retail 2025-03-21 190.95 2025-03-24 213.63 11.88 
MSTR            Microstrategy Inc  791.79                       Technology  2025-03-21 304.0 2025-03-24 335.72 10.43 
HOOD        Robinhood Markets Inc  392.79               Financial Services  2025-03-21 44.36  2025-03-24 48.36  9.02 
 APP                Applovin Corp 1067.57                       Technology 2025-03-21 314.03 2025-03-24 339.72  8.18 
RDDT                   Reddit Inc  209.31                            Media  2025-03-21 115.7 2025-03-24 124.94  7.99 
RBRK                   Rubrik Inc  130.21                       Technology  2025-03-21 68.19  2025-03-24 73.46  7.73 
 FIX      Comfort Systems USA Inc  125.20                     Construction 2025-03-21 352.15 2025-03-24 379.24  7.69 
BROS               Dutch Bros Inc  100.90    Hotels, Restaurants & Leisure  2025-03-21 65.43  2025-03-24 70.45  7.67 
FTAI            FTAI Aviation Ltd  109.97 Trading Companies & Distributors 2025-03-21 107.23 2025-03-24 114.91  7.16 
 UAL United Airlines Holdings Inc  245.08                         Airlines  2025-03-21 74.87  2025-03-24 80.22  7.15 
 AMD   Advanced Micro Devices Inc 1724.84                   Semiconductors 2025-03-21 106.44 2025-03-24 113.85  6.96 
DUOL                 Duolingo Inc  139.94    Diversified Consumer Services  2025-03-21 309.3  2025-03-24 330.0  6.69 
SOFI        SoFi Technologies Inc  141.12               Financial Services  2025-03-21 12.87  2025-03-24 13.72  6.60 
PLTR    Palantir Technologies Inc 2133.34                       Technology  2025-03-21 90.96  2025-03-24 96.75  6.37 
BURL        Burlington Stores Inc  147.87                           Retail 2025-03-21 233.96 2025-03-24 248.55  6.24 
MMYT               MakeMyTrip Ltd  110.95    Hotels, Restaurants & Leisure 2025-03-21 101.06 2025-03-24 107.02  5.90 
DECK         Deckers Outdoor Corp  178.88 Textiles, Apparel & Luxury Goods 2025-03-21 117.86 2025-03-24 124.68  5.79 
 VRT           Vertiv Holdings Co  337.48             Electrical Equipment  2025-03-21 88.63  2025-03-24 93.69  5.71 

=== 市值超过200亿的涨幅榜前20名股票 ===
股票代码             公司名称              市值(亿)                板块                     昨天收盘               今天收盘        涨跌幅(%)
TSLA                    Tesla Inc 7999.80                   Automobiles  2025-03-21 248.71  2025-03-24 278.39 11.93 
CVNA                   Carvana Co  407.08                        Retail  2025-03-21 190.95  2025-03-24 213.63 11.88 
MSTR            Microstrategy Inc  791.79                    Technology   2025-03-21 304.0  2025-03-24 335.72 10.43 
HOOD        Robinhood Markets Inc  392.79            Financial Services   2025-03-21 44.36   2025-03-24 48.36  9.02 
 APP                Applovin Corp 1067.57                    Technology  2025-03-21 314.03  2025-03-24 339.72  8.18 
RDDT                   Reddit Inc  209.31                         Media   2025-03-21 115.7  2025-03-24 124.94  7.99 
 UAL United Airlines Holdings Inc  245.08                      Airlines   2025-03-21 74.87   2025-03-24 80.22  7.15 
 AMD   Advanced Micro Devices Inc 1724.84                Semiconductors  2025-03-21 106.44  2025-03-24 113.85  6.96 
PLTR    Palantir Technologies Inc 2133.34                    Technology   2025-03-21 90.96   2025-03-24 96.75  6.37 
 VRT           Vertiv Holdings Co  337.48          Electrical Equipment   2025-03-21 88.63   2025-03-24 93.69  5.71 
 TPL      Texas Pacific Land Corp  292.63                        Energy 2025-03-21 1273.15 2025-03-24 1344.98  5.64 
 TTD               Trade Desk Inc  279.35                         Media   2025-03-21 56.31   2025-03-24 59.34  5.38 
ANET          Arista Networks Inc 1048.37                Communications   2025-03-21 83.13   2025-03-24 87.51  5.27 
NXPI        NXP Semiconductors NV  508.86                Semiconductors  2025-03-21 200.64  2025-03-24 211.12  5.22 
 FDX                   FedEx Corp  554.75    Logistics & Transportation  2025-03-21 230.33  2025-03-24 242.32  5.21 
PINS                Pinterest Inc  219.88                         Media   2025-03-21 32.42   2025-03-24 34.04  5.00 
SHOP                  Shopify Inc 1349.33                    Technology  2025-03-21 104.21  2025-03-24 109.28  4.87 
 IOT                  Samsara Inc  225.38                    Technology   2025-03-21 40.16   2025-03-24 42.08  4.78 
 KKR                 KKR & Co Inc 1034.81            Financial Services   2025-03-21 116.5  2025-03-24 121.97  4.70 
 RCL  Royal Caribbean Cruises Ltd  579.95 Hotels, Restaurants & Leisure  2025-03-21 215.49   2025-03-24 225.4  4.60 

=== 市值超过1000亿的涨跌榜前20名股票 ===
股票代码            公司名称             市值(亿)            板块                昨天收盘              今天收盘       涨跌幅(%)
TSLA                  Tesla Inc  7999.80         Automobiles 2025-03-21 248.71 2025-03-24 278.39 11.93 
 APP              Applovin Corp  1067.57          Technology 2025-03-21 314.03 2025-03-24 339.72  8.18 
 AMD Advanced Micro Devices Inc  1724.84      Semiconductors 2025-03-21 106.44 2025-03-24 113.85  6.96 
PLTR  Palantir Technologies Inc  2133.34          Technology  2025-03-21 90.96  2025-03-24 96.75  6.37 
ANET        Arista Networks Inc  1048.37      Communications  2025-03-21 83.13  2025-03-24 87.51  5.27 
SHOP                Shopify Inc  1349.33          Technology 2025-03-21 104.21 2025-03-24 109.28  4.87 
 KKR               KKR & Co Inc  1034.81  Financial Services  2025-03-21 116.5 2025-03-24 121.97  4.70 
 ADI         Analog Devices Inc  1013.78      Semiconductors  2025-03-21 204.4 2025-03-24 212.34  3.88 
META         Meta Platforms Inc 15106.94               Media 2025-03-21 596.25 2025-03-24 618.85  3.79 
 TXN      Texas Instruments Inc  1628.75      Semiconductors  2025-03-21 179.0 2025-03-24 185.51  3.64 
AMZN             Amazon.com Inc 20793.80              Retail 2025-03-21 196.21 2025-03-24 203.26  3.59 
  HD             Home Depot Inc  3488.19              Retail 2025-03-21 351.15 2025-03-24 363.77  3.59 
  MS             Morgan Stanley  1937.68  Financial Services 2025-03-21 120.14 2025-03-24 124.27  3.44 
ISRG     Intuitive Surgical Inc  1764.47         Health Care 2025-03-21 492.49 2025-03-24 508.58  3.27 
NVDA                NVIDIA Corp 28718.80      Semiconductors  2025-03-21 117.7 2025-03-24 121.41  3.15 
 TJX          TJX Companies Inc  1305.37              Retail 2025-03-21 116.12  2025-03-24 119.6  3.00 
  GE        General Electric Co  2190.91 Aerospace & Defense 2025-03-21 204.13 2025-03-24 210.23  2.99 
   C              Citigroup Inc  1354.78             Banking  2025-03-21 71.98  2025-03-24 74.04  2.86 
 AXP        American Express Co  1900.42  Financial Services 2025-03-21 270.51 2025-03-24 277.86  2.72 
 JPM        JPMorgan Chase & Co  6756.23             Banking 2025-03-21 241.63 2025-03-24 248.06  2.66 
