
=== 涨幅榜前20名股票 ===
股票代码               公司名称               市值(亿)                板块                      昨天收盘              今天收盘       涨跌幅(%)
ONMD                   Onemednet Corp  0.15                      Health Care  2025-08-13 0.48   2025-08-14 0.96 99.69 
TPIC               TPI Composites Inc  0.08             Electrical Equipment  2025-08-13 0.16    2025-08-14 0.3 89.94 
SNOA       Sonoma Pharmaceuticals Inc  0.05                  Pharmaceuticals  2025-08-13 3.05   2025-08-14 5.27 72.79 
AERT            Aeries Technology Inc  0.33            Professional Services   2025-08-13 0.7    2025-08-14 1.1 57.14 
XPON                    Expion360 Inc  0.04             Electrical Equipment  2025-08-13 1.31   2025-08-14 2.02 54.20 
BKTI             BK Technologies Corp  1.60                   Communications 2025-08-13 43.44  2025-08-14 61.97 42.66 
 IVP  Inspire Veterinary Partners Inc  0.05                      Health Care  2025-08-13 0.81   2025-08-14 1.14 40.05 
NEGG              Newegg Commerce Inc 17.82                           Retail 2025-08-13 91.89 2025-08-14 128.09 39.39 
CGTX       Cognition Therapeutics Inc  0.90                  Pharmaceuticals  2025-08-13 1.22   2025-08-14 1.66 36.07 
DOGZ       Dogness International Corp  1.34 Textiles, Apparel & Luxury Goods 2025-08-13 10.49  2025-08-14 14.12 34.60 
 DLO                       Dlocal Ltd 33.37               Financial Services 2025-08-13 11.69  2025-08-14 15.35 31.31 
FOSL                 Fossil Group Inc  0.97 Textiles, Apparel & Luxury Goods  2025-08-13 1.81   2025-08-14 2.35 29.83 
 ADN Advent Technologies Holdings Inc  0.08             Electrical Equipment  2025-08-13 2.86   2025-08-14 3.68 28.67 
LIVE                Live Ventures Inc  0.47                Consumer products 2025-08-13 15.18  2025-08-14 19.41 27.87 
SOPA                 Society Pass Inc  0.07                            Media  2025-08-13 1.27   2025-08-14 1.62 27.56 
MIMI           Mint Incorporation Ltd  1.58   Commercial Services & Supplies  2025-08-13 6.32   2025-08-14 7.97 26.11 
OPEN        Opendoor Technologies Inc 17.81                      Real Estate  2025-08-13 2.42   2025-08-14 3.04 25.62 
SORA        Top Win International Ltd  1.10                     Distributors  2025-08-13 4.41   2025-08-14 5.54 25.60 
CURR                CURRENC Group Inc  1.05               Financial Services  2025-08-13 1.38   2025-08-14 1.71 23.91 
RSLS         ReShape Lifesciences Inc  0.08                      Health Care   2025-08-13 3.2   2025-08-14 3.92 22.50 

=== 市值超过20亿的涨幅榜前20名股票 ===
股票代码             公司名称             市值(亿)          板块                昨天收盘              今天收盘       涨跌幅(%)
 DLO                  Dlocal Ltd   33.37 Financial Services  2025-08-13 11.69  2025-08-14 15.35 31.31 
 EQX           Equinox Gold Corp   51.54    Metals & Mining   2025-08-13 6.79   2025-08-14 7.82 15.17 
CLBT           Cellebrite DI Ltd   33.50         Technology  2025-08-13 13.99  2025-08-14 15.29  9.29 
LFST LifeStance Health Group Inc   20.11        Health Care   2025-08-13 5.17   2025-08-14 5.58  7.93 
IREN                    IREN Ltd   42.72         Technology  2025-08-13 17.73  2025-08-14 19.08  7.61 
INTC                  Intel Corp  972.57     Semiconductors  2025-08-13 22.22  2025-08-14 23.86  7.38 
RIOT          Riot Platforms Inc   42.84         Technology  2025-08-13 11.59  2025-08-14 12.25  5.69 
CYTK            Cytokinetics Inc   44.13      Biotechnology  2025-08-13 36.88  2025-08-14 38.72  4.99 
SIRI      Sirius XM Holdings Inc   75.46              Media  2025-08-13 22.41  2025-08-14 23.49  4.82 
RGTI       Rigetti Computing Inc   55.64     Semiconductors  2025-08-13 17.24  2025-08-14 17.98  4.29 
INSM                  Insmed Inc  259.72      Biotechnology 2025-08-13 122.87 2025-08-14 127.75  3.97 
APLS Apellis Pharmaceuticals Inc   33.57      Biotechnology  2025-08-13 26.58  2025-08-14 27.62  3.91 
SITM                 SiTime Corp   56.75     Semiconductors 2025-08-13 218.24 2025-08-14 226.74  3.89 
RDDT                  Reddit Inc  439.39              Media 2025-08-13 234.77 2025-08-14 243.47  3.71 
AKRO      Akero Therapeutics Inc   38.64      Biotechnology  2025-08-13 48.31  2025-08-14 50.09  3.68 
 LLY            Eli Lilly and Co 6251.25    Pharmaceuticals 2025-08-13 660.49 2025-08-14 684.43  3.62 
LQDA               Liquidia Corp   21.54    Pharmaceuticals   2025-08-13 25.2  2025-08-14 26.09  3.53 
 TPL     Texas Pacific Land Corp  202.84             Energy 2025-08-13 882.39 2025-08-14 912.55  3.42 
MGNI                 Magnite Inc   32.52              Media  2025-08-13 22.84  2025-08-14 23.59  3.28 
NNNN         Anbio Biotechnology   69.87      Biotechnology  2025-08-13 48.56  2025-08-14 50.14  3.25 

=== 市值超过50亿的涨幅榜前20名股票 ===
股票代码             公司名称             市值(亿)                 板块                      昨天收盘              今天收盘       涨跌幅(%)
 EQX           Equinox Gold Corp    51.54                Metals & Mining   2025-08-13 6.79   2025-08-14 7.82 15.17 
INTC                  Intel Corp   972.57                 Semiconductors  2025-08-13 22.22  2025-08-14 23.86  7.38 
SIRI      Sirius XM Holdings Inc    75.46                          Media  2025-08-13 22.41  2025-08-14 23.49  4.82 
RGTI       Rigetti Computing Inc    55.64                 Semiconductors  2025-08-13 17.24  2025-08-14 17.98  4.29 
INSM                  Insmed Inc   259.72                  Biotechnology 2025-08-13 122.87 2025-08-14 127.75  3.97 
SITM                 SiTime Corp    56.75                 Semiconductors 2025-08-13 218.24 2025-08-14 226.74  3.89 
RDDT                  Reddit Inc   439.39                          Media 2025-08-13 234.77 2025-08-14 243.47  3.71 
 LLY            Eli Lilly and Co  6251.25                Pharmaceuticals 2025-08-13 660.49 2025-08-14 684.43  3.62 
 TPL     Texas Pacific Land Corp   202.84                         Energy 2025-08-13 882.39 2025-08-14 912.55  3.42 
NNNN         Anbio Biotechnology    69.87                  Biotechnology  2025-08-13 48.56  2025-08-14 50.14  3.25 
CFLT               Confluent Inc    59.61                     Technology  2025-08-13 17.29  2025-08-14 17.85  3.24 
  GH         Guardant Health Inc    73.04                    Health Care  2025-08-13 58.57  2025-08-14 60.36  3.06 
BULL                 Webull Corp    72.78             Financial Services  2025-08-13 15.02  2025-08-14 15.45  2.90 
AMZN              Amazon.com Inc 23949.13                         Retail 2025-08-13 224.56 2025-08-14 230.98  2.86 
 TEM               Tempus AI Inc   120.97 Life Sciences Tools & Services  2025-08-13 69.63  2025-08-14 71.59  2.81 
VTRS                 Viatris Inc   110.21                Pharmaceuticals  2025-08-13 10.41  2025-08-14 10.69  2.69 
CRSP      CRISPR Therapeutics AG    52.14                  Biotechnology  2025-08-13 57.33  2025-08-14 58.82  2.60 
ALNY Alnylam Pharmaceuticals Inc   566.94                  Biotechnology 2025-08-13 432.52 2025-08-14 442.73  2.36 
  BE           Bloom Energy Corp   103.15           Electrical Equipment  2025-08-13 44.08  2025-08-14 45.11  2.34 
PODD                Insulet Corp   217.29                    Health Care 2025-08-13 308.68 2025-08-14 315.78  2.30 

=== 市值超过100亿的涨幅榜前20名股票 ===
股票代码              公司名称              市值(亿)                 板块                      昨天收盘               今天收盘        涨跌幅(%)
INTC                    Intel Corp   972.57                 Semiconductors   2025-08-13 22.22   2025-08-14 23.86  7.38 
INSM                    Insmed Inc   259.72                  Biotechnology  2025-08-13 122.87  2025-08-14 127.75  3.97 
RDDT                    Reddit Inc   439.39                          Media  2025-08-13 234.77  2025-08-14 243.47  3.71 
 LLY              Eli Lilly and Co  6251.25                Pharmaceuticals  2025-08-13 660.49  2025-08-14 684.43  3.62 
 TPL       Texas Pacific Land Corp   202.84                         Energy  2025-08-13 882.39  2025-08-14 912.55  3.42 
AMZN                Amazon.com Inc 23949.13                         Retail  2025-08-13 224.56  2025-08-14 230.98  2.86 
 TEM                 Tempus AI Inc   120.97 Life Sciences Tools & Services   2025-08-13 69.63   2025-08-14 71.59  2.81 
VTRS                   Viatris Inc   110.21                Pharmaceuticals   2025-08-13 10.41   2025-08-14 10.69  2.69 
ALNY   Alnylam Pharmaceuticals Inc   566.94                  Biotechnology  2025-08-13 432.52  2025-08-14 442.73  2.36 
  BE             Bloom Energy Corp   103.15           Electrical Equipment   2025-08-13 44.08   2025-08-14 45.11  2.34 
PODD                  Insulet Corp   217.29                    Health Care  2025-08-13 308.68  2025-08-14 315.78  2.30 
NFLX                   Netflix Inc  5117.98                          Media 2025-08-13 1204.44 2025-08-14 1230.56  2.17 
NTRS           Northern Trust Corp   240.90             Financial Services  2025-08-13 125.97  2025-08-14 128.49  2.00 
HOOD         Robinhood Markets Inc   965.28             Financial Services  2025-08-13 108.62  2025-08-14 110.71  1.92 
 COF    Capital One Financial Corp  1387.56             Financial Services  2025-08-13 216.97  2025-08-14 221.08  1.89 
 STT             State Street Corp   316.32             Financial Services   2025-08-13 111.5   2025-08-14 113.6  1.88 
 LYV Live Nation Entertainment Inc   368.50                          Media  2025-08-13 158.87   2025-08-14 161.6  1.72 
ACGL        Arch Capital Group Ltd   335.71                      Insurance   2025-08-13 89.95   2025-08-14 91.46  1.68 
 FTI                TechnipFMC PLC   143.94                         Energy   2025-08-13 35.02    2025-08-14 35.6  1.66 
 MCK                 Mckesson Corp   824.88                    Health Care  2025-08-13 663.17  2025-08-14 673.82  1.61 

=== 市值超过200亿的涨幅榜前20名股票 ===
股票代码              公司名称              市值(亿)           板块                昨天收盘               今天收盘        涨跌幅(%)
INTC                    Intel Corp   972.57     Semiconductors   2025-08-13 22.22   2025-08-14 23.86  7.38 
INSM                    Insmed Inc   259.72      Biotechnology  2025-08-13 122.87  2025-08-14 127.75  3.97 
RDDT                    Reddit Inc   439.39              Media  2025-08-13 234.77  2025-08-14 243.47  3.71 
 LLY              Eli Lilly and Co  6251.25    Pharmaceuticals  2025-08-13 660.49  2025-08-14 684.43  3.62 
 TPL       Texas Pacific Land Corp   202.84             Energy  2025-08-13 882.39  2025-08-14 912.55  3.42 
AMZN                Amazon.com Inc 23949.13             Retail  2025-08-13 224.56  2025-08-14 230.98  2.86 
ALNY   Alnylam Pharmaceuticals Inc   566.94      Biotechnology  2025-08-13 432.52  2025-08-14 442.73  2.36 
PODD                  Insulet Corp   217.29        Health Care  2025-08-13 308.68  2025-08-14 315.78  2.30 
NFLX                   Netflix Inc  5117.98              Media 2025-08-13 1204.44 2025-08-14 1230.56  2.17 
NTRS           Northern Trust Corp   240.90 Financial Services  2025-08-13 125.97  2025-08-14 128.49  2.00 
HOOD         Robinhood Markets Inc   965.28 Financial Services  2025-08-13 108.62  2025-08-14 110.71  1.92 
 COF    Capital One Financial Corp  1387.56 Financial Services  2025-08-13 216.97  2025-08-14 221.08  1.89 
 STT             State Street Corp   316.32 Financial Services   2025-08-13 111.5   2025-08-14 113.6  1.88 
 LYV Live Nation Entertainment Inc   368.50              Media  2025-08-13 158.87   2025-08-14 161.6  1.72 
ACGL        Arch Capital Group Ltd   335.71          Insurance   2025-08-13 89.95   2025-08-14 91.46  1.68 
 MCK                 Mckesson Corp   824.88        Health Care  2025-08-13 663.17  2025-08-14 673.82  1.61 
 BSX        Boston Scientific Corp  1518.80        Health Care   2025-08-13 102.5  2025-08-14 104.15  1.61 
ABBV                    AbbVie Inc  3559.08      Biotechnology  2025-08-13 201.47  2025-08-14 204.68  1.59 
PINS                 Pinterest Inc   243.28              Media   2025-08-13 35.78   2025-08-14 36.35  1.59 
  GM             General Motors Co   529.16        Automobiles   2025-08-13 55.58   2025-08-14 56.42  1.51 

=== 市值超过1000亿的涨跌榜前20名股票 ===
 股票代码                 公司名称                 市值(亿)                  板块                       昨天收盘               今天收盘        涨跌幅(%)
  LLY                    Eli Lilly and Co  6251.25                  Pharmaceuticals  2025-08-13 660.49  2025-08-14 684.43  3.62 
 AMZN                      Amazon.com Inc 23949.13                           Retail  2025-08-13 224.56  2025-08-14 230.98  2.86 
 NFLX                         Netflix Inc  5117.98                            Media 2025-08-13 1204.44 2025-08-14 1230.56  2.17 
  COF          Capital One Financial Corp  1387.56               Financial Services  2025-08-13 216.97  2025-08-14 221.08  1.89 
  BSX              Boston Scientific Corp  1518.80                      Health Care   2025-08-13 102.5  2025-08-14 104.15  1.61 
 ABBV                          AbbVie Inc  3559.08                    Biotechnology  2025-08-13 201.47  2025-08-14 204.68  1.59 
  MCD                     McDonald's Corp  2176.99    Hotels, Restaurants & Leisure  2025-08-13 305.07  2025-08-14 308.95  1.27 
  JPM                 JPMorgan Chase & Co  7988.86                          Banking  2025-08-13 290.53  2025-08-14 294.16  1.25 
    T                            AT&T Inc  2030.71                Telecommunication    2025-08-13 28.4   2025-08-14 28.75  1.23 
   MA                      Mastercard Inc  5224.28               Financial Services   2025-08-13 577.9  2025-08-14 583.76  1.01 
  BAC                Bank of America Corp  3498.67                          Banking   2025-08-13 47.24   2025-08-14 47.71  0.99 
 QCOM                        Qualcomm Inc  1689.61                   Semiconductors  2025-08-13 156.59  2025-08-14 158.09  0.96 
  CAT                     Caterpillar Inc  1938.10                        Machinery   2025-08-13 413.7   2025-08-14 417.5  0.92 
EADSF                           Airbus SE  1431.51              Aerospace & Defense  2025-08-13 212.04   2025-08-14 214.0  0.92 
LVMHF LVMH Moet Hennessy Louis Vuitton SE  2283.67 Textiles, Apparel & Luxury Goods   2025-08-13 548.0   2025-08-14 553.0  0.91 
    V                            Visa Inc  6599.57               Financial Services  2025-08-13 342.55  2025-08-14 345.49  0.86 
    C                       Citigroup Inc  1742.41                          Banking   2025-08-13 94.65   2025-08-14 95.46  0.86 
  APH                       Amphenol Corp  1340.94             Electrical Equipment  2025-08-13 109.83  2025-08-14 110.74  0.83 
   MU               Micron Technology Inc  1390.74                   Semiconductors  2025-08-13 124.27  2025-08-14 125.29  0.82 
  PGR                    Progressive Corp  1460.77                        Insurance  2025-08-13 249.19  2025-08-14 250.95  0.71 
