
=== 涨幅榜前20名股票 ===
 股票代码               公司名称              市值(亿)                板块                    昨天收盘             今天收盘      涨跌幅(%)
 MNDR Mobile-health Network Solutions   0.11                   Health Care  2025-02-19 0.33 2025-02-20 0.94 185.71
  XOS                         Xos Inc   0.25                     Machinery  2025-02-19 3.13 2025-02-20 6.25  99.68
 HGAS                 Global Gas Corp   0.02                     Chemicals  2025-02-19 0.16 2025-02-20 0.29  81.25
 BPTH           Bio Path Holdings Inc   0.01                 Biotechnology  2025-02-19 0.13  2025-02-20 0.2  53.85
 SOAR                Volato Group Inc   0.09                      Airlines  2025-02-19 0.13  2025-02-20 0.2  49.25
 STSS           Sharps Technology Inc   0.06                   Health Care  2025-02-19 0.36 2025-02-20 0.52  44.57
 YSXT                 YSX Tech Co Ltd   0.81 Diversified Consumer Services  2025-02-19 2.45  2025-02-20 3.5  42.86
  HLF                   Herbalife Ltd   8.08             Consumer products  2025-02-19 5.62 2025-02-20 8.02  42.70
  AGH    Aureus Greenway Holdings Inc   0.54                           N/A  2025-02-19 3.86 2025-02-20 5.47  41.71
 FGEN                    FibroGen Inc   0.78                 Biotechnology  2025-02-19 0.56 2025-02-20 0.77  37.37
ALLGF                       Allego NV   0.95                        Retail  2025-02-19 0.26 2025-02-20 0.35  34.62
BRSHF            Bruush Oral Care Inc   0.00             Consumer products   2025-02-19 0.0  2025-02-20 0.0  33.33
 LUNG                    Pulmonx Corp   3.47                   Health Care  2025-02-19 6.64 2025-02-20 8.78  32.23
BLBLF                    Bilibili Inc  86.30                         Media 2025-02-19 16.67 2025-02-20 22.0  31.97
 REBN               Reborn Coffee Inc   0.24                        Retail  2025-02-19 5.59 2025-02-20 7.32  30.95
    U              Unity Software Inc 112.80                    Technology 2025-02-19 21.47 2025-02-20 28.0  30.41
 EGRX       Eagle Pharmaceuticals Inc   0.19                 Biotechnology  2025-02-19 1.17  2025-02-20 1.5  28.21
 APTO          Aptose Biosciences Inc   0.11                 Biotechnology  2025-02-19 0.15 2025-02-20 0.19  26.67
 ORGN            Origin Materials Inc   1.52                     Chemicals  2025-02-19 0.83 2025-02-20 1.04  24.70
 SABR                      Sabre Corp  16.01 Hotels, Restaurants & Leisure  2025-02-19 3.39 2025-02-20 4.15  22.42

=== 市值超过20亿的涨幅榜前20名股票 ===
 股票代码              公司名称               市值(亿)                 板块                       昨天收盘              今天收盘       涨跌幅(%)
BLBLF                   Bilibili Inc   86.30                            Media  2025-02-19 16.67   2025-02-20 22.0 31.97 
    U             Unity Software Inc  112.80                       Technology  2025-02-19 21.47   2025-02-20 28.0 30.41 
SFFYF                     Signify NV   26.29             Electrical Equipment   2025-02-19 20.3   2025-02-20 23.7 16.75 
SBFFF                SBM Offshore NV   31.59                           Energy  2025-02-19 17.74  2025-02-20 20.55 15.84 
 FTAI              FTAI Aviation Ltd  147.49 Trading Companies & Distributors 2025-02-19 125.75 2025-02-20 143.82 14.37 
 DBRG        DigitalBridge Group Inc   20.03               Financial Services  2025-02-19 10.75  2025-02-20 12.24 13.86 
 QBTS             D-Wave Quantum Inc   22.93                       Technology   2025-02-19 6.54   2025-02-20 7.39 13.00 
  HAS                     Hasbro Inc   96.34                 Leisure Products  2025-02-19 61.14  2025-02-20 69.06 12.95 
 SHAK                Shake Shack Inc   52.51    Hotels, Restaurants & Leisure 2025-02-19 111.23 2025-02-20 123.61 11.13 
 CYTK               Cytokinetics Inc   60.33                    Biotechnology   2025-02-19 46.4  2025-02-20 51.12 10.17 
  BAX       Baxter International Inc  170.74                      Health Care  2025-02-19 30.82  2025-02-20 33.44  8.50 
 RGEN                  Repligen Corp   91.14   Life Sciences Tools & Services 2025-02-19 150.73 2025-02-20 162.67  7.92 
 SMMT        Summit Therapeutics Inc  170.06                    Biotechnology   2025-02-19 21.6  2025-02-20 23.06  6.76 
BABAF      Alibaba Group Holding Ltd 3031.82                           Retail  2025-02-19 16.16  2025-02-20 17.15  6.11 
GZPZF   Gaztransport et Technigaz SA   49.93                           Energy  2025-02-19 139.0 2025-02-20 147.38  6.03 
  LKQ                       LKQ Corp  108.53                     Distributors   2025-02-19 39.4  2025-02-20 41.75  5.96 
PROSF                      Prosus NV 1029.89                           Retail  2025-02-19 44.68  2025-02-20 47.29  5.84 
  MOD        Modine Manufacturing Co   49.47                  Auto Components  2025-02-19 88.92  2025-02-20 94.09  5.81 
BESVF BE Semiconductor Industries NV   93.80                   Semiconductors 2025-02-19 116.52 2025-02-20 123.15  5.69 
 MRUS                       Merus NV   32.61                    Biotechnology  2025-02-19 45.07  2025-02-20 47.63  5.68 

=== 市值超过50亿的涨幅榜前20名股票 ===
 股票代码              公司名称               市值(亿)                 板块                       昨天收盘              今天收盘       涨跌幅(%)
BLBLF                   Bilibili Inc   86.30                            Media  2025-02-19 16.67   2025-02-20 22.0 31.97 
    U             Unity Software Inc  112.80                       Technology  2025-02-19 21.47   2025-02-20 28.0 30.41 
 FTAI              FTAI Aviation Ltd  147.49 Trading Companies & Distributors 2025-02-19 125.75 2025-02-20 143.82 14.37 
  HAS                     Hasbro Inc   96.34                 Leisure Products  2025-02-19 61.14  2025-02-20 69.06 12.95 
 SHAK                Shake Shack Inc   52.51    Hotels, Restaurants & Leisure 2025-02-19 111.23 2025-02-20 123.61 11.13 
 CYTK               Cytokinetics Inc   60.33                    Biotechnology   2025-02-19 46.4  2025-02-20 51.12 10.17 
  BAX       Baxter International Inc  170.74                      Health Care  2025-02-19 30.82  2025-02-20 33.44  8.50 
 RGEN                  Repligen Corp   91.14   Life Sciences Tools & Services 2025-02-19 150.73 2025-02-20 162.67  7.92 
 SMMT        Summit Therapeutics Inc  170.06                    Biotechnology   2025-02-19 21.6  2025-02-20 23.06  6.76 
BABAF      Alibaba Group Holding Ltd 3031.82                           Retail  2025-02-19 16.16  2025-02-20 17.15  6.11 
  LKQ                       LKQ Corp  108.53                     Distributors   2025-02-19 39.4  2025-02-20 41.75  5.96 
PROSF                      Prosus NV 1029.89                           Retail  2025-02-19 44.68  2025-02-20 47.29  5.84 
BESVF BE Semiconductor Industries NV   93.80                   Semiconductors 2025-02-19 116.52 2025-02-20 123.15  5.69 
  DRS               Leonardo DRS Inc   82.49              Aerospace & Defense  2025-02-19 29.54   2025-02-20 31.2  5.62 
 ICLR                       ICON PLC  166.64   Life Sciences Tools & Services 2025-02-19 191.32 2025-02-20 201.84  5.50 
NNGPF                    NN Group NV  117.64                        Insurance  2025-02-19 47.19  2025-02-20 49.65  5.21 
STMEF          STMicroelectronics NV  223.75                   Semiconductors  2025-02-19 26.48  2025-02-20 27.77  4.87 
 BMRN    BioMarin Pharmaceutical Inc  130.99                    Biotechnology  2025-02-19 65.61  2025-02-20 68.73  4.76 
  SJM                 J M Smucker Co  114.18                    Food Products 2025-02-19 103.02  2025-02-20 107.3  4.15 
  GME                  GameStop Corp  120.81                           Retail   2025-02-19 26.0  2025-02-20 27.04  4.00 

=== 市值超过100亿的涨幅榜前20名股票 ===
 股票代码             公司名称             市值(亿)                 板块                       昨天收盘              今天收盘       涨跌幅(%)
    U          Unity Software Inc  112.80                       Technology  2025-02-19 21.47   2025-02-20 28.0 30.41 
 FTAI           FTAI Aviation Ltd  147.49 Trading Companies & Distributors 2025-02-19 125.75 2025-02-20 143.82 14.37 
  BAX    Baxter International Inc  170.74                      Health Care  2025-02-19 30.82  2025-02-20 33.44  8.50 
 SMMT     Summit Therapeutics Inc  170.06                    Biotechnology   2025-02-19 21.6  2025-02-20 23.06  6.76 
BABAF   Alibaba Group Holding Ltd 3031.82                           Retail  2025-02-19 16.16  2025-02-20 17.15  6.11 
  LKQ                    LKQ Corp  108.53                     Distributors   2025-02-19 39.4  2025-02-20 41.75  5.96 
PROSF                   Prosus NV 1029.89                           Retail  2025-02-19 44.68  2025-02-20 47.29  5.84 
 ICLR                    ICON PLC  166.64   Life Sciences Tools & Services 2025-02-19 191.32 2025-02-20 201.84  5.50 
NNGPF                 NN Group NV  117.64                        Insurance  2025-02-19 47.19  2025-02-20 49.65  5.21 
STMEF       STMicroelectronics NV  223.75                   Semiconductors  2025-02-19 26.48  2025-02-20 27.77  4.87 
 BMRN BioMarin Pharmaceutical Inc  130.99                    Biotechnology  2025-02-19 65.61  2025-02-20 68.73  4.76 
  SJM              J M Smucker Co  114.18                    Food Products 2025-02-19 103.02  2025-02-20 107.3  4.15 
  GME               GameStop Corp  120.81                           Retail   2025-02-19 26.0  2025-02-20 27.04  4.00 
  TXN       Texas Instruments Inc 1856.72                   Semiconductors 2025-02-19 196.32 2025-02-20 203.96  3.89 
  LNG         Cheniere Energy Inc  509.13                           Energy 2025-02-19 218.81 2025-02-20 226.92  3.71 
 NBIS             Nebius Group NV  108.90                            Media  2025-02-19 44.83  2025-02-20 46.25  3.17 
   AU       Anglogold Ashanti PLC  156.34                  Metals & Mining  2025-02-19 31.05  2025-02-20 32.02  3.12 
   RS                Reliance Inc  163.80                  Metals & Mining 2025-02-19 293.62 2025-02-20 302.66  3.08 
 BALL                   Ball Corp  150.56                        Packaging  2025-02-19 49.04  2025-02-20 50.45  2.88 
   VG          Venture Global Inc  400.19                           Energy  2025-02-19 16.11  2025-02-20 16.54  2.67 

=== 市值超过200亿的涨幅榜前20名股票 ===
 股票代码              公司名称              市值(亿)                板块                     昨天收盘               今天收盘        涨跌幅(%)
BABAF     Alibaba Group Holding Ltd 3031.82                        Retail   2025-02-19 16.16   2025-02-20 17.15  6.11 
PROSF                     Prosus NV 1029.89                        Retail   2025-02-19 44.68   2025-02-20 47.29  5.84 
STMEF         STMicroelectronics NV  223.75                Semiconductors   2025-02-19 26.48   2025-02-20 27.77  4.87 
  TXN         Texas Instruments Inc 1856.72                Semiconductors  2025-02-19 196.32  2025-02-20 203.96  3.89 
  LNG           Cheniere Energy Inc  509.13                        Energy  2025-02-19 218.81  2025-02-20 226.92  3.71 
   VG            Venture Global Inc  400.19                        Energy   2025-02-19 16.11   2025-02-20 16.54  2.67 
  TSN               Tyson Foods Inc  206.41                 Food Products    2025-02-19 57.6   2025-02-20 59.11  2.62 
  DVN             Devon Energy Corp  253.23                        Energy   2025-02-19 37.57   2025-02-20 38.55  2.61 
  COP                Conocophillips 1297.83                        Energy   2025-02-19 99.57   2025-02-20 102.0  2.44 
  MRK                Merck & Co Inc 2217.98               Pharmaceuticals    2025-02-19 85.6   2025-02-20 87.68  2.43 
  PEP                   PepsiCo Inc 2044.91                     Beverages  2025-02-19 145.81   2025-02-20 149.1  2.26 
 PINS                 Pinterest Inc  268.31                         Media   2025-02-19 38.69   2025-02-20 39.56  2.25 
 GILD           Gilead Sciences Inc 1371.27                 Biotechnology  2025-02-19 107.65  2025-02-20 110.03  2.21 
AHODF Koninklijke Ahold Delhaize NV  302.62                        Retail    2025-02-19 35.5   2025-02-20 36.28  2.20 
  HUM                    Humana Inc  326.68                   Health Care  2025-02-19 265.52   2025-02-20 271.3  2.18 
  OXY     Occidental Petroleum Corp  488.87                        Energy   2025-02-19 50.99   2025-02-20 52.09  2.16 
  LVS          Las Vegas Sands Corp  321.96 Hotels, Restaurants & Leisure   2025-02-19 44.04   2025-02-20 44.97  2.11 
  GIS             General Mills Inc  326.27                 Food Products   2025-02-19 57.99   2025-02-20 59.19  2.07 
  TPL       Texas Pacific Land Corp  328.77                        Energy 2025-02-19 1404.87 2025-02-20 1431.01  1.86 
   MO              Altria Group Inc  920.79                       Tobacco   2025-02-19 53.34   2025-02-20 54.33  1.86 

=== 市值超过1000亿的涨跌榜前20名股票 ===
 股票代码             公司名称              市值(亿)                板块                      昨天收盘               今天收盘        涨跌幅(%)
BABAF    Alibaba Group Holding Ltd 3031.82                         Retail   2025-02-19 16.16   2025-02-20 17.15  6.11 
PROSF                    Prosus NV 1029.89                         Retail   2025-02-19 44.68   2025-02-20 47.29  5.84 
  TXN        Texas Instruments Inc 1856.72                 Semiconductors  2025-02-19 196.32  2025-02-20 203.96  3.89 
  COP               Conocophillips 1297.83                         Energy   2025-02-19 99.57   2025-02-20 102.0  2.44 
  MRK               Merck & Co Inc 2217.98                Pharmaceuticals    2025-02-19 85.6   2025-02-20 87.68  2.43 
  PEP                  PepsiCo Inc 2044.91                      Beverages  2025-02-19 145.81   2025-02-20 149.1  2.26 
 GILD          Gilead Sciences Inc 1371.27                  Biotechnology  2025-02-19 107.65  2025-02-20 110.03  2.21 
 VRTX   Vertex Pharmaceuticals Inc 1233.44                  Biotechnology  2025-02-19 471.76  2025-02-20 480.33  1.82 
 ABBV                   AbbVie Inc 3546.24                  Biotechnology  2025-02-19 197.35  2025-02-20 200.88  1.79 
 MELI             MercadoLibre Inc 1069.95                         Retail 2025-02-19 2075.79 2025-02-20 2110.47  1.67 
TTFNF             TotalEnergies SE 1263.98                         Energy   2025-02-19 60.87   2025-02-20 61.87  1.64 
  NEE           Nextera Energy Inc 1442.80                      Utilities   2025-02-19 69.06   2025-02-20 70.14  1.56 
 LRCX            Lam Research Corp 1142.72                 Semiconductors   2025-02-19 87.66   2025-02-20 89.02  1.55 
  XOM             Exxon Mobil Corp 4922.51                         Energy   2025-02-19 110.3   2025-02-20 112.0  1.54 
  BMY      Bristol-Myers Squibb Co 1132.15                Pharmaceuticals   2025-02-19 54.98   2025-02-20 55.79  1.47 
  DHR                 Danaher Corp 1501.97 Life Sciences Tools & Services  2025-02-19 204.98  2025-02-20 207.95  1.45 
 INTC                   Intel Corp 1129.70                 Semiconductors   2025-02-19 25.72   2025-02-20 26.09  1.44 
 AMAT        Applied Materials Inc 1430.43                 Semiconductors  2025-02-19 173.66  2025-02-20 176.01  1.35 
  TMO Thermo Fisher Scientific Inc 2057.20 Life Sciences Tools & Services  2025-02-19 530.86  2025-02-20 537.83  1.31 
 AMGN                    Amgen Inc 1600.49                  Biotechnology  2025-02-19 294.27  2025-02-20 297.93  1.24 
