
=== 涨幅榜前20名股票 ===
股票代码                  公司名称                 市值(亿)               板块                    昨天收盘            今天收盘       涨跌幅(%)
CRVO                          CervoMed Inc  0.19                 Biotechnology 2025-03-11 2.36  2025-03-12 6.17 161.44
ZENA                          ZenaTech Inc  0.72                    Technology 2025-03-11 2.81  2025-03-12 4.57  62.63
OPRX                       OptimizeRx Corp  1.06                   Health Care 2025-03-11 4.14  2025-03-12 6.28  51.69
 SSP                        E W Scripps Co  1.62                         Media 2025-03-11 1.43  2025-03-12 2.05  43.36
GRPN                           Groupon Inc  5.41                        Retail 2025-03-11 9.77 2025-03-12 13.98  43.09
SNCR          Synchronoss Technologies Inc  1.04                    Technology 2025-03-11 7.13  2025-03-12 9.98  39.97
 STI               Solidion Technology Inc  0.21          Electrical Equipment 2025-03-11 0.13  2025-03-12 0.17  35.32
UBXG                   U-BX Technology Ltd  0.08                    Technology 2025-03-11 2.38  2025-03-12 3.12  31.08
 ECX                   Ecarx Holdings Inc.  9.88               Auto Components 2025-03-11 2.49  2025-03-12 3.25  30.52
HCTI               Healthcare Triangle Inc  0.03                   Health Care 2025-03-11 0.32  2025-03-12 0.42  28.92
MASS                      908 Devices Inc.  1.24          Electrical Equipment 2025-03-11 3.46  2025-03-12 4.46  28.90
 YHC                         LQR House Inc  0.42                         Media  2025-03-11 1.6  2025-03-12 2.02  26.25
YAAS                 Youxin Technology Ltd  0.67                    Technology 2025-03-11 1.87  2025-03-12 2.36  25.99
RZLV                        Rezolve AI Ltd  5.08                    Technology  2025-03-11 1.4  2025-03-12 1.77  25.98
SATL                        Satellogic Inc  3.54           Aerospace & Defense 2025-03-11 2.95  2025-03-12 3.65  23.73
AUMN                    Golden Minerals Co  0.02               Metals & Mining 2025-03-11 0.12  2025-03-12 0.15  22.50
PRPH                     Prophase Labs Inc  0.11               Pharmaceuticals 2025-03-11 0.37  2025-03-12 0.45  22.41
AMOD              Insight Acquisition Corp  0.18                           N/A 2025-03-11 1.35  2025-03-12 1.65  22.22
VSTE                   Vast Renewables Ltd  0.21          Electrical Equipment  2025-03-11 0.5  2025-03-12 0.61  21.72
 EJH E-Home Household Service Holdings Ltd  0.08 Diversified Consumer Services 2025-03-11 0.79  2025-03-12 0.96  21.52

=== 市值超过20亿的涨幅榜前20名股票 ===
股票代码                公司名称                 市值(亿)                板块                      昨天收盘              今天收盘       涨跌幅(%)
IONQ                           IONQ Inc   46.20                     Technology   2025-03-11 18.7  2025-03-12 21.82 16.68 
 CXM                       Sprinklr Inc   24.37                     Technology   2025-03-11 8.08   2025-03-12 9.42 16.58 
 TLN                  Talen Energy Corp   89.56                      Utilities 2025-03-11 176.56 2025-03-12 199.09 12.76 
NBIS                    Nebius Group NV   62.80                          Media  2025-03-11 25.45   2025-03-12 28.4 11.59 
VKTX            Viking Therapeutics Inc   32.69                  Biotechnology  2025-03-11 26.52  2025-03-12 29.55 11.43 
RGTI              Rigetti Computing Inc   23.90                 Semiconductors   2025-03-11 8.05   2025-03-12 8.95 11.18 
 RNA            Avidity Biosciences Inc   37.97                  Biotechnology  2025-03-11 29.58  2025-03-12 32.61 10.24 
ACHR                Archer Aviation Inc   38.95            Aerospace & Defense   2025-03-11 6.81   2025-03-12 7.48  9.84 
 GEO                      Geo Group Inc   33.14 Commercial Services & Supplies  2025-03-11 23.61  2025-03-12 25.92  9.78 
CRDO Credo Technology Group Holding Ltd   79.00                 Semiconductors  2025-03-11 43.36  2025-03-12 47.53  9.62 
 CLF               Cleveland-Cliffs Inc   47.94                Metals & Mining   2025-03-11 9.02   2025-03-12 9.79  8.54 
 RKT               Rocket Companies Inc  272.81             Financial Services  2025-03-11 13.18  2025-03-12 14.25  8.12 
AMTM               Amentum Holdings Inc   41.55          Professional Services  2025-03-11 17.04  2025-03-12 18.42  8.10 
TSLA                          Tesla Inc 7944.48                    Automobiles 2025-03-11 230.58 2025-03-12 248.09  7.59 
ONTO                Onto Innovation Inc   65.91                 Semiconductors 2025-03-11 124.57 2025-03-12 133.99  7.56 
  MU              Micron Technology Inc 1061.25                 Semiconductors  2025-03-11 89.05  2025-03-12 95.64  7.40 
PLTR          Palantir Technologies Inc 1943.13                     Technology  2025-03-11 78.05  2025-03-12 83.65  7.17 
HOOD              Robinhood Markets Inc  338.07             Financial Services  2025-03-11 36.36  2025-03-12 38.92  7.04 
SOUN                  SoundHound AI Inc   36.64                     Technology   2025-03-11 8.54   2025-03-12 9.13  6.91 
ADMA                 ADMA Biologics Inc   43.02                  Biotechnology  2025-03-11 17.35   2025-03-12 18.5  6.63 

=== 市值超过50亿的涨幅榜前20名股票 ===
股票代码                   公司名称                   市值(亿)            板块                昨天收盘              今天收盘       涨跌幅(%)
 TLN                       Talen Energy Corp    89.56           Utilities 2025-03-11 176.56 2025-03-12 199.09 12.76 
NBIS                         Nebius Group NV    62.80               Media  2025-03-11 25.45   2025-03-12 28.4 11.59 
CRDO      Credo Technology Group Holding Ltd    79.00      Semiconductors  2025-03-11 43.36  2025-03-12 47.53  9.62 
 RKT                    Rocket Companies Inc   272.81  Financial Services  2025-03-11 13.18  2025-03-12 14.25  8.12 
TSLA                               Tesla Inc  7944.48         Automobiles 2025-03-11 230.58 2025-03-12 248.09  7.59 
ONTO                     Onto Innovation Inc    65.91      Semiconductors 2025-03-11 124.57 2025-03-12 133.99  7.56 
  MU                   Micron Technology Inc  1061.25      Semiconductors  2025-03-11 89.05  2025-03-12 95.64  7.40 
PLTR               Palantir Technologies Inc  1943.13          Technology  2025-03-11 78.05  2025-03-12 83.65  7.17 
HOOD                   Robinhood Markets Inc   338.07  Financial Services  2025-03-11 36.36  2025-03-12 38.92  7.04 
 VST                             Vistra Corp   414.86           Utilities 2025-03-11 114.36 2025-03-12 121.92  6.61 
RDDT                              Reddit Inc   236.10               Media 2025-03-11 122.73 2025-03-12 130.68  6.48 
NVDA                             NVIDIA Corp 28101.48      Semiconductors 2025-03-11 108.76 2025-03-12 115.74  6.42 
NVMI                                Nova Ltd    63.51      Semiconductors 2025-03-11 211.64 2025-03-12 224.75  6.19 
CASY               Caseys General Stores Inc   148.85              Retail 2025-03-11 378.71 2025-03-12 402.07  6.17 
RBRK                              Rubrik Inc   107.09          Technology  2025-03-11 53.82  2025-03-12 57.11  6.11 
PINS                           Pinterest Inc   223.99               Media  2025-03-11 31.39  2025-03-12 33.28  6.02 
  VG                      Venture Global Inc   253.43              Energy   2025-03-11 9.67  2025-03-12 10.25  6.00 
MTSI MACOM Technology Solutions Holdings Inc    78.93      Semiconductors 2025-03-11 100.93 2025-03-12 106.97  5.98 
AXON                     Axon Enterprise Inc   421.21 Aerospace & Defense 2025-03-11 526.64 2025-03-12 557.89  5.93 
 IOT                             Samsara Inc   216.68          Technology   2025-03-11 35.9  2025-03-12 38.02  5.91 

=== 市值超过100亿的涨幅榜前20名股票 ===
股票代码            公司名称            市值(亿)                 板块                     昨天收盘              今天收盘       涨跌幅(%)
 RKT      Rocket Companies Inc   272.81            Financial Services  2025-03-11 13.18  2025-03-12 14.25  8.12 
TSLA                 Tesla Inc  7944.48                   Automobiles 2025-03-11 230.58 2025-03-12 248.09  7.59 
  MU     Micron Technology Inc  1061.25                Semiconductors  2025-03-11 89.05  2025-03-12 95.64  7.40 
PLTR Palantir Technologies Inc  1943.13                    Technology  2025-03-11 78.05  2025-03-12 83.65  7.17 
HOOD     Robinhood Markets Inc   338.07            Financial Services  2025-03-11 36.36  2025-03-12 38.92  7.04 
 VST               Vistra Corp   414.86                     Utilities 2025-03-11 114.36 2025-03-12 121.92  6.61 
RDDT                Reddit Inc   236.10                         Media 2025-03-11 122.73 2025-03-12 130.68  6.48 
NVDA               NVIDIA Corp 28101.48                Semiconductors 2025-03-11 108.76 2025-03-12 115.74  6.42 
CASY Caseys General Stores Inc   148.85                        Retail 2025-03-11 378.71 2025-03-12 402.07  6.17 
RBRK                Rubrik Inc   107.09                    Technology  2025-03-11 53.82  2025-03-12 57.11  6.11 
PINS             Pinterest Inc   223.99                         Media  2025-03-11 31.39  2025-03-12 33.28  6.02 
  VG        Venture Global Inc   253.43                        Energy   2025-03-11 9.67  2025-03-12 10.25  6.00 
AXON       Axon Enterprise Inc   421.21           Aerospace & Defense 2025-03-11 526.64 2025-03-12 557.89  5.93 
 IOT               Samsara Inc   216.68                    Technology   2025-03-11 35.9  2025-03-12 38.02  5.91 
SOFI     SoFi Technologies Inc   128.72            Financial Services  2025-03-11 11.26  2025-03-12 11.92  5.86 
DUOL              Duolingo Inc   128.88 Diversified Consumer Services 2025-03-11 274.91 2025-03-12 291.02  5.86 
 APP             Applovin Corp   920.95                    Technology 2025-03-11 257.76 2025-03-12 272.59  5.75 
SPOT     Spotify Technology SA  1065.78                         Media 2025-03-11 508.44 2025-03-12 535.84  5.39 
 GEV            Ge Vernova Inc   827.72          Electrical Equipment 2025-03-11 284.21 2025-03-12 298.68  5.09 
ORCL               Oracle Corp  4172.22                    Technology 2025-03-11 144.18 2025-03-12 150.89  4.65 

=== 市值超过200亿的涨幅榜前20名股票 ===
股票代码            公司名称             市值(亿)            板块                 昨天收盘              今天收盘       涨跌幅(%)
 RKT       Rocket Companies Inc   272.81   Financial Services  2025-03-11 13.18  2025-03-12 14.25  8.12 
TSLA                  Tesla Inc  7944.48          Automobiles 2025-03-11 230.58 2025-03-12 248.09  7.59 
  MU      Micron Technology Inc  1061.25       Semiconductors  2025-03-11 89.05  2025-03-12 95.64  7.40 
PLTR  Palantir Technologies Inc  1943.13           Technology  2025-03-11 78.05  2025-03-12 83.65  7.17 
HOOD      Robinhood Markets Inc   338.07   Financial Services  2025-03-11 36.36  2025-03-12 38.92  7.04 
 VST                Vistra Corp   414.86            Utilities 2025-03-11 114.36 2025-03-12 121.92  6.61 
RDDT                 Reddit Inc   236.10                Media 2025-03-11 122.73 2025-03-12 130.68  6.48 
NVDA                NVIDIA Corp 28101.48       Semiconductors 2025-03-11 108.76 2025-03-12 115.74  6.42 
PINS              Pinterest Inc   223.99                Media  2025-03-11 31.39  2025-03-12 33.28  6.02 
  VG         Venture Global Inc   253.43               Energy   2025-03-11 9.67  2025-03-12 10.25  6.00 
AXON        Axon Enterprise Inc   421.21  Aerospace & Defense 2025-03-11 526.64 2025-03-12 557.89  5.93 
 IOT                Samsara Inc   216.68           Technology   2025-03-11 35.9  2025-03-12 38.02  5.91 
 APP              Applovin Corp   920.95           Technology 2025-03-11 257.76 2025-03-12 272.59  5.75 
SPOT      Spotify Technology SA  1065.78                Media 2025-03-11 508.44 2025-03-12 535.84  5.39 
 GEV             Ge Vernova Inc   827.72 Electrical Equipment 2025-03-11 284.21 2025-03-12 298.68  5.09 
ORCL                Oracle Corp  4172.22           Technology 2025-03-11 144.18 2025-03-12 150.89  4.65 
INTC                 Intel Corp   887.36       Semiconductors  2025-03-11 19.78  2025-03-12 20.68  4.55 
LRCX          Lam Research Corp   975.58       Semiconductors  2025-03-11 73.36  2025-03-12 76.59  4.40 
 AMD Advanced Micro Devices Inc  1617.08       Semiconductors  2025-03-11 96.76 2025-03-12 100.79  4.16 
CVNA                 Carvana Co   383.65               Retail 2025-03-11 172.22 2025-03-12 179.29  4.11 

=== 市值超过1000亿的涨跌榜前20名股票 ===
 股票代码            公司名称             市值(亿)            板块                 昨天收盘              今天收盘       涨跌幅(%)
 TSLA                  Tesla Inc  7944.48          Automobiles 2025-03-11 230.58 2025-03-12 248.09  7.59 
   MU      Micron Technology Inc  1061.25       Semiconductors  2025-03-11 89.05  2025-03-12 95.64  7.40 
 PLTR  Palantir Technologies Inc  1943.13           Technology  2025-03-11 78.05  2025-03-12 83.65  7.17 
 NVDA                NVIDIA Corp 28101.48       Semiconductors 2025-03-11 108.76 2025-03-12 115.74  6.42 
 SPOT      Spotify Technology SA  1065.78                Media 2025-03-11 508.44 2025-03-12 535.84  5.39 
 ORCL                Oracle Corp  4172.22           Technology 2025-03-11 144.18 2025-03-12 150.89  4.65 
  AMD Advanced Micro Devices Inc  1617.08       Semiconductors  2025-03-11 96.76 2025-03-12 100.79  4.16 
 SHOP                Shopify Inc  1255.59           Technology  2025-03-11 92.95  2025-03-12 96.53  3.85 
  ETN      Eaton Corporation PLC  1144.64 Electrical Equipment 2025-03-11 282.31 2025-03-12 292.04  3.45 
   BA                  Boeing Co  1175.41  Aerospace & Defense 2025-03-11 154.06  2025-03-12 158.8  3.08 
 NFLX                Netflix Inc  3902.24                Media  2025-03-11 895.1 2025-03-12 919.68  2.75 
  CRM             Salesforce Inc  2714.61           Technology 2025-03-11 277.05 2025-03-12 284.58  2.72 
  COP             Conocophillips  1227.08               Energy  2025-03-11 95.41  2025-03-12 97.75  2.45 
 META         Meta Platforms Inc 15629.70                Media 2025-03-11 605.71 2025-03-12 619.56  2.29 
 AVGO               Broadcom Inc  9218.13       Semiconductors 2025-03-11 190.09 2025-03-12 194.23  2.18 
  AXP        American Express Co  1816.82   Financial Services 2025-03-11 255.39 2025-03-12 260.75  2.10 
  KKR               KKR & Co Inc  1014.43   Financial Services 2025-03-11 112.11 2025-03-12 114.37  2.02 
GOOGL               Alphabet Inc 20257.53                Media 2025-03-11 164.04 2025-03-12 167.11  1.87 
 GOOG               Alphabet Inc 20257.53                Media 2025-03-11 165.98  2025-03-12 169.0  1.82 
   MS             Morgan Stanley  1838.82   Financial Services 2025-03-11 112.04  2025-03-12 114.0  1.75 
