
=== 涨幅榜前20名股票 ===
股票代码                   公司名称                   市值(亿)                 板块                      昨天收盘             今天收盘       涨跌幅(%)
 JXG                  JX Luxventure Group Inc   0.06 Textiles, Apparel & Luxury Goods  2025-12-08 5.14  2025-12-09 8.63 67.90 
 DBI                      Designer Brands Inc   2.40                           Retail  2025-12-08 4.85   2025-12-09 7.2 48.45 
BENF                              Beneficient   0.89               Financial Services   2025-12-08 0.8   2025-12-09 1.1 37.50 
COOK                              Traeger Inc   0.98                Consumer products  2025-12-08 0.72  2025-12-09 0.92 28.80 
 VOR                        Vor Biopharma Inc   1.77                    Biotechnology  2025-12-08 8.36 2025-12-09 10.72 28.23 
MAMA                     Mama's Creations Inc   4.55                    Food Products 2025-12-08 11.18 2025-12-09 14.32 28.09 
BLBX                       Blackboxstocks Inc   0.33                       Technology   2025-12-08 7.9  2025-12-09 9.98 26.33 
CAMP                  CAMP4 Therapeutics Corp   1.71                    Biotechnology  2025-12-08 3.65   2025-12-09 4.6 26.03 
CXAI                                CXApp Inc   0.12                       Technology  2025-12-08 0.41   2025-12-09 0.5 21.07 
TEAD                                 Teads BV   0.56                              N/A  2025-12-08 0.59  2025-12-09 0.71 20.60 
PDSB                   PDS Biotechnology Corp   0.49                    Biotechnology   2025-12-08 0.9  2025-12-09 1.06 18.04 
 MOB                            Mobilicom Ltd 107.06                   Communications  2025-12-08 6.77  2025-12-09 7.97 17.80 
RNAC               Cartesian Therapeutics Inc   1.75                    Biotechnology  2025-12-08 6.72   2025-12-09 7.9 17.56 
ILAG Intelligent Living Application Group Inc   0.09                         Building  2025-12-08 0.42  2025-12-09 0.49 16.88 
 NBY              NovaBay Pharmaceuticals Inc   1.95                  Pharmaceuticals  2025-12-08 1.55  2025-12-09 1.81 16.77 
CJMB                           Callan JMB Inc   0.07       Logistics & Transportation  2025-12-08 1.51  2025-12-09 1.75 15.89 
 RFL                      Rafael Holdings Inc   0.69                  Pharmaceuticals  2025-12-08 1.34  2025-12-09 1.55 15.67 
KLRS                 Kalaris Therapeutics Inc   1.03                    Biotechnology  2025-12-08 6.16  2025-12-09 7.12 15.58 
VEEA                                 Veea Inc   0.25                       Technology  2025-12-08 0.49  2025-12-09 0.57 14.73 
APLT                 Applied Therapeutics Inc   0.32                    Biotechnology  2025-12-08 0.22  2025-12-09 0.25 13.86 

=== 市值超过20亿的涨幅榜前20名股票 ===
股票代码               公司名称               市值(亿)                 板块                       昨天收盘              今天收盘       涨跌幅(%)
 MOB                   Mobilicom Ltd  107.06                   Communications   2025-12-08 6.77   2025-12-09 7.97 17.80 
 ASO Academy Sports and Outdoors Inc   32.55                           Retail  2025-12-08 48.85  2025-12-09 53.07  8.64 
 YOU                Clear Secure Inc   43.90                       Technology  2025-12-08 32.57  2025-12-09 35.25  8.23 
ARES            Ares Management Corp  356.20               Financial Services 2025-12-08 164.26  2025-12-09 176.2  7.27 
 AEO   American Eagle Outfitters Inc   37.97                           Retail  2025-12-08 22.42  2025-12-09 23.91  6.65 
FROG                       Jfrog Ltd   76.64                       Technology  2025-12-08 64.78  2025-12-09 68.83  6.25 
CRCL       Circle Internet Group Inc  197.71                       Technology  2025-12-08 83.96  2025-12-09 88.88  5.86 
BULL                     Webull Corp   48.73               Financial Services   2025-12-08 9.71  2025-12-09 10.25  5.56 
LITE           Lumentum Holdings Inc  242.88                   Communications 2025-12-08 342.56 2025-12-09 360.33  5.19 
XMTR                     Xometry Inc   29.92 Trading Companies & Distributors  2025-12-08 58.23  2025-12-09 61.25  5.19 
OPEN       Opendoor Technologies Inc   67.24                      Real Estate   2025-12-08 7.05   2025-12-09 7.41  5.11 
DOCU                    DocuSign Inc  132.81                       Technology  2025-12-08 66.04  2025-12-09 69.39  5.07 
 APP                   Applovin Corp 2331.08                       Technology 2025-12-08 689.76 2025-12-09 724.62  5.05 
KNSL       Kinsale Capital Group Inc   82.49                        Insurance  2025-12-08 354.6 2025-12-09 372.01  4.91 
CARG                    CarGurus Inc   33.80                            Media  2025-12-08 35.41  2025-12-09 37.12  4.83 
TSEM         Tower Semiconductor Ltd  132.21                   Semiconductors  2025-12-08 118.3  2025-12-09 124.0  4.82 
FLNC              Fluence Energy Inc   41.80             Electrical Equipment  2025-12-08 22.86  2025-12-09 23.94  4.72 
 KKR                    KKR & Co Inc 1160.90               Financial Services 2025-12-08 130.24 2025-12-09 135.78  4.25 
COMP                     Compass Inc   58.58                      Real Estate  2025-12-08 10.42  2025-12-09 10.84  4.03 
MGNI                     Magnite Inc   21.42                            Media  2025-12-08 14.91  2025-12-09 15.51  4.02 

=== 市值超过50亿的涨幅榜前20名股票 ===
股票代码              公司名称              市值(亿)                 板块                       昨天收盘              今天收盘       涨跌幅(%)
 MOB                 Mobilicom Ltd  107.06                   Communications   2025-12-08 6.77   2025-12-09 7.97 17.80 
ARES          Ares Management Corp  356.20               Financial Services 2025-12-08 164.26  2025-12-09 176.2  7.27 
FROG                     Jfrog Ltd   76.64                       Technology  2025-12-08 64.78  2025-12-09 68.83  6.25 
CRCL     Circle Internet Group Inc  197.71                       Technology  2025-12-08 83.96  2025-12-09 88.88  5.86 
LITE         Lumentum Holdings Inc  242.88                   Communications 2025-12-08 342.56 2025-12-09 360.33  5.19 
OPEN     Opendoor Technologies Inc   67.24                      Real Estate   2025-12-08 7.05   2025-12-09 7.41  5.11 
DOCU                  DocuSign Inc  132.81                       Technology  2025-12-08 66.04  2025-12-09 69.39  5.07 
 APP                 Applovin Corp 2331.08                       Technology 2025-12-08 689.76 2025-12-09 724.62  5.05 
KNSL     Kinsale Capital Group Inc   82.49                        Insurance  2025-12-08 354.6 2025-12-09 372.01  4.91 
TSEM       Tower Semiconductor Ltd  132.21                   Semiconductors  2025-12-08 118.3  2025-12-09 124.0  4.82 
 KKR                  KKR & Co Inc 1160.90               Financial Services 2025-12-08 130.24 2025-12-09 135.78  4.25 
COMP                   Compass Inc   58.58                      Real Estate  2025-12-08 10.42  2025-12-09 10.84  4.03 
  AS               Amer Sports Inc  205.98 Textiles, Apparel & Luxury Goods  2025-12-08 37.19  2025-12-09 38.68  4.01 
FFIV                        F5 Inc  144.18                   Communications 2025-12-08 248.21 2025-12-09 257.98  3.94 
CART                 Maplebear Inc  116.83                           Retail   2025-12-08 44.5  2025-12-09 46.24  3.91 
 HPE Hewlett Packard Enterprise Co  314.82                       Technology  2025-12-08 23.86  2025-12-09 24.77  3.81 
COHR                 Coherent Corp  292.09             Electrical Equipment 2025-12-08 185.86 2025-12-09 192.73  3.70 
RIOT            Riot Platforms Inc   55.62                       Technology  2025-12-08 14.96  2025-12-09 15.51  3.68 
STEP           StepStone Group Inc   73.73               Financial Services  2025-12-08 62.35   2025-12-09 64.6  3.61 
INGM     Ingram Micro Holding Corp   51.32             Electrical Equipment  2025-12-08 21.83   2025-12-09 22.6  3.53 

=== 市值超过100亿的涨幅榜前20名股票 ===
股票代码              公司名称              市值(亿)                 板块                       昨天收盘              今天收盘       涨跌幅(%)
 MOB                 Mobilicom Ltd  107.06                   Communications   2025-12-08 6.77   2025-12-09 7.97 17.80 
ARES          Ares Management Corp  356.20               Financial Services 2025-12-08 164.26  2025-12-09 176.2  7.27 
CRCL     Circle Internet Group Inc  197.71                       Technology  2025-12-08 83.96  2025-12-09 88.88  5.86 
LITE         Lumentum Holdings Inc  242.88                   Communications 2025-12-08 342.56 2025-12-09 360.33  5.19 
DOCU                  DocuSign Inc  132.81                       Technology  2025-12-08 66.04  2025-12-09 69.39  5.07 
 APP                 Applovin Corp 2331.08                       Technology 2025-12-08 689.76 2025-12-09 724.62  5.05 
TSEM       Tower Semiconductor Ltd  132.21                   Semiconductors  2025-12-08 118.3  2025-12-09 124.0  4.82 
 KKR                  KKR & Co Inc 1160.90               Financial Services 2025-12-08 130.24 2025-12-09 135.78  4.25 
  AS               Amer Sports Inc  205.98 Textiles, Apparel & Luxury Goods  2025-12-08 37.19  2025-12-09 38.68  4.01 
FFIV                        F5 Inc  144.18                   Communications 2025-12-08 248.21 2025-12-09 257.98  3.94 
CART                 Maplebear Inc  116.83                           Retail   2025-12-08 44.5  2025-12-09 46.24  3.91 
 HPE Hewlett Packard Enterprise Co  314.82                       Technology  2025-12-08 23.86  2025-12-09 24.77  3.81 
COHR                 Coherent Corp  292.09             Electrical Equipment 2025-12-08 185.86 2025-12-09 192.73  3.70 
  BX                Blackstone Inc 1846.44               Financial Services 2025-12-08 151.37 2025-12-09 156.02  3.07 
 KEY                       KeyCorp  211.92                          Banking  2025-12-08 19.39  2025-12-09 19.98  3.04 
SPOT         Spotify Technology SA 1178.43                            Media 2025-12-08 572.35 2025-12-09 589.67  3.03 
 IVZ                   Invesco Ltd  114.88               Financial Services  2025-12-08 25.81  2025-12-09 26.54  2.83 
   Z              Zillow Group Inc  181.60                      Real Estate  2025-12-08 72.61  2025-12-09 74.59  2.73 
 CCJ                   Cameco Corp  395.79                           Energy   2025-12-08 90.9  2025-12-09 93.36  2.71 
  ZG              Zillow Group Inc  181.60                      Real Estate  2025-12-08 70.45  2025-12-09 72.35  2.70 

=== 市值超过200亿的涨幅榜前20名股票 ===
股票代码               公司名称                市值(亿)                 板块                       昨天收盘              今天收盘       涨跌幅(%)
ARES             Ares Management Corp  356.20               Financial Services 2025-12-08 164.26  2025-12-09 176.2  7.27 
LITE            Lumentum Holdings Inc  242.88                   Communications 2025-12-08 342.56 2025-12-09 360.33  5.19 
 APP                    Applovin Corp 2331.08                       Technology 2025-12-08 689.76 2025-12-09 724.62  5.05 
 KKR                     KKR & Co Inc 1160.90               Financial Services 2025-12-08 130.24 2025-12-09 135.78  4.25 
  AS                  Amer Sports Inc  205.98 Textiles, Apparel & Luxury Goods  2025-12-08 37.19  2025-12-09 38.68  4.01 
 HPE    Hewlett Packard Enterprise Co  314.82                       Technology  2025-12-08 23.86  2025-12-09 24.77  3.81 
COHR                    Coherent Corp  292.09             Electrical Equipment 2025-12-08 185.86 2025-12-09 192.73  3.70 
  BX                   Blackstone Inc 1846.44               Financial Services 2025-12-08 151.37 2025-12-09 156.02  3.07 
 KEY                          KeyCorp  211.92                          Banking  2025-12-08 19.39  2025-12-09 19.98  3.04 
SPOT            Spotify Technology SA 1178.43                            Media 2025-12-08 572.35 2025-12-09 589.67  3.03 
 CCJ                      Cameco Corp  395.79                           Energy   2025-12-08 90.9  2025-12-09 93.36  2.71 
CSGP                 CoStar Group Inc  281.12                      Real Estate  2025-12-08 66.33  2025-12-09 67.93  2.41 
ULTA                  Ulta Beauty Inc  261.43                           Retail  2025-12-08 589.3 2025-12-09 602.97  2.32 
 PNC PNC Financial Services Group Inc  775.10                          Banking 2025-12-08 197.65 2025-12-09 202.15  2.28 
 CVS                  CVS Health Corp  971.50                      Health Care  2025-12-08 76.53  2025-12-09 78.24  2.23 
DASH                     DoorDash Inc  971.60    Hotels, Restaurants & Leisure 2025-12-08 225.43 2025-12-09 229.99  2.02 
 XOM                 Exxon Mobil Corp 4939.99                           Energy 2025-12-08 115.98 2025-12-09 118.25  1.96 
  AU            Anglogold Ashanti PLC  416.16                  Metals & Mining  2025-12-08 78.81  2025-12-09 80.34  1.94 
LRCX                Lam Research Corp 2044.06                   Semiconductors 2025-12-08 162.74 2025-12-09 165.81  1.89 
 VIK              Viking Holdings Ltd  295.80    Hotels, Restaurants & Leisure  2025-12-08 66.68  2025-12-09 67.77  1.63 

=== 市值超过1000亿的涨跌榜前20名股票 ===
股票代码                 公司名称                  市值(亿)            板块                 昨天收盘               今天收盘        涨跌幅(%)
 APP                        Applovin Corp  2331.08           Technology  2025-12-08 689.76  2025-12-09 724.62  5.05 
 KKR                         KKR & Co Inc  1160.90   Financial Services  2025-12-08 130.24  2025-12-09 135.78  4.25 
  BX                       Blackstone Inc  1846.44   Financial Services  2025-12-08 151.37  2025-12-09 156.02  3.07 
SPOT                Spotify Technology SA  1178.43                Media  2025-12-08 572.35  2025-12-09 589.67  3.03 
 XOM                     Exxon Mobil Corp  4939.99               Energy  2025-12-08 115.98  2025-12-09 118.25  1.96 
LRCX                    Lam Research Corp  2044.06       Semiconductors  2025-12-08 162.74  2025-12-09 165.81  1.89 
  PM      Philip Morris International Inc  2308.34              Tobacco  2025-12-08 148.29  2025-12-09 150.37  1.40 
  CB                            Chubb Ltd  1169.75            Insurance  2025-12-08 297.23  2025-12-09 301.22  1.34 
AVGO                         Broadcom Inc 18941.41       Semiconductors   2025-12-08 401.1  2025-12-09 406.29  1.29 
TSLA                            Tesla Inc 14619.64          Automobiles  2025-12-08 439.58  2025-12-09 445.17  1.27 
  GS              Goldman Sachs Group Inc  2599.45   Financial Services  2025-12-08 866.69  2025-12-09 876.58  1.14 
GOOG                         Alphabet Inc 37899.89                Media  2025-12-08 314.45  2025-12-09 317.75  1.05 
 BLK                        BlackRock Inc  1732.57   Financial Services 2025-12-08 1062.02 2025-12-09 1071.31  0.87 
ANET                  Arista Networks Inc  1625.86       Communications  2025-12-08 129.11  2025-12-09 130.04  0.72 
 HCA                   HCA Healthcare Inc  1107.08          Health Care  2025-12-08 485.15   2025-12-09 488.5  0.69 
  BN                      Brookfield Corp  1149.83   Financial Services   2025-12-08 46.44    2025-12-09 46.7  0.56 
 GEV                       GE Vernova Inc  1687.34 Electrical Equipment   2025-12-08 621.9   2025-12-09 625.3  0.55 
INTC                           Intel Corp  1922.31       Semiconductors    2025-12-08 40.3    2025-12-09 40.5  0.50 
 IBM International Business Machines Corp  2890.01           Technology  2025-12-08 309.18  2025-12-09 310.48  0.42 
 CEG            Constellation Energy Corp  1116.97            Utilities  2025-12-08 357.67  2025-12-09 359.15  0.41 
