
=== 涨幅榜前20名股票 ===
股票代码                公司名称               市值(亿)          板块                昨天收盘            今天收盘       涨跌幅(%)
MSGM              Motorsport Games Inc  0.04                Media 2025-04-16 1.12  2025-04-17 2.75 145.54
SXTC     China SXT Pharmaceuticals Inc  0.14      Pharmaceuticals 2025-04-16 0.99  2025-04-17 2.16 118.40
ADGM       Adagio Medical Holdings Inc  0.14          Health Care 2025-04-16 0.92  2025-04-17 1.78  92.85
PNBK      Patriot National Bancorp Inc  0.08              Banking 2025-04-16 1.89  2025-04-17 3.28  73.54
 RTC               Baijiayun Group Ltd  0.06           Technology 2025-04-16 0.22  2025-04-17 0.37  68.18
 SMX        SMX (Security Matters) PLC  0.04 Electrical Equipment 2025-04-16 1.46   2025-04-17 2.3  57.53
 OMH                      Ohmyhome Ltd  0.05          Real Estate 2025-04-16 1.92  2025-04-17 2.96  54.17
CHRO         Channel Therapeutics Corp  0.08        Biotechnology 2025-04-16 1.25  2025-04-17 1.84  46.61
 HTZ         Hertz Global Holdings Inc 17.58          Road & Rail 2025-04-16 5.71  2025-04-17 8.24  44.31
QURE                        Uniqure NV  5.08        Biotechnology 2025-04-16 9.39  2025-04-17 13.0  38.45
ZYBT Zhengye Biotechnology Holding Ltd  3.61      Pharmaceuticals 2025-04-16 7.62 2025-04-17 10.06  32.02
STEM                          Stem Inc  0.49 Electrical Equipment 2025-04-16 0.29  2025-04-17 0.37  26.71
AGEN                        Agenus Inc  0.42        Biotechnology 2025-04-16 1.65  2025-04-17 2.08  26.06
KXIN                   Kaixin Holdings  0.11               Retail 2025-04-16 0.97  2025-04-17 1.19  22.86
MGRX                Mangoceuticals Inc  0.13               Retail  2025-04-16 2.1  2025-04-17 2.57  22.38
CAMP           CAMP4 Therapeutics Corp  0.33        Biotechnology 2025-04-16 1.62  2025-04-17 1.98  22.22
ALTS                   ALT5 Sigma Corp  0.68      Pharmaceuticals 2025-04-16 4.24  2025-04-17 5.15  21.46
 KOD               Kodiak Sciences Inc  1.24        Biotechnology 2025-04-16 2.36  2025-04-17 2.84  20.34
TLSA         Tiziana Life Sciences Ltd  0.98        Biotechnology 2025-04-16 0.89  2025-04-17 1.07  20.22
SPAI                Safe Pro Group Inc  0.31  Aerospace & Defense 2025-04-16 2.05  2025-04-17 2.46  20.00

=== 市值超过20亿的涨幅榜前20名股票 ===
股票代码                    公司名称                    市值(亿)           板块                 昨天收盘              今天收盘       涨跌幅(%)
 CAR                      Avis Budget Group Inc  25.58          Road & Rail  2025-04-16 72.69  2025-04-17 84.59 16.37 
 DJT        Trump Media & Technology Group Corp  43.55                Media  2025-04-16 19.74  2025-04-17 22.04 11.65 
 BMI                           Badger Meter Inc  54.09 Electrical Equipment  2025-04-16 183.9 2025-04-17 201.63  9.64 
 FIS Fidelity National Information Services Inc 363.58   Financial Services  2025-04-16 68.64  2025-04-17 74.58  8.65 
DLTR                            Dollar Tree Inc 157.46               Retail  2025-04-16 73.21  2025-04-17 79.14  8.10 
FIVE                             Five Below Inc  34.53               Retail  2025-04-16 62.72  2025-04-17 67.51  7.64 
  CE                              Celanese Corp  41.94            Chemicals  2025-04-16 37.53  2025-04-17 40.09  6.82 
 VAL                                Valaris Ltd  21.38               Energy   2025-04-16 30.1  2025-04-17 31.89  5.95 
TIGO         Millicom International Cellular SA  52.75    Telecommunication  2025-04-16 30.65  2025-04-17 32.45  5.87 
VNOM                           Viper Energy Inc  85.65               Energy  2025-04-16 39.08  2025-04-17 41.37  5.86 
 OZK                                   Bank Ozk  44.62              Banking  2025-04-16 39.34  2025-04-17 41.63  5.82 
FANG                     Diamondback Energy Inc 382.95               Energy 2025-04-16 130.22 2025-04-17 137.64  5.70 
 NOG                   Northern Oil and Gas Inc  22.67               Energy  2025-04-16 22.93  2025-04-17 24.19  5.49 
 ELF                             elf Beauty Inc  28.17    Consumer products  2025-04-16 49.95  2025-04-17 52.65  5.41 
PCVX                                Vaxcyte Inc  37.50        Biotechnology  2025-04-16 29.12  2025-04-17 30.65  5.25 
 ANF                     Abercrombie & Fitch Co  33.90               Retail  2025-04-16 69.37  2025-04-17 72.98  5.20 
 HAL                             Halliburton Co 184.72               Energy  2025-04-16 21.43  2025-04-17 22.53  5.13 
  NE                      Noble Corporation PLC  30.85               Energy  2025-04-16 19.43  2025-04-17 20.42  5.10 
SAIA                                   Saia Inc  84.83          Road & Rail  2025-04-16 318.5 2025-04-17 334.55  5.04 
 GAP                                    Gap Inc  68.65               Retail  2025-04-16 18.23  2025-04-17 19.13  4.94 

=== 市值超过50亿的涨幅榜前20名股票 ===
股票代码                    公司名称                    市值(亿)                 板块                       昨天收盘              今天收盘       涨跌幅(%)
 BMI                           Badger Meter Inc  54.09             Electrical Equipment  2025-04-16 183.9 2025-04-17 201.63  9.64 
 FIS Fidelity National Information Services Inc 363.58               Financial Services  2025-04-16 68.64  2025-04-17 74.58  8.65 
DLTR                            Dollar Tree Inc 157.46                           Retail  2025-04-16 73.21  2025-04-17 79.14  8.10 
TIGO         Millicom International Cellular SA  52.75                Telecommunication  2025-04-16 30.65  2025-04-17 32.45  5.87 
VNOM                           Viper Energy Inc  85.65                           Energy  2025-04-16 39.08  2025-04-17 41.37  5.86 
FANG                     Diamondback Energy Inc 382.95                           Energy 2025-04-16 130.22 2025-04-17 137.64  5.70 
 HAL                             Halliburton Co 184.72                           Energy  2025-04-16 21.43  2025-04-17 22.53  5.13 
SAIA                                   Saia Inc  84.83                      Road & Rail  2025-04-16 318.5 2025-04-17 334.55  5.04 
 GAP                                    Gap Inc  68.65                           Retail  2025-04-16 18.23  2025-04-17 19.13  4.94 
 APA                              APA Corp (US)  55.96                           Energy  2025-04-16 15.37  2025-04-17 16.11  4.81 
IONQ                                   IONQ Inc  54.75                       Technology  2025-04-16 24.57  2025-04-17 25.74  4.76 
  PR                     Permian Resources Corp  93.05                           Energy   2025-04-16 11.5  2025-04-17 12.03  4.61 
DINO                           HF Sinclair Corp  52.34                           Energy  2025-04-16 27.78  2025-04-17 29.03  4.50 
ASTS                        AST SpaceMobile Inc  70.86                Telecommunication  2025-04-16 22.39  2025-04-17 23.39  4.47 
  DG                        Dollar General Corp 196.54                           Retail  2025-04-16 89.36  2025-04-17 93.07  4.15 
 NKE                                   Nike Inc 790.40 Textiles, Apparel & Luxury Goods  2025-04-16 53.55  2025-04-17 55.76  4.13 
TREX                           Trex Company Inc  57.28                         Building  2025-04-16 53.42  2025-04-17 55.61  4.10 
 AUR                      Aurora Innovation Inc 103.72                       Technology   2025-04-16 5.87   2025-04-17 6.11  4.09 
 STX            Seagate Technology Holdings PLC 154.17                       Technology  2025-04-16 72.82  2025-04-17 75.78  4.06 
ODFL              Old Dominion Freight Line Inc 314.25                      Road & Rail 2025-04-16 147.85 2025-04-17 153.75  3.99 

=== 市值超过100亿的涨幅榜前20名股票 ===
股票代码                    公司名称                     市值(亿)                 板块                       昨天收盘              今天收盘       涨跌幅(%)
 FIS Fidelity National Information Services Inc  363.58               Financial Services  2025-04-16 68.64  2025-04-17 74.58  8.65 
DLTR                            Dollar Tree Inc  157.46                           Retail  2025-04-16 73.21  2025-04-17 79.14  8.10 
FANG                     Diamondback Energy Inc  382.95                           Energy 2025-04-16 130.22 2025-04-17 137.64  5.70 
 HAL                             Halliburton Co  184.72                           Energy  2025-04-16 21.43  2025-04-17 22.53  5.13 
  DG                        Dollar General Corp  196.54                           Retail  2025-04-16 89.36  2025-04-17 93.07  4.15 
 NKE                                   Nike Inc  790.40 Textiles, Apparel & Luxury Goods  2025-04-16 53.55  2025-04-17 55.76  4.13 
 AUR                      Aurora Innovation Inc  103.72                       Technology   2025-04-16 5.87   2025-04-17 6.11  4.09 
 STX            Seagate Technology Holdings PLC  154.17                       Technology  2025-04-16 72.82  2025-04-17 75.78  4.06 
ODFL              Old Dominion Freight Line Inc  314.25                      Road & Rail 2025-04-16 147.85 2025-04-17 153.75  3.99 
 BBY                            Best Buy Co Inc  126.04                           Retail  2025-04-16 59.63  2025-04-17 61.97  3.92 
 BAX                   Baxter International Inc  142.70                      Health Care  2025-04-16 27.82  2025-04-17 28.89  3.85 
 TTD                             Trade Desk Inc  240.35                            Media  2025-04-16 48.45  2025-04-17 50.26  3.74 
 ADM                  Archer-Daniels-Midland Co  221.50                    Food Products  2025-04-16 46.13  2025-04-17 47.82  3.66 
 APP                              Applovin Corp  781.26                       Technology 2025-04-16 229.81 2025-04-17 238.22  3.66 
JBHT            J B Hunt Transport Services Inc  124.74                      Road & Rail 2025-04-16 124.73 2025-04-17 129.23  3.61 
INSM                                 Insmed Inc  127.64                    Biotechnology   2025-04-16 70.2  2025-04-17 72.65  3.49 
 XPO                                    XPO Inc  110.12                      Road & Rail  2025-04-16 93.49  2025-04-17 96.74  3.48 
  BA                                  Boeing Co 1177.29              Aerospace & Defense 2025-04-16 156.47  2025-04-17 161.9  3.47 
 DVN                          Devon Energy Corp  190.16                           Energy   2025-04-16 29.3  2025-04-17 30.31  3.45 
  EL                 Estee Lauder Companies Inc  189.43                Consumer products  2025-04-16 52.66  2025-04-17 54.47  3.44 

=== 市值超过200亿的涨幅榜前20名股票 ===
股票代码                    公司名称                     市值(亿)                 板块                       昨天收盘              今天收盘       涨跌幅(%)
 FIS Fidelity National Information Services Inc  363.58               Financial Services  2025-04-16 68.64  2025-04-17 74.58  8.65 
FANG                     Diamondback Energy Inc  382.95                           Energy 2025-04-16 130.22 2025-04-17 137.64  5.70 
 NKE                                   Nike Inc  790.40 Textiles, Apparel & Luxury Goods  2025-04-16 53.55  2025-04-17 55.76  4.13 
ODFL              Old Dominion Freight Line Inc  314.25                      Road & Rail 2025-04-16 147.85 2025-04-17 153.75  3.99 
 TTD                             Trade Desk Inc  240.35                            Media  2025-04-16 48.45  2025-04-17 50.26  3.74 
 ADM                  Archer-Daniels-Midland Co  221.50                    Food Products  2025-04-16 46.13  2025-04-17 47.82  3.66 
 APP                              Applovin Corp  781.26                       Technology 2025-04-16 229.81 2025-04-17 238.22  3.66 
  BA                                  Boeing Co 1177.29              Aerospace & Defense 2025-04-16 156.47  2025-04-17 161.9  3.47 
 OXY                  Occidental Petroleum Corp  361.35                           Energy  2025-04-16 38.45  2025-04-17 39.71  3.28 
  KR                                  Kroger Co  456.08                           Retail  2025-04-16 69.01  2025-04-17 71.22  3.20 
 DHI                              DR Horton Inc  370.39                Consumer products 2025-04-16 117.54 2025-04-17 121.25  3.16 
 COP                             ConocoPhillips 1091.73                           Energy  2025-04-16 86.36  2025-04-17 88.98  3.03 
  FE                           FirstEnergy Corp  235.47                        Utilities   2025-04-16 40.8  2025-04-17 42.02  2.99 
UBER                      Uber Technologies Inc 1527.87                      Road & Rail  2025-04-16 73.06  2025-04-17 75.24  2.98 
 MPC                    Marathon Petroleum Corp  386.52                           Energy 2025-04-16 124.07 2025-04-17 127.72  2.94 
 TGT                                Target Corp  412.11                           Retail  2025-04-16 90.46  2025-04-17 93.11  2.93 
 LVS                       Las Vegas Sands Corp  225.13    Hotels, Restaurants & Leisure  2025-04-16 31.86  2025-04-17 32.77  2.86 
 SLB                            Schlumberger NV  464.39                           Energy  2025-04-16 34.15  2025-04-17 35.11  2.81 
COST                      Costco Wholesale Corp 4293.75                           Retail 2025-04-16 967.75  2025-04-17 994.5  2.76 
 VLO                         Valero Energy Corp  336.88                           Energy 2025-04-16 107.13 2025-04-17 110.06  2.73 

=== 市值超过1000亿的涨跌榜前20名股票 ===
 股票代码                 公司名称                 市值(亿)                 板块                       昨天收盘              今天收盘       涨跌幅(%)
   BA                           Boeing Co 1177.29              Aerospace & Defense 2025-04-16 156.47  2025-04-17 161.9  3.47 
  COP                      ConocoPhillips 1091.73                           Energy  2025-04-16 86.36  2025-04-17 88.98  3.03 
 UBER               Uber Technologies Inc 1527.87                      Road & Rail  2025-04-16 73.06  2025-04-17 75.24  2.98 
 COST               Costco Wholesale Corp 4293.75                           Retail 2025-04-16 967.75  2025-04-17 994.5  2.76 
   HD                      Home Depot Inc 3438.89                           Retail 2025-04-16 345.99 2025-04-17 355.06  2.62 
  XOM                    Exxon Mobil Corp 4506.52                           Energy 2025-04-16 104.19 2025-04-17 106.92  2.62 
   PG                 Procter & Gamble Co 3901.60                Consumer products 2025-04-16 166.39 2025-04-17 170.63  2.55 
  DIS                      Walt Disney Co 1496.31                            Media  2025-04-16 82.77  2025-04-17 84.81  2.46 
  JNJ                   Johnson & Johnson 3709.00                  Pharmaceuticals 2025-04-16 153.91 2025-04-17 157.47  2.31 
ASMLF                     ASML Holding NV 2346.94                   Semiconductors  2025-04-16 629.5  2025-04-17 644.0  2.30 
   GS             Goldman Sachs Group Inc 1551.00               Financial Services 2025-04-16 499.05 2025-04-17 509.49  2.09 
  MRK                      Merck & Co Inc 1924.04                  Pharmaceuticals  2025-04-16 76.46   2025-04-17 78.0  2.01 
 SPOT               Spotify Technology SA 1130.55                            Media 2025-04-16 563.07 2025-04-17 574.25  1.99 
  PEP                         PepsiCo Inc 1921.07                        Beverages 2025-04-16 140.09 2025-04-17 142.84  1.96 
  CVX                        Chevron Corp 2364.36                           Energy 2025-04-16 135.36 2025-04-17 137.87  1.85 
    C                       Citigroup Inc 1168.82                          Banking   2025-04-16 62.1  2025-04-17 63.25  1.85 
   KO                        Coca-Cola Co 3084.80                        Beverages  2025-04-16 71.68   2025-04-17 73.0  1.84 
LVMHF LVMH Moet Hennessy Louis Vuitton SE 2441.02 Textiles, Apparel & Luxury Goods  2025-04-16 549.5  2025-04-17 559.0  1.73 
  HON         Honeywell International Inc 1243.29         Industrial Conglomerates 2025-04-16 193.28  2025-04-17 196.6  1.72 
   PM     Philip Morris International Inc 2497.85                          Tobacco 2025-04-16 160.48 2025-04-17 163.21  1.70 
