
=== 涨幅榜前20名股票 ===
 股票代码                    公司名称                    市值(亿)           板块                昨天收盘              今天收盘       涨跌幅(%)
 CASI                   CASI Pharmaceuticals Inc   0.13        Biotechnology  2026-01-07 0.86   2026-01-08 1.07 23.84 
 INBS              Intelligent Bio Solutions Inc   0.14          Health Care 2026-01-07 11.84  2026-01-08 14.31 20.86 
 ATRA                  Atara Biotherapeutics Inc   1.22        Biotechnology 2026-01-07 14.94  2026-01-08 17.44 16.73 
 CPSH                      CPS Technologies Corp   0.63 Electrical Equipment  2026-01-07 3.16   2026-01-08 3.62 14.56 
 KTOS  Kratos Defense and Security Solutions Inc 178.73  Aerospace & Defense 2026-01-07 91.44 2026-01-08 104.04 13.78 
  PLX               Protalix Biotherapeutics Inc   1.45        Biotechnology  2026-01-07 1.78    2026-01-08 2.0 12.36 
  CVU                     CPI Aerostructures Inc   0.57  Aerospace & Defense  2026-01-07 4.02   2026-01-08 4.48 11.44 
 KOPN                                 Kopin Corp   5.35       Semiconductors  2026-01-07 2.64   2026-01-08 2.94 11.36 
  MBI                                   MBIA Inc   3.64            Insurance  2026-01-07 6.89    2026-01-08 7.6 10.30 
UONEK                              Urban One Inc   0.41                Media  2026-01-07 0.76   2026-01-08 0.83  9.21 
  UIS                                Unisys Corp   2.12           Technology  2026-01-07 2.88   2026-01-08 3.13  8.68 
  AXL American Axle & Manufacturing Holdings Inc   8.50      Auto Components   2026-01-07 6.9   2026-01-08 7.49  8.55 
  CAL                                Caleres Inc   4.54               Retail  2026-01-07 12.8  2026-01-08 13.84  8.12 
  KRO                       Kronos Worldwide Inc   5.74            Chemicals  2026-01-07 4.83   2026-01-08 5.22  8.07 
 AIRI                       Air Industries Group   0.15  Aerospace & Defense   2026-01-07 3.1   2026-01-08 3.32  7.10 
  PAR                        PAR Technology Corp  14.49           Technology 2026-01-07 34.76  2026-01-08 37.19  6.99 
 SYPR                       Sypris Solutions Inc   0.60      Auto Components  2026-01-07 2.47   2026-01-08 2.64  6.88 
 OMCL                               Omnicell Inc  22.73          Health Care 2026-01-07 47.45  2026-01-08 50.59  6.62 
 FRAF           Franklin Financial Services Corp   2.35              Banking 2026-01-07 50.04  2026-01-08 53.31  6.53 
 LTRX                              Lantronix Inc   2.43       Communications  2026-01-07 5.85   2026-01-08 6.23  6.50 

=== 市值超过20亿的涨幅榜前20名股票 ===
股票代码                    公司名称                    市值(亿)                 板块                       昨天收盘              今天收盘       涨跌幅(%)
KTOS Kratos Defense and Security Solutions Inc  178.73              Aerospace & Defense  2026-01-07 91.44 2026-01-08 104.04 13.78 
OMCL                              Omnicell Inc   22.73                      Health Care  2026-01-07 47.45  2026-01-08 50.59  6.62 
 EXP                       Eagle Materials Inc   69.26                     Construction 2026-01-07 208.52 2026-01-08 220.95  5.96 
  UA                          Under Armour Inc   23.91 Textiles, Apparel & Luxury Goods   2026-01-07 5.49    2026-01-08 5.8  5.65 
   M                                Macy's Inc   62.63                           Retail  2026-01-07 22.48  2026-01-08 23.72  5.52 
AGCO                                 AGCO Corp   83.94                        Machinery 2026-01-07 107.51 2026-01-08 113.32  5.40 
  DE                                Deere & Co 1331.78                        Machinery  2026-01-07 475.2  2026-01-08 500.8  5.39 
 STZ                  Constellation Brands Inc  253.26                        Beverages 2026-01-07 140.49 2026-01-08 147.96  5.32 
  BG                           Bunge Global SA  186.32                    Food Products  2026-01-07 92.59  2026-01-08 97.51  5.31 
 OLN                                 Olin Corp   25.23                        Chemicals  2026-01-07 21.43  2026-01-08 22.56  5.27 
 LHX                 L3Harris Technologies Inc  621.26              Aerospace & Defense 2026-01-07 309.76 2026-01-08 325.74  5.16 
 KAI                                Kadant Inc   35.56                        Machinery 2026-01-07 296.18 2026-01-08 311.01  5.01 
 GPK              Graphic Packaging Holding Co   45.82                        Packaging  2026-01-07 15.07  2026-01-08 15.81  4.91 
  CL                      Colgate-Palmolive Co  643.52                Consumer products  2026-01-07 77.09  2026-01-08 80.87  4.90 
   F                             Ford Motor Co  568.41                      Automobiles  2026-01-07 13.74   2026-01-08 14.4  4.80 
  EL                Estee Lauder Companies Inc  385.64                Consumer products 2026-01-07 105.27 2026-01-08 110.27  4.75 
 OII             Oceaneering International Inc   26.22                           Energy  2026-01-07 25.68   2026-01-08 26.9  4.75 
 DHI                             DR Horton Inc  418.20                Consumer products 2026-01-07 139.31  2026-01-08 145.9  4.73 
 FLO                         Flowers Foods Inc   21.84                    Food Products  2026-01-07 10.08  2026-01-08 10.55  4.66 
 MOS                                 Mosaic Co   83.70                        Chemicals   2026-01-07 25.3  2026-01-08 26.48  4.66 

=== 市值超过50亿的涨幅榜前20名股票 ===
股票代码                    公司名称                    市值(亿)                板块                      昨天收盘              今天收盘       涨跌幅(%)
KTOS Kratos Defense and Security Solutions Inc  178.73            Aerospace & Defense  2026-01-07 91.44 2026-01-08 104.04 13.78 
 EXP                       Eagle Materials Inc   69.26                   Construction 2026-01-07 208.52 2026-01-08 220.95  5.96 
   M                                Macy's Inc   62.63                         Retail  2026-01-07 22.48  2026-01-08 23.72  5.52 
AGCO                                 AGCO Corp   83.94                      Machinery 2026-01-07 107.51 2026-01-08 113.32  5.40 
  DE                                Deere & Co 1331.78                      Machinery  2026-01-07 475.2  2026-01-08 500.8  5.39 
 STZ                  Constellation Brands Inc  253.26                      Beverages 2026-01-07 140.49 2026-01-08 147.96  5.32 
  BG                           Bunge Global SA  186.32                  Food Products  2026-01-07 92.59  2026-01-08 97.51  5.31 
 LHX                 L3Harris Technologies Inc  621.26            Aerospace & Defense 2026-01-07 309.76 2026-01-08 325.74  5.16 
  CL                      Colgate-Palmolive Co  643.52              Consumer products  2026-01-07 77.09  2026-01-08 80.87  4.90 
   F                             Ford Motor Co  568.41                    Automobiles  2026-01-07 13.74   2026-01-08 14.4  4.80 
  EL                Estee Lauder Companies Inc  385.64              Consumer products 2026-01-07 105.27 2026-01-08 110.27  4.75 
 DHI                             DR Horton Inc  418.20              Consumer products 2026-01-07 139.31  2026-01-08 145.9  4.73 
 MOS                                 Mosaic Co   83.70                      Chemicals   2026-01-07 25.3  2026-01-08 26.48  4.66 
 SSD              Simpson Manufacturing Co Inc   70.59                       Building 2026-01-07 165.32 2026-01-08 173.01  4.65 
MRCY                       Mercury Systems Inc   53.50            Aerospace & Defense   2026-01-07 84.8  2026-01-08 88.74  4.65 
 FLG                          Flagstar Bank NA   53.01                        Banking  2026-01-07 12.55  2026-01-08 13.13  4.62 
 BMI                          Badger Meter Inc   50.51           Electrical Equipment 2026-01-07 166.69  2026-01-08 174.1  4.45 
 BCO                                 Brinks Co   50.42 Commercial Services & Supplies 2026-01-07 118.97  2026-01-08 123.9  4.14 
 OSK                              Oshkosh Corp   92.47                      Machinery 2026-01-07 141.74 2026-01-08 147.56  4.11 
 RRR                      Red Rock Resorts Inc   67.73  Hotels, Restaurants & Leisure  2026-01-07 61.27  2026-01-08 63.65  3.88 

=== 市值超过100亿的涨幅榜前20名股票 ===
 股票代码                    公司名称                    市值(亿)             板块                   昨天收盘               今天收盘        涨跌幅(%)
 KTOS Kratos Defense and Security Solutions Inc  178.73      Aerospace & Defense   2026-01-07 91.44  2026-01-08 104.04 13.78 
   DE                                Deere & Co 1331.78                Machinery   2026-01-07 475.2   2026-01-08 500.8  5.39 
  STZ                  Constellation Brands Inc  253.26                Beverages  2026-01-07 140.49  2026-01-08 147.96  5.32 
   BG                           Bunge Global SA  186.32            Food Products   2026-01-07 92.59   2026-01-08 97.51  5.31 
  LHX                 L3Harris Technologies Inc  621.26      Aerospace & Defense  2026-01-07 309.76  2026-01-08 325.74  5.16 
   CL                      Colgate-Palmolive Co  643.52        Consumer products   2026-01-07 77.09   2026-01-08 80.87  4.90 
    F                             Ford Motor Co  568.41              Automobiles   2026-01-07 13.74    2026-01-08 14.4  4.80 
   EL                Estee Lauder Companies Inc  385.64        Consumer products  2026-01-07 105.27  2026-01-08 110.27  4.75 
  DHI                             DR Horton Inc  418.20        Consumer products  2026-01-07 139.31   2026-01-08 145.9  4.73 
  XOM                          Exxon Mobil Corp 5069.88                   Energy  2026-01-07 118.49  2026-01-08 122.91  3.73 
 COST                     Costco Wholesale Corp 4123.90                   Retail  2026-01-07 882.58  2026-01-08 915.31  3.71 
  SGI              Somnigroup International Inc  191.27        Consumer products   2026-01-07 89.03   2026-01-08 92.22  3.58 
  TXT                               Textron Inc  161.77      Aerospace & Defense   2026-01-07 88.58   2026-01-08 91.71  3.53 
  GPC                          Genuine Parts Co  174.43             Distributors  2026-01-07 122.56  2026-01-08 126.73  3.40 
  NVR                                   NVR Inc  207.42        Consumer products 2026-01-07 7146.45 2026-01-08 7385.58  3.35 
  AVY                       Avery Dennison Corp  142.92                Packaging  2026-01-07 180.53  2026-01-08 186.02  3.04 
  SYY                                Sysco Corp  355.08                   Retail   2026-01-07 72.12   2026-01-08 74.27  2.98 
LLYVK                         Formula One Group  302.70                    Media   2026-01-07 80.56   2026-01-08 82.89  2.89 
  HON               Honeywell International Inc 1293.84 Industrial Conglomerates  2026-01-07 199.51  2026-01-08 205.24  2.87 
  TJX                         TJX Companies Inc 1746.49                   Retail  2026-01-07 154.04  2026-01-08 158.25  2.73 

=== 市值超过200亿的涨幅榜前20名股票 ===
 股票代码             公司名称             市值(亿)             板块                   昨天收盘               今天收盘        涨跌幅(%)
   DE                  Deere & Co 1331.78                Machinery   2026-01-07 475.2   2026-01-08 500.8  5.39 
  STZ    Constellation Brands Inc  253.26                Beverages  2026-01-07 140.49  2026-01-08 147.96  5.32 
  LHX   L3Harris Technologies Inc  621.26      Aerospace & Defense  2026-01-07 309.76  2026-01-08 325.74  5.16 
   CL        Colgate-Palmolive Co  643.52        Consumer products   2026-01-07 77.09   2026-01-08 80.87  4.90 
    F               Ford Motor Co  568.41              Automobiles   2026-01-07 13.74    2026-01-08 14.4  4.80 
   EL  Estee Lauder Companies Inc  385.64        Consumer products  2026-01-07 105.27  2026-01-08 110.27  4.75 
  DHI               DR Horton Inc  418.20        Consumer products  2026-01-07 139.31   2026-01-08 145.9  4.73 
  XOM            Exxon Mobil Corp 5069.88                   Energy  2026-01-07 118.49  2026-01-08 122.91  3.73 
 COST       Costco Wholesale Corp 4123.90                   Retail  2026-01-07 882.58  2026-01-08 915.31  3.71 
  NVR                     NVR Inc  207.42        Consumer products 2026-01-07 7146.45 2026-01-08 7385.58  3.35 
  SYY                  Sysco Corp  355.08                   Retail   2026-01-07 72.12   2026-01-08 74.27  2.98 
LLYVK           Formula One Group  302.70                    Media   2026-01-07 80.56   2026-01-08 82.89  2.89 
  HON Honeywell International Inc 1293.84 Industrial Conglomerates  2026-01-07 199.51  2026-01-08 205.24  2.87 
  TJX           TJX Companies Inc 1746.49                   Retail  2026-01-07 154.04  2026-01-08 158.25  2.73 
 STLD          Steel Dynamics Inc  249.94          Metals & Mining  2026-01-07 167.83  2026-01-08 172.16  2.58 
  TGT                 Target Corp  484.98                   Retail  2026-01-07 103.67  2026-01-08 106.33  2.57 
 PCAR                  Paccar Inc  617.54                Machinery   2026-01-07 115.3   2026-01-08 118.2  2.52 
  VMC         Vulcan Materials Co  391.68             Construction  2026-01-07 292.12  2026-01-08 299.13  2.40 
  UNP          Union Pacific Corp 1352.17              Road & Rail  2026-01-07 224.48  2026-01-08 229.85  2.39 
  CHD      Church & Dwight Co Inc  205.05        Consumer products   2026-01-07 83.88   2026-01-08 85.86  2.36 

=== 市值超过1000亿的涨跌榜前20名股票 ===
 股票代码                 公司名称                  市值(亿)             板块                   昨天收盘               今天收盘        涨跌幅(%)
   DE                           Deere & Co 1331.78                Machinery   2026-01-07 475.2   2026-01-08 500.8  5.39 
  XOM                     Exxon Mobil Corp 5069.88                   Energy  2026-01-07 118.49  2026-01-08 122.91  3.73 
 COST                Costco Wholesale Corp 4123.90                   Retail  2026-01-07 882.58  2026-01-08 915.31  3.71 
  HON          Honeywell International Inc 1293.84 Industrial Conglomerates  2026-01-07 199.51  2026-01-08 205.24  2.87 
  TJX                    TJX Companies Inc 1746.49                   Retail  2026-01-07 154.04  2026-01-08 158.25  2.73 
  UNP                   Union Pacific Corp 1352.17              Road & Rail  2026-01-07 224.48  2026-01-08 229.85  2.39 
  ADI                   Analog Devices Inc 1447.47           Semiconductors  2026-01-07 292.89  2026-01-08 299.16  2.14 
   CB                            Chubb Ltd 1228.10                Insurance  2026-01-07 306.63   2026-01-08 313.0  2.08 
  IBM International Business Machines Corp 2799.34               Technology  2026-01-07 296.73  2026-01-08 302.72  2.02 
  ADP        Automatic Data Processing Inc 1069.63    Professional Services  2026-01-07 261.26  2026-01-08 265.67  1.69 
  UNH               UnitedHealth Group Inc 3127.91              Health Care   2026-01-07 341.7  2026-01-08 346.85  1.51 
  TXN                Texas Instruments Inc 1706.94           Semiconductors  2026-01-07 185.71  2026-01-08 188.45  1.48 
  NEE                   Nextera Energy Inc 1660.52                Utilities   2026-01-07 78.37   2026-01-08 79.49  1.43 
  TTE                     TotalEnergies SE 1154.27                   Energy   2026-01-07 62.74   2026-01-08 63.59  1.35 
  BLK                        BlackRock Inc 1763.86       Financial Services 2026-01-07 1075.09 2026-01-08 1087.92  1.19 
CMCSA                         Comcast Corp 1018.65                    Media    2026-01-07 27.9   2026-01-08 28.21  1.11 
  CVS                      CVS Health Corp 1012.50              Health Care   2026-01-07 79.79    2026-01-08 80.6  1.02 
  BAC                 Bank of America Corp 4111.30                  Banking   2026-01-07 55.64   2026-01-08 56.18  0.97 
  COF           Capital One Financial Corp 1621.95       Financial Services  2026-01-07 253.25  2026-01-08 255.68  0.96 
 QCOM                         Qualcomm Inc 1940.12           Semiconductors  2026-01-07 180.19  2026-01-08 181.87  0.93 
