
=== 涨幅榜前20名股票 ===
 股票代码              公司名称             市值(亿)               板块                     昨天收盘              今天收盘       涨跌幅(%)
 PHOE     Phoenix Asia Holdings Ltd  2.62                   Construction 2026-01-29 12.13 2026-01-30 133.12 997.44
FATBB                FAT Brands Inc  0.04  Hotels, Restaurants & Leisure  2026-01-29 0.32   2026-01-30 1.55 384.37
 INLF                     INLIF Ltd  0.02                      Machinery  2026-01-29 0.37   2026-01-30 1.42 285.87
 TCGL          TechCreate Group Ltd 15.42                     Technology 2026-01-29 86.36 2026-01-30 172.84 100.14
 VIVS              VivoSim Labs Inc  0.04                  Biotechnology   2026-01-29 1.7   2026-01-30 2.92  71.76
 ORKT    Orangekloud Technology Inc  0.14                     Technology  2026-01-29 0.85   2026-01-30 1.31  55.03
 MSPR              MSP Recovery Inc  0.01                    Health Care  2026-01-29 0.04   2026-01-30 0.06  46.10
 ASBP Aspire Biopharma Holdings Inc  0.05                Pharmaceuticals  2026-01-29 1.46   2026-01-30 2.13  45.89
 APRE        Aprea Therapeutics Inc  0.04                  Biotechnology  2026-01-29 0.59    2026-01-30 0.8  34.92
 YCBD                     cbdMD Inc  0.10                Pharmaceuticals  2026-01-29 0.77   2026-01-30 1.04  34.89
 LIPO   Lipella Pharmaceuticals Inc  0.01                  Biotechnology  2026-01-29 0.17   2026-01-30 0.23  34.50
  FAT                FAT Brands Inc  0.04  Hotels, Restaurants & Leisure  2026-01-29 0.22   2026-01-30 0.29  32.95
  RHI               Robert Half Inc 35.02          Professional Services 2026-01-29 27.09  2026-01-30 34.61  27.76
 CISS                      C3is Inc  0.00                         Marine  2026-01-29 1.44   2026-01-30 1.83  27.08
 SAFX                XCF Global Inc  0.36                         Energy  2026-01-29 0.17   2026-01-30 0.22  25.94
 YDKG         Yueda Digital Holding  0.06                          Media   2026-01-29 0.9   2026-01-30 1.12  24.44
 BUUU                BUUU Group Ltd  1.56                          Media  2026-01-29 9.33  2026-01-30 11.49  23.15
 ANPA     Rich Sparkle Holdings Ltd 10.37 Commercial Services & Supplies  2026-01-29 67.7   2026-01-30 83.0  22.60
 CNCK            Coincheck Group NV  3.07             Financial Services  2026-01-29 2.35   2026-01-30 2.86  21.70
 JDZG                     JIADE Ltd  0.05  Diversified Consumer Services  2026-01-29 1.35   2026-01-30 1.64  21.48

=== 市值超过20亿的涨幅榜前20名股票 ===
 股票代码              公司名称               市值(亿)                 板块                       昨天收盘              今天收盘       涨跌幅(%)
  RHI                Robert Half Inc   35.02            Professional Services  2026-01-29 27.09  2026-01-30 34.61 27.76 
 DECK           Deckers Outdoor Corp  145.60 Textiles, Apparel & Luxury Goods   2026-01-29 99.9 2026-01-30 119.34 19.46 
   VZ     Verizon Communications Inc 1678.56                Telecommunication  2026-01-29 39.81  2026-01-30 44.52 11.83 
 CACC         Credit Acceptance Corp   49.78               Financial Services 2026-01-29 451.24 2026-01-30 498.24 10.42 
 AAOI    Applied Optoelectronics Inc   27.02                   Communications  2026-01-29 39.57  2026-01-30 43.61 10.21 
TCKRF             Teck Resources Ltd  262.55                  Metals & Mining  2026-01-29 51.49  2026-01-30 55.62  8.02 
LBRDK         Liberty Broadband Corp   68.95                            Media  2026-01-29 44.58  2026-01-30 48.11  7.92 
LBRDA         Liberty Broadband Corp   63.97                            Media  2026-01-29 44.55  2026-01-30 48.02  7.79 
 CHTR     Charter Communications Inc  277.54                            Media 2026-01-29 191.52 2026-01-30 206.12  7.62 
 SNDK                   Sandisk Corp  790.36                       Technology  2026-01-29 539.3 2026-01-30 576.25  6.85 
  APD Air Products and Chemicals Inc  569.88                        Chemicals 2026-01-29 256.02  2026-01-30 272.5  6.44 
 ACMR               ACM Research Inc   37.71                   Semiconductors  2026-01-29 54.68  2026-01-30 58.12  6.29 
   CL           Colgate-Palmolive Co  687.09                Consumer products  2026-01-29 85.24  2026-01-30 90.29  5.92 
 BEPC      Brookfield Renewable Corp   56.97                        Utilities  2026-01-29 39.32  2026-01-30 41.64  5.90 
 IBRX                Immunitybio Inc   58.21                    Biotechnology   2026-01-29 5.91   2026-01-30 6.25  5.75 
 ANDG             Andersen Group Inc   23.74            Professional Services   2026-01-29 21.4  2026-01-30 22.45  4.91 
 ASGN                       ASGN Inc   21.20                       Technology  2026-01-29 49.65  2026-01-30 52.09  4.91 
 TNET               TriNet Group Inc   28.08            Professional Services  2026-01-29 58.46  2026-01-30 61.24  4.76 
  GME                  GameStop Corp  102.19                           Retail  2026-01-29 22.81  2026-01-30 23.88  4.69 
  CHD         Church & Dwight Co Inc  220.82                Consumer products  2026-01-29 91.96  2026-01-30 96.25  4.67 

=== 市值超过50亿的涨幅榜前20名股票 ===
 股票代码              公司名称               市值(亿)                 板块                       昨天收盘              今天收盘       涨跌幅(%)
 DECK           Deckers Outdoor Corp  145.60 Textiles, Apparel & Luxury Goods   2026-01-29 99.9 2026-01-30 119.34 19.46 
   VZ     Verizon Communications Inc 1678.56                Telecommunication  2026-01-29 39.81  2026-01-30 44.52 11.83 
TCKRF             Teck Resources Ltd  262.55                  Metals & Mining  2026-01-29 51.49  2026-01-30 55.62  8.02 
LBRDK         Liberty Broadband Corp   68.95                            Media  2026-01-29 44.58  2026-01-30 48.11  7.92 
LBRDA         Liberty Broadband Corp   63.97                            Media  2026-01-29 44.55  2026-01-30 48.02  7.79 
 CHTR     Charter Communications Inc  277.54                            Media 2026-01-29 191.52 2026-01-30 206.12  7.62 
 SNDK                   Sandisk Corp  790.36                       Technology  2026-01-29 539.3 2026-01-30 576.25  6.85 
  APD Air Products and Chemicals Inc  569.88                        Chemicals 2026-01-29 256.02  2026-01-30 272.5  6.44 
   CL           Colgate-Palmolive Co  687.09                Consumer products  2026-01-29 85.24  2026-01-30 90.29  5.92 
 BEPC      Brookfield Renewable Corp   56.97                        Utilities  2026-01-29 39.32  2026-01-30 41.64  5.90 
 IBRX                Immunitybio Inc   58.21                    Biotechnology   2026-01-29 5.91   2026-01-30 6.25  5.75 
  GME                  GameStop Corp  102.19                           Retail  2026-01-29 22.81  2026-01-30 23.88  4.69 
  CHD         Church & Dwight Co Inc  220.82                Consumer products  2026-01-29 91.96  2026-01-30 96.25  4.67 
   AX             Axos Financial Inc   53.61                          Banking  2026-01-29 94.64  2026-01-30 98.99  4.60 
 MSTR                   Strategy Inc  411.46                       Technology 2026-01-29 143.19 2026-01-30 149.71  4.55 
  MOD        Modine Manufacturing Co   93.04                         Building 2026-01-29 176.72 2026-01-30 184.66  4.49 
  SYK                   Stryker Corp 1413.28                      Health Care  2026-01-29 354.3 2026-01-30 369.56  4.31 
    T                       AT&T Inc 1858.14                Telecommunication  2026-01-29 25.13  2026-01-30 26.21  4.30 
  CRK         Comstock Resources Inc   68.43                           Energy  2026-01-29 23.35  2026-01-30 24.35  4.28 
 TMUS                T-Mobile US Inc 2117.11                Telecommunication 2026-01-29 189.28 2026-01-30 197.21  4.19 

=== 市值超过100亿的涨幅榜前20名股票 ===
 股票代码              公司名称               市值(亿)                  板块                       昨天收盘              今天收盘       涨跌幅(%)
 DECK           Deckers Outdoor Corp   145.60 Textiles, Apparel & Luxury Goods   2026-01-29 99.9 2026-01-30 119.34 19.46 
   VZ     Verizon Communications Inc  1678.56                Telecommunication  2026-01-29 39.81  2026-01-30 44.52 11.83 
TCKRF             Teck Resources Ltd   262.55                  Metals & Mining  2026-01-29 51.49  2026-01-30 55.62  8.02 
 CHTR     Charter Communications Inc   277.54                            Media 2026-01-29 191.52 2026-01-30 206.12  7.62 
 SNDK                   Sandisk Corp   790.36                       Technology  2026-01-29 539.3 2026-01-30 576.25  6.85 
  APD Air Products and Chemicals Inc   569.88                        Chemicals 2026-01-29 256.02  2026-01-30 272.5  6.44 
   CL           Colgate-Palmolive Co   687.09                Consumer products  2026-01-29 85.24  2026-01-30 90.29  5.92 
  GME                  GameStop Corp   102.19                           Retail  2026-01-29 22.81  2026-01-30 23.88  4.69 
  CHD         Church & Dwight Co Inc   220.82                Consumer products  2026-01-29 91.96  2026-01-30 96.25  4.67 
 MSTR                   Strategy Inc   411.46                       Technology 2026-01-29 143.19 2026-01-30 149.71  4.55 
  SYK                   Stryker Corp  1413.28                      Health Care  2026-01-29 354.3 2026-01-30 369.56  4.31 
    T                       AT&T Inc  1858.14                Telecommunication  2026-01-29 25.13  2026-01-30 26.21  4.30 
 TMUS                T-Mobile US Inc  2117.11                Telecommunication 2026-01-29 189.28 2026-01-30 197.21  4.19 
  GIS              General Mills Inc   237.07                    Food Products  2026-01-29 44.43  2026-01-30 46.26  4.12 
   MO               Altria Group Inc  1003.17                          Tobacco  2026-01-29 59.76  2026-01-30 61.99  3.73 
KKPNF             Koninklijke KPN NV   156.35                Telecommunication   2026-01-29 4.69   2026-01-30 4.85  3.41 
   IP         International Paper Co   205.93                        Packaging   2026-01-29 39.0  2026-01-30 40.32  3.38 
  CVX                   Chevron Corp  3446.95                           Energy 2026-01-29 171.19  2026-01-30 176.9  3.34 
 TSLA                      Tesla Inc 13854.03                      Automobiles 2026-01-29 416.56 2026-01-30 430.41  3.32 
  PEP                    PepsiCo Inc  2033.10                        Beverages 2026-01-29 148.69 2026-01-30 153.63  3.32 

=== 市值超过200亿的涨幅榜前20名股票 ===
 股票代码              公司名称               市值(亿)           板块               昨天收盘              今天收盘       涨跌幅(%)
   VZ     Verizon Communications Inc  1678.56 Telecommunication  2026-01-29 39.81  2026-01-30 44.52 11.83 
TCKRF             Teck Resources Ltd   262.55   Metals & Mining  2026-01-29 51.49  2026-01-30 55.62  8.02 
 CHTR     Charter Communications Inc   277.54             Media 2026-01-29 191.52 2026-01-30 206.12  7.62 
 SNDK                   Sandisk Corp   790.36        Technology  2026-01-29 539.3 2026-01-30 576.25  6.85 
  APD Air Products and Chemicals Inc   569.88         Chemicals 2026-01-29 256.02  2026-01-30 272.5  6.44 
   CL           Colgate-Palmolive Co   687.09 Consumer products  2026-01-29 85.24  2026-01-30 90.29  5.92 
  CHD         Church & Dwight Co Inc   220.82 Consumer products  2026-01-29 91.96  2026-01-30 96.25  4.67 
 MSTR                   Strategy Inc   411.46        Technology 2026-01-29 143.19 2026-01-30 149.71  4.55 
  SYK                   Stryker Corp  1413.28       Health Care  2026-01-29 354.3 2026-01-30 369.56  4.31 
    T                       AT&T Inc  1858.14 Telecommunication  2026-01-29 25.13  2026-01-30 26.21  4.30 
 TMUS                T-Mobile US Inc  2117.11 Telecommunication 2026-01-29 189.28 2026-01-30 197.21  4.19 
  GIS              General Mills Inc   237.07     Food Products  2026-01-29 44.43  2026-01-30 46.26  4.12 
   MO               Altria Group Inc  1003.17           Tobacco  2026-01-29 59.76  2026-01-30 61.99  3.73 
   IP         International Paper Co   205.93         Packaging   2026-01-29 39.0  2026-01-30 40.32  3.38 
  CVX                   Chevron Corp  3446.95            Energy 2026-01-29 171.19  2026-01-30 176.9  3.34 
 TSLA                      Tesla Inc 13854.03       Automobiles 2026-01-29 416.56 2026-01-30 430.41  3.32 
  PEP                    PepsiCo Inc  2033.10         Beverages 2026-01-29 148.69 2026-01-30 153.63  3.32 
  ABT            Abbott Laboratories  1844.77       Health Care 2026-01-29 106.09  2026-01-30 109.3  3.03 
 CTRA             Coterra Energy Inc   219.66            Energy  2026-01-29 28.06  2026-01-30 28.85  2.82 
 LITE          Lumentum Holdings Inc   270.44    Communications 2026-01-29 381.44 2026-01-30 391.84  2.73 

=== 市值超过1000亿的涨跌榜前20名股票 ===
 股票代码            公司名称             市值(亿)            板块                昨天收盘              今天收盘       涨跌幅(%)
   VZ Verizon Communications Inc  1678.56   Telecommunication  2026-01-29 39.81  2026-01-30 44.52 11.83 
  SYK               Stryker Corp  1413.28         Health Care  2026-01-29 354.3 2026-01-30 369.56  4.31 
    T                   AT&T Inc  1858.14   Telecommunication  2026-01-29 25.13  2026-01-30 26.21  4.30 
 TMUS            T-Mobile US Inc  2117.11   Telecommunication 2026-01-29 189.28 2026-01-30 197.21  4.19 
   MO           Altria Group Inc  1003.17             Tobacco  2026-01-29 59.76  2026-01-30 61.99  3.73 
  CVX               Chevron Corp  3446.95              Energy 2026-01-29 171.19  2026-01-30 176.9  3.34 
 TSLA                  Tesla Inc 13854.03         Automobiles 2026-01-29 416.56 2026-01-30 430.41  3.32 
  PEP                PepsiCo Inc  2033.10           Beverages 2026-01-29 148.69 2026-01-30 153.63  3.32 
  ABT        Abbott Laboratories  1844.77         Health Care 2026-01-29 106.09  2026-01-30 109.3  3.03 
   GE        General Electric Co  3152.42 Aerospace & Defense 2026-01-29 298.86 2026-01-30 306.79  2.65 
  MDT              Medtronic PLC  1294.83         Health Care  2026-01-29 101.0 2026-01-30 102.96  1.94 
  LMT       Lockheed Martin Corp  1440.47 Aerospace & Defense 2026-01-29 622.51 2026-01-30 634.22  1.88 
   KO               Coca-Cola Co  3158.67           Beverages  2026-01-29 73.43  2026-01-30 74.81  1.88 
  MRK             Merck & Co Inc  2689.02     Pharmaceuticals 2026-01-29 108.34 2026-01-30 110.27  1.78 
CMCSA               Comcast Corp  1065.47   Telecommunication  2026-01-29 29.24  2026-01-30 29.75  1.74 
 GILD        Gilead Sciences Inc  1731.37       Biotechnology 2026-01-29 139.55 2026-01-30 141.95  1.72 
  TJX          TJX Companies Inc  1637.61              Retail 2026-01-29 147.47 2026-01-30 149.81  1.59 
  BMY    Bristol-Myers Squibb Co  1105.01     Pharmaceuticals  2026-01-29 54.28  2026-01-30 55.05  1.42 
  COP             ConocoPhillips  1270.32              Energy  2026-01-29 102.8 2026-01-30 104.23  1.39 
  PFE                 Pfizer Inc  1483.97     Pharmaceuticals   2026-01-29 26.1  2026-01-30 26.44  1.30 
