
=== 涨幅榜前20名股票 ===
股票代码               公司名称              市值(亿)                板块                      昨天收盘             今天收盘       涨跌幅(%)
QNCX         Quince Therapeutics Inc  0.07                    Biotechnology  2026-02-09 0.13  2026-02-10 0.53 305.92
FOXO           Foxo Technologies Inc  0.00                       Technology   2026-02-09 0.0   2026-02-10 0.0 100.00
JZXN              Jiuzi Holdings Inc  0.02                           Retail  2026-02-09 1.36  2026-02-10 2.58  89.71
EVMN                    Evommune Inc  5.36                    Biotechnology 2026-02-09 16.99 2026-02-10 29.03  70.87
HURA          TuHURA Biosciences Inc  0.49                    Biotechnology  2026-02-09 0.81   2026-02-10 1.3  60.49
 FGL               Founder Group Ltd  0.02                     Construction  2026-02-09 9.78 2026-02-10 15.44  57.87
VIVK                     Vivakor Inc  0.05                           Energy  2026-02-09 0.01  2026-02-10 0.02  52.34
NKTR             Nektar Therapeutics  7.54                  Pharmaceuticals 2026-02-09 37.07  2026-02-10 56.0  51.07
CNET ZW Data Action Technologies Inc  0.02                            Media  2026-02-09 0.69  2026-02-10 1.04  50.72
SRXH        Srx Health Solutions Inc  0.08                           Retail  2026-02-09 0.11  2026-02-10 0.16  45.55
PHGE                       Biomx Inc  0.10                    Biotechnology  2026-02-09 4.53  2026-02-10 6.54  44.37
SUNE             Sunation Energy Inc  0.04             Electrical Equipment  2026-02-09 1.05  2026-02-10 1.49  41.90
ESOA Energy Services Of America Corp  1.59                           Energy   2026-02-09 9.5 2026-02-10 12.68  33.47
ICHR              Ichor Holdings Ltd 11.73                   Semiconductors 2026-02-09 34.11 2026-02-10 45.27  32.72
LNAI              Lunai Bioworks Inc  0.19                    Biotechnology  2026-02-09 0.83  2026-02-10 1.06  28.33
LANV       Lanvin Group Holdings Ltd  1.29 Textiles, Apparel & Luxury Goods   2026-02-09 1.1  2026-02-10 1.41  28.18
ONCO                   Onconetix Inc  0.02                    Biotechnology  2026-02-09 1.19  2026-02-10 1.51  26.89
AIEV      Thunder Power Holdings Inc  0.06                      Automobiles  2026-02-09 0.12  2026-02-10 0.15  26.05
NMRA        Neumora Therapeutics Inc  3.94                  Pharmaceuticals  2026-02-09 2.39  2026-02-10 2.99  25.10
PHIO       Phio Pharmaceuticals Corp  0.10                    Biotechnology   2026-02-09 0.9  2026-02-10 1.12  24.44

=== 市值超过20亿的涨幅榜前20名股票 ===
 股票代码                公司名称                 市值(亿)                 板块                       昨天收盘              今天收盘       涨跌幅(%)
  UNF                      UniFirst Corp   39.93   Commercial Services & Supplies 2026-02-09 199.84 2026-02-10 230.01 15.10 
 SPOT              Spotify Technology SA  980.10                            Media 2026-02-09 414.84 2026-02-10 476.02 14.75 
 GCMG                  GCM Grosvenor Inc   23.09               Financial Services    2026-02-09 9.9   2026-02-10 11.3 14.14 
 DDOG                        Datadog Inc  399.80                       Technology 2026-02-09 114.01 2026-02-10 129.67 13.74 
RYLPF             Koninklijke Philips NV  234.51                      Health Care  2026-02-09 29.27   2026-02-10 33.0 12.72 
AZLGF                    Azelis Group NV   22.12 Trading Companies & Distributors  2026-02-09 10.69  2026-02-10 11.81 10.43 
 CRDO Credo Technology Group Holding Ltd  243.35                   Semiconductors 2026-02-09 123.41 2026-02-10 134.72  9.16 
 ENTG                       Entegris Inc  185.54                   Semiconductors 2026-02-09 122.39 2026-02-10 133.44  9.03 
  FIG                          Figma Inc  109.67                       Technology  2026-02-09 22.13   2026-02-10 24.1  8.90 
  MAS                         Masco Corp  148.73                         Building  2026-02-09 71.61  2026-02-10 77.82  8.67 
  MAR         Marriott International Inc  964.32    Hotels, Restaurants & Leisure 2026-02-09 331.21 2026-02-10 359.35  8.50 
 FRMI                          Fermi Inc   53.36                      Real Estate   2026-02-09 8.69    2026-02-10 9.4  8.17 
  HAS                         Hasbro Inc  135.79                 Leisure Products  2026-02-09 96.76  2026-02-10 104.0  7.48 
 SHOP                        Shopify Inc 1541.38                       Technology  2026-02-09 118.4 2026-02-10 127.24  7.47 
  DGX              Quest Diagnostics Inc  212.75                      Health Care 2026-02-09 191.25 2026-02-10 205.35  7.37 
 KVYO                        Klaviyo Inc   59.45                       Technology  2026-02-09 19.69  2026-02-10 21.12  7.26 
  TPL            Texas Pacific Land Corp  276.87                           Energy 2026-02-09 374.51 2026-02-10 401.62  7.24 
 UCTT           Ultra Clean Holdings Inc   24.66                   Semiconductors  2026-02-09 50.78  2026-02-10 54.33  6.99 
 FBIN     Fortune Brands Innovations Inc   72.92                         Building   2026-02-09 60.7  2026-02-10 64.44  6.16 
   CE                      Celanese Corp   63.86                        Chemicals  2026-02-09 55.03  2026-02-10 58.32  5.98 

=== 市值超过50亿的涨幅榜前20名股票 ===
 股票代码                公司名称                 市值(亿)                板块                     昨天收盘              今天收盘       涨跌幅(%)
 SPOT              Spotify Technology SA  980.10                         Media 2026-02-09 414.84 2026-02-10 476.02 14.75 
 DDOG                        Datadog Inc  399.80                    Technology 2026-02-09 114.01 2026-02-10 129.67 13.74 
RYLPF             Koninklijke Philips NV  234.51                   Health Care  2026-02-09 29.27   2026-02-10 33.0 12.72 
 CRDO Credo Technology Group Holding Ltd  243.35                Semiconductors 2026-02-09 123.41 2026-02-10 134.72  9.16 
 ENTG                       Entegris Inc  185.54                Semiconductors 2026-02-09 122.39 2026-02-10 133.44  9.03 
  FIG                          Figma Inc  109.67                    Technology  2026-02-09 22.13   2026-02-10 24.1  8.90 
  MAS                         Masco Corp  148.73                      Building  2026-02-09 71.61  2026-02-10 77.82  8.67 
  MAR         Marriott International Inc  964.32 Hotels, Restaurants & Leisure 2026-02-09 331.21 2026-02-10 359.35  8.50 
 FRMI                          Fermi Inc   53.36                   Real Estate   2026-02-09 8.69    2026-02-10 9.4  8.17 
  HAS                         Hasbro Inc  135.79              Leisure Products  2026-02-09 96.76  2026-02-10 104.0  7.48 
 SHOP                        Shopify Inc 1541.38                    Technology  2026-02-09 118.4 2026-02-10 127.24  7.47 
  DGX              Quest Diagnostics Inc  212.75                   Health Care 2026-02-09 191.25 2026-02-10 205.35  7.37 
 KVYO                        Klaviyo Inc   59.45                    Technology  2026-02-09 19.69  2026-02-10 21.12  7.26 
  TPL            Texas Pacific Land Corp  276.87                        Energy 2026-02-09 374.51 2026-02-10 401.62  7.24 
 FBIN     Fortune Brands Innovations Inc   72.92                      Building   2026-02-09 60.7  2026-02-10 64.44  6.16 
   CE                      Celanese Corp   63.86                     Chemicals  2026-02-09 55.03  2026-02-10 58.32  5.98 
  TOL                  Toll Brothers Inc  153.26             Consumer products 2026-02-09 152.26 2026-02-10 161.27  5.92 
    H                  Hyatt Hotels Corp  151.59 Hotels, Restaurants & Leisure 2026-02-09 159.63 2026-02-10 169.05  5.90 
 RDDT                         Reddit Inc  284.21                         Media 2026-02-09 141.74 2026-02-10 149.98  5.81 
  DHI                    D.R. Horton Inc  470.13             Consumer products  2026-02-09 153.5 2026-02-10 162.28  5.72 

=== 市值超过100亿的涨幅榜前20名股票 ===
 股票代码                公司名称                 市值(亿)                板块                     昨天收盘              今天收盘        涨跌幅(%)
 SPOT              Spotify Technology SA  980.10                         Media 2026-02-09 414.84  2026-02-10 476.02 14.75 
 DDOG                        Datadog Inc  399.80                    Technology 2026-02-09 114.01  2026-02-10 129.67 13.74 
RYLPF             Koninklijke Philips NV  234.51                   Health Care  2026-02-09 29.27    2026-02-10 33.0 12.72 
 CRDO Credo Technology Group Holding Ltd  243.35                Semiconductors 2026-02-09 123.41  2026-02-10 134.72  9.16 
 ENTG                       Entegris Inc  185.54                Semiconductors 2026-02-09 122.39  2026-02-10 133.44  9.03 
  FIG                          Figma Inc  109.67                    Technology  2026-02-09 22.13    2026-02-10 24.1  8.90 
  MAS                         Masco Corp  148.73                      Building  2026-02-09 71.61   2026-02-10 77.82  8.67 
  MAR         Marriott International Inc  964.32 Hotels, Restaurants & Leisure 2026-02-09 331.21  2026-02-10 359.35  8.50 
  HAS                         Hasbro Inc  135.79              Leisure Products  2026-02-09 96.76   2026-02-10 104.0  7.48 
 SHOP                        Shopify Inc 1541.38                    Technology  2026-02-09 118.4  2026-02-10 127.24  7.47 
  DGX              Quest Diagnostics Inc  212.75                   Health Care 2026-02-09 191.25  2026-02-10 205.35  7.37 
  TPL            Texas Pacific Land Corp  276.87                        Energy 2026-02-09 374.51  2026-02-10 401.62  7.24 
  TOL                  Toll Brothers Inc  153.26             Consumer products 2026-02-09 152.26  2026-02-10 161.27  5.92 
    H                  Hyatt Hotels Corp  151.59 Hotels, Restaurants & Leisure 2026-02-09 159.63  2026-02-10 169.05  5.90 
 RDDT                         Reddit Inc  284.21                         Media 2026-02-09 141.74  2026-02-10 149.98  5.81 
  DHI                    D.R. Horton Inc  470.13             Consumer products  2026-02-09 153.5  2026-02-10 162.28  5.72 
 ARMK                            Aramark  101.97 Hotels, Restaurants & Leisure   2026-02-09 38.8   2026-02-10 40.96  5.57 
    U                 Unity Software Inc  117.80                    Technology  2026-02-09 27.53   2026-02-10 29.06  5.56 
  MDB                        MongoDB Inc  291.20                    Technology 2026-02-09 357.77  2026-02-10 377.26  5.45 
ADYYF                           Adyen NV  357.88            Financial Services 2026-02-09 1411.0 2026-02-10 1484.55  5.21 

=== 市值超过200亿的涨幅榜前20名股票 ===
 股票代码                公司名称                 市值(亿)                板块                     昨天收盘              今天收盘        涨跌幅(%)
 SPOT              Spotify Technology SA  980.10                         Media 2026-02-09 414.84  2026-02-10 476.02 14.75 
 DDOG                        Datadog Inc  399.80                    Technology 2026-02-09 114.01  2026-02-10 129.67 13.74 
RYLPF             Koninklijke Philips NV  234.51                   Health Care  2026-02-09 29.27    2026-02-10 33.0 12.72 
 CRDO Credo Technology Group Holding Ltd  243.35                Semiconductors 2026-02-09 123.41  2026-02-10 134.72  9.16 
  MAR         Marriott International Inc  964.32 Hotels, Restaurants & Leisure 2026-02-09 331.21  2026-02-10 359.35  8.50 
 SHOP                        Shopify Inc 1541.38                    Technology  2026-02-09 118.4  2026-02-10 127.24  7.47 
  DGX              Quest Diagnostics Inc  212.75                   Health Care 2026-02-09 191.25  2026-02-10 205.35  7.37 
  TPL            Texas Pacific Land Corp  276.87                        Energy 2026-02-09 374.51  2026-02-10 401.62  7.24 
 RDDT                         Reddit Inc  284.21                         Media 2026-02-09 141.74  2026-02-10 149.98  5.81 
  DHI                    D.R. Horton Inc  470.13             Consumer products  2026-02-09 153.5  2026-02-10 162.28  5.72 
  MDB                        MongoDB Inc  291.20                    Technology 2026-02-09 357.77  2026-02-10 377.26  5.45 
ADYYF                           Adyen NV  357.88            Financial Services 2026-02-09 1411.0 2026-02-10 1484.55  5.21 
   DD              Dupont De Nemours Inc  207.10                     Chemicals   2026-02-09 47.1   2026-02-10 49.43  4.95 
  LEN                        Lennar Corp  279.37             Consumer products 2026-02-09 114.08   2026-02-10 119.4  4.66 
  VST                        Vistra Corp  518.30                     Utilities 2026-02-09 152.97   2026-02-10 159.6  4.33 
 DELL              Dell Technologies Inc  835.06                    Technology 2026-02-09 120.91  2026-02-10 126.01  4.22 
 CHTR         Charter Communications Inc  301.70                         Media 2026-02-09 238.25  2026-02-10 248.19  4.17 
 FISV                         Fiserv Inc  336.64            Financial Services  2026-02-09 60.14   2026-02-10 62.59  4.07 
  ECL                         Ecolab Inc  848.63                     Chemicals 2026-02-09 288.16  2026-02-10 299.62  3.98 
    Q              Qnity Electronics Inc  220.36                Semiconductors  2026-02-09 105.2   2026-02-10 109.3  3.90 

=== 市值超过1000亿的涨跌榜前20名股票 ===
 股票代码             公司名称             市值(亿)                 板块                      昨天收盘              今天收盘       涨跌幅(%)
 SHOP                 Shopify Inc  1541.38                     Technology  2026-02-09 118.4 2026-02-10 127.24  7.47 
  UNP          Union Pacific Corp  1509.23                    Road & Rail 2026-02-09 254.34 2026-02-10 261.32  2.74 
  APP               Applovin Corp  1555.88                     Technology 2026-02-09 460.38 2026-02-10 472.92  2.72 
  DIS              Walt Disney Co  1948.23                          Media 2026-02-09 107.13 2026-02-10 109.96  2.64 
   HD              Home Depot Inc  3792.90                         Retail  2026-02-09 381.0 2026-02-10 389.68  2.28 
CMCSA                Comcast Corp  1137.28              Telecommunication  2026-02-09 31.61  2026-02-10 32.31  2.21 
 ORCL                 Oracle Corp  4499.03                     Technology 2026-02-09 156.59 2026-02-10 159.89  2.11 
  PFE                  Pfizer Inc  1537.98                Pharmaceuticals  2026-02-09 27.05  2026-02-10 27.61  2.07 
 TSLA                   Tesla Inc 15659.65                    Automobiles 2026-02-09 417.32 2026-02-10 425.21  1.89 
   BX              Blackstone Inc  1569.52             Financial Services 2026-02-09 131.42 2026-02-10 133.82  1.83 
   BN             Brookfield Corp  1182.20             Financial Services  2026-02-09 46.87  2026-02-10 47.73  1.83 
  ACN               Accenture PLC  1456.80                     Technology 2026-02-09 236.76 2026-02-10 240.86  1.73 
  NEE          Nextera Energy Inc  1863.52                      Utilities  2026-02-09 89.48  2026-02-10 90.83  1.51 
  HON Honeywell International Inc  1522.71       Industrial Conglomerates 2026-02-09 239.84 2026-02-10 243.34  1.46 
  DHR                Danaher Corp  1531.57 Life Sciences Tools & Services 2026-02-09 216.66 2026-02-10 219.75  1.43 
  SYK                Stryker Corp  1361.73                    Health Care 2026-02-09 356.08 2026-02-10 361.06  1.40 
   DE                  Deere & Co  1608.58                      Machinery 2026-02-09 585.67 2026-02-10 593.41  1.32 
   PH        Parker-Hannifin Corp  1251.53                      Machinery 2026-02-09 978.87 2026-02-10 991.57  1.30 
 ANET         Arista Networks Inc  1784.91                 Communications 2026-02-09 141.74 2026-02-10 143.45  1.21 
    T                    AT&T Inc  1907.73              Telecommunication  2026-02-09 27.11  2026-02-10 27.41  1.11 
