
=== 涨幅榜前20名股票 ===
 股票代码                 公司名称                 市值(亿)                板块                      昨天收盘             今天收盘       涨跌幅(%)
 BIRD                         Allbirds Inc  0.22 Textiles, Apparel & Luxury Goods  2026-04-14 2.49 2026-04-15 16.99 582.33
 HUBC               Hub Cyber Security Ltd  0.00                       Technology  2026-04-14 0.13  2026-04-15 0.26 104.72
 ZCAR                 Zoomcar Holdings Inc  0.00                      Road & Rail  2026-04-14 0.09  2026-04-15 0.17  82.80
  CUE                    Cue Biopharma Inc  0.43                    Biotechnology  2026-04-14 0.44  2026-04-15 0.72  65.37
 ASTI        Ascent Solar Technologies Inc  0.38                   Semiconductors  2026-04-14 3.98  2026-04-15 6.36  59.80
 ILLR                    Triller Group Inc  0.14               Financial Services  2026-04-14 0.26  2026-04-15 0.41  57.20
 NOTV                           Inotiv Inc  0.08   Life Sciences Tools & Services  2026-04-14 0.25  2026-04-15 0.39  55.84
 SOPA                     Society Pass Inc  0.04                            Media  2026-04-14 0.35  2026-04-15 0.54  54.91
 SKLZ                           Skillz Inc  0.44                            Media   2026-04-14 2.8   2026-04-15 4.3  53.57
 AGAE    Allied Gaming & Entertainment Inc  0.12    Hotels, Restaurants & Leisure  2026-04-14 0.33  2026-04-15 0.47  43.90
 KMRK              K-Tech Solutions Co Ltd  0.42                 Leisure Products  2026-04-14 2.01  2026-04-15 2.84  41.29
 MNTS                         Momentus Inc  0.28              Aerospace & Defense  2026-04-14 4.96  2026-04-15 6.91  39.31
CPTLF                         Capital B SA  1.70                       Technology   2026-04-14 0.8  2026-04-15 1.09  37.11
 LIPO          Lipella Pharmaceuticals Inc  0.00                    Biotechnology  2026-04-14 0.02  2026-04-15 0.03  36.36
 FLYX                     Flyexclusive Inc  2.09                         Airlines  2026-04-14 2.22  2026-04-15 2.97  33.78
PAOTF                            Parrot SA  3.70                   Communications 2026-04-14 11.29  2026-04-15 15.0  32.86
 BINI            Bollinger Innovations Inc  0.02                      Automobiles  2026-04-14 0.11  2026-04-15 0.14  31.64
 MRLN Inflection Point Acquisition Corp IV  3.67                              N/A 2026-04-14 10.87 2026-04-15 14.29  31.46
 BNRG                Brenmiller Energy Ltd  0.01             Electrical Equipment  2026-04-14 2.55   2026-04-15 3.3  29.39
 ATHR                  Aether Holdings Inc  0.30               Financial Services  2026-04-14 2.48   2026-04-15 3.2  29.03

=== 市值超过20亿的涨幅榜前20名股票 ===
 股票代码            公司名称            市值(亿)                 板块                      昨天收盘              今天收盘       涨跌幅(%)
IMDZF                    IMCD NV  53.81 Trading Companies & Distributors  2026-04-14 85.1 2026-04-15 109.64 28.84 
 QBTS         D-Wave Quantum Inc  62.77                       Technology 2026-04-14 16.97  2026-04-15 20.81 22.63 
 IONQ                   IONQ Inc 131.11                       Technology 2026-04-14 35.76  2026-04-15 43.25 20.95 
 MAAS                  Maase Inc  21.46                        Insurance  2026-04-14 6.71   2026-04-15 7.88 17.44 
  YSS     York Space Systems Inc  35.77              Aerospace & Defense 2026-04-14 34.46  2026-04-15 39.68 15.15 
  SMR         Nuscale Power Corp  34.65             Electrical Equipment 2026-04-14 10.25  2026-04-15 11.71 14.24 
  TEM              Tempus AI Inc  88.55   Life Sciences Tools & Services 2026-04-14 49.53  2026-04-15 56.41 13.89 
 HIMS     Hims & Hers Health Inc  48.69                      Health Care 2026-04-14 21.36  2026-04-15 24.29 13.72 
  AUR      Aurora Innovation Inc  91.01                       Technology  2026-04-14 4.67    2026-04-15 5.3 13.49 
 RGTI      Rigetti Computing Inc  56.03                   Semiconductors 2026-04-14 16.87  2026-04-15 19.11 13.28 
 UPST       Upstart Holdings Inc  28.96               Financial Services 2026-04-14 29.53  2026-04-15 33.36 12.97 
 SOUN          SoundHound AI Inc  29.47                       Technology  2026-04-14 6.97   2026-04-15 7.85 12.63 
 EOSE Eos Energy Enterprises Inc  21.45             Electrical Equipment  2026-04-14 6.32   2026-04-15 7.08 12.03 
 FSLY                 Fastly Inc  31.80                       Technology 2026-04-14 20.95  2026-04-15 23.38 11.60 
 MLYS Mineralys Therapeutics Inc  22.51                    Biotechnology 2026-04-14 27.32  2026-04-15 30.42 11.35 
 BULL                Webull Corp  30.94               Financial Services  2026-04-14 5.82   2026-04-15 6.47 11.17 
 BRZE                  Braze Inc  23.27                       Technology 2026-04-14 20.51  2026-04-15 22.74 10.87 
 TEAM             Atlassian Corp 158.04                       Technology 2026-04-14 59.71   2026-04-15 66.0 10.53 
  FIG                  Figma Inc  96.10                       Technology 2026-04-14 18.42  2026-04-15 20.34 10.42 
 FRMI                  Fermi Inc  33.26                      Real Estate  2026-04-14 5.28   2026-04-15 5.83 10.42 

=== 市值超过50亿的涨幅榜前20名股票 ===
 股票代码           公司名称           市值(亿)                 板块                       昨天收盘              今天收盘       涨跌幅(%)
IMDZF                 IMCD NV   53.81 Trading Companies & Distributors   2026-04-14 85.1 2026-04-15 109.64 28.84 
 QBTS      D-Wave Quantum Inc   62.77                       Technology  2026-04-14 16.97  2026-04-15 20.81 22.63 
 IONQ                IONQ Inc  131.11                       Technology  2026-04-14 35.76  2026-04-15 43.25 20.95 
  TEM           Tempus AI Inc   88.55   Life Sciences Tools & Services  2026-04-14 49.53  2026-04-15 56.41 13.89 
  AUR   Aurora Innovation Inc   91.01                       Technology   2026-04-14 4.67    2026-04-15 5.3 13.49 
 RGTI   Rigetti Computing Inc   56.03                   Semiconductors  2026-04-14 16.87  2026-04-15 19.11 13.28 
 TEAM          Atlassian Corp  158.04                       Technology  2026-04-14 59.71   2026-04-15 66.0 10.53 
  FIG               Figma Inc   96.10                       Technology  2026-04-14 18.42  2026-04-15 20.34 10.42 
 HOOD   Robinhood Markets Inc  712.05               Financial Services  2026-04-14 79.09  2026-04-15 87.32 10.41 
 LUMN  Lumen Technologies Inc   80.33                Telecommunication    2026-04-14 7.8   2026-04-15 8.59 10.13 
 DASH            DoorDash Inc  710.50    Hotels, Restaurants & Leisure 2026-04-14 163.55 2026-04-15 179.93 10.02 
 DDOG             Datadog Inc  390.07                       Technology 2026-04-14 110.57 2026-04-15 121.06  9.49 
ADYYF                Adyen NV  281.53               Financial Services 2026-04-14 1065.0 2026-04-15 1161.0  9.01 
  IOT             Samsara Inc  153.95                       Technology  2026-04-14 26.51  2026-04-15 28.85  8.83 
 KVYO             Klaviyo Inc   51.63                       Technology  2026-04-14 16.94  2026-04-15 18.37  8.44 
 PINS           Pinterest Inc  119.83                            Media   2026-04-14 18.7  2026-04-15 20.27  8.40 
 SHOP             Shopify Inc 1534.16                       Technology 2026-04-14 117.64 2026-04-15 127.41  8.31 
    U      Unity Software Inc  101.10                       Technology  2026-04-14 23.35  2026-04-15 25.26  8.18 
 OKLO                Oklo Inc  101.68                        Utilities  2026-04-14 58.58  2026-04-15 63.35  8.14 
   ZM Zoom Communications Inc  242.69                       Technology   2026-04-14 82.4  2026-04-15 89.03  8.05 

=== 市值超过100亿的涨幅榜前20名股票 ===
 股票代码           公司名称           市值(亿)                 板块                     昨天收盘              今天收盘       涨跌幅(%)
 IONQ                IONQ Inc   131.11                    Technology  2026-04-14 35.76  2026-04-15 43.25 20.95 
 TEAM          Atlassian Corp   158.04                    Technology  2026-04-14 59.71   2026-04-15 66.0 10.53 
 HOOD   Robinhood Markets Inc   712.05            Financial Services  2026-04-14 79.09  2026-04-15 87.32 10.41 
 DASH            DoorDash Inc   710.50 Hotels, Restaurants & Leisure 2026-04-14 163.55 2026-04-15 179.93 10.02 
 DDOG             Datadog Inc   390.07                    Technology 2026-04-14 110.57 2026-04-15 121.06  9.49 
ADYYF                Adyen NV   281.53            Financial Services 2026-04-14 1065.0 2026-04-15 1161.0  9.01 
  IOT             Samsara Inc   153.95                    Technology  2026-04-14 26.51  2026-04-15 28.85  8.83 
 PINS           Pinterest Inc   119.83                         Media   2026-04-14 18.7  2026-04-15 20.27  8.40 
 SHOP             Shopify Inc  1534.16                    Technology 2026-04-14 117.64 2026-04-15 127.41  8.31 
    U      Unity Software Inc   101.10                    Technology  2026-04-14 23.35  2026-04-15 25.26  8.18 
 OKLO                Oklo Inc   101.68                     Utilities  2026-04-14 58.58  2026-04-15 63.35  8.14 
   ZM Zoom Communications Inc   242.69                    Technology   2026-04-14 82.4  2026-04-15 89.03  8.05 
 TSLA               Tesla Inc 13666.36                   Automobiles  2026-04-14 364.2 2026-04-15 391.95  7.62 
  APP           Applovin Corp  1462.13                    Technology 2026-04-14 433.51 2026-04-15 464.63  7.18 
  EQH  Equitable Holdings Inc   110.33            Financial Services  2026-04-14 39.21   2026-04-15 42.0  7.12 
 AFRM     Affirm Holdings Inc   185.94            Financial Services  2026-04-14 55.82  2026-04-15 59.62  6.81 
   ZS             Zscaler Inc   222.79                    Technology 2026-04-14 122.68 2026-04-15 131.01  6.79 
  TTD          Trade Desk Inc   100.05                         Media  2026-04-14 21.02  2026-04-15 22.38  6.47 
  NET          Cloudflare Inc   628.81                    Technology 2026-04-14 178.65 2026-04-15 190.13  6.43 
 INTU              Intuit Inc  1014.39                    Technology  2026-04-14 366.8 2026-04-15 389.72  6.25 

=== 市值超过200亿的涨幅榜前20名股票 ===
 股票代码                公司名称                 市值(亿)                 板块                     昨天收盘              今天收盘       涨跌幅(%)
 HOOD              Robinhood Markets Inc   712.05            Financial Services  2026-04-14 79.09  2026-04-15 87.32 10.41 
 DASH                       DoorDash Inc   710.50 Hotels, Restaurants & Leisure 2026-04-14 163.55 2026-04-15 179.93 10.02 
 DDOG                        Datadog Inc   390.07                    Technology 2026-04-14 110.57 2026-04-15 121.06  9.49 
ADYYF                           Adyen NV   281.53            Financial Services 2026-04-14 1065.0 2026-04-15 1161.0  9.01 
 SHOP                        Shopify Inc  1534.16                    Technology 2026-04-14 117.64 2026-04-15 127.41  8.31 
   ZM            Zoom Communications Inc   242.69                    Technology   2026-04-14 82.4  2026-04-15 89.03  8.05 
 TSLA                          Tesla Inc 13666.36                   Automobiles  2026-04-14 364.2 2026-04-15 391.95  7.62 
  APP                      Applovin Corp  1462.13                    Technology 2026-04-14 433.51 2026-04-15 464.63  7.18 
   ZS                        Zscaler Inc   222.79                    Technology 2026-04-14 122.68 2026-04-15 131.01  6.79 
  NET                     Cloudflare Inc   628.81                    Technology 2026-04-14 178.65 2026-04-15 190.13  6.43 
 INTU                         Intuit Inc  1014.39                    Technology  2026-04-14 366.8 2026-04-15 389.72  6.25 
 COIN                Coinbase Global Inc   486.98            Financial Services 2026-04-14 184.41  2026-04-15 195.9  6.23 
 UBER              Uber Technologies Inc  1485.05                   Road & Rail  2026-04-14 72.91  2026-04-15 77.28  5.99 
 ARES               Ares Management Corp   248.76            Financial Services 2026-04-14 112.61 2026-04-15 119.28  5.92 
 AXON                Axon Enterprise Inc   306.20           Aerospace & Defense 2026-04-14 380.86 2026-04-15 402.18  5.60 
 CRDO Credo Technology Group Holding Ltd   294.23                Semiconductors 2026-04-14 159.52 2026-04-15 168.35  5.54 
 VEEV                  Veeva Systems Inc   259.84                   Health Care 2026-04-14 159.09  2026-04-15 167.3  5.16 
  APO       Apollo Global Management Inc   663.94            Financial Services 2026-04-14 114.82 2026-04-15 120.54  4.98 
 SOFI              SoFi Technologies Inc   228.40            Financial Services  2026-04-14 17.91  2026-04-15 18.79  4.91 
 PLTR          Palantir Technologies Inc  3245.50                    Technology  2026-04-14 135.7 2026-04-15 142.15  4.75 

=== 市值超过1000亿的涨跌榜前20名股票 ===
股票代码                 公司名称                  市值(亿)                 板块                     昨天收盘              今天收盘       涨跌幅(%)
SHOP                          Shopify Inc  1534.16                    Technology 2026-04-14 117.64 2026-04-15 127.41  8.31 
TSLA                            Tesla Inc 13666.36                   Automobiles  2026-04-14 364.2 2026-04-15 391.95  7.62 
 APP                        Applovin Corp  1462.13                    Technology 2026-04-14 433.51 2026-04-15 464.63  7.18 
INTU                           Intuit Inc  1014.39                    Technology  2026-04-14 366.8 2026-04-15 389.72  6.25 
UBER                Uber Technologies Inc  1485.05                   Road & Rail  2026-04-14 72.91  2026-04-15 77.28  5.99 
PLTR            Palantir Technologies Inc  3245.50                    Technology  2026-04-14 135.7 2026-04-15 142.15  4.75 
MSFT                       Microsoft Corp 29190.89                    Technology 2026-04-14 393.11 2026-04-15 411.22  4.61 
  MS                       Morgan Stanley  2911.18            Financial Services 2026-04-14 183.34 2026-04-15 191.62  4.52 
AVGO                         Broadcom Inc 18028.67                Semiconductors 2026-04-14 380.78 2026-04-15 396.72  4.19 
ORCL                          Oracle Corp  4687.95                    Technology  2026-04-14 163.0 2026-04-15 169.81  4.18 
SPOT                Spotify Technology SA  1052.55                         Media 2026-04-14 511.36 2026-04-15 531.17  3.87 
 CRM                       Salesforce Inc  1581.19                    Technology 2026-04-14 171.31  2026-04-15 177.6  3.67 
IBKR        Interactive Brokers Group Inc  1307.89            Financial Services   2026-04-14 77.1  2026-04-15 79.69  3.36 
  BX                       Blackstone Inc  1544.08            Financial Services 2026-04-14 126.33 2026-04-15 130.19  3.06 
AAPL                            Apple Inc 37999.20                    Technology 2026-04-14 258.83 2026-04-15 266.43  2.94 
BKNG                 Booking Holdings Inc  1434.17 Hotels, Restaurants & Leisure 2026-04-14 181.12 2026-04-15 185.69  2.52 
 PGR                     Progressive Corp  1149.98                     Insurance 2026-04-14 196.59 2026-04-15 201.23  2.36 
  BN                      Brookfield Corp  1019.05            Financial Services  2026-04-14 45.55   2026-04-15 46.5  2.09 
 ACN                        Accenture PLC  1168.76                    Technology 2026-04-14 190.37  2026-04-15 194.0  1.91 
 IBM International Business Machines Corp  2253.82                    Technology 2026-04-14 240.27  2026-04-15 244.8  1.89 
