
=== 涨幅榜前20名股票 ===
股票代码               公司名称               市值(亿)                 板块                       昨天收盘              今天收盘       涨跌幅(%)
PRAX   Praxis Precision Medicines Inc  12.07                    Biotechnology  2025-10-15 57.35 2025-10-16 162.71 183.71
MIRA         MIRA Pharmaceuticals Inc   0.39                  Pharmaceuticals   2025-10-15 1.32    2025-10-16 1.8  36.36
CLPS                         CLPS Inc   0.36                       Technology    2025-10-15 1.2   2025-10-16 1.62  35.56
FEMY                      Femasys Inc   0.27                      Health Care   2025-10-15 0.55   2025-10-16 0.75  35.28
 REE               REE Automotive Ltd   0.44                  Auto Components   2025-10-15 1.09    2025-10-16 1.4  29.03
AEON               AEON Biopharma Inc   0.13                              N/A    2025-10-15 1.1    2025-10-16 1.4  27.27
BIAF     bioAffinity Technologies Inc   0.13                    Biotechnology   2025-10-15 2.71   2025-10-16 3.41  25.83
YGMZ   MingZhu Logistics Holdings Ltd   0.77                      Road & Rail   2025-10-15 0.79   2025-10-16 0.98  24.05
JBHT  J B Hunt Transport Services Inc 160.52                      Road & Rail 2025-10-15 138.83 2025-10-16 169.57  22.14
LOBO         LOBO EV Technologies Ltd   0.13                      Automobiles   2025-10-15 0.93   2025-10-16 1.13  21.51
MTEN  Mingteng International Corp Inc   0.36                  Auto Components   2025-10-15 3.75   2025-10-16 4.55  21.33
PRSO                       Peraso Inc   0.17                   Semiconductors   2025-10-15 1.95   2025-10-16 2.32  18.97
MASK 3 E Network Technology Group Ltd   0.06                       Technology   2025-10-15 0.49   2025-10-16 0.57  17.24
MIGI  Mawson Infrastructure Group Inc   0.34                       Technology   2025-10-15 1.43   2025-10-16 1.67  16.78
AXIL                  AXIL Brands Inc   0.37                Consumer products    2025-10-15 5.3   2025-10-16 6.12  15.47
IOBT                   IO Biotech Inc   0.45                    Biotechnology   2025-10-15 0.67   2025-10-16 0.77  15.05
TOPP            Toppoint Holdings Inc   0.27                      Road & Rail   2025-10-15 1.47   2025-10-16 1.69  14.97
 JXG          JX Luxventure Group Inc   0.16 Textiles, Apparel & Luxury Goods    2025-10-15 0.9   2025-10-16 1.03  14.44
GRAL                        Grail Inc  29.83                    Biotechnology  2025-10-15 75.52  2025-10-16 86.41  14.42
PHOE        Phoenix Asia Holdings Ltd   2.93                     Construction  2025-10-15 13.23  2025-10-16 15.04  13.68

=== 市值超过20亿的涨幅榜前20名股票 ===
股票代码               公司名称                市值(亿)                板块                      昨天收盘              今天收盘        涨跌幅(%)
JBHT  J B Hunt Transport Services Inc  160.52                    Road & Rail 2025-10-15 138.83  2025-10-16 169.57 22.14 
GRAL                        Grail Inc   29.83                  Biotechnology  2025-10-15 75.52   2025-10-16 86.41 14.42 
GTLB                       GitLab Inc   72.90                     Technology  2025-10-15 43.65   2025-10-16 48.27 10.60 
OLED           Universal Display Corp   69.32                 Semiconductors 2025-10-15 142.22  2025-10-16 150.15  5.58 
VICR                       Vicor Corp   27.19           Electrical Equipment  2025-10-15 57.31   2025-10-16 60.47  5.51 
SRPT         Sarepta Therapeutics Inc   22.00                  Biotechnology   2025-10-15 22.2   2025-10-16 23.34  5.14 
  GH              Guardant Health Inc   83.45                    Health Care  2025-10-15 64.19   2025-10-16 67.47  5.11 
COHR                    Coherent Corp  178.28           Electrical Equipment 2025-10-15 110.41  2025-10-16 115.96  5.03 
 NEM              Newmont Corporation 1071.65                Metals & Mining  2025-10-15 93.58   2025-10-16 98.27  5.01 
CELC                     Celcuity Inc   22.21                  Biotechnology  2025-10-15 50.03   2025-10-16 52.53  5.00 
EPAC          Enerpac Tool Group Corp   22.77                      Machinery  2025-10-15 40.31   2025-10-16 42.24  4.79 
  AU            Anglogold Ashanti PLC  379.67                Metals & Mining  2025-10-15 75.22   2025-10-16 78.55  4.43 
 MTD Mettler-Toledo International Inc  277.68 Life Sciences Tools & Services 2025-10-15 1304.0 2025-10-16 1359.61  4.26 
LITE            Lumentum Holdings Inc  117.08                 Communications 2025-10-15 156.57  2025-10-16 163.23  4.25 
SNDR           Schneider National Inc   41.27                    Road & Rail  2025-10-15 22.68   2025-10-16 23.61  4.10 
FRPT                     Freshpet Inc   25.82                  Food Products  2025-10-15 51.55   2025-10-16 53.65  4.07 
 CRM                   Salesforce Inc 2351.54                     Technology 2025-10-15 236.58   2025-10-16 246.0  3.98 
  FN                         Fabrinet  151.83           Electrical Equipment 2025-10-15 398.34  2025-10-16 412.46  3.54 
CORT         Corcept Therapeutics Inc   82.25                Pharmaceuticals  2025-10-15 76.81   2025-10-16 79.47  3.46 
COCO            Vita Coco Company Inc   23.46                      Beverages  2025-10-15 39.95   2025-10-16 41.27  3.30 

=== 市值超过50亿的涨幅榜前20名股票 ===
股票代码                     公司名称                      市值(亿)                 板块                       昨天收盘              今天收盘        涨跌幅(%)
JBHT              J B Hunt Transport Services Inc  160.52                      Road & Rail 2025-10-15 138.83  2025-10-16 169.57 22.14 
GTLB                                   GitLab Inc   72.90                       Technology  2025-10-15 43.65   2025-10-16 48.27 10.60 
OLED                       Universal Display Corp   69.32                   Semiconductors 2025-10-15 142.22  2025-10-16 150.15  5.58 
  GH                          Guardant Health Inc   83.45                      Health Care  2025-10-15 64.19   2025-10-16 67.47  5.11 
COHR                                Coherent Corp  178.28             Electrical Equipment 2025-10-15 110.41  2025-10-16 115.96  5.03 
 NEM                          Newmont Corporation 1071.65                  Metals & Mining  2025-10-15 93.58   2025-10-16 98.27  5.01 
  AU                        Anglogold Ashanti PLC  379.67                  Metals & Mining  2025-10-15 75.22   2025-10-16 78.55  4.43 
 MTD             Mettler-Toledo International Inc  277.68   Life Sciences Tools & Services 2025-10-15 1304.0 2025-10-16 1359.61  4.26 
LITE                        Lumentum Holdings Inc  117.08                   Communications 2025-10-15 156.57  2025-10-16 163.23  4.25 
 CRM                               Salesforce Inc 2351.54                       Technology 2025-10-15 236.58   2025-10-16 246.0  3.98 
  FN                                     Fabrinet  151.83             Electrical Equipment 2025-10-15 398.34  2025-10-16 412.46  3.54 
CORT                     Corcept Therapeutics Inc   82.25                  Pharmaceuticals  2025-10-15 76.81   2025-10-16 79.47  3.46 
ILMN                                 Illumina Inc  149.46   Life Sciences Tools & Services   2025-10-15 93.0   2025-10-16 95.91  3.13 
 STX              Seagate Technology Holdings PLC  492.14                       Technology 2025-10-15 219.38  2025-10-16 226.03  3.03 
DECK                         Deckers Outdoor Corp  145.13 Textiles, Apparel & Luxury Goods  2025-10-15 96.44   2025-10-16 99.06  2.72 
SAIA                                     Saia Inc   81.15                      Road & Rail 2025-10-15 296.77  2025-10-16 304.31  2.54 
 CRL Charles River Laboratories International Inc   86.90   Life Sciences Tools & Services 2025-10-15 170.72  2025-10-16 174.95  2.48 
 VNT                                 Vontier Corp   60.07             Electrical Equipment  2025-10-15 40.42    2025-10-16 41.4  2.42 
  BG                              Bunge Global SA  192.18                    Food Products  2025-10-15 93.09   2025-10-16 95.33  2.41 
ALNY                  Alnylam Pharmaceuticals Inc  636.91                    Biotechnology 2025-10-15 470.27  2025-10-16 481.07  2.30 

=== 市值超过100亿的涨幅榜前20名股票 ===
股票代码               公司名称                市值(亿)                 板块                       昨天收盘              今天收盘        涨跌幅(%)
JBHT  J B Hunt Transport Services Inc  160.52                      Road & Rail 2025-10-15 138.83  2025-10-16 169.57 22.14 
COHR                    Coherent Corp  178.28             Electrical Equipment 2025-10-15 110.41  2025-10-16 115.96  5.03 
 NEM              Newmont Corporation 1071.65                  Metals & Mining  2025-10-15 93.58   2025-10-16 98.27  5.01 
  AU            Anglogold Ashanti PLC  379.67                  Metals & Mining  2025-10-15 75.22   2025-10-16 78.55  4.43 
 MTD Mettler-Toledo International Inc  277.68   Life Sciences Tools & Services 2025-10-15 1304.0 2025-10-16 1359.61  4.26 
LITE            Lumentum Holdings Inc  117.08                   Communications 2025-10-15 156.57  2025-10-16 163.23  4.25 
 CRM                   Salesforce Inc 2351.54                       Technology 2025-10-15 236.58   2025-10-16 246.0  3.98 
  FN                         Fabrinet  151.83             Electrical Equipment 2025-10-15 398.34  2025-10-16 412.46  3.54 
ILMN                     Illumina Inc  149.46   Life Sciences Tools & Services   2025-10-15 93.0   2025-10-16 95.91  3.13 
 STX  Seagate Technology Holdings PLC  492.14                       Technology 2025-10-15 219.38  2025-10-16 226.03  3.03 
DECK             Deckers Outdoor Corp  145.13 Textiles, Apparel & Luxury Goods  2025-10-15 96.44   2025-10-16 99.06  2.72 
  BG                  Bunge Global SA  192.18                    Food Products  2025-10-15 93.09   2025-10-16 95.33  2.41 
ALNY      Alnylam Pharmaceuticals Inc  636.91                    Biotechnology 2025-10-15 470.27  2025-10-16 481.07  2.30 
RGLD                   Royal Gold Inc  137.11                  Metals & Mining 2025-10-15 202.24  2025-10-16 206.65  2.18 
 CNH                CNH Industrial NV  129.40                        Machinery  2025-10-15 10.24   2025-10-16 10.45  2.05 
RVTY                      Revvity Inc  110.04   Life Sciences Tools & Services  2025-10-15 92.12    2025-10-16 94.0  2.04 
 MKC          McCormick & Company Inc  177.91                    Food Products   2025-10-15 65.3    2025-10-16 66.6  1.99 
 HUM                       Humana Inc  318.23                      Health Care 2025-10-15 262.17  2025-10-16 267.28  1.95 
  DE                       Deere & Co 1222.73                        Machinery 2025-10-15 448.46  2025-10-16 457.16  1.94 
CELH             Celsius Holdings Inc  170.74                        Beverages   2025-10-15 63.1   2025-10-16 64.29  1.89 

=== 市值超过200亿的涨幅榜前20名股票 ===
股票代码               公司名称                市值(亿)                 板块                      昨天收盘               今天收盘        涨跌幅(%)
 NEM              Newmont Corporation  1071.65                Metals & Mining   2025-10-15 93.58   2025-10-16 98.27  5.01 
  AU            Anglogold Ashanti PLC   379.67                Metals & Mining   2025-10-15 75.22   2025-10-16 78.55  4.43 
 MTD Mettler-Toledo International Inc   277.68 Life Sciences Tools & Services  2025-10-15 1304.0 2025-10-16 1359.61  4.26 
 CRM                   Salesforce Inc  2351.54                     Technology  2025-10-15 236.58   2025-10-16 246.0  3.98 
 STX  Seagate Technology Holdings PLC   492.14                     Technology  2025-10-15 219.38  2025-10-16 226.03  3.03 
ALNY      Alnylam Pharmaceuticals Inc   636.91                  Biotechnology  2025-10-15 470.27  2025-10-16 481.07  2.30 
 HUM                       Humana Inc   318.23                    Health Care  2025-10-15 262.17  2025-10-16 267.28  1.95 
  DE                       Deere & Co  1222.73                      Machinery  2025-10-15 448.46  2025-10-16 457.16  1.94 
VEEV                Veeva Systems Inc   480.50                    Health Care  2025-10-15 287.38  2025-10-16 292.73  1.86 
 UPS        United Parcel Service Inc   718.15     Logistics & Transportation   2025-10-15 84.09   2025-10-16 85.64  1.84 
ANET              Arista Networks Inc  1830.18                 Communications  2025-10-15 143.38  2025-10-16 146.01  1.83 
  EL       Estee Lauder Companies Inc   349.61              Consumer products   2025-10-15 95.27    2025-10-16 96.8  1.61 
 ADI               Analog Devices Inc  1196.24                 Semiconductors  2025-10-15 238.15  2025-10-16 241.61  1.45 
DXCM                       Dexcom Inc   258.70                    Health Care   2025-10-15 65.41   2025-10-16 66.33  1.41 
 IQV               IQVIA Holdings Inc   351.17 Life Sciences Tools & Services  2025-10-15 203.12  2025-10-16 205.75  1.29 
ALAB                  Astera Labs Inc   273.83                 Semiconductors  2025-10-15 161.46  2025-10-16 163.55  1.29 
CIEN                       Ciena Corp   245.98                 Communications  2025-10-15 168.71  2025-10-16 170.78  1.23 
AXON              Axon Enterprise Inc   515.49            Aerospace & Defense  2025-10-15 644.99  2025-10-16 652.17  1.11 
NVDA                      NVIDIA Corp 44287.99                 Semiconductors  2025-10-15 179.83  2025-10-16 181.81  1.10 
KLAC                         KLA Corp  1426.09                 Semiconductors 2025-10-15 1087.01  2025-10-16 1098.8  1.08 

=== 市值超过1000亿的涨跌榜前20名股票 ===
 股票代码                 公司名称                 市值(亿)                  板块                       昨天收盘               今天收盘       涨跌幅(%)
  NEM                 Newmont Corporation  1071.65                  Metals & Mining   2025-10-15 93.58  2025-10-16 98.27  5.01 
  CRM                      Salesforce Inc  2351.54                       Technology  2025-10-15 236.58  2025-10-16 246.0  3.98 
   DE                          Deere & Co  1222.73                        Machinery  2025-10-15 448.46 2025-10-16 457.16  1.94 
 ANET                 Arista Networks Inc  1830.18                   Communications  2025-10-15 143.38 2025-10-16 146.01  1.83 
  ADI                  Analog Devices Inc  1196.24                   Semiconductors  2025-10-15 238.15 2025-10-16 241.61  1.45 
 NVDA                         NVIDIA Corp 44287.99                   Semiconductors  2025-10-15 179.83 2025-10-16 181.81  1.10 
 KLAC                            KLA Corp  1426.09                   Semiconductors 2025-10-15 1087.01 2025-10-16 1098.8  1.08 
  CVS                     CVS Health Corp  1032.29                      Health Care   2025-10-15 80.67  2025-10-16 81.37  0.87 
LVMHF LVMH Moet Hennessy Louis Vuitton SE  2986.78 Textiles, Apparel & Luxury Goods   2025-10-15 694.4  2025-10-16 700.0  0.81 
 AVGO                        Broadcom Inc 16787.54                   Semiconductors  2025-10-15 351.33 2025-10-16 354.15  0.80 
   KO                        Coca-Cola Co  2918.32                        Beverages   2025-10-15 67.08  2025-10-16 67.59  0.76 
 QCOM                        Qualcomm Inc  1776.14                   Semiconductors  2025-10-15 162.97 2025-10-16 164.08  0.68 
  APP                       Applovin Corp  2051.60                       Technology   2025-10-15 602.3 2025-10-16 605.68  0.56 
    T                            AT&T Inc  1883.05                Telecommunication   2025-10-15 26.07   2025-10-16 26.2  0.50 
  HON         Honeywell International Inc  1292.59         Industrial Conglomerates   2025-10-15 202.5 2025-10-16 203.17  0.33 
  TXN               Texas Instruments Inc  1609.72                   Semiconductors  2025-10-15 175.27 2025-10-16 175.48  0.12 
 GOOG                        Alphabet Inc 30716.16                            Media  2025-10-15 251.71 2025-10-16 251.88  0.07 
  RTX                            RTX Corp  2109.01              Aerospace & Defense   2025-10-15 157.0 2025-10-16 157.05  0.03 
   GE                 General Electric Co  3192.88              Aerospace & Defense  2025-10-15 300.12 2025-10-16 299.84 -0.09 
 TMUS                     T-Mobile US Inc  2562.47                Telecommunication  2025-10-15 226.65 2025-10-16 226.45 -0.09 
