
=== 涨幅榜前20名股票 ===
股票代码               公司名称              市值(亿)               板块                    昨天收盘              今天收盘       涨跌幅(%)
MGRT             Mega Fortune Co Ltd  0.80                    Technology  2026-02-11 5.81  2026-02-12 12.34 112.39
FOXO           Foxo Technologies Inc  0.00                    Technology   2026-02-11 0.0    2026-02-12 0.0 100.00
FSLY                      Fastly Inc 13.91                    Technology  2026-02-11 9.31  2026-02-12 16.04  72.29
GLTO                     Galecto Inc  0.35                 Biotechnology  2026-02-11 21.8  2026-02-12 30.03  37.75
HXHX             Haoxin Holdings Ltd  0.05                   Road & Rail   2026-02-11 0.4   2026-02-12 0.54  36.36
CGNX                     Cognex Corp 72.12          Electrical Equipment 2026-02-11 43.03  2026-02-12 58.67  36.35
IPGP              IPG Photonics Corp 46.72          Electrical Equipment 2026-02-11 110.9 2026-02-12 150.25  35.48
JZXN              Jiuzi Holdings Inc  0.02                        Retail  2026-02-11 1.66   2026-02-12 2.19  31.93
RIME         Algorhythm Holdings Inc  0.02             Consumer products  2026-02-11 0.83   2026-02-12 1.08  30.12
 SGN          Signing Day Sports Inc  0.03                    Technology  2026-02-11 0.21   2026-02-12 0.27  29.01
JDZG                       JIADE Ltd  0.31 Diversified Consumer Services  2026-02-11 1.32   2026-02-12 1.69  28.03
SPHR         Sphere Entertainment Co 33.52                         Media  2026-02-11 94.8 2026-02-12 115.72  22.07
BNAI    Brand Engagement Network Inc  1.03                    Technology 2026-02-11 17.61  2026-02-12 21.42  21.64
LPTH      LightPath Technologies Inc  5.47          Electrical Equipment 2026-02-11 10.27  2026-02-12 12.48  21.52
FBGL                  FBS Global Ltd  0.13                  Construction  2026-02-11 0.97   2026-02-12 1.18  21.52
ERNA         Ernexa Therapeutics Inc  0.02                 Biotechnology   2026-02-11 0.3   2026-02-12 0.36  21.30
KPTI     Karyopharm Therapeutics Inc  1.35                 Biotechnology  2026-02-11 7.37   2026-02-12 8.94  21.30
IRDM      Iridium Communications Inc 19.34             Telecommunication 2026-02-11 18.46  2026-02-12 22.39  21.29
 GLE Global Engine Group Holding Ltd  0.06                    Technology  2026-02-11 0.34   2026-02-12 0.41  20.74
NVCR                    Novocure Ltd 11.76                   Health Care  2026-02-11 10.5  2026-02-12 12.53  19.33

=== 市值超过20亿的涨幅榜前20名股票 ===
 股票代码                公司名称               市值(亿)                 板块                       昨天收盘              今天收盘       涨跌幅(%)
 CGNX                       Cognex Corp  72.12             Electrical Equipment  2026-02-11 43.03  2026-02-12 58.67 36.35 
 IPGP                IPG Photonics Corp  46.72             Electrical Equipment  2026-02-11 110.9 2026-02-12 150.25 35.48 
 SPHR           Sphere Entertainment Co  33.52                            Media   2026-02-11 94.8 2026-02-12 115.72 22.07 
 CROX                         Crocs Inc  42.95 Textiles, Apparel & Luxury Goods  2026-02-11 82.73  2026-02-12 98.46 19.01 
   MH                   McGraw Hill Inc  23.57    Diversified Consumer Services  2026-02-11 12.34  2026-02-12 14.31 15.96 
LGRVF                        Legrand SA 378.30             Electrical Equipment 2026-02-11 157.71 2026-02-12 179.48 13.80 
 USFD             US Foods Holding Corp 200.49                           Retail  2026-02-11 89.93 2026-02-12 101.98 13.40 
AMSYF                  ArcelorMittal SA 410.88                  Metals & Mining   2026-02-11 55.6  2026-02-12 62.65 12.68 
 AKAM           Akamai Technologies Inc 136.38                       Technology   2026-02-11 94.8 2026-02-12 104.61 10.35 
 HUBS                       HubSpot Inc 119.94                       Technology 2026-02-11 209.33 2026-02-12 228.95  9.37 
  TRN            Trinity Industries Inc  25.40                        Machinery  2026-02-11 31.68  2026-02-12 34.58  9.15 
  BGC                     Bgc Group Inc  40.83               Financial Services   2026-02-11 8.71    2026-02-12 9.5  9.07 
  RGC Regencell Bioscience Holdings Ltd 132.13                  Pharmaceuticals  2026-02-11 26.72  2026-02-12 29.02  8.61 
 ZBRA           Zebra Technologies Corp 130.60             Electrical Equipment  2026-02-11 252.5 2026-02-12 274.15  8.57 
 PFGC         Performance Food Group Co 141.81                           Retail  2026-02-11 90.27   2026-02-12 98.0  8.56 
BESVF    BE Semiconductor Industries NV 137.96                   Semiconductors  2026-02-11 186.0 2026-02-12 200.65  7.88 
  MSI            Motorola Solutions Inc 701.41                   Communications 2026-02-11 421.13 2026-02-12 453.44  7.67 
ELSSF                           Elis SA  62.46   Commercial Services & Supplies   2026-02-11 29.8   2026-02-12 32.0  7.40 
LLYVB                 Formula One Group 291.78                            Media  2026-02-11 91.37   2026-02-12 98.0  7.26 
 PEGA                   Pegasystems Inc  64.12                       Technology  2026-02-11 37.93  2026-02-12 40.59  7.01 

=== 市值超过50亿的涨幅榜前20名股票 ===
 股票代码                  公司名称                   市值(亿)                板块                      昨天收盘              今天收盘       涨跌幅(%)
 CGNX                            Cognex Corp   72.12           Electrical Equipment  2026-02-11 43.03  2026-02-12 58.67 36.35 
LGRVF                             Legrand SA  378.30           Electrical Equipment 2026-02-11 157.71 2026-02-12 179.48 13.80 
 USFD                  US Foods Holding Corp  200.49                         Retail  2026-02-11 89.93 2026-02-12 101.98 13.40 
AMSYF                       ArcelorMittal SA  410.88                Metals & Mining   2026-02-11 55.6  2026-02-12 62.65 12.68 
 AKAM                Akamai Technologies Inc  136.38                     Technology   2026-02-11 94.8 2026-02-12 104.61 10.35 
 HUBS                            HubSpot Inc  119.94                     Technology 2026-02-11 209.33 2026-02-12 228.95  9.37 
  RGC      Regencell Bioscience Holdings Ltd  132.13                Pharmaceuticals  2026-02-11 26.72  2026-02-12 29.02  8.61 
 ZBRA                Zebra Technologies Corp  130.60           Electrical Equipment  2026-02-11 252.5 2026-02-12 274.15  8.57 
 PFGC              Performance Food Group Co  141.81                         Retail  2026-02-11 90.27   2026-02-12 98.0  8.56 
BESVF         BE Semiconductor Industries NV  137.96                 Semiconductors  2026-02-11 186.0 2026-02-12 200.65  7.88 
  MSI                 Motorola Solutions Inc  701.41                 Communications 2026-02-11 421.13 2026-02-12 453.44  7.67 
ELSSF                                Elis SA   62.46 Commercial Services & Supplies   2026-02-11 29.8   2026-02-12 32.0  7.40 
LLYVB                      Formula One Group  291.78                          Media  2026-02-11 91.37   2026-02-12 98.0  7.26 
 PEGA                        Pegasystems Inc   64.12                     Technology  2026-02-11 37.93  2026-02-12 40.59  7.01 
  EXC                            Exelon Corp  449.07                      Utilities  2026-02-11 44.45  2026-02-12 47.55  6.97 
  AMG          Affiliated Managers Group Inc   92.53             Financial Services 2026-02-11 308.09 2026-02-12 328.95  6.77 
  BDC                             Belden Inc   59.31           Electrical Equipment 2026-02-11 142.23 2026-02-12 150.91  6.10 
  IFF International Flavors & Fragrances Inc  197.12                      Chemicals  2026-02-11 76.97   2026-02-12 81.5  5.89 
  STX        Seagate Technology Holdings PLC  940.27                     Technology 2026-02-11 407.25 2026-02-12 431.17  5.87 
BUDFF                Anheuser-Busch Inbev SA 1286.71                      Beverages  2026-02-11 76.58   2026-02-12 81.0  5.77 

=== 市值超过100亿的涨幅榜前20名股票 ===
 股票代码                  公司名称                   市值(亿)           板块                 昨天收盘              今天收盘       涨跌幅(%)
LGRVF                             Legrand SA  378.30 Electrical Equipment 2026-02-11 157.71 2026-02-12 179.48 13.80 
 USFD                  US Foods Holding Corp  200.49               Retail  2026-02-11 89.93 2026-02-12 101.98 13.40 
AMSYF                       ArcelorMittal SA  410.88      Metals & Mining   2026-02-11 55.6  2026-02-12 62.65 12.68 
 AKAM                Akamai Technologies Inc  136.38           Technology   2026-02-11 94.8 2026-02-12 104.61 10.35 
 HUBS                            HubSpot Inc  119.94           Technology 2026-02-11 209.33 2026-02-12 228.95  9.37 
  RGC      Regencell Bioscience Holdings Ltd  132.13      Pharmaceuticals  2026-02-11 26.72  2026-02-12 29.02  8.61 
 ZBRA                Zebra Technologies Corp  130.60 Electrical Equipment  2026-02-11 252.5 2026-02-12 274.15  8.57 
 PFGC              Performance Food Group Co  141.81               Retail  2026-02-11 90.27   2026-02-12 98.0  8.56 
BESVF         BE Semiconductor Industries NV  137.96       Semiconductors  2026-02-11 186.0 2026-02-12 200.65  7.88 
  MSI                 Motorola Solutions Inc  701.41       Communications 2026-02-11 421.13 2026-02-12 453.44  7.67 
LLYVB                      Formula One Group  291.78                Media  2026-02-11 91.37   2026-02-12 98.0  7.26 
  EXC                            Exelon Corp  449.07            Utilities  2026-02-11 44.45  2026-02-12 47.55  6.97 
  IFF International Flavors & Fragrances Inc  197.12            Chemicals  2026-02-11 76.97   2026-02-12 81.5  5.89 
  STX        Seagate Technology Holdings PLC  940.27           Technology 2026-02-11 407.25 2026-02-12 431.17  5.87 
BUDFF                Anheuser-Busch Inbev SA 1286.71            Beverages  2026-02-11 76.58   2026-02-12 81.0  5.77 
PGPEF                     Publicis Groupe SA  182.74                Media  2026-02-11 86.95  2026-02-12 91.51  5.24 
 SNDK                           Sandisk Corp  884.43           Technology 2026-02-11 599.34 2026-02-12 630.29  5.16 
  DVA                             DaVita Inc  101.85          Health Care 2026-02-11 144.27 2026-02-12 149.97  3.95 
  BRO                      Brown & Brown Inc  228.82            Insurance  2026-02-11 67.02  2026-02-12 69.53  3.75 
  TLN                      Talen Energy Corp  168.04            Utilities 2026-02-11 354.62 2026-02-12 367.81  3.72 

=== 市值超过200亿的涨幅榜前20名股票 ===
 股票代码                 公司名称                 市值(亿)                 板块                       昨天收盘              今天收盘       涨跌幅(%)
LGRVF                          Legrand SA  378.30             Electrical Equipment 2026-02-11 157.71 2026-02-12 179.48 13.80 
 USFD               US Foods Holding Corp  200.49                           Retail  2026-02-11 89.93 2026-02-12 101.98 13.40 
AMSYF                    ArcelorMittal SA  410.88                  Metals & Mining   2026-02-11 55.6  2026-02-12 62.65 12.68 
  MSI              Motorola Solutions Inc  701.41                   Communications 2026-02-11 421.13 2026-02-12 453.44  7.67 
LLYVB                   Formula One Group  291.78                            Media  2026-02-11 91.37   2026-02-12 98.0  7.26 
  EXC                         Exelon Corp  449.07                        Utilities  2026-02-11 44.45  2026-02-12 47.55  6.97 
  STX     Seagate Technology Holdings PLC  940.27                       Technology 2026-02-11 407.25 2026-02-12 431.17  5.87 
BUDFF             Anheuser-Busch Inbev SA 1286.71                        Beverages  2026-02-11 76.58   2026-02-12 81.0  5.77 
 SNDK                        Sandisk Corp  884.43                       Technology 2026-02-11 599.34 2026-02-12 630.29  5.16 
  BRO                   Brown & Brown Inc  228.82                        Insurance  2026-02-11 67.02  2026-02-12 69.53  3.75 
LLYVK                   Formula One Group  291.78                            Media   2026-02-11 88.6  2026-02-12 91.73  3.53 
  AEP American Electric Power Company Inc  652.93                        Utilities 2026-02-11 122.25 2026-02-12 126.43  3.42 
LLYVA                   Formula One Group  291.78                            Media  2026-02-11 86.52  2026-02-12 89.44  3.37 
 FTAI                   FTAI Aviation Ltd  272.81 Trading Companies & Distributors 2026-02-11 265.97 2026-02-12 274.83  3.33 
  AEE                         Ameren Corp  286.78                        Utilities 2026-02-11 106.02 2026-02-12 109.34  3.13 
  EIX                Edison International  258.04                        Utilities  2026-02-11 67.06  2026-02-12 69.08  3.01 
 VRSK                Verisk Analytics Inc  248.36            Professional Services 2026-02-11 173.77  2026-02-12 179.0  3.01 
 ABBV                          AbbVie Inc 4020.80                    Biotechnology 2026-02-11 220.89  2026-02-12 227.5  2.99 
 DLTR                     Dollar Tree Inc  248.57                           Retail  2026-02-11 125.0 2026-02-12 128.43  2.74 
  MCD                     McDonald's Corp 2301.75    Hotels, Restaurants & Leisure 2026-02-11 323.21 2026-02-12 332.08  2.74 

=== 市值超过1000亿的涨跌榜前20名股票 ===
 股票代码               公司名称               市值(亿)                板块                     昨天收盘               今天收盘        涨跌幅(%)
BUDFF         Anheuser-Busch Inbev SA 1286.71                     Beverages   2026-02-11 76.58    2026-02-12 81.0  5.77 
 ABBV                      AbbVie Inc 4020.80                 Biotechnology  2026-02-11 220.89   2026-02-12 227.5  2.99 
  MCD                 McDonald's Corp 2301.75 Hotels, Restaurants & Leisure  2026-02-11 323.21  2026-02-12 332.08  2.74 
 TMUS                 T-Mobile US Inc 2343.72             Telecommunication  2026-02-11 209.54  2026-02-12 214.68  2.45 
  RTX                        RTX Corp 2637.73           Aerospace & Defense  2026-02-11 196.51  2026-02-12 201.14  2.36 
  TJX               TJX Companies Inc 1674.03                        Retail  2026-02-11 150.75  2026-02-12 154.18  2.28 
  LLY                Eli Lilly and Co 9597.63               Pharmaceuticals 2026-02-11 1015.21 2026-02-12 1038.27  2.27 
   BN                 Brookfield Corp 1180.72            Financial Services   2026-02-11 46.62   2026-02-12 47.67  2.25 
 COST           Costco Wholesale Corp 4341.66                        Retail  2026-02-11 978.14  2026-02-12 998.86  2.12 
 ADBE                       Adobe Inc 1077.56                    Technology  2026-02-11 257.16   2026-02-12 262.5  2.08 
  UNH          UnitedHealth Group Inc 2526.47                   Health Care  2026-02-11 278.91  2026-02-12 284.37  1.96 
   SO                     Southern Co 1000.46                     Utilities   2026-02-11 90.86   2026-02-12 92.56  1.87 
 SPGI                  S&P Global Inc 1183.22            Financial Services  2026-02-11 390.76   2026-02-12 397.2  1.65 
   MO                Altria Group Inc 1106.58                       Tobacco   2026-02-11 65.92   2026-02-12 67.01  1.65 
SBGSF           Schneider Electric SE 1500.15          Electrical Equipment   2026-02-11 320.0  2026-02-12 325.07  1.58 
  JNJ               Johnson & Johnson 5803.03               Pharmaceuticals  2026-02-11 240.86  2026-02-12 244.55  1.53 
   PM Philip Morris International Inc 2899.63                       Tobacco  2026-02-11 186.27  2026-02-12 188.95  1.44 
  LMT            Lockheed Martin Corp 1446.51           Aerospace & Defense   2026-02-11 628.7  2026-02-12 637.43  1.39 
   BA                       Boeing Co 1879.73           Aerospace & Defense  2026-02-11 236.26  2026-02-12 239.35  1.31 
    T                        AT&T Inc 2016.17             Telecommunication   2026-02-11 28.47    2026-02-12 28.8  1.16 
