
=== 涨幅榜前20名股票 ===
股票代码                公司名称               市值(亿)               板块                     昨天收盘             今天收盘       涨跌幅(%)
LUCY            Innovative Eyewear Inc  0.06                    Health Care  2025-04-09 2.45  2025-04-10 4.95 102.04
 CDT       Conduit Pharmaceuticals Inc  0.06 Life Sciences Tools & Services  2025-04-09 0.62  2025-04-10 1.07  72.58
RSLS          ReShape Lifesciences Inc  0.06                    Health Care  2025-04-09 0.34  2025-04-10 0.57  65.67
JNVR                       Janover Inc  0.41             Financial Services 2025-04-09 27.38 2025-04-10 44.97  64.24
KTTA        Pasithea Therapeutics Corp  0.03                  Biotechnology  2025-04-09 1.09   2025-04-10 1.6  46.79
BNGO              Bionano Genomics Inc  0.09 Life Sciences Tools & Services  2025-04-09 3.08   2025-04-10 4.4  42.86
SKYQ                    Sky Quarry Inc  0.11                         Energy  2025-04-09 0.55  2025-04-10 0.73  33.19
STSS             Sharps Technology Inc  0.00                    Health Care  2025-04-09 0.01  2025-04-10 0.02  30.71
AREB       American Rebel Holdings Inc  0.04 Commercial Services & Supplies  2025-04-09 5.58  2025-04-10 7.25  29.93
HYFM      Hydrofarm Holdings Group Inc  0.09                      Machinery  2025-04-09 1.68  2025-04-10 2.15  27.98
SXTP    60 Degrees Pharmaceuticals Inc  0.04                Pharmaceuticals   2025-04-09 2.5   2025-04-10 3.1  24.00
 JYD        Jayud Global Logistics Ltd  0.27     Logistics & Transportation  2025-04-09 0.28  2025-04-10 0.33  21.20
 MTC                         MMTEC Inc  0.21                     Technology  2025-04-09 0.82   2025-04-10 1.0  21.09
JUNE                         Junee Ltd  1.19  Diversified Consumer Services  2025-04-09 8.32 2025-04-10 10.01  20.37
MGLD            Marygold Companies Inc  0.33             Financial Services  2025-04-09 0.79  2025-04-10 0.95  20.25
SUGP             SU Group Holdings Ltd  0.08 Commercial Services & Supplies  2025-04-09 0.58   2025-04-10 0.7  20.05
KROS            Keros Therapeutics Inc  4.80                  Biotechnology 2025-04-09 10.33 2025-04-10 12.24  18.49
PRFX                    PainReform Ltd  0.05                Pharmaceuticals  2025-04-09 1.82  2025-04-10 2.15  18.13
VGAS             Verde Clean Fuels Inc  1.45                         Energy  2025-04-09 3.26  2025-04-10 3.82  17.18
BAOS Baosheng Media Group Holdings Ltd  0.03                          Media  2025-04-09 2.11  2025-04-10 2.47  17.06

=== 市值超过20亿的涨幅榜前20名股票 ===
股票代码                 公司名称                 市值(亿)          板块                昨天收盘              今天收盘       涨跌幅(%)
DGNX                         Diginex Ltd   21.39         Technology  2025-04-09 95.57  2025-04-10 104.0  8.82 
PSMT                      PriceSmart Inc   28.09             Retail  2025-04-09 85.79  2025-04-10 91.76  6.96 
ALHC            Alignment Healthcare Inc   35.74        Health Care  2025-04-09 18.54  2025-04-10 19.78  6.69 
  AU               Anglogold Ashanti PLC  183.38    Metals & Mining  2025-04-09 36.42  2025-04-10 38.85  6.67 
 AGL                   agilon health inc   21.11        Health Care   2025-04-09 5.18    2025-04-10 5.5  6.18 
 NEM                 Newmont Corporation  557.65    Metals & Mining  2025-04-09 48.75  2025-04-10 50.94  4.49 
 ACT                  Enact Holdings Inc   53.99 Financial Services  2025-04-09 33.37  2025-04-10 34.84  4.41 
RGLD                      Royal Gold Inc  109.47    Metals & Mining 2025-04-09 164.54 2025-04-10 170.97  3.91 
 EQX                   Equinox Gold Corp   28.98    Metals & Mining   2025-04-09 6.25   2025-04-10 6.49  3.84 
  BJ    BJ's Wholesale Club Holdings Inc  154.33             Retail  2025-04-09 113.1  2025-04-10 117.3  3.71 
  HL                     Hecla Mining Co   33.74    Metals & Mining   2025-04-09 5.28   2025-04-10 5.47  3.60 
MKTX            Marketaxess Holdings Inc   77.51 Financial Services 2025-04-09 203.19 2025-04-10 210.32  3.51 
ERIE                   Erie Indemnity Co  187.21          Insurance  2025-04-09 402.0 2025-04-10 414.85  3.20 
  KR                           Kroger Co  443.56             Retail  2025-04-09 65.83   2025-04-10 67.9  3.14 
OLLI Ollie's Bargain Outlet Holdings Inc   67.94             Retail 2025-04-09 110.03 2025-04-10 113.25  2.93 
 UNH              UnitedHealth Group Inc 5364.10        Health Care  2025-04-09 578.5  2025-04-10 594.4  2.75 
PRVA             Privia Health Group Inc   27.93        Health Care  2025-04-09 23.05  2025-04-10 23.65  2.60 
  ED             Consolidated Edison Inc  387.58          Utilities 2025-04-09 105.77  2025-04-10 108.3  2.39 
 PPC                 Pilgrims Pride Corp  121.29      Food Products  2025-04-09 50.37  2025-04-10 51.53  2.30 
  CI                         Cigna Group  883.27        Health Care 2025-04-09 319.99 2025-04-10 327.27  2.28 

=== 市值超过50亿的涨幅榜前20名股票 ===
股票代码                 公司名称                 市值(亿)                板块                      昨天收盘               今天收盘        涨跌幅(%)
  AU               Anglogold Ashanti PLC  183.38                Metals & Mining   2025-04-09 36.42   2025-04-10 38.85  6.67 
 NEM                 Newmont Corporation  557.65                Metals & Mining   2025-04-09 48.75   2025-04-10 50.94  4.49 
 ACT                  Enact Holdings Inc   53.99             Financial Services   2025-04-09 33.37   2025-04-10 34.84  4.41 
RGLD                      Royal Gold Inc  109.47                Metals & Mining  2025-04-09 164.54  2025-04-10 170.97  3.91 
  BJ    BJ's Wholesale Club Holdings Inc  154.33                         Retail   2025-04-09 113.1   2025-04-10 117.3  3.71 
MKTX            Marketaxess Holdings Inc   77.51             Financial Services  2025-04-09 203.19  2025-04-10 210.32  3.51 
ERIE                   Erie Indemnity Co  187.21                      Insurance   2025-04-09 402.0  2025-04-10 414.85  3.20 
  KR                           Kroger Co  443.56                         Retail   2025-04-09 65.83    2025-04-10 67.9  3.14 
OLLI Ollie's Bargain Outlet Holdings Inc   67.94                         Retail  2025-04-09 110.03  2025-04-10 113.25  2.93 
 UNH              UnitedHealth Group Inc 5364.10                    Health Care   2025-04-09 578.5   2025-04-10 594.4  2.75 
  ED             Consolidated Edison Inc  387.58                      Utilities  2025-04-09 105.77   2025-04-10 108.3  2.39 
 PPC                 Pilgrims Pride Corp  121.29                  Food Products   2025-04-09 50.37   2025-04-10 51.53  2.30 
  CI                         Cigna Group  883.27                    Health Care  2025-04-09 319.99  2025-04-10 327.27  2.28 
  EA                 Electronic Arts Inc  359.65                          Media  2025-04-09 136.58  2025-04-10 139.39  2.06 
 COR                         Cencora Inc  534.66                    Health Care  2025-04-09 273.89  2025-04-10 279.15  1.92 
 ROL                         Rollins Inc  258.11 Commercial Services & Supplies   2025-04-09 53.11   2025-04-10 54.11  1.88 
ORLY             O'Reilly Automotive Inc  772.07                         Retail 2025-04-09 1348.45 2025-04-10 1373.36  1.85 
 EXC                         Exelon Corp  453.23                      Utilities    2025-04-09 44.3   2025-04-10 45.12  1.85 
 CHD              Church & Dwight Co Inc  253.17              Consumer products  2025-04-09 101.91  2025-04-10 103.77  1.83 
  FE                    FirstEnergy Corp  228.83                      Utilities   2025-04-09 39.38   2025-04-10 40.09  1.80 

=== 市值超过100亿的涨幅榜前20名股票 ===
股票代码               公司名称                市值(亿)                板块                      昨天收盘               今天收盘        涨跌幅(%)
  AU            Anglogold Ashanti PLC  183.38                Metals & Mining   2025-04-09 36.42   2025-04-10 38.85  6.67 
 NEM              Newmont Corporation  557.65                Metals & Mining   2025-04-09 48.75   2025-04-10 50.94  4.49 
RGLD                   Royal Gold Inc  109.47                Metals & Mining  2025-04-09 164.54  2025-04-10 170.97  3.91 
  BJ BJ's Wholesale Club Holdings Inc  154.33                         Retail   2025-04-09 113.1   2025-04-10 117.3  3.71 
ERIE                Erie Indemnity Co  187.21                      Insurance   2025-04-09 402.0  2025-04-10 414.85  3.20 
  KR                        Kroger Co  443.56                         Retail   2025-04-09 65.83    2025-04-10 67.9  3.14 
 UNH           UnitedHealth Group Inc 5364.10                    Health Care   2025-04-09 578.5   2025-04-10 594.4  2.75 
  ED          Consolidated Edison Inc  387.58                      Utilities  2025-04-09 105.77   2025-04-10 108.3  2.39 
 PPC              Pilgrims Pride Corp  121.29                  Food Products   2025-04-09 50.37   2025-04-10 51.53  2.30 
  CI                      Cigna Group  883.27                    Health Care  2025-04-09 319.99  2025-04-10 327.27  2.28 
  EA              Electronic Arts Inc  359.65                          Media  2025-04-09 136.58  2025-04-10 139.39  2.06 
 COR                      Cencora Inc  534.66                    Health Care  2025-04-09 273.89  2025-04-10 279.15  1.92 
 ROL                      Rollins Inc  258.11 Commercial Services & Supplies   2025-04-09 53.11   2025-04-10 54.11  1.88 
ORLY          O'Reilly Automotive Inc  772.07                         Retail 2025-04-09 1348.45 2025-04-10 1373.36  1.85 
 EXC                      Exelon Corp  453.23                      Utilities    2025-04-09 44.3   2025-04-10 45.12  1.85 
 CHD           Church & Dwight Co Inc  253.17              Consumer products  2025-04-09 101.91  2025-04-10 103.77  1.83 
  FE                 FirstEnergy Corp  228.83                      Utilities   2025-04-09 39.38   2025-04-10 40.09  1.80 
RYAN      Ryan Specialty Holdings Inc  184.48                      Insurance   2025-04-09 70.71   2025-04-10 71.95  1.75 
  CL             Colgate-Palmolive Co  736.46              Consumer products   2025-04-09 90.23    2025-04-10 91.8  1.74 
 KMB              Kimberly-Clark Corp  452.01              Consumer products  2025-04-09 135.15  2025-04-10 137.49  1.73 

=== 市值超过200亿的涨幅榜前20名股票 ===
股票代码           公司名称           市值(亿)                板块                      昨天收盘               今天收盘        涨跌幅(%)
 NEM     Newmont Corporation  557.65                Metals & Mining   2025-04-09 48.75   2025-04-10 50.94  4.49 
  KR               Kroger Co  443.56                         Retail   2025-04-09 65.83    2025-04-10 67.9  3.14 
 UNH  UnitedHealth Group Inc 5364.10                    Health Care   2025-04-09 578.5   2025-04-10 594.4  2.75 
  ED Consolidated Edison Inc  387.58                      Utilities  2025-04-09 105.77   2025-04-10 108.3  2.39 
  CI             Cigna Group  883.27                    Health Care  2025-04-09 319.99  2025-04-10 327.27  2.28 
  EA     Electronic Arts Inc  359.65                          Media  2025-04-09 136.58  2025-04-10 139.39  2.06 
 COR             Cencora Inc  534.66                    Health Care  2025-04-09 273.89  2025-04-10 279.15  1.92 
 ROL             Rollins Inc  258.11 Commercial Services & Supplies   2025-04-09 53.11   2025-04-10 54.11  1.88 
ORLY O'Reilly Automotive Inc  772.07                         Retail 2025-04-09 1348.45 2025-04-10 1373.36  1.85 
 EXC             Exelon Corp  453.23                      Utilities    2025-04-09 44.3   2025-04-10 45.12  1.85 
 CHD  Church & Dwight Co Inc  253.17              Consumer products  2025-04-09 101.91  2025-04-10 103.77  1.83 
  FE        FirstEnergy Corp  228.83                      Utilities   2025-04-09 39.38   2025-04-10 40.09  1.80 
  CL    Colgate-Palmolive Co  736.46              Consumer products   2025-04-09 90.23    2025-04-10 91.8  1.74 
 KMB     Kimberly-Clark Corp  452.01              Consumer products  2025-04-09 135.15  2025-04-10 137.49  1.73 
 CME           CME Group Inc  932.02             Financial Services  2025-04-09 254.13  2025-04-10 258.39  1.68 
 HUM              Humana Inc  339.42                    Health Care  2025-04-09 285.53  2025-04-10 290.25  1.65 
ROST         Ross Stores Inc  448.55                         Retail   2025-04-09 137.0  2025-04-10 138.89  1.38 
  KO            Coca-Cola Co 3034.44                      Beverages   2025-04-09 69.95   2025-04-10 70.76  1.16 
 PGR        Progressive Corp 1591.51                      Insurance  2025-04-09 270.11  2025-04-10 273.18  1.14 
 MCK           Mckesson Corp  848.25                    Health Care  2025-04-09 671.76  2025-04-10 679.33  1.13 

=== 市值超过1000亿的涨跌榜前20名股票 ===
股票代码               公司名称               市值(亿)                板块                     昨天收盘              今天收盘       涨跌幅(%)
 UNH          UnitedHealth Group Inc 5364.10                   Health Care  2025-04-09 578.5  2025-04-10 594.4  2.75 
  KO                    Coca-Cola Co 3034.44                     Beverages  2025-04-09 69.95  2025-04-10 70.76  1.16 
 PGR                Progressive Corp 1591.51                     Insurance 2025-04-09 270.11 2025-04-10 273.18  1.14 
 TJX               TJX Companies Inc 1410.40                        Retail 2025-04-09 126.05 2025-04-10 127.47  1.13 
 MCD                 McDonald's Corp 2150.72 Hotels, Restaurants & Leisure 2025-04-09 303.96 2025-04-10 306.78  0.93 
  PG             Procter & Gamble Co 3840.40             Consumer products 2025-04-09 162.32 2025-04-10 163.56  0.76 
TMUS                 T-Mobile US Inc 2945.13             Telecommunication  2025-04-09 254.9 2025-04-10 256.12  0.48 
 LMT            Lockheed Martin Corp 1084.45           Aerospace & Defense 2025-04-09 462.24  2025-04-10 463.7  0.32 
  VZ      Verizon Communications Inc 1801.52             Telecommunication  2025-04-09 42.89  2025-04-10 42.92  0.07 
COST           Costco Wholesale Corp 4339.49                        Retail 2025-04-09 965.19 2025-04-10 964.31 -0.09 
   T                        AT&T Inc 1909.04             Telecommunication  2025-04-09 26.47  2025-04-10 26.39 -0.30 
 MMC  Marsh & McLennan Companies Inc 1133.48                     Insurance 2025-04-09 229.56 2025-04-10 228.77 -0.34 
  PM Philip Morris International Inc 2385.47                       Tobacco  2025-04-09 151.8 2025-04-10 151.17 -0.42 
  HD                  Home Depot Inc 3459.47                        Retail 2025-04-09 355.39 2025-04-10 353.62 -0.50 
  CB                       Chubb Ltd 1139.83                     Insurance 2025-04-09 284.62 2025-04-10 282.34 -0.80 
 ADP   Automatic Data Processing Inc 1200.11         Professional Services 2025-04-09 294.69 2025-04-10 292.21 -0.84 
 PEP                     PepsiCo Inc 2013.09                     Beverages 2025-04-09 145.59 2025-04-10 144.14 -1.00 
 RTX                        RTX Corp 1703.71           Aerospace & Defense 2025-04-09 128.43 2025-04-10 127.07 -1.06 
 NEE              Nextera Energy Inc 1377.81                     Utilities  2025-04-09 67.58  2025-04-10 66.72 -1.27 
VRTX      Vertex Pharmaceuticals Inc 1219.54                 Biotechnology  2025-04-09 482.3 2025-04-10 475.49 -1.41 
