
=== 涨幅榜前20名股票 ===
 股票代码                  公司名称                 市值(亿)               板块                     昨天收盘              今天收盘       涨跌幅(%)
BIGGQ                          Big Lots Inc  0.01                         Retail  2025-02-26 0.02   2025-02-27 0.04 75.00 
  ULY                         Urgent.ly Inc  0.09                     Technology  2025-02-26 0.42   2025-02-27 0.67 60.50 
 PEPG                            PepGen Inc  0.58                  Biotechnology  2025-02-26 1.53   2025-02-27 2.43 58.82 
  BCG               Binah Capital Group Inc  0.33             Financial Services  2025-02-26 1.86   2025-02-27 2.87 54.47 
 LBGJ Li Bang International Corporation Inc  0.32                      Machinery  2025-02-26 1.42   2025-02-27 1.95 37.32 
 RRGB         Red Robin Gourmet Burgers Inc  1.02  Hotels, Restaurants & Leisure  2025-02-26 4.52   2025-02-27 6.08 34.51 
 IBIO                              Ibio Inc  0.37                  Biotechnology  2025-02-26 3.76   2025-02-27 5.05 34.31 
  MEG      Montrose Environmental Group Inc  7.37 Commercial Services & Supplies 2025-02-26 17.44  2025-02-27 23.13 32.63 
 ESGL                     ESGL Holdings Ltd  0.73 Commercial Services & Supplies   2025-02-26 1.0   2025-02-27 1.31 31.00 
 ORGS                         Orgenesis Inc  0.23                  Biotechnology  2025-02-26 3.82    2025-02-27 5.0 30.89 
 CPOP              Pop Culture Group Co Ltd  0.12                          Media  2025-02-26 0.69    2025-02-27 0.9 30.04 
 VMAR        Vision Marine Technologies Inc  0.08               Leisure Products  2025-02-26 0.73   2025-02-27 0.95 29.82 
 GLST           Global Star Acquisition Inc  0.17                            N/A  2025-02-26 5.99   2025-02-27 7.75 29.45 
  SKK                      SKK Holdings Ltd  0.13                   Construction  2025-02-26 0.82   2025-02-27 1.04 27.14 
 ROOT                              Root Inc 19.40                      Insurance 2025-02-26 98.71 2025-02-27 123.95 25.57 
 AXTI                               AXT Inc  0.68                 Semiconductors  2025-02-26 1.32   2025-02-27 1.65 25.00 
 XELA                Exela Technologies Inc  0.17          Professional Services  2025-02-26 0.48    2025-02-27 0.6 23.96 
 CPHI             China Pharma Holdings Inc  0.04                Pharmaceuticals  2025-02-26 0.21   2025-02-27 0.26 23.81 
 ATCH               Atlasclear Holdings Inc  0.04             Financial Services  2025-02-26 2.82   2025-02-27 3.48 23.40 
 TRNR              Interactive Strength Inc  0.02               Leisure Products  2025-02-26 1.25   2025-02-27 1.53 22.40 

=== 市值超过20亿的涨幅榜前20名股票 ===
股票代码              公司名称              市值(亿)                板块                      昨天收盘              今天收盘       涨跌幅(%)
  MQ                    Marqeta Inc  21.38             Financial Services   2025-02-26 3.51   2025-02-27 4.25 21.08 
VSEC                       VSE Corp  24.03 Commercial Services & Supplies  2025-02-26 101.0 2025-02-27 117.82 16.65 
EVTC                    Evertec Inc  22.81             Financial Services  2025-02-26 32.34  2025-02-27 37.55 16.11 
 HEI                     HEICO Corp 314.27            Aerospace & Defense 2025-02-26 227.45 2025-02-27 259.02 13.88 
LMND                   Lemonade Inc  25.17                      Insurance  2025-02-26 31.48  2025-02-27 35.46 12.64 
NXST        Nexstar Media Group Inc  51.03                          Media 2025-02-26 146.34 2025-02-27 162.58 11.10 
NTNX                    Nutanix Inc 212.57                     Technology  2025-02-26 69.35  2025-02-27 76.54 10.37 
TGLS                 Tecnoglass Inc  36.80                       Building  2025-02-26 69.98  2025-02-27 76.29  9.02 
ARDT     Ardent Health Partners Inc  21.50                    Health Care  2025-02-26 14.01  2025-02-27 15.16  8.21 
URBN           Urban Outfitters Inc  52.18                         Retail  2025-02-26 52.92  2025-02-27 57.25  8.18 
TGNA                      Tegna Inc  27.91                          Media  2025-02-26 16.63  2025-02-27 17.94  7.88 
 ADT                        ADT Inc  69.33  Diversified Consumer Services   2025-02-26 7.53   2025-02-27 8.12  7.84 
 CHE                    Chemed Corp  85.94                    Health Care 2025-02-26 545.79 2025-02-27 586.12  7.39 
CORZ            Core Scientific Inc  30.51                     Technology  2025-02-26 10.02  2025-02-27 10.71  6.89 
BTDR     Bitdeer Technologies Group  22.60                     Technology  2025-02-26 10.25  2025-02-27 10.89  6.24 
NAMS NewAmsterdam Pharma Company NV  22.47                  Biotechnology  2025-02-26 19.71  2025-02-27 20.91  6.09 
 GEO                  Geo Group Inc  36.05 Commercial Services & Supplies  2025-02-26 25.78  2025-02-27 27.34  6.05 
PRVA        Privia Health Group Inc  31.08                    Health Care  2025-02-26 24.06  2025-02-27 25.46  5.82 
GRBK       Green Brick Partners Inc  28.60              Consumer products  2025-02-26 57.84   2025-02-27 61.2  5.81 
 UNM                     Unum Group 149.39                      Insurance  2025-02-26 77.28  2025-02-27 81.72  5.75 

=== 市值超过50亿的涨幅榜前20名股票 ===
股票代码              公司名称              市值(亿)                板块                     昨天收盘              今天收盘       涨跌幅(%)
 HEI                    HEICO Corp  314.27           Aerospace & Defense 2025-02-26 227.45 2025-02-27 259.02 13.88 
NXST       Nexstar Media Group Inc   51.03                         Media 2025-02-26 146.34 2025-02-27 162.58 11.10 
NTNX                   Nutanix Inc  212.57                    Technology  2025-02-26 69.35  2025-02-27 76.54 10.37 
URBN          Urban Outfitters Inc   52.18                        Retail  2025-02-26 52.92  2025-02-27 57.25  8.18 
 ADT                       ADT Inc   69.33 Diversified Consumer Services   2025-02-26 7.53   2025-02-27 8.12  7.84 
 CHE                   Chemed Corp   85.94                   Health Care 2025-02-26 545.79 2025-02-27 586.12  7.39 
 UNM                    Unum Group  149.39                     Insurance  2025-02-26 77.28  2025-02-27 81.72  5.75 
SATS                 EchoStar Corp   80.72                         Media  2025-02-26 29.01  2025-02-27 30.41  4.83 
 ALL                 Allstate Corp  514.27                     Insurance 2025-02-26 188.43 2025-02-27 195.06  3.52 
 FTI                TechnipFMC PLC  125.67                        Energy  2025-02-26 27.89  2025-02-27 28.81  3.30 
 UHS Universal Health Services Inc  127.07                   Health Care 2025-02-26 180.12 2025-02-27 186.06  3.30 
SARO            StandardAero, Inc.   92.68           Aerospace & Defense  2025-02-26 27.15  2025-02-27 28.03  3.24 
   X      United States Steel Corp   87.61               Metals & Mining  2025-02-26 37.75  2025-02-27 38.95  3.18 
CINF     Cincinnati Financial Corp  224.00                     Insurance 2025-02-26 140.18 2025-02-27 144.55  3.12 
SIGI Selective Insurance Group Inc   50.40                     Insurance  2025-02-26 81.87  2025-02-27 84.42  3.11 
 THG   Hanover Insurance Group Inc   58.98                     Insurance 2025-02-26 160.99  2025-02-27 166.0  3.11 
 OVV                   Ovintiv Inc  112.62                        Energy   2025-02-26 41.9  2025-02-27 43.17  3.03 
  CB                     Chubb Ltd 1125.45                     Insurance 2025-02-26 273.66 2025-02-27 281.69  2.93 
CFLT                 Confluent Inc  108.00                    Technology  2025-02-26 30.79  2025-02-27 31.69  2.92 
 MOH         Molina Healthcare Inc  163.53                   Health Care 2025-02-26 284.71 2025-02-27 292.98  2.90 

=== 市值超过100亿的涨幅榜前20名股票 ===
股票代码                 公司名称                 市值(亿)                板块                     昨天收盘              今天收盘       涨跌幅(%)
 HEI                          HEICO Corp  314.27           Aerospace & Defense 2025-02-26 227.45 2025-02-27 259.02 13.88 
NTNX                         Nutanix Inc  212.57                    Technology  2025-02-26 69.35  2025-02-27 76.54 10.37 
 UNM                          Unum Group  149.39                     Insurance  2025-02-26 77.28  2025-02-27 81.72  5.75 
 ALL                       Allstate Corp  514.27                     Insurance 2025-02-26 188.43 2025-02-27 195.06  3.52 
 FTI                      TechnipFMC PLC  125.67                        Energy  2025-02-26 27.89  2025-02-27 28.81  3.30 
 UHS       Universal Health Services Inc  127.07                   Health Care 2025-02-26 180.12 2025-02-27 186.06  3.30 
CINF           Cincinnati Financial Corp  224.00                     Insurance 2025-02-26 140.18 2025-02-27 144.55  3.12 
 OVV                         Ovintiv Inc  112.62                        Energy   2025-02-26 41.9  2025-02-27 43.17  3.03 
  CB                           Chubb Ltd 1125.45                     Insurance 2025-02-26 273.66 2025-02-27 281.69  2.93 
CFLT                       Confluent Inc  108.00                    Technology  2025-02-26 30.79  2025-02-27 31.69  2.92 
 MOH               Molina Healthcare Inc  163.53                   Health Care 2025-02-26 284.71 2025-02-27 292.98  2.90 
 RTX                            RTX Corp 1733.09           Aerospace & Defense 2025-02-26 127.31 2025-02-27 130.52  2.52 
 HUM                          Humana Inc  314.96                   Health Care 2025-02-26 255.07 2025-02-27 261.44  2.50 
YUMC              Yum China Holdings Inc  179.51 Hotels, Restaurants & Leisure  2025-02-26 48.99   2025-02-27 50.2  2.47 
 BMY             Bristol-Myers Squibb Co 1184.10               Pharmaceuticals  2025-02-26 57.38   2025-02-27 58.8  2.47 
 TRV             Travelers Companies Inc  577.47                     Insurance 2025-02-26 248.85 2025-02-27 254.79  2.39 
 QSR Restaurant Brands International Inc  291.10 Hotels, Restaurants & Leisure   2025-02-26 63.7  2025-02-27 65.19  2.34 
 AIZ                        Assurant Inc  106.17                     Insurance 2025-02-26 206.28 2025-02-27 211.04  2.31 
  CF          CF Industries Holdings Inc  134.40                     Chemicals  2025-02-26 77.78  2025-02-27 79.58  2.31 
 CNC                        Centene Corp  287.66                   Health Care   2025-02-26 56.9  2025-02-27 58.19  2.27 

=== 市值超过200亿的涨幅榜前20名股票 ===
股票代码                 公司名称                 市值(亿)                板块                     昨天收盘               今天收盘        涨跌幅(%)
 HEI                          HEICO Corp  314.27           Aerospace & Defense  2025-02-26 227.45  2025-02-27 259.02 13.88 
NTNX                         Nutanix Inc  212.57                    Technology   2025-02-26 69.35   2025-02-27 76.54 10.37 
 ALL                       Allstate Corp  514.27                     Insurance  2025-02-26 188.43  2025-02-27 195.06  3.52 
CINF           Cincinnati Financial Corp  224.00                     Insurance  2025-02-26 140.18  2025-02-27 144.55  3.12 
  CB                           Chubb Ltd 1125.45                     Insurance  2025-02-26 273.66  2025-02-27 281.69  2.93 
 RTX                            RTX Corp 1733.09           Aerospace & Defense  2025-02-26 127.31  2025-02-27 130.52  2.52 
 HUM                          Humana Inc  314.96                   Health Care  2025-02-26 255.07  2025-02-27 261.44  2.50 
 BMY             Bristol-Myers Squibb Co 1184.10               Pharmaceuticals   2025-02-26 57.38    2025-02-27 58.8  2.47 
 TRV             Travelers Companies Inc  577.47                     Insurance  2025-02-26 248.85  2025-02-27 254.79  2.39 
 QSR Restaurant Brands International Inc  291.10 Hotels, Restaurants & Leisure    2025-02-26 63.7   2025-02-27 65.19  2.34 
 CNC                        Centene Corp  287.66                   Health Care    2025-02-26 56.9   2025-02-27 58.19  2.27 
 MMM                               3M Co  820.86      Industrial Conglomerates  2025-02-26 147.43  2025-02-27 150.52  2.10 
FANG              Diamondback Energy Inc  451.31                        Energy  2025-02-26 152.43  2025-02-27 155.59  2.07 
 PGR                    Progressive Corp 1635.23                     Insurance  2025-02-26 273.43  2025-02-27 278.77  1.95 
 AIG    American International Group Inc  471.88                     Insurance   2025-02-26 78.17   2025-02-27 79.69  1.94 
 MCD                     McDonald's Corp 2219.90 Hotels, Restaurants & Leisure  2025-02-26 304.27  2025-02-27 309.95  1.87 
 MKC             McCormick & Company Inc  216.23                 Food Products   2025-02-26 80.16   2025-02-27 81.64  1.85 
 MET                         MetLife Inc  575.19                     Insurance   2025-02-26 82.54   2025-02-27 84.05  1.83 
 ELV                 Elevance Health Inc  900.76                   Health Care  2025-02-26 386.13  2025-02-27 392.87  1.75 
ORLY             O'Reilly Automotive Inc  775.80                        Retail 2025-02-26 1330.42 2025-02-27 1353.46  1.73 

=== 市值超过1000亿的涨跌榜前20名股票 ===
 股票代码              公司名称               市值(亿)                板块                     昨天收盘              今天收盘       涨跌幅(%)
   CB                      Chubb Ltd 1125.45                     Insurance 2025-02-26 273.66 2025-02-27 281.69  2.93 
  RTX                       RTX Corp 1733.09           Aerospace & Defense 2025-02-26 127.31 2025-02-27 130.52  2.52 
  BMY        Bristol-Myers Squibb Co 1184.10               Pharmaceuticals  2025-02-26 57.38   2025-02-27 58.8  2.47 
  PGR               Progressive Corp 1635.23                     Insurance 2025-02-26 273.43 2025-02-27 278.77  1.95 
  MCD                McDonald's Corp 2219.90 Hotels, Restaurants & Leisure 2025-02-26 304.27 2025-02-27 309.95  1.87 
    V                       Visa Inc 7002.60            Financial Services 2025-02-26 350.63 2025-02-27 355.74  1.46 
 GILD            Gilead Sciences Inc 1396.50                 Biotechnology 2025-02-26 110.46 2025-02-27 111.99  1.39 
  MRK                 Merck & Co Inc 2283.16               Pharmaceuticals  2025-02-26 89.38  2025-02-27 90.58  1.34 
 SBUX                 Starbucks Corp 1309.41 Hotels, Restaurants & Leisure  2025-02-26 113.0 2025-02-27 114.49  1.32 
  MMC Marsh & McLennan Companies Inc 1151.31                     Insurance 2025-02-26 231.56 2025-02-27 234.61  1.32 
  COP                 Conocophillips 1254.82                        Energy  2025-02-26 96.13  2025-02-27 97.37  1.29 
    T                       AT&T Inc 1929.14             Telecommunication  2025-02-26 26.57   2025-02-27 26.9  1.24 
  LMT           Lockheed Martin Corp 1047.56           Aerospace & Defense  2025-02-26 441.5 2025-02-27 446.46  1.12 
  UNH         Unitedhealth Group Inc 4362.88                   Health Care 2025-02-26 463.59 2025-02-27 468.56  1.07 
  CVX                   Chevron Corp 2772.24                        Energy 2025-02-26 155.14 2025-02-27 156.67  0.99 
 ABBV                     AbbVie Inc 3637.69                 Biotechnology 2025-02-26 203.01 2025-02-27 205.02  0.99 
CMCSA                   Comcast Corp 1337.73                         Media   2025-02-26 35.1  2025-02-27 35.39  0.83 
   FI                     Fiserv Inc 1310.72            Financial Services 2025-02-26 229.71 2025-02-27 231.58  0.81 
  UPS      United Parcel Service Inc 1011.85    Logistics & Transportation 2025-02-26 116.89 2025-02-27 117.63  0.63 
  XOM               Exxon Mobil Corp 4814.93                        Energy 2025-02-26 109.46 2025-02-27 110.15  0.63 
