
=== 涨幅榜前20名股票 ===
 股票代码               公司名称              市值(亿)               板块                    昨天收盘             今天收盘       涨跌幅(%)
 MCVT      Mill City Ventures III Ltd  0.11            Financial Services  2025-07-24 1.85   2025-07-25 5.9 218.92
  SMX      SMX (Security Matters) PLC  0.04          Electrical Equipment  2025-07-24 1.12  2025-07-25 2.12  89.29
 OCTO            Eightco Holdings Inc  0.04                     Packaging  2025-07-24 1.43  2025-07-25 2.46  72.03
 LIDR                        AEye Inc  0.22          Electrical Equipment  2025-07-24 2.92  2025-07-25 4.43  51.88
 GIBO               Gibo Holdings Ltd  0.09                         Media  2025-07-24 0.05  2025-07-25 0.07  51.74
 HTOO           Fusion Fuel Green PLC  0.04          Electrical Equipment  2025-07-24 4.73  2025-07-25 6.99  47.78
 CREV           Carbon Revolution PLC  0.07               Auto Components  2025-07-24 3.45  2025-07-25 4.91  42.32
 ATNF          180 Life Sciences Corp  0.13                 Biotechnology  2025-07-24 2.13   2025-07-25 3.0  40.85
 COUR                    Coursera Inc 14.66 Diversified Consumer Services  2025-07-24 9.08 2025-07-25 12.37  36.23
 VCIG                  VCI Global Ltd  0.24         Professional Services   2025-07-24 0.9  2025-07-25 1.23  36.21
  TBH         Brag House Holdings Inc  0.13                         Media   2025-07-24 1.2  2025-07-25 1.61  34.17
 PASG                 Passage Bio Inc  0.18                 Biotechnology  2025-07-24 5.73  2025-07-25 7.44  29.84
  AGH    Aureus Greenway Holdings Inc  0.09 Hotels, Restaurants & Leisure  2025-07-24 1.84  2025-07-25 2.35  27.72
 HCTI         Healthcare Triangle Inc  0.10                   Health Care  2025-07-24 0.05  2025-07-25 0.07  26.85
QVCGA                   QVC Group Inc  0.31                        Retail  2025-07-24 3.17  2025-07-25 3.97  25.24
 YYAI Connexa Sports Technologies Inc  0.37              Leisure Products  2025-07-24 2.53  2025-07-25 3.15  24.51
 CHEB       Chenghe Acquisition II Co  0.68                           N/A   2025-07-24 7.6  2025-07-25 9.44  24.14
 FNGR                FingerMotion Inc  0.86             Telecommunication  2025-07-24 1.45   2025-07-25 1.8  24.14
 SCHL                 Scholastic Corp  5.74                         Media 2025-07-24 21.55  2025-07-25 26.7  23.90
 RDZN                     Roadzen Inc  0.92                    Technology  2025-07-24 1.24  2025-07-25 1.53  23.39

=== 市值超过20亿的涨幅榜前20名股票 ===
股票代码              公司名称             市值(亿)                 板块                       昨天收盘              今天收盘       涨跌幅(%)
 FIX       Comfort Systems USA Inc 198.54                     Construction 2025-07-24 562.83 2025-07-25 688.74 22.37 
GNTX                   Gentex Corp  53.05                  Auto Components   2025-07-24 23.6  2025-07-25 27.42 16.19 
DECK          Deckers Outdoor Corp 156.82 Textiles, Apparel & Luxury Goods 2025-07-24 104.94 2025-07-25 116.85 11.35 
 EME               EMCOR Group Inc 259.06                     Construction  2025-07-24 578.8 2025-07-25 635.06  9.72 
 RNA       Avidity Biosciences Inc  40.03                    Biotechnology  2025-07-24 33.21  2025-07-25 36.27  9.21 
IESC              IES Holdings Inc  65.18                     Construction 2025-07-24 328.31 2025-07-25 357.66  8.94 
ENSG              Ensign Group Inc  79.21                      Health Care 2025-07-24 137.77 2025-07-25 150.06  8.92 
AAON                      Aaon Inc  63.11                         Building  2025-07-24 77.56  2025-07-25 83.37  7.49 
MGRC              McGrath RentCorp  28.54 Trading Companies & Distributors 2025-07-24 115.96  2025-07-25 124.5  7.36 
SAIA                      Saia Inc  83.04                      Road & Rail 2025-07-24 311.79 2025-07-25 333.61  7.00 
 NEM           Newmont Corporation 684.60                  Metals & Mining  2025-07-24 61.51  2025-07-25 65.75  6.89 
VRSN                 VeriSign, Inc 269.18                       Technology 2025-07-24 286.67 2025-07-25 305.79  6.67 
PPBI   Pacific Premier Bancorp Inc  20.53                          Banking  2025-07-24 21.16  2025-07-25 22.57  6.66 
FTAI             FTAI Aviation Ltd 112.73 Trading Companies & Distributors 2025-07-24 109.92 2025-07-25 117.18  6.60 
 ECG Everus Construction Group Inc  35.19                     Construction   2025-07-24 69.0  2025-07-25 73.53  6.57 
 SAM       Boston Beer Company Inc  22.49                        Beverages 2025-07-24 201.81  2025-07-25 215.0  6.54 
 GEO                 Geo Group Inc  33.46   Commercial Services & Supplies  2025-07-24 24.55   2025-07-25 26.1  6.31 
COLB   Columbia Banking System Inc  49.08                          Banking  2025-07-24 23.35  2025-07-25 24.82  6.30 
COKE    Coca-Cola Consolidated Inc  97.47                        Beverages 2025-07-24 111.81  2025-07-25 118.8  6.25 
 GTX            Garrett Motion Inc  24.68                  Auto Components  2025-07-24 12.19  2025-07-25 12.94  6.15 

=== 市值超过50亿的涨幅榜前20名股票 ===
股票代码             公司名称             市值(亿)                 板块                       昨天收盘              今天收盘       涨跌幅(%)
 FIX      Comfort Systems USA Inc 198.54                     Construction 2025-07-24 562.83 2025-07-25 688.74 22.37 
GNTX                  Gentex Corp  53.05                  Auto Components   2025-07-24 23.6  2025-07-25 27.42 16.19 
DECK         Deckers Outdoor Corp 156.82 Textiles, Apparel & Luxury Goods 2025-07-24 104.94 2025-07-25 116.85 11.35 
 EME              EMCOR Group Inc 259.06                     Construction  2025-07-24 578.8 2025-07-25 635.06  9.72 
IESC             IES Holdings Inc  65.18                     Construction 2025-07-24 328.31 2025-07-25 357.66  8.94 
ENSG             Ensign Group Inc  79.21                      Health Care 2025-07-24 137.77 2025-07-25 150.06  8.92 
AAON                     Aaon Inc  63.11                         Building  2025-07-24 77.56  2025-07-25 83.37  7.49 
SAIA                     Saia Inc  83.04                      Road & Rail 2025-07-24 311.79 2025-07-25 333.61  7.00 
 NEM          Newmont Corporation 684.60                  Metals & Mining  2025-07-24 61.51  2025-07-25 65.75  6.89 
VRSN                VeriSign, Inc 269.18                       Technology 2025-07-24 286.67 2025-07-25 305.79  6.67 
FTAI            FTAI Aviation Ltd 112.73 Trading Companies & Distributors 2025-07-24 109.92 2025-07-25 117.18  6.60 
COKE   Coca-Cola Consolidated Inc  97.47                        Beverages 2025-07-24 111.81  2025-07-25 118.8  6.25 
STRL  Sterling Infrastructure Inc  76.85                     Construction 2025-07-24 252.68 2025-07-25 268.14  6.12 
 CNC                 Centene Corp 133.16                      Health Care  2025-07-24 26.76  2025-07-25 28.39  6.09 
 MOD      Modine Manufacturing Co  51.36                  Auto Components  2025-07-24 97.87 2025-07-25 103.71  5.97 
 LYB LyondellBasell Industries NV 195.09                        Chemicals   2025-07-24 60.7  2025-07-25 64.01  5.45 
 VRT           Vertiv Holdings Co 498.75             Electrical Equipment 2025-07-24 130.87 2025-07-25 137.47  5.04 
 GPI       Group 1 Automotive Inc  53.82                           Retail 2025-07-24 416.06 2025-07-25 436.52  4.92 
 CLF         Cleveland-Cliffs Inc  53.97                  Metals & Mining  2025-07-24 10.91  2025-07-25 11.44  4.86 
 AON                      Aon PLC 770.06                        Insurance 2025-07-24 356.61 2025-07-25 372.89  4.57 

=== 市值超过100亿的涨幅榜前20名股票 ===
 股票代码                 公司名称                 市值(亿)                 板块                       昨天收盘              今天收盘       涨跌幅(%)
  FIX             Comfort Systems USA Inc  198.54                     Construction 2025-07-24 562.83 2025-07-25 688.74 22.37 
 DECK                Deckers Outdoor Corp  156.82 Textiles, Apparel & Luxury Goods 2025-07-24 104.94 2025-07-25 116.85 11.35 
  EME                     EMCOR Group Inc  259.06                     Construction  2025-07-24 578.8 2025-07-25 635.06  9.72 
  NEM                 Newmont Corporation  684.60                  Metals & Mining  2025-07-24 61.51  2025-07-25 65.75  6.89 
 VRSN                       VeriSign, Inc  269.18                       Technology 2025-07-24 286.67 2025-07-25 305.79  6.67 
 FTAI                   FTAI Aviation Ltd  112.73 Trading Companies & Distributors 2025-07-24 109.92 2025-07-25 117.18  6.60 
  CNC                        Centene Corp  133.16                      Health Care  2025-07-24 26.76  2025-07-25 28.39  6.09 
  LYB        LyondellBasell Industries NV  195.09                        Chemicals   2025-07-24 60.7  2025-07-25 64.01  5.45 
  VRT                  Vertiv Holdings Co  498.75             Electrical Equipment 2025-07-24 130.87 2025-07-25 137.47  5.04 
  AON                             Aon PLC  770.06                        Insurance 2025-07-24 356.61 2025-07-25 372.89  4.57 
LVMHF LVMH Moet Hennessy Louis Vuitton SE 2397.56 Textiles, Apparel & Luxury Goods 2025-07-24 554.68 2025-07-25 579.55  4.48 
   EL          Estee Lauder Companies Inc  312.16                Consumer products  2025-07-24 86.77   2025-07-25 90.4  4.18 
 SMMT             Summit Therapeutics Inc  204.75                    Biotechnology  2025-07-24 27.57  2025-07-25 28.67  3.99 
  HUM                          Humana Inc  276.64                      Health Care 2025-07-24 229.21 2025-07-25 237.98  3.83 
 SMCI            Super Micro Computer Inc  313.45                       Technology  2025-07-24 52.52  2025-07-25 54.47  3.71 
 AXON                 Axon Enterprise Inc  552.16              Aerospace & Defense 2025-07-24 709.26 2025-07-25 735.01  3.63 
  OVV                         Ovintiv Inc  103.90                           Energy  2025-07-24 39.99  2025-07-25 41.43  3.60 
  NET                      Cloudflare Inc  664.04                       Technology 2025-07-24 191.58 2025-07-25 198.42  3.57 
 TSLA                           Tesla Inc 9820.03                      Automobiles  2025-07-24 305.3 2025-07-25 316.06  3.52 
  RNR          Renaissancere Holdings Ltd  116.27                        Insurance  2025-07-24 239.0 2025-07-25 247.26  3.46 

=== 市值超过200亿的涨幅榜前20名股票 ===
 股票代码                 公司名称                 市值(亿)                 板块                       昨天收盘              今天收盘       涨跌幅(%)
  EME                     EMCOR Group Inc  259.06                     Construction  2025-07-24 578.8 2025-07-25 635.06  9.72 
  NEM                 Newmont Corporation  684.60                  Metals & Mining  2025-07-24 61.51  2025-07-25 65.75  6.89 
 VRSN                       VeriSign, Inc  269.18                       Technology 2025-07-24 286.67 2025-07-25 305.79  6.67 
  VRT                  Vertiv Holdings Co  498.75             Electrical Equipment 2025-07-24 130.87 2025-07-25 137.47  5.04 
  AON                             Aon PLC  770.06                        Insurance 2025-07-24 356.61 2025-07-25 372.89  4.57 
LVMHF LVMH Moet Hennessy Louis Vuitton SE 2397.56 Textiles, Apparel & Luxury Goods 2025-07-24 554.68 2025-07-25 579.55  4.48 
   EL          Estee Lauder Companies Inc  312.16                Consumer products  2025-07-24 86.77   2025-07-25 90.4  4.18 
 SMMT             Summit Therapeutics Inc  204.75                    Biotechnology  2025-07-24 27.57  2025-07-25 28.67  3.99 
  HUM                          Humana Inc  276.64                      Health Care 2025-07-24 229.21 2025-07-25 237.98  3.83 
 SMCI            Super Micro Computer Inc  313.45                       Technology  2025-07-24 52.52  2025-07-25 54.47  3.71 
 AXON                 Axon Enterprise Inc  552.16              Aerospace & Defense 2025-07-24 709.26 2025-07-25 735.01  3.63 
  NET                      Cloudflare Inc  664.04                       Technology 2025-07-24 191.58 2025-07-25 198.42  3.57 
 TSLA                           Tesla Inc 9820.03                      Automobiles  2025-07-24 305.3 2025-07-25 316.06  3.52 
  CVS                     CVS Health Corp  743.20                      Health Care  2025-07-24 58.75   2025-07-25 60.7  3.32 
  GEV                      GE Vernova Inc 1703.03             Electrical Equipment 2025-07-24 623.97 2025-07-25 644.59  3.30 
  GPN                 Global Payments Inc  202.54               Financial Services  2025-07-24 83.05  2025-07-25 85.76  3.26 
  LVS                Las Vegas Sands Corp  358.90    Hotels, Restaurants & Leisure  2025-07-24 50.79  2025-07-25 52.41  3.19 
  NUE                          Nucor Corp  326.35                  Metals & Mining 2025-07-24 141.43 2025-07-25 145.83  3.11 
  ELV                 Elevance Health Inc  631.47                      Health Care 2025-07-24 280.43  2025-07-25 289.1  3.09 
  CRH                             CRH PLC  656.87                     Construction  2025-07-24 97.17 2025-07-25 100.06  2.97 

=== 市值超过1000亿的涨跌榜前20名股票 ===
 股票代码                 公司名称                 市值(亿)                 板块                       昨天收盘              今天收盘       涨跌幅(%)
LVMHF LVMH Moet Hennessy Louis Vuitton SE 2397.56 Textiles, Apparel & Luxury Goods 2025-07-24 554.68 2025-07-25 579.55  4.48 
 TSLA                           Tesla Inc 9820.03                      Automobiles  2025-07-24 305.3 2025-07-25 316.06  3.52 
  GEV                      GE Vernova Inc 1703.03             Electrical Equipment 2025-07-24 623.97 2025-07-25 644.59  3.30 
  AMD          Advanced Micro Devices Inc 2628.62                   Semiconductors 2025-07-24 162.12 2025-07-25 166.47  2.68 
 GILD                 Gilead Sciences Inc 1408.13                    Biotechnology  2025-07-24 113.2  2025-07-25 116.2  2.65 
 DASH                        DoorDash Inc 1032.62    Hotels, Restaurants & Leisure 2025-07-24 243.69 2025-07-25 249.92  2.56 
 PLTR           Palantir Technologies Inc 3654.56                       Technology 2025-07-24 154.86  2025-07-25 158.8  2.54 
   TT              Trane Technologies PLC 1029.74                         Building 2025-07-24 461.73 2025-07-25 472.07  2.24 
 SHOP                         Shopify Inc 1583.84                       Technology 2025-07-24 122.08 2025-07-25 124.43  1.92 
  UNP                  Union Pacific Corp 1317.55                      Road & Rail 2025-07-24 220.52 2025-07-25 224.74  1.91 
  ETN               Eaton Corporation PLC 1506.11             Electrical Equipment  2025-07-24 384.9 2025-07-25 392.17  1.89 
  CEG           Constellation Energy Corp 1008.17                        Utilities 2025-07-24 321.67 2025-07-25 327.35  1.77 
  SYK                        Stryker Corp 1515.90                      Health Care 2025-07-24 396.66 2025-07-25 403.53  1.73 
 SPOT               Spotify Technology SA 1368.18                            Media 2025-07-24 681.42  2025-07-25 693.1  1.71 
 ISRG              Intuitive Surgical Inc 1751.27                      Health Care 2025-07-24 488.61 2025-07-25 495.86  1.48 
   GS             Goldman Sachs Group Inc 2206.74               Financial Services 2025-07-24 719.18 2025-07-25 728.98  1.36 
  MCD                     McDonald's Corp 2105.63    Hotels, Restaurants & Leisure 2025-07-24 294.48 2025-07-25 298.47  1.35 
   GE                        GE Aerospace 2842.08              Aerospace & Defense 2025-07-24 268.01 2025-07-25 271.59  1.34 
  DHR                        Danaher Corp 1452.22   Life Sciences Tools & Services 2025-07-24 202.81 2025-07-25 205.48  1.32 
  KKR                        KKR & Co Inc 1337.65               Financial Services 2025-07-24 150.19 2025-07-25 152.16  1.31 
