
=== 涨幅榜前20名股票 ===
股票代码                公司名称               市值(亿)                板块                      昨天收盘             今天收盘       涨跌幅(%)
GPUS               Hyperscale Data Inc  0.02         Industrial Conglomerates  2025-05-02 1.37  2025-05-05 7.75 465.69
NITO                         N2OFF Inc  0.05                        Chemicals  2025-05-02 0.28  2025-05-05 0.68 140.28
NVNI                    Nvni Group Ltd  0.14                       Technology  2025-05-02 0.34  2025-05-05 0.51  53.13
 RGC Regencell Bioscience Holdings Ltd  9.50                  Pharmaceuticals 2025-05-02 61.25 2025-05-05 92.88  51.64
 ADD      Color Star Technology Co Ltd  0.16    Diversified Consumer Services  2025-05-02 0.69   2025-05-05 1.0  44.84
GDEV                          GDEV Inc  2.54                            Media 2025-05-02 11.91 2025-05-05 16.64  39.71
XXII            22nd Century Group Inc  0.03                          Tobacco   2025-05-02 1.0   2025-05-05 1.4  39.30
SPRC                      Scisparc Ltd  0.04                  Pharmaceuticals  2025-05-02 0.29   2025-05-05 0.4  38.41
 PBM            Psyence Biomedical Ltd  0.02                    Biotechnology  2025-05-02 3.46  2025-05-05 4.77  37.94
ZCAR              Zoomcar Holdings Inc  0.06                      Road & Rail  2025-05-02 7.62 2025-05-05 10.34  35.63
SBET              SharpLink Gaming Inc  0.03    Hotels, Restaurants & Leisure  2025-05-02 0.31  2025-05-05 0.41  31.20
ARKR              Ark Restaurants Corp  0.33    Hotels, Restaurants & Leisure  2025-05-02 9.39  2025-05-05 12.0  27.80
KDLY                     Kindly MD Inc  0.15                      Health Care  2025-05-02 2.17  2025-05-05 2.71  24.88
 SKX                  Skechers USA Inc 92.80 Textiles, Apparel & Luxury Goods 2025-05-02 49.37 2025-05-05 61.39  24.35
BCRX      BioCryst Pharmaceuticals Inc 21.28                    Biotechnology  2025-05-02 8.93 2025-05-05 11.03  23.52
FNGR                  FingerMotion Inc  1.92                Telecommunication  2025-05-02 2.72  2025-05-05 3.33  22.43
PLAG        Planet Green Holdings Corp  0.07                    Food Products  2025-05-02 0.97  2025-05-05 1.18  21.65
UCAR                       U Power Ltd  0.11                           Retail  2025-05-02 2.79  2025-05-05 3.39  21.51
AGMH            AGM Group Holdings Inc  0.03               Financial Services  2025-05-02 0.07  2025-05-05 0.09  20.96
FORD            Forward Industries Inc  0.08             Electrical Equipment  2025-05-02 7.37  2025-05-05 8.86  20.24

=== 市值超过20亿的涨幅榜前20名股票 ===
股票代码             公司名称             市值(亿)                 板块                       昨天收盘              今天收盘       涨跌幅(%)
 SKX             Skechers USA Inc  92.80 Textiles, Apparel & Luxury Goods  2025-05-02 49.37  2025-05-05 61.39 24.35 
BCRX BioCryst Pharmaceuticals Inc  21.28                    Biotechnology   2025-05-02 8.93  2025-05-05 11.03 23.52 
FTAI            FTAI Aviation Ltd  95.99 Trading Companies & Distributors  2025-05-02 89.95 2025-05-05 100.75 12.01 
LUMN       Lumen Technologies Inc  39.81                Telecommunication   2025-05-02 3.78   2025-05-05 4.23 11.90 
  HL              Hecla Mining Co  28.84                  Metals & Mining   2025-05-02 4.54   2025-05-05 4.79  5.51 
ALNY  Alnylam Pharmaceuticals Inc 343.93                    Biotechnology 2025-05-02 259.39 2025-05-05 273.55  5.46 
 PBF               PBF Energy Inc  20.38                           Energy  2025-05-02 17.53  2025-05-05 18.44  5.19 
  AU        Anglogold Ashanti PLC 202.32                  Metals & Mining  2025-05-02 40.18  2025-05-05 42.14  4.88 
 CRK       Comstock Resources Inc  59.87                           Energy  2025-05-02 20.27  2025-05-05 21.24  4.79 
SSRM               SSR Mining Inc  20.56                  Metals & Mining  2025-05-02 10.03  2025-05-05 10.48  4.49 
 SHC             Sotera Health Co  36.35   Life Sciences Tools & Services  2025-05-02 12.38  2025-05-05 12.92  4.36 
LYFT                     Lyft Inc  54.16                      Road & Rail  2025-05-02 12.65   2025-05-05 13.2  4.35 
COLM       Columbia Sportswear Co  33.62 Textiles, Apparel & Luxury Goods  2025-05-02 59.63  2025-05-05 62.14  4.21 
CART                Maplebear Inc 121.78                           Retail  2025-05-02 45.22  2025-05-05 47.09  4.14 
SIRI       Sirius XM Holdings Inc  68.36                            Media  2025-05-02 20.47  2025-05-05 21.29  4.01 
 EQX            Equinox Gold Corp  29.07                  Metals & Mining   2025-05-02 6.27   2025-05-05 6.52  3.99 
SGHC                     SGHC Ltd  43.22    Hotels, Restaurants & Leisure   2025-05-02 8.48   2025-05-05 8.81  3.89 
 FRO                Frontline Plc  40.08                           Energy  2025-05-02 17.13  2025-05-05 17.79  3.85 
UPST         Upstart Holdings Inc  48.23               Financial Services  2025-05-02 50.08   2025-05-05 52.0  3.83 
AXSM      Axsome Therapeutics Inc  56.93                  Pharmaceuticals 2025-05-02 112.21 2025-05-05 116.49  3.81 

=== 市值超过50亿的涨幅榜前20名股票 ===
 股票代码             公司名称            市值(亿)                 板块                       昨天收盘              今天收盘       涨跌幅(%)
  SKX            Skechers USA Inc  92.80 Textiles, Apparel & Luxury Goods  2025-05-02 49.37  2025-05-05 61.39 24.35 
 FTAI           FTAI Aviation Ltd  95.99 Trading Companies & Distributors  2025-05-02 89.95 2025-05-05 100.75 12.01 
 ALNY Alnylam Pharmaceuticals Inc 343.93                    Biotechnology 2025-05-02 259.39 2025-05-05 273.55  5.46 
   AU       Anglogold Ashanti PLC 202.32                  Metals & Mining  2025-05-02 40.18  2025-05-05 42.14  4.88 
  CRK      Comstock Resources Inc  59.87                           Energy  2025-05-02 20.27  2025-05-05 21.24  4.79 
 LYFT                    Lyft Inc  54.16                      Road & Rail  2025-05-02 12.65   2025-05-05 13.2  4.35 
 CART               Maplebear Inc 121.78                           Retail  2025-05-02 45.22  2025-05-05 47.09  4.14 
 SIRI      Sirius XM Holdings Inc  68.36                            Media  2025-05-02 20.47  2025-05-05 21.29  4.01 
 AXSM     Axsome Therapeutics Inc  56.93                  Pharmaceuticals 2025-05-02 112.21 2025-05-05 116.49  3.81 
  ALK        Alaska Air Group Inc  58.76                         Airlines  2025-05-02 46.99  2025-05-05 48.65  3.53 
 STVN         Stevanato Group SpA  59.25   Life Sciences Tools & Services  2025-05-02 21.38  2025-05-05 22.13  3.51 
 EXAS         Exact Sciences Corp  99.13                    Biotechnology  2025-05-02 51.55  2025-05-05 53.33  3.45 
 CROX                   Crocs Inc  57.12 Textiles, Apparel & Luxury Goods  2025-05-02 97.49 2025-05-05 100.79  3.38 
 GDDY                 GoDaddy Inc 243.80                       Technology 2025-05-02 176.27 2025-05-05 182.19  3.36 
  EQT                    EQT Corp 315.06                           Energy  2025-05-02 51.85  2025-05-05 53.52  3.22 
  DAL         Delta Air Lines Inc 295.19                         Airlines   2025-05-02 44.2  2025-05-05 45.51  2.96 
  NEM         Newmont Corporation 584.38                  Metals & Mining  2025-05-02 51.53  2025-05-05 53.04  2.93 
LBRDA      Liberty Broadband Corp 128.35                            Media  2025-05-02 88.05   2025-05-05 90.4  2.67 
 IONS   Ionis Pharmaceuticals Inc  53.41                    Biotechnology  2025-05-02 32.78  2025-05-05 33.65  2.64 
  TTD              Trade Desk Inc 274.68                            Media  2025-05-02 54.09   2025-05-05 55.5  2.61 

=== 市值超过100亿的涨幅榜前20名股票 ===
 股票代码             公司名称             市值(亿)                 板块                       昨天收盘              今天收盘       涨跌幅(%)
 ALNY Alnylam Pharmaceuticals Inc  343.93                    Biotechnology 2025-05-02 259.39 2025-05-05 273.55  5.46 
   AU       Anglogold Ashanti PLC  202.32                  Metals & Mining  2025-05-02 40.18  2025-05-05 42.14  4.88 
 CART               Maplebear Inc  121.78                           Retail  2025-05-02 45.22  2025-05-05 47.09  4.14 
 GDDY                 GoDaddy Inc  243.80                       Technology 2025-05-02 176.27 2025-05-05 182.19  3.36 
  EQT                    EQT Corp  315.06                           Energy  2025-05-02 51.85  2025-05-05 53.52  3.22 
  DAL         Delta Air Lines Inc  295.19                         Airlines   2025-05-02 44.2  2025-05-05 45.51  2.96 
  NEM         Newmont Corporation  584.38                  Metals & Mining  2025-05-02 51.53  2025-05-05 53.04  2.93 
LBRDA      Liberty Broadband Corp  128.35                            Media  2025-05-02 88.05   2025-05-05 90.4  2.67 
  TTD              Trade Desk Inc  274.68                            Media  2025-05-02 54.09   2025-05-05 55.5  2.61 
LBRDK      Liberty Broadband Corp  128.35                            Media  2025-05-02 89.55  2025-05-05 91.78  2.49 
 OKTA                    Okta Inc  197.42                       Technology  2025-05-02 112.9 2025-05-05 115.71  2.49 
 EBAY                    eBay Inc  321.33                           Retail   2025-05-02 68.6  2025-05-05 70.31  2.49 
   EA         Electronic Arts Inc  397.55                            Media  2025-05-02 151.1 2025-05-05 154.74  2.41 
 CHTR  Charter Communications Inc 1083.96                            Media  2025-05-02 385.0 2025-05-05 394.24  2.40 
 EXPE           Expedia Group Inc  208.62    Hotels, Restaurants & Leisure 2025-05-02 161.79 2025-05-05 165.62  2.37 
 FTNT                Fortinet Inc  816.57                       Technology 2025-05-02 106.18 2025-05-05 108.69  2.36 
 ARES        Ares Management Corp  346.87               Financial Services 2025-05-02 157.07 2025-05-05 160.76  2.35 
  EXE          Expand Energy Corp  253.61                           Energy 2025-05-02 105.88 2025-05-05 108.35  2.33 
 PINS               Pinterest Inc  182.76                            Media  2025-05-02 26.87  2025-05-05 27.48  2.27 
   RL           Ralph Lauren Corp  144.59 Textiles, Apparel & Luxury Goods 2025-05-02 232.63 2025-05-05 237.81  2.23 

=== 市值超过200亿的涨幅榜前20名股票 ===
股票代码              公司名称              市值(亿)                板块                     昨天收盘              今天收盘       涨跌幅(%)
ALNY   Alnylam Pharmaceuticals Inc  343.93                 Biotechnology 2025-05-02 259.39 2025-05-05 273.55  5.46 
  AU         Anglogold Ashanti PLC  202.32               Metals & Mining  2025-05-02 40.18  2025-05-05 42.14  4.88 
GDDY                   GoDaddy Inc  243.80                    Technology 2025-05-02 176.27 2025-05-05 182.19  3.36 
 EQT                      EQT Corp  315.06                        Energy  2025-05-02 51.85  2025-05-05 53.52  3.22 
 DAL           Delta Air Lines Inc  295.19                      Airlines   2025-05-02 44.2  2025-05-05 45.51  2.96 
 NEM           Newmont Corporation  584.38               Metals & Mining  2025-05-02 51.53  2025-05-05 53.04  2.93 
 TTD                Trade Desk Inc  274.68                         Media  2025-05-02 54.09   2025-05-05 55.5  2.61 
EBAY                      eBay Inc  321.33                        Retail   2025-05-02 68.6  2025-05-05 70.31  2.49 
  EA           Electronic Arts Inc  397.55                         Media  2025-05-02 151.1 2025-05-05 154.74  2.41 
CHTR    Charter Communications Inc 1083.96                         Media  2025-05-02 385.0 2025-05-05 394.24  2.40 
EXPE             Expedia Group Inc  208.62 Hotels, Restaurants & Leisure 2025-05-02 161.79 2025-05-05 165.62  2.37 
FTNT                  Fortinet Inc  816.57                    Technology 2025-05-02 106.18 2025-05-05 108.69  2.36 
ARES          Ares Management Corp  346.87            Financial Services 2025-05-02 157.07 2025-05-05 160.76  2.35 
 EXE            Expand Energy Corp  253.61                        Energy 2025-05-02 105.88 2025-05-05 108.35  2.33 
RDDT                    Reddit Inc  209.25                         Media 2025-05-02 113.83 2025-05-05 116.33  2.20 
  DG           Dollar General Corp  200.98                        Retail   2025-05-02 90.3  2025-05-05 92.21  2.12 
 HSY                    Hershey Co  329.65                 Food Products 2025-05-02 163.35 2025-05-05 166.66  2.03 
PYPL           PayPal Holdings Inc  659.86            Financial Services  2025-05-02 67.24  2025-05-05 68.54  1.93 
 AMD    Advanced Micro Devices Inc 1624.88                Semiconductors   2025-05-02 98.8 2025-05-05 100.59  1.81 
 LYV Live Nation Entertainment Inc  310.85                         Media 2025-05-02 133.77 2025-05-05 136.12  1.76 

=== 市值超过1000亿的涨跌榜前20名股票 ===
股票代码                 公司名称                  市值(亿)                 板块                     昨天收盘              今天收盘        涨跌幅(%)
CHTR           Charter Communications Inc  1083.96                         Media  2025-05-02 385.0  2025-05-05 394.24  2.40 
 AMD           Advanced Micro Devices Inc  1624.88                Semiconductors   2025-05-02 98.8  2025-05-05 100.59  1.81 
 IBM International Business Machines Corp  2279.35                    Technology 2025-05-02 245.55  2025-05-05 249.18  1.48 
  PM      Philip Morris International Inc  2654.17                       Tobacco 2025-05-02 170.86  2025-05-05 173.19  1.36 
UBER                Uber Technologies Inc  1783.01                   Road & Rail  2025-05-02 84.28   2025-05-05 85.43  1.36 
 UNH               UnitedHealth Group Inc  3664.24                   Health Care 2025-05-02 399.92  2025-05-05 404.81  1.22 
 GEV                       GE Vernova Inc  1077.27          Electrical Equipment 2025-05-02 396.32   2025-05-05 401.1  1.21 
 MCD                      McDonald's Corp  2236.18 Hotels, Restaurants & Leisure 2025-05-02 311.96  2025-05-05 315.72  1.21 
 SYK                         Stryker Corp  1431.03                   Health Care 2025-05-02 378.22  2025-05-05 381.36  0.83 
 ACN                        Accenture PLC  1912.57                    Technology 2025-05-02 305.33  2025-05-05 307.71  0.78 
 CME                        CME Group Inc  1007.28            Financial Services 2025-05-02 280.45  2025-05-05 282.56  0.75 
COST                Costco Wholesale Corp  4458.66                        Retail 2025-05-02 1008.3 2025-05-05 1014.89  0.65 
  FI                           Fiserv Inc  1015.39            Financial Services 2025-05-02 184.37   2025-05-05 185.5  0.61 
  GE                         GE Aerospace  2208.06           Aerospace & Defense  2025-05-02 207.7  2025-05-05 208.94  0.60 
  BA                            Boeing Co  1402.75           Aerospace & Defense 2025-05-02 185.46  2025-05-05 186.46  0.54 
ISRG               Intuitive Surgical Inc  1880.94                   Health Care 2025-05-02 529.42  2025-05-05 531.82  0.45 
  MO                     Altria Group Inc  1000.82                       Tobacco  2025-05-02 59.61   2025-05-05 59.87  0.44 
 AXP                  American Express Co  1939.93            Financial Services 2025-05-02 276.85  2025-05-05 278.03  0.43 
META                   Meta Platforms Inc 14919.95                         Media 2025-05-02 597.02  2025-05-05 599.27  0.38 
  MA                       Mastercard Inc  5069.28            Financial Services 2025-05-02 559.39  2025-05-05 561.12  0.31 
