
=== 涨幅榜前20名股票 ===
 股票代码                  公司名称                  市值(亿)               板块                     昨天收盘             今天收盘       涨跌幅(%)
 ACXP              Acurx Pharmaceuticals Inc  0.07                  Biotechnology   2026-03-10 2.9  2026-03-11 6.03 107.93
 SAFX                         XCF Global Inc  0.66                         Energy  2026-03-10 0.29   2026-03-11 0.5  74.20
 SXTP         60 Degrees Pharmaceuticals Inc  0.03                Pharmaceuticals  2026-03-10 1.88  2026-03-11 3.22  71.28
 PAVS Paranovus Entertainment Technology Ltd  0.02              Consumer products  2026-03-10 1.38  2026-03-11 2.28  65.22
 ASNS                   Actelis Networks Inc  0.03                 Communications  2026-03-10 0.38  2026-03-11 0.56  47.61
 ROMA                 Roma Green Finance Ltd  2.07 Commercial Services & Supplies  2026-03-10 3.47  2026-03-11 4.83  39.19
 TANH                   Tantech Holdings Ltd  0.05                      Chemicals  2026-03-10 0.76  2026-03-11 1.03  35.35
 AMCI                      AMC Robotics Corp  1.58           Electrical Equipment   2026-03-10 7.0  2026-03-11 9.45  35.00
 BODI                  Beachbody Company Inc  0.59  Diversified Consumer Services  2026-03-10 8.33 2026-03-11 10.91  30.97
 OCGN                             Ocugen Inc  5.80                  Biotechnology  2026-03-10 1.77   2026-03-11 2.3  29.94
 POLA                        Polar Power Inc  0.04           Electrical Equipment  2026-03-10 1.53  2026-03-11 1.94  26.80
 CVGI           Commercial Vehicle Group Inc  0.60                      Machinery  2026-03-10 1.62  2026-03-11 2.03  25.31
 NVTS             Navitas Semiconductor Corp 25.02                 Semiconductors  2026-03-10 8.68 2026-03-11 10.84  24.88
 KALA                           KALA BIO Inc  2.68                  Biotechnology  2026-03-10 0.29  2026-03-11 0.36  24.12
 FTEL                            Fitell Corp  0.03                         Retail  2026-03-10 1.58  2026-03-11 1.91  20.89
  PED                           PEDEVCO Corp  1.76                         Energy  2026-03-10 0.66   2026-03-11 0.8  20.68
 LIXT       Lixte Biotechnology Holdings Inc  0.21                  Biotechnology  2026-03-10 2.57   2026-03-11 3.1  20.62
SLOIF                              Soitec SA 14.94                 Semiconductors 2026-03-10 51.59 2026-03-11 62.18  20.53
 ACTG                   Acacia Research Corp  4.00             Financial Services  2026-03-10 4.15   2026-03-11 5.0  20.48
  GRO                     Brazil Potash Corp  1.73                      Chemicals  2026-03-10 3.24  2026-03-11 3.89  20.06

=== 市值超过20亿的涨幅榜前20名股票 ===
 股票代码            公司名称             市值(亿)                板块                     昨天收盘              今天收盘       涨跌幅(%)
 NVTS Navitas Semiconductor Corp   25.02                Semiconductors   2026-03-10 8.68  2026-03-11 10.84 24.88 
 NBIS            Nebius Group NV  242.72                    Technology  2026-03-10 96.43  2026-03-11 112.0 16.14 
  SOC        Sable Offshore Corp   21.22                        Energy  2026-03-10 14.41  2026-03-11 16.58 15.06 
 PTRN          Pattern Group Inc   21.89                        Retail  2026-03-10 11.11  2026-03-11 12.42 11.79 
  CZR  Caesars Entertainment Inc   52.94 Hotels, Restaurants & Leisure  2026-03-10 26.01  2026-03-11 29.07 11.76 
 DOCN  DigitalOcean Holdings Inc   57.05                    Technology  2026-03-10 62.01  2026-03-11 68.69 10.77 
  CVI             CVR Energy Inc   25.86                        Energy  2026-03-10 25.72  2026-03-11 28.37 10.30 
 HIMS     Hims & Hers Health Inc   53.50                   Health Care  2026-03-10 23.47  2026-03-11 25.88 10.27 
 IREN                   IREN Ltd  126.47                    Technology  2026-03-10 38.12  2026-03-11 41.98 10.13 
  MOS                  Mosaic Co   84.08                     Chemicals  2026-03-10 26.48  2026-03-11 29.15 10.08 
   VG         Venture Global Inc  237.22                        Energy   2026-03-10 11.4  2026-03-11 12.46  9.30 
 ORCL                Oracle Corp 4293.89                    Technology  2026-03-10 149.4 2026-03-11 163.12  9.18 
   CF CF Industries Holdings Inc  184.60                     Chemicals 2026-03-10 110.05 2026-03-11 120.13  9.16 
 CENX        Century Aluminum Co   53.01               Metals & Mining  2026-03-10 53.56  2026-03-11 58.07  8.42 
   AA                 Alcoa Corp  161.76               Metals & Mining  2026-03-10 61.31  2026-03-11 66.36  8.24 
 UNFI   United Natural Foods Inc   23.34                        Retail  2026-03-10 37.68  2026-03-11 40.76  8.17 
NIOIF                    NIO Inc  102.52                   Automobiles   2026-03-10 5.55    2026-03-11 6.0  8.11 
 FRMI                  Fermi Inc   49.43                   Real Estate   2026-03-10 8.05   2026-03-11 8.68  7.76 
 KLAR           Klarna Group PLC   57.76            Financial Services   2026-03-10 15.3  2026-03-11 16.43  7.39 
 ALAB            Astera Labs Inc  198.27                Semiconductors 2026-03-10 116.48 2026-03-11 124.71  7.07 

=== 市值超过50亿的涨幅榜前20名股票 ===
 股票代码            公司名称             市值(亿)                 板块                       昨天收盘              今天收盘       涨跌幅(%)
 NBIS            Nebius Group NV  242.72                       Technology  2026-03-10 96.43  2026-03-11 112.0 16.14 
  CZR  Caesars Entertainment Inc   52.94    Hotels, Restaurants & Leisure  2026-03-10 26.01  2026-03-11 29.07 11.76 
 DOCN  DigitalOcean Holdings Inc   57.05                       Technology  2026-03-10 62.01  2026-03-11 68.69 10.77 
 HIMS     Hims & Hers Health Inc   53.50                      Health Care  2026-03-10 23.47  2026-03-11 25.88 10.27 
 IREN                   IREN Ltd  126.47                       Technology  2026-03-10 38.12  2026-03-11 41.98 10.13 
  MOS                  Mosaic Co   84.08                        Chemicals  2026-03-10 26.48  2026-03-11 29.15 10.08 
   VG         Venture Global Inc  237.22                           Energy   2026-03-10 11.4  2026-03-11 12.46  9.30 
 ORCL                Oracle Corp 4293.89                       Technology  2026-03-10 149.4 2026-03-11 163.12  9.18 
   CF CF Industries Holdings Inc  184.60                        Chemicals 2026-03-10 110.05 2026-03-11 120.13  9.16 
 CENX        Century Aluminum Co   53.01                  Metals & Mining  2026-03-10 53.56  2026-03-11 58.07  8.42 
   AA                 Alcoa Corp  161.76                  Metals & Mining  2026-03-10 61.31  2026-03-11 66.36  8.24 
NIOIF                    NIO Inc  102.52                      Automobiles   2026-03-10 5.55    2026-03-11 6.0  8.11 
 KLAR           Klarna Group PLC   57.76               Financial Services   2026-03-10 15.3  2026-03-11 16.43  7.39 
 ALAB            Astera Labs Inc  198.27                   Semiconductors 2026-03-10 116.48 2026-03-11 124.71  7.07 
 PATH                 UiPath Inc   61.98                       Technology  2026-03-10 11.59  2026-03-11 12.38  6.82 
SBGSF      Schneider Electric SE 1380.75             Electrical Equipment 2026-03-10 292.45 2026-03-11 312.16  6.74 
  VLO         Valero Energy Corp  611.93                           Energy 2026-03-10 217.02 2026-03-11 231.05  6.46 
 DINO           HF Sinclair Corp   95.76                           Energy  2026-03-10 53.12  2026-03-11 56.39  6.16 
CHDRF          Christian Dior SE  869.22 Textiles, Apparel & Luxury Goods 2026-03-10 536.17  2026-03-11 568.0  5.94 
 SNDK               Sandisk Corp  913.49                       Technology 2026-03-10 618.89 2026-03-11 655.43  5.90 

=== 市值超过100亿的涨幅榜前20名股票 ===
 股票代码            公司名称             市值(亿)                 板块                       昨天收盘              今天收盘       涨跌幅(%)
 NBIS            Nebius Group NV  242.72                       Technology  2026-03-10 96.43  2026-03-11 112.0 16.14 
 IREN                   IREN Ltd  126.47                       Technology  2026-03-10 38.12  2026-03-11 41.98 10.13 
   VG         Venture Global Inc  237.22                           Energy   2026-03-10 11.4  2026-03-11 12.46  9.30 
 ORCL                Oracle Corp 4293.89                       Technology  2026-03-10 149.4 2026-03-11 163.12  9.18 
   CF CF Industries Holdings Inc  184.60                        Chemicals 2026-03-10 110.05 2026-03-11 120.13  9.16 
   AA                 Alcoa Corp  161.76                  Metals & Mining  2026-03-10 61.31  2026-03-11 66.36  8.24 
NIOIF                    NIO Inc  102.52                      Automobiles   2026-03-10 5.55    2026-03-11 6.0  8.11 
 ALAB            Astera Labs Inc  198.27                   Semiconductors 2026-03-10 116.48 2026-03-11 124.71  7.07 
SBGSF      Schneider Electric SE 1380.75             Electrical Equipment 2026-03-10 292.45 2026-03-11 312.16  6.74 
  VLO         Valero Energy Corp  611.93                           Energy 2026-03-10 217.02 2026-03-11 231.05  6.46 
CHDRF          Christian Dior SE  869.22 Textiles, Apparel & Luxury Goods 2026-03-10 536.17  2026-03-11 568.0  5.94 
 SNDK               Sandisk Corp  913.49                       Technology 2026-03-10 618.89 2026-03-11 655.43  5.90 
   AR      Antero Resources Corp  115.60                           Energy  2026-03-10 37.47  2026-03-11 39.67  5.87 
  MPC    Marathon Petroleum Corp  634.37                           Energy 2026-03-10 215.23 2026-03-11 226.74  5.35 
  OXY  Occidental Petroleum Corp  548.17                           Energy  2026-03-10 53.12  2026-03-11 55.58  4.63 
 RKLB            Rocket Lab Corp  391.14              Aerospace & Defense  2026-03-10 68.93  2026-03-11 71.96  4.40 
  PSX                Phillips 66  651.21                           Energy  2026-03-10 162.5  2026-03-11 169.5  4.31 
  OVV                Ovintiv Inc  149.88                           Energy   2026-03-10 52.9  2026-03-11 55.06  4.08 
 FLEX                   Flex Ltd  223.95             Electrical Equipment  2026-03-10 60.91  2026-03-11 63.39  4.07 
   MU      Micron Technology Inc 4537.04                   Semiconductors 2026-03-10 403.11 2026-03-11 418.69  3.86 

=== 市值超过200亿的涨幅榜前20名股票 ===
 股票代码            公司名称            市值(亿)                 板块                       昨天收盘              今天收盘       涨跌幅(%)
 NBIS           Nebius Group NV  242.72                       Technology  2026-03-10 96.43  2026-03-11 112.0 16.14 
   VG        Venture Global Inc  237.22                           Energy   2026-03-10 11.4  2026-03-11 12.46  9.30 
 ORCL               Oracle Corp 4293.89                       Technology  2026-03-10 149.4 2026-03-11 163.12  9.18 
SBGSF     Schneider Electric SE 1380.75             Electrical Equipment 2026-03-10 292.45 2026-03-11 312.16  6.74 
  VLO        Valero Energy Corp  611.93                           Energy 2026-03-10 217.02 2026-03-11 231.05  6.46 
CHDRF         Christian Dior SE  869.22 Textiles, Apparel & Luxury Goods 2026-03-10 536.17  2026-03-11 568.0  5.94 
 SNDK              Sandisk Corp  913.49                       Technology 2026-03-10 618.89 2026-03-11 655.43  5.90 
  MPC   Marathon Petroleum Corp  634.37                           Energy 2026-03-10 215.23 2026-03-11 226.74  5.35 
  OXY Occidental Petroleum Corp  548.17                           Energy  2026-03-10 53.12  2026-03-11 55.58  4.63 
 RKLB           Rocket Lab Corp  391.14              Aerospace & Defense  2026-03-10 68.93  2026-03-11 71.96  4.40 
  PSX               Phillips 66  651.21                           Energy  2026-03-10 162.5  2026-03-11 169.5  4.31 
 FLEX                  Flex Ltd  223.95             Electrical Equipment  2026-03-10 60.91  2026-03-11 63.39  4.07 
   MU     Micron Technology Inc 4537.04                   Semiconductors 2026-03-10 403.11 2026-03-11 418.69  3.86 
  DVN         Devon Energy Corp  270.94                           Energy   2026-03-10 43.7  2026-03-11 45.36  3.80 
  EXE        Expand Energy Corp  251.62                           Energy 2026-03-10 104.67 2026-03-11 108.58  3.74 
 UBER     Uber Technologies Inc 1542.97                      Road & Rail  2026-03-10 72.36  2026-03-11 74.97  3.61 
  EOG         EOG Resources Inc  686.12                           Energy 2026-03-10 127.89 2026-03-11 132.51  3.61 
 DDOG               Datadog Inc  433.95                       Technology 2026-03-10 123.08 2026-03-11 127.49  3.58 
 SATS             EchoStar Corp  313.43                            Media  2026-03-10 108.5 2026-03-11 112.18  3.39 
   BE         Bloom Energy Corp  432.04             Electrical Equipment  2026-03-10 154.0 2026-03-11 159.21  3.38 

=== 市值超过1000亿的涨跌榜前20名股票 ===
 股票代码            公司名称             市值(亿)            板块                 昨天收盘               今天收盘       涨跌幅(%)
 ORCL                Oracle Corp  4293.89           Technology   2026-03-10 149.4 2026-03-11 163.12  9.18 
SBGSF      Schneider Electric SE  1380.75 Electrical Equipment  2026-03-10 292.45 2026-03-11 312.16  6.74 
   MU      Micron Technology Inc  4537.04       Semiconductors  2026-03-10 403.11 2026-03-11 418.69  3.86 
 UBER      Uber Technologies Inc  1542.97          Road & Rail   2026-03-10 72.36  2026-03-11 74.97  3.61 
  CVX               Chevron Corp  3717.20               Energy  2026-03-10 186.29 2026-03-11 191.79  2.95 
 INTC                 Intel Corp  2336.66       Semiconductors   2026-03-10 46.78  2026-03-11 47.98  2.57 
  COP             ConocoPhillips  1395.30               Energy  2026-03-10 114.15 2026-03-11 117.03  2.52 
  XOM           Exxon Mobil Corp  6354.31               Energy  2026-03-10 148.13 2026-03-11 151.58  2.33 
 TSLA                  Tesla Inc 14981.02          Automobiles  2026-03-10 399.24 2026-03-11 407.82  2.15 
 LRCX          Lam Research Corp  2687.73       Semiconductors  2026-03-10 215.23 2026-03-11 218.87  1.69 
  TTE           TotalEnergies SE  1470.30               Energy   2026-03-10 80.08  2026-03-11 81.31  1.54 
 AMAT      Applied Materials Inc  2744.94       Semiconductors  2026-03-10 345.88 2026-03-11 351.07  1.50 
 ISRG     Intuitive Surgical Inc  1725.40          Health Care  2026-03-10 485.85 2026-03-11 492.87  1.44 
  UNH     UnitedHealth Group Inc  2584.61          Health Care  2026-03-10 282.34 2026-03-11 285.25  1.03 
  GEV             GE Vernova Inc  2261.89 Electrical Equipment   2026-03-10 839.2 2026-03-11 847.65  1.01 
  AXP        American Express Co  2081.47   Financial Services  2026-03-10 303.15 2026-03-11 305.99  0.94 
 KLAC                   KLA Corp  1904.46       Semiconductors 2026-03-10 1452.94 2026-03-11 1465.0  0.83 
  AMD Advanced Micro Devices Inc  3313.48       Semiconductors  2026-03-10 203.23 2026-03-11 204.83  0.79 
  LIN                  Linde PLC  2214.75            Chemicals  2026-03-10 477.94 2026-03-11 481.55  0.76 
 NVDA                NVIDIA Corp 44899.11       Semiconductors  2026-03-10 184.77 2026-03-11 186.03  0.68 
