
=== 涨幅榜前20名股票 ===
股票代码               公司名称              市值(亿)               板块                    昨天收盘             今天收盘       涨跌幅(%)
CELC                    Celcuity Inc  5.21                 Biotechnology 2025-07-25 13.77 2025-07-28 36.79 167.18
NVNI                  Nvni Group Ltd  0.15                    Technology  2025-07-25 0.42  2025-07-28 0.69  63.83
 GTI             Graphjet Technology  0.15          Electrical Equipment   2025-07-25 0.1  2025-07-28 0.14  44.44
 SDM         Smart Digital Group Ltd  4.76                         Media 2025-07-25 17.61 2025-07-28 25.23  43.27
 MPU                 Mega Matrix Inc  1.09                         Media  2025-07-25 2.68  2025-07-28 3.78  41.04
ANGH                     Anghami Inc  0.30                         Media  2025-07-25 0.45  2025-07-28 0.63  40.67
YYAI Connexa Sports Technologies Inc  0.46              Leisure Products  2025-07-25 3.15   2025-07-28 4.3  36.51
UPLD             Upland Software Inc  0.55                    Technology  2025-07-25 1.93  2025-07-28 2.57  33.16
ALBT           Avalon Globocare Corp  0.07                   Real Estate  2025-07-25 2.27  2025-07-28 2.97  30.84
 RCT           RedCloud Holdings PLC  0.97                           N/A   2025-07-25 2.2  2025-07-28 2.87  30.45
 MFH   Mercurity Fintech Holding Inc  1.73                    Technology  2025-07-25 2.71  2025-07-28 3.52  29.89
SCLX               Scilex Holding Co  0.83               Pharmaceuticals 2025-07-25 11.96 2025-07-28 15.52  29.77
VERB     Verb Technology Company Inc  0.12                    Technology  2025-07-25 8.72 2025-07-28 11.04  26.64
STEM                        Stem Inc  1.25          Electrical Equipment 2025-07-25 14.99 2025-07-28 18.91  26.15
ADIL       Adial Pharmaceuticals Inc  0.08               Pharmaceuticals  2025-07-25 0.51  2025-07-28 0.63  23.53
LOOP             Loop Industries Inc  0.65                     Chemicals  2025-07-25 1.36  2025-07-28 1.68  23.53
  PN         Skycorp Solar Group Ltd  0.90          Electrical Equipment  2025-07-25 3.32   2025-07-28 4.1  23.49
LOCL               Local Bounti Corp  0.64                 Food Products  2025-07-25 2.97  2025-07-28 3.65  22.90
GEOS      Geospace Technologies Corp  1.65                        Energy 2025-07-25 12.92 2025-07-28 15.79  22.21
BTBD                   Bt Brands Inc  0.08 Hotels, Restaurants & Leisure  2025-07-25 1.27  2025-07-28 1.54  21.26

=== 市值超过20亿的涨幅榜前20名股票 ===
股票代码                 公司名称                 市值(亿)                板块                      昨天收盘              今天收盘       涨跌幅(%)
SMCI            Super Micro Computer Inc  325.09                     Technology  2025-07-25 54.47  2025-07-28 60.05 10.24 
 ANF              Abercrombie & Fitch Co   43.99                         Retail  2025-07-25 92.34  2025-07-28 98.63  6.81 
CRDO  Credo Technology Group Holding Ltd  173.74                 Semiconductors 2025-07-25 101.22 2025-07-28 107.95  6.65 
AMBP           Ardagh Metal Packaging SA   22.47                      Packaging   2025-07-25 3.76    2025-07-28 4.0  6.38 
CIVI               Civitas Resources Inc   28.79                         Energy   2025-07-25 31.1  2025-07-28 32.88  5.72 
SGRY                Surgery Partners Inc   27.25                    Health Care  2025-07-25 21.26  2025-07-28 22.44  5.55 
PTEN            Patterson-UTI Energy Inc   22.85                         Energy   2025-07-25 5.92   2025-07-28 6.24  5.41 
   M                          Macy's Inc   35.52                         Retail  2025-07-25 13.08  2025-07-28 13.72  4.89 
CCEC  Capital Clean Energy Carriers Corp   26.85                         Marine  2025-07-25 22.93  2025-07-28 24.05  4.88 
BRKR                         Bruker Corp   63.55 Life Sciences Tools & Services  2025-07-25 41.94  2025-07-28 43.93  4.74 
 AMD          Advanced Micro Devices Inc 2699.15                 Semiconductors 2025-07-25 166.47 2025-07-28 173.66  4.32 
  SM                        SM Energy Co   31.56                         Energy  2025-07-25 27.57  2025-07-28 28.76  4.32 
 NOG            Northern Oil and Gas Inc   28.11                         Energy  2025-07-25 28.48  2025-07-28 29.71  4.32 
OLLI Ollie's Bargain Outlet Holdings Inc   82.03                         Retail 2025-07-25 133.73 2025-07-28 139.34  4.20 
 SOC                 Sable Offshore Corp   28.10                         Energy  2025-07-25 28.64  2025-07-28 29.84  4.19 
  VG                  Venture Global Inc  352.33                         Energy  2025-07-25 14.56  2025-07-28 15.17  4.19 
DINO                    HF Sinclair Corp   81.36                         Energy  2025-07-25 43.18  2025-07-28 44.98  4.17 
 ALK                Alaska Air Group Inc   60.13                       Airlines  2025-07-25 52.16  2025-07-28 54.33  4.16 
COHR                       Coherent Corp  155.66           Electrical Equipment 2025-07-25 100.14  2025-07-28 104.3  4.15 
FANG              Diamondback Energy Inc  422.50                         Energy 2025-07-25 144.61 2025-07-28 150.52  4.09 

=== 市值超过50亿的涨幅榜前20名股票 ===
股票代码                 公司名称                 市值(亿)                 板块                       昨天收盘              今天收盘       涨跌幅(%)
SMCI            Super Micro Computer Inc  325.09                       Technology  2025-07-25 54.47  2025-07-28 60.05 10.24 
CRDO  Credo Technology Group Holding Ltd  173.74                   Semiconductors 2025-07-25 101.22 2025-07-28 107.95  6.65 
BRKR                         Bruker Corp   63.55   Life Sciences Tools & Services  2025-07-25 41.94  2025-07-28 43.93  4.74 
 AMD          Advanced Micro Devices Inc 2699.15                   Semiconductors 2025-07-25 166.47 2025-07-28 173.66  4.32 
OLLI Ollie's Bargain Outlet Holdings Inc   82.03                           Retail 2025-07-25 133.73 2025-07-28 139.34  4.20 
  VG                  Venture Global Inc  352.33                           Energy  2025-07-25 14.56  2025-07-28 15.17  4.19 
DINO                    HF Sinclair Corp   81.36                           Energy  2025-07-25 43.18  2025-07-28 44.98  4.17 
 ALK                Alaska Air Group Inc   60.13                         Airlines  2025-07-25 52.16  2025-07-28 54.33  4.16 
COHR                       Coherent Corp  155.66             Electrical Equipment 2025-07-25 100.14  2025-07-28 104.3  4.15 
FANG              Diamondback Energy Inc  422.50                           Energy 2025-07-25 144.61 2025-07-28 150.52  4.09 
NVMI                            Nova Ltd   76.03                   Semiconductors 2025-07-25 258.62 2025-07-28 269.13  4.06 
  PR              Permian Resources Corp  110.22                           Energy  2025-07-25 13.78  2025-07-28 14.33  3.99 
CHRD                   Chord Energy Corp   62.79                           Energy 2025-07-25 108.72 2025-07-28 113.02  3.96 
ROKU                            Roku Inc  132.17                            Media  2025-07-25 90.12  2025-07-28 93.65  3.92 
 NKE                            Nike Inc 1126.43 Textiles, Apparel & Luxury Goods  2025-07-25 76.27  2025-07-28 79.24  3.89 
 VRT                  Vertiv Holdings Co  523.91             Electrical Equipment 2025-07-25 137.47 2025-07-28 142.55  3.70 
 OVV                         Ovintiv Inc  106.49                           Energy  2025-07-25 41.43  2025-07-28 42.91  3.57 
 AYI                          Acuity Inc   92.52             Electrical Equipment  2025-07-25 301.9 2025-07-28 312.51  3.51 
 TLN                   Talen Energy Corp  157.75                        Utilities 2025-07-25 346.62 2025-07-28 358.77  3.51 
 DVN                   Devon Energy Corp  211.51                           Energy  2025-07-25 32.94  2025-07-28 34.09  3.49 

=== 市值超过100亿的涨幅榜前20名股票 ===
股票代码                公司名称                 市值(亿)                  板块                       昨天收盘              今天收盘       涨跌幅(%)
SMCI           Super Micro Computer Inc   325.09                       Technology  2025-07-25 54.47  2025-07-28 60.05 10.24 
CRDO Credo Technology Group Holding Ltd   173.74                   Semiconductors 2025-07-25 101.22 2025-07-28 107.95  6.65 
 AMD         Advanced Micro Devices Inc  2699.15                   Semiconductors 2025-07-25 166.47 2025-07-28 173.66  4.32 
  VG                 Venture Global Inc   352.33                           Energy  2025-07-25 14.56  2025-07-28 15.17  4.19 
COHR                      Coherent Corp   155.66             Electrical Equipment 2025-07-25 100.14  2025-07-28 104.3  4.15 
FANG             Diamondback Energy Inc   422.50                           Energy 2025-07-25 144.61 2025-07-28 150.52  4.09 
  PR             Permian Resources Corp   110.22                           Energy  2025-07-25 13.78  2025-07-28 14.33  3.99 
ROKU                           Roku Inc   132.17                            Media  2025-07-25 90.12  2025-07-28 93.65  3.92 
 NKE                           Nike Inc  1126.43 Textiles, Apparel & Luxury Goods  2025-07-25 76.27  2025-07-28 79.24  3.89 
 VRT                 Vertiv Holdings Co   523.91             Electrical Equipment 2025-07-25 137.47 2025-07-28 142.55  3.70 
 OVV                        Ovintiv Inc   106.49                           Energy  2025-07-25 41.43  2025-07-28 42.91  3.57 
 TLN                  Talen Energy Corp   157.75                        Utilities 2025-07-25 346.62 2025-07-28 358.77  3.51 
 DVN                  Devon Energy Corp   211.51                           Energy  2025-07-25 32.94  2025-07-28 34.09  3.49 
  MP                  MP Materials Corp   109.92                  Metals & Mining  2025-07-25 62.08  2025-07-28 64.11  3.27 
PSTG                   Pure Storage Inc   188.22                       Technology  2025-07-25 57.59   2025-07-28 59.4  3.14 
BURL              Burlington Stores Inc   176.27                           Retail 2025-07-25 279.41 2025-07-28 287.99  3.07 
  ON              ON Semiconductor Corp   237.86                   Semiconductors  2025-07-25 56.92  2025-07-28 58.66  3.06 
TSLA                          Tesla Inc 10194.35                      Automobiles 2025-07-25 316.06 2025-07-28 325.59  3.02 
  UI                       Ubiquiti Inc   270.07                   Communications 2025-07-25 446.46  2025-07-28 459.5  2.92 
ANET                Arista Networks Inc  1435.27                   Communications 2025-07-25 114.28 2025-07-28 117.55  2.86 

=== 市值超过200亿的涨幅榜前20名股票 ===
股票代码            公司名称             市值(亿)                  板块                       昨天收盘              今天收盘       涨跌幅(%)
SMCI   Super Micro Computer Inc   325.09                       Technology  2025-07-25 54.47  2025-07-28 60.05 10.24 
 AMD Advanced Micro Devices Inc  2699.15                   Semiconductors 2025-07-25 166.47 2025-07-28 173.66  4.32 
  VG         Venture Global Inc   352.33                           Energy  2025-07-25 14.56  2025-07-28 15.17  4.19 
FANG     Diamondback Energy Inc   422.50                           Energy 2025-07-25 144.61 2025-07-28 150.52  4.09 
 NKE                   Nike Inc  1126.43 Textiles, Apparel & Luxury Goods  2025-07-25 76.27  2025-07-28 79.24  3.89 
 VRT         Vertiv Holdings Co   523.91             Electrical Equipment 2025-07-25 137.47 2025-07-28 142.55  3.70 
 DVN          Devon Energy Corp   211.51                           Energy  2025-07-25 32.94  2025-07-28 34.09  3.49 
  ON      ON Semiconductor Corp   237.86                   Semiconductors  2025-07-25 56.92  2025-07-28 58.66  3.06 
TSLA                  Tesla Inc 10194.35                      Automobiles 2025-07-25 316.06 2025-07-28 325.59  3.02 
  UI               Ubiquiti Inc   270.07                   Communications 2025-07-25 446.46  2025-07-28 459.5  2.92 
ANET        Arista Networks Inc  1435.27                   Communications 2025-07-25 114.28 2025-07-28 117.55  2.86 
 EOG          EOG Resources Inc   646.16                           Energy 2025-07-25 118.39 2025-07-28 121.65  2.75 
 TTD             Trade Desk Inc   422.02                            Media  2025-07-25 86.14  2025-07-28 88.46  2.69 
  AS            Amer Sports Inc   208.58 Textiles, Apparel & Luxury Goods  2025-07-25 37.66   2025-07-28 38.6  2.50 
AMAT      Applied Materials Inc  1490.16                   Semiconductors 2025-07-25 185.69 2025-07-28 190.27  2.47 
  EL Estee Lauder Companies Inc   325.22                Consumer products   2025-07-25 90.4  2025-07-28 92.52  2.35 
KLAC                   KLA Corp  1192.94                   Semiconductors 2025-07-25 902.09 2025-07-28 923.15  2.33 
NXPI      NXP Semiconductors NV   562.95                   Semiconductors 2025-07-25 223.29 2025-07-28 228.49  2.33 
 TXN      Texas Instruments Inc  1680.58                   Semiconductors 2025-07-25 184.99 2025-07-28 189.25  2.30 
MRVL     Marvell Technology Inc   639.84                   Semiconductors  2025-07-25 74.21  2025-07-28 75.91  2.29 

=== 市值超过1000亿的涨跌榜前20名股票 ===
股票代码                 公司名称                  市值(亿)                  板块                       昨天收盘              今天收盘       涨跌幅(%)
 AMD           Advanced Micro Devices Inc  2699.15                   Semiconductors 2025-07-25 166.47 2025-07-28 173.66  4.32 
 NKE                             Nike Inc  1126.43 Textiles, Apparel & Luxury Goods  2025-07-25 76.27  2025-07-28 79.24  3.89 
TSLA                            Tesla Inc 10194.35                      Automobiles 2025-07-25 316.06 2025-07-28 325.59  3.02 
ANET                  Arista Networks Inc  1435.27                   Communications 2025-07-25 114.28 2025-07-28 117.55  2.86 
AMAT                Applied Materials Inc  1490.16                   Semiconductors 2025-07-25 185.69 2025-07-28 190.27  2.47 
KLAC                             KLA Corp  1192.94                   Semiconductors 2025-07-25 902.09 2025-07-28 923.15  2.33 
 TXN                Texas Instruments Inc  1680.58                   Semiconductors 2025-07-25 184.99 2025-07-28 189.25  2.30 
 COP                       ConocoPhillips  1198.66                           Energy  2025-07-25 94.95  2025-07-28 97.02  2.18 
 UNP                   Union Pacific Corp  1342.77                      Road & Rail 2025-07-25 224.74 2025-07-28 229.24  2.00 
SHOP                          Shopify Inc  1614.33                       Technology 2025-07-25 124.43 2025-07-28 126.84  1.94 
 APP                        Applovin Corp  1232.20                       Technology 2025-07-25 364.14 2025-07-28 370.96  1.87 
NVDA                          NVIDIA Corp 42334.00                   Semiconductors  2025-07-25 173.5 2025-07-28 176.75  1.87 
LRCX                    Lam Research Corp  1240.23                   Semiconductors  2025-07-25 96.96  2025-07-28 98.62  1.71 
QCOM                         Qualcomm Inc  1739.23                   Semiconductors  2025-07-25 158.4 2025-07-28 161.05  1.67 
INTU                           Intuit Inc  2192.38                       Technology 2025-07-25 785.95 2025-07-28 798.73  1.63 
 APH                        Amphenol Corp  1270.32             Electrical Equipment 2025-07-25 105.02  2025-07-28 106.7  1.60 
  BA                            Boeing Co  1757.29              Aerospace & Defense 2025-07-25 233.06 2025-07-28 236.41  1.44 
AVGO                         Broadcom Inc 13648.53                   Semiconductors 2025-07-25 290.18  2025-07-28 294.3  1.42 
 TMO         Thermo Fisher Scientific Inc  1805.63   Life Sciences Tools & Services 2025-07-25 478.32 2025-07-28 484.96  1.39 
 IBM International Business Machines Corp  2413.83                       Technology 2025-07-25 259.72 2025-07-28 263.21  1.34 
