2025-02-20 11:26:36,195 - INFO: 日志目录: logs/20250220_112636
2025-02-20 11:26:36,195 - INFO: 日志文件: logs/20250220_112636/execution.log
2025-02-20 11:26:36,216 - INFO: 开始获取和过滤股票列表...
2025-02-20 11:26:36,216 - INFO: 使用测试股票列表，共 4 个股票
2025-02-20 11:26:36,216 - INFO: 开始处理 4 只股票...
2025-02-20 11:26:41,580 - INFO: 
处理完成!
2025-02-20 11:26:41,581 - INFO: 总计处理: 4 只股票
2025-02-20 11:26:41,581 - INFO: 有效数据: 4 只股票
2025-02-20 11:26:41,581 - INFO: 无效数据: 0 只股票
2025-02-20 11:26:41,583 - INFO: 日志目录: logs/20250220_112636
2025-02-20 11:26:41,583 - INFO: 日志文件: logs/20250220_112636/execution.log
2025-02-20 11:26:41,585 - INFO: 
=== 涨幅榜前20名股票 ===
2025-02-20 11:26:41,585 - INFO: 
=== 涨幅榜前20名股票 ===
2025-02-20 11:26:41,591 - INFO: 
股票代码      公司名称      市值(亿)     板块         昨天收盘          今天收盘     涨跌幅(%)
  TSLA            Tesla Inc 11597.47 Automobiles 2025-02-18 354.11 2025-02-19 360.56    1.82  
  GOOG         Alphabet Inc 22696.91       Media  2025-02-18 185.8 2025-02-19 187.13    0.72  
  AAPL            Apple Inc 36784.55  Technology 2025-02-18 244.47 2025-02-19 244.87    0.16  
  META   Meta Platforms Inc 17832.82       Media 2025-02-18 716.37 2025-02-19 703.77   -1.76  
2025-02-20 11:26:41,591 - INFO: 
股票代码      公司名称      市值(亿)     板块         昨天收盘          今天收盘     涨跌幅(%)
  TSLA            Tesla Inc 11597.47 Automobiles 2025-02-18 354.11 2025-02-19 360.56    1.82  
  GOOG         Alphabet Inc 22696.91       Media  2025-02-18 185.8 2025-02-19 187.13    0.72  
  AAPL            Apple Inc 36784.55  Technology 2025-02-18 244.47 2025-02-19 244.87    0.16  
  META   Meta Platforms Inc 17832.82       Media 2025-02-18 716.37 2025-02-19 703.77   -1.76  
2025-02-20 11:26:41,592 - INFO: 
=== 市值超过20亿的涨幅榜前20名股票 ===
2025-02-20 11:26:41,592 - INFO: 
=== 市值超过20亿的涨幅榜前20名股票 ===
2025-02-20 11:26:41,595 - INFO: 
股票代码      公司名称      市值(亿)     板块         昨天收盘          今天收盘     涨跌幅(%)
  TSLA            Tesla Inc 11597.47 Automobiles 2025-02-18 354.11 2025-02-19 360.56    1.82  
  GOOG         Alphabet Inc 22696.91       Media  2025-02-18 185.8 2025-02-19 187.13    0.72  
  AAPL            Apple Inc 36784.55  Technology 2025-02-18 244.47 2025-02-19 244.87    0.16  
  META   Meta Platforms Inc 17832.82       Media 2025-02-18 716.37 2025-02-19 703.77   -1.76  
2025-02-20 11:26:41,595 - INFO: 
股票代码      公司名称      市值(亿)     板块         昨天收盘          今天收盘     涨跌幅(%)
  TSLA            Tesla Inc 11597.47 Automobiles 2025-02-18 354.11 2025-02-19 360.56    1.82  
  GOOG         Alphabet Inc 22696.91       Media  2025-02-18 185.8 2025-02-19 187.13    0.72  
  AAPL            Apple Inc 36784.55  Technology 2025-02-18 244.47 2025-02-19 244.87    0.16  
  META   Meta Platforms Inc 17832.82       Media 2025-02-18 716.37 2025-02-19 703.77   -1.76  
2025-02-20 11:26:41,595 - INFO: 
=== 市值超过50亿的涨幅榜前20名股票 ===
2025-02-20 11:26:41,596 - INFO: 
=== 市值超过50亿的涨幅榜前20名股票 ===
2025-02-20 11:26:41,598 - INFO: 
股票代码      公司名称      市值(亿)     板块         昨天收盘          今天收盘     涨跌幅(%)
  TSLA            Tesla Inc 11597.47 Automobiles 2025-02-18 354.11 2025-02-19 360.56    1.82  
  GOOG         Alphabet Inc 22696.91       Media  2025-02-18 185.8 2025-02-19 187.13    0.72  
  AAPL            Apple Inc 36784.55  Technology 2025-02-18 244.47 2025-02-19 244.87    0.16  
  META   Meta Platforms Inc 17832.82       Media 2025-02-18 716.37 2025-02-19 703.77   -1.76  
2025-02-20 11:26:41,598 - INFO: 
股票代码      公司名称      市值(亿)     板块         昨天收盘          今天收盘     涨跌幅(%)
  TSLA            Tesla Inc 11597.47 Automobiles 2025-02-18 354.11 2025-02-19 360.56    1.82  
  GOOG         Alphabet Inc 22696.91       Media  2025-02-18 185.8 2025-02-19 187.13    0.72  
  AAPL            Apple Inc 36784.55  Technology 2025-02-18 244.47 2025-02-19 244.87    0.16  
  META   Meta Platforms Inc 17832.82       Media 2025-02-18 716.37 2025-02-19 703.77   -1.76  
2025-02-20 11:26:41,599 - INFO: 
=== 市值超过100亿的涨幅榜前20名股票 ===
2025-02-20 11:26:41,599 - INFO: 
=== 市值超过100亿的涨幅榜前20名股票 ===
2025-02-20 11:26:41,602 - INFO: 
股票代码      公司名称      市值(亿)     板块         昨天收盘          今天收盘     涨跌幅(%)
  TSLA            Tesla Inc 11597.47 Automobiles 2025-02-18 354.11 2025-02-19 360.56    1.82  
  GOOG         Alphabet Inc 22696.91       Media  2025-02-18 185.8 2025-02-19 187.13    0.72  
  AAPL            Apple Inc 36784.55  Technology 2025-02-18 244.47 2025-02-19 244.87    0.16  
  META   Meta Platforms Inc 17832.82       Media 2025-02-18 716.37 2025-02-19 703.77   -1.76  
2025-02-20 11:26:41,606 - INFO: 
股票代码      公司名称      市值(亿)     板块         昨天收盘          今天收盘     涨跌幅(%)
  TSLA            Tesla Inc 11597.47 Automobiles 2025-02-18 354.11 2025-02-19 360.56    1.82  
  GOOG         Alphabet Inc 22696.91       Media  2025-02-18 185.8 2025-02-19 187.13    0.72  
  AAPL            Apple Inc 36784.55  Technology 2025-02-18 244.47 2025-02-19 244.87    0.16  
  META   Meta Platforms Inc 17832.82       Media 2025-02-18 716.37 2025-02-19 703.77   -1.76  
2025-02-20 11:26:41,607 - INFO: 
=== 市值超过200亿的涨幅榜前20名股票 ===
2025-02-20 11:26:41,607 - INFO: 
=== 市值超过200亿的涨幅榜前20名股票 ===
2025-02-20 11:26:41,609 - INFO: 
股票代码      公司名称      市值(亿)     板块         昨天收盘          今天收盘     涨跌幅(%)
  TSLA            Tesla Inc 11597.47 Automobiles 2025-02-18 354.11 2025-02-19 360.56    1.82  
  GOOG         Alphabet Inc 22696.91       Media  2025-02-18 185.8 2025-02-19 187.13    0.72  
  AAPL            Apple Inc 36784.55  Technology 2025-02-18 244.47 2025-02-19 244.87    0.16  
  META   Meta Platforms Inc 17832.82       Media 2025-02-18 716.37 2025-02-19 703.77   -1.76  
2025-02-20 11:26:41,609 - INFO: 
股票代码      公司名称      市值(亿)     板块         昨天收盘          今天收盘     涨跌幅(%)
  TSLA            Tesla Inc 11597.47 Automobiles 2025-02-18 354.11 2025-02-19 360.56    1.82  
  GOOG         Alphabet Inc 22696.91       Media  2025-02-18 185.8 2025-02-19 187.13    0.72  
  AAPL            Apple Inc 36784.55  Technology 2025-02-18 244.47 2025-02-19 244.87    0.16  
  META   Meta Platforms Inc 17832.82       Media 2025-02-18 716.37 2025-02-19 703.77   -1.76  
2025-02-20 11:26:41,610 - INFO: 
=== 市值超过1000亿的涨幅榜前20名股票 ===
2025-02-20 11:26:41,610 - INFO: 
=== 市值超过1000亿的涨幅榜前20名股票 ===
2025-02-20 11:26:41,612 - INFO: 
股票代码      公司名称      市值(亿)     板块         昨天收盘          今天收盘     涨跌幅(%)
  TSLA            Tesla Inc 11597.47 Automobiles 2025-02-18 354.11 2025-02-19 360.56    1.82  
  GOOG         Alphabet Inc 22696.91       Media  2025-02-18 185.8 2025-02-19 187.13    0.72  
  AAPL            Apple Inc 36784.55  Technology 2025-02-18 244.47 2025-02-19 244.87    0.16  
  META   Meta Platforms Inc 17832.82       Media 2025-02-18 716.37 2025-02-19 703.77   -1.76  
2025-02-20 11:26:41,613 - INFO: 
股票代码      公司名称      市值(亿)     板块         昨天收盘          今天收盘     涨跌幅(%)
  TSLA            Tesla Inc 11597.47 Automobiles 2025-02-18 354.11 2025-02-19 360.56    1.82  
  GOOG         Alphabet Inc 22696.91       Media  2025-02-18 185.8 2025-02-19 187.13    0.72  
  AAPL            Apple Inc 36784.55  Technology 2025-02-18 244.47 2025-02-19 244.87    0.16  
  META   Meta Platforms Inc 17832.82       Media 2025-02-18 716.37 2025-02-19 703.77   -1.76  
2025-02-20 11:26:41,613 - INFO: 结果已保存到: logs/20250220_112636/top20_result.log
2025-02-20 11:26:41,613 - INFO: 日志目录: logs/20250220_112636
2025-02-20 11:26:41,613 - INFO: 日志文件: logs/20250220_112636/execution.log
2025-02-20 11:26:41,614 - INFO: 股票数据已保存到 logs/20250220_112636/stocks_data.json
2025-02-20 11:26:41,617 - INFO: 
=== 板块涨跌分析 ===
2025-02-20 11:26:41,618 - INFO: 
          板块  平均涨跌幅  股票数量
0  Automobiles        1.82         1
2   Technology        0.16         1
1        Media       -0.52         2
2025-02-20 11:26:41,619 - INFO: 板块分析已保存到 logs/20250220_112636/sector_analysis.json
