
=== 涨幅榜前20名股票 ===

股票代码      公司名称      市值(亿)     板块         昨天收盘          今天收盘     涨跌幅(%)
  TSLA            Tesla Inc 11597.47 Automobiles 2025-02-18 354.11 2025-02-19 360.56    1.82  
  GOOG         Alphabet Inc 22696.91       Media  2025-02-18 185.8 2025-02-19 187.13    0.72  
  AAPL            Apple Inc 36784.55  Technology 2025-02-18 244.47 2025-02-19 244.87    0.16  
  META   Meta Platforms Inc 17832.82       Media 2025-02-18 716.37 2025-02-19 703.77   -1.76  

=== 市值超过20亿的涨幅榜前20名股票 ===

股票代码      公司名称      市值(亿)     板块         昨天收盘          今天收盘     涨跌幅(%)
  TSLA            Tesla Inc 11597.47 Automobiles 2025-02-18 354.11 2025-02-19 360.56    1.82  
  GOOG         Alphabet Inc 22696.91       Media  2025-02-18 185.8 2025-02-19 187.13    0.72  
  AAPL            Apple Inc 36784.55  Technology 2025-02-18 244.47 2025-02-19 244.87    0.16  
  META   Meta Platforms Inc 17832.82       Media 2025-02-18 716.37 2025-02-19 703.77   -1.76  

=== 市值超过50亿的涨幅榜前20名股票 ===

股票代码      公司名称      市值(亿)     板块         昨天收盘          今天收盘     涨跌幅(%)
  TSLA            Tesla Inc 11597.47 Automobiles 2025-02-18 354.11 2025-02-19 360.56    1.82  
  GOOG         Alphabet Inc 22696.91       Media  2025-02-18 185.8 2025-02-19 187.13    0.72  
  AAPL            Apple Inc 36784.55  Technology 2025-02-18 244.47 2025-02-19 244.87    0.16  
  META   Meta Platforms Inc 17832.82       Media 2025-02-18 716.37 2025-02-19 703.77   -1.76  

=== 市值超过100亿的涨幅榜前20名股票 ===

股票代码      公司名称      市值(亿)     板块         昨天收盘          今天收盘     涨跌幅(%)
  TSLA            Tesla Inc 11597.47 Automobiles 2025-02-18 354.11 2025-02-19 360.56    1.82  
  GOOG         Alphabet Inc 22696.91       Media  2025-02-18 185.8 2025-02-19 187.13    0.72  
  AAPL            Apple Inc 36784.55  Technology 2025-02-18 244.47 2025-02-19 244.87    0.16  
  META   Meta Platforms Inc 17832.82       Media 2025-02-18 716.37 2025-02-19 703.77   -1.76  

=== 市值超过200亿的涨幅榜前20名股票 ===

股票代码      公司名称      市值(亿)     板块         昨天收盘          今天收盘     涨跌幅(%)
  TSLA            Tesla Inc 11597.47 Automobiles 2025-02-18 354.11 2025-02-19 360.56    1.82  
  GOOG         Alphabet Inc 22696.91       Media  2025-02-18 185.8 2025-02-19 187.13    0.72  
  AAPL            Apple Inc 36784.55  Technology 2025-02-18 244.47 2025-02-19 244.87    0.16  
  META   Meta Platforms Inc 17832.82       Media 2025-02-18 716.37 2025-02-19 703.77   -1.76  

=== 市值超过1000亿的涨幅榜前20名股票 ===

股票代码      公司名称      市值(亿)     板块         昨天收盘          今天收盘     涨跌幅(%)
  TSLA            Tesla Inc 11597.47 Automobiles 2025-02-18 354.11 2025-02-19 360.56    1.82  
  GOOG         Alphabet Inc 22696.91       Media  2025-02-18 185.8 2025-02-19 187.13    0.72  
  AAPL            Apple Inc 36784.55  Technology 2025-02-18 244.47 2025-02-19 244.87    0.16  
  META   Meta Platforms Inc 17832.82       Media 2025-02-18 716.37 2025-02-19 703.77   -1.76  
