
=== 涨幅榜前20名股票 ===
股票代码                   公司名称                   市值(亿)               板块                     昨天收盘             今天收盘       涨跌幅(%)
 JEM                  707 Cayman Holdings Ltd  0.02                   Distributors  2026-06-29 1.08  2026-06-30 3.97 267.59
ADTX                               Aditxt Inc  0.02                  Biotechnology   2026-06-29 0.0  2026-06-30 0.01 200.00
LGCL                             Lucas GC Ltd  0.36          Professional Services  2026-06-29 0.85  2026-06-30 1.85 117.14
YOOV         Concorde International Group Ltd  1.16 Commercial Services & Supplies  2026-06-29 0.39  2026-06-30 0.77  99.48
BIYA            Baiya International Group Inc  0.02          Professional Services  2026-06-29 0.28  2026-06-30 0.56  98.23
CELZ Creative Medical Technology Holdings Inc  0.05                  Biotechnology  2026-06-29 0.81  2026-06-30 1.45  78.97
CUPR            Cuprina Holdings (Cayman) Ltd  0.04                    Health Care  2026-06-29 4.46  2026-06-30 6.59  47.76
SLBT                   SL Science Holding Ltd 18.87                            N/A   2026-06-29 3.4  2026-06-30 4.79  40.88
 GVH                   Globavend Holdings Ltd  0.07     Logistics & Transportation  2026-06-29 3.51   2026-06-30 4.8  36.75
INTZ                            Intrusion Inc  0.19                     Technology  2026-06-29 0.68  2026-06-30 0.93  36.57
NEOV                             NeoVolta Inc  1.78           Electrical Equipment  2026-06-29 2.35  2026-06-30 3.15  34.04
AMBA                            Ambarella Inc 29.40                 Semiconductors 2026-06-29 67.01  2026-06-30 85.8  28.04
BGMS               Bio Green Med Solution Inc  0.04                  Biotechnology  2026-06-29 0.72  2026-06-30 0.91  26.39
SRFM                    Surf Air Mobility Inc  1.16                       Airlines  2026-06-29 0.93  2026-06-30 1.16  24.73
 PMN                 ProMIS Neurosciences Inc  0.23                  Biotechnology 2026-06-29 10.75 2026-06-30 13.16  22.42
THCH                     TH International Ltd  0.61  Hotels, Restaurants & Leisure  2026-06-29 1.57  2026-06-30 1.91  22.04
RZLV                           Rezolve AI PLC 12.56                     Technology   2026-06-29 2.6  2026-06-30 3.15  21.15
BTCT                          BTC Digital Ltd  0.06                     Technology  2026-06-29 0.68  2026-06-30 0.82  21.09
FCEL                      Fuelcell Energy Inc 20.15           Electrical Equipment  2026-06-29 29.8 2026-06-30 36.01  20.84
PAVS   Paranovus Entertainment Technology Ltd  3.72              Consumer products  2026-06-29 6.15  2026-06-30 7.43  20.81

=== 市值超过20亿的涨幅榜前20名股票 ===
股票代码                公司名称                 市值(亿)           板块                 昨天收盘               今天收盘        涨跌幅(%)
AMBA                      Ambarella Inc   29.40       Semiconductors   2026-06-29 67.01    2026-06-30 85.8 28.04 
FCEL                Fuelcell Energy Inc   20.15 Electrical Equipment    2026-06-29 29.8   2026-06-30 36.01 20.84 
AVAV                  AeroVironment Inc   69.41  Aerospace & Defense   2026-06-29 139.0  2026-06-30 165.07 18.76 
 MXL                      Maxlinear Inc   97.13       Semiconductors  2026-06-29 108.47  2026-06-30 128.03 18.03 
VSAT                         Viasat Inc   85.29       Communications   2026-06-29 76.69   2026-06-30 89.81 17.11 
MBLY                Mobileye Global Inc   81.52      Auto Components     2026-06-29 8.3    2026-06-30 9.68 16.63 
AVEX                         AEVEX Corp   23.82  Aerospace & Defense   2026-06-29 17.94   2026-06-30 20.89 16.44 
OUST                         Ouster Inc   34.43 Electrical Equipment   2026-06-29 54.07   2026-06-30 62.52 15.63 
BRUN                      Boost Run Inc   20.86                  N/A   2026-06-29 33.96   2026-06-30 38.81 14.28 
FIGR    Figure Technology Solutions Inc   59.69   Financial Services   2026-06-29 27.07   2026-06-30 30.71 13.45 
  LB                  LandBridge Co LLC   53.80          Real Estate   2026-06-29 69.85   2026-06-30 79.24 13.44 
PENG              Penguin Solutions Inc   38.57       Semiconductors   2026-06-29 67.94   2026-06-30 76.01 11.88 
MRCY                Mercury Systems Inc   73.45  Aerospace & Defense  2026-06-29 110.22  2026-06-30 122.33 10.99 
FORM                     FormFactor Inc  124.67       Semiconductors  2026-06-29 144.17  2026-06-30 159.93 10.93 
SNDK                       Sandisk Corp 3367.16           Technology 2026-06-29 2050.39 2026-06-30 2273.73 10.89 
CRDO Credo Technology Group Holding Ltd  458.14       Semiconductors  2026-06-29 245.68  2026-06-30 271.95 10.69 
TENB               Tenable Holdings Inc   36.93           Technology   2026-06-29 33.49   2026-06-30 36.88 10.12 
  BE                  Bloom Energy Corp  861.01 Electrical Equipment  2026-06-29 275.01   2026-06-30 302.7 10.07 
AADX    Applied Aerospace & Defense Inc   35.40  Aerospace & Defense   2026-06-29 20.73   2026-06-30 22.78  9.89 
AXON                Axon Enterprise Inc  411.55  Aerospace & Defense   2026-06-29 510.6  2026-06-30 560.61  9.79 

=== 市值超过50亿的涨幅榜前20名股票 ===
股票代码                公司名称                 市值(亿)           板块                 昨天收盘               今天收盘        涨跌幅(%)
AVAV                  AeroVironment Inc   69.41  Aerospace & Defense   2026-06-29 139.0  2026-06-30 165.07 18.76 
 MXL                      Maxlinear Inc   97.13       Semiconductors  2026-06-29 108.47  2026-06-30 128.03 18.03 
VSAT                         Viasat Inc   85.29       Communications   2026-06-29 76.69   2026-06-30 89.81 17.11 
MBLY                Mobileye Global Inc   81.52      Auto Components     2026-06-29 8.3    2026-06-30 9.68 16.63 
FIGR    Figure Technology Solutions Inc   59.69   Financial Services   2026-06-29 27.07   2026-06-30 30.71 13.45 
  LB                  LandBridge Co LLC   53.80          Real Estate   2026-06-29 69.85   2026-06-30 79.24 13.44 
MRCY                Mercury Systems Inc   73.45  Aerospace & Defense  2026-06-29 110.22  2026-06-30 122.33 10.99 
FORM                     FormFactor Inc  124.67       Semiconductors  2026-06-29 144.17  2026-06-30 159.93 10.93 
SNDK                       Sandisk Corp 3367.16           Technology 2026-06-29 2050.39 2026-06-30 2273.73 10.89 
CRDO Credo Technology Group Holding Ltd  458.14       Semiconductors  2026-06-29 245.68  2026-06-30 271.95 10.69 
  BE                  Bloom Energy Corp  861.01 Electrical Equipment  2026-06-29 275.01   2026-06-30 302.7 10.07 
AXON                Axon Enterprise Inc  411.55  Aerospace & Defense   2026-06-29 510.6  2026-06-30 560.61  9.79 
UCTT           Ultra Clean Holdings Inc   58.59       Semiconductors   2026-06-29 130.7  2026-06-30 142.59  9.10 
 VRT                 Vertiv Holdings Co 1150.79 Electrical Equipment  2026-06-29 306.97  2026-06-30 334.82  9.07 
   P                       Everpure Inc  240.40           Technology   2026-06-29 72.32   2026-06-30 78.79  8.95 
 PRM            Perimeter Solutions Inc   53.39            Chemicals   2026-06-29 32.73   2026-06-30 35.65  8.92 
KLAC                           KLA Corp 3941.16       Semiconductors  2026-06-29 278.39  2026-06-30 301.71  8.38 
 RRX                 Regal Rexnord Corp  146.37 Electrical Equipment  2026-06-29 219.88  2026-06-30 238.19  8.33 
 APD     Air Products and Chemicals Inc  652.86            Chemicals  2026-06-29 271.35  2026-06-30 293.18  8.04 
FBIN     Fortune Brands Innovations Inc   60.80             Building   2026-06-29 50.97    2026-06-30 54.9  7.71 

=== 市值超过100亿的涨幅榜前20名股票 ===
股票代码                公司名称                 市值(亿)           板块                 昨天收盘               今天收盘        涨跌幅(%)
FORM                     FormFactor Inc  124.67       Semiconductors  2026-06-29 144.17  2026-06-30 159.93 10.93 
SNDK                       Sandisk Corp 3367.16           Technology 2026-06-29 2050.39 2026-06-30 2273.73 10.89 
CRDO Credo Technology Group Holding Ltd  458.14       Semiconductors  2026-06-29 245.68  2026-06-30 271.95 10.69 
  BE                  Bloom Energy Corp  861.01 Electrical Equipment  2026-06-29 275.01   2026-06-30 302.7 10.07 
AXON                Axon Enterprise Inc  411.55  Aerospace & Defense   2026-06-29 510.6  2026-06-30 560.61  9.79 
 VRT                 Vertiv Holdings Co 1150.79 Electrical Equipment  2026-06-29 306.97  2026-06-30 334.82  9.07 
   P                       Everpure Inc  240.40           Technology   2026-06-29 72.32   2026-06-30 78.79  8.95 
KLAC                           KLA Corp 3941.16       Semiconductors  2026-06-29 278.39  2026-06-30 301.71  8.38 
 RRX                 Regal Rexnord Corp  146.37 Electrical Equipment  2026-06-29 219.88  2026-06-30 238.19  8.33 
 APD     Air Products and Chemicals Inc  652.86            Chemicals  2026-06-29 271.35  2026-06-30 293.18  8.04 
 AMD         Advanced Micro Devices Inc 8796.93       Semiconductors  2026-06-29 539.49  2026-06-30 580.91  7.68 
ONTO                Onto Innovation Inc  174.82       Semiconductors  2026-06-29 351.45  2026-06-30 378.45  7.68 
 NXT                      Nextpower Inc  167.82 Electrical Equipment  2026-06-29 110.66  2026-06-30 119.14  7.66 
MRVL             Marvell Technology Inc 2429.76       Semiconductors  2026-06-29 277.75  2026-06-30 297.89  7.25 
RMBS                         Rambus Inc  133.98       Semiconductors   2026-06-29 123.9  2026-06-30 132.74  7.13 
AEIS     Advanced Energy Industries Inc  132.40 Electrical Equipment  2026-06-29 348.15  2026-06-30 372.87  7.10 
MKSI                   MKS Incorporated  280.98       Semiconductors   2026-06-29 416.0   2026-06-30 444.8  6.92 
  ON              ON Semiconductor Corp  370.51       Semiconductors   2026-06-29 88.57   2026-06-30 94.54  6.74 
 SYM                       Symbotic Inc  253.98            Machinery   2026-06-29 42.14   2026-06-30 44.95  6.67 
 GEV                     GE Vernova Inc 3157.08 Electrical Equipment 2026-06-29 1102.51 2026-06-30 1174.86  6.56 

=== 市值超过200亿的涨幅榜前20名股票 ===
 股票代码                公司名称                 市值(亿)           板块                 昨天收盘               今天收盘        涨跌幅(%)
 SNDK                       Sandisk Corp 3367.16           Technology 2026-06-29 2050.39 2026-06-30 2273.73 10.89 
 CRDO Credo Technology Group Holding Ltd  458.14       Semiconductors  2026-06-29 245.68  2026-06-30 271.95 10.69 
   BE                  Bloom Energy Corp  861.01 Electrical Equipment  2026-06-29 275.01   2026-06-30 302.7 10.07 
 AXON                Axon Enterprise Inc  411.55  Aerospace & Defense   2026-06-29 510.6  2026-06-30 560.61  9.79 
  VRT                 Vertiv Holdings Co 1150.79 Electrical Equipment  2026-06-29 306.97  2026-06-30 334.82  9.07 
    P                       Everpure Inc  240.40           Technology   2026-06-29 72.32   2026-06-30 78.79  8.95 
 KLAC                           KLA Corp 3941.16       Semiconductors  2026-06-29 278.39  2026-06-30 301.71  8.38 
  APD     Air Products and Chemicals Inc  652.86            Chemicals  2026-06-29 271.35  2026-06-30 293.18  8.04 
  AMD         Advanced Micro Devices Inc 8796.93       Semiconductors  2026-06-29 539.49  2026-06-30 580.91  7.68 
 MRVL             Marvell Technology Inc 2429.76       Semiconductors  2026-06-29 277.75  2026-06-30 297.89  7.25 
 MKSI                   MKS Incorporated  280.98       Semiconductors   2026-06-29 416.0   2026-06-30 444.8  6.92 
   ON              ON Semiconductor Corp  370.51       Semiconductors   2026-06-29 88.57   2026-06-30 94.54  6.74 
  SYM                       Symbotic Inc  253.98            Machinery   2026-06-29 42.14   2026-06-30 44.95  6.67 
  GEV                     GE Vernova Inc 3157.08 Electrical Equipment 2026-06-29 1102.51 2026-06-30 1174.86  6.56 
   FN                           Fabrinet  201.39 Electrical Equipment  2026-06-29 528.23  2026-06-30 562.08  6.41 
 INTC                         Intel Corp 6620.25       Semiconductors  2026-06-29 131.72  2026-06-30 139.63  6.01 
  APH                      Amphenol Corp 2047.36 Electrical Equipment  2026-06-29 166.42  2026-06-30 176.32  5.95 
 ALAB                   Astera Labs, Inc  781.55       Semiconductors  2026-06-29 455.96  2026-06-30 483.02  5.93 
ASMLF                    ASML Holding NV 6028.48       Semiconductors 2026-06-29 1879.45  2026-06-30 1989.9  5.88 
 NBIS                    Nebius Group NV  657.19           Technology  2026-06-29 261.15  2026-06-30 276.17  5.75 

=== 市值超过1000亿的涨跌榜前20名股票 ===
 股票代码                 公司名称                 市值(亿)            板块                 昨天收盘               今天收盘        涨跌幅(%)
 SNDK                        Sandisk Corp  3367.16           Technology 2026-06-29 2050.39 2026-06-30 2273.73 10.89 
  VRT                  Vertiv Holdings Co  1150.79 Electrical Equipment  2026-06-29 306.97  2026-06-30 334.82  9.07 
 KLAC                            KLA Corp  3941.16       Semiconductors  2026-06-29 278.39  2026-06-30 301.71  8.38 
  AMD          Advanced Micro Devices Inc  8796.93       Semiconductors  2026-06-29 539.49  2026-06-30 580.91  7.68 
 MRVL              Marvell Technology Inc  2429.76       Semiconductors  2026-06-29 277.75  2026-06-30 297.89  7.25 
  GEV                      GE Vernova Inc  3157.08 Electrical Equipment 2026-06-29 1102.51 2026-06-30 1174.86  6.56 
 INTC                          Intel Corp  6620.25       Semiconductors  2026-06-29 131.72  2026-06-30 139.63  6.01 
  APH                       Amphenol Corp  2047.36 Electrical Equipment  2026-06-29 166.42  2026-06-30 176.32  5.95 
ASMLF                     ASML Holding NV  6028.48       Semiconductors 2026-06-29 1879.45  2026-06-30 1989.9  5.88 
 LRCX                   Lam Research Corp  5138.72       Semiconductors  2026-06-29 410.91  2026-06-30 433.33  5.46 
  TXN               Texas Instruments Inc  2598.13       Semiconductors  2026-06-29 285.48  2026-06-30 298.07  4.41 
  ETN               Eaton Corporation PLC  1654.62 Electrical Equipment  2026-06-29 408.26  2026-06-30 426.12  4.37 
 AMAT               Applied Materials Inc  5515.16       Semiconductors  2026-06-29 694.64   2026-06-30 723.0  4.08 
 DELL               Dell Technologies Inc  2797.07           Technology  2026-06-29 414.61  2026-06-30 431.46  4.06 
 SPCX Space Exploration Technologies Corp 21646.47    Telecommunication  2026-06-29 164.19  2026-06-30 170.86  4.06 
 ANET                 Arista Networks Inc  2139.13       Communications   2026-06-29 164.1  2026-06-30 169.88  3.52 
 SCCO                Southern Copper Corp  1405.43      Metals & Mining  2026-06-29 168.45  2026-06-30 174.26  3.45 
  APP                       Applovin Corp  1730.86           Technology  2026-06-29 498.76  2026-06-30 515.23  3.30 
  CAT                     Caterpillar Inc  4905.32            Machinery 2026-06-29 1033.19  2026-06-30 1064.9  3.07 
 AAPL                           Apple Inc 41380.16           Technology  2026-06-29 281.74  2026-06-30 289.36  2.70 
