
=== 涨幅榜前20名股票 ===
 股票代码             公司名称            市值(亿)               板块                     昨天收盘            今天收盘       涨跌幅(%)
 YMAT       J-Star Holding Co Ltd  0.14               Leisure Products 2026-05-22 0.46  2026-05-26 1.38 203.30
 VCIG              VCI Global Ltd  0.02          Professional Services 2026-05-22 1.33   2026-05-26 2.9 118.05
 MNTS                Momentus Inc  1.37            Aerospace & Defense 2026-05-22 7.38 2026-05-26 15.48 109.76
 AIMD                   Ainos Inc  0.18                     Technology 2026-05-22 1.53  2026-05-26 3.16 106.54
 PHGE                   BiomX Inc  0.08                  Biotechnology 2026-05-22 0.82  2026-05-26 1.62  98.29
 CPSH       CPS Technologies Corp  2.00           Electrical Equipment  2026-05-22 6.0 2026-05-26 11.12  85.33
 CODX          Co-Diagnostics Inc  0.18                    Health Care 2026-05-22 5.07  2026-05-26 9.11  79.68
 BRAI                  Braiin Ltd 14.78                     Technology 2026-05-22 7.17 2026-05-26 12.49  74.20
  UZX          Linkage Global Inc  0.17                         Retail 2026-05-22 0.45  2026-05-26 0.77  72.69
 ARTL      Artelo Biosciences Inc  0.04                Pharmaceuticals 2026-05-22 1.19  2026-05-26 1.71  43.70
 NRXP     NRX Pharmaceuticals Inc  1.53                Pharmaceuticals 2026-05-22 3.22  2026-05-26 4.31  33.85
 ECOR           electroCore, Inc.  0.75                    Health Care 2026-05-22 6.67  2026-05-26 8.91  33.58
 SNGX               Soligenix Inc  0.08                  Biotechnology 2026-05-22 0.39  2026-05-26 0.51  31.54
 ATOM                 Atomera Inc  4.65                 Semiconductors 2026-05-22 9.24 2026-05-26 12.11  31.06
 AREB American Rebel Holdings Inc  0.01 Commercial Services & Supplies 2026-05-22 0.05  2026-05-26 0.06  30.89
 NCPL              Netcapital Inc  0.07             Financial Services 2026-05-22 0.82  2026-05-26 1.07  30.65
 JBDI           JBDI Holdings Ltd  0.10                      Packaging 2026-05-22 0.42  2026-05-26 0.55  30.02
CMBMF       Cambium Networks Corp  0.11                 Communications 2026-05-22 0.37  2026-05-26 0.48  29.73
 AGPU             Axe Compute Inc  0.72                    Health Care 2026-05-22 5.34  2026-05-26 6.92  29.59
   TE               T1 Energy Inc 29.69           Electrical Equipment 2026-05-22 8.08 2026-05-26 10.45  29.33

=== 市值超过20亿的涨幅榜前20名股票 ===
 股票代码            公司名称             市值(亿)            板块                 昨天收盘              今天收盘       涨跌幅(%)
   TE              T1 Energy Inc    29.69 Electrical Equipment   2026-05-22 8.08  2026-05-26 10.45 29.33 
 VICR                 Vicor Corp   110.96 Electrical Equipment 2026-05-22 267.99 2026-05-26 332.95 24.24 
   MU      Micron Technology Inc 10110.36       Semiconductors  2026-05-22 751.0 2026-05-26 895.88 19.29 
  FLY      Firefly Aerospace Inc    94.22  Aerospace & Defense   2026-05-22 49.5  2026-05-26 58.81 18.81 
 ACMR           ACM Research Inc    55.58       Semiconductors  2026-05-22 73.35  2026-05-26 86.46 17.87 
 AEHR          Aehr Test Systems    34.76       Semiconductors  2026-05-22 95.02 2026-05-26 109.92 15.68 
CVCCF   CVC Capital Partners PLC   138.73   Financial Services   2026-05-22 13.0  2026-05-26 15.02 15.54 
 OUST                 Ouster Inc    27.19 Electrical Equipment  2026-05-22 37.03   2026-05-26 42.7 15.31 
  YSS     York Space Systems Inc    33.31  Aerospace & Defense  2026-05-22 29.03  2026-05-26 33.18 14.30 
 SEDG Solaredge Technologies Inc    43.34       Semiconductors  2026-05-22 61.95  2026-05-26 70.75 14.21 
 ARXS                  Arxis Inc   142.82  Aerospace & Defense   2026-05-22 34.8  2026-05-26 39.53 13.59 
  MOD    Modine Manufacturing Co   160.57             Building 2026-05-22 260.52 2026-05-26 295.88 13.57 
 ASTS        AST SpaceMobile Inc   479.68    Telecommunication 2026-05-22 105.86  2026-05-26 119.7 13.07 
EUTLF Eutelsat Communications SA    47.00                Media   2026-05-22 4.46   2026-05-26 5.04 13.00 
 AMKR       Amkor Technology Inc   181.89       Semiconductors  2026-05-22 65.75  2026-05-26 73.46 11.73 
 AMPX   Amprius Technologies Inc    25.24 Electrical Equipment  2026-05-22 16.03  2026-05-26 17.83 11.23 
  HCC       Warrior Met Coal Inc    49.34      Metals & Mining  2026-05-22 83.93  2026-05-26 93.08 10.90 
 ALGM   Allegro Microsystems Inc    93.48       Semiconductors  2026-05-22 45.95  2026-05-26 50.76 10.47 
VLEEF                   Valeo SE    32.12      Auto Components  2026-05-22 14.31   2026-05-26 15.8 10.41 
   IE       Ivanhoe Electric Inc    20.59      Metals & Mining   2026-05-22 11.8  2026-05-26 13.01 10.25 

=== 市值超过50亿的涨幅榜前20名股票 ===
 股票代码            公司名称             市值(亿)             板块                 昨天收盘              今天收盘       涨跌幅(%)
 VICR                 Vicor Corp   110.96  Electrical Equipment 2026-05-22 267.99 2026-05-26 332.95 24.24 
   MU      Micron Technology Inc 10110.36        Semiconductors  2026-05-22 751.0 2026-05-26 895.88 19.29 
  FLY      Firefly Aerospace Inc    94.22   Aerospace & Defense   2026-05-22 49.5  2026-05-26 58.81 18.81 
 ACMR           ACM Research Inc    55.58        Semiconductors  2026-05-22 73.35  2026-05-26 86.46 17.87 
CVCCF   CVC Capital Partners PLC   138.73    Financial Services   2026-05-22 13.0  2026-05-26 15.02 15.54 
 ARXS                  Arxis Inc   142.82   Aerospace & Defense   2026-05-22 34.8  2026-05-26 39.53 13.59 
  MOD    Modine Manufacturing Co   160.57              Building 2026-05-22 260.52 2026-05-26 295.88 13.57 
 ASTS        AST SpaceMobile Inc   479.68     Telecommunication 2026-05-22 105.86  2026-05-26 119.7 13.07 
 AMKR       Amkor Technology Inc   181.89        Semiconductors  2026-05-22 65.75  2026-05-26 73.46 11.73 
 ALGM   Allegro Microsystems Inc    93.48        Semiconductors  2026-05-22 45.95  2026-05-26 50.76 10.47 
 PRIM     Primoris Services Corp    69.23          Construction 2026-05-22 117.55 2026-05-26 129.36 10.05 
 RMBS                 Rambus Inc   170.02        Semiconductors 2026-05-22 142.98 2026-05-26 157.23  9.97 
 IBRX            Immunitybio Inc    82.58         Biotechnology   2026-05-22 7.22   2026-05-26 7.92  9.70 
   ON      ON Semiconductor Corp   497.56        Semiconductors  2026-05-22 116.2  2026-05-26 127.0  9.29 
 VSAT                 Viasat Inc    96.37        Communications  2026-05-22 74.56   2026-05-26 81.4  9.17 
STMEF      STMicroelectronics NV   517.73        Semiconductors  2026-05-22 64.93  2026-05-26 70.75  8.96 
   PL            Planet Labs PBC   174.86 Professional Services  2026-05-22 44.35  2026-05-26 48.32  8.95 
 NVTS Navitas Semiconductor Corp    75.23        Semiconductors  2026-05-22 29.25  2026-05-26 31.79  8.68 
 VIAV        Viavi Solutions Inc   115.27        Communications  2026-05-22 49.51  2026-05-26 53.79  8.64 
  TER               Teradyne Inc   600.34        Semiconductors 2026-05-22 358.44 2026-05-26 389.14  8.56 

=== 市值超过100亿的涨幅榜前20名股票 ===
 股票代码             公司名称             市值(亿)             板块                 昨天收盘               今天收盘        涨跌幅(%)
 VICR                  Vicor Corp   110.96  Electrical Equipment  2026-05-22 267.99  2026-05-26 332.95 24.24 
   MU       Micron Technology Inc 10110.36        Semiconductors   2026-05-22 751.0  2026-05-26 895.88 19.29 
CVCCF    CVC Capital Partners PLC   138.73    Financial Services    2026-05-22 13.0   2026-05-26 15.02 15.54 
 ARXS                   Arxis Inc   142.82   Aerospace & Defense    2026-05-22 34.8   2026-05-26 39.53 13.59 
  MOD     Modine Manufacturing Co   160.57              Building  2026-05-22 260.52  2026-05-26 295.88 13.57 
 ASTS         AST SpaceMobile Inc   479.68     Telecommunication  2026-05-22 105.86   2026-05-26 119.7 13.07 
 AMKR        Amkor Technology Inc   181.89        Semiconductors   2026-05-22 65.75   2026-05-26 73.46 11.73 
 RMBS                  Rambus Inc   170.02        Semiconductors  2026-05-22 142.98  2026-05-26 157.23  9.97 
   ON       ON Semiconductor Corp   497.56        Semiconductors   2026-05-22 116.2   2026-05-26 127.0  9.29 
STMEF       STMicroelectronics NV   517.73        Semiconductors   2026-05-22 64.93   2026-05-26 70.75  8.96 
   PL             Planet Labs PBC   174.86 Professional Services   2026-05-22 44.35   2026-05-26 48.32  8.95 
 VIAV         Viavi Solutions Inc   115.27        Communications   2026-05-22 49.51   2026-05-26 53.79  8.64 
  TER                Teradyne Inc   600.34        Semiconductors  2026-05-22 358.44  2026-05-26 389.14  8.56 
 FLEX                    Flex Ltd   524.74  Electrical Equipment  2026-05-22 132.47  2026-05-26 143.24  8.13 
 LUMN      Lumen Technologies Inc   102.77     Telecommunication    2026-05-22 9.41   2026-05-26 10.17  8.08 
  AMD  Advanced Micro Devices Inc  8216.43        Semiconductors  2026-05-22 467.51  2026-05-26 503.89  7.78 
   AU       Anglogold Ashanti PLC   492.33       Metals & Mining   2026-05-22 90.64   2026-05-26 97.49  7.56 
 SNDK                Sandisk Corp  2391.23            Technology 2026-05-22 1478.69 2026-05-26 1589.55  7.50 
 MAIR  Madison Air Solutions Corp   193.34              Building   2026-05-22 40.04   2026-05-26 42.84  6.99 
 STRL Sterling Infrastructure Inc   240.43          Construction  2026-05-22 732.94  2026-05-26 783.53  6.90 

=== 市值超过200亿的涨幅榜前20名股票 ===
 股票代码                   公司名称                   市值(亿)            板块                 昨天收盘               今天收盘        涨跌幅(%)
   MU                   Micron Technology Inc 10110.36       Semiconductors   2026-05-22 751.0  2026-05-26 895.88 19.29 
 ASTS                     AST SpaceMobile Inc   479.68    Telecommunication  2026-05-22 105.86   2026-05-26 119.7 13.07 
   ON                   ON Semiconductor Corp   497.56       Semiconductors   2026-05-22 116.2   2026-05-26 127.0  9.29 
STMEF                   STMicroelectronics NV   517.73       Semiconductors   2026-05-22 64.93   2026-05-26 70.75  8.96 
  TER                            Teradyne Inc   600.34       Semiconductors  2026-05-22 358.44  2026-05-26 389.14  8.56 
 FLEX                                Flex Ltd   524.74 Electrical Equipment  2026-05-22 132.47  2026-05-26 143.24  8.13 
  AMD              Advanced Micro Devices Inc  8216.43       Semiconductors  2026-05-22 467.51  2026-05-26 503.89  7.78 
   AU                   Anglogold Ashanti PLC   492.33      Metals & Mining   2026-05-22 90.64   2026-05-26 97.49  7.56 
 SNDK                            Sandisk Corp  2391.23           Technology 2026-05-22 1478.69 2026-05-26 1589.55  7.50 
 STRL             Sterling Infrastructure Inc   240.43         Construction  2026-05-22 732.94  2026-05-26 783.53  6.90 
  APP                           Applovin Corp  1699.62           Technology  2026-05-22 481.68  2026-05-26 514.24  6.76 
 KLAC                                KLA Corp  2600.44       Semiconductors 2026-05-22 1888.38 2026-05-26 2011.39  6.51 
 AFRM                     Affirm Holdings Inc   232.04   Financial Services   2026-05-22 65.22   2026-05-26 69.27  6.21 
 MTSI MACOM Technology Solutions Holdings Inc   310.77       Semiconductors  2026-05-22 385.98  2026-05-26 409.68  6.14 
 MRVL                  Marvell Technology Inc  1817.65       Semiconductors  2026-05-22 196.33  2026-05-26 208.26  6.08 
  UAL            United Airlines Holdings Inc   341.35             Airlines   2026-05-22 99.96  2026-05-26 105.92  5.96 
  ADI                      Analog Devices Inc  2045.47       Semiconductors  2026-05-22 397.07  2026-05-26 419.94  5.76 
 LRCX                       Lam Research Corp  4035.34       Semiconductors  2026-05-22 305.35  2026-05-26 322.68  5.68 
 SCCO                    Southern Copper Corp  1570.62      Metals & Mining  2026-05-22 179.67  2026-05-26 189.88  5.68 
  APH                           Amphenol Corp  1746.81 Electrical Equipment  2026-05-22 132.06  2026-05-26 139.56  5.68 

=== 市值超过1000亿的涨跌榜前20名股票 ===
股票代码               公司名称               市值(亿)            板块                 昨天收盘               今天收盘        涨跌幅(%)
  MU           Micron Technology Inc 10110.36       Semiconductors   2026-05-22 751.0  2026-05-26 895.88 19.29 
 AMD      Advanced Micro Devices Inc  8216.43       Semiconductors  2026-05-22 467.51  2026-05-26 503.89  7.78 
SNDK                    Sandisk Corp  2391.23           Technology 2026-05-22 1478.69 2026-05-26 1589.55  7.50 
 APP                   Applovin Corp  1699.62           Technology  2026-05-22 481.68  2026-05-26 514.24  6.76 
KLAC                        KLA Corp  2600.44       Semiconductors 2026-05-22 1888.38 2026-05-26 2011.39  6.51 
MRVL          Marvell Technology Inc  1817.65       Semiconductors  2026-05-22 196.33  2026-05-26 208.26  6.08 
 ADI              Analog Devices Inc  2045.47       Semiconductors  2026-05-22 397.07  2026-05-26 419.94  5.76 
LRCX               Lam Research Corp  4035.34       Semiconductors  2026-05-22 305.35  2026-05-26 322.68  5.68 
SCCO            Southern Copper Corp  1570.62      Metals & Mining  2026-05-22 179.67  2026-05-26 189.88  5.68 
 APH                   Amphenol Corp  1746.81 Electrical Equipment  2026-05-22 132.06  2026-05-26 139.56  5.68 
AMAT           Applied Materials Inc  3593.30       Semiconductors  2026-05-22 432.16  2026-05-26 454.89  5.26 
 TXN           Texas Instruments Inc  2933.59       Semiconductors  2026-05-22 309.21  2026-05-26 324.89  5.07 
QCOM                    Qualcomm Inc  2622.56       Semiconductors  2026-05-22 238.16  2026-05-26 248.82  4.48 
 STX Seagate Technology Holdings PLC  1896.44           Technology  2026-05-22 812.73  2026-05-26 845.76  4.06 
  GE             General Electric Co  3253.65  Aerospace & Defense  2026-05-22 302.84  2026-05-26 314.49  3.85 
 NEM             Newmont Corporation  1191.92      Metals & Mining  2026-05-22 107.64  2026-05-26 111.61  3.69 
DELL           Dell Technologies Inc  1989.89           Technology  2026-05-22 295.19  2026-05-26 305.08  3.35 
 CAT                 Caterpillar Inc  4174.25            Machinery  2026-05-22 879.89  2026-05-26 908.55  3.26 
INTC                      Intel Corp  6133.23       Semiconductors  2026-05-22 119.84  2026-05-26 123.52  3.07 
 GEV                  GE Vernova Inc  2876.57 Electrical Equipment 2026-05-22 1038.74 2026-05-26 1070.47  3.05 
