
=== 涨幅榜前20名股票 ===
 股票代码                 公司名称                 市值(亿)               板块                    昨天收盘             今天收盘       涨跌幅(%)
IDEXQ                       Ideanomics Inc  0.00                     Machinery  2025-02-21 0.02  2025-02-24 0.05 150.00
 SXTC        China SXT Pharmaceuticals Inc  0.01               Pharmaceuticals  2025-02-21 0.34  2025-02-24 0.84 145.61
 ATCH              Atlasclear Holdings Inc  0.03            Financial Services  2025-02-21 2.35  2025-02-24 5.56 136.60
 YYAI      Connexa Sports Technologies Inc  0.09              Leisure Products  2025-02-21 0.64  2025-02-24 1.27  98.44
 ATPC                       Agape ATP Corp  0.06                   Health Care  2025-02-21 0.94   2025-02-24 1.6  70.94
 PEPG                           PepGen Inc  0.75                 Biotechnology  2025-02-21 1.37  2025-02-24 2.29  67.15
TKAYF             Just Eat Takeaway.com NV 25.96 Hotels, Restaurants & Leisure 2025-02-21 13.02 2025-02-24 19.81  52.14
 RETO               ReTo Eco-Solutions Inc  0.12                  Construction  2025-02-21 0.41  2025-02-24 0.59  45.32
BIORQ               Biora Therapeutics Inc  0.01                 Biotechnology  2025-02-21 0.12  2025-02-24 0.17  41.67
 DGNX                          Diginex Ltd 15.94                    Technology  2025-02-21 50.0 2025-02-24 69.34  38.68
  GDC                 GD Culture Group Ltd  0.17                         Media  2025-02-21 1.12  2025-02-24 1.52  35.71
 CHEK                        Check Cap Ltd  0.06                   Health Care  2025-02-21 0.77  2025-02-24 1.05  35.66
 BRDG Bridge Investment Group Holdings Inc 27.59            Financial Services  2025-02-21 7.92  2025-02-24 10.6  33.84
 RILY                B Riley Financial Inc  1.38            Financial Services   2025-02-21 3.4  2025-02-24 4.54  33.53
AKTSQ            Akoustis Technologies Inc  0.02          Electrical Equipment  2025-02-21 0.01  2025-02-24 0.01  30.00
 UPXI                            Upexi Inc  0.05             Consumer products  2025-02-21 2.92  2025-02-24 3.74  28.08
  CCG                     Cheche Group Inc  0.87                     Insurance  2025-02-21 0.91  2025-02-24 1.15  26.37
  ITP                IT Tech Packaging Inc  0.04                Paper & Forest  2025-02-21 0.35  2025-02-24 0.44  25.71
 STTK                    Shattuck Labs Inc  0.82                 Biotechnology  2025-02-21 1.37  2025-02-24 1.72  25.55
 ISPC                        iSpecimen Inc  0.02                   Health Care  2025-02-21 1.74  2025-02-24 2.18  25.29

=== 市值超过20亿的涨幅榜前20名股票 ===
 股票代码                 公司名称                  市值(亿)                 板块                       昨天收盘              今天收盘       涨跌幅(%)
TKAYF             Just Eat Takeaway.com NV   25.96    Hotels, Restaurants & Leisure  2025-02-21 13.02  2025-02-24 19.81 52.14 
 BRDG Bridge Investment Group Holdings Inc   27.59               Financial Services   2025-02-21 7.92   2025-02-24 10.6 33.84 
  HCC                 Warrior Met Coal Inc   26.17                  Metals & Mining  2025-02-21 46.21   2025-02-24 49.8  7.77 
 FRPT                         Freshpet Inc   52.41                    Food Products 2025-02-21 100.28 2025-02-24 107.58  7.28 
 TMDX                Transmedics Group Inc   25.88                      Health Care  2025-02-21 71.95  2025-02-24 77.12  7.19 
 PRKS           United Parks & Resorts Inc   30.63    Hotels, Restaurants & Leisure  2025-02-21 52.36  2025-02-24 55.69  6.36 
 SHAK                      Shake Shack Inc   49.12    Hotels, Restaurants & Leisure 2025-02-21 108.72 2025-02-24 115.62  6.35 
 AMRX           Amneal Pharmaceuticals Inc   25.72                  Pharmaceuticals   2025-02-21 7.83    2025-02-24 8.3  6.00 
 GRND                           Grindr Inc   33.61                            Media  2025-02-21 17.98  2025-02-24 19.03  5.84 
  EAT            Brinker International Inc   67.97    Hotels, Restaurants & Leisure 2025-02-21 144.87 2025-02-24 153.07  5.66 
 TNDM             Tandem Diabetes Care Inc   21.45                      Health Care   2025-02-21 31.0  2025-02-24 32.66  5.35 
   HP              Helmerich and Payne Inc   27.47                           Energy  2025-02-21 26.25  2025-02-24 27.64  5.30 
  RGA     Reinsurance Group of America Inc  131.31                        Insurance 2025-02-21 189.38 2025-02-24 199.37  5.28 
 INSP          Inspire Medical Systems Inc   55.32                      Health Care 2025-02-21 177.32 2025-02-24 186.45  5.15 
  NKE                             Nike Inc 1187.45 Textiles, Apparel & Luxury Goods   2025-02-21 76.5  2025-02-24 80.28  4.94 
 COTY                             Coty Inc   52.23                Consumer products   2025-02-21 5.71   2025-02-24 5.99  4.90 
  SEM         Select Medical Holdings Corp   23.90                      Health Care  2025-02-21 17.68  2025-02-24 18.53  4.81 
 PRCT             Procept Biorobotics Corp   35.44                      Health Care  2025-02-21 62.25  2025-02-24 65.15  4.66 
 PLMR                 Palomar Holdings Inc   32.98                        Insurance 2025-02-21 119.07  2025-02-24 124.6  4.64 
  HAE                     Haemonetics Corp   33.12                      Health Care  2025-02-21 63.02  2025-02-24 65.92  4.60 

=== 市值超过50亿的涨幅榜前20名股票 ===
 股票代码                     公司名称                      市值(亿)                 板块                       昨天收盘              今天收盘       涨跌幅(%)
 FRPT                                 Freshpet Inc   52.41                    Food Products 2025-02-21 100.28 2025-02-24 107.58  7.28 
  EAT                    Brinker International Inc   67.97    Hotels, Restaurants & Leisure 2025-02-21 144.87 2025-02-24 153.07  5.66 
  RGA             Reinsurance Group of America Inc  131.31                        Insurance 2025-02-21 189.38 2025-02-24 199.37  5.28 
 INSP                  Inspire Medical Systems Inc   55.32                      Health Care 2025-02-21 177.32 2025-02-24 186.45  5.15 
  NKE                                     Nike Inc 1187.45 Textiles, Apparel & Luxury Goods   2025-02-21 76.5  2025-02-24 80.28  4.94 
 COTY                                     Coty Inc   52.23                Consumer products   2025-02-21 5.71   2025-02-24 5.99  4.90 
   EL                   Estee Lauder Companies Inc  270.15                Consumer products   2025-02-21 71.8   2025-02-24 75.1  4.60 
  CRL Charles River Laboratories International Inc   87.20   Life Sciences Tools & Services 2025-02-21 163.02 2025-02-24 170.51  4.59 
 SOLV                               Solventum Corp  131.78                      Health Care  2025-02-21 73.02  2025-02-24 76.28  4.46 
ENGQF                                     Engie SA  388.76                        Utilities  2025-02-21 16.31  2025-02-24 17.02  4.36 
 HIMS                       Hims & Hers Health Inc  112.10                      Health Care  2025-02-21 49.28  2025-02-24 51.31  4.12 
 EXAS                          Exact Sciences Corp   95.26                    Biotechnology  2025-02-21 49.26  2025-02-24 51.28  4.10 
 ETSY                                     ETSY Inc   57.01                           Retail  2025-02-21 51.26  2025-02-24 53.24  3.86 
  EQH                       Equitable Holdings Inc  167.01               Financial Services  2025-02-21 51.37   2025-02-24 53.3  3.76 
  BAX                     Baxter International Inc  179.11                      Health Care  2025-02-21 33.82  2025-02-24 35.08  3.73 
  BMY                      Bristol-Myers Squibb Co 1174.57                  Pharmaceuticals  2025-02-21 55.83  2025-02-24 57.88  3.67 
 RGEN                                Repligen Corp   92.30   Life Sciences Tools & Services 2025-02-21 158.99 2025-02-24 164.74  3.62 
  LYV                Live Nation Entertainment Inc  356.55                            Media  2025-02-21 149.4 2025-02-24 154.62  3.49 
  FND                   Floor & Decor Holdings Inc  104.74                           Retail  2025-02-21 94.27  2025-02-24 97.53  3.46 
 ARMK                                      Aramark   98.54    Hotels, Restaurants & Leisure  2025-02-21 35.93  2025-02-24 37.17  3.45 

=== 市值超过100亿的涨幅榜前20名股票 ===
 股票代码                公司名称                 市值(亿)                 板块                       昨天收盘              今天收盘       涨跌幅(%)
  RGA   Reinsurance Group of America Inc  131.31                        Insurance 2025-02-21 189.38 2025-02-24 199.37  5.28 
  NKE                           Nike Inc 1187.45 Textiles, Apparel & Luxury Goods   2025-02-21 76.5  2025-02-24 80.28  4.94 
   EL         Estee Lauder Companies Inc  270.15                Consumer products   2025-02-21 71.8   2025-02-24 75.1  4.60 
 SOLV                     Solventum Corp  131.78                      Health Care  2025-02-21 73.02  2025-02-24 76.28  4.46 
ENGQF                           Engie SA  388.76                        Utilities  2025-02-21 16.31  2025-02-24 17.02  4.36 
 HIMS             Hims & Hers Health Inc  112.10                      Health Care  2025-02-21 49.28  2025-02-24 51.31  4.12 
  EQH             Equitable Holdings Inc  167.01               Financial Services  2025-02-21 51.37   2025-02-24 53.3  3.76 
  BAX           Baxter International Inc  179.11                      Health Care  2025-02-21 33.82  2025-02-24 35.08  3.73 
  BMY            Bristol-Myers Squibb Co 1174.57                  Pharmaceuticals  2025-02-21 55.83  2025-02-24 57.88  3.67 
  LYV      Live Nation Entertainment Inc  356.55                            Media  2025-02-21 149.4 2025-02-24 154.62  3.49 
  FND         Floor & Decor Holdings Inc  104.74                           Retail  2025-02-21 94.27  2025-02-24 97.53  3.46 
  TRV            Travelers Companies Inc  562.83                        Insurance 2025-02-21 240.03 2025-02-24 248.24  3.42 
 SAIA                           Saia Inc  111.79                      Road & Rail 2025-02-21 406.65 2025-02-24 420.35  3.37 
 RYAN        Ryan Specialty Holdings Inc  176.36                        Insurance  2025-02-21 65.38  2025-02-24 67.41  3.10 
 NCLH Norwegian Cruise Line Holdings Ltd  109.27    Hotels, Restaurants & Leisure  2025-02-21 24.11  2025-02-24 24.85  3.07 
   DG                Dollar General Corp  173.81                           Retail  2025-02-21 76.69  2025-02-24 79.03  3.05 
  ZTS                         Zoetis Inc  704.91                  Pharmaceuticals 2025-02-21 160.46 2025-02-24 165.31  3.02 
  TTD                     Trade Desk Inc  366.23                            Media  2025-02-21 72.06   2025-02-24 74.2  2.97 
  HSY                         Hershey Co  359.97                    Food Products 2025-02-21 172.86 2025-02-24 177.84  2.88 
 PAYC                Paycom Software Inc  125.52            Professional Services 2025-02-21 213.06 2025-02-24 219.19  2.88 

=== 市值超过200亿的涨幅榜前20名股票 ===
 股票代码                 公司名称                 市值(亿)                 板块                       昨天收盘              今天收盘       涨跌幅(%)
  NKE                            Nike Inc 1187.45 Textiles, Apparel & Luxury Goods   2025-02-21 76.5  2025-02-24 80.28  4.94 
   EL          Estee Lauder Companies Inc  270.15                Consumer products   2025-02-21 71.8   2025-02-24 75.1  4.60 
ENGQF                            Engie SA  388.76                        Utilities  2025-02-21 16.31  2025-02-24 17.02  4.36 
  BMY             Bristol-Myers Squibb Co 1174.57                  Pharmaceuticals  2025-02-21 55.83  2025-02-24 57.88  3.67 
  LYV       Live Nation Entertainment Inc  356.55                            Media  2025-02-21 149.4 2025-02-24 154.62  3.49 
  TRV             Travelers Companies Inc  562.83                        Insurance 2025-02-21 240.03 2025-02-24 248.24  3.42 
  ZTS                          Zoetis Inc  704.91                  Pharmaceuticals 2025-02-21 160.46 2025-02-24 165.31  3.02 
  TTD                      Trade Desk Inc  366.23                            Media  2025-02-21 72.06   2025-02-24 74.2  2.97 
  HSY                          Hershey Co  359.97                    Food Products 2025-02-21 172.86 2025-02-24 177.84  2.88 
 LULU             Lululemon Athletica Inc  467.27 Textiles, Apparel & Luxury Goods 2025-02-21 358.97 2025-02-24 368.22  2.58 
  AIG    American International Group Inc  466.18                        Insurance  2025-02-21 76.65  2025-02-24 78.57  2.50 
  DAL                 Delta Air Lines Inc  397.20                         Airlines   2025-02-21 60.0  2025-02-24 61.49  2.48 
  LVS                Las Vegas Sands Corp  322.96    Hotels, Restaurants & Leisure  2025-02-21 44.02  2025-02-24 45.11  2.48 
  QSR Restaurant Brands International Inc  287.76    Hotels, Restaurants & Leisure  2025-02-21 62.31  2025-02-24 63.84  2.46 
  PGR                    Progressive Corp 1597.10                        Insurance 2025-02-21 266.19 2025-02-24 272.63  2.42 
 IDXX              IDEXX Laboratories Inc  379.67                      Health Care 2025-02-21 452.77 2025-02-24 463.66  2.41 
   EA                 Electronic Arts Inc  349.36                            Media 2025-02-21 130.95 2025-02-24 134.05  2.37 
  DIS                      Walt Disney Co 2010.26                            Media 2025-02-21 108.66  2025-02-24 111.2  2.34 
   CB                           Chubb Ltd 1102.23                        Insurance 2025-02-21 267.25 2025-02-24 273.44  2.32 
  FOX                            Fox Corp  253.54                            Media  2025-02-21 53.01  2025-02-24 54.23  2.30 

=== 市值超过1000亿的涨跌榜前20名股票 ===
 股票代码               公司名称               市值(亿)                 板块                       昨天收盘               今天收盘        涨跌幅(%)
  NKE                        Nike Inc 1187.45 Textiles, Apparel & Luxury Goods    2025-02-21 76.5   2025-02-24 80.28  4.94 
  BMY         Bristol-Myers Squibb Co 1174.57                  Pharmaceuticals   2025-02-21 55.83   2025-02-24 57.88  3.67 
  PGR                Progressive Corp 1597.10                        Insurance  2025-02-21 266.19  2025-02-24 272.63  2.42 
  DIS                  Walt Disney Co 2010.26                            Media  2025-02-21 108.66   2025-02-24 111.2  2.34 
   CB                       Chubb Ltd 1102.23                        Insurance  2025-02-21 267.25  2025-02-24 273.44  2.32 
 AMGN                       Amgen Inc 1663.83                    Biotechnology  2025-02-21 303.01  2025-02-24 309.72  2.21 
  MRK                  Merck & Co Inc 2308.80                  Pharmaceuticals    2025-02-21 89.5   2025-02-24 91.27  1.98 
  RTX                        RTX Corp 1670.88              Aerospace & Defense  2025-02-21 123.29  2025-02-24 125.43  1.74 
   BA                       Boeing Co 1349.46              Aerospace & Defense  2025-02-21 177.15  2025-02-24 179.91  1.56 
EADSF                       Airbus SE 1266.40              Aerospace & Defense  2025-02-21 169.69   2025-02-24 172.0  1.36 
  SYK                    Stryker Corp 1480.22                      Health Care  2025-02-21 382.78  2025-02-24 387.92  1.34 
  PFE                      Pfizer Inc 1510.25                  Pharmaceuticals    2025-02-21 26.3   2025-02-24 26.65  1.33 
   VZ      Verizon Communications Inc 1823.64                Telecommunication   2025-02-21 42.76   2025-02-24 43.32  1.31 
 SBUX                  Starbucks Corp 1285.73    Hotels, Restaurants & Leisure  2025-02-21 111.75  2025-02-24 113.19  1.29 
 ORCL                     Oracle Corp 4753.71                       Technology  2025-02-21 167.81  2025-02-24 169.96  1.28 
  MMC  Marsh & McLennan Companies Inc 1143.60                        Insurance  2025-02-21 230.01  2025-02-24 232.85  1.23 
   PM Philip Morris International Inc 2429.93                          Tobacco   2025-02-21 154.4  2025-02-24 156.28  1.22 
 BKNG            Booking Holdings Inc 1656.87    Hotels, Restaurants & Leisure 2025-02-21 4990.64 2025-02-24 5049.08  1.17 
 TMUS                 T-Mobile US Inc 3061.36                Telecommunication  2025-02-21 265.17  2025-02-24 268.13  1.12 
 ABBV                      AbbVie Inc 3602.74                    Biotechnology  2025-02-21 202.08  2025-02-24 204.08  0.99 
