
=== 涨幅榜前20名股票 ===
 股票代码                   公司名称                  市值(亿)               板块                     昨天收盘             今天收盘       涨跌幅(%)
 UGRO                           urban-gro Inc  0.02                      Machinery  2026-03-20 2.18  2026-03-23 6.15 182.11
 MGRX                      Mangoceuticals Inc  0.06                         Retail  2026-03-20 0.16  2026-03-23 0.32  99.81
 PTLE                                 PTL Ltd  0.27                         Energy  2026-03-20 4.27  2026-03-23 8.01  87.59
 BIAF            bioAffinity Technologies Inc  0.12                  Biotechnology  2026-03-20 2.73  2026-03-23 4.73  73.26
 LICN                Lichen International Ltd  0.48          Professional Services  2026-03-20 2.95   2026-03-23 4.4  49.15
 ZYBT       Zhengye Biotechnology Holding Ltd  0.37                Pharmaceuticals  2026-03-20 0.71   2026-03-23 1.0  40.85
 ASNS                    Actelis Networks Inc  0.08                 Communications  2026-03-20 0.31  2026-03-23 0.43  39.61
 SATL                          Satellogic Inc  5.13            Aerospace & Defense  2026-03-20 3.59  2026-03-23 4.96  38.16
 GMEX                             Fitell Corp  0.01                         Retail  2026-03-20 0.83  2026-03-23 1.12  34.94
  SOS                                 Sos Ltd  0.29          Professional Services   2026-03-20 0.9  2026-03-23 1.21  34.44
 FFAI Faraday Future Intelligent Electric Inc  0.55                    Automobiles  2026-03-20 0.27  2026-03-23 0.35  29.78
  FLD                       Fold Holdings Inc  0.58             Financial Services  2026-03-20 1.16   2026-03-23 1.5  29.31
 FUFU                             BitFuFu Inc  2.60                     Technology  2026-03-20 1.56  2026-03-23 2.01  28.85
 CHGG                               Chegg Inc  0.50  Diversified Consumer Services  2026-03-20 0.45  2026-03-23 0.57  27.44
 SLND                  Southland Holdings Inc  0.50                   Construction  2026-03-20 0.92  2026-03-23 1.17  27.31
 DMRA                 Damora Therapeutics Inc 10.93                  Biotechnology 2026-03-20 18.14 2026-03-23 23.05  27.07
TPICQ                      TPI Composites Inc  0.00           Electrical Equipment  2026-03-20 0.01  2026-03-23 0.01  27.00
 QNCX                 Quince Therapeutics Inc  0.04                  Biotechnology  2026-03-20 0.08   2026-03-23 0.1  27.00
 BNGO                    Bionano Genomics Inc  0.12 Life Sciences Tools & Services  2026-03-20 1.15  2026-03-23 1.46  26.96
 PMAX                          Powell Max Ltd  0.01             Financial Services  2026-03-20 0.34  2026-03-23 0.44  26.23

=== 市值超过20亿的涨幅榜前20名股票 ===
股票代码                公司名称               市值(亿)                 板块                       昨天收盘              今天收盘       涨跌幅(%)
APGE           Apogee Therapeutics Inc  45.89                    Biotechnology  2026-03-20 66.04  2026-03-23 79.24 19.99 
AXTI                           AXT Inc  30.14                   Semiconductors  2026-03-20 54.24  2026-03-23 64.44 18.81 
FSLY                        Fastly Inc  38.25                       Technology   2026-03-20 25.2  2026-03-23 28.75 14.09 
LUNR            Intuitive Machines Inc  36.23              Aerospace & Defense  2026-03-20 17.83  2026-03-23 20.31 13.91 
 YOU                  Clear Secure Inc  59.50                       Technology  2026-03-20 48.12  2026-03-23 53.46 11.10 
IBRX                   Immunitybio Inc  87.08                    Biotechnology   2026-03-20 8.47    2026-03-23 9.4 10.98 
TTMI              TTM Technologies Inc  94.66             Electrical Equipment  2026-03-20 91.54 2026-03-23 101.42 10.79 
 YSS            York Space Systems Inc  25.70              Aerospace & Defense  2026-03-20 21.07   2026-03-23 23.2 10.11 
AAOI       Applied Optoelectronics Inc  65.83                   Communications  2026-03-20 87.54  2026-03-23 95.76  9.39 
COMP                       Compass Inc  58.46                      Real Estate   2026-03-20 7.77   2026-03-23 8.47  9.01 
 QXO                           QXO Inc 132.07 Trading Companies & Distributors  2026-03-20 18.64   2026-03-23 20.3  8.91 
SEZL                        Sezzle Inc  22.36               Financial Services  2026-03-20 66.15  2026-03-23 71.94  8.75 
ONDS                         Ondas Inc  46.36                   Communications  2026-03-20 10.06   2026-03-23 10.9  8.35 
PLAB                    Photronics Inc  21.43                   Semiconductors  2026-03-20 36.34  2026-03-23 39.27  8.06 
IESC                  IES Holdings Inc  87.08                     Construction 2026-03-20 436.95  2026-03-23 472.0  8.02 
INTR                    Inter & Co Inc  34.42                          Banking    2026-03-20 7.8   2026-03-23 8.42  7.95 
  FN                          Fabrinet 181.38             Electrical Equipment 2026-03-20 506.27 2026-03-23 546.47  7.94 
 AAP            Advance Auto Parts Inc  28.27                           Retail  2026-03-20 47.04  2026-03-23 50.74  7.87 
 HNI                          HNI Corp  24.23   Commercial Services & Supplies  2026-03-20 33.99  2026-03-23 36.65  7.83 
 UTI Universal Technical Institute Inc  20.42    Diversified Consumer Services  2026-03-20 35.34  2026-03-23 38.04  7.64 

=== 市值超过50亿的涨幅榜前20名股票 ===
 股票代码             公司名称             市值(亿)                 板块                       昨天收盘              今天收盘       涨跌幅(%)
  YOU            Clear Secure Inc   59.50                       Technology  2026-03-20 48.12  2026-03-23 53.46 11.10 
 IBRX             Immunitybio Inc   87.08                    Biotechnology   2026-03-20 8.47    2026-03-23 9.4 10.98 
 TTMI        TTM Technologies Inc   94.66             Electrical Equipment  2026-03-20 91.54 2026-03-23 101.42 10.79 
 AAOI Applied Optoelectronics Inc   65.83                   Communications  2026-03-20 87.54  2026-03-23 95.76  9.39 
 COMP                 Compass Inc   58.46                      Real Estate   2026-03-20 7.77   2026-03-23 8.47  9.01 
  QXO                     QXO Inc  132.07 Trading Companies & Distributors  2026-03-20 18.64   2026-03-23 20.3  8.91 
 IESC            IES Holdings Inc   87.08                     Construction 2026-03-20 436.95  2026-03-23 472.0  8.02 
   FN                    Fabrinet  181.38             Electrical Equipment 2026-03-20 506.27 2026-03-23 546.47  7.94 
  MOD     Modine Manufacturing Co  103.64                         Building 2026-03-20 196.55 2026-03-23 211.47  7.59 
SBGSF       Schneider Electric SE 1335.69             Electrical Equipment  2026-03-20 268.9  2026-03-23 289.0  7.47 
 RIOT          Riot Platforms Inc   50.73                       Technology  2026-03-20 13.38  2026-03-23 14.37  7.40 
   XP                      XP Inc   94.62               Financial Services   2026-03-20 18.2  2026-03-23 19.52  7.25 
   SN              Sharkninja Inc  138.49                Consumer products  2026-03-20 98.05 2026-03-23 105.16  7.25 
   AU       Anglogold Ashanti PLC  432.64                  Metals & Mining  2026-03-20 79.99   2026-03-23 85.6  7.01 
 ROAD   Construction Partners Inc   59.30                     Construction 2026-03-20 104.92 2026-03-23 112.22  6.96 
 SANM                Sanmina Corp   67.09             Electrical Equipment 2026-03-20 122.86 2026-03-23 131.39  6.94 
  ALB              Albemarle Corp  184.67                        Chemicals  2026-03-20 156.7 2026-03-23 167.56  6.93 
 VIAV         Viavi Solutions Inc   69.35                   Communications  2026-03-20 31.44  2026-03-23 33.61  6.90 
  LGN                Legence Corp   53.98                     Construction  2026-03-20 48.83  2026-03-23 52.16  6.82 
    Q       Qnity Electronics Inc  225.57                   Semiconductors 2026-03-20 107.59 2026-03-23 114.92  6.81 

=== 市值超过100亿的涨幅榜前20名股票 ===
 股票代码             公司名称              市值(亿)                 板块                       昨天收盘              今天收盘       涨跌幅(%)
  QXO                      QXO Inc  132.07 Trading Companies & Distributors  2026-03-20 18.64   2026-03-23 20.3  8.91 
   FN                     Fabrinet  181.38             Electrical Equipment 2026-03-20 506.27 2026-03-23 546.47  7.94 
  MOD      Modine Manufacturing Co  103.64                         Building 2026-03-20 196.55 2026-03-23 211.47  7.59 
SBGSF        Schneider Electric SE 1335.69             Electrical Equipment  2026-03-20 268.9  2026-03-23 289.0  7.47 
   SN               Sharkninja Inc  138.49                Consumer products  2026-03-20 98.05 2026-03-23 105.16  7.25 
   AU        Anglogold Ashanti PLC  432.64                  Metals & Mining  2026-03-20 79.99   2026-03-23 85.6  7.01 
  ALB               Albemarle Corp  184.67                        Chemicals  2026-03-20 156.7 2026-03-23 167.56  6.93 
    Q        Qnity Electronics Inc  225.57                   Semiconductors 2026-03-20 107.59 2026-03-23 114.92  6.81 
 ALAB              Astera Labs Inc  197.52                   Semiconductors 2026-03-20 116.04 2026-03-23 123.87  6.75 
 PLTR    Palantir Technologies Inc 3603.78                       Technology 2026-03-20 150.68 2026-03-23 160.84  6.74 
EADSF                    Airbus SE 1266.81              Aerospace & Defense 2026-03-20 184.06 2026-03-23 196.44  6.73 
 CVNA                   Carvana Co  616.29                           Retail 2026-03-20 281.28  2026-03-23 299.6  6.51 
   AS              Amer Sports Inc  177.76 Textiles, Apparel & Luxury Goods  2026-03-20 30.74  2026-03-23 32.71  6.41 
 TECK           Teck Resources Ltd  221.86                  Metals & Mining  2026-03-20 45.36  2026-03-23 48.22  6.31 
 CIEN                   Ciena Corp  542.81                   Communications 2026-03-20 383.89  2026-03-23 407.9  6.25 
 IONQ                     IONQ Inc  114.39                       Technology   2026-03-20 31.2  2026-03-23 33.11  6.12 
  SGI Somnigroup International Inc  151.17                Consumer products  2026-03-20 71.87  2026-03-23 76.15  5.96 
SAFRF                    Safran SA 1174.03              Aerospace & Defense 2026-03-20 316.26 2026-03-23 335.01  5.93 
 INSM                   Insmed Inc  293.15                    Biotechnology  2026-03-20 136.0 2026-03-23 143.98  5.87 
 ONON               On Holding Ltd  124.65 Textiles, Apparel & Luxury Goods  2026-03-20 37.66  2026-03-23 39.86  5.84 

=== 市值超过200亿的涨幅榜前20名股票 ===
 股票代码             公司名称             市值(亿)                板块                     昨天收盘              今天收盘       涨跌幅(%)
SBGSF       Schneider Electric SE 1335.69          Electrical Equipment  2026-03-20 268.9  2026-03-23 289.0  7.47 
   AU       Anglogold Ashanti PLC  432.64               Metals & Mining  2026-03-20 79.99   2026-03-23 85.6  7.01 
    Q       Qnity Electronics Inc  225.57                Semiconductors 2026-03-20 107.59 2026-03-23 114.92  6.81 
 PLTR   Palantir Technologies Inc 3603.78                    Technology 2026-03-20 150.68 2026-03-23 160.84  6.74 
EADSF                   Airbus SE 1266.81           Aerospace & Defense 2026-03-20 184.06 2026-03-23 196.44  6.73 
 CVNA                  Carvana Co  616.29                        Retail 2026-03-20 281.28  2026-03-23 299.6  6.51 
 TECK          Teck Resources Ltd  221.86               Metals & Mining  2026-03-20 45.36  2026-03-23 48.22  6.31 
 CIEN                  Ciena Corp  542.81                Communications 2026-03-20 383.89  2026-03-23 407.9  6.25 
SAFRF                   Safran SA 1174.03           Aerospace & Defense 2026-03-20 316.26 2026-03-23 335.01  5.93 
 INSM                  Insmed Inc  293.15                 Biotechnology  2026-03-20 136.0 2026-03-23 143.98  5.87 
  RCL Royal Caribbean Cruises Ltd  713.25 Hotels, Restaurants & Leisure 2026-03-20 263.65 2026-03-23 278.96  5.81 
   UI                Ubiquiti Inc  463.15                Communications 2026-03-20 765.27 2026-03-23 809.36  5.76 
  VIK         Viking Holdings Ltd  304.56 Hotels, Restaurants & Leisure  2026-03-20 67.99  2026-03-23 71.87  5.71 
  SLB                      Slb NV  697.27                        Energy  2026-03-20 46.63  2026-03-23 49.25  5.62 
 FLEX                    Flex Ltd  226.63          Electrical Equipment  2026-03-20 61.64  2026-03-23 65.04  5.52 
  CCL               Carnival Corp  333.07 Hotels, Restaurants & Leisure  2026-03-20 24.12  2026-03-23 25.45  5.51 
  FCX        Freeport-McMoRan Inc  748.64               Metals & Mining  2026-03-20 52.09  2026-03-23 54.94  5.47 
   NU             Nu Holdings Ltd  676.88                       Banking  2026-03-20 13.94  2026-03-23 14.68  5.31 
 FTAI           FTAI Aviation Ltd  235.95           Aerospace & Defense 2026-03-20 230.03 2026-03-23 241.54  5.01 
  PPG          PPG Industries Inc  217.28                     Chemicals  2026-03-20 97.22 2026-03-23 102.08  5.00 

=== 市值超过1000亿的涨跌榜前20名股票 ===
 股票代码                 公司名称                 市值(亿)                  板块                       昨天收盘              今天收盘       涨跌幅(%)
SBGSF               Schneider Electric SE  1335.69             Electrical Equipment  2026-03-20 268.9  2026-03-23 289.0  7.47 
 PLTR           Palantir Technologies Inc  3603.78                       Technology 2026-03-20 150.68 2026-03-23 160.84  6.74 
EADSF                           Airbus SE  1266.81              Aerospace & Defense 2026-03-20 184.06 2026-03-23 196.44  6.73 
SAFRF                           Safran SA  1174.03              Aerospace & Defense 2026-03-20 316.26 2026-03-23 335.01  5.93 
 SCCO                Southern Copper Corp  1250.85                  Metals & Mining 2026-03-20 152.71 2026-03-23 159.59  4.51 
 DELL               Dell Technologies Inc  1018.15                       Technology 2026-03-20 157.67 2026-03-23 164.59  4.39 
LVMHF LVMH Moet Hennessy Louis Vuitton SE  2276.42 Textiles, Apparel & Luxury Goods  2026-03-20 525.8  2026-03-23 548.0  4.22 
 AVGO                        Broadcom Inc 14701.62                   Semiconductors 2026-03-20 310.51 2026-03-23 322.51  3.86 
  APP                       Applovin Corp  1492.08                       Technology 2026-03-20 442.39 2026-03-23 458.95  3.74 
  GEV                      GE Vernova Inc  2293.88             Electrical Equipment 2026-03-20 851.07 2026-03-23 882.64  3.71 
 SHOP                         Shopify Inc  1522.94                       Technology 2026-03-20 116.78  2026-03-23 121.1  3.70 
 IBKR       Interactive Brokers Group Inc  1110.60               Financial Services  2026-03-20 65.47  2026-03-23 67.84  3.62 
 ANET                 Arista Networks Inc  1648.83                   Communications 2026-03-20 131.22 2026-03-23 135.88  3.55 
 TSLA                           Tesla Inc 13807.45                      Automobiles 2026-03-20 367.96 2026-03-23 380.85  3.50 
   HD                      Home Depot Inc  3194.71                           Retail 2026-03-20 320.75  2026-03-23 330.9  3.16 
 ORCL                         Oracle Corp  4304.87                       Technology 2026-03-20 149.68 2026-03-23 154.34  3.11 
  APH                       Amphenol Corp  1557.91             Electrical Equipment 2026-03-20 126.74 2026-03-23 130.67  3.10 
LRLCF                          L'Oreal SA  1838.47                Consumer products 2026-03-20 388.09  2026-03-23 400.0  3.07 
  CAT                     Caterpillar Inc  3168.05                        Machinery 2026-03-20 680.88  2026-03-23 701.7  3.06 
ASMLF                     ASML Holding NV  4309.55                   Semiconductors 2026-03-20 1328.0 2026-03-23 1365.0  2.79 
