
=== 涨幅榜前20名股票 ===
股票代码                公司名称                市值(亿)                板块                      昨天收盘              今天收盘       涨跌幅(%)
MSPR                   MSP Recovery Inc   0.00                    Health Care   2025-10-31 0.22   2025-11-03 0.52 136.59
RHLD   Resolute Holdings Management Inc   6.28          Professional Services  2025-10-31 73.66 2025-11-03 144.97  96.81
DTCK              Davis Commodities Ltd   0.46                         Retail   2025-10-31 1.87   2025-11-03 3.12  66.84
 RAY                Raytech Holding Ltd   0.07                   Distributors   2025-10-31 0.17   2025-11-03 0.22  31.94
CSAI                Cloudastructure Inc   0.27                     Technology   2025-10-31 1.47   2025-11-03 1.87  27.21
  MD        Pediatrix Medical Group Inc  14.78                    Health Care  2025-10-31 16.97  2025-11-03 21.08  24.22
ENVB            Enveric Biosciences Inc   0.03                Pharmaceuticals    2025-10-31 5.7   2025-11-03 7.08  24.21
VVPR        VivoPower International PLC   0.41                      Utilities   2025-10-31 2.95    2025-11-03 3.5  18.64
AMKR               Amkor Technology Inc  79.79                 Semiconductors  2025-10-31 32.28  2025-11-03 37.84  17.22
ACRV           Acrivon Therapeutics Inc   0.69                  Biotechnology   2025-10-31 1.99   2025-11-03 2.33  17.09
SKBL Skyline Builders Group Holding Ltd   1.06                   Construction   2025-10-31 3.75   2025-11-03 4.38  16.80
ZJYL      Jin Medical International Ltd   0.53                    Health Care   2025-10-31 0.23   2025-11-03 0.27  16.67
IDXX             IDEXX Laboratories Inc 503.64                    Health Care 2025-10-31 629.51 2025-11-03 722.94  14.84
NCRA                         Nocera Inc   0.25                   Construction   2025-10-31 1.72   2025-11-03 1.97  14.53
FRPT                       Freshpet Inc  24.00                  Food Products  2025-10-31 49.21  2025-11-03 56.25  14.31
LEDS                      SemiLEDs Corp   0.25                 Semiconductors   2025-10-31 2.89    2025-11-03 3.3  14.19
PTLE                            PTL Ltd   0.06                         Energy   2025-10-31 0.16   2025-11-03 0.19  13.48
APUS     Apimeds Pharmaceuticals US Inc   0.28                  Biotechnology   2025-10-31 2.19   2025-11-03 2.48  13.24
RMCO    Royalty Management Holding Corp   0.46 Commercial Services & Supplies   2025-10-31 3.15   2025-11-03 3.56  13.02
TYGO                    Tigo Energy Inc   1.37           Electrical Equipment   2025-10-31 2.09   2025-11-03 2.36  12.92

=== 市值超过20亿的涨幅榜前20名股票 ===
股票代码                公司名称               市值(亿)                板块                     昨天收盘               今天收盘        涨跌幅(%)
AMKR              Amkor Technology Inc  79.79                Semiconductors   2025-10-31 32.28   2025-11-03 37.84 17.22 
IDXX            IDEXX Laboratories Inc 503.64                   Health Care  2025-10-31 629.51  2025-11-03 722.94 14.84 
FRPT                      Freshpet Inc  24.00                 Food Products   2025-10-31 49.21   2025-11-03 56.25 14.31 
 BTU               Peabody Energy Corp  33.34                        Energy   2025-10-31 27.42   2025-11-03 29.94  9.19 
INCY                       Incyte Corp 183.52                 Biotechnology   2025-10-31 93.48  2025-11-03 101.57  8.65 
CVNA                        Carvana Co 687.96                        Retail  2025-10-31 306.54  2025-11-03 332.33  8.41 
 AMG     Affiliated Managers Group Inc  67.61            Financial Services  2025-10-31 237.96  2025-11-03 256.56  7.82 
  BE                 Bloom Energy Corp 312.57          Electrical Equipment  2025-10-31 132.16  2025-11-03 142.37  7.73 
NOVT                       Novanta Inc  46.31          Electrical Equipment  2025-10-31 127.01  2025-11-03 135.86  6.97 
 DYN             Dyne Therapeutics Inc  32.12                 Biotechnology   2025-10-31 22.58   2025-11-03 24.11  6.78 
 SEB                     Seaboard Corp  32.28                 Food Products 2025-10-31 3369.98 2025-11-03 3598.47  6.78 
 EXE                Expand Energy Corp 246.05                        Energy  2025-10-31 103.31  2025-11-03 110.08  6.55 
ITRI                         Itron Inc  45.95          Electrical Equipment  2025-10-31 100.33  2025-11-03 106.81  6.46 
  GH               Guardant Health Inc 117.24                   Health Care   2025-10-31 93.02   2025-11-03 98.92  6.34 
  CI                       Cigna Group 652.88                   Health Care  2025-10-31 244.41  2025-11-03 258.62  5.81 
 LRN                        Stride Inc  29.84 Diversified Consumer Services   2025-10-31 68.04   2025-11-03 71.68  5.35 
DBRG           DigitalBridge Group Inc  22.44            Financial Services   2025-10-31 11.83   2025-11-03 12.46  5.33 
 FLS                    Flowserve Corp  88.28                     Machinery   2025-10-31 68.25   2025-11-03 71.85  5.27 
 GTM         Zoominfo Technologies Inc  35.75                         Media   2025-10-31 11.22    2025-11-03 11.8  5.17 
 AMR Alpha Metallurgical Resources Inc  22.62               Metals & Mining  2025-10-31 173.26  2025-11-03 181.77  4.91 

=== 市值超过50亿的涨幅榜前20名股票 ===
股票代码               公司名称               市值(亿)           板块                 昨天收盘              今天收盘       涨跌幅(%)
AMKR            Amkor Technology Inc   79.79       Semiconductors  2025-10-31 32.28  2025-11-03 37.84 17.22 
IDXX          IDEXX Laboratories Inc  503.64          Health Care 2025-10-31 629.51 2025-11-03 722.94 14.84 
INCY                     Incyte Corp  183.52        Biotechnology  2025-10-31 93.48 2025-11-03 101.57  8.65 
CVNA                      Carvana Co  687.96               Retail 2025-10-31 306.54 2025-11-03 332.33  8.41 
 AMG   Affiliated Managers Group Inc   67.61   Financial Services 2025-10-31 237.96 2025-11-03 256.56  7.82 
  BE               Bloom Energy Corp  312.57 Electrical Equipment 2025-10-31 132.16 2025-11-03 142.37  7.73 
 EXE              Expand Energy Corp  246.05               Energy 2025-10-31 103.31 2025-11-03 110.08  6.55 
  GH             Guardant Health Inc  117.24          Health Care  2025-10-31 93.02  2025-11-03 98.92  6.34 
  CI                     Cigna Group  652.88          Health Care 2025-10-31 244.41 2025-11-03 258.62  5.81 
 FLS                  Flowserve Corp   88.28            Machinery  2025-10-31 68.25  2025-11-03 71.85  5.27 
RIOT              Riot Platforms Inc   73.54           Technology  2025-10-31 19.78  2025-11-03 20.72  4.75 
GTLB                      GitLab Inc   81.30           Technology  2025-10-31 48.75  2025-11-03 51.04  4.70 
ARES            Ares Management Corp  321.12   Financial Services 2025-10-31 148.71  2025-11-03 155.5  4.57 
 EQT                        EQT Corp  334.38               Energy  2025-10-31 53.58  2025-11-03 55.86  4.26 
CHYM             Chime Financial Inc   63.82   Financial Services  2025-10-31 17.17  2025-11-03 17.84  3.93 
IBKR   Interactive Brokers Group Inc 1195.99   Financial Services  2025-10-31 70.36  2025-11-03 73.08  3.87 
SNDK                    Sandisk Corp  292.07           Technology 2025-10-31 199.33 2025-11-03 207.01  3.85 
DXCM                      Dexcom Inc  227.07          Health Care  2025-10-31 58.22  2025-11-03 60.43  3.80 
 STX Seagate Technology Holdings PLC  544.94           Technology 2025-10-31 255.88 2025-11-03 265.55  3.78 
 OMF            OneMain Holdings Inc   70.36   Financial Services  2025-10-31 59.19  2025-11-03 61.38  3.70 

=== 市值超过100亿的涨幅榜前20名股票 ===
股票代码               公司名称                市值(亿)           板块                 昨天收盘              今天收盘       涨跌幅(%)
IDXX           IDEXX Laboratories Inc  503.64          Health Care 2025-10-31 629.51 2025-11-03 722.94 14.84 
INCY                      Incyte Corp  183.52        Biotechnology  2025-10-31 93.48 2025-11-03 101.57  8.65 
CVNA                       Carvana Co  687.96               Retail 2025-10-31 306.54 2025-11-03 332.33  8.41 
  BE                Bloom Energy Corp  312.57 Electrical Equipment 2025-10-31 132.16 2025-11-03 142.37  7.73 
 EXE               Expand Energy Corp  246.05               Energy 2025-10-31 103.31 2025-11-03 110.08  6.55 
  GH              Guardant Health Inc  117.24          Health Care  2025-10-31 93.02  2025-11-03 98.92  6.34 
  CI                      Cigna Group  652.88          Health Care 2025-10-31 244.41 2025-11-03 258.62  5.81 
ARES             Ares Management Corp  321.12   Financial Services 2025-10-31 148.71  2025-11-03 155.5  4.57 
 EQT                         EQT Corp  334.38               Energy  2025-10-31 53.58  2025-11-03 55.86  4.26 
IBKR    Interactive Brokers Group Inc 1195.99   Financial Services  2025-10-31 70.36  2025-11-03 73.08  3.87 
SNDK                     Sandisk Corp  292.07           Technology 2025-10-31 199.33 2025-11-03 207.01  3.85 
DXCM                       Dexcom Inc  227.07          Health Care  2025-10-31 58.22  2025-11-03 60.43  3.80 
 STX  Seagate Technology Holdings PLC  544.94           Technology 2025-10-31 255.88 2025-11-03 265.55  3.78 
 TLN                Talen Energy Corp  182.64            Utilities 2025-10-31 399.78 2025-11-03 413.54  3.44 
PLTR        Palantir Technologies Inc 4755.84           Technology 2025-10-31 200.47 2025-11-03 207.18  3.35 
KRMN              Karman Holdings Inc  111.47  Aerospace & Defense  2025-10-31 84.24  2025-11-03 87.04  3.32 
SOFI            SoFi Technologies Inc  351.82   Financial Services  2025-10-31 29.68  2025-11-03 30.63  3.20 
  BJ BJ's Wholesale Club Holdings Inc  116.29               Retail  2025-10-31 88.26  2025-11-03 90.82  2.90 
RMBS                       Rambus Inc  110.71       Semiconductors 2025-10-31 102.84 2025-11-03 105.76  2.84 
ALAB                  Astera Labs Inc  310.30       Semiconductors 2025-10-31 186.68 2025-11-03 191.56  2.61 

=== 市值超过200亿的涨幅榜前20名股票 ===
股票代码               公司名称               市值(亿)            板块                 昨天收盘              今天收盘       涨跌幅(%)
IDXX          IDEXX Laboratories Inc   503.64          Health Care 2025-10-31 629.51 2025-11-03 722.94 14.84 
CVNA                      Carvana Co   687.96               Retail 2025-10-31 306.54 2025-11-03 332.33  8.41 
  BE               Bloom Energy Corp   312.57 Electrical Equipment 2025-10-31 132.16 2025-11-03 142.37  7.73 
 EXE              Expand Energy Corp   246.05               Energy 2025-10-31 103.31 2025-11-03 110.08  6.55 
  CI                     Cigna Group   652.88          Health Care 2025-10-31 244.41 2025-11-03 258.62  5.81 
ARES            Ares Management Corp   321.12   Financial Services 2025-10-31 148.71  2025-11-03 155.5  4.57 
 EQT                        EQT Corp   334.38               Energy  2025-10-31 53.58  2025-11-03 55.86  4.26 
IBKR   Interactive Brokers Group Inc  1195.99   Financial Services  2025-10-31 70.36  2025-11-03 73.08  3.87 
SNDK                    Sandisk Corp   292.07           Technology 2025-10-31 199.33 2025-11-03 207.01  3.85 
DXCM                      Dexcom Inc   227.07          Health Care  2025-10-31 58.22  2025-11-03 60.43  3.80 
 STX Seagate Technology Holdings PLC   544.94           Technology 2025-10-31 255.88 2025-11-03 265.55  3.78 
PLTR       Palantir Technologies Inc  4755.84           Technology 2025-10-31 200.47 2025-11-03 207.18  3.35 
SOFI           SoFi Technologies Inc   351.82   Financial Services  2025-10-31 29.68  2025-11-03 30.63  3.20 
ALAB                 Astera Labs Inc   310.30       Semiconductors 2025-10-31 186.68 2025-11-03 191.56  2.61 
TSLA                       Tesla Inc 15184.36          Automobiles 2025-10-31 456.56 2025-11-03 468.37  2.59 
 MDB                     MongoDB Inc   292.74           Technology 2025-10-31 359.82 2025-11-03 369.05  2.57 
LRCX               Lam Research Corp  1977.74       Semiconductors 2025-10-31 157.46 2025-11-03 161.24  2.40 
NVDA                     NVIDIA Corp 50595.20       Semiconductors 2025-10-31 202.49 2025-11-03 206.88  2.17 
 DAL             Delta Air Lines Inc   374.67             Airlines  2025-10-31 57.38   2025-11-03 58.5  1.95 
ISRG          Intuitive Surgical Inc  1894.00          Health Care 2025-10-31 534.28 2025-11-03 544.21  1.86 

=== 市值超过1000亿的涨跌榜前20名股票 ===
股票代码              公司名称              市值(亿)            板块                 昨天收盘               今天收盘        涨跌幅(%)
IBKR Interactive Brokers Group Inc  1195.99   Financial Services   2025-10-31 70.36   2025-11-03 73.08  3.87 
PLTR     Palantir Technologies Inc  4755.84           Technology  2025-10-31 200.47  2025-11-03 207.18  3.35 
TSLA                     Tesla Inc 15184.36          Automobiles  2025-10-31 456.56  2025-11-03 468.37  2.59 
LRCX             Lam Research Corp  1977.74       Semiconductors  2025-10-31 157.46  2025-11-03 161.24  2.40 
NVDA                   NVIDIA Corp 50595.20       Semiconductors  2025-10-31 202.49  2025-11-03 206.88  2.17 
ISRG        Intuitive Surgical Inc  1894.00          Health Care  2025-10-31 534.28  2025-11-03 544.21  1.86 
CSCO             Cisco Systems Inc  2890.18       Communications   2025-10-31 73.11   2025-11-03 74.45  1.83 
COST         Costco Wholesale Corp  4039.36               Retail  2025-10-31 911.45  2025-11-03 928.04  1.82 
 AMD    Advanced Micro Devices Inc  4156.43       Semiconductors  2025-10-31 256.12  2025-11-03 259.65  1.38 
 ETN         Eaton Corporation PLC  1485.41 Electrical Equipment  2025-10-31 381.56  2025-11-03 386.57  1.31 
KLAC                      KLA Corp  1591.72       Semiconductors 2025-10-31 1208.74 2025-11-03 1219.14  0.86 
GOOG                  Alphabet Inc 33965.26                Media  2025-10-31 281.82  2025-11-03 284.12  0.82 
 COF    Capital One Financial Corp  1398.48   Financial Services  2025-10-31 219.99   2025-11-03 221.7  0.78 
 NEE            Nextera Energy Inc  1695.24            Utilities    2025-10-31 81.4   2025-11-03 81.78  0.47 
  CB                     Chubb Ltd  1089.90            Insurance  2025-10-31 276.94  2025-11-03 278.25  0.47 
 HCA            HCA Healthcare Inc  1048.96          Health Care  2025-10-31 459.68  2025-11-03 461.56  0.41 
 CRM                Salesforce Inc  2479.10           Technology  2025-10-31 260.41  2025-11-03 261.34  0.36 
 BAC          Bank of America Corp  3959.01              Banking   2025-10-31 53.45   2025-11-03 53.56  0.21 
HOOD         Robinhood Markets Inc  1304.40   Financial Services  2025-10-31 146.78  2025-11-03 147.08  0.20 
 TJX             TJX Companies Inc  1559.67               Retail  2025-10-31 140.14  2025-11-03 140.41  0.19 
