
=== 涨幅榜前20名股票 ===
股票代码               公司名称               市值(亿)                板块                       昨天收盘              今天收盘       涨跌幅(%)
EVOK                 Evoke Pharma Inc  0.07                  Pharmaceuticals   2025-11-03 4.59  2025-11-04 10.66 132.24
DTCK            Davis Commodities Ltd  0.76                           Retail   2025-11-03 3.12    2025-11-04 5.1  63.46
PTLE                          PTL Ltd  0.07                           Energy   2025-11-03 0.19   2025-11-04 0.28  51.61
DENN                     Denny's Corp  2.12    Hotels, Restaurants & Leisure   2025-11-03 4.11   2025-11-04 6.18  50.36
IHRT                  iHeartMedia Inc  4.07                            Media   2025-11-03 2.91   2025-11-04 3.99  37.11
 HTZ        Hertz Global Holdings Inc 15.35                      Road & Rail   2025-11-03 4.94   2025-11-04 6.73  36.23
CAPT                  Captivision Inc  0.16                         Building    2025-11-03 0.5   2025-11-04 0.66  31.77
XMTR                      Xometry Inc 25.29 Trading Companies & Distributors  2025-11-03 48.57  2025-11-04 62.62  28.93
MSPR                 MSP Recovery Inc  0.01                      Health Care   2025-11-03 0.52   2025-11-04 0.66  27.45
CSTL           Castle Biosciences Inc  7.54                      Health Care  2025-11-03 25.99  2025-11-04 31.63  21.70
MTSR                      Metsera Inc 63.94                    Biotechnology  2025-11-03 60.73  2025-11-04 73.18  20.50
 TBI                     TrueBlue Inc  1.40            Professional Services   2025-11-03 4.68   2025-11-04 5.49  17.31
SANM                     Sanmina Corp 74.78             Electrical Equipment 2025-11-03 140.34 2025-11-04 163.58  16.56
VITL                  Vital Farms Inc 14.38                    Food Products  2025-11-03 32.18  2025-11-04 37.37  16.13
SGHC                         SGHC Ltd 52.95    Hotels, Restaurants & Leisure  2025-11-03 10.56  2025-11-04 12.21  15.62
HUHU HUHUTECH International Group Inc  1.36                     Construction   2025-11-03 6.41   2025-11-04 7.41  15.51
INSP      Inspire Medical Systems Inc 21.80                      Health Care  2025-11-03 73.71  2025-11-04 85.01  15.33
JRVR   James River Group Holdings Ltd  2.37                        Insurance   2025-11-03 5.17   2025-11-04 5.95  15.09
ZKIN    ZK International Group Co Ltd  0.10                  Metals & Mining   2025-11-03 2.55   2025-11-04 2.91  14.12
NNNN              Anbio Biotechnology 17.68                    Biotechnology  2025-11-03 12.29  2025-11-04 13.97  13.67

=== 市值超过20亿的涨幅榜前20名股票 ===
股票代码             公司名称             市值(亿)                 板块                       昨天收盘              今天收盘       涨跌幅(%)
XMTR                  Xometry Inc  25.29 Trading Companies & Distributors  2025-11-03 48.57  2025-11-04 62.62 28.93 
MTSR                  Metsera Inc  63.94                    Biotechnology  2025-11-03 60.73  2025-11-04 73.18 20.50 
SANM                 Sanmina Corp  74.78             Electrical Equipment 2025-11-03 140.34 2025-11-04 163.58 16.56 
SGHC                     SGHC Ltd  52.95    Hotels, Restaurants & Leisure  2025-11-03 10.56  2025-11-04 12.21 15.62 
INSP  Inspire Medical Systems Inc  21.80                      Health Care  2025-11-03 73.71  2025-11-04 85.01 15.33 
JBTM               JBT Marel Corp  64.77                        Machinery 2025-11-03 124.62 2025-11-04 138.41 11.07 
HSIC             Henry Schein Inc  78.39                      Health Care  2025-11-03 64.64  2025-11-04 71.61 10.78 
 ULS             UL Solutions Inc 157.91            Professional Services  2025-11-03 78.61  2025-11-04 86.96 10.62 
 GPK Graphic Packaging Holding Co  46.39                        Packaging  2025-11-03 15.66  2025-11-04 17.05  8.88 
  DD        Dupont De Nemours Inc 145.25                        Chemicals  2025-11-03 34.69  2025-11-04 37.76  8.85 
 KNF             Knife River Corp  34.63                     Construction  2025-11-03 61.11  2025-11-04 66.22  8.36 
MDGL Madrigal Pharmaceuticals Inc  91.91                    Biotechnology 2025-11-03 412.35 2025-11-04 444.64  7.83 
COMP                  Compass Inc  41.70                      Real Estate   2025-11-03 7.78   2025-11-04 8.36  7.46 
HLNE            Hamilton Lane Inc  64.03               Financial Services 2025-11-03 114.93 2025-11-04 122.27  6.39 
HNGE             Hinge Health Inc  39.48                      Health Care  2025-11-03 50.34  2025-11-04 53.44  6.16 
 APO Apollo Global Management Inc 713.19               Financial Services 2025-11-03 123.95 2025-11-04 130.51  5.29 
 SEE              Sealed Air Corp  49.98                        Packaging  2025-11-03 33.98  2025-11-04 35.77  5.27 
SPHR      Sphere Entertainment Co  23.88                            Media  2025-11-03 66.34  2025-11-04 69.46  4.70 
 CNC                 Centene Corp 169.57                      Health Care   2025-11-03 34.5  2025-11-04 36.11  4.67 
 MCY         Mercury General Corp  42.22                        Insurance  2025-11-03 76.23  2025-11-04 79.77  4.64 

=== 市值超过50亿的涨幅榜前20名股票 ===
股票代码             公司名称             市值(亿)                板块                     昨天收盘               今天收盘       涨跌幅(%)
MTSR                  Metsera Inc  63.94                 Biotechnology   2025-11-03 60.73  2025-11-04 73.18 20.50 
SANM                 Sanmina Corp  74.78          Electrical Equipment  2025-11-03 140.34 2025-11-04 163.58 16.56 
SGHC                     SGHC Ltd  52.95 Hotels, Restaurants & Leisure   2025-11-03 10.56  2025-11-04 12.21 15.62 
JBTM               JBT Marel Corp  64.77                     Machinery  2025-11-03 124.62 2025-11-04 138.41 11.07 
HSIC             Henry Schein Inc  78.39                   Health Care   2025-11-03 64.64  2025-11-04 71.61 10.78 
 ULS             UL Solutions Inc 157.91         Professional Services   2025-11-03 78.61  2025-11-04 86.96 10.62 
  DD        Dupont De Nemours Inc 145.25                     Chemicals   2025-11-03 34.69  2025-11-04 37.76  8.85 
MDGL Madrigal Pharmaceuticals Inc  91.91                 Biotechnology  2025-11-03 412.35 2025-11-04 444.64  7.83 
HLNE            Hamilton Lane Inc  64.03            Financial Services  2025-11-03 114.93 2025-11-04 122.27  6.39 
 APO Apollo Global Management Inc 713.19            Financial Services  2025-11-03 123.95 2025-11-04 130.51  5.29 
 CNC                 Centene Corp 169.57                   Health Care    2025-11-03 34.5  2025-11-04 36.11  4.67 
 CRK       Comstock Resources Inc  56.36                        Energy   2025-11-03 19.23  2025-11-04 20.05  4.26 
 PEN                 Penumbra Inc  88.21                   Health Care  2025-11-03 226.19 2025-11-04 235.08  3.93 
  FN                     Fabrinet 158.71          Electrical Equipment   2025-11-03 443.0  2025-11-04 459.6  3.75 
 GPN          Global Payments Inc 187.05            Financial Services    2025-11-03 77.1  2025-11-04 79.96  3.71 
LDOS          Leidos Holdings Inc 247.68         Professional Services  2025-11-03 193.05 2025-11-04 199.55  3.37 
 RLI                     RLI Corp  53.87                     Insurance   2025-11-03 58.66  2025-11-04 60.59  3.29 
RYAN  Ryan Specialty Holdings Inc 140.24                     Insurance    2025-11-03 53.3  2025-11-04 55.03  3.25 
HALO    Halozyme Therapeutics Inc  77.43                 Biotechnology    2025-11-03 66.2  2025-11-04 68.05  2.79 
 AZO                 Autozone Inc 594.81                        Retail 2025-11-03 3576.14 2025-11-04 3675.9  2.79 

=== 市值超过100亿的涨幅榜前20名股票 ===
股票代码               公司名称               市值(亿)            板块                 昨天收盘               今天收盘       涨跌幅(%)
 ULS                UL Solutions Inc  157.91 Professional Services   2025-11-03 78.61  2025-11-04 86.96 10.62 
  DD           Dupont De Nemours Inc  145.25             Chemicals   2025-11-03 34.69  2025-11-04 37.76  8.85 
 APO    Apollo Global Management Inc  713.19    Financial Services  2025-11-03 123.95 2025-11-04 130.51  5.29 
 CNC                    Centene Corp  169.57           Health Care    2025-11-03 34.5  2025-11-04 36.11  4.67 
  FN                        Fabrinet  158.71  Electrical Equipment   2025-11-03 443.0  2025-11-04 459.6  3.75 
 GPN             Global Payments Inc  187.05    Financial Services    2025-11-03 77.1  2025-11-04 79.96  3.71 
LDOS             Leidos Holdings Inc  247.68 Professional Services  2025-11-03 193.05 2025-11-04 199.55  3.37 
RYAN     Ryan Specialty Holdings Inc  140.24             Insurance    2025-11-03 53.3  2025-11-04 55.03  3.25 
 AZO                    Autozone Inc  594.81                Retail 2025-11-03 3576.14 2025-11-04 3675.9  2.79 
 CAH             Cardinal Health Inc  451.95           Health Care  2025-11-03 190.22 2025-11-04 195.34  2.69 
  CB                       Chubb Ltd 1095.06             Insurance  2025-11-03 278.25 2025-11-04 285.65  2.66 
CINF       Cincinnati Financial Corp  239.74             Insurance  2025-11-03 153.66 2025-11-04 157.39  2.43 
 EIX            Edison International  209.29             Utilities   2025-11-03 54.39   2025-11-04 55.7  2.41 
  CI                     Cigna Group  690.84           Health Care  2025-11-03 258.62 2025-11-04 264.66  2.34 
ORLY         O'Reilly Automotive Inc  776.55                Retail    2025-11-03 91.7  2025-11-04 93.83  2.32 
 HCA              HCA Healthcare Inc 1053.25           Health Care  2025-11-03 461.56 2025-11-04 471.68  2.19 
  PM Philip Morris International Inc 2250.90               Tobacco   2025-11-03 144.6 2025-11-04 147.66  2.12 
 ALL                   Allstate Corp  503.95             Insurance  2025-11-03 191.25 2025-11-04 195.26  2.10 
  GL                  Globe Life Inc  105.82             Insurance  2025-11-03 130.64 2025-11-04 133.38  2.10 
  CL            Colgate-Palmolive Co  604.39     Consumer products   2025-11-03 74.98  2025-11-04 76.55  2.09 

=== 市值超过200亿的涨幅榜前20名股票 ===
 股票代码               公司名称               市值(亿)            板块                 昨天收盘               今天收盘       涨跌幅(%)
  APO    Apollo Global Management Inc  713.19    Financial Services  2025-11-03 123.95 2025-11-04 130.51  5.29 
 LDOS             Leidos Holdings Inc  247.68 Professional Services  2025-11-03 193.05 2025-11-04 199.55  3.37 
  AZO                    Autozone Inc  594.81                Retail 2025-11-03 3576.14 2025-11-04 3675.9  2.79 
  CAH             Cardinal Health Inc  451.95           Health Care  2025-11-03 190.22 2025-11-04 195.34  2.69 
   CB                       Chubb Ltd 1095.06             Insurance  2025-11-03 278.25 2025-11-04 285.65  2.66 
 CINF       Cincinnati Financial Corp  239.74             Insurance  2025-11-03 153.66 2025-11-04 157.39  2.43 
  EIX            Edison International  209.29             Utilities   2025-11-03 54.39   2025-11-04 55.7  2.41 
   CI                     Cigna Group  690.84           Health Care  2025-11-03 258.62 2025-11-04 264.66  2.34 
 ORLY         O'Reilly Automotive Inc  776.55                Retail    2025-11-03 91.7  2025-11-04 93.83  2.32 
  HCA              HCA Healthcare Inc 1053.25           Health Care  2025-11-03 461.56 2025-11-04 471.68  2.19 
   PM Philip Morris International Inc 2250.90               Tobacco   2025-11-03 144.6 2025-11-04 147.66  2.12 
  ALL                   Allstate Corp  503.95             Insurance  2025-11-03 191.25 2025-11-04 195.26  2.10 
   CL            Colgate-Palmolive Co  604.39     Consumer products   2025-11-03 74.98  2025-11-04 76.55  2.09 
  MMC  Marsh & McLennan Companies Inc  867.78             Insurance  2025-11-03 177.13  2025-11-04 180.5  1.90 
 ACGL          Arch Capital Group Ltd  320.97             Insurance    2025-11-03 86.0  2025-11-04 87.47  1.71 
CMCSA                    Comcast Corp  983.12                 Media   2025-11-03 26.98  2025-11-04 27.44  1.70 
   IR              Ingersoll Rand Inc  300.28             Machinery    2025-11-03 76.0  2025-11-04 77.24  1.63 
   MA                  Mastercard Inc 4885.73    Financial Services  2025-11-03 544.07 2025-11-04 552.75  1.60 
  ABT             Abbott Laboratories 2153.42           Health Care  2025-11-03 123.84  2025-11-04 125.8  1.58 
  PCG                       PG&E Corp  349.69             Utilities   2025-11-03 15.91  2025-11-04 16.16  1.57 

=== 市值超过1000亿的涨跌榜前20名股票 ===
股票代码               公司名称               市值(亿)            板块                 昨天收盘              今天收盘       涨跌幅(%)
  CB                       Chubb Ltd 1095.06             Insurance 2025-11-03 278.25 2025-11-04 285.65  2.66 
 HCA              HCA Healthcare Inc 1053.25           Health Care 2025-11-03 461.56 2025-11-04 471.68  2.19 
  PM Philip Morris International Inc 2250.90               Tobacco  2025-11-03 144.6 2025-11-04 147.66  2.12 
  MA                  Mastercard Inc 4885.73    Financial Services 2025-11-03 544.07 2025-11-04 552.75  1.60 
 ABT             Abbott Laboratories 2153.42           Health Care 2025-11-03 123.84  2025-11-04 125.8  1.58 
TMUS                 T-Mobile US Inc 2274.15     Telecommunication 2025-11-03 203.32 2025-11-04 206.29  1.46 
  DE                      Deere & Co 1248.76             Machinery 2025-11-03 461.94  2025-11-04 468.3  1.38 
COST           Costco Wholesale Corp 4112.88                Retail 2025-11-03 928.04 2025-11-04 940.74  1.37 
  HD                  Home Depot Inc 3766.05                Retail 2025-11-03 378.35 2025-11-04 383.08  1.25 
 TJX               TJX Companies Inc 1562.68                Retail 2025-11-03 140.41 2025-11-04 142.05  1.17 
  KO                    Coca-Cola Co 2923.80             Beverages  2025-11-03 67.97  2025-11-04 68.66  1.02 
   V                        Visa Inc 6490.68    Financial Services  2025-11-03 336.9  2025-11-04 340.3  1.01 
 UNP              Union Pacific Corp 1297.95           Road & Rail 2025-11-03 218.82 2025-11-04 220.91  0.96 
 ADP   Automatic Data Processing Inc 1040.12 Professional Services 2025-11-03 257.17 2025-11-04 259.22  0.80 
  GS         Goldman Sachs Group Inc 2356.00    Financial Services 2025-11-03 785.52 2025-11-04 790.83  0.68 
 KKR                    KKR & Co Inc 1048.02    Financial Services 2025-11-03 117.63 2025-11-04 118.29  0.56 
 XOM                Exxon Mobil Corp 4964.98                Energy 2025-11-03 113.76 2025-11-04 114.14  0.33 
 MDT                   Medtronic PLC 1156.98           Health Care   2025-11-03 90.2  2025-11-04 90.42  0.24 
 JPM             JPMorgan Chase & Co 8506.36               Banking 2025-11-03 309.35 2025-11-04 309.25 -0.03 
 BAC            Bank of America Corp 3911.22               Banking  2025-11-03 53.56  2025-11-04 53.54 -0.04 
