
=== 涨幅榜前20名股票 ===
股票代码               公司名称               市值(亿)               板块                     昨天收盘             今天收盘       涨跌幅(%)
 JYD       Jayud Global Logistics Ltd  0.10     Logistics & Transportation   2025-04-22 0.1  2025-04-23 0.27 160.20
ENSC          Ensysce Biosciences Inc  0.03                  Biotechnology  2025-04-22 1.87  2025-04-23 3.67  96.26
AGMH           AGM Group Holdings Inc  0.01             Financial Services  2025-04-22 0.03  2025-04-23 0.06  93.33
RLMD         Relmada Therapeutics Inc  0.13                Pharmaceuticals  2025-04-22 0.38  2025-04-23 0.69  82.54
SNOA       Sonoma Pharmaceuticals Inc  0.04                Pharmaceuticals  2025-04-22 2.33  2025-04-23 3.95  69.53
AGRI    AgriFORCE Growing Systems Ltd  0.03                  Food Products  2025-04-22 1.44  2025-04-23 2.15  48.89
SLXN       Silexion Therapeutics Corp  0.06                  Biotechnology   2025-04-22 0.7  2025-04-23 1.03  46.51
PLUR                        Pluri Inc  0.34                  Biotechnology   2025-04-22 4.8  2025-04-23 6.75  40.62
AREB      American Rebel Holdings Inc  0.04 Commercial Services & Supplies  2025-04-22 2.21  2025-04-23 3.07  38.91
 SRM            SRM Entertainment Inc  0.06               Leisure Products  2025-04-22 0.34  2025-04-23 0.46  36.20
BSLK       Bolt Projects Holdings Inc  0.09                      Chemicals  2025-04-22 5.31  2025-04-23 7.13  34.27
AREN         Arena Group Holdings Inc  1.20                          Media  2025-04-22 2.53  2025-04-23 3.36  32.81
MODV                    ModivCare Inc  0.14                    Health Care   2025-04-22 1.0  2025-04-23 1.32  32.00
BTOG                   Bit Origin Ltd  0.08                     Technology  2025-04-22 0.13  2025-04-23 0.17  29.92
HCSG    Healthcare Services Group Inc  6.86 Commercial Services & Supplies  2025-04-22 9.41 2025-04-23 12.19  29.54
PEGA                  Pegasystems Inc 59.06                     Technology 2025-04-22 68.76 2025-04-23 88.55  28.78
SINT           SINTX Technologies Inc  0.04                    Health Care  2025-04-22 1.75  2025-04-23 2.24  28.00
RZLT                     Rezolute Inc  1.88                  Biotechnology  2025-04-22 3.11  2025-04-23 3.97  27.65
 AVR Anteris Technologies Global Corp  1.26                    Health Care  2025-04-22 3.51  2025-04-23 4.48  27.64
ZBAO            Zhibao Technology Inc  0.33                      Insurance  2025-04-22 1.03  2025-04-23 1.31  27.18

=== 市值超过20亿的涨幅榜前20名股票 ===
股票代码                 公司名称                市值(亿)                板块                      昨天收盘              今天收盘       涨跌幅(%)
PEGA                     Pegasystems Inc  59.06                     Technology  2025-04-22 68.76  2025-04-23 88.55 28.78 
 TEM                       Tempus AI Inc  74.80 Life Sciences Tools & Services  2025-04-22 43.23  2025-04-23 49.55 14.62 
 DJT Trump Media & Technology Group Corp  52.18                          Media  2025-04-22 23.65  2025-04-23 26.38 11.54 
 ATI                             ATI Inc  64.34                Metals & Mining  2025-04-22 45.61  2025-04-23 50.41 10.52 
DUOL                        Duolingo Inc 152.17  Diversified Consumer Services 2025-04-22 336.34  2025-04-23 370.0 10.01 
SMTC                        Semtech Corp  21.36                 Semiconductors  2025-04-22 24.69  2025-04-23 27.15  9.96 
ACHR                 Archer Aviation Inc  39.82            Aerospace & Defense   2025-04-22 7.34   2025-04-23 8.05  9.67 
MBLY                 Mobileye Global Inc  97.81                Auto Components  2025-04-22 12.05   2025-04-23 13.2  9.54 
CRDO  Credo Technology Group Holding Ltd  62.86                 Semiconductors  2025-04-22 37.02  2025-04-23 40.49  9.37 
ROOT                            Root Inc  20.51                      Insurance 2025-04-22 134.95  2025-04-23 147.6  9.37 
MTSR                         Metsera Inc  22.77                  Biotechnology  2025-04-22 21.68  2025-04-23 23.58  8.76 
ALAB                     Astera Labs Inc  89.69                 Semiconductors  2025-04-22 55.31  2025-04-23 60.15  8.75 
RNST                       Renasant Corp  27.19                        Banking  2025-04-22 28.63  2025-04-23 31.11  8.66 
 VRT                  Vertiv Holdings Co 273.47           Electrical Equipment  2025-04-22 71.82   2025-04-23 78.0  8.60 
OKLO                            Oklo Inc  29.93                      Utilities  2025-04-22 21.53  2025-04-23 23.37  8.55 
 APH                       Amphenol Corp 796.75           Electrical Equipment  2025-04-22 65.75  2025-04-23 71.15  8.21 
MKSI                 MKS Instruments Inc  42.40                 Semiconductors  2025-04-22 62.86  2025-04-23 67.91  8.03 
COHR                       Coherent Corp  85.43           Electrical Equipment  2025-04-22 55.13  2025-04-23 59.34  7.64 
SMCI            Super Micro Computer Inc 181.49                     Technology  2025-04-22 30.58   2025-04-23 32.9  7.59 
 CRS           Carpenter Technology Corp  88.60                Metals & Mining 2025-04-22 177.38 2025-04-23 190.73  7.53 

=== 市值超过50亿的涨幅榜前20名股票 ===
股票代码                 公司名称                 市值(亿)                板块                      昨天收盘              今天收盘       涨跌幅(%)
PEGA                     Pegasystems Inc   59.06                     Technology  2025-04-22 68.76  2025-04-23 88.55 28.78 
 TEM                       Tempus AI Inc   74.80 Life Sciences Tools & Services  2025-04-22 43.23  2025-04-23 49.55 14.62 
 DJT Trump Media & Technology Group Corp   52.18                          Media  2025-04-22 23.65  2025-04-23 26.38 11.54 
 ATI                             ATI Inc   64.34                Metals & Mining  2025-04-22 45.61  2025-04-23 50.41 10.52 
DUOL                        Duolingo Inc  152.17  Diversified Consumer Services 2025-04-22 336.34  2025-04-23 370.0 10.01 
MBLY                 Mobileye Global Inc   97.81                Auto Components  2025-04-22 12.05   2025-04-23 13.2  9.54 
CRDO  Credo Technology Group Holding Ltd   62.86                 Semiconductors  2025-04-22 37.02  2025-04-23 40.49  9.37 
ALAB                     Astera Labs Inc   89.69                 Semiconductors  2025-04-22 55.31  2025-04-23 60.15  8.75 
 VRT                  Vertiv Holdings Co  273.47           Electrical Equipment  2025-04-22 71.82   2025-04-23 78.0  8.60 
 APH                       Amphenol Corp  796.75           Electrical Equipment  2025-04-22 65.75  2025-04-23 71.15  8.21 
COHR                       Coherent Corp   85.43           Electrical Equipment  2025-04-22 55.13  2025-04-23 59.34  7.64 
SMCI            Super Micro Computer Inc  181.49                     Technology  2025-04-22 30.58   2025-04-23 32.9  7.59 
 CRS           Carpenter Technology Corp   88.60                Metals & Mining 2025-04-22 177.38 2025-04-23 190.73  7.53 
KVYO                         Klaviyo Inc   66.78                     Technology  2025-04-22 24.45  2025-04-23 26.24  7.32 
PLTR           Palantir Technologies Inc 2203.46                     Technology  2025-04-22 93.99 2025-04-23 100.82  7.27 
 MDB                         MongoDB Inc  123.53                     Technology 2025-04-22 152.15 2025-04-23 162.66  6.91 
AFRM                 Affirm Holdings Inc  140.27             Financial Services  2025-04-22 43.82  2025-04-23 46.84  6.89 
RKLB                  Rocket Lab USA Inc   86.36            Aerospace & Defense  2025-04-22 19.04  2025-04-23 20.29  6.57 
 VST                         Vistra Corp  383.12                      Utilities 2025-04-22 112.63  2025-04-23 120.0  6.54 
CAVA                      CAVA Group Inc   93.98  Hotels, Restaurants & Leisure   2025-04-22 81.3  2025-04-23 86.45  6.33 

=== 市值超过100亿的涨幅榜前20名股票 ===
股票代码            公司名称            市值(亿)                板块                     昨天收盘              今天收盘       涨跌幅(%)
DUOL              Duolingo Inc  152.17 Diversified Consumer Services 2025-04-22 336.34  2025-04-23 370.0 10.01 
 VRT        Vertiv Holdings Co  273.47          Electrical Equipment  2025-04-22 71.82   2025-04-23 78.0  8.60 
 APH             Amphenol Corp  796.75          Electrical Equipment  2025-04-22 65.75  2025-04-23 71.15  8.21 
SMCI  Super Micro Computer Inc  181.49                    Technology  2025-04-22 30.58   2025-04-23 32.9  7.59 
PLTR Palantir Technologies Inc 2203.46                    Technology  2025-04-22 93.99 2025-04-23 100.82  7.27 
 MDB               MongoDB Inc  123.53                    Technology 2025-04-22 152.15 2025-04-23 162.66  6.91 
AFRM       Affirm Holdings Inc  140.27            Financial Services  2025-04-22 43.82  2025-04-23 46.84  6.89 
 VST               Vistra Corp  383.12                     Utilities 2025-04-22 112.63  2025-04-23 120.0  6.54 
MRVL    Marvell Technology Inc  438.40                Semiconductors  2025-04-22 50.62  2025-04-23 53.77  6.22 
 APP             Applovin Corp  808.11                    Technology 2025-04-22 237.71 2025-04-23 252.35  6.16 
SHOP               Shopify Inc 1109.79                    Technology  2025-04-22 85.71  2025-04-23 90.96  6.13 
HOOD     Robinhood Markets Inc  372.69            Financial Services  2025-04-22 42.09  2025-04-23 44.66  6.11 
  BA                 Boeing Co 1222.81           Aerospace & Defense 2025-04-22 162.52 2025-04-23 172.37  6.06 
DELL     Dell Technologies Inc  586.74                    Technology  2025-04-22 84.08  2025-04-23 89.16  6.04 
RBRK                Rubrik Inc  117.45                    Technology  2025-04-22 61.89  2025-04-23 65.55  5.91 
NTNX               Nutanix Inc  159.41                    Technology  2025-04-22 59.78   2025-04-23 63.3  5.89 
PSTG          Pure Storage Inc  131.58                    Technology  2025-04-22 40.36  2025-04-23 42.72  5.85 
 RTX                  RTX Corp 1518.66           Aerospace & Defense 2025-04-22 113.75 2025-04-23 120.28  5.74 
 NET            Cloudflare Inc  370.15                    Technology 2025-04-22 106.81  2025-04-23 112.8  5.61 
 THC     Tenet Healthcare Corp  108.23                   Health Care 2025-04-22 114.68 2025-04-23 121.05  5.55 

=== 市值超过200亿的涨幅榜前20名股票 ===
股票代码              公司名称               市值(亿)           板块                 昨天收盘              今天收盘       涨跌幅(%)
 VRT             Vertiv Holdings Co  273.47 Electrical Equipment  2025-04-22 71.82   2025-04-23 78.0  8.60 
 APH                  Amphenol Corp  796.75 Electrical Equipment  2025-04-22 65.75  2025-04-23 71.15  8.21 
PLTR      Palantir Technologies Inc 2203.46           Technology  2025-04-22 93.99 2025-04-23 100.82  7.27 
 VST                    Vistra Corp  383.12            Utilities 2025-04-22 112.63  2025-04-23 120.0  6.54 
MRVL         Marvell Technology Inc  438.40       Semiconductors  2025-04-22 50.62  2025-04-23 53.77  6.22 
 APP                  Applovin Corp  808.11           Technology 2025-04-22 237.71 2025-04-23 252.35  6.16 
SHOP                    Shopify Inc 1109.79           Technology  2025-04-22 85.71  2025-04-23 90.96  6.13 
HOOD          Robinhood Markets Inc  372.69   Financial Services  2025-04-22 42.09  2025-04-23 44.66  6.11 
  BA                      Boeing Co 1222.81  Aerospace & Defense 2025-04-22 162.52 2025-04-23 172.37  6.06 
DELL          Dell Technologies Inc  586.74           Technology  2025-04-22 84.08  2025-04-23 89.16  6.04 
 RTX                       RTX Corp 1518.66  Aerospace & Defense 2025-04-22 113.75 2025-04-23 120.28  5.74 
 NET                 Cloudflare Inc  370.15           Technology 2025-04-22 106.81  2025-04-23 112.8  5.61 
INTC                     Intel Corp  850.75       Semiconductors  2025-04-22 19.51  2025-04-23 20.59  5.54 
TSLA                      Tesla Inc 7654.35          Automobiles 2025-04-22 237.97 2025-04-23 250.74  5.37 
GEHC GE Healthcare Technologies Inc  282.26          Health Care  2025-04-22 61.65  2025-04-23 64.89  5.26 
LRCX              Lam Research Corp  814.87       Semiconductors  2025-04-22 63.48  2025-04-23 66.73  5.12 
 IOT                    Samsara Inc  201.94           Technology  2025-04-22 35.47  2025-04-23 37.22  4.93 
 AMD     Advanced Micro Devices Inc 1394.22       Semiconductors  2025-04-22 86.26  2025-04-23 90.39  4.79 
GDDY                    GoDaddy Inc  240.57           Technology 2025-04-22 170.19 2025-04-23 178.01  4.59 
HUBS                    HubSpot Inc  282.58           Technology 2025-04-22 541.82 2025-04-23 565.96  4.46 

=== 市值超过1000亿的涨跌榜前20名股票 ===
股票代码            公司名称             市值(亿)                 板块                     昨天收盘               今天收盘        涨跌幅(%)
PLTR  Palantir Technologies Inc  2203.46                    Technology   2025-04-22 93.99  2025-04-23 100.82  7.27 
SHOP                Shopify Inc  1109.79                    Technology   2025-04-22 85.71   2025-04-23 90.96  6.13 
  BA                  Boeing Co  1222.81           Aerospace & Defense  2025-04-22 162.52  2025-04-23 172.37  6.06 
 RTX                   RTX Corp  1518.66           Aerospace & Defense  2025-04-22 113.75  2025-04-23 120.28  5.74 
TSLA                  Tesla Inc  7654.35                   Automobiles  2025-04-22 237.97  2025-04-23 250.74  5.37 
 AMD Advanced Micro Devices Inc  1394.22                Semiconductors   2025-04-22 86.26   2025-04-23 90.39  4.79 
AVGO               Broadcom Inc  7973.56                Semiconductors  2025-04-22 169.58  2025-04-23 176.91  4.32 
AMZN             Amazon.com Inc 18378.49                        Retail  2025-04-22 173.18   2025-04-23 180.6  4.28 
 BSX     Boston Scientific Corp  1405.86                   Health Care   2025-04-22 95.05   2025-04-23 98.92  4.07 
META         Meta Platforms Inc 12629.32                         Media  2025-04-22 500.28  2025-04-23 520.27  4.00 
NVDA                NVIDIA Corp 24129.16                Semiconductors   2025-04-22 98.89  2025-04-23 102.71  3.86 
AMAT      Applied Materials Inc  1123.61                Semiconductors   2025-04-22 138.3  2025-04-23 143.58  3.82 
 TXN      Texas Instruments Inc  1335.40                Semiconductors  2025-04-22 146.76  2025-04-23 152.15  3.67 
 ETN      Eaton Corporation PLC  1045.67          Electrical Equipment  2025-04-22 266.91  2025-04-23 275.66  3.28 
ORCL                Oracle Corp  3568.11                    Technology  2025-04-22 127.24   2025-04-23 131.4  3.27 
 AXP        American Express Co  1768.43            Financial Services  2025-04-22 252.42  2025-04-23 260.14  3.06 
 CRM             Salesforce Inc  2338.98                    Technology  2025-04-22 243.39  2025-04-23 250.48  2.91 
BKNG       Booking Holdings Inc  1508.87 Hotels, Restaurants & Leisure 2025-04-22 4598.08 2025-04-23 4731.03  2.89 
   C              Citigroup Inc  1214.93                       Banking   2025-04-22 64.55    2025-04-23 66.3  2.71 
 SYK               Stryker Corp  1328.74                   Health Care  2025-04-22 348.12  2025-04-23 357.11  2.58 
