
=== 涨幅榜前20名股票 ===
股票代码                       公司名称                       市值(亿)               板块                     昨天收盘             今天收盘       涨跌幅(%)
IVVD                                      Invivyd Inc  0.67                  Biotechnology  2025-08-25 0.56  2025-08-26 1.03 83.93 
SATS                                    EchoStar Corp 85.97                          Media 2025-08-25 29.88 2025-08-26 50.87 70.25 
ALLR                        Allarity Therapeutics Inc  0.14                  Biotechnology  2025-08-25 0.94  2025-08-26 1.43 51.97 
VSME                            VS Media Holdings Ltd  0.61                          Media  2025-08-25 1.23  2025-08-26 1.74 41.46 
HKPD Hong Kong Pharma Digital Technology Holdings Ltd  0.12     Logistics & Transportation  2025-08-25 1.05  2025-08-26 1.42 35.24 
VINC                               Vincerx Pharma Inc  0.00                  Biotechnology  2025-08-25 0.05  2025-08-26 0.06 33.33 
  RR                            Richtech Robotics Inc  3.57                      Machinery  2025-08-25 2.38  2025-08-26 3.15 32.35 
PODC                                   Podcastone Inc  0.34                          Media   2025-08-25 1.3  2025-08-26 1.64 26.15 
BRLT                        Brilliant Earth Group Inc  1.40                         Retail  2025-08-25 2.19  2025-08-26 2.76 26.03 
VCIG                                   VCI Global Ltd  0.23          Professional Services  2025-08-25 0.75  2025-08-26 0.95 25.73 
  UP                         Wheels Up Experience Inc 16.70                       Airlines  2025-08-25 2.39   2025-08-26 3.0 25.52 
VERI                                     Veritone Inc  1.30                     Technology  2025-08-25 2.35  2025-08-26 2.92 24.26 
PSIG                       PS International Group Ltd  0.11     Logistics & Transportation  2025-08-25 0.41  2025-08-26 0.49 20.84 
 DSS                                          DSS Inc  0.11 Commercial Services & Supplies  2025-08-25 1.25  2025-08-26 1.51 20.80 
  MB                                 Masterbeef Group  1.10                            N/A   2025-08-25 6.4  2025-08-26 7.67 19.84 
KPTI                      Karyopharm Therapeutics Inc  0.55                  Biotechnology  2025-08-25 6.31  2025-08-26 7.46 18.23 
PTHL                              Pheton Holdings Ltd  0.09                    Health Care  2025-08-25 0.57  2025-08-26 0.67 18.18 
FBGL                                   FBS Global Ltd  0.07                   Construction  2025-08-25 0.57  2025-08-26 0.67 18.04 
NUKK                                     Nukkleus Inc  0.35                     Technology  2025-08-25 4.94   2025-08-26 5.8 17.41 
 ADN                 Advent Technologies Holdings Inc  0.12           Electrical Equipment   2025-08-25 4.4  2025-08-26 5.16 17.27 

=== 市值超过20亿的涨幅榜前20名股票 ===
股票代码                公司名称                市值(亿)                 板块                       昨天收盘              今天收盘       涨跌幅(%)
SATS                     EchoStar Corp   85.97                            Media  2025-08-25 29.88  2025-08-26 50.87 70.25 
SMTC                      Semtech Corp   44.18                   Semiconductors   2025-08-25 51.0  2025-08-26 58.72 15.14 
UUUU                  Energy Fuels Inc   25.21                           Energy  2025-08-25 10.93  2025-08-26 12.31 12.63 
 LEU               Centrus Energy Corp   33.74                           Energy 2025-08-25 185.28 2025-08-26 208.67 12.62 
 RGC Regencell Bioscience Holdings Ltd   60.72                  Pharmaceuticals  2025-08-25 12.28  2025-08-26 13.55 10.34 
VSAT                        Viasat Inc   37.88                   Communications  2025-08-25 28.21   2025-08-26 30.8  9.18 
 HEI                        HEICO Corp  370.05              Aerospace & Defense 2025-08-25 305.34 2025-08-26 332.16  8.78 
CIFR                 Cipher Mining Inc   26.11                       Technology   2025-08-25 6.64   2025-08-26 7.12  7.23 
 PCT        Purecycle Technologies Inc   22.91                        Chemicals  2025-08-25 12.72   2025-08-26 13.6  6.92 
 EAT         Brinker International Inc   67.57    Hotels, Restaurants & Leisure 2025-08-25 151.85 2025-08-26 161.83  6.57 
 TLN                 Talen Energy Corp  162.43                        Utilities 2025-08-25 355.53 2025-08-26 378.79  6.54 
 VFC                           VF Corp   53.40 Textiles, Apparel & Luxury Goods  2025-08-25 13.67  2025-08-26 14.52  6.22 
SITM                       SiTime Corp   60.23                   Semiconductors 2025-08-25 231.63 2025-08-26 245.94  6.18 
 TMC        TMC the metals company Inc   20.56                  Metals & Mining   2025-08-25 5.06   2025-08-26 5.37  6.13 
  FN                          Fabrinet  111.58             Electrical Equipment 2025-08-25 312.28 2025-08-26 330.66  5.89 
 LLY                  Eli Lilly and Co 6581.00                  Pharmaceuticals 2025-08-25 695.33 2025-08-26 736.03  5.85 
IBRX                   Immunitybio Inc   21.27                    Biotechnology   2025-08-25 2.25   2025-08-26 2.38  5.78 
RGTI             Rigetti Computing Inc   46.91                   Semiconductors  2025-08-25 14.47   2025-08-26 15.3  5.74 
LQDA                     Liquidia Corp   22.60                  Pharmaceuticals  2025-08-25 26.25  2025-08-26 27.73  5.64 
HIMS            Hims & Hers Health Inc   97.17                      Health Care  2025-08-25 42.99  2025-08-26 45.35  5.49 

=== 市值超过50亿的涨幅榜前20名股票 ===
股票代码                公司名称                 市值(亿)                 板块                       昨天收盘              今天收盘       涨跌幅(%)
SATS                      EchoStar Corp   85.97                            Media  2025-08-25 29.88  2025-08-26 50.87 70.25 
 RGC  Regencell Bioscience Holdings Ltd   60.72                  Pharmaceuticals  2025-08-25 12.28  2025-08-26 13.55 10.34 
 HEI                         HEICO Corp  370.05              Aerospace & Defense 2025-08-25 305.34 2025-08-26 332.16  8.78 
 EAT          Brinker International Inc   67.57    Hotels, Restaurants & Leisure 2025-08-25 151.85 2025-08-26 161.83  6.57 
 TLN                  Talen Energy Corp  162.43                        Utilities 2025-08-25 355.53 2025-08-26 378.79  6.54 
 VFC                            VF Corp   53.40 Textiles, Apparel & Luxury Goods  2025-08-25 13.67  2025-08-26 14.52  6.22 
SITM                        SiTime Corp   60.23                   Semiconductors 2025-08-25 231.63 2025-08-26 245.94  6.18 
  FN                           Fabrinet  111.58             Electrical Equipment 2025-08-25 312.28 2025-08-26 330.66  5.89 
 LLY                   Eli Lilly and Co 6581.00                  Pharmaceuticals 2025-08-25 695.33 2025-08-26 736.03  5.85 
HIMS             Hims & Hers Health Inc   97.17                      Health Care  2025-08-25 42.99  2025-08-26 45.35  5.49 
IONQ                           IONQ Inc  114.82                       Technology  2025-08-25 38.68  2025-08-26 40.75  5.35 
 SYM                       Symbotic Inc  270.09                        Machinery  2025-08-25 45.74  2025-08-26 47.99  4.92 
 ATI                            ATI Inc  100.85                  Metals & Mining  2025-08-25 73.17  2025-08-26 76.48  4.52 
RVMD           Revolution Medicines Inc   66.68                    Biotechnology  2025-08-25 35.67  2025-08-26 37.28  4.50 
OKLO                           Oklo Inc  105.08                        Utilities  2025-08-25 71.19  2025-08-26 74.31  4.38 
TSEM            Tower Semiconductor Ltd   64.34                   Semiconductors  2025-08-25 57.57   2025-08-26 60.0  4.22 
AXSM            Axsome Therapeutics Inc   58.04                  Pharmaceuticals 2025-08-25 116.31 2025-08-26 121.15  4.16 
 APP                      Applovin Corp 1524.42                       Technology 2025-08-25 450.68 2025-08-26 469.33  4.14 
CRDO Credo Technology Group Holding Ltd  198.09                   Semiconductors 2025-08-25 115.41  2025-08-26 120.1  4.06 
 RNA            Avidity Biosciences Inc   58.24                    Biotechnology  2025-08-25 45.27  2025-08-26 47.05  3.93 

=== 市值超过100亿的涨幅榜前20名股票 ===
股票代码                公司名称                 市值(亿)                板块                     昨天收盘              今天收盘       涨跌幅(%)
 HEI                         HEICO Corp  370.05           Aerospace & Defense 2025-08-25 305.34 2025-08-26 332.16  8.78 
 TLN                  Talen Energy Corp  162.43                     Utilities 2025-08-25 355.53 2025-08-26 378.79  6.54 
  FN                           Fabrinet  111.58          Electrical Equipment 2025-08-25 312.28 2025-08-26 330.66  5.89 
 LLY                   Eli Lilly and Co 6581.00               Pharmaceuticals 2025-08-25 695.33 2025-08-26 736.03  5.85 
IONQ                           IONQ Inc  114.82                    Technology  2025-08-25 38.68  2025-08-26 40.75  5.35 
 SYM                       Symbotic Inc  270.09                     Machinery  2025-08-25 45.74  2025-08-26 47.99  4.92 
 ATI                            ATI Inc  100.85               Metals & Mining  2025-08-25 73.17  2025-08-26 76.48  4.52 
OKLO                           Oklo Inc  105.08                     Utilities  2025-08-25 71.19  2025-08-26 74.31  4.38 
 APP                      Applovin Corp 1524.42                    Technology 2025-08-25 450.68 2025-08-26 469.33  4.14 
CRDO Credo Technology Group Holding Ltd  198.09                Semiconductors 2025-08-25 115.41  2025-08-26 120.1  4.06 
 GEV                     GE Vernova Inc 1639.63          Electrical Equipment 2025-08-25 602.31 2025-08-26 625.91  3.92 
BROS                     Dutch Bros Inc  114.57 Hotels, Restaurants & Leisure  2025-08-25 69.64  2025-08-26 72.27  3.78 
  BA                          Boeing Co 1715.49           Aerospace & Defense 2025-08-25 226.87 2025-08-26 234.83  3.51 
 JEF      Jefferies Financial Group Inc  128.18            Financial Services  2025-08-25 62.14  2025-08-26 64.07  3.11 
 MTZ                         MasTec Inc  139.77                  Construction 2025-08-25 177.13 2025-08-26 182.55  3.06 
CRCL          Circle Internet Group Inc  265.30                           N/A 2025-08-25 125.24 2025-08-26 129.05  3.04 
JOBY                  Joby Aviation Inc  122.41                      Airlines   2025-08-25 14.3  2025-08-26 14.73  3.01 
INSM                         Insmed Inc  271.24                 Biotechnology 2025-08-25 128.32 2025-08-26 132.17  3.00 
  UI                       Ubiquiti Inc  314.49                Communications 2025-08-25 519.89 2025-08-26 535.15  2.94 
 VIK                Viking Holdings Ltd  266.27 Hotels, Restaurants & Leisure  2025-08-25 60.05  2025-08-26 61.76  2.85 

=== 市值超过200亿的涨幅榜前20名股票 ===
股票代码              公司名称              市值(亿)                 板块                       昨天收盘              今天收盘       涨跌幅(%)
 HEI                    HEICO Corp  370.05              Aerospace & Defense 2025-08-25 305.34 2025-08-26 332.16  8.78 
 LLY              Eli Lilly and Co 6581.00                  Pharmaceuticals 2025-08-25 695.33 2025-08-26 736.03  5.85 
 SYM                  Symbotic Inc  270.09                        Machinery  2025-08-25 45.74  2025-08-26 47.99  4.92 
 APP                 Applovin Corp 1524.42                       Technology 2025-08-25 450.68 2025-08-26 469.33  4.14 
 GEV                GE Vernova Inc 1639.63             Electrical Equipment 2025-08-25 602.31 2025-08-26 625.91  3.92 
  BA                     Boeing Co 1715.49              Aerospace & Defense 2025-08-25 226.87 2025-08-26 234.83  3.51 
CRCL     Circle Internet Group Inc  265.30                              N/A 2025-08-25 125.24 2025-08-26 129.05  3.04 
INSM                    Insmed Inc  271.24                    Biotechnology 2025-08-25 128.32 2025-08-26 132.17  3.00 
  UI                  Ubiquiti Inc  314.49                   Communications 2025-08-25 519.89 2025-08-26 535.15  2.94 
 VIK           Viking Holdings Ltd  266.27    Hotels, Restaurants & Leisure  2025-08-25 60.05  2025-08-26 61.76  2.85 
CVNA                    Carvana Co  779.29                           Retail 2025-08-25 362.12  2025-08-26 372.2  2.78 
  GE                  GE Aerospace 2827.24              Aerospace & Defense 2025-08-25 266.61 2025-08-26 273.94  2.75 
REGN Regeneron Pharmaceuticals Inc  606.65                    Biotechnology 2025-08-25 572.38 2025-08-26 587.65  2.67 
 VST                   Vistra Corp  644.03                        Utilities 2025-08-25 190.08 2025-08-26 195.12  2.65 
 AER            AerCap Holdings NV  212.76 Trading Companies & Distributors  2025-08-25 120.5 2025-08-26 123.69  2.65 
 RCL   Royal Caribbean Cruises Ltd  937.03    Hotels, Restaurants & Leisure 2025-08-25 344.97 2025-08-26 353.74  2.54 
ALAB               Astera Labs Inc  289.47                   Semiconductors 2025-08-25 174.15 2025-08-26 178.56  2.53 
MSTR             Microstrategy Inc  973.15                       Technology  2025-08-25 343.2 2025-08-26 351.36  2.38 
 FIX       Comfort Systems USA Inc  243.86                     Construction 2025-08-25 691.18 2025-08-26 707.39  2.35 
PLTR     Palantir Technologies Inc 3728.61                       Technology 2025-08-25 157.17 2025-08-26 160.87  2.35 

=== 市值超过1000亿的涨跌榜前20名股票 ===
股票代码            公司名称             市值(亿)                 板块                     昨天收盘              今天收盘       涨跌幅(%)
 LLY           Eli Lilly and Co  6581.00               Pharmaceuticals 2025-08-25 695.33 2025-08-26 736.03  5.85 
 APP              Applovin Corp  1524.42                    Technology 2025-08-25 450.68 2025-08-26 469.33  4.14 
 GEV             GE Vernova Inc  1639.63          Electrical Equipment 2025-08-25 602.31 2025-08-26 625.91  3.92 
  BA                  Boeing Co  1715.49           Aerospace & Defense 2025-08-25 226.87 2025-08-26 234.83  3.51 
  GE               GE Aerospace  2827.24           Aerospace & Defense 2025-08-25 266.61 2025-08-26 273.94  2.75 
PLTR  Palantir Technologies Inc  3728.61                    Technology 2025-08-25 157.17 2025-08-26 160.87  2.35 
LRCX          Lam Research Corp  1281.82                Semiconductors 2025-08-25 101.28 2025-08-26 103.63  2.32 
 RTX                   RTX Corp  2091.74           Aerospace & Defense 2025-08-25 156.27 2025-08-26 159.57  2.11 
 AMD Advanced Micro Devices Inc  2651.08                Semiconductors 2025-08-25 163.36 2025-08-26 166.62  2.00 
CSCO          Cisco Systems Inc  2658.74                Communications  2025-08-25 67.14  2025-08-26 68.39  1.86 
 ETN      Eaton Corporation PLC  1346.04          Electrical Equipment 2025-08-25 345.76 2025-08-26 352.02  1.81 
QCOM               Qualcomm Inc  1687.77                Semiconductors 2025-08-25 156.42 2025-08-26 159.17  1.76 
 LMT       Lockheed Martin Corp  1045.27           Aerospace & Defense 2025-08-25 447.72 2025-08-26 455.46  1.73 
 COF Capital One Financial Corp  1413.97            Financial Services  2025-08-25 221.1 2025-08-26 224.92  1.73 
AMAT      Applied Materials Inc  1290.48                Semiconductors 2025-08-25 161.99 2025-08-26 164.51  1.56 
 BAC       Bank of America Corp  3664.96                       Banking  2025-08-25 49.48  2025-08-26 50.25  1.56 
 AXP        American Express Co  2197.60            Financial Services  2025-08-25 315.8  2025-08-26 320.6  1.52 
TSLA                  Tesla Inc 11179.41                   Automobiles  2025-08-25 346.6 2025-08-26 351.67  1.46 
UBER      Uber Technologies Inc  1984.48                   Road & Rail  2025-08-25 95.16  2025-08-26 96.53  1.44 
DASH               DoorDash Inc  1047.82 Hotels, Restaurants & Leisure 2025-08-25 245.28 2025-08-26 248.79  1.43 
