2025-02-19 19:35:44,467 - INFO: 日志目录: logs/20250219_193544
2025-02-19 19:35:44,467 - INFO: 日志文件: logs/20250219_193544/execution.log
2025-02-19 19:35:44,476 - INFO: 开始获取和过滤股票列表...
2025-02-19 19:35:44,476 - INFO: 未找到非美股记录文件或文件格式错误
2025-02-19 19:35:44,476 - INFO: 未找到需排除的股票列表文件
2025-02-19 19:35:44,476 - INFO: 未找到已验证的有效股票列表文件
2025-02-19 19:35:46,268 - INFO: 从 Finnhub 获取到总计 27554 个股票
2025-02-19 19:35:46,308 - INFO: 
=== 股票过滤结果 ===
2025-02-19 19:35:46,308 - INFO: 原始股票数量: 27554
2025-02-19 19:35:46,308 - INFO: 过滤后数量: 16150
2025-02-19 19:35:46,308 - INFO: 
被排除的股票统计:
2025-02-19 19:35:46,313 - INFO: - 非普通股: 8464 只
2025-02-19 19:35:46,313 - INFO: - 权证: 2415 只
2025-02-19 19:35:46,314 - INFO: - 非标准股票代码: 525 只
2025-02-19 19:35:46,314 - INFO: 开始处理 16150 只股票...
2025-02-19 19:35:46,612 - INFO: 股票 TXHPF 数据不足
2025-02-19 19:35:46,616 - INFO: 股票 SRRPF 数据不足
2025-02-19 19:35:46,634 - INFO: 股票 EXEO 数据不足
2025-02-19 19:35:46,642 - INFO: 股票 HSTC 数据不足
2025-02-19 19:35:46,649 - INFO: 股票 ACITF 数据不足
2025-02-19 19:35:46,651 - INFO: 股票 DFTC 数据不足
2025-02-19 19:35:46,654 - INFO: 股票 GPACF 数据不足
2025-02-19 19:35:46,657 - INFO: 股票 LIN 数据不足
2025-02-19 19:35:46,662 - INFO: 股票 MHTX 数据不足
2025-02-19 19:35:46,775 - INFO: 股票 TDRK 数据不足
2025-02-19 19:35:46,775 - INFO: 进度: 10/16150 (0.06%) 有效数据: 0
2025-02-19 19:35:46,802 - INFO: 股票 GBXI 数据不足
2025-02-19 19:35:46,814 - INFO: 股票 STAEF 数据不足
2025-02-19 19:35:46,832 - INFO: 股票 AUCTF 数据不足
2025-02-19 19:35:46,840 - INFO: 股票 HUMT 数据不足
2025-02-19 19:35:46,848 - INFO: 股票 TKGSF 数据不足
2025-02-19 19:35:46,938 - INFO: 股票 FNTTF 数据不足
2025-02-19 19:35:46,948 - INFO: 股票 RYI 数据不足
2025-02-19 19:35:46,951 - INFO: 股票 BIVI 数据不足
2025-02-19 19:35:46,988 - INFO: 股票 FUFU 数据不足
2025-02-19 19:35:47,003 - INFO: 股票 HMPQ 数据不足
2025-02-19 19:35:47,003 - INFO: 进度: 20/16150 (0.12%) 有效数据: 0
2025-02-19 19:35:47,034 - INFO: 股票 YJGJ 数据不足
2025-02-19 19:35:47,043 - INFO: 股票 FDBH 数据不足
2025-02-19 19:35:47,124 - INFO: 股票 SDRL 数据不足
2025-02-19 19:35:47,153 - INFO: 股票 RNR 数据不足
2025-02-19 19:35:47,214 - INFO: 股票 STX 数据不足
2025-02-19 19:35:47,227 - INFO: 股票 BRDLF 数据不足
2025-02-19 19:35:47,235 - INFO: 股票 CGNMF 数据不足
2025-02-19 19:35:47,257 - INFO: 股票 MHIVF 数据不足
2025-02-19 19:35:47,258 - INFO: 股票 FUGRF 数据不足
2025-02-19 19:35:47,265 - INFO: 股票 CLKFF 数据不足
2025-02-19 19:35:47,267 - INFO: 进度: 30/16150 (0.19%) 有效数据: 0
2025-02-19 19:35:47,268 - INFO: 股票 NXGPF 数据不足
2025-02-19 19:35:47,348 - INFO: 股票 RARFS 数据不足
2025-02-19 19:35:47,365 - INFO: 股票 KAR 数据不足
2025-02-19 19:35:47,383 - INFO: 股票 SEPJF 数据不足
2025-02-19 19:35:47,394 - INFO: 股票 VSTA 数据不足
2025-02-19 19:35:47,429 - INFO: 股票 REVG 数据不足
2025-02-19 19:35:47,500 - INFO: 股票 PONT 数据不足
2025-02-19 19:35:47,522 - INFO: 股票 KSTOF 数据不足
2025-02-19 19:35:47,532 - INFO: 股票 RMLFF 数据不足
2025-02-19 19:35:47,537 - INFO: 股票 JQTMF 数据不足
2025-02-19 19:35:47,537 - INFO: 进度: 40/16150 (0.25%) 有效数据: 0
2025-02-19 19:35:47,562 - INFO: 股票 TRSFF 数据不足
2025-02-19 19:35:47,565 - INFO: 股票 GEGR 数据不足
2025-02-19 19:35:47,573 - INFO: 股票 PILBF 数据不足
2025-02-19 19:35:47,583 - INFO: 股票 PRG 数据不足
2025-02-19 19:35:47,608 - INFO: 股票 CDCTF 数据不足
2025-02-19 19:35:47,665 - INFO: 股票 DSRLF 数据不足
2025-02-19 19:35:47,721 - INFO: 股票 MDB 数据不足
2025-02-19 19:35:47,756 - INFO: 股票 USNA 数据不足
2025-02-19 19:35:47,776 - INFO: 股票 LIQT 数据不足
2025-02-19 19:35:47,794 - INFO: 股票 ZNXT 数据不足
2025-02-19 19:35:47,794 - INFO: 进度: 50/16150 (0.31%) 有效数据: 0
2025-02-19 19:35:47,823 - INFO: 股票 BCDA 数据不足
2025-02-19 19:35:47,849 - INFO: 股票 IKHIF 数据不足
2025-02-19 19:35:47,850 - INFO: 股票 BYAGF 数据不足
2025-02-19 19:35:47,887 - INFO: 股票 BNZI 数据不足
2025-02-19 19:35:47,937 - INFO: 股票 IHHHF 数据不足
2025-02-19 19:35:47,984 - INFO: 股票 GGAAF 数据不足
2025-02-19 19:35:47,987 - INFO: 股票 BLEVF 数据不足
2025-02-19 19:35:48,072 - INFO: 股票 VEEMF 数据不足
2025-02-19 19:35:48,111 - INFO: 股票 OAKC 数据不足
2025-02-19 19:35:48,123 - INFO: 股票 ELLKF 数据不足
2025-02-19 19:35:48,128 - INFO: 进度: 60/16150 (0.37%) 有效数据: 0
2025-02-19 19:35:48,135 - INFO: 股票 SKTP 数据不足
2025-02-19 19:35:48,136 - INFO: 股票 DFLI 数据不足
2025-02-19 19:35:48,171 - INFO: 股票 ACLX 数据不足
2025-02-19 19:35:48,215 - INFO: 股票 GOSS 数据不足
2025-02-19 19:35:48,260 - INFO: 股票 GSRFF 数据不足
2025-02-19 19:35:48,318 - INFO: 股票 SLNG 数据不足
