
=== 涨幅榜前20名股票 ===

股票代码                公司名称                市值(亿)               板块                   昨天收盘          今天收盘     涨跌幅(%)
    CDT             Conduit Pharmaceuticals Inc    0.04   Life Sciences Tools & Services   2025-01-24 0.05    2025-01-27 3.3   7233.33
   BNGO                    Bionano Genomics Inc    0.14   Life Sciences Tools & Services   2025-01-24 0.12   2025-01-27 5.82   4750.00
   GITS                     Hanryu Holdings Inc    0.08                            Media    2025-01-24 0.1   2025-01-27 3.05   3044.33
    IVP         Inspire Veterinary Partners Inc    0.04                      Health Care   2025-01-24 0.12    2025-01-27 3.1   2527.12
    HAO             Haoxi Health Technology Ltd    0.94                            Media    2025-01-24 0.1   2025-01-27 2.51   2336.89
   AKRO                  Akero Therapeutics Inc   18.27                    Biotechnology  2025-01-24 26.18  2025-01-27 51.71     97.52
   ORKT              Orangekloud Technology Inc    0.60                       Technology   2025-01-24 0.69   2025-01-27 1.32     91.30
  PONGF                                Atari SA    0.55                            Media   2025-01-24 0.14    2025-01-27 0.2     48.15
   YIBO          Planet Image International Ltd    1.66   Commercial Services & Supplies   2025-01-24 2.15   2025-01-27 3.08     43.26
    SLS          Sellas Life Sciences Group Inc    0.99                    Biotechnology   2025-01-24 1.01   2025-01-27 1.41     39.60
   ONCO                           Onconetix Inc    0.05                    Biotechnology   2025-01-24 0.48   2025-01-27 0.64     34.06
   YYAI         Connexa Sports Technologies Inc    0.09                 Leisure Products   2025-01-24 0.45    2025-01-27 0.6     33.95
  SPIEF                       SPI Energy Co Ltd    0.06                   Semiconductors   2025-01-24 0.16   2025-01-27 0.21     29.57
   ETNB                               89Bio Inc   10.58                    Biotechnology   2025-01-24 7.13    2025-01-27 9.0     26.23
   YHGJ                   Yunhong Green CTI Ltd    0.19                Consumer products    2025-01-24 0.6   2025-01-27 0.75     25.20
   LGTY     Logility Supply Chain Solutions Inc    4.76                       Technology  2025-01-24 11.32  2025-01-27 14.12     24.73
   TVGN                Tevogen Bio Holdings Inc    2.94                    Biotechnology   2025-01-24 1.35   2025-01-27 1.68     24.44
   LKCO                 Luokung Technology Corp    0.04                            Media   2025-01-24 1.69   2025-01-27 2.07     22.70
    EJH   E-Home Household Service Holdings Ltd    0.06    Diversified Consumer Services    2025-01-24 0.6   2025-01-27 0.74     22.55
   JDZG                               JIADE Ltd    0.21    Diversified Consumer Services   2025-01-24 0.72   2025-01-27 0.88     21.88

=== 市值超过20亿的涨幅榜前20名股票 ===

股票代码                公司名称               市值(亿)                板块                    昨天收盘           今天收盘      涨跌幅(%)
   ARDT             Ardent Health Partners Inc    21.70                       Health Care   2025-01-24 14.25    2025-01-27 15.2    6.67  
      T                               AT&T Inc  1732.11                 Telecommunication   2025-01-24 22.72   2025-01-27 24.14    6.25  
    HCA                     HCA Healthcare Inc   840.95                       Health Care  2025-01-24 313.07   2025-01-27 332.0    6.05  
    RKT                   Rocket Companies Inc   254.13                Financial Services   2025-01-24 12.02   2025-01-27 12.74    5.99  
    MTN                       Vail Resorts Inc    65.88     Hotels, Restaurants & Leisure   2025-01-24 166.7   2025-01-27 176.0    5.58  
    ZGN                   Ermenegildo Zegna NV    38.78  Textiles, Apparel & Luxury Goods    2025-01-24 9.03    2025-01-27 9.52    5.43  
    SMG                  Scotts Miracle-Gro Co    44.64                         Chemicals   2025-01-24 73.73    2025-01-27 77.7    5.38  
  BAIDF                              Baidu Inc   293.69                             Media    2025-01-24 11.4    2025-01-27 12.0    5.26  
   UFPT                   UFP Technologies Inc    21.67                       Health Care  2025-01-24 268.58  2025-01-27 282.42    5.15  
    ZIM   ZIM Integrated Shipping Services Ltd    21.34                            Marine   2025-01-24 16.87   2025-01-27 17.72    5.04  
    PII                            Polaris Inc    31.52                  Leisure Products   2025-01-24 53.83   2025-01-27 56.52    5.00  
   SMPL                   Simply Good Foods Co    39.74                     Food Products    2025-01-24 37.5   2025-01-27 39.33    4.88  
    KBH                                KB Home    51.37                 Consumer products   2025-01-24 66.85   2025-01-27 70.05    4.79  
     ED                Consolidated Edison Inc   328.75                         Utilities    2025-01-24 90.6   2025-01-27 94.89    4.74  
   PAGS                  PagSeguro Digital Ltd    23.11                Financial Services     2025-01-24 6.7    2025-01-27 7.01    4.63  
    MCY                   Mercury General Corp    28.60                         Insurance   2025-01-24 49.38   2025-01-27 51.65    4.60  
   SGRY                   Surgery Partners Inc    27.01                       Health Care   2025-01-24 20.32   2025-01-27 21.25    4.58  
   FTDR                          Frontdoor Inc    46.34     Diversified Consumer Services   2025-01-24 58.45   2025-01-27 61.11    4.55  
    AEP    American Electric Power Company Inc   546.57                         Utilities   2025-01-24 98.18  2025-01-27 102.63    4.53  
   ERIE                      Erie Indemnity Co   188.16                         Insurance  2025-01-24 386.98  2025-01-27 404.04    4.41  

=== 市值超过50亿的涨幅榜前20名股票 ===

股票代码                公司名称               市值(亿)              板块                   昨天收盘           今天收盘      涨跌幅(%)
      T                               AT&T Inc  1732.11              Telecommunication   2025-01-24 22.72   2025-01-27 24.14    6.25  
    HCA                     HCA Healthcare Inc   840.95                    Health Care  2025-01-24 313.07   2025-01-27 332.0    6.05  
    RKT                   Rocket Companies Inc   254.13             Financial Services   2025-01-24 12.02   2025-01-27 12.74    5.99  
    MTN                       Vail Resorts Inc    65.88  Hotels, Restaurants & Leisure   2025-01-24 166.7   2025-01-27 176.0    5.58  
  BAIDF                              Baidu Inc   293.69                          Media    2025-01-24 11.4    2025-01-27 12.0    5.26  
    KBH                                KB Home    51.37              Consumer products   2025-01-24 66.85   2025-01-27 70.05    4.79  
     ED                Consolidated Edison Inc   328.75                      Utilities    2025-01-24 90.6   2025-01-27 94.89    4.74  
    AEP    American Electric Power Company Inc   546.57                      Utilities   2025-01-24 98.18  2025-01-27 102.63    4.53  
   ERIE                      Erie Indemnity Co   188.16                      Insurance  2025-01-24 386.98  2025-01-27 404.04    4.41  
   HUBS                            HubSpot Inc   391.53                     Technology  2025-01-24 726.61  2025-01-27 758.43    4.38  
    CHE                            Chemed Corp    86.11                    Health Care  2025-01-24 550.97  2025-01-27 574.74    4.31  
    DUO               Fangdd Network Group Ltd   197.75                          Media    2025-01-24 0.58    2025-01-27 0.61    4.27  
     FE                       FirstEnergy Corp   235.66                      Utilities   2025-01-24 39.21   2025-01-27 40.88    4.26  
      D                    Dominion Energy Inc   468.14                      Utilities   2025-01-24 53.48   2025-01-27 55.73    4.21  
   BFAM   Bright Horizons Family Solutions Inc    69.83  Diversified Consumer Services  2025-01-24 115.19  2025-01-27 120.02    4.19  
   BRBR                    Bellring Brands Inc   102.11              Consumer products    2025-01-24 76.0   2025-01-27 79.17    4.17  
    JNJ                      Johnson & Johnson  3681.50                Pharmaceuticals  2025-01-24 146.82  2025-01-27 152.89    4.13  
    LEN                            Lennar Corp   371.96              Consumer products  2025-01-24 132.36  2025-01-27 137.82    4.13  
     CI                            Cigna Group   850.53                    Health Care  2025-01-24 293.64  2025-01-27 305.72    4.11  
   BLDR               Builders FirstSource Inc   199.68                       Building  2025-01-24 166.76  2025-01-27 173.51    4.05  

=== 市值超过100亿的涨幅榜前20名股票 ===

股票代码               公司名称               市值(亿)         板块             昨天收盘           今天收盘      涨跌幅(%)
      T                              AT&T Inc  1732.11   Telecommunication   2025-01-24 22.72   2025-01-27 24.14    6.25  
    HCA                    HCA Healthcare Inc   840.95         Health Care  2025-01-24 313.07   2025-01-27 332.0    6.05  
    RKT                  Rocket Companies Inc   254.13  Financial Services   2025-01-24 12.02   2025-01-27 12.74    5.99  
  BAIDF                             Baidu Inc   293.69               Media    2025-01-24 11.4    2025-01-27 12.0    5.26  
     ED               Consolidated Edison Inc   328.75           Utilities    2025-01-24 90.6   2025-01-27 94.89    4.74  
    AEP   American Electric Power Company Inc   546.57           Utilities   2025-01-24 98.18  2025-01-27 102.63    4.53  
   ERIE                     Erie Indemnity Co   188.16           Insurance  2025-01-24 386.98  2025-01-27 404.04    4.41  
   HUBS                           HubSpot Inc   391.53          Technology  2025-01-24 726.61  2025-01-27 758.43    4.38  
    DUO              Fangdd Network Group Ltd   197.75               Media    2025-01-24 0.58    2025-01-27 0.61    4.27  
     FE                      FirstEnergy Corp   235.66           Utilities   2025-01-24 39.21   2025-01-27 40.88    4.26  
      D                   Dominion Energy Inc   468.14           Utilities   2025-01-24 53.48   2025-01-27 55.73    4.21  
   BRBR                   Bellring Brands Inc   102.11   Consumer products    2025-01-24 76.0   2025-01-27 79.17    4.17  
    JNJ                     Johnson & Johnson  3681.50     Pharmaceuticals  2025-01-24 146.82  2025-01-27 152.89    4.13  
    LEN                           Lennar Corp   371.96   Consumer products  2025-01-24 132.36  2025-01-27 137.82    4.13  
     CI                           Cigna Group   850.53         Health Care  2025-01-24 293.64  2025-01-27 305.72    4.11  
   BLDR              Builders FirstSource Inc   199.68            Building  2025-01-24 166.76  2025-01-27 173.51    4.05  
   ACGL                Arch Capital Group Ltd   363.15           Insurance   2025-01-24 92.76   2025-01-27 96.52    4.05  
    CRM                        Salesforce Inc  3321.75          Technology  2025-01-24 333.88   2025-01-27 347.1    3.96  
   ABBV                            AbbVie Inc  3126.07       Biotechnology   2025-01-24 170.3   2025-01-27 176.9    3.88  
    ALL                         Allstate Corp   511.57           Insurance  2025-01-24 186.07  2025-01-27 193.19    3.83  

=== 市值超过200亿的涨幅榜前20名股票 ===

股票代码               公司名称               市值(亿)         板块             昨天收盘           今天收盘      涨跌幅(%)
      T                              AT&T Inc  1732.11   Telecommunication   2025-01-24 22.72   2025-01-27 24.14    6.25  
    HCA                    HCA Healthcare Inc   840.95         Health Care  2025-01-24 313.07   2025-01-27 332.0    6.05  
    RKT                  Rocket Companies Inc   254.13  Financial Services   2025-01-24 12.02   2025-01-27 12.74    5.99  
  BAIDF                             Baidu Inc   293.69               Media    2025-01-24 11.4    2025-01-27 12.0    5.26  
     ED               Consolidated Edison Inc   328.75           Utilities    2025-01-24 90.6   2025-01-27 94.89    4.74  
    AEP   American Electric Power Company Inc   546.57           Utilities   2025-01-24 98.18  2025-01-27 102.63    4.53  
   HUBS                           HubSpot Inc   391.53          Technology  2025-01-24 726.61  2025-01-27 758.43    4.38  
     FE                      FirstEnergy Corp   235.66           Utilities   2025-01-24 39.21   2025-01-27 40.88    4.26  
      D                   Dominion Energy Inc   468.14           Utilities   2025-01-24 53.48   2025-01-27 55.73    4.21  
    JNJ                     Johnson & Johnson  3681.50     Pharmaceuticals  2025-01-24 146.82  2025-01-27 152.89    4.13  
    LEN                           Lennar Corp   371.96   Consumer products  2025-01-24 132.36  2025-01-27 137.82    4.13  
     CI                           Cigna Group   850.53         Health Care  2025-01-24 293.64  2025-01-27 305.72    4.11  
   ACGL                Arch Capital Group Ltd   363.15           Insurance   2025-01-24 92.76   2025-01-27 96.52    4.05  
    CRM                        Salesforce Inc  3321.75          Technology  2025-01-24 333.88   2025-01-27 347.1    3.96  
   ABBV                            AbbVie Inc  3126.07       Biotechnology   2025-01-24 170.3   2025-01-27 176.9    3.88  
    ALL                         Allstate Corp   511.57           Insurance  2025-01-24 186.07  2025-01-27 193.19    3.83  
     CL                  Colgate-Palmolive Co   745.20   Consumer products   2025-01-24 87.88   2025-01-27 91.21    3.79  
    TRV               Travelers Companies Inc   569.84           Insurance  2025-01-24 241.86  2025-01-27 251.01    3.78  
    PEP                           PepsiCo Inc  2121.23           Beverages  2025-01-24 149.12  2025-01-27 154.61    3.68  
     CB                             Chubb Ltd  1114.53           Insurance   2025-01-24 266.7  2025-01-27 276.49    3.67  

=== 市值超过1000亿的涨幅榜前20名股票 ===

股票代码               公司名称               市值(亿)                 板块                    昨天收盘           今天收盘      涨跌幅(%)
      T                              AT&T Inc   1732.11                 Telecommunication   2025-01-24 22.72   2025-01-27 24.14    6.25  
    JNJ                     Johnson & Johnson   3681.50                   Pharmaceuticals  2025-01-24 146.82  2025-01-27 152.89    4.13  
    CRM                        Salesforce Inc   3321.75                        Technology  2025-01-24 333.88   2025-01-27 347.1    3.96  
   ABBV                            AbbVie Inc   3126.07                     Biotechnology   2025-01-24 170.3   2025-01-27 176.9    3.88  
    PEP                           PepsiCo Inc   2121.23                         Beverages  2025-01-24 149.12  2025-01-27 154.61    3.68  
     CB                             Chubb Ltd   1114.53                         Insurance   2025-01-24 266.7  2025-01-27 276.49    3.67  
    ABT                   Abbott Laboratories   2244.91                       Health Care  2025-01-24 125.03  2025-01-27 129.43    3.52  
    PGR                      Progressive Corp   1446.43                         Insurance  2025-01-24 238.82  2025-01-27 246.91    3.39  
     PG                   Procter & Gamble Co   3978.28                 Consumer products  2025-01-24 164.12  2025-01-27 169.66    3.38  
   AAPL                             Apple Inc  34566.06                        Technology  2025-01-24 222.78  2025-01-27 229.86    3.18  
     KO                          Coca-Cola Co   2752.25                         Beverages   2025-01-24 61.92   2025-01-27 63.87    3.15  
    ACN                         Accenture PLC   2334.32                        Technology  2025-01-24 362.41  2025-01-27 373.15    2.96  
    PFE                            Pfizer Inc   1522.15                   Pharmaceuticals   2025-01-24 26.09   2025-01-27 26.86    2.95  
    LLY                      Eli Lilly and Co   7672.08                   Pharmaceuticals  2025-01-24 785.41  2025-01-27 808.17    2.90  
  LVMHF   LVMH Moet Hennessy Louis Vuitton SE   3668.62  Textiles, Apparel & Luxury Goods   2025-01-24 772.0  2025-01-27 794.25    2.88  
     VZ            Verizon Communications Inc   1710.79                 Telecommunication   2025-01-24 39.54   2025-01-27 40.64    2.78  
   AMGN                             Amgen Inc   1520.95                     Biotechnology  2025-01-24 275.42  2025-01-27 282.95    2.73  
    NKE                              Nike Inc   1117.93  Textiles, Apparel & Luxury Goods   2025-01-24 73.57   2025-01-27 75.58    2.73  
   COST                 Costco Wholesale Corp   4284.73                            Retail  2025-01-24 939.68  2025-01-27 965.25    2.72  
    MCD                       McDonald's Corp   2100.34     Hotels, Restaurants & Leisure  2025-01-24 285.46  2025-01-27 293.09    2.67  
