
=== 涨幅榜前20名股票 ===
 股票代码               公司名称               市值(亿)               板块                     昨天收盘             今天收盘       涨跌幅(%)
 JLHL               Julong Holding Ltd  0.66                   Construction  2026-07-08 3.06 2026-07-09 12.79 317.97
 VRAX          Virax Biolabs Group Ltd  0.03                    Health Care  2026-07-08 3.18  2026-07-09 6.36 100.00
NOTVQ                       Inotiv Inc  0.01 Life Sciences Tools & Services  2026-07-08 0.01  2026-07-09 0.02  80.00
 FBRX            Forte Biosciences Inc  4.21                  Biotechnology 2026-07-08 20.58  2026-07-09 36.7  78.33
 CERO   CERo Therapeutics Holdings Inc  0.00                  Biotechnology  2026-07-08 0.01  2026-07-09 0.02  58.18
 TRAX First Tracks Biotherapeutics Inc  7.25                  Biotechnology 2026-07-08 20.77  2026-07-09 32.4  55.99
 ADTX                       Aditxt Inc  0.04                  Biotechnology   2026-07-08 0.0   2026-07-09 0.0  46.67
 RPGL         Republic Power Group Ltd  0.02                     Technology  2026-07-08 1.78  2026-07-09 2.37  33.15
 RYOJ                  rYojbaba Co Ltd  0.45                    Health Care  2026-07-08 2.95  2026-07-09 3.88  31.53
 SDOT                  Sadot Group Inc  0.20                  Food Products 2026-07-08 20.31 2026-07-09 26.71  31.51
 SRXH         Srx Health Solutions Inc  0.25                         Retail  2026-07-08 1.97  2026-07-09 2.53  28.43
 LASR                       nLIGHT Inc 33.10           Electrical Equipment 2026-07-08 58.68 2026-07-09 74.71  27.32
 PTPI       Petros Pharmaceuticals Inc  0.00                Pharmaceuticals   2026-07-08 0.0   2026-07-09 0.0  25.00
 EVGN                      Evogene Ltd  0.05                  Biotechnology  2026-07-08 0.41   2026-07-09 0.5  21.95
 RNAZ       Transcode Therapeutics Inc  0.07                  Biotechnology  2026-07-08 7.88   2026-07-09 9.6  21.84
 SUNE              Sunation Energy Inc  0.11           Electrical Equipment  2026-07-08 2.11  2026-07-09 2.56  21.33
 JBDI                JBDI Holdings Ltd  0.11                      Packaging  2026-07-08 1.13  2026-07-09 1.37  21.24
 ZSQR         Z Squared Inc (Delaware)  7.65                  Biotechnology  2026-07-08 7.04  2026-07-09 8.49  20.60
SGMOQ         Sangamo Therapeutics Inc  0.72                  Biotechnology  2026-07-08 0.07  2026-07-09 0.08  20.00
 CNTB   Connect Biopharma Holdings Ltd  1.40                  Biotechnology  2026-07-08 2.22  2026-07-09 2.66  19.82

=== 市值超过20亿的涨幅榜前20名股票 ===
股票代码              公司名称             市值(亿)                板块                     昨天收盘              今天收盘       涨跌幅(%)
LASR                    nLIGHT Inc  33.10           Electrical Equipment 2026-07-08 58.68  2026-07-09 74.71 27.32 
FRVO               Fervo Energy Co  69.45                      Utilities 2026-07-08 23.57  2026-07-09 27.35 16.04 
BBIO          BridgeBio Pharma Inc 153.56                  Biotechnology 2026-07-08 78.33  2026-07-09 90.17 15.12 
 TXG              10X Genomics Inc  47.57 Life Sciences Tools & Services 2026-07-08 37.47   2026-07-09 43.1 15.03 
BTDR    Bitdeer Technologies Group  30.56                     Technology 2026-07-08 12.56  2026-07-09 14.33 14.09 
MAAS                     Maase Inc  70.75                      Insurance 2026-07-08 14.03   2026-07-09 16.0 14.04 
CHRN     Ekso Bionics Holdings Inc  26.17                    Health Care 2026-07-08 18.02  2026-07-09 20.34 12.87 
AEHR             Aehr Test Systems  23.97                 Semiconductors 2026-07-08 67.89  2026-07-09 76.21 12.26 
ALGM      Allegro Microsystems Inc  95.88                 Semiconductors 2026-07-08 51.47  2026-07-09 57.38 11.49 
 MXL                 Maxlinear Inc  85.79                 Semiconductors 2026-07-08 86.05   2026-07-09 95.8 11.33 
BAND                 Bandwidth Inc  25.11              Telecommunication 2026-07-08 70.49  2026-07-09 78.44 11.28 
LITE         Lumentum Holdings Inc 550.12                 Communications 2026-07-08 707.1 2026-07-09 785.77 11.13 
OPEN     Opendoor Technologies Inc  46.21                    Real Estate  2026-07-08 4.79    2026-07-09 5.3 10.65 
QGEN                     Qiagen NV  78.31 Life Sciences Tools & Services  2026-07-08 38.0  2026-07-09 41.99 10.50 
ANDG            Andersen Group Inc  44.50          Professional Services  2026-07-08 39.4  2026-07-09 43.46 10.30 
KARD                  Kardigan Inc  40.54                Pharmaceuticals 2026-07-08 22.22  2026-07-09 24.45 10.04 
MARA             MARA Holdings Inc  45.83                     Technology 2026-07-08 12.02  2026-07-09 13.22  9.98 
 HPE Hewlett Packard Enterprise Co 591.52                     Technology 2026-07-08 44.67  2026-07-09 49.11  9.94 
OUST                    Ouster Inc  27.64           Electrical Equipment 2026-07-08 43.41  2026-07-09 47.53  9.49 
BFLY         Butterfly Network Inc  20.95                    Health Care  2026-07-08 7.34   2026-07-09 8.02  9.26 

=== 市值超过50亿的涨幅榜前20名股票 ===
股票代码                公司名称                 市值(亿)                板块                      昨天收盘               今天收盘        涨跌幅(%)
FRVO                    Fervo Energy Co   69.45                      Utilities   2026-07-08 23.57   2026-07-09 27.35 16.04 
BBIO               BridgeBio Pharma Inc  153.56                  Biotechnology   2026-07-08 78.33   2026-07-09 90.17 15.12 
MAAS                          Maase Inc   70.75                      Insurance   2026-07-08 14.03    2026-07-09 16.0 14.04 
ALGM           Allegro Microsystems Inc   95.88                 Semiconductors   2026-07-08 51.47   2026-07-09 57.38 11.49 
 MXL                      Maxlinear Inc   85.79                 Semiconductors   2026-07-08 86.05    2026-07-09 95.8 11.33 
LITE              Lumentum Holdings Inc  550.12                 Communications   2026-07-08 707.1  2026-07-09 785.77 11.13 
QGEN                          Qiagen NV   78.31 Life Sciences Tools & Services    2026-07-08 38.0   2026-07-09 41.99 10.50 
 HPE      Hewlett Packard Enterprise Co  591.52                     Technology   2026-07-08 44.67   2026-07-09 49.11  9.94 
CBRS               Cerebras Systems Inc  503.80                 Semiconductors  2026-07-08 181.72  2026-07-09 198.53  9.25 
ONTO                Onto Innovation Inc  144.98                 Semiconductors  2026-07-08 291.45  2026-07-09 317.02  8.77 
RIVN              Rivian Automotive Inc  209.99                    Automobiles   2026-07-08 16.66   2026-07-09 18.12  8.76 
ACMR                   ACM Research Inc   67.78                 Semiconductors   2026-07-08 98.07  2026-07-09 106.04  8.13 
AMKR               Amkor Technology Inc  178.86                 Semiconductors   2026-07-08 66.91   2026-07-09 72.16  7.85 
AVTR                        Avantor Inc   66.64 Life Sciences Tools & Services    2026-07-08 9.76   2026-07-09 10.51  7.68 
FDXF  FedEx Freight Holding Company Inc  213.38                    Road & Rail   2026-07-08 143.3  2026-07-09 154.25  7.64 
SNDK                       Sandisk Corp 2751.91                     Technology 2026-07-08 1727.18 2026-07-09 1858.27  7.59 
 TEM                      Tempus AI Inc  102.84 Life Sciences Tools & Services   2026-07-08 57.27    2026-07-09 61.5  7.39 
STRL        Sterling Infrastructure Inc  217.00                   Construction  2026-07-08 660.72  2026-07-09 707.17  7.03 
FORM                     FormFactor Inc   86.99                 Semiconductors  2026-07-08 111.59  2026-07-09 119.44  7.03 
NCLH Norwegian Cruise Line Holdings Ltd   84.80  Hotels, Restaurants & Leisure   2026-07-08 18.47   2026-07-09 19.76  6.98 

=== 市值超过100亿的涨幅榜前20名股票 ===
 股票代码                公司名称                市值(亿)                板块                      昨天收盘               今天收盘        涨跌幅(%)
 BBIO              BridgeBio Pharma Inc  153.56                  Biotechnology   2026-07-08 78.33   2026-07-09 90.17 15.12 
 LITE             Lumentum Holdings Inc  550.12                 Communications   2026-07-08 707.1  2026-07-09 785.77 11.13 
  HPE     Hewlett Packard Enterprise Co  591.52                     Technology   2026-07-08 44.67   2026-07-09 49.11  9.94 
 CBRS              Cerebras Systems Inc  503.80                 Semiconductors  2026-07-08 181.72  2026-07-09 198.53  9.25 
 ONTO               Onto Innovation Inc  144.98                 Semiconductors  2026-07-08 291.45  2026-07-09 317.02  8.77 
 RIVN             Rivian Automotive Inc  209.99                    Automobiles   2026-07-08 16.66   2026-07-09 18.12  8.76 
 AMKR              Amkor Technology Inc  178.86                 Semiconductors   2026-07-08 66.91   2026-07-09 72.16  7.85 
 FDXF FedEx Freight Holding Company Inc  213.38                    Road & Rail   2026-07-08 143.3  2026-07-09 154.25  7.64 
 SNDK                      Sandisk Corp 2751.91                     Technology 2026-07-08 1727.18 2026-07-09 1858.27  7.59 
  TEM                     Tempus AI Inc  102.84 Life Sciences Tools & Services   2026-07-08 57.27    2026-07-09 61.5  7.39 
 STRL       Sterling Infrastructure Inc  217.00                   Construction  2026-07-08 660.72  2026-07-09 707.17  7.03 
 SMTC                      Semtech Corp  128.08                 Semiconductors  2026-07-08 128.84   2026-07-09 137.5  6.72 
 ALAB                  Astera Labs, Inc  673.91                 Semiconductors  2026-07-08 393.16  2026-07-09 417.45  6.18 
 TEAM                    Atlassian Corp  216.90                     Technology   2026-07-08 85.47   2026-07-09 90.71  6.13 
 LRCX                 Lam Research Corp 4166.28                 Semiconductors  2026-07-08 333.15  2026-07-09 353.17  6.01 
 SITM                       SiTime Corp  161.58                 Semiconductors  2026-07-08 612.13  2026-07-09 648.15  5.88 
  IVZ                       Invesco Ltd  119.82             Financial Services   2026-07-08 27.03   2026-07-09 28.61  5.85 
  FIX           Comfort Systems USA Inc  627.10                   Construction 2026-07-08 1684.94 2026-07-09 1781.42  5.73 
  AMD        Advanced Micro Devices Inc 8436.81                 Semiconductors  2026-07-08 517.41  2026-07-09 546.72  5.66 
HKHHF               Heineken Holding NV  193.62                      Beverages   2026-07-08 73.85    2026-07-09 78.0  5.62 

=== 市值超过200亿的涨幅榜前20名股票 ===
股票代码                公司名称                市值(亿)           板块                昨天收盘               今天收盘        涨跌幅(%)
LITE             Lumentum Holdings Inc  550.12      Communications   2026-07-08 707.1  2026-07-09 785.77 11.13 
 HPE     Hewlett Packard Enterprise Co  591.52          Technology   2026-07-08 44.67   2026-07-09 49.11  9.94 
CBRS              Cerebras Systems Inc  503.80      Semiconductors  2026-07-08 181.72  2026-07-09 198.53  9.25 
RIVN             Rivian Automotive Inc  209.99         Automobiles   2026-07-08 16.66   2026-07-09 18.12  8.76 
FDXF FedEx Freight Holding Company Inc  213.38         Road & Rail   2026-07-08 143.3  2026-07-09 154.25  7.64 
SNDK                      Sandisk Corp 2751.91          Technology 2026-07-08 1727.18 2026-07-09 1858.27  7.59 
STRL       Sterling Infrastructure Inc  217.00        Construction  2026-07-08 660.72  2026-07-09 707.17  7.03 
ALAB                  Astera Labs, Inc  673.91      Semiconductors  2026-07-08 393.16  2026-07-09 417.45  6.18 
TEAM                    Atlassian Corp  216.90          Technology   2026-07-08 85.47   2026-07-09 90.71  6.13 
LRCX                 Lam Research Corp 4166.28      Semiconductors  2026-07-08 333.15  2026-07-09 353.17  6.01 
 FIX           Comfort Systems USA Inc  627.10        Construction 2026-07-08 1684.94 2026-07-09 1781.42  5.73 
 AMD        Advanced Micro Devices Inc 8436.81      Semiconductors  2026-07-08 517.41  2026-07-09 546.72  5.66 
MKSI                  MKS Incorporated  235.99      Semiconductors  2026-07-08 349.39  2026-07-09 368.78  5.55 
FTAI                 FTAI Aviation Ltd  221.68 Aerospace & Defense   2026-07-08 216.1  2026-07-09 228.02  5.52 
TECK                Teck Resources Ltd  274.92     Metals & Mining   2026-07-08 56.13   2026-07-09 59.23  5.52 
ENTG                      Entegris Inc  222.80      Semiconductors  2026-07-08 138.72   2026-07-09 146.1  5.32 
 FCX              Freeport-McMoRan Inc  826.60     Metals & Mining    2026-07-08 57.5   2026-07-09 60.53  5.27 
  GH               Guardant Health Inc  207.08         Health Care  2026-07-08 156.17  2026-07-09 164.08  5.06 
SOFI             SoFi Technologies Inc  238.85  Financial Services   2026-07-08 17.73   2026-07-09 18.62  5.02 
MRVL            Marvell Technology Inc 2128.13      Semiconductors  2026-07-08 231.71  2026-07-09 243.27  4.99 

=== 市值超过1000亿的涨跌榜前20名股票 ===
股票代码               公司名称               市值(亿)           板块                昨天收盘               今天收盘        涨跌幅(%)
SNDK                    Sandisk Corp  2751.91         Technology 2026-07-08 1727.18 2026-07-09 1858.27  7.59 
LRCX               Lam Research Corp  4166.28     Semiconductors  2026-07-08 333.15  2026-07-09 353.17  6.01 
 AMD      Advanced Micro Devices Inc  8436.81     Semiconductors  2026-07-08 517.41  2026-07-09 546.72  5.66 
MRVL          Marvell Technology Inc  2128.13     Semiconductors  2026-07-08 231.71  2026-07-09 243.27  4.99 
META              Meta Platforms Inc 15309.74              Media  2026-07-08 603.12  2026-07-09 631.48  4.70 
  MU           Micron Technology Inc 10715.68     Semiconductors   2026-07-08 948.8  2026-07-09 991.64  4.52 
FTNT                    Fortinet Inc  1148.13         Technology  2026-07-08 156.71  2026-07-09 163.73  4.48 
SCCO            Southern Copper Corp  1455.32    Metals & Mining  2026-07-08 167.21  2026-07-09 174.43  4.32 
 COF      Capital One Financial Corp  1232.65 Financial Services  2026-07-08 191.95   2026-07-09 200.1  4.25 
DELL           Dell Technologies Inc  2800.38         Technology  2026-07-08 431.97  2026-07-09 450.22  4.22 
CSCO               Cisco Systems Inc  4486.14     Communications  2026-07-08 113.82  2026-07-09 118.31  3.94 
KLAC                        KLA Corp  2889.22     Semiconductors  2026-07-08 221.18  2026-07-09 229.52  3.77 
 STX Seagate Technology Holdings PLC  1928.41         Technology  2026-07-08 860.02  2026-07-09 890.09  3.50 
SHOP                     Shopify Inc  1598.32         Technology  2026-07-08 119.22  2026-07-09 123.17  3.31 
AVGO                    Broadcom Inc 19083.13     Semiconductors  2026-07-08 388.69  2026-07-09 401.11  3.20 
AMAT           Applied Materials Inc  4529.54     Semiconductors   2026-07-08 570.5  2026-07-09 588.66  3.18 
CDNS      Cadence Design Systems Inc  1031.72         Technology  2026-07-08 374.06  2026-07-09 385.95  3.18 
TSLA                       Tesla Inc 14799.80        Automobiles  2026-07-08 394.06  2026-07-09 406.55  3.17 
 AXP             American Express Co  2365.76 Financial Services  2026-07-08 336.39  2026-07-09 346.72  3.07 
  BX                  Blackstone Inc  1492.08 Financial Services  2026-07-08 118.62  2026-07-09 122.15  2.98 
