
=== 涨幅榜前20名股票 ===
 股票代码               公司名称               市值(亿)                板块                      昨天收盘             今天收盘       涨跌幅(%)
 ICCM              Icecure Medical Ltd  0.06                      Health Care  2026-06-16 2.13   2026-06-17 6.4 200.47
 EHGO                     Eshallgo Inc  0.03   Commercial Services & Supplies  2026-06-16 1.32  2026-06-17 2.89 118.94
 SNBR                Sleep Number Corp  0.04                           Retail  2026-06-16 0.18  2026-06-17 0.39 116.67
 SDOT                  Sadot Group Inc  0.06                    Food Products  2026-06-16 8.67 2026-06-17 17.18  98.15
 YMAT            J-Star Holding Co Ltd  0.27                 Leisure Products  2026-06-16 0.39  2026-06-17 0.75  94.30
 QURE                       Uniqure NV 30.11                    Biotechnology 2026-06-16 26.99 2026-06-17 48.16  78.44
 FTHM              Fathom Holdings Inc  0.21                      Real Estate  2026-06-16 0.63  2026-06-17 1.11  75.36
 ELTX          Elicio Therapeutics Inc  0.53                    Biotechnology  2026-06-16 2.76  2026-06-17 4.71  70.65
 ALOT                    AstroNova Inc  2.20                       Technology 2026-06-16 16.69 2026-06-17 28.35  69.86
 AREB      American Rebel Holdings Inc  0.02   Commercial Services & Supplies  2026-06-16 0.13  2026-06-17 0.22  69.38
 GPUS              Hyperscale Data Inc  1.20         Industrial Conglomerates  2026-06-16 0.26   2026-06-17 0.4  53.04
CBIPF  Crypto Blockchain Industries SA  0.37                       Technology  2026-06-16 0.11  2026-06-17 0.16  49.60
 LNAI               Lunai Bioworks Inc  0.18                    Biotechnology  2026-06-16 2.85   2026-06-17 4.0  40.60
 JLHL               Julong Holding Ltd  5.14                     Construction 2026-06-16 23.95  2026-06-17 33.4  39.46
 BIRD                     Allbirds Inc  0.35 Textiles, Apparel & Luxury Goods  2026-06-16 3.94  2026-06-17 5.48  39.09
 CAST                     Freecast Inc  2.13                            Media  2026-06-16 3.75  2026-06-17 5.15  37.33
 TANH             Tantech Holdings Ltd  0.08                        Chemicals  2026-06-16 0.43  2026-06-17 0.58  34.26
 GDHG Golden Heaven Group Holdings Ltd  0.32    Hotels, Restaurants & Leisure   2026-06-16 1.6  2026-06-17 2.08  30.00
 VMAR   Vision Marine Technologies Inc  0.01                 Leisure Products   2026-06-16 2.7   2026-06-17 3.5  29.68
 EZGO            EZGO Technologies Ltd  0.03                      Automobiles  2026-06-16 1.28  2026-06-17 1.65  28.91

=== 市值超过20亿的涨幅榜前20名股票 ===
股票代码                公司名称                市值(亿)                板块                     昨天收盘              今天收盘        涨跌幅(%)
QURE                        Uniqure NV   30.11                 Biotechnology  2026-06-16 26.99   2026-06-17 48.16 78.44 
MAAS                         Maase Inc   70.22                     Insurance  2026-06-16 15.88   2026-06-17 17.94 12.97 
BHVN                      Biohaven Ltd   20.51                 Biotechnology  2026-06-16 12.09   2026-06-17 13.62 12.66 
EOSE        Eos Energy Enterprises Inc   23.12          Electrical Equipment   2026-06-16 6.81     2026-06-17 7.6 11.60 
MRNA                       Moderna Inc  219.82                 Biotechnology   2026-06-16 55.4    2026-06-17 61.8 11.55 
NAVN                         Navan Inc   48.40 Hotels, Restaurants & Leisure  2026-06-16 19.03   2026-06-17 20.99 10.30 
FRMI                         Fermi Inc   55.21                   Real Estate   2026-06-16 7.88    2026-06-17 8.66  9.90 
HOOD             Robinhood Markets Inc  948.17            Financial Services  2026-06-16 96.71   2026-06-17 105.2  8.78 
 KOD               Kodiak Sciences Inc   20.61                 Biotechnology  2026-06-16 32.94   2026-06-17 35.71  8.41 
USAR                USA Rare Earth Inc   49.68               Metals & Mining  2026-06-16 21.74   2026-06-17 23.55  8.33 
RARE     Ultragenyx Pharmaceutical Inc   24.47                 Biotechnology  2026-06-16 24.85   2026-06-17 26.91  8.29 
OCUL            Ocular Therapeutix Inc   21.11               Pharmaceuticals   2026-06-16 8.94    2026-06-17 9.64  7.83 
CHRN         Ekso Bionics Holdings Inc   29.49                   Health Care  2026-06-16 19.13   2026-06-17 20.61  7.74 
FRVO                   Fervo Energy Co  107.30                     Utilities  2026-06-16 33.91   2026-06-17 36.49  7.61 
AEHR                 Aehr Test Systems   32.97                Semiconductors 2026-06-16 104.83  2026-06-17 112.62  7.43 
PTCT              PTC Therapeutics Inc   60.78                 Biotechnology  2026-06-16 73.27   2026-06-17 78.53  7.18 
DNLI           Denali Therapeutics Inc   34.81                 Biotechnology  2026-06-16 21.93   2026-06-17 23.49  7.11 
RYTM        Rhythm Pharmaceuticals Inc   61.54                 Biotechnology  2026-06-16 89.72   2026-06-17 95.83  6.81 
 GEV                    GE Vernova Inc 2818.50          Electrical Equipment 2026-06-16 982.35 2026-06-17 1048.86  6.77 
 SEI Solaris Energy Infrastructure Inc   59.77                        Energy  2026-06-16 76.15   2026-06-17 81.28  6.74 

=== 市值超过50亿的涨幅榜前20名股票 ===
 股票代码                公司名称                市值(亿)                 板块                       昨天收盘               今天收盘        涨跌幅(%)
 MAAS                         Maase Inc   70.22                        Insurance   2026-06-16 15.88   2026-06-17 17.94 12.97 
 MRNA                       Moderna Inc  219.82                    Biotechnology    2026-06-16 55.4    2026-06-17 61.8 11.55 
 FRMI                         Fermi Inc   55.21                      Real Estate    2026-06-16 7.88    2026-06-17 8.66  9.90 
 HOOD             Robinhood Markets Inc  948.17               Financial Services   2026-06-16 96.71   2026-06-17 105.2  8.78 
 FRVO                   Fervo Energy Co  107.30                        Utilities   2026-06-16 33.91   2026-06-17 36.49  7.61 
 PTCT              PTC Therapeutics Inc   60.78                    Biotechnology   2026-06-16 73.27   2026-06-17 78.53  7.18 
 RYTM        Rhythm Pharmaceuticals Inc   61.54                    Biotechnology   2026-06-16 89.72   2026-06-17 95.83  6.81 
  GEV                    GE Vernova Inc 2818.50             Electrical Equipment  2026-06-16 982.35 2026-06-17 1048.86  6.77 
  SEI Solaris Energy Infrastructure Inc   59.77                           Energy   2026-06-16 76.15   2026-06-17 81.28  6.74 
ASMLF                   ASML Holding NV 6196.56                   Semiconductors 2026-06-16 1803.31 2026-06-17 1924.47  6.72 
   MP                 MP Materials Corp  101.56                  Metals & Mining   2026-06-16 57.05   2026-06-17 60.84  6.64 
  BAP                     Credicorp Ltd  307.75                          Banking  2026-06-16 364.28  2026-06-17 386.94  6.22 
  VRT                Vertiv Holdings Co 1212.67             Electrical Equipment   2026-06-16 299.6  2026-06-17 317.58  6.00 
 NBIS                   Nebius Group NV  667.13                       Technology   2026-06-16 265.1  2026-06-17 280.91  5.96 
 KRYS               Krystal Biotech Inc   95.33                    Biotechnology  2026-06-16 323.37  2026-06-17 341.66  5.66 
 ACMR                  ACM Research Inc   63.01                   Semiconductors   2026-06-16 91.18   2026-06-17 96.19  5.49 
 PRAX    Praxis Precision Medicines Inc   75.28                    Biotechnology  2026-06-16 257.25  2026-06-17 270.01  4.96 
 SYRE            Spyre Therapeutics Inc   72.43                    Biotechnology   2026-06-16 83.41   2026-06-17 87.49  4.89 
 EQPT            Equipmentshare.Com Inc   59.06 Trading Companies & Distributors   2026-06-16 22.34   2026-06-17 23.36  4.57 
 VSEC                          VSE Corp   55.87              Aerospace & Defense  2026-06-16 199.12  2026-06-17 208.17  4.54 

=== 市值超过100亿的涨幅榜前20名股票 ===
 股票代码                公司名称                 市值(亿)            板块                 昨天收盘               今天收盘        涨跌幅(%)
 MRNA                        Moderna Inc   219.82        Biotechnology    2026-06-16 55.4    2026-06-17 61.8 11.55 
 HOOD              Robinhood Markets Inc   948.17   Financial Services   2026-06-16 96.71   2026-06-17 105.2  8.78 
 FRVO                    Fervo Energy Co   107.30            Utilities   2026-06-16 33.91   2026-06-17 36.49  7.61 
  GEV                     GE Vernova Inc  2818.50 Electrical Equipment  2026-06-16 982.35 2026-06-17 1048.86  6.77 
ASMLF                    ASML Holding NV  6196.56       Semiconductors 2026-06-16 1803.31 2026-06-17 1924.47  6.72 
   MP                  MP Materials Corp   101.56      Metals & Mining   2026-06-16 57.05   2026-06-17 60.84  6.64 
  BAP                      Credicorp Ltd   307.75              Banking  2026-06-16 364.28  2026-06-17 386.94  6.22 
  VRT                 Vertiv Holdings Co  1212.67 Electrical Equipment   2026-06-16 299.6  2026-06-17 317.58  6.00 
 NBIS                    Nebius Group NV   667.13           Technology   2026-06-16 265.1  2026-06-17 280.91  5.96 
 CPNG                        Coupang Inc   323.65               Retail   2026-06-16 18.03   2026-06-17 18.83  4.44 
 AMAT              Applied Materials Inc  4707.54       Semiconductors  2026-06-16 568.23  2026-06-17 592.92  4.35 
LRLCF                         L'Oreal SA  2048.98    Consumer products  2026-06-16 438.04   2026-06-17 457.0  4.33 
DUAVF               Dassault Aviation SA   231.59  Aerospace & Defense  2026-06-16 335.52   2026-06-17 350.0  4.32 
 AVGO                       Broadcom Inc 17922.28       Semiconductors  2026-06-16 376.71   2026-06-17 392.9  4.30 
  FPS       Forgent Power Solutions, Inc   180.74 Electrical Equipment   2026-06-16 59.37   2026-06-17 61.92  4.30 
 CRDO Credo Technology Group Holding Ltd   464.95       Semiconductors  2026-06-16 239.18  2026-06-17 249.33  4.24 
  AGX                          Argan Inc   100.87         Construction  2026-06-16 690.39  2026-06-17 719.52  4.22 
 MRVL             Marvell Technology Inc  2532.90       Semiconductors  2026-06-16 278.67  2026-06-17 289.54  3.90 
 ASTS                AST SpaceMobile Inc   331.57    Telecommunication   2026-06-16 82.25   2026-06-17 85.43  3.87 
 ENTG                       Entegris Inc   239.94       Semiconductors  2026-06-16 151.61  2026-06-17 157.34  3.78 

=== 市值超过200亿的涨幅榜前20名股票 ===
 股票代码                公司名称                 市值(亿)            板块                 昨天收盘               今天收盘        涨跌幅(%)
 MRNA                        Moderna Inc   219.82        Biotechnology    2026-06-16 55.4    2026-06-17 61.8 11.55 
 HOOD              Robinhood Markets Inc   948.17   Financial Services   2026-06-16 96.71   2026-06-17 105.2  8.78 
  GEV                     GE Vernova Inc  2818.50 Electrical Equipment  2026-06-16 982.35 2026-06-17 1048.86  6.77 
ASMLF                    ASML Holding NV  6196.56       Semiconductors 2026-06-16 1803.31 2026-06-17 1924.47  6.72 
  BAP                      Credicorp Ltd   307.75              Banking  2026-06-16 364.28  2026-06-17 386.94  6.22 
  VRT                 Vertiv Holdings Co  1212.67 Electrical Equipment   2026-06-16 299.6  2026-06-17 317.58  6.00 
 NBIS                    Nebius Group NV   667.13           Technology   2026-06-16 265.1  2026-06-17 280.91  5.96 
 CPNG                        Coupang Inc   323.65               Retail   2026-06-16 18.03   2026-06-17 18.83  4.44 
 AMAT              Applied Materials Inc  4707.54       Semiconductors  2026-06-16 568.23  2026-06-17 592.92  4.35 
LRLCF                         L'Oreal SA  2048.98    Consumer products  2026-06-16 438.04   2026-06-17 457.0  4.33 
DUAVF               Dassault Aviation SA   231.59  Aerospace & Defense  2026-06-16 335.52   2026-06-17 350.0  4.32 
 AVGO                       Broadcom Inc 17922.28       Semiconductors  2026-06-16 376.71   2026-06-17 392.9  4.30 
 CRDO Credo Technology Group Holding Ltd   464.95       Semiconductors  2026-06-16 239.18  2026-06-17 249.33  4.24 
 MRVL             Marvell Technology Inc  2532.90       Semiconductors  2026-06-16 278.67  2026-06-17 289.54  3.90 
 ASTS                AST SpaceMobile Inc   331.57    Telecommunication   2026-06-16 82.25   2026-06-17 85.43  3.87 
 ENTG                       Entegris Inc   239.94       Semiconductors  2026-06-16 151.61  2026-06-17 157.34  3.78 
 DELL              Dell Technologies Inc  2717.65           Technology  2026-06-16 404.08  2026-06-17 419.32  3.77 
 ALAB                   Astera Labs, Inc   620.00       Semiconductors  2026-06-16 361.71  2026-06-17 374.68  3.59 
 INTC                         Intel Corp  5882.93       Semiconductors  2026-06-16 117.05   2026-06-17 121.1  3.46 
  STX    Seagate Technology Holdings PLC  2390.44           Technology 2026-06-16 1031.34 2026-06-17 1066.07  3.37 

=== 市值超过1000亿的涨跌榜前20名股票 ===
 股票代码               公司名称               市值(亿)            板块                 昨天收盘               今天收盘        涨跌幅(%)
  GEV                  GE Vernova Inc  2818.50 Electrical Equipment  2026-06-16 982.35 2026-06-17 1048.86  6.77 
ASMLF                 ASML Holding NV  6196.56       Semiconductors 2026-06-16 1803.31 2026-06-17 1924.47  6.72 
  VRT              Vertiv Holdings Co  1212.67 Electrical Equipment   2026-06-16 299.6  2026-06-17 317.58  6.00 
 AMAT           Applied Materials Inc  4707.54       Semiconductors  2026-06-16 568.23  2026-06-17 592.92  4.35 
LRLCF                      L'Oreal SA  2048.98    Consumer products  2026-06-16 438.04   2026-06-17 457.0  4.33 
 AVGO                    Broadcom Inc 17922.28       Semiconductors  2026-06-16 376.71   2026-06-17 392.9  4.30 
 MRVL          Marvell Technology Inc  2532.90       Semiconductors  2026-06-16 278.67  2026-06-17 289.54  3.90 
 DELL           Dell Technologies Inc  2717.65           Technology  2026-06-16 404.08  2026-06-17 419.32  3.77 
 INTC                      Intel Corp  5882.93       Semiconductors  2026-06-16 117.05   2026-06-17 121.1  3.46 
  STX Seagate Technology Holdings PLC  2390.44           Technology 2026-06-16 1031.34 2026-06-17 1066.07  3.37 
  RTX                        RTX Corp  2593.44  Aerospace & Defense  2026-06-16 186.77  2026-06-17 192.58  3.11 
SBGSF           Schneider Electric SE  1521.56 Electrical Equipment  2026-06-16 316.64   2026-06-17 326.0  2.96 
   MU           Micron Technology Inc 11764.41       Semiconductors 2026-06-16 1020.76 2026-06-17 1043.19  2.20 
 IBKR   Interactive Brokers Group Inc  1579.18   Financial Services    2026-06-16 93.1   2026-06-17 95.09  2.14 
   MS                  Morgan Stanley  3483.12   Financial Services  2026-06-16 220.83  2026-06-17 224.96  1.87 
BNPQF                  BNP Paribas SA  1104.21              Banking  2026-06-16 121.28  2026-06-17 123.25  1.62 
   GE             General Electric Co  3669.73  Aerospace & Defense  2026-06-16 351.73  2026-06-17 357.03  1.51 
  APH                   Amphenol Corp  1953.74 Electrical Equipment  2026-06-16 158.81  2026-06-17 161.11  1.45 
 LRCX               Lam Research Corp  4618.86       Semiconductors  2026-06-16 369.34  2026-06-17 374.18  1.31 
 VRTX      Vertex Pharmaceuticals Inc  1135.88        Biotechnology  2026-06-16 453.17  2026-06-17 458.99  1.28 
