
=== 涨幅榜前20名股票 ===

   股票代码                      公司名称  市值(亿)                      板块                          昨天收盘                          今天收盘  涨跌幅(%)
9      EYEN                  Eyenovia Inc      0.06           Pharmaceuticals    2025-01-23 0.05400000140070915    2025-01-24 0.05700000002980232       5.56
3        MX  MagnaChip Semiconductor Corp      1.54            Semiconductors      2025-01-23 4.090000152587891      2025-01-24 4.130000114440918       0.98
4        EG             Everest Group Ltd    156.93                 Insurance                 2025-01-23 363.25      2025-01-24 365.1400146484375       0.52
0      ITPC         Intrepid Capital Corp      0.01        Financial Services                   2025-01-23 85.0                   2025-01-24 85.0       0.00
1     UHOIF                     Ushio Inc   2121.91      Electrical Equipment     2025-01-23 12.479999542236328     2025-01-24 12.479999542236328       0.00
2     NLTBF                     Nolato AB    149.37  Industrial Conglomerates      2025-01-23 5.270599842071533      2025-01-24 5.270599842071533       0.00
6     JDHIF   JD Health International Inc    954.77                    Retail                  2025-01-23 3.125                  2025-01-24 3.125       0.00
10    SEHKF             Seahawk Gold Corp      0.08                       N/A    2025-01-23 0.17900000512599945    2025-01-24 0.17900000512599945       0.00
11     STDE          Standard Energy Corp      0.00                    Energy  2025-01-23 9.999999747378752e-05  2025-01-24 9.999999747378752e-05       0.00
12    APMSF                     Aperam SA     18.15           Metals & Mining      2025-01-23 26.34000015258789      2025-01-24 26.34000015258789       0.00
13    SIOLF  Sino-Ocean Group Holding Ltd     17.47               Real Estate    2025-01-23 0.04769999906420708    2025-01-24 0.04769999906420708       0.00
5      VECO         Veeco Instruments Inc     14.71            Semiconductors     2025-01-23 26.290000915527344      2025-01-24 25.90999984741211      -1.45
8      PASG               Passage Bio Inc      0.37             Biotechnology     2025-01-23 0.6169999837875366     2025-01-24 0.6060000061988831      -1.78
7      TCBC             TC Bancshares Inc      0.72                   Banking     2025-01-23 17.489999771118164                   2025-01-24 17.0      -2.80

=== 市值超过20亿的涨幅榜前20名股票 ===

  股票代码                     公司名称  市值(亿)                      板块                       昨天收盘                       今天收盘  涨跌幅(%)
4       EG            Everest Group Ltd    156.93                 Insurance              2025-01-23 363.25   2025-01-24 365.1400146484375       0.52
1    UHOIF                    Ushio Inc   2121.91      Electrical Equipment  2025-01-23 12.479999542236328  2025-01-24 12.479999542236328       0.00
2    NLTBF                    Nolato AB    149.37  Industrial Conglomerates   2025-01-23 5.270599842071533   2025-01-24 5.270599842071533       0.00
6    JDHIF  JD Health International Inc    954.77                    Retail               2025-01-23 3.125               2025-01-24 3.125       0.00

=== 市值超过50亿的涨幅榜前20名股票 ===

  股票代码                     公司名称  市值(亿)                      板块                       昨天收盘                       今天收盘  涨跌幅(%)
4       EG            Everest Group Ltd    156.93                 Insurance              2025-01-23 363.25   2025-01-24 365.1400146484375       0.52
1    UHOIF                    Ushio Inc   2121.91      Electrical Equipment  2025-01-23 12.479999542236328  2025-01-24 12.479999542236328       0.00
2    NLTBF                    Nolato AB    149.37  Industrial Conglomerates   2025-01-23 5.270599842071533   2025-01-24 5.270599842071533       0.00
6    JDHIF  JD Health International Inc    954.77                    Retail               2025-01-23 3.125               2025-01-24 3.125       0.00

=== 市值超过100亿的涨幅榜前20名股票 ===

  股票代码                     公司名称  市值(亿)                      板块                       昨天收盘                       今天收盘  涨跌幅(%)
4       EG            Everest Group Ltd    156.93                 Insurance              2025-01-23 363.25   2025-01-24 365.1400146484375       0.52
1    UHOIF                    Ushio Inc   2121.91      Electrical Equipment  2025-01-23 12.479999542236328  2025-01-24 12.479999542236328       0.00
2    NLTBF                    Nolato AB    149.37  Industrial Conglomerates   2025-01-23 5.270599842071533   2025-01-24 5.270599842071533       0.00
6    JDHIF  JD Health International Inc    954.77                    Retail               2025-01-23 3.125               2025-01-24 3.125       0.00

=== 市值超过200亿的涨幅榜前20名股票 ===

  股票代码                     公司名称  市值(亿)                  板块                       昨天收盘                       今天收盘  涨跌幅(%)
1    UHOIF                    Ushio Inc   2121.91  Electrical Equipment  2025-01-23 12.479999542236328  2025-01-24 12.479999542236328        0.0
6    JDHIF  JD Health International Inc    954.77                Retail               2025-01-23 3.125               2025-01-24 3.125        0.0

=== 市值超过1000亿的涨幅榜前20名股票 ===

  股票代码   公司名称  市值(亿)                  板块                       昨天收盘                       今天收盘  涨跌幅(%)
1    UHOIF  Ushio Inc   2121.91  Electrical Equipment  2025-01-23 12.479999542236328  2025-01-24 12.479999542236328        0.0
