
=== 涨幅榜前20名股票 ===
 股票代码               公司名称                市值(亿)            板块                 昨天收盘              今天收盘       涨跌幅(%)
KELYB               Kelly Services Inc    3.82 Professional Services  2026-02-04 10.81  2026-02-05 37.96 251.16
 TRUG             Trugolf Holdings Inc    0.03                 Media   2026-02-04 0.58   2026-02-05 0.75  29.26
 CISS                         C3is Inc    0.00                Marine   2026-02-04 1.52   2026-02-05 1.96  28.95
 GDTC         CytoMed Therapeutics Ltd    0.13         Biotechnology   2026-02-04 0.85   2026-02-05 1.08  27.06
 ESLA        Estrella Immunopharma Inc    0.44         Biotechnology   2026-02-04 1.04   2026-02-05 1.32  26.92
 PAHC        Phibro Animal Health Corp   16.62       Pharmaceuticals   2026-02-04 41.0   2026-02-05 50.0  21.95
 LHAI            Linkhome Holdings Inc    0.18           Real Estate   2026-02-04 1.12   2026-02-05 1.34  19.64
 KLIC Kulicke and Soffa Industries Inc   29.13        Semiconductors  2026-02-04 55.67   2026-02-05 66.4  19.27
 IOBT                   IO Biotech Inc    0.20         Biotechnology   2026-02-04 0.27   2026-02-05 0.32  18.19
 SITM                      SiTime Corp   90.82        Semiconductors 2026-02-04 347.96 2026-02-05 410.29  17.91
 FORM                   FormFactor Inc   55.48        Semiconductors  2026-02-04 71.57  2026-02-05 83.87  17.19
  MCK                    McKesson Corp 1182.18           Health Care  2026-02-04 822.0  2026-02-05 957.8  16.52
 RNAZ       Transcode Therapeutics Inc    0.08         Biotechnology   2026-02-04 8.58   2026-02-05 9.97  16.20
  AIM               AIM ImmunoTech Inc    0.03         Biotechnology   2026-02-04 1.06   2026-02-05 1.23  16.04
  DHX                    DHI Group Inc    0.78                 Media   2026-02-04 1.66   2026-02-05 1.92  15.66
 OPTX       Syntec Optics Holdings Inc    2.79  Electrical Equipment   2026-02-04 7.56   2026-02-05 8.69  14.95
 MGLD           Marygold Companies Inc    0.45    Financial Services   2026-02-04 1.05    2026-02-05 1.2  14.29
 ENSG                 Ensign Group Inc  114.20           Health Care 2026-02-04 173.18 2026-02-05 197.16  13.85
 BCDA                    BioCardia Inc    0.12         Biotechnology   2026-02-04 1.09   2026-02-05 1.24  13.76
  ULY                    Urgent.ly Inc    0.04            Technology   2026-02-04 1.97   2026-02-05 2.24  13.71

=== 市值超过20亿的涨幅榜前20名股票 ===
 股票代码               公司名称                市值(亿)                 板块                       昨天收盘              今天收盘       涨跌幅(%)
 KLIC Kulicke and Soffa Industries Inc   29.13                   Semiconductors  2026-02-04 55.67   2026-02-05 66.4 19.27 
 SITM                      SiTime Corp   90.82                   Semiconductors 2026-02-04 347.96 2026-02-05 410.29 17.91 
 FORM                   FormFactor Inc   55.48                   Semiconductors  2026-02-04 71.57  2026-02-05 83.87 17.19 
  MCK                    McKesson Corp 1182.18                      Health Care  2026-02-04 822.0  2026-02-05 957.8 16.52 
 ENSG                 Ensign Group Inc  114.20                      Health Care 2026-02-04 173.18 2026-02-05 197.16 13.85 
  RRX               Regal Rexnord Corp  118.37             Electrical Equipment  2026-02-04 178.3  2026-02-05 200.0 12.17 
  KGS          Kodiak Gas Services Inc   36.33                           Energy   2026-02-04 42.4  2026-02-05 47.31 11.58 
 CPAY                       Corpay Inc  234.36               Financial Services 2026-02-04 300.28  2026-02-05 335.0 11.56 
 ROAD        Construction Partners Inc   72.12                     Construction 2026-02-04 114.77 2026-02-05 127.65 11.22 
LBTYB               Liberty Global Ltd   38.17                Telecommunication  2026-02-04 10.84  2026-02-05 12.03 10.98 
  TPR                     Tapestry Inc  265.88 Textiles, Apparel & Luxury Goods 2026-02-04 129.92 2026-02-05 143.19 10.21 
 IDCC                 InterDigital Inc   80.80                       Technology 2026-02-04 313.87 2026-02-05 345.05  9.93 
  CAH              Cardinal Health Inc  539.77                      Health Care 2026-02-04 206.85 2026-02-05 227.18  9.83 
  ITT                          ITT Inc  159.30                        Machinery 2026-02-04 185.15 2026-02-05 202.05  9.13 
  HSY                       Hershey Co  455.01                    Food Products 2026-02-04 205.79 2026-02-05 224.38  9.03 
 SIRI           Sirius XM Holdings Inc   69.77                            Media  2026-02-04 20.73   2026-02-05 22.6  9.02 
 ALGN             Align Technology Inc  115.73                      Health Care  2026-02-04 161.3 2026-02-05 175.62  8.88 
 LITE            Lumentum Holdings Inc  330.07                   Communications 2026-02-04 465.54 2026-02-05 504.42  8.35 
  COR                      Cencora Inc  641.88                      Health Care 2026-02-04 329.97 2026-02-05 352.16  6.72 
 TSEM          Tower Semiconductor Ltd  135.54                   Semiconductors 2026-02-04 121.28 2026-02-05 129.08  6.43 

=== 市值超过50亿的涨幅榜前20名股票 ===
股票代码                   公司名称                   市值(亿)                 板块                       昨天收盘              今天收盘       涨跌幅(%)
SITM                             SiTime Corp   90.82                   Semiconductors 2026-02-04 347.96 2026-02-05 410.29 17.91 
FORM                          FormFactor Inc   55.48                   Semiconductors  2026-02-04 71.57  2026-02-05 83.87 17.19 
 MCK                           McKesson Corp 1182.18                      Health Care  2026-02-04 822.0  2026-02-05 957.8 16.52 
ENSG                        Ensign Group Inc  114.20                      Health Care 2026-02-04 173.18 2026-02-05 197.16 13.85 
 RRX                      Regal Rexnord Corp  118.37             Electrical Equipment  2026-02-04 178.3  2026-02-05 200.0 12.17 
CPAY                              Corpay Inc  234.36               Financial Services 2026-02-04 300.28  2026-02-05 335.0 11.56 
ROAD               Construction Partners Inc   72.12                     Construction 2026-02-04 114.77 2026-02-05 127.65 11.22 
 TPR                            Tapestry Inc  265.88 Textiles, Apparel & Luxury Goods 2026-02-04 129.92 2026-02-05 143.19 10.21 
IDCC                        InterDigital Inc   80.80                       Technology 2026-02-04 313.87 2026-02-05 345.05  9.93 
 CAH                     Cardinal Health Inc  539.77                      Health Care 2026-02-04 206.85 2026-02-05 227.18  9.83 
 ITT                                 ITT Inc  159.30                        Machinery 2026-02-04 185.15 2026-02-05 202.05  9.13 
 HSY                              Hershey Co  455.01                    Food Products 2026-02-04 205.79 2026-02-05 224.38  9.03 
SIRI                  Sirius XM Holdings Inc   69.77                            Media  2026-02-04 20.73   2026-02-05 22.6  9.02 
ALGN                    Align Technology Inc  115.73                      Health Care  2026-02-04 161.3 2026-02-05 175.62  8.88 
LITE                   Lumentum Holdings Inc  330.07                   Communications 2026-02-04 465.54 2026-02-05 504.42  8.35 
 COR                             Cencora Inc  641.88                      Health Care 2026-02-04 329.97 2026-02-05 352.16  6.72 
TSEM                 Tower Semiconductor Ltd  135.54                   Semiconductors 2026-02-04 121.28 2026-02-05 129.08  6.43 
CAMT                              Camtek Ltd   60.75                   Semiconductors 2026-02-04 132.75 2026-02-05 141.11  6.30 
MTSI MACOM Technology Solutions Holdings Inc  161.30                   Semiconductors 2026-02-04 215.03  2026-02-05 227.8  5.94 
 EFX                             Equifax Inc  221.58            Professional Services 2026-02-04 181.04 2026-02-05 191.01  5.51 

=== 市值超过100亿的涨幅榜前20名股票 ===
股票代码                   公司名称                   市值(亿)                 板块                       昨天收盘              今天收盘       涨跌幅(%)
 MCK                           McKesson Corp 1182.18                      Health Care  2026-02-04 822.0  2026-02-05 957.8 16.52 
ENSG                        Ensign Group Inc  114.20                      Health Care 2026-02-04 173.18 2026-02-05 197.16 13.85 
 RRX                      Regal Rexnord Corp  118.37             Electrical Equipment  2026-02-04 178.3  2026-02-05 200.0 12.17 
CPAY                              Corpay Inc  234.36               Financial Services 2026-02-04 300.28  2026-02-05 335.0 11.56 
 TPR                            Tapestry Inc  265.88 Textiles, Apparel & Luxury Goods 2026-02-04 129.92 2026-02-05 143.19 10.21 
 CAH                     Cardinal Health Inc  539.77                      Health Care 2026-02-04 206.85 2026-02-05 227.18  9.83 
 ITT                                 ITT Inc  159.30                        Machinery 2026-02-04 185.15 2026-02-05 202.05  9.13 
 HSY                              Hershey Co  455.01                    Food Products 2026-02-04 205.79 2026-02-05 224.38  9.03 
ALGN                    Align Technology Inc  115.73                      Health Care  2026-02-04 161.3 2026-02-05 175.62  8.88 
LITE                   Lumentum Holdings Inc  330.07                   Communications 2026-02-04 465.54 2026-02-05 504.42  8.35 
 COR                             Cencora Inc  641.88                      Health Care 2026-02-04 329.97 2026-02-05 352.16  6.72 
TSEM                 Tower Semiconductor Ltd  135.54                   Semiconductors 2026-02-04 121.28 2026-02-05 129.08  6.43 
MTSI MACOM Technology Solutions Holdings Inc  161.30                   Semiconductors 2026-02-04 215.03  2026-02-05 227.8  5.94 
 EFX                             Equifax Inc  221.58            Professional Services 2026-02-04 181.04 2026-02-05 191.01  5.51 
  UI                            Ubiquiti Inc  331.68                   Communications 2026-02-04 548.24  2026-02-05 576.0  5.06 
 DVA                              DaVita Inc  100.29                      Health Care 2026-02-04 142.06 2026-02-05 149.22  5.04 
 UHS           Universal Health Services Inc  128.98                      Health Care 2026-02-04 206.46 2026-02-05 216.47  4.85 
YUMC                  Yum China Holdings Inc  172.32    Hotels, Restaurants & Leisure  2026-02-04 53.14  2026-02-05 55.67  4.76 
  CI                             Cigna Group  725.81                      Health Care 2026-02-04 271.71 2026-02-05 284.53  4.72 
  FN                                Fabrinet  151.56             Electrical Equipment 2026-02-04 423.03  2026-02-05 442.7  4.65 

=== 市值超过200亿的涨幅榜前20名股票 ===
股票代码                公司名称                 市值(亿)                 板块                       昨天收盘               今天收盘        涨跌幅(%)
 MCK                      McKesson Corp 1182.18                      Health Care   2026-02-04 822.0   2026-02-05 957.8 16.52 
CPAY                         Corpay Inc  234.36               Financial Services  2026-02-04 300.28   2026-02-05 335.0 11.56 
 TPR                       Tapestry Inc  265.88 Textiles, Apparel & Luxury Goods  2026-02-04 129.92  2026-02-05 143.19 10.21 
 CAH                Cardinal Health Inc  539.77                      Health Care  2026-02-04 206.85  2026-02-05 227.18  9.83 
 HSY                         Hershey Co  455.01                    Food Products  2026-02-04 205.79  2026-02-05 224.38  9.03 
LITE              Lumentum Holdings Inc  330.07                   Communications  2026-02-04 465.54  2026-02-05 504.42  8.35 
 COR                        Cencora Inc  641.88                      Health Care  2026-02-04 329.97  2026-02-05 352.16  6.72 
 EFX                        Equifax Inc  221.58            Professional Services  2026-02-04 181.04  2026-02-05 191.01  5.51 
  UI                       Ubiquiti Inc  331.68                   Communications  2026-02-04 548.24   2026-02-05 576.0  5.06 
  CI                        Cigna Group  725.81                      Health Care  2026-02-04 271.71  2026-02-05 284.53  4.72 
 HCA                 HCA Healthcare Inc 1126.46                      Health Care  2026-02-04 493.64  2026-02-05 513.76  4.08 
 ALL                      Allstate Corp  542.00                        Insurance  2026-02-04 207.12  2026-02-05 215.19  3.90 
 AFL                          Aflac Inc  595.50                        Insurance  2026-02-04 113.62  2026-02-05 117.47  3.39 
 BMY            Bristol-Myers Squibb Co 1173.00                  Pharmaceuticals   2026-02-04 57.62   2026-02-05 59.52  3.30 
 BSX             Boston Scientific Corp 1119.68                      Health Care    2026-02-04 75.5   2026-02-05 77.64  2.83 
MDLN                        Medline Inc  590.78                      Health Care   2026-02-04 44.97    2026-02-05 46.2  2.74 
 FIX            Comfort Systems USA Inc  394.98                     Construction 2026-02-04 1119.81 2026-02-05 1147.97  2.51 
 JBL                          Jabil Inc  249.27             Electrical Equipment  2026-02-04 236.06  2026-02-05 241.83  2.44 
 JCI Johnson Controls International PLC  792.56                         Building  2026-02-04 129.49  2026-02-05 132.52  2.34 
FLEX                           Flex Ltd  222.41             Electrical Equipment   2026-02-04 58.83   2026-02-05 60.15  2.24 

=== 市值超过1000亿的涨跌榜前20名股票 ===
 股票代码           公司名称           市值(亿)           板块                昨天收盘               今天收盘        涨跌幅(%)
  MCK           McKesson Corp 1182.18         Health Care   2026-02-04 822.0   2026-02-05 957.8 16.52 
  HCA      HCA Healthcare Inc 1126.46         Health Care  2026-02-04 493.64  2026-02-05 513.76  4.08 
  BMY Bristol-Myers Squibb Co 1173.00     Pharmaceuticals   2026-02-04 57.62   2026-02-05 59.52  3.30 
  BSX  Boston Scientific Corp 1119.68         Health Care    2026-02-04 75.5   2026-02-05 77.64  2.83 
 AMAT   Applied Materials Inc 2410.47      Semiconductors   2026-02-04 297.6  2026-02-05 303.99  2.15 
 GILD     Gilead Sciences Inc 1814.25       Biotechnology  2026-02-04 146.23  2026-02-05 149.37  2.15 
 KLAC                KLA Corp 1744.67      Semiconductors 2026-02-04 1307.22 2026-02-05 1331.03  1.82 
 UBER   Uber Technologies Inc 1535.93         Road & Rail   2026-02-04 73.92   2026-02-05 75.21  1.75 
 LRCX       Lam Research Corp 2619.67      Semiconductors  2026-02-04 209.78  2026-02-05 213.31  1.68 
   KO            Coca-Cola Co 3327.29           Beverages   2026-02-04 77.35   2026-02-05 78.51  1.50 
 CSCO       Cisco Systems Inc 3206.71      Communications   2026-02-04 81.16   2026-02-05 82.36  1.48 
  JNJ       Johnson & Johnson 5649.07     Pharmaceuticals  2026-02-04 234.47  2026-02-05 237.79  1.42 
LRLCF              L'Oreal SA 2126.51   Consumer products   2026-02-04 468.2   2026-02-05 474.1  1.26 
  MRK          Merck & Co Inc 2936.98     Pharmaceuticals  2026-02-04 118.33  2026-02-05 119.75  1.20 
CMCSA            Comcast Corp 1097.34   Telecommunication    2026-02-04 30.5   2026-02-05 30.85  1.15 
 COST   Costco Wholesale Corp 4342.60              Retail  2026-02-04 978.35  2026-02-05 989.29  1.12 
   PG     Procter & Gamble Co 3645.66   Consumer products  2026-02-04 156.87  2026-02-05 158.61  1.11 
  MDT           Medtronic PLC 1305.60         Health Care  2026-02-04 101.84  2026-02-05 102.95  1.09 
  LMT    Lockheed Martin Corp 1401.60 Aerospace & Defense  2026-02-04 602.76  2026-02-05 609.18  1.07 
  PGR        Progressive Corp 1217.13           Insurance  2026-02-04 205.54  2026-02-05 207.56  0.98 
