
=== 涨幅榜前20名股票 ===
 股票代码               公司名称               市值(亿)                板块                      昨天收盘              今天收盘       涨跌幅(%)
NOVAQ Sunnova Energy International Inc   0.01                      Utilities    2025-08-05 0.0    2025-08-06 0.0 100.00
 VINC               Vincerx Pharma Inc   0.00                  Biotechnology   2025-08-05 0.03   2025-08-06 0.06  91.18
 SGBX       Safe & Green Holdings Corp   0.02                   Construction   2025-08-05 0.19   2025-08-06 0.37  90.16
 PTNT         Palatin Technologies Inc   0.06                  Biotechnology   2025-08-05 0.15   2025-08-06 0.25  63.33
 PHGE                        Biomx Inc   0.14                  Biotechnology   2025-08-05 0.44   2025-08-06 0.65  49.43
 MYGN              Myriad Genetics Inc   4.77                  Biotechnology   2025-08-05 3.87   2025-08-06 5.67  46.51
 EHTH                      eHealth Inc   1.34                      Insurance   2025-08-05 3.27   2025-08-06 4.76  45.57
   GO      Grocery Outlet Holding Corp  16.41                         Retail  2025-08-05 13.02  2025-08-06 18.58  42.70
 AIMD                        Ainos Inc   0.16                  Biotechnology   2025-08-05 2.33   2025-08-06 3.26  39.91
 RMSG              Real Messenger Corp   0.10                    Real Estate   2025-08-05 1.66   2025-08-06 2.31  39.16
  GNS                 Genius Group Ltd   0.74  Diversified Consumer Services   2025-08-05 0.85   2025-08-06 1.14  34.12
 LPSN                   LivePerson Inc   1.23                     Technology   2025-08-05 0.89   2025-08-06 1.18  32.58
 HLLY                       Holley Inc   2.98                Auto Components   2025-08-05 2.04   2025-08-06 2.68  31.37
 COSM                Cosmos Health Inc   0.30                    Health Care   2025-08-05 0.88   2025-08-06 1.15  30.98
 VSAT                       Viasat Inc  32.49                 Communications  2025-08-05 21.29  2025-08-06 27.82  30.67
 CYRX                     Cryoport Inc   4.31 Life Sciences Tools & Services   2025-08-05 6.74   2025-08-06 8.75  29.82
 CTEV                    Claritev Corp   7.31                    Health Care  2025-08-05 39.52  2025-08-06 51.14  29.40
 ALAB                  Astera Labs Inc 286.02                 Semiconductors 2025-08-05 135.54 2025-08-06 174.39  28.66
 ZETA        Zeta Global Holdings Corp  36.65                     Technology  2025-08-05 15.87  2025-08-06 20.23  27.47
  RNG                  RingCentral Inc  25.99                     Technology  2025-08-05 23.62  2025-08-06 29.99  26.97

=== 市值超过20亿的涨幅榜前20名股票 ===
股票代码               公司名称                市值(亿)                 板块                       昨天收盘              今天收盘       涨跌幅(%)
VSAT                       Viasat Inc   32.49                   Communications  2025-08-05 21.29  2025-08-06 27.82 30.67 
ALAB                  Astera Labs Inc  286.02                   Semiconductors 2025-08-05 135.54 2025-08-06 174.39 28.66 
ZETA        Zeta Global Holdings Corp   36.65                       Technology  2025-08-05 15.87  2025-08-06 20.23 27.47 
 RNG                  RingCentral Inc   25.99                       Technology  2025-08-05 23.62  2025-08-06 29.99 26.97 
 RNA          Avidity Biosciences Inc   44.89                    Biotechnology  2025-08-05 38.26  2025-08-06 48.26 26.14 
HNGE                 Hinge Health Inc   42.81                      Health Care  2025-08-05 48.22  2025-08-06 60.55 25.57 
SHOP                      Shopify Inc 2014.31                       Technology  2025-08-05 127.0  2025-08-06 154.9 21.97 
ANET              Arista Networks Inc 1705.51                   Communications 2025-08-05 118.12 2025-08-06 138.78 17.49 
SSRM                   SSR Mining Inc   30.23                  Metals & Mining  2025-08-05 12.99  2025-08-06 15.24 17.32 
 LRN                       Stride Inc   69.13    Diversified Consumer Services 2025-08-05 128.23 2025-08-06 148.32 15.67 
 NYT                New York Times Co   93.35                            Media  2025-08-05 53.62  2025-08-06 61.95 15.54 
 KAR                     Openlane Inc   28.77   Commercial Services & Supplies  2025-08-05 25.04   2025-08-06 28.9 15.42 
KVYO                      Klaviyo Inc   99.37                       Technology   2025-08-05 30.7  2025-08-06 35.31 15.02 
CPRI               Capri Holdings Ltd   24.89 Textiles, Apparel & Luxury Goods   2025-08-05 18.2  2025-08-06 20.84 14.51 
INTR                   Inter & Co Inc   31.30                          Banking   2025-08-05 6.53   2025-08-06 7.46 14.24 
PAYO              Payoneer Global Inc   27.06               Financial Services    2025-08-05 6.5   2025-08-06 7.42 14.15 
EXTR             Extreme Networks Inc   26.55                   Communications  2025-08-05 17.67  2025-08-06 20.15 14.04 
SUPN     Supernus Pharmaceuticals Inc   22.37                  Pharmaceuticals  2025-08-05 37.53  2025-08-06 42.44 13.08 
 BCO                        Brinks Co   39.47   Commercial Services & Supplies  2025-08-05 88.66 2025-08-06 100.02 12.81 
GBTG Global Business Travel Group Inc   32.79    Hotels, Restaurants & Leisure    2025-08-05 6.5   2025-08-06 7.33 12.77 

=== 市值超过50亿的涨幅榜前20名股票 ===
股票代码                公司名称                 市值(亿)                 板块                     昨天收盘              今天收盘       涨跌幅(%)
ALAB                    Astera Labs Inc   286.02                Semiconductors 2025-08-05 135.54 2025-08-06 174.39 28.66 
SHOP                        Shopify Inc  2014.31                    Technology  2025-08-05 127.0  2025-08-06 154.9 21.97 
ANET                Arista Networks Inc  1705.51                Communications 2025-08-05 118.12 2025-08-06 138.78 17.49 
 LRN                         Stride Inc    69.13 Diversified Consumer Services 2025-08-05 128.23 2025-08-06 148.32 15.67 
 NYT                  New York Times Co    93.35                         Media  2025-08-05 53.62  2025-08-06 61.95 15.54 
KVYO                        Klaviyo Inc    99.37                    Technology   2025-08-05 30.7  2025-08-06 35.31 15.02 
 AIZ                       Assurant Inc   102.40                     Insurance 2025-08-05 188.83 2025-08-06 210.04 11.23 
MTCH                    Match Group Inc    92.72                         Media  2025-08-05 33.73  2025-08-06 37.27 10.50 
 GPN                Global Payments Inc   201.85            Financial Services  2025-08-05 78.41  2025-08-06 85.54  9.09 
VOYA                 Voya Financial Inc    68.68            Financial Services  2025-08-05 67.95  2025-08-06 73.18  7.70 
 JXN              Jackson Financial Inc    64.84            Financial Services  2025-08-05 86.46   2025-08-06 92.7  7.22 
RDDT                         Reddit Inc   391.41                         Media 2025-08-05 199.09 2025-08-06 212.81  6.89 
GLBE                Global-E Online Ltd    57.10                        Retail  2025-08-05 32.58  2025-08-06 34.81  6.84 
 FLR                         Fluor Corp    67.20                  Construction  2025-08-05 41.25  2025-08-06 43.91  6.45 
CRDO Credo Technology Group Holding Ltd   192.08                Semiconductors 2025-08-05 110.29 2025-08-06 117.34  6.39 
RBLX                        Roblox Corp   894.43                         Media 2025-08-05 127.11 2025-08-06 134.14  5.53 
  UI                       Ubiquiti Inc   263.69                Communications 2025-08-05 436.54 2025-08-06 459.25  5.20 
 TPG                            TPG Inc   216.90            Financial Services  2025-08-05 57.28  2025-08-06 60.22  5.13 
AAPL                          Apple Inc 31095.07                    Technology 2025-08-05 202.92 2025-08-06 213.25  5.09 
CRCL          Circle Internet Group Inc   347.15                           N/A 2025-08-05 153.93 2025-08-06 161.71  5.05 

=== 市值超过100亿的涨幅榜前20名股票 ===
股票代码                公司名称                 市值(亿)           板块                昨天收盘               今天收盘        涨跌幅(%)
ALAB                    Astera Labs Inc   286.02     Semiconductors  2025-08-05 135.54  2025-08-06 174.39 28.66 
SHOP                        Shopify Inc  2014.31         Technology   2025-08-05 127.0   2025-08-06 154.9 21.97 
ANET                Arista Networks Inc  1705.51     Communications  2025-08-05 118.12  2025-08-06 138.78 17.49 
 AIZ                       Assurant Inc   102.40          Insurance  2025-08-05 188.83  2025-08-06 210.04 11.23 
 GPN                Global Payments Inc   201.85 Financial Services   2025-08-05 78.41   2025-08-06 85.54  9.09 
RDDT                         Reddit Inc   391.41              Media  2025-08-05 199.09  2025-08-06 212.81  6.89 
CRDO Credo Technology Group Holding Ltd   192.08     Semiconductors  2025-08-05 110.29  2025-08-06 117.34  6.39 
RBLX                        Roblox Corp   894.43              Media  2025-08-05 127.11  2025-08-06 134.14  5.53 
  UI                       Ubiquiti Inc   263.69     Communications  2025-08-05 436.54  2025-08-06 459.25  5.20 
 TPG                            TPG Inc   216.90 Financial Services   2025-08-05 57.28   2025-08-06 60.22  5.13 
AAPL                          Apple Inc 31095.07         Technology  2025-08-05 202.92  2025-08-06 213.25  5.09 
CRCL          Circle Internet Group Inc   347.15                N/A  2025-08-05 153.93  2025-08-06 161.71  5.05 
  OC                      Owens Corning   126.19           Building  2025-08-05 140.84  2025-08-06 147.73  4.89 
RBRK                         Rubrik Inc   172.09         Technology   2025-08-05 87.54   2025-08-06 91.77  4.83 
  CG                  Carlyle Group Inc   219.75 Financial Services    2025-08-05 60.1    2025-08-06 62.9  4.66 
AMZN                     Amazon.com Inc 22875.17             Retail  2025-08-05 213.75  2025-08-06 222.31  4.00 
SAIL                      SailPoint Inc   108.92         Technology    2025-08-05 19.5   2025-08-06 20.24  3.79 
FICO                    Fair Isaac Corp   322.85         Technology 2025-08-05 1343.12 2025-08-06 1393.61  3.76 
 NET                     Cloudflare Inc   734.08         Technology  2025-08-05 207.81  2025-08-06 215.53  3.71 
PLTR          Palantir Technologies Inc  4108.12         Technology  2025-08-05 173.27  2025-08-06 179.54  3.62 

=== 市值超过200亿的涨幅榜前20名股票 ===
股票代码            公司名称            市值(亿)           板块                昨天收盘               今天收盘        涨跌幅(%)
ALAB           Astera Labs Inc   286.02     Semiconductors  2025-08-05 135.54  2025-08-06 174.39 28.66 
SHOP               Shopify Inc  2014.31         Technology   2025-08-05 127.0   2025-08-06 154.9 21.97 
ANET       Arista Networks Inc  1705.51     Communications  2025-08-05 118.12  2025-08-06 138.78 17.49 
 GPN       Global Payments Inc   201.85 Financial Services   2025-08-05 78.41   2025-08-06 85.54  9.09 
RDDT                Reddit Inc   391.41              Media  2025-08-05 199.09  2025-08-06 212.81  6.89 
RBLX               Roblox Corp   894.43              Media  2025-08-05 127.11  2025-08-06 134.14  5.53 
  UI              Ubiquiti Inc   263.69     Communications  2025-08-05 436.54  2025-08-06 459.25  5.20 
 TPG                   TPG Inc   216.90 Financial Services   2025-08-05 57.28   2025-08-06 60.22  5.13 
AAPL                 Apple Inc 31095.07         Technology  2025-08-05 202.92  2025-08-06 213.25  5.09 
CRCL Circle Internet Group Inc   347.15                N/A  2025-08-05 153.93  2025-08-06 161.71  5.05 
  CG         Carlyle Group Inc   219.75 Financial Services    2025-08-05 60.1    2025-08-06 62.9  4.66 
AMZN            Amazon.com Inc 22875.17             Retail  2025-08-05 213.75  2025-08-06 222.31  4.00 
FICO           Fair Isaac Corp   322.85         Technology 2025-08-05 1343.12 2025-08-06 1393.61  3.76 
 NET            Cloudflare Inc   734.08         Technology  2025-08-05 207.81  2025-08-06 215.53  3.71 
PLTR Palantir Technologies Inc  4108.12         Technology  2025-08-05 173.27  2025-08-06 179.54  3.62 
TSLA                 Tesla Inc 10101.24        Automobiles  2025-08-05 308.72  2025-08-06 319.91  3.62 
 AFL                 Aflac Inc   550.48          Insurance   2025-08-05 98.92  2025-08-06 102.31  3.43 
ROST           Ross Stores Inc   470.49             Retail  2025-08-05 141.79  2025-08-06 146.55  3.36 
 APP             Applovin Corp  1307.00         Technology  2025-08-05 377.93  2025-08-06 390.57  3.34 
AFRM       Affirm Holdings Inc   243.79 Financial Services   2025-08-05 74.86   2025-08-06 77.28  3.23 

=== 市值超过1000亿的涨跌榜前20名股票 ===
 股票代码               公司名称               市值(亿)                 板块                     昨天收盘               今天收盘        涨跌幅(%)
 SHOP                     Shopify Inc  2014.31                    Technology   2025-08-05 127.0   2025-08-06 154.9 21.97 
 ANET             Arista Networks Inc  1705.51                Communications  2025-08-05 118.12  2025-08-06 138.78 17.49 
 AAPL                       Apple Inc 31095.07                    Technology  2025-08-05 202.92  2025-08-06 213.25  5.09 
 AMZN                  Amazon.com Inc 22875.17                        Retail  2025-08-05 213.75  2025-08-06 222.31  4.00 
 PLTR       Palantir Technologies Inc  4108.12                    Technology  2025-08-05 173.27  2025-08-06 179.54  3.62 
 TSLA                       Tesla Inc 10101.24                   Automobiles  2025-08-05 308.72  2025-08-06 319.91  3.62 
  APP                   Applovin Corp  1307.00                    Technology  2025-08-05 377.93  2025-08-06 390.57  3.34 
 SPOT           Spotify Technology SA  1318.74                         Media   2025-08-05 647.0  2025-08-06 666.81  3.06 
  MCD                 McDonald's Corp  2189.43 Hotels, Restaurants & Leisure  2025-08-05 298.77  2025-08-06 307.66  2.98 
 AVGO                    Broadcom Inc 13784.46                Semiconductors  2025-08-05 292.93  2025-08-06 301.67  2.98 
 NFLX                     Netflix Inc  4920.56                         Media 2025-08-05 1147.87 2025-08-06 1178.48  2.67 
 COST           Costco Wholesale Corp  4210.30                        Retail  2025-08-05 943.63  2025-08-06 968.56  2.64 
  TJX               TJX Companies Inc  1447.40                        Retail  2025-08-05 128.77   2025-08-06 132.1  2.59 
 CSCO               Cisco Systems Inc  2691.41                Communications   2025-08-05 67.52   2025-08-06 69.21  2.50 
  GEV                  GE Vernova Inc  1768.83          Electrical Equipment  2025-08-05 649.72  2025-08-06 664.55  2.28 
  BAM BROOKFIELD ASSET MANAGEMENT LTD  1007.21            Financial Services   2025-08-05 61.54   2025-08-06 62.93  2.26 
 MSTR               Microstrategy Inc  1069.08                    Technology  2025-08-05 375.46  2025-08-06 383.41  2.12 
 ADBE                       Adobe Inc  1449.41                    Technology  2025-08-05 338.74  2025-08-06 345.62  2.03 
  PGR                Progressive Corp  1438.00                     Insurance  2025-08-05 242.94  2025-08-06 247.52  1.89 
EADSF                       Airbus SE  1386.71           Aerospace & Defense  2025-08-05 204.39   2025-08-06 208.0  1.77 
