
=== 涨幅榜前20名股票 ===
股票代码                   公司名称                   市值(亿)           板块                昨天收盘              今天收盘       涨跌幅(%)
NXTT              Next Technology Holding Inc  1.35            Technology  2025-05-08 0.31   2025-05-09 2.36 661.29
ABTS                          Abits Group Inc  0.06            Technology  2025-05-08 2.33   2025-05-09 8.41 260.94
NVVE                       Nuvve Holding Corp  0.03  Electrical Equipment  2025-05-08 1.14   2025-05-09 2.78 143.86
 RGC        Regencell Bioscience Holdings Ltd 30.91       Pharmaceuticals 2025-05-08 212.0 2025-05-09 366.01  72.65
SYTA                        Siyata Mobile Inc  0.05        Communications  2025-05-08 0.98   2025-05-09 1.67  70.41
BTCS                                 BTCS Inc  0.49            Technology  2025-05-08 1.92   2025-05-09 3.11  61.98
 ITP                    IT Tech Packaging Inc  0.03        Paper & Forest  2025-05-08 0.27   2025-05-09 0.44  61.56
SKIN                         Beauty Health Co  2.10     Consumer products  2025-05-08 1.24   2025-05-09 1.87  50.81
GOGO                                 Gogo Inc 14.06     Telecommunication  2025-05-08 7.57   2025-05-09 11.0  45.31
PHAT              Phathom Pharmaceuticals Inc  2.07       Pharmaceuticals  2025-05-08 2.29   2025-05-09 3.14  37.12
LASR                               nLIGHT Inc  5.56  Electrical Equipment  2025-05-08 8.61  2025-05-09 11.67  35.54
REFR                   Research Frontiers Inc  0.40  Electrical Equipment  2025-05-08 1.19   2025-05-09 1.59  33.61
LGMK                            LogicMark Inc  0.01           Health Care  2025-05-08 0.01   2025-05-09 0.01  32.73
TTEC                        TTEC Holdings Inc  2.32 Professional Services   2025-05-08 4.0    2025-05-09 5.3  32.50
CRVS               Corvus Pharmaceuticals Inc  2.86         Biotechnology  2025-05-08 3.35   2025-05-09 4.43  32.24
  DH               Definitive Healthcare Corp  6.20           Health Care  2025-05-08 2.81   2025-05-09 3.69  31.32
ILAG Intelligent Living Application Group Inc  0.07              Building  2025-05-08 0.38    2025-05-09 0.5  31.17
NGVC   Natural Grocers by Vitamin Cottage Inc 13.20                Retail 2025-05-08 45.87  2025-05-09 59.74  30.24
ZAPP         Zapp Electric Vehicles Group Ltd  0.03           Automobiles  2025-05-08 0.31    2025-05-09 0.4  29.16
LYFT                                 Lyft Inc 66.10           Road & Rail  2025-05-08 13.0  2025-05-09 16.65  28.08

=== 市值超过20亿的涨幅榜前20名股票 ===
股票代码                公司名称               市值(亿)                板块                     昨天收盘              今天收盘       涨跌幅(%)
 RGC Regencell Bioscience Holdings Ltd  30.91               Pharmaceuticals  2025-05-08 212.0 2025-05-09 366.01 72.65 
LYFT                          Lyft Inc  66.10                   Road & Rail   2025-05-08 13.0  2025-05-09 16.65 28.08 
PODD                      Insulet Corp 213.31                   Health Care  2025-05-08 257.0 2025-05-09 310.67 20.88 
TMDX             Transmedics Group Inc  38.56                   Health Care   2025-05-08 93.2  2025-05-09 111.5 19.64 
 RUM                        Rumble Inc  38.84                         Media   2025-05-08 7.78    2025-05-09 9.3 19.54 
 TTD                    Trade Desk Inc 367.30                         Media   2025-05-08 59.9  2025-05-09 71.04 18.60 
ATGE      Adtalem Global Education Inc  47.77 Diversified Consumer Services 2025-05-08 115.88 2025-05-09 136.25 17.58 
  UI                      Ubiquiti Inc 226.84                Communications 2025-05-08 353.24 2025-05-09 413.52 17.06 
SEZL                        Sezzle Inc  26.90            Financial Services  2025-05-08 74.98   2025-05-09 87.1 16.16 
  ST  Sensata Technologies Holding PLC  36.57          Electrical Equipment  2025-05-08 22.46  2025-05-09 25.55 13.76 
MCHP          Microchip Technology Inc 297.14                Semiconductors  2025-05-08 49.14  2025-05-09 55.33 12.60 
 CDE                  Coeur Mining Inc  45.59               Metals & Mining   2025-05-08 6.97   2025-05-09 7.84 12.48 
DIOD                        Diodes Inc  21.01                Semiconductors  2025-05-08 39.93  2025-05-09 44.75 12.07 
TOST                         Toast Inc 241.36            Financial Services  2025-05-08 36.65  2025-05-09 40.84 11.43 
CARG                      CarGurus Inc  30.86                         Media  2025-05-08 27.95  2025-05-09 31.08 11.20 
FROG                         Jfrog Ltd  42.83                    Technology  2025-05-08 35.26   2025-05-09 39.0 10.61 
MARA                 MARA Holdings Inc  53.53                    Technology  2025-05-08 14.29  2025-05-09 15.76 10.29 
DAVE                          Dave Inc  20.36            Financial Services 2025-05-08 152.73 2025-05-09 167.22  9.49 
YELP                          Yelp Inc  25.19                         Media  2025-05-08 35.74  2025-05-09 38.98  9.07 
LCID                   Lucid Group Inc  72.90                   Automobiles   2025-05-08 2.31   2025-05-09 2.51  8.66 

=== 市值超过50亿的涨幅榜前20名股票 ===
股票代码            公司名称             市值(亿)                板块                      昨天收盘              今天收盘       涨跌幅(%)
LYFT                   Lyft Inc   66.10                    Road & Rail   2025-05-08 13.0  2025-05-09 16.65 28.08 
PODD               Insulet Corp  213.31                    Health Care  2025-05-08 257.0 2025-05-09 310.67 20.88 
 TTD             Trade Desk Inc  367.30                          Media   2025-05-08 59.9  2025-05-09 71.04 18.60 
  UI               Ubiquiti Inc  226.84                 Communications 2025-05-08 353.24 2025-05-09 413.52 17.06 
MCHP   Microchip Technology Inc  297.14                 Semiconductors  2025-05-08 49.14  2025-05-09 55.33 12.60 
TOST                  Toast Inc  241.36             Financial Services  2025-05-08 36.65  2025-05-09 40.84 11.43 
MARA          MARA Holdings Inc   53.53                     Technology  2025-05-08 14.29  2025-05-09 15.76 10.29 
LCID            Lucid Group Inc   72.90                    Automobiles   2025-05-08 2.31   2025-05-09 2.51  8.66 
TTAN           ServiceTitan Inc  106.80                     Technology 2025-05-08 116.01 2025-05-09 124.22  7.08 
  OS              OneStream Inc   60.45                     Technology  2025-05-08 24.37  2025-05-09 26.09  7.06 
  AU      Anglogold Ashanti PLC  210.83                Metals & Mining  2025-05-08 41.87   2025-05-09 44.8  7.00 
STVN        Stevanato Group SpA   62.85 Life Sciences Tools & Services  2025-05-08 22.48   2025-05-09 24.0  6.76 
 NET             Cloudflare Inc  462.94                     Technology 2025-05-08 124.31 2025-05-09 132.34  6.46 
LPLA LPL Financial Holdings Inc  280.67             Financial Services 2025-05-08 338.99 2025-05-09 360.42  6.32 
SOLV             Solventum Corp  122.17                    Health Care  2025-05-08 66.63  2025-05-09 70.23  5.40 
FSLR            First Solar Inc  143.83                 Semiconductors 2025-05-08 133.76 2025-05-09 140.68  5.17 
PINS              Pinterest Inc  208.55                          Media  2025-05-08 27.86  2025-05-09 29.22  4.88 
TXRH        Texas Roadhouse Inc  120.94  Hotels, Restaurants & Leisure 2025-05-08 172.55 2025-05-09 180.81  4.79 
TSLA                  Tesla Inc 9583.61                    Automobiles 2025-05-08 284.82 2025-05-09 298.26  4.72 
 NXT             Nextracker Inc   65.75           Electrical Equipment   2025-05-08 44.6  2025-05-09 46.54  4.35 

=== 市值超过100亿的涨幅榜前20名股票 ===
股票代码            公司名称             市值(亿)                板块                     昨天收盘              今天收盘       涨跌幅(%)
PODD               Insulet Corp  213.31                   Health Care  2025-05-08 257.0 2025-05-09 310.67 20.88 
 TTD             Trade Desk Inc  367.30                         Media   2025-05-08 59.9  2025-05-09 71.04 18.60 
  UI               Ubiquiti Inc  226.84                Communications 2025-05-08 353.24 2025-05-09 413.52 17.06 
MCHP   Microchip Technology Inc  297.14                Semiconductors  2025-05-08 49.14  2025-05-09 55.33 12.60 
TOST                  Toast Inc  241.36            Financial Services  2025-05-08 36.65  2025-05-09 40.84 11.43 
TTAN           ServiceTitan Inc  106.80                    Technology 2025-05-08 116.01 2025-05-09 124.22  7.08 
  AU      Anglogold Ashanti PLC  210.83               Metals & Mining  2025-05-08 41.87   2025-05-09 44.8  7.00 
 NET             Cloudflare Inc  462.94                    Technology 2025-05-08 124.31 2025-05-09 132.34  6.46 
LPLA LPL Financial Holdings Inc  280.67            Financial Services 2025-05-08 338.99 2025-05-09 360.42  6.32 
SOLV             Solventum Corp  122.17                   Health Care  2025-05-08 66.63  2025-05-09 70.23  5.40 
FSLR            First Solar Inc  143.83                Semiconductors 2025-05-08 133.76 2025-05-09 140.68  5.17 
PINS              Pinterest Inc  208.55                         Media  2025-05-08 27.86  2025-05-09 29.22  4.88 
TXRH        Texas Roadhouse Inc  120.94 Hotels, Restaurants & Leisure 2025-05-08 172.55 2025-05-09 180.81  4.79 
TSLA                  Tesla Inc 9583.61                   Automobiles 2025-05-08 284.82 2025-05-09 298.26  4.72 
RIVN      Rivian Automotive Inc  157.58                   Automobiles  2025-05-08 13.68  2025-05-09 14.26  4.24 
 EQT                   EQT Corp  320.83                        Energy   2025-05-08 53.4  2025-05-09 55.62  4.16 
 TXN      Texas Instruments Inc 1547.76                Semiconductors 2025-05-08 165.64 2025-05-09 172.27  4.00 
MBLY        Mobileye Global Inc  129.80               Auto Components  2025-05-08 15.68   2025-05-09 16.3  3.95 
  AR      Antero Resources Corp  117.30                        Energy  2025-05-08 37.39  2025-05-09 38.71  3.53 
MRVL     Marvell Technology Inc  517.26                Semiconductors  2025-05-08 57.63  2025-05-09 59.65  3.51 

=== 市值超过200亿的涨幅榜前20名股票 ===
股票代码            公司名称             市值(亿)          板块                昨天收盘              今天收盘       涨跌幅(%)
PODD               Insulet Corp  213.31        Health Care  2025-05-08 257.0 2025-05-09 310.67 20.88 
 TTD             Trade Desk Inc  367.30              Media   2025-05-08 59.9  2025-05-09 71.04 18.60 
  UI               Ubiquiti Inc  226.84     Communications 2025-05-08 353.24 2025-05-09 413.52 17.06 
MCHP   Microchip Technology Inc  297.14     Semiconductors  2025-05-08 49.14  2025-05-09 55.33 12.60 
TOST                  Toast Inc  241.36 Financial Services  2025-05-08 36.65  2025-05-09 40.84 11.43 
  AU      Anglogold Ashanti PLC  210.83    Metals & Mining  2025-05-08 41.87   2025-05-09 44.8  7.00 
 NET             Cloudflare Inc  462.94         Technology 2025-05-08 124.31 2025-05-09 132.34  6.46 
LPLA LPL Financial Holdings Inc  280.67 Financial Services 2025-05-08 338.99 2025-05-09 360.42  6.32 
PINS              Pinterest Inc  208.55              Media  2025-05-08 27.86  2025-05-09 29.22  4.88 
TSLA                  Tesla Inc 9583.61        Automobiles 2025-05-08 284.82 2025-05-09 298.26  4.72 
 EQT                   EQT Corp  320.83             Energy   2025-05-08 53.4  2025-05-09 55.62  4.16 
 TXN      Texas Instruments Inc 1547.76     Semiconductors 2025-05-08 165.64 2025-05-09 172.27  4.00 
MRVL     Marvell Technology Inc  517.26     Semiconductors  2025-05-08 57.63  2025-05-09 59.65  3.51 
 EXE         Expand Energy Corp  261.37             Energy 2025-05-08 108.81 2025-05-09 112.38  3.28 
 CCJ                Cameco Corp  213.50             Energy  2025-05-08 49.24  2025-05-09 50.73  3.03 
 NEE         Nextera Energy Inc 1416.96          Utilities  2025-05-08 68.32  2025-05-09 70.31  2.91 
RBLX                Roblox Corp  485.75              Media  2025-05-08 70.05  2025-05-09 71.88  2.61 
 ADI         Analog Devices Inc 1034.76     Semiconductors 2025-05-08 202.78 2025-05-09 207.51  2.33 
 NEM        Newmont Corporation  592.11    Metals & Mining  2025-05-08 52.83  2025-05-09 53.98  2.18 
  VG         Venture Global Inc  224.06             Energy   2025-05-08 9.16   2025-05-09 9.35  2.07 

=== 市值超过1000亿的涨跌榜前20名股票 ===
 股票代码                 公司名称                 市值(亿)                  板块                       昨天收盘              今天收盘       涨跌幅(%)
 TSLA                           Tesla Inc  9583.61                      Automobiles 2025-05-08 284.82 2025-05-09 298.26  4.72 
  TXN               Texas Instruments Inc  1547.76                   Semiconductors 2025-05-08 165.64 2025-05-09 172.27  4.00 
  NEE                  Nextera Energy Inc  1416.96                        Utilities  2025-05-08 68.32  2025-05-09 70.31  2.91 
  ADI                  Analog Devices Inc  1034.76                   Semiconductors 2025-05-08 202.78 2025-05-09 207.51  2.33 
 MELI                    MercadoLibre Inc  1245.60                           Retail 2025-05-08 2410.0 2025-05-09 2450.0  1.66 
LVMHF LVMH Moet Hennessy Louis Vuitton SE  2434.28 Textiles, Apparel & Luxury Goods  2025-05-08 550.9  2025-05-09 560.0  1.65 
   BA                           Boeing Co  1457.79              Aerospace & Defense  2025-05-08 191.7 2025-05-09 194.85  1.64 
   FI                          Fiserv Inc  1009.62               Financial Services 2025-05-08 181.39 2025-05-09 184.07  1.48 
    T                            AT&T Inc  1986.35                Telecommunication  2025-05-08 27.47  2025-05-09 27.84  1.35 
  GEV                      GE Vernova Inc  1080.96             Electrical Equipment  2025-05-08 394.0 2025-05-09 399.26  1.34 
  XOM                    Exxon Mobil Corp  4608.73                           Energy 2025-05-08 106.07 2025-05-09 107.31  1.17 
  AMD          Advanced Micro Devices Inc  1649.70                   Semiconductors  2025-05-08 101.7 2025-05-09 102.84  1.12 
  CVX                        Chevron Corp  2419.90                           Energy 2025-05-08 137.04 2025-05-09 138.49  1.06 
  ICE       Intercontinental Exchange Inc  1018.56               Financial Services 2025-05-08 176.47 2025-05-09 178.33  1.05 
  ETN               Eaton Corporation PLC  1216.59             Electrical Equipment 2025-05-08 307.04 2025-05-09 309.87  0.92 
  CME                       CME Group Inc  1017.73               Financial Services 2025-05-08 281.99 2025-05-09 284.35  0.84 
  DIS                      Walt Disney Co  1893.21                            Media 2025-05-08 105.12 2025-05-09 105.94  0.78 
 UBER               Uber Technologies Inc  1741.94                      Road & Rail   2025-05-08 82.3  2025-05-09 82.81  0.62 
   DE                          Deere & Co  1336.04                        Machinery 2025-05-08 489.99  2025-05-09 492.6  0.53 
 AAPL                           Apple Inc 29653.59                       Technology 2025-05-08 197.49 2025-05-09 198.53  0.53 
