
=== 涨幅榜前20名股票 ===
 股票代码                   公司名称                  市值(亿)               板块                    昨天收盘              今天收盘       涨跌幅(%)
 MASK        3 E Network Technology Group Ltd  0.02                    Technology  2026-05-27 1.38   2026-05-28 4.13 199.28
 CGTL Creative Global Technology Holdings Ltd  0.07          Electrical Equipment  2026-05-27 0.28    2026-05-28 0.7 151.40
 SPRC                            Scisparc Ltd  0.03               Pharmaceuticals  2026-05-27 4.39  2026-05-28 10.55 140.32
 ASTC                          Astrotech Corp  0.31          Electrical Equipment 2026-05-27 13.81  2026-05-28 29.43 113.11
 ATPC                          Agape ATP Corp  0.03                   Health Care  2026-05-27 2.85   2026-05-28 6.07 112.98
 TOPP                   Toppoint Holdings Inc  0.43                   Road & Rail  2026-05-27 1.54   2026-05-28 2.75  78.57
IOBTQ                          IO Biotech Inc  0.00                 Biotechnology   2026-05-27 0.0    2026-05-28 0.0  65.00
 FATN                             FatPipe Inc  1.17                    Technology  2026-05-27 4.82   2026-05-28 7.66  58.92
  NCT                  Intercont (Cayman) Ltd  0.05                        Marine  2026-05-27 2.45   2026-05-28 3.88  58.37
 UMAC                    Unusual Machines Inc  6.53          Electrical Equipment 2026-05-27 18.83   2026-05-28 29.6  57.20
 CODX                      Co-Diagnostics Inc  0.44                   Health Care   2026-05-27 7.3  2026-05-28 11.19  53.29
 CUPR           Cuprina Holdings (Cayman) Ltd  0.02                   Health Care  2026-05-27 2.21    2026-05-28 3.3  48.98
 NTCL                 NetClass Technology Inc  0.16 Diversified Consumer Services  2026-05-27 0.56   2026-05-28 0.81  45.15
 QTEX        Inspira Technologies Oxy BHN Ltd  1.31                   Health Care   2026-05-27 2.1    2026-05-28 3.0  42.86
  BRR                    ProCap Financial Inc  1.86            Financial Services  2026-05-27 1.62   2026-05-28 2.28  40.74
 DAIO                           Data I/O Corp  0.32          Electrical Equipment  2026-05-27 3.19   2026-05-28 4.25  33.23
 RCAT                    Red Cat Holdings Inc 17.64           Aerospace & Defense 2026-05-27 10.67  2026-05-28 14.15  32.61
 AVEX                              AEVEX Corp 46.16           Aerospace & Defense 2026-05-27 30.87  2026-05-28 40.48  31.13
SLOIF                               Soitec SA 55.15                Semiconductors 2026-05-27 175.2 2026-05-28 226.09  29.05
 IOTR                             iOThree Ltd  0.06             Telecommunication  2026-05-27 2.17    2026-05-28 2.8  29.03

=== 市值超过20亿的涨幅榜前20名股票 ===
 股票代码                    公司名称                   市值(亿)                板块                      昨天收盘              今天收盘       涨跌幅(%)
 AVEX                                AEVEX Corp  46.16            Aerospace & Defense  2026-05-27 30.87  2026-05-28 40.48 31.13 
SLOIF                                 Soitec SA  55.15                 Semiconductors  2026-05-27 175.2 2026-05-28 226.09 29.05 
EXALF                     Exail Technologies SA  21.87            Aerospace & Defense 2026-05-27 133.48 2026-05-28 169.05 26.65 
 BRAI                                Braiin Ltd  28.15                     Technology  2026-05-27 10.79  2026-05-28 13.66 26.60 
 ONDS                                 Ondas Inc  65.22                 Communications   2026-05-27 10.8  2026-05-28 13.25 22.69 
 AMPX                  Amprius Technologies Inc  29.53           Electrical Equipment  2026-05-27 17.16  2026-05-28 20.85 21.50 
 BTDR                Bitdeer Technologies Group  44.72                     Technology  2026-05-27 15.54  2026-05-28 18.38 18.28 
 AVAV                         AeroVironment Inc 106.83            Aerospace & Defense 2026-05-27 181.28 2026-05-28 214.39 18.26 
 DLTR                           Dollar Tree Inc 219.48                         Retail  2026-05-27 95.87  2026-05-28 113.0 17.87 
 ARXS                                 Arxis Inc 174.71            Aerospace & Defense  2026-05-27 39.75  2026-05-28 46.83 17.81 
    A                  Agilent Technologies Inc 382.64 Life Sciences Tools & Services 2026-05-27 115.84 2026-05-28 135.38 16.87 
 CLOV            Clover Health Investments Corp  21.35                    Health Care   2026-05-27 3.59   2026-05-28 4.18 16.43 
  BBY                           Best Buy Co Inc 159.29                         Retail  2026-05-27 64.54  2026-05-28 74.74 15.80 
 ICLR                                  ICON PLC 105.01 Life Sciences Tools & Services 2026-05-27 118.45  2026-05-28 136.8 15.49 
 INFQ                            Infleqtion Inc  38.77                     Technology  2026-05-27 15.46  2026-05-28 17.77 14.94 
 KTOS Kratos Defense and Security Solutions Inc 123.67            Aerospace & Defense   2026-05-27 57.3  2026-05-28 65.19 13.77 
 UHAL                         U-Haul Holding Co  95.66                    Road & Rail  2026-05-27 52.04  2026-05-28 59.05 13.47 
 LUNR                    Intuitive Machines Inc  99.18            Aerospace & Defense  2026-05-27 40.34   2026-05-28 45.7 13.29 
 BBAI                   BigBear.ai Holdings Inc  23.66                     Technology   2026-05-27 4.37   2026-05-28 4.94 13.04 
  HRL                         Hormel Foods Corp 127.80                  Food Products  2026-05-27 20.96  2026-05-28 23.59 12.55 

=== 市值超过50亿的涨幅榜前20名股票 ===
 股票代码                     公司名称                     市值(亿)                板块                      昨天收盘              今天收盘       涨跌幅(%)
SLOIF                                    Soitec SA  55.15                 Semiconductors  2026-05-27 175.2 2026-05-28 226.09 29.05 
 ONDS                                    Ondas Inc  65.22                 Communications   2026-05-27 10.8  2026-05-28 13.25 22.69 
 AVAV                            AeroVironment Inc 106.83            Aerospace & Defense 2026-05-27 181.28 2026-05-28 214.39 18.26 
 DLTR                              Dollar Tree Inc 219.48                         Retail  2026-05-27 95.87  2026-05-28 113.0 17.87 
 ARXS                                    Arxis Inc 174.71            Aerospace & Defense  2026-05-27 39.75  2026-05-28 46.83 17.81 
    A                     Agilent Technologies Inc 382.64 Life Sciences Tools & Services 2026-05-27 115.84 2026-05-28 135.38 16.87 
  BBY                              Best Buy Co Inc 159.29                         Retail  2026-05-27 64.54  2026-05-28 74.74 15.80 
 ICLR                                     ICON PLC 105.01 Life Sciences Tools & Services 2026-05-27 118.45  2026-05-28 136.8 15.49 
 KTOS    Kratos Defense and Security Solutions Inc 123.67            Aerospace & Defense   2026-05-27 57.3  2026-05-28 65.19 13.77 
 UHAL                            U-Haul Holding Co  95.66                    Road & Rail  2026-05-27 52.04  2026-05-28 59.05 13.47 
 LUNR                       Intuitive Machines Inc  99.18            Aerospace & Defense  2026-05-27 40.34   2026-05-28 45.7 13.29 
  HRL                            Hormel Foods Corp 127.80                  Food Products  2026-05-27 20.96  2026-05-28 23.59 12.55 
 AXON                          Axon Enterprise Inc 354.10            Aerospace & Defense 2026-05-27 391.32 2026-05-28 439.32 12.27 
 BRKR                                  Bruker Corp  81.52 Life Sciences Tools & Services  2026-05-27 48.62  2026-05-28 54.39 11.87 
  HEI                                   HEICO Corp 406.53            Aerospace & Defense  2026-05-27 309.4 2026-05-28 345.07 11.53 
 MRCY                          Mercury Systems Inc  64.91            Aerospace & Defense  2026-05-27 97.11 2026-05-28 108.11 11.33 
 HOOD                        Robinhood Markets Inc 721.95             Financial Services  2026-05-27 76.23  2026-05-28 84.84 11.29 
 FSLR                              First Solar Inc 316.85                 Semiconductors 2026-05-27 273.67 2026-05-28 303.38 10.86 
  MDB                                  MongoDB Inc 262.17                     Technology 2026-05-27 294.46 2026-05-28 325.68 10.60 
  CRL Charles River Laboratories International Inc  87.35 Life Sciences Tools & Services 2026-05-27 164.49 2026-05-28 181.34 10.24 

=== 市值超过100亿的涨幅榜前20名股票 ===
股票代码                    公司名称                    市值(亿)                板块                      昨天收盘              今天收盘       涨跌幅(%)
AVAV                         AeroVironment Inc  106.83            Aerospace & Defense 2026-05-27 181.28 2026-05-28 214.39 18.26 
DLTR                           Dollar Tree Inc  219.48                         Retail  2026-05-27 95.87  2026-05-28 113.0 17.87 
ARXS                                 Arxis Inc  174.71            Aerospace & Defense  2026-05-27 39.75  2026-05-28 46.83 17.81 
   A                  Agilent Technologies Inc  382.64 Life Sciences Tools & Services 2026-05-27 115.84 2026-05-28 135.38 16.87 
 BBY                           Best Buy Co Inc  159.29                         Retail  2026-05-27 64.54  2026-05-28 74.74 15.80 
ICLR                                  ICON PLC  105.01 Life Sciences Tools & Services 2026-05-27 118.45  2026-05-28 136.8 15.49 
KTOS Kratos Defense and Security Solutions Inc  123.67            Aerospace & Defense   2026-05-27 57.3  2026-05-28 65.19 13.77 
 HRL                         Hormel Foods Corp  127.80                  Food Products  2026-05-27 20.96  2026-05-28 23.59 12.55 
AXON                       Axon Enterprise Inc  354.10            Aerospace & Defense 2026-05-27 391.32 2026-05-28 439.32 12.27 
 HEI                                HEICO Corp  406.53            Aerospace & Defense  2026-05-27 309.4 2026-05-28 345.07 11.53 
HOOD                     Robinhood Markets Inc  721.95             Financial Services  2026-05-27 76.23  2026-05-28 84.84 11.29 
FSLR                           First Solar Inc  316.85                 Semiconductors 2026-05-27 273.67 2026-05-28 303.38 10.86 
 MDB                               MongoDB Inc  262.17                     Technology 2026-05-27 294.46 2026-05-28 325.68 10.60 
 FIG                                 Figma Inc  123.96                     Technology  2026-05-27 21.34  2026-05-28 23.46  9.93 
 IQV                        IQVIA Holdings Inc  302.24 Life Sciences Tools & Services 2026-05-27 165.62 2026-05-28 181.09  9.34 
 NET                            Cloudflare Inc  806.29                     Technology 2026-05-27 209.22 2026-05-28 228.11  9.03 
RDDT                                Reddit Inc  322.82                          Media 2026-05-27 154.19 2026-05-28 167.69  8.76 
NBIS                           Nebius Group NV  569.76                     Technology 2026-05-27 208.37 2026-05-28 226.34  8.62 
PLTR                 Palantir Technologies Inc 3436.31                     Technology 2026-05-27 132.51 2026-05-28 143.34  8.17 
SMCI                  Super Micro Computer Inc  258.04                     Technology  2026-05-27 38.19   2026-05-28 41.3  8.14 

=== 市值超过200亿的涨幅榜前20名股票 ===
股票代码             公司名称              市值(亿)                板块                      昨天收盘              今天收盘       涨跌幅(%)
DLTR              Dollar Tree Inc  219.48                         Retail  2026-05-27 95.87  2026-05-28 113.0 17.87 
   A     Agilent Technologies Inc  382.64 Life Sciences Tools & Services 2026-05-27 115.84 2026-05-28 135.38 16.87 
AXON          Axon Enterprise Inc  354.10            Aerospace & Defense 2026-05-27 391.32 2026-05-28 439.32 12.27 
 HEI                   HEICO Corp  406.53            Aerospace & Defense  2026-05-27 309.4 2026-05-28 345.07 11.53 
HOOD        Robinhood Markets Inc  721.95             Financial Services  2026-05-27 76.23  2026-05-28 84.84 11.29 
FSLR              First Solar Inc  316.85                 Semiconductors 2026-05-27 273.67 2026-05-28 303.38 10.86 
 MDB                  MongoDB Inc  262.17                     Technology 2026-05-27 294.46 2026-05-28 325.68 10.60 
 IQV           IQVIA Holdings Inc  302.24 Life Sciences Tools & Services 2026-05-27 165.62 2026-05-28 181.09  9.34 
 NET               Cloudflare Inc  806.29                     Technology 2026-05-27 209.22 2026-05-28 228.11  9.03 
RDDT                   Reddit Inc  322.82                          Media 2026-05-27 154.19 2026-05-28 167.69  8.76 
NBIS              Nebius Group NV  569.76                     Technology 2026-05-27 208.37 2026-05-28 226.34  8.62 
PLTR    Palantir Technologies Inc 3436.31                     Technology 2026-05-27 132.51 2026-05-28 143.34  8.17 
SMCI     Super Micro Computer Inc  258.04                     Technology  2026-05-27 38.19   2026-05-28 41.3  8.14 
SHOP                  Shopify Inc 1434.82                     Technology  2026-05-27 106.6 2026-05-28 115.03  7.91 
STRL  Sterling Infrastructure Inc  253.65                   Construction 2026-05-27 782.12 2026-05-28 842.96  7.78 
ALAB             Astera Labs, Inc  592.39                 Semiconductors 2026-05-27 325.33 2026-05-28 349.17  7.33 
IONQ                     IONQ Inc  262.97                     Technology   2026-05-27 65.4  2026-05-28 70.14  7.25 
SATS                EchoStar Corp  371.89                          Media 2026-05-27 122.46 2026-05-28 131.07  7.03 
 TKO       TKO Group Holdings Inc  382.66                          Media 2026-05-27 187.64 2026-05-28 200.54  6.87 
 TMO Thermo Fisher Scientific Inc 1810.61 Life Sciences Tools & Services 2026-05-27 456.21 2026-05-28 487.22  6.80 

=== 市值超过1000亿的涨跌榜前20名股票 ===
股票代码                 公司名称                  市值(亿)                 板块                      昨天收盘               今天收盘        涨跌幅(%)
PLTR            Palantir Technologies Inc  3436.31                     Technology  2026-05-27 132.51  2026-05-28 143.34  8.17 
SHOP                          Shopify Inc  1434.82                     Technology   2026-05-27 106.6  2026-05-28 115.03  7.91 
 TMO         Thermo Fisher Scientific Inc  1810.61 Life Sciences Tools & Services  2026-05-27 456.21  2026-05-28 487.22  6.80 
ORCL                          Oracle Corp  5836.36                     Technology  2026-05-27 190.96   2026-05-28 203.7  6.67 
 APP                        Applovin Corp  2005.19                     Technology  2026-05-27 567.83  2026-05-28 599.89  5.65 
 APH                        Amphenol Corp  1807.34           Electrical Equipment  2026-05-27 140.24  2026-05-28 147.68  5.31 
 AMD           Advanced Micro Devices Inc  8501.22                 Semiconductors  2026-05-27 495.54  2026-05-28 518.09  4.55 
 DHR                         Danaher Corp  1278.45 Life Sciences Tools & Services  2026-05-27 173.13  2026-05-28 180.63  4.33 
QCOM                         Qualcomm Inc  2564.28                 Semiconductors   2026-05-27 233.4  2026-05-28 243.29  4.24 
 LLY                     Eli Lilly and Co 10639.04                Pharmaceuticals 2026-05-27 1082.92  2026-05-28 1126.8  4.05 
DELL                Dell Technologies Inc  2068.51                     Technology  2026-05-27 305.32  2026-05-28 317.05  3.84 
SCCO                 Southern Copper Corp  1609.41                Metals & Mining  2026-05-27 187.75  2026-05-28 194.88  3.80 
 IBM International Business Machines Corp  2495.63                     Technology   2026-05-27 255.2  2026-05-28 264.22  3.53 
MSFT                       Microsoft Corp 31580.50                     Technology  2026-05-27 412.67  2026-05-28 426.99  3.47 
SNDK                         Sandisk Corp  2482.51                     Technology 2026-05-27 1589.94 2026-05-28 1641.64  3.25 
MRVL               Marvell Technology Inc  1793.40                 Semiconductors   2026-05-27 198.7  2026-05-28 204.83  3.09 
IBKR        Interactive Brokers Group Inc  1369.36             Financial Services   2026-05-27 80.95   2026-05-28 83.11  2.67 
VRTX           Vertex Pharmaceuticals Inc  1102.30                  Biotechnology  2026-05-27 437.22  2026-05-28 447.97  2.46 
  BA                            Boeing Co  1802.53            Aerospace & Defense   2026-05-27 224.3  2026-05-28 228.78  2.00 
GILD                 Gilead Sciences, Inc  1673.82                  Biotechnology  2026-05-27 133.69  2026-05-28 136.22  1.89 
