
=== 涨幅榜前20名股票 ===
 股票代码             公司名称             市值(亿)               板块                     昨天收盘             今天收盘       涨跌幅(%)
 DHAI           DIH Holding US Inc  0.00                    Health Care   2026-06-17 0.0   2026-06-18 0.0 275.00
 ADTX                   Aditxt Inc  0.00                  Biotechnology   2026-06-17 0.0  2026-06-18 0.01 150.00
 LNKS       Linkers Industries Ltd  0.05           Electrical Equipment   2026-06-17 1.6  2026-06-18 2.68  67.50
FAASF                DigiAsia Corp  0.02             Financial Services  2026-06-17 0.02  2026-06-18 0.03  66.48
 CAST                 Freecast Inc  2.13                          Media  2026-06-17 5.15  2026-06-18 8.07  56.70
 BFLY        Butterfly Network Inc 14.92                    Health Care  2026-06-17 5.71   2026-06-18 8.9  55.87
  CDT               CDT Equity Inc  0.05 Life Sciences Tools & Services  2026-06-17 0.69  2026-06-18 1.02  47.19
 ATPC               Agape ATP Corp  0.03                    Health Care  2026-06-17 2.73  2026-06-18 3.88  42.12
   HQ Horizon Quantum Holdings Ltd  7.52                     Technology 2026-06-17 23.61  2026-06-18 32.0  35.54
 NEOV                 NeoVolta Inc  1.20           Electrical Equipment  2026-06-17 2.12  2026-06-18 2.78  31.13
 EXFY                Expensify Inc  1.50                     Technology   2026-06-17 1.2  2026-06-18 1.56  30.00
 KALA                 KALA BIO Inc  0.67                  Biotechnology  2026-06-17 2.85  2026-06-18 3.61  26.89
  MFI     mF International Limited  4.95             Financial Services  2026-06-17 7.86  2026-06-18 9.88  25.64
   OM           Outset Medical Inc  0.94                    Health Care  2026-06-17 4.02  2026-06-18 5.05  25.62
 APLM               Apollomics Inc  0.38                  Biotechnology 2026-06-17 13.96  2026-06-18 17.5  25.34
 EXOZ                 eXoZymes Inc  0.54                  Biotechnology  2026-06-17 6.33  2026-06-18 7.83  23.70
 GNPX                  Genprex Inc  0.05                  Biotechnology  2026-06-17 0.48  2026-06-18 0.59  22.57
DGICB            Donegal Group Inc  6.55                      Insurance 2026-06-17 18.81 2026-06-18 22.86  21.53
  MEI      Methode Electronics Inc  4.97           Electrical Equipment 2026-06-17 11.57 2026-06-18 14.02  21.18
 TOPP        Toppoint Holdings Inc  0.28                    Road & Rail  2026-06-17 1.19  2026-06-18 1.44  21.01

=== 市值超过20亿的涨幅榜前20名股票 ===
股票代码            公司名称            市值(亿)                 板块                       昨天收盘              今天收盘        涨跌幅(%)
  QS         Quantumscape Corp   42.45                  Auto Components    2026-06-17 6.9    2026-06-18 8.04 16.52 
  BE         Bloom Energy Corp  935.56             Electrical Equipment 2026-06-17 284.99  2026-06-18 328.91 15.41 
OUST                Ouster Inc   29.65             Electrical Equipment  2026-06-17 40.72   2026-06-18 46.57 14.37 
ACMR          ACM Research Inc   75.93                   Semiconductors  2026-06-17 96.19  2026-06-18 109.87 14.22 
ENTG              Entegris Inc  272.62                   Semiconductors 2026-06-17 157.34  2026-06-18 178.77 13.62 
 SMR        Nuscale Power Corp   37.79             Electrical Equipment  2026-06-17 10.34   2026-06-18 11.74 13.54 
CHRN Ekso Bionics Holdings Inc   33.38                      Health Care  2026-06-17 20.61   2026-06-18 23.33 13.20 
 KMX                Carmax Inc   67.27                           Retail  2026-06-17 47.43   2026-06-18 53.66 13.14 
EQPT    Equipmentshare.Com Inc   59.06 Trading Companies & Distributors  2026-06-17 23.36   2026-06-18 26.32 12.67 
PENG     Penguin Solutions Inc   30.29                   Semiconductors  2026-06-17 59.68   2026-06-18 67.15 12.52 
 LEU       Centrus Energy Corp   33.50                           Energy 2026-06-17 170.31  2026-06-18 191.39 12.38 
SNDK              Sandisk Corp 2900.78                       Technology 2026-06-17 1958.8 2026-06-18 2184.75 11.54 
 MTN          Vail Resorts Inc   46.30    Hotels, Restaurants & Leisure 2026-06-17 129.93  2026-06-18 144.78 11.43 
ALAB          Astera Labs, Inc  714.89                   Semiconductors 2026-06-17 374.68  2026-06-18 417.07 11.31 
SEZL                Sezzle Inc   54.91               Financial Services 2026-06-17 146.73  2026-06-18 163.28 11.28 
HIMS    Hims & Hers Health Inc   82.10                      Health Care  2026-06-17 31.89   2026-06-18 35.47 11.23 
CIFR        Cipher Digital Inc  119.36                       Technology  2026-06-17 26.35   2026-06-18 29.18 10.74 
INTC                Intel Corp 6734.34                   Semiconductors  2026-06-17 121.1  2026-06-18 133.99 10.64 
SMCI  Super Micro Computer Inc  198.33                       Technology  2026-06-17 27.78   2026-06-18 30.66 10.37 
ICHR        Ichor Holdings Ltd   31.19                   Semiconductors  2026-06-17 89.45   2026-06-18 98.61 10.24 

=== 市值超过50亿的涨幅榜前20名股票 ===
股票代码            公司名称             市值(亿)                 板块                       昨天收盘              今天收盘        涨跌幅(%)
  BE          Bloom Energy Corp  935.56             Electrical Equipment 2026-06-17 284.99  2026-06-18 328.91 15.41 
ACMR           ACM Research Inc   75.93                   Semiconductors  2026-06-17 96.19  2026-06-18 109.87 14.22 
ENTG               Entegris Inc  272.62                   Semiconductors 2026-06-17 157.34  2026-06-18 178.77 13.62 
 KMX                 Carmax Inc   67.27                           Retail  2026-06-17 47.43   2026-06-18 53.66 13.14 
EQPT     Equipmentshare.Com Inc   59.06 Trading Companies & Distributors  2026-06-17 23.36   2026-06-18 26.32 12.67 
SNDK               Sandisk Corp 2900.78                       Technology 2026-06-17 1958.8 2026-06-18 2184.75 11.54 
ALAB           Astera Labs, Inc  714.89                   Semiconductors 2026-06-17 374.68  2026-06-18 417.07 11.31 
SEZL                 Sezzle Inc   54.91               Financial Services 2026-06-17 146.73  2026-06-18 163.28 11.28 
HIMS     Hims & Hers Health Inc   82.10                      Health Care  2026-06-17 31.89   2026-06-18 35.47 11.23 
CIFR         Cipher Digital Inc  119.36                       Technology  2026-06-17 26.35   2026-06-18 29.18 10.74 
INTC                 Intel Corp 6734.34                   Semiconductors  2026-06-17 121.1  2026-06-18 133.99 10.64 
SMCI   Super Micro Computer Inc  198.33                       Technology  2026-06-17 27.78   2026-06-18 30.66 10.37 
LSCC Lattice Semiconductor Corp  191.62                   Semiconductors 2026-06-17 139.86  2026-06-18 153.72  9.91 
CBRS       Cerebras Systems Inc  515.45                   Semiconductors 2026-06-17 213.67  2026-06-18 234.71  9.85 
DIOD                 Diodes Inc   54.89                   Semiconductors  2026-06-17 108.8  2026-06-18 119.46  9.80 
FRMI                  Fermi Inc   60.57                      Real Estate   2026-06-17 8.66     2026-06-18 9.5  9.70 
CAMT                 Camtek Ltd   89.86                   Semiconductors 2026-06-17 178.14  2026-06-18 195.16  9.55 
MKSI           MKS Incorporated  274.48                   Semiconductors 2026-06-17 371.26  2026-06-18 406.37  9.46 
ENPH         Enphase Energy Inc   68.90                   Semiconductors  2026-06-17 47.78   2026-06-18 52.28  9.42 
ALGM   Allegro Microsystems Inc  100.52                   Semiconductors  2026-06-17 53.98    2026-06-18 59.0  9.30 

=== 市值超过100亿的涨幅榜前20名股票 ===
 股票代码                公司名称                 市值(亿)                 板块                     昨天收盘               今天收盘        涨跌幅(%)
   BE                  Bloom Energy Corp   935.56          Electrical Equipment  2026-06-17 284.99  2026-06-18 328.91 15.41 
 ENTG                       Entegris Inc   272.62                Semiconductors  2026-06-17 157.34  2026-06-18 178.77 13.62 
 SNDK                       Sandisk Corp  2900.78                    Technology  2026-06-17 1958.8 2026-06-18 2184.75 11.54 
 ALAB                   Astera Labs, Inc   714.89                Semiconductors  2026-06-17 374.68  2026-06-18 417.07 11.31 
 CIFR                 Cipher Digital Inc   119.36                    Technology   2026-06-17 26.35   2026-06-18 29.18 10.74 
 INTC                         Intel Corp  6734.34                Semiconductors   2026-06-17 121.1  2026-06-18 133.99 10.64 
 SMCI           Super Micro Computer Inc   198.33                    Technology   2026-06-17 27.78   2026-06-18 30.66 10.37 
 LSCC         Lattice Semiconductor Corp   191.62                Semiconductors  2026-06-17 139.86  2026-06-18 153.72  9.91 
 CBRS               Cerebras Systems Inc   515.45                Semiconductors  2026-06-17 213.67  2026-06-18 234.71  9.85 
 MKSI                   MKS Incorporated   274.48                Semiconductors  2026-06-17 371.26  2026-06-18 406.37  9.46 
 ALGM           Allegro Microsystems Inc   100.52                Semiconductors   2026-06-17 53.98    2026-06-18 59.0  9.30 
  RKT               Rocket Companies Inc   408.00            Financial Services   2026-06-17 13.22   2026-06-18 14.42  9.08 
 CRDO Credo Technology Group Holding Ltd   464.95                Semiconductors  2026-06-17 249.33  2026-06-18 271.83  9.02 
 KLAC                           KLA Corp  3390.57                Semiconductors  2026-06-17 238.73  2026-06-18 259.56  8.73 
   MU              Micron Technology Inc 12788.39                Semiconductors 2026-06-17 1043.19 2026-06-18 1133.99  8.70 
AEOXF              Aeroports de Paris SA   107.85 Transportation Infrastructure  2026-06-17 121.64  2026-06-18 132.08  8.58 
 RMBS                         Rambus Inc   140.69                Semiconductors   2026-06-17 130.1  2026-06-18 141.17  8.51 
    Q              Qnity Electronics Inc   353.74                Semiconductors  2026-06-17 156.72  2026-06-18 168.98  7.82 
 ARXS                          Arxis Inc   165.98           Aerospace & Defense   2026-06-17 40.45   2026-06-18 43.61  7.81 
   ON              ON Semiconductor Corp   476.63                Semiconductors  2026-06-17 112.92  2026-06-18 121.62  7.70 

=== 市值超过200亿的涨幅榜前20名股票 ===
 股票代码                公司名称                 市值(亿)            板块                 昨天收盘               今天收盘        涨跌幅(%)
   BE                  Bloom Energy Corp   935.56 Electrical Equipment  2026-06-17 284.99  2026-06-18 328.91 15.41 
 ENTG                       Entegris Inc   272.62       Semiconductors  2026-06-17 157.34  2026-06-18 178.77 13.62 
 SNDK                       Sandisk Corp  2900.78           Technology  2026-06-17 1958.8 2026-06-18 2184.75 11.54 
 ALAB                   Astera Labs, Inc   714.89       Semiconductors  2026-06-17 374.68  2026-06-18 417.07 11.31 
 INTC                         Intel Corp  6734.34       Semiconductors   2026-06-17 121.1  2026-06-18 133.99 10.64 
 CBRS               Cerebras Systems Inc   515.45       Semiconductors  2026-06-17 213.67  2026-06-18 234.71  9.85 
 MKSI                   MKS Incorporated   274.48       Semiconductors  2026-06-17 371.26  2026-06-18 406.37  9.46 
  RKT               Rocket Companies Inc   408.00   Financial Services   2026-06-17 13.22   2026-06-18 14.42  9.08 
 CRDO Credo Technology Group Holding Ltd   464.95       Semiconductors  2026-06-17 249.33  2026-06-18 271.83  9.02 
 KLAC                           KLA Corp  3390.57       Semiconductors  2026-06-17 238.73  2026-06-18 259.56  8.73 
   MU              Micron Technology Inc 12788.39       Semiconductors 2026-06-17 1043.19 2026-06-18 1133.99  8.70 
    Q              Qnity Electronics Inc   353.74       Semiconductors  2026-06-17 156.72  2026-06-18 168.98  7.82 
   ON              ON Semiconductor Corp   476.63       Semiconductors  2026-06-17 112.92  2026-06-18 121.62  7.70 
BESVF     BE Semiconductor Industries NV   250.33       Semiconductors  2026-06-17 350.68  2026-06-18 377.05  7.52 
 TSEM            Tower Semiconductor Ltd   298.54       Semiconductors  2026-06-17 267.13  2026-06-18 286.74  7.34 
 RBLX                        Roblox Corp   368.94                Media   2026-06-17 48.02   2026-06-18 51.53  7.31 
 MRVL             Marvell Technology Inc  2716.95       Semiconductors  2026-06-17 289.54  2026-06-18 310.58  7.27 
  TER                       Teradyne Inc   685.53       Semiconductors  2026-06-17 408.56  2026-06-18 437.92  7.19 
  TXN              Texas Instruments Inc  2938.33       Semiconductors  2026-06-17 301.88  2026-06-18 322.86  6.95 
 TTMI               TTM Technologies Inc   224.77 Electrical Equipment   2026-06-17 202.7  2026-06-18 216.44  6.78 

=== 市值超过1000亿的涨跌榜前20名股票 ===
股票代码            公司名称             市值(亿)            板块                 昨天收盘               今天收盘        涨跌幅(%)
SNDK               Sandisk Corp  2900.78           Technology  2026-06-17 1958.8 2026-06-18 2184.75 11.54 
INTC                 Intel Corp  6734.34       Semiconductors   2026-06-17 121.1  2026-06-18 133.99 10.64 
KLAC                   KLA Corp  3390.57       Semiconductors  2026-06-17 238.73  2026-06-18 259.56  8.73 
  MU      Micron Technology Inc 12788.39       Semiconductors 2026-06-17 1043.19 2026-06-18 1133.99  8.70 
MRVL     Marvell Technology Inc  2716.95       Semiconductors  2026-06-17 289.54  2026-06-18 310.58  7.27 
 TXN      Texas Instruments Inc  2938.33       Semiconductors  2026-06-17 301.88  2026-06-18 322.86  6.95 
QCOM               Qualcomm Inc  2383.20       Semiconductors  2026-06-17 212.97  2026-06-18 226.11  6.17 
 GEV             GE Vernova Inc  2818.50 Electrical Equipment 2026-06-17 1048.86 2026-06-18 1109.73  5.80 
 VRT         Vertiv Holdings Co  1150.79 Electrical Equipment  2026-06-17 317.58  2026-06-18 333.05  4.87 
 AMD Advanced Micro Devices Inc  8356.50       Semiconductors  2026-06-17 512.48  2026-06-18 537.37  4.86 
 ADI         Analog Devices Inc  2018.73       Semiconductors  2026-06-17 414.45  2026-06-18 434.46  4.83 
AVGO               Broadcom Inc 19570.31       Semiconductors   2026-06-17 392.9  2026-06-18 411.35  4.70 
AMAT      Applied Materials Inc  4707.54       Semiconductors  2026-06-17 592.92  2026-06-18 617.11  4.08 
LRCX          Lam Research Corp  4679.39       Semiconductors  2026-06-17 374.18  2026-06-18 389.04  3.97 
 CAT            Caterpillar Inc  4403.32            Machinery  2026-06-17 955.92  2026-06-18 985.82  3.13 
 DIS             Walt Disney Co  1804.06                Media  2026-06-17 100.86  2026-06-18 103.89  3.00 
 ETN      Eaton Corporation PLC  1637.73 Electrical Equipment  2026-06-17 409.64  2026-06-18 421.77  2.96 
NVDA                NVIDIA Corp 49525.30       Semiconductors  2026-06-17 204.65  2026-06-18 210.69  2.95 
AMZN             Amazon.com Inc 25548.13               Retail   2026-06-17 237.5  2026-06-18 244.39  2.90 
ANET        Arista Networks Inc  2076.80       Communications  2026-06-17 164.93  2026-06-18 169.67  2.87 
