
=== 涨幅榜前20名股票 ===
股票代码                公司名称                市值(亿)               板块                     昨天收盘              今天收盘       涨跌幅(%)
RANI     Rani Therapeutics Holdings Inc  0.34               Pharmaceuticals   2025-10-16 0.47   2025-10-17 1.64 248.20
ARTV         Artiva Biotherapeutics Inc  0.68                 Biotechnology   2025-10-16 2.77   2025-10-17 6.01 116.97
 KZR            Kezar Life Sciences Inc  0.44                 Biotechnology   2025-10-16 4.17   2025-10-17 6.36  52.52
ACHV          Achieve Life Sciences Inc  2.18                 Biotechnology   2025-10-16 3.08    2025-10-17 4.2  36.36
LNKS             Linkers Industries Ltd  0.10          Electrical Equipment   2025-10-16 0.56   2025-10-17 0.73  30.36
LBRT                 Liberty Energy Inc 23.95                        Energy  2025-10-16 11.94  2025-10-17 15.32  28.31
BYND                    Beyond Meat Inc  0.52                 Food Products   2025-10-16 0.52   2025-10-17 0.65  24.15
REKR                  Rekor Systems Inc  3.71                    Technology    2025-10-16 2.6    2025-10-17 3.2  23.08
IRON                  Disc Medicine Inc 31.05                 Biotechnology  2025-10-16 74.36  2025-10-17 89.94  20.95
 CCO Clear Channel Outdoor Holdings Inc  6.98                         Media   2025-10-16 1.42    2025-10-17 1.7  19.72
UBXG                U-BX Technology Ltd  0.37                    Technology   2025-10-16 2.03   2025-10-17 2.42  19.21
ADVB                Advanced Biomed Inc  0.09                   Health Care    2025-10-16 0.4   2025-10-17 0.48  18.94
SPAI                 Safe Pro Group Inc  1.49           Aerospace & Defense   2025-10-16 7.53   2025-10-17 8.95  18.86
SONM             Sonim Technologies Inc  0.13                    Technology   2025-10-16 0.68   2025-10-17 0.81  18.62
 AGH       Aureus Greenway Holdings Inc  0.79 Hotels, Restaurants & Leisure   2025-10-16 5.01   2025-10-17 5.91  17.96
PRAX     Praxis Precision Medicines Inc 38.54                 Biotechnology 2025-10-16 162.71 2025-10-17 189.99  16.77
CYCU                       Cycurion Inc  0.20         Professional Services   2025-10-16 0.24   2025-10-17 0.28  16.60
 INV                     Innventure Inc  1.77            Financial Services   2025-10-16 3.04   2025-10-17 3.47  14.14
 MFI           mF International Limited  0.51            Financial Services  2025-10-16 32.34  2025-10-17 36.78  13.73
HTCO     High-Trend International Group  0.60                        Marine   2025-10-16 6.78   2025-10-17 7.67  13.13

=== 市值超过20亿的涨幅榜前20名股票 ===
 股票代码                   公司名称                    市值(亿)                 板块                       昨天收盘               今天收盘       涨跌幅(%)
 LBRT                       Liberty Energy Inc   23.95                           Energy   2025-10-16 11.94  2025-10-17 15.32 28.31 
 IRON                        Disc Medicine Inc   31.05                    Biotechnology   2025-10-16 74.36  2025-10-17 89.94 20.95 
 PRAX           Praxis Precision Medicines Inc   38.54                    Biotechnology  2025-10-16 162.71 2025-10-17 189.99 16.77 
 RVMD                 Revolution Medicines Inc  100.14                    Biotechnology   2025-10-16 49.68   2025-10-17 54.1  8.90 
  JEF            Jefferies Financial Group Inc  105.34               Financial Services    2025-10-16 48.8   2025-10-17 51.7  5.94 
  CNS                       Cohen & Steers Inc   34.94               Financial Services    2025-10-16 65.8  2025-10-17 69.62  5.81 
 IDYA                   IDEAYA Biosciences Inc   23.88                    Biotechnology   2025-10-16 27.69  2025-10-17 29.26  5.67 
  EBC                   Eastern Bankshares Inc   37.79                          Banking   2025-10-16 17.22  2025-10-17 18.17  5.52 
 APPF                             Appfolio Inc   83.40                       Technology  2025-10-16 223.31 2025-10-17 235.51  5.46 
 LUNR                   Intuitive Machines Inc   21.80              Aerospace & Defense   2025-10-16 11.83   2025-10-17 12.4  4.82 
 NNNN                      Anbio Biotechnology   39.84                    Biotechnology   2025-10-16 27.72   2025-10-17 29.0  4.62 
 COTY                                 Coty Inc   37.44                Consumer products    2025-10-16 4.15   2025-10-17 4.34  4.58 
  ZGN                     Ermenegildo Zegna NV   22.54 Textiles, Apparel & Luxury Goods    2025-10-16 10.0  2025-10-17 10.44  4.40 
 CHDN                      Churchill Downs Inc   61.81    Hotels, Restaurants & Leisure   2025-10-16 86.75  2025-10-17 90.53  4.36 
   EL               Estee Lauder Companies Inc  357.33                Consumer products    2025-10-16 96.8 2025-10-17 100.78  4.11 
  COF               Capital One Financial Corp 1338.89               Financial Services  2025-10-16 203.15 2025-10-17 211.34  4.03 
 ALLY                       Ally Financial Inc  120.89               Financial Services   2025-10-16 38.45  2025-10-17 39.82  3.56 
FCNCA First Citizens BancShares Inc (Delaware)  212.50                          Banking 2025-10-16 1638.68 2025-10-17 1695.0  3.44 
 APGE                  Apogee Therapeutics Inc   35.78                    Biotechnology    2025-10-16 53.4  2025-10-17 55.15  3.28 
 BANC                   Banc of California Inc   24.97                          Banking   2025-10-16 15.56  2025-10-17 16.05  3.15 

=== 市值超过50亿的涨幅榜前20名股票 ===
 股票代码                   公司名称                    市值(亿)                板块                     昨天收盘               今天收盘       涨跌幅(%)
 RVMD                 Revolution Medicines Inc  100.14                 Biotechnology   2025-10-16 49.68   2025-10-17 54.1  8.90 
  JEF            Jefferies Financial Group Inc  105.34            Financial Services    2025-10-16 48.8   2025-10-17 51.7  5.94 
 APPF                             Appfolio Inc   83.40                    Technology  2025-10-16 223.31 2025-10-17 235.51  5.46 
 CHDN                      Churchill Downs Inc   61.81 Hotels, Restaurants & Leisure   2025-10-16 86.75  2025-10-17 90.53  4.36 
   EL               Estee Lauder Companies Inc  357.33             Consumer products    2025-10-16 96.8 2025-10-17 100.78  4.11 
  COF               Capital One Financial Corp 1338.89            Financial Services  2025-10-16 203.15 2025-10-17 211.34  4.03 
 ALLY                       Ally Financial Inc  120.89            Financial Services   2025-10-16 38.45  2025-10-17 39.82  3.56 
FCNCA First Citizens BancShares Inc (Delaware)  212.50                       Banking 2025-10-16 1638.68 2025-10-17 1695.0  3.44 
  FDS             Factset Research Systems Inc  108.52            Financial Services  2025-10-16 278.01 2025-10-17 286.67  3.11 
  LRN                               Stride Inc   62.65 Diversified Consumer Services  2025-10-16 140.68 2025-10-17 144.95  3.04 
  OTF         Blue Owl Technology Finance Corp   65.73            Financial Services   2025-10-16 13.96  2025-10-17 14.37  2.94 
  HUM                               Humana Inc  330.03                   Health Care  2025-10-16 267.28 2025-10-17 275.01  2.89 
 BILL                        BILL Holdings Inc   51.22                    Technology   2025-10-16 49.65  2025-10-17 51.08  2.88 
 AXON                      Axon Enterprise Inc  517.56           Aerospace & Defense  2025-10-16 652.17 2025-10-17 670.68  2.84 
   CI                              Cigna Group  794.00                   Health Care  2025-10-16 291.07 2025-10-17 299.27  2.82 
 TXRH                      Texas Roadhouse Inc  117.61 Hotels, Restaurants & Leisure  2025-10-16 172.74 2025-10-17 177.48  2.74 
 PNFP          Pinnacle Financial Partners Inc   66.66                       Banking   2025-10-16 84.74  2025-10-17 87.02  2.69 
  VNT                             Vontier Corp   61.69          Electrical Equipment    2025-10-16 41.4  2025-10-17 42.51  2.68 
  ACI                 Albertsons Companies Inc  108.68                        Retail   2025-10-16 19.23  2025-10-17 19.74  2.65 
 ISRG                   Intuitive Surgical Inc 1589.84                   Health Care  2025-10-16 434.62 2025-10-17 446.13  2.65 

=== 市值超过100亿的涨幅榜前20名股票 ===
 股票代码                   公司名称                    市值(亿)                 板块                     昨天收盘               今天收盘       涨跌幅(%)
 RVMD                 Revolution Medicines Inc   100.14                 Biotechnology   2025-10-16 49.68   2025-10-17 54.1  8.90 
  JEF            Jefferies Financial Group Inc   105.34            Financial Services    2025-10-16 48.8   2025-10-17 51.7  5.94 
   EL               Estee Lauder Companies Inc   357.33             Consumer products    2025-10-16 96.8 2025-10-17 100.78  4.11 
  COF               Capital One Financial Corp  1338.89            Financial Services  2025-10-16 203.15 2025-10-17 211.34  4.03 
 ALLY                       Ally Financial Inc   120.89            Financial Services   2025-10-16 38.45  2025-10-17 39.82  3.56 
FCNCA First Citizens BancShares Inc (Delaware)   212.50                       Banking 2025-10-16 1638.68 2025-10-17 1695.0  3.44 
  FDS             Factset Research Systems Inc   108.52            Financial Services  2025-10-16 278.01 2025-10-17 286.67  3.11 
  HUM                               Humana Inc   330.03                   Health Care  2025-10-16 267.28 2025-10-17 275.01  2.89 
 AXON                      Axon Enterprise Inc   517.56           Aerospace & Defense  2025-10-16 652.17 2025-10-17 670.68  2.84 
   CI                              Cigna Group   794.00                   Health Care  2025-10-16 291.07 2025-10-17 299.27  2.82 
 TXRH                      Texas Roadhouse Inc   117.61 Hotels, Restaurants & Leisure  2025-10-16 172.74 2025-10-17 177.48  2.74 
  ACI                 Albertsons Companies Inc   108.68                        Retail   2025-10-16 19.23  2025-10-17 19.74  2.65 
 ISRG                   Intuitive Surgical Inc  1589.84                   Health Care  2025-10-16 434.62 2025-10-17 446.13  2.65 
 TSLA                                Tesla Inc 14461.58                   Automobiles  2025-10-16 428.75 2025-10-17 439.31  2.46 
  LEN                              Lennar Corp   314.22             Consumer products  2025-10-16 122.87 2025-10-17 125.82  2.40 
  JBS                                   Jbs NV   136.05                 Food Products   2025-10-16 12.73  2025-10-17 13.03  2.36 
  LYV            Live Nation Entertainment Inc   358.90                         Media  2025-10-16 151.71 2025-10-17 155.19  2.29 
   BG                          Bunge Global SA   193.98                 Food Products   2025-10-16 95.33   2025-10-17 97.5  2.28 
  EXE                       Expand Energy Corp   238.55                        Energy   2025-10-16 98.59 2025-10-17 100.78  2.22 
  GPN                      Global Payments Inc   205.88            Financial Services   2025-10-16 83.66  2025-10-17 85.42  2.10 

=== 市值超过200亿的涨幅榜前20名股票 ===
 股票代码                   公司名称                    市值(亿)                 板块                      昨天收盘               今天收盘       涨跌幅(%)
   EL               Estee Lauder Companies Inc   357.33              Consumer products    2025-10-16 96.8 2025-10-17 100.78  4.11 
  COF               Capital One Financial Corp  1338.89             Financial Services  2025-10-16 203.15 2025-10-17 211.34  4.03 
FCNCA First Citizens BancShares Inc (Delaware)   212.50                        Banking 2025-10-16 1638.68 2025-10-17 1695.0  3.44 
  HUM                               Humana Inc   330.03                    Health Care  2025-10-16 267.28 2025-10-17 275.01  2.89 
 AXON                      Axon Enterprise Inc   517.56            Aerospace & Defense  2025-10-16 652.17 2025-10-17 670.68  2.84 
   CI                              Cigna Group   794.00                    Health Care  2025-10-16 291.07 2025-10-17 299.27  2.82 
 ISRG                   Intuitive Surgical Inc  1589.84                    Health Care  2025-10-16 434.62 2025-10-17 446.13  2.65 
 TSLA                                Tesla Inc 14461.58                    Automobiles  2025-10-16 428.75 2025-10-17 439.31  2.46 
  LEN                              Lennar Corp   314.22              Consumer products  2025-10-16 122.87 2025-10-17 125.82  2.40 
  LYV            Live Nation Entertainment Inc   358.90                          Media  2025-10-16 151.71 2025-10-17 155.19  2.29 
  EXE                       Expand Energy Corp   238.55                         Energy   2025-10-16 98.59 2025-10-17 100.78  2.22 
  GPN                      Global Payments Inc   205.88             Financial Services   2025-10-16 83.66  2025-10-17 85.42  2.10 
  CME                            CME Group Inc   958.86             Financial Services  2025-10-16 262.51 2025-10-17 267.93  2.07 
 PYPL                      PayPal Holdings Inc   634.18             Financial Services   2025-10-16 66.05  2025-10-17 67.41  2.06 
  CAH                      Cardinal Health Inc   368.63                    Health Care  2025-10-16 153.27 2025-10-17 156.41  2.05 
  HPE            Hewlett Packard Enterprise Co   299.52                     Technology    2025-10-16 22.5  2025-10-17 22.96  2.04 
 CTAS                              Cintas Corp   755.23 Commercial Services & Supplies  2025-10-16 184.36  2025-10-17 188.1  2.03 
   MA                           Mastercard Inc  5065.09             Financial Services  2025-10-16 549.88 2025-10-17 560.97  2.02 
    V                                 Visa Inc  6570.19             Financial Services   2025-10-16 335.4 2025-10-17 341.89  1.94 
  IBM     International Business Machines Corp  2575.65                     Technology  2025-10-16 275.97 2025-10-17 281.28  1.92 

=== 市值超过1000亿的涨跌榜前20名股票 ===
 股票代码                 公司名称                  市值(亿)                  板块                       昨天收盘              今天收盘       涨跌幅(%)
  COF           Capital One Financial Corp  1338.89               Financial Services 2025-10-16 203.15 2025-10-17 211.34  4.03 
 ISRG               Intuitive Surgical Inc  1589.84                      Health Care 2025-10-16 434.62 2025-10-17 446.13  2.65 
 TSLA                            Tesla Inc 14461.58                      Automobiles 2025-10-16 428.75 2025-10-17 439.31  2.46 
   MA                       Mastercard Inc  5065.09               Financial Services 2025-10-16 549.88 2025-10-17 560.97  2.02 
    V                             Visa Inc  6570.19               Financial Services  2025-10-16 335.4 2025-10-17 341.89  1.94 
  IBM International Business Machines Corp  2575.65                       Technology 2025-10-16 275.97 2025-10-17 281.28  1.92 
  BAC                 Bank of America Corp  3804.95                          Banking  2025-10-16 50.44  2025-10-17 51.28  1.67 
 CSCO                    Cisco Systems Inc  2756.96                   Communications  2025-10-16 69.09  2025-10-17 70.13  1.51 
  XOM                     Exxon Mobil Corp  4756.08                           Energy 2025-10-16 110.64 2025-10-17 112.24  1.45 
  CVS                      CVS Health Corp  1041.93                      Health Care  2025-10-16 81.37  2025-10-17 82.52  1.41 
   PM      Philip Morris International Inc  2464.00                          Tobacco 2025-10-16 155.98 2025-10-17 158.06  1.33 
 TMUS                      T-Mobile US Inc  2570.68                Telecommunication 2025-10-16 226.45 2025-10-17 229.33  1.27 
   KO                         Coca-Cola Co  2936.39                        Beverages  2025-10-16 67.59  2025-10-17 68.44  1.26 
   MO                     Altria Group Inc  1089.75                          Tobacco  2025-10-16 64.26  2025-10-17 65.05  1.23 
   HD                       Home Depot Inc  3899.92                           Retail 2025-10-16 387.39  2025-10-17 391.9  1.16 
 COST                Costco Wholesale Corp  4148.16                           Retail 2025-10-16 925.62 2025-10-17 936.33  1.16 
LVMHF  LVMH Moet Hennessy Louis Vuitton SE  3008.26 Textiles, Apparel & Luxury Goods  2025-10-16 700.0  2025-10-17 708.0  1.14 
 SPOT                Spotify Technology SA  1353.38                            Media 2025-10-16 664.46 2025-10-17 671.52  1.06 
   BN                      Brookfield Corp  1090.73               Financial Services  2025-10-16 44.02  2025-10-17 44.46  1.00 
CMCSA                         Comcast Corp  1088.65                            Media  2025-10-16 29.26  2025-10-17 29.54  0.96 
