
=== 涨幅榜前20名股票 ===
股票代码                 公司名称                 市值(亿)                板块                      昨天收盘              今天收盘       涨跌幅(%)
LPTX               Leap Therapeutics Inc    0.22                  Biotechnology   2025-10-03 0.53   2025-10-06 0.76 43.01 
FEMY                         Femasys Inc    0.27                    Health Care   2025-10-03 0.63   2025-10-06 0.84 33.21 
APDN            Applied DNA Sciences Inc    0.06 Life Sciences Tools & Services   2025-10-03 4.27   2025-10-06 5.62 31.62 
FLUX             Flux Power Holdings Inc    0.63           Electrical Equipment   2025-10-03 3.73    2025-10-06 4.9 31.37 
PCSA        Processa Pharmaceuticals Inc    0.11                Pharmaceuticals   2025-10-03 0.21   2025-10-06 0.28 30.99 
PMAX                      Powell Max Ltd    0.04             Financial Services   2025-10-03 2.31   2025-10-06 2.99 29.64 
BZAI                 Blaize Holdings Inc    4.03                 Semiconductors   2025-10-03 3.93   2025-10-06 5.05 28.50 
KOPN                          Kopin Corp    4.59                 Semiconductors   2025-10-03 2.82   2025-10-06 3.57 26.60 
FCUV                 Focus Universal Inc    0.25           Electrical Equipment    2025-10-03 3.4   2025-10-06 4.26 25.11 
ORIC            Oric Pharmaceuticals Inc   11.23                  Biotechnology  2025-10-03 11.56  2025-10-06 14.41 24.60 
 AMD          Advanced Micro Devices Inc 2672.34                 Semiconductors 2025-10-03 164.67 2025-10-06 203.71 23.71 
CLIR         ClearSign Technologies Corp    0.45                      Machinery   2025-10-03 0.86   2025-10-06 1.06 23.26 
 CDT                      CDT Equity Inc    0.02 Life Sciences Tools & Services   2025-10-03 0.68   2025-10-06 0.83 22.93 
SANM                        Sanmina Corp   60.79           Electrical Equipment 2025-10-03 114.08  2025-10-06 140.0 22.72 
 SGD       Safe & Green Development Corp    0.06                    Real Estate   2025-10-03 1.18   2025-10-06 1.45 22.46 
 DDC                  DDC Enterprise Ltd    0.81                  Food Products   2025-10-03 7.47   2025-10-06 9.13 22.22 
SENS             Senseonics Holdings Inc    3.77                    Health Care   2025-10-03 0.46   2025-10-06 0.56 22.03 
 MFH       Mercurity Fintech Holding Inc   20.32                     Technology  2025-10-03 29.41  2025-10-06 35.79 21.69 
RVPH Reviva Pharmaceuticals Holdings Inc    0.53                Pharmaceuticals   2025-10-03 0.55   2025-10-06 0.67 21.69 
SMTK                        SmartKem Inc    0.10                 Semiconductors   2025-10-03 2.28   2025-10-06 2.77 21.49 

=== 市值超过20亿的涨幅榜前20名股票 ===
股票代码              公司名称              市值(亿)           板块                 昨天收盘              今天收盘       涨跌幅(%)
 AMD    Advanced Micro Devices Inc 2672.34       Semiconductors 2025-10-03 164.67 2025-10-06 203.71 23.71 
SANM                  Sanmina Corp   60.79 Electrical Equipment 2025-10-03 114.08  2025-10-06 140.0 22.72 
 MFH Mercurity Fintech Holding Inc   20.32           Technology  2025-10-03 29.41  2025-10-06 35.79 21.69 
OPEN     Opendoor Technologies Inc   59.69          Real Estate   2025-10-03 8.11   2025-10-06 9.28 14.43 
RIOT            Riot Platforms Inc   71.85           Technology  2025-10-03 19.44  2025-10-06 21.56 10.91 
FLNC            Fluence Energy Inc   25.17 Electrical Equipment  2025-10-03 13.79  2025-10-06 15.26 10.66 
ALAB               Astera Labs Inc  333.67       Semiconductors 2025-10-03 200.74 2025-10-06 220.81 10.00 
OKLO                      Oklo Inc  188.00            Utilities 2025-10-03 127.36 2025-10-06 138.56  8.79 
ENVX                   Enovix Corp   23.43 Electrical Equipment  2025-10-03 11.92  2025-10-06 12.96  8.72 
VKTX       Viking Therapeutics Inc   33.42        Biotechnology  2025-10-03 29.72  2025-10-06 32.28  8.61 
PLUG                Plug Power Inc   45.08 Electrical Equipment   2025-10-03 3.81   2025-10-06 4.13  8.40 
ASTS           AST SpaceMobile Inc  244.82    Telecommunication  2025-10-03 67.76   2025-10-06 72.9  7.59 
ONDS            Ondas Holdings Inc   31.81       Communications   2025-10-03 9.91  2025-10-06 10.66  7.57 
BTDR    Bitdeer Technologies Group   41.12           Technology  2025-10-03 19.42  2025-10-06 20.89  7.57 
FORM                FormFactor Inc   30.61       Semiconductors  2025-10-03 39.69  2025-10-06 42.57  7.26 
ASAN                     Asana Inc   32.25           Technology  2025-10-03 13.65   2025-10-06 14.6  6.96 
BBAI       BigBear.ai Holdings Inc   26.65           Technology   2025-10-03 7.19   2025-10-06 7.69  6.95 
CYTK              Cytokinetics Inc   68.17        Biotechnology  2025-10-03 56.97  2025-10-06 60.64  6.44 
BEPC     Brookfield Renewable Corp   51.93            Utilities  2025-10-03 35.84  2025-10-06 38.07  6.22 
GSAT                Globalstar Inc   53.37    Telecommunication  2025-10-03 42.13  2025-10-06 44.74  6.20 

=== 市值超过50亿的涨幅榜前20名股票 ===
股票代码            公司名称             市值(亿)            板块                 昨天收盘              今天收盘       涨跌幅(%)
 AMD Advanced Micro Devices Inc  2672.34       Semiconductors 2025-10-03 164.67 2025-10-06 203.71 23.71 
SANM               Sanmina Corp    60.79 Electrical Equipment 2025-10-03 114.08  2025-10-06 140.0 22.72 
OPEN  Opendoor Technologies Inc    59.69          Real Estate   2025-10-03 8.11   2025-10-06 9.28 14.43 
RIOT         Riot Platforms Inc    71.85           Technology  2025-10-03 19.44  2025-10-06 21.56 10.91 
ALAB            Astera Labs Inc   333.67       Semiconductors 2025-10-03 200.74 2025-10-06 220.81 10.00 
OKLO                   Oklo Inc   188.00            Utilities 2025-10-03 127.36 2025-10-06 138.56  8.79 
ASTS        AST SpaceMobile Inc   244.82    Telecommunication  2025-10-03 67.76   2025-10-06 72.9  7.59 
CYTK           Cytokinetics Inc    68.17        Biotechnology  2025-10-03 56.97  2025-10-06 60.64  6.44 
BEPC  Brookfield Renewable Corp    51.93            Utilities  2025-10-03 35.84  2025-10-06 38.07  6.22 
GSAT             Globalstar Inc    53.37    Telecommunication  2025-10-03 42.13  2025-10-06 44.74  6.20 
  PI                 Impinj Inc    53.87       Semiconductors 2025-10-03 185.19 2025-10-06 196.13  5.91 
AAON                   Aaon Inc    80.16             Building  2025-10-03 98.32 2025-10-06 103.85  5.62 
TSLA                  Tesla Inc 14292.50          Automobiles 2025-10-03 429.83 2025-10-06 453.25  5.45 
CFLT              Confluent Inc    69.98           Technology   2025-10-03 20.3  2025-10-06 21.26  4.73 
AVAV          AeroVironment Inc   187.07  Aerospace & Defense 2025-10-03 374.64 2025-10-06 391.88  4.60 
 SMR         Nuscale Power Corp   114.29 Electrical Equipment  2025-10-03 40.12  2025-10-06 41.94  4.54 
APLD       Applied Digital Corp    69.38           Technology  2025-10-03 26.53  2025-10-06 27.71  4.45 
SOFI      SoFi Technologies Inc   299.19   Financial Services  2025-10-03 25.24  2025-10-06 26.36  4.44 
 MOD    Modine Manufacturing Co    77.48      Auto Components 2025-10-03 147.61 2025-10-06 153.92  4.27 
IESC           IES Holdings Inc    76.05         Construction 2025-10-03 383.02 2025-10-06 399.38  4.27 

=== 市值超过100亿的涨幅榜前20名股票 ===
股票代码                    公司名称                    市值(亿)                 板块                     昨天收盘               今天收盘        涨跌幅(%)
 AMD                Advanced Micro Devices Inc  2672.34                Semiconductors  2025-10-03 164.67  2025-10-06 203.71 23.71 
ALAB                           Astera Labs Inc   333.67                Semiconductors  2025-10-03 200.74  2025-10-06 220.81 10.00 
OKLO                                  Oklo Inc   188.00                     Utilities  2025-10-03 127.36  2025-10-06 138.56  8.79 
ASTS                       AST SpaceMobile Inc   244.82             Telecommunication   2025-10-03 67.76    2025-10-06 72.9  7.59 
TSLA                                 Tesla Inc 14292.50                   Automobiles  2025-10-03 429.83  2025-10-06 453.25  5.45 
AVAV                         AeroVironment Inc   187.07           Aerospace & Defense  2025-10-03 374.64  2025-10-06 391.88  4.60 
 SMR                        Nuscale Power Corp   114.29          Electrical Equipment   2025-10-03 40.12   2025-10-06 41.94  4.54 
SOFI                     SoFi Technologies Inc   299.19            Financial Services   2025-10-03 25.24   2025-10-06 26.36  4.44 
HIMS                    Hims & Hers Health Inc   118.75                   Health Care   2025-10-03 52.54   2025-10-06 54.76  4.23 
KTOS Kratos Defense and Security Solutions Inc   162.36           Aerospace & Defense   2025-10-03 96.19  2025-10-06 100.25  4.22 
RGTI                     Rigetti Computing Inc   129.86                Semiconductors   2025-10-03 40.06   2025-10-06 41.71  4.12 
 HUM                                Humana Inc   341.24                   Health Care  2025-10-03 283.72   2025-10-06 295.2  4.05 
  MP                         MP Materials Corp   126.63               Metals & Mining    2025-10-03 71.5   2025-10-06 74.33  3.96 
DASH                              DoorDash Inc  1158.64 Hotels, Restaurants & Leisure  2025-10-03 271.22  2025-10-06 281.74  3.88 
 XPO                                   XPO Inc   151.32                   Road & Rail   2025-10-03 128.5  2025-10-06 133.45  3.85 
GRAB                         Grab Holdings Ltd   251.08                   Road & Rail    2025-10-03 6.16    2025-10-06 6.39  3.73 
PLTR                 Palantir Technologies Inc  4105.82                    Technology  2025-10-03 173.07  2025-10-06 179.53  3.73 
DELL                     Dell Technologies Inc   946.30                    Technology  2025-10-03 140.74  2025-10-06 145.76  3.57 
DOCU                              DocuSign Inc   140.23                    Technology   2025-10-03 69.73   2025-10-06 72.17  3.50 
KLAC                                  KLA Corp  1453.62                Semiconductors 2025-10-03 1101.55 2025-10-06 1139.71  3.46 

=== 市值超过200亿的涨幅榜前20名股票 ===
股票代码               公司名称                市值(亿)                 板块                      昨天收盘               今天收盘        涨跌幅(%)
 AMD       Advanced Micro Devices Inc  2672.34                 Semiconductors  2025-10-03 164.67  2025-10-06 203.71 23.71 
ALAB                  Astera Labs Inc   333.67                 Semiconductors  2025-10-03 200.74  2025-10-06 220.81 10.00 
ASTS              AST SpaceMobile Inc   244.82              Telecommunication   2025-10-03 67.76    2025-10-06 72.9  7.59 
TSLA                        Tesla Inc 14292.50                    Automobiles  2025-10-03 429.83  2025-10-06 453.25  5.45 
SOFI            SoFi Technologies Inc   299.19             Financial Services   2025-10-03 25.24   2025-10-06 26.36  4.44 
 HUM                       Humana Inc   341.24                    Health Care  2025-10-03 283.72   2025-10-06 295.2  4.05 
DASH                     DoorDash Inc  1158.64  Hotels, Restaurants & Leisure  2025-10-03 271.22  2025-10-06 281.74  3.88 
GRAB                Grab Holdings Ltd   251.08                    Road & Rail    2025-10-03 6.16    2025-10-06 6.39  3.73 
PLTR        Palantir Technologies Inc  4105.82                     Technology  2025-10-03 173.07  2025-10-06 179.53  3.73 
DELL            Dell Technologies Inc   946.30                     Technology  2025-10-03 140.74  2025-10-06 145.76  3.57 
KLAC                         KLA Corp  1453.62                 Semiconductors 2025-10-03 1101.55 2025-10-06 1139.71  3.46 
MRVL           Marvell Technology Inc   743.30                 Semiconductors   2025-10-03 86.22   2025-10-06 88.92  3.13 
PYPL              PayPal Holdings Inc   661.60             Financial Services   2025-10-03 69.25   2025-10-06 71.29  2.95 
RBLX                      Roblox Corp   850.54                          Media  2025-10-03 122.69  2025-10-06 126.27  2.92 
ANET              Arista Networks Inc  1828.74                 Communications   2025-10-03 145.5   2025-10-06 149.5  2.75 
 NEE               Nextera Energy Inc  1648.67                      Utilities   2025-10-03 80.06   2025-10-06 82.11  2.56 
 EME                  EMCOR Group Inc   292.94                   Construction  2025-10-03 654.41   2025-10-06 670.0  2.38 
 MTD Mettler-Toledo International Inc   270.68 Life Sciences Tools & Services 2025-10-03 1314.04 2025-10-06 1345.27  2.38 
LRCX                Lam Research Corp  1838.71                 Semiconductors  2025-10-03 145.81  2025-10-06 149.15  2.29 
 CRM                   Salesforce Inc  2288.23                     Technology  2025-10-03 240.36  2025-10-06 245.78  2.25 

=== 市值超过1000亿的涨跌榜前20名股票 ===
 股票代码                 公司名称                 市值(亿)                  板块                       昨天收盘               今天收盘        涨跌幅(%)
  AMD          Advanced Micro Devices Inc  2672.34                   Semiconductors  2025-10-03 164.67  2025-10-06 203.71 23.71 
 TSLA                           Tesla Inc 14292.50                      Automobiles  2025-10-03 429.83  2025-10-06 453.25  5.45 
 DASH                        DoorDash Inc  1158.64    Hotels, Restaurants & Leisure  2025-10-03 271.22  2025-10-06 281.74  3.88 
 PLTR           Palantir Technologies Inc  4105.82                       Technology  2025-10-03 173.07  2025-10-06 179.53  3.73 
 KLAC                            KLA Corp  1453.62                   Semiconductors 2025-10-03 1101.55 2025-10-06 1139.71  3.46 
 ANET                 Arista Networks Inc  1828.74                   Communications   2025-10-03 145.5   2025-10-06 149.5  2.75 
  NEE                  Nextera Energy Inc  1648.67                        Utilities   2025-10-03 80.06   2025-10-06 82.11  2.56 
 LRCX                   Lam Research Corp  1838.71                   Semiconductors  2025-10-03 145.81  2025-10-06 149.15  2.29 
  CRM                      Salesforce Inc  2288.23                       Technology  2025-10-03 240.36  2025-10-06 245.78  2.25 
LVMHF LVMH Moet Hennessy Louis Vuitton SE  2762.98 Textiles, Apparel & Luxury Goods   2025-10-03 646.5   2025-10-06 660.0  2.09 
 GOOG                        Alphabet Inc 29712.76                            Media  2025-10-03 246.45  2025-10-06 251.51  2.05 
  ETN               Eaton Corporation PLC  1453.88             Electrical Equipment  2025-10-03 373.46  2025-10-06 380.02  1.76 
  BLK                       BlackRock Inc  1894.08               Financial Services 2025-10-03 1160.69 2025-10-06 1179.27  1.60 
 CSCO                   Cisco Systems Inc  2685.01                   Communications   2025-10-03 67.92   2025-10-06 68.91  1.46 
  GEV                      GE Vernova Inc  1619.71             Electrical Equipment  2025-10-03 594.99  2025-10-06 603.22  1.38 
  RTX                            RTX Corp  2229.74              Aerospace & Defense  2025-10-03 166.58   2025-10-06 168.8  1.33 
  TJX                   TJX Companies Inc  1572.92                           Retail  2025-10-03 141.33  2025-10-06 143.11  1.26 
  CEG           Constellation Energy Corp  1124.66                        Utilities   2025-10-03 360.0   2025-10-06 364.1  1.14 
  HCA                  HCA Healthcare Inc  1005.10                      Health Care  2025-10-03 429.54  2025-10-06 433.55  0.93 
   GS             Goldman Sachs Group Inc  2391.44               Financial Services  2025-10-03 789.98  2025-10-06 796.78  0.86 
