
=== 涨幅榜前20名股票 ===
 股票代码                    公司名称                    市值(亿)                板块                      昨天收盘             今天收盘        涨跌幅(%)
 VRPX                 Virpax Pharmaceuticals Inc  0.00                  Pharmaceuticals   2026-06-15 0.0  2026-06-16 0.01 1287.50
 ENFY                             Enlightify Inc  0.00                        Chemicals   2026-06-15 0.0  2026-06-16 0.01  325.00
 CARM                   Carisma Therapeutics Inc  0.00                    Biotechnology  2026-06-15 0.01  2026-06-16 0.02  261.02
 OBAI                              Our Bond, Inc  0.24   Commercial Services & Supplies  2026-06-15 0.53  2026-06-16 1.11  109.43
 CCTG CCSC Technology International Holdings Ltd  0.05             Electrical Equipment  2026-06-15 0.78  2026-06-16 1.48   89.99
 CRVO                               CervoMed Inc  0.42                    Biotechnology  2026-06-15 2.48  2026-06-16 4.52   82.26
 NMRA                   Neumora Therapeutics Inc  2.31                  Pharmaceuticals  2026-06-15 0.92  2026-06-16 1.56   70.49
 IVDA                        Iveda Solutions Inc  0.06                       Technology  2026-06-15 0.32  2026-06-16 0.51   60.94
 LPRO                          Open Lending Corp  3.68               Financial Services   2026-06-15 2.1  2026-06-16 3.11   48.10
 FTHM                        Fathom Holdings Inc  0.18                      Real Estate  2026-06-15 0.44  2026-06-16 0.63   43.86
  RTB                                  Ryvyl Inc  0.11               Financial Services  2026-06-15 6.67  2026-06-16 9.37   40.48
 TDIC                              Dreamland Ltd  0.14                            Media  2026-06-15 5.43   2026-06-16 7.6   39.96
 AHMA     Ambitions Enterprise Management Co LLC  0.80                            Media  2026-06-15 1.93  2026-06-16 2.69   39.38
 VNCE                         Vince Holding Corp  0.57 Textiles, Apparel & Luxury Goods  2026-06-15 5.01  2026-06-16 6.95   38.72
 TRNR                   Interactive Strength Inc  0.02                 Leisure Products  2026-06-15 0.52  2026-06-16 0.72   37.56
 OTLK                   Outlook Therapeutics Inc  2.23                    Biotechnology  2026-06-15 1.16  2026-06-16 1.57   35.34
 INLX                          Intellinetics Inc  0.32                       Technology   2026-06-15 5.4   2026-06-16 7.1   31.48
DGICB                          Donegal Group Inc  6.52                        Insurance 2026-06-15 18.22 2026-06-16 23.69   30.02
 CNXU                       Conexeu Sciences Inc  3.03                    Biotechnology  2026-06-15 9.82 2026-06-16 12.52   27.49
 SUGP                      SU Group Holdings Ltd  0.02   Commercial Services & Supplies  2026-06-15 0.88  2026-06-16 1.11   25.99

=== 市值超过20亿的涨幅榜前20名股票 ===
 股票代码            公司名称            市值(亿)            板块                 昨天收盘              今天收盘       涨跌幅(%)
 LION     Lionsgate Studios Corp  47.13                 Media  2026-06-15 14.37  2026-06-16 16.36 13.85 
 MGNI                Magnite Inc  26.57                 Media  2026-06-15 16.75  2026-06-16 18.55 10.75 
 SSRM             SSR Mining Inc  66.04       Metals & Mining  2026-06-15 28.94  2026-06-16 31.83  9.99 
ELIAF              Elia Group SA 145.99             Utilities 2026-06-15 142.11 2026-06-16 154.75  8.89 
 RBLX                Roblox Corp 340.66                 Media  2026-06-15 45.66  2026-06-16 49.34  8.06 
 INOD               Innodata Inc  35.82 Professional Services  2026-06-15 99.66 2026-06-16 107.42  7.79 
 KRMN        Karman Holdings Inc  68.52   Aerospace & Defense  2026-06-15 48.27   2026-06-16 51.7  7.11 
 EOSE Eos Energy Enterprises Inc  23.27  Electrical Equipment   2026-06-15 6.38   2026-06-16 6.81  6.74 
AMSYF           ArcelorMittal SA 445.69       Metals & Mining  2026-06-15 64.67  2026-06-16 68.95  6.62 
 CARG               CarGurus Inc  26.86                 Media  2026-06-15 27.94  2026-06-16 29.78  6.59 
  YSS     York Space Systems Inc  42.33   Aerospace & Defense   2026-06-15 30.5  2026-06-16 32.49  6.52 
 HLNE          Hamilton Lane Inc  48.44    Financial Services  2026-06-15 81.99  2026-06-16 87.22  6.38 
 MRNA                Moderna Inc 219.82         Biotechnology  2026-06-15 52.13   2026-06-16 55.4  6.27 
 ESAB                  ESAB Corp  61.86             Machinery  2026-06-15 96.72  2026-06-16 102.5  5.98 
 GRND                 Grindr Inc  23.74                 Media  2026-06-15 12.63  2026-06-16 13.36  5.78 
 CYTK           Cytokinetics Inc  93.59         Biotechnology  2026-06-15 71.38  2026-06-16 75.21  5.37 
 FRMI                  Fermi Inc  50.24           Real Estate   2026-06-15 7.48   2026-06-16 7.88  5.35 
 KEEL   Keel Infrastructure Corp  35.99            Technology   2026-06-15 5.66   2026-06-16 5.96  5.30 
  TLN          Talen Energy Corp 188.07             Utilities 2026-06-15 386.21 2026-06-16 406.51  5.26 
 CPNG                Coupang Inc 323.65                Retail  2026-06-15 17.13  2026-06-16 18.03  5.25 

=== 市值超过50亿的涨幅榜前20名股票 ===
 股票代码                 公司名称                 市值(亿)                  板块                       昨天收盘              今天收盘       涨跌幅(%)
 SSRM                      SSR Mining Inc    66.04                  Metals & Mining  2026-06-15 28.94  2026-06-16 31.83  9.99 
ELIAF                       Elia Group SA   145.99                        Utilities 2026-06-15 142.11 2026-06-16 154.75  8.89 
 RBLX                         Roblox Corp   340.66                            Media  2026-06-15 45.66  2026-06-16 49.34  8.06 
 KRMN                 Karman Holdings Inc    68.52              Aerospace & Defense  2026-06-15 48.27   2026-06-16 51.7  7.11 
AMSYF                    ArcelorMittal SA   445.69                  Metals & Mining  2026-06-15 64.67  2026-06-16 68.95  6.62 
 MRNA                         Moderna Inc   219.82                    Biotechnology  2026-06-15 52.13   2026-06-16 55.4  6.27 
 ESAB                           ESAB Corp    61.86                        Machinery  2026-06-15 96.72  2026-06-16 102.5  5.98 
 CYTK                    Cytokinetics Inc    93.59                    Biotechnology  2026-06-15 71.38  2026-06-16 75.21  5.37 
 FRMI                           Fermi Inc    50.24                      Real Estate   2026-06-15 7.48   2026-06-16 7.88  5.35 
  TLN                   Talen Energy Corp   188.07                        Utilities 2026-06-15 386.21 2026-06-16 406.51  5.26 
 CPNG                         Coupang Inc   323.65                           Retail  2026-06-15 17.13  2026-06-16 18.03  5.25 
 EQPT              Equipmentshare.Com Inc    54.58 Trading Companies & Distributors  2026-06-15 21.24  2026-06-16 22.34  5.18 
 MAAS                           Maase Inc    65.29                        Insurance  2026-06-15 15.11  2026-06-16 15.88  5.10 
 SPCX Space Exploration Technologies Corp 27747.93                              N/A  2026-06-15 192.5  2026-06-16 201.8  4.83 
 CART                       Maplebear Inc   104.38                           Retail  2026-06-15 42.18  2026-06-16 44.21  4.81 
  IBP     Installed Building Products Inc    58.69                Consumer products 2026-06-15 208.59 2026-06-16 217.86  4.44 
 CELH                Celsius Holdings Inc    76.72                        Beverages  2026-06-15 28.74  2026-06-16 30.01  4.42 
 HIMS              Hims & Hers Health Inc    72.15                      Health Care  2026-06-15 30.17  2026-06-16 31.47  4.31 
 ENSG                    Ensign Group Inc    91.67                      Health Care 2026-06-15 150.71 2026-06-16 156.93  4.13 
   OC                       Owens Corning   101.98                         Building  2026-06-15 123.4 2026-06-16 128.37  4.03 

=== 市值超过100亿的涨幅榜前20名股票 ===
 股票代码                 公司名称                 市值(亿)            板块                 昨天收盘              今天收盘       涨跌幅(%)
ELIAF                       Elia Group SA   145.99            Utilities 2026-06-15 142.11 2026-06-16 154.75  8.89 
 RBLX                         Roblox Corp   340.66                Media  2026-06-15 45.66  2026-06-16 49.34  8.06 
AMSYF                    ArcelorMittal SA   445.69      Metals & Mining  2026-06-15 64.67  2026-06-16 68.95  6.62 
 MRNA                         Moderna Inc   219.82        Biotechnology  2026-06-15 52.13   2026-06-16 55.4  6.27 
  TLN                   Talen Energy Corp   188.07            Utilities 2026-06-15 386.21 2026-06-16 406.51  5.26 
 CPNG                         Coupang Inc   323.65               Retail  2026-06-15 17.13  2026-06-16 18.03  5.25 
 SPCX Space Exploration Technologies Corp 27747.93                  N/A  2026-06-15 192.5  2026-06-16 201.8  4.83 
 CART                       Maplebear Inc   104.38               Retail  2026-06-15 42.18  2026-06-16 44.21  4.81 
   OC                       Owens Corning   101.98             Building  2026-06-15 123.4 2026-06-16 128.37  4.03 
 FISV                          Fiserv Inc   263.48   Financial Services  2026-06-15 47.91  2026-06-16 49.83  4.01 
 AFRM                 Affirm Holdings Inc   250.14   Financial Services   2026-06-15 71.9  2026-06-16 74.69  3.88 
  JPM                 JPMorgan Chase & Co  8838.37              Banking  2026-06-15 319.4 2026-06-16 331.14  3.68 
 ASND                 Ascendis Pharma A/S   143.16        Biotechnology 2026-06-15 223.29  2026-06-16 231.2  3.54 
 SOFI               SoFi Technologies Inc   227.17   Financial Services  2026-06-15 17.13  2026-06-16 17.71  3.39 
  VST                         Vistra Corp   540.27            Utilities 2026-06-15 153.52 2026-06-16 158.61  3.32 
  MCO                        Moody's Corp   820.05   Financial Services 2026-06-15 454.06 2026-06-16 468.41  3.16 
  COF          Capital One Financial Corp  1222.18   Financial Services 2026-06-15 194.62 2026-06-16 200.62  3.08 
  TOL                   Toll Brothers Inc   143.26    Consumer products 2026-06-15 148.71 2026-06-16 153.27  3.07 
SAFRF                           Safran SA  1319.12  Aerospace & Defense 2026-06-15 367.75  2026-06-16 379.0  3.06 
SBGSF               Schneider Electric SE  1521.56 Electrical Equipment 2026-06-15 312.55  2026-06-16 322.0  3.02 

=== 市值超过200亿的涨幅榜前20名股票 ===
 股票代码                 公司名称                 市值(亿)                 板块                     昨天收盘              今天收盘       涨跌幅(%)
 RBLX                         Roblox Corp   340.66                         Media  2026-06-15 45.66  2026-06-16 49.34  8.06 
AMSYF                    ArcelorMittal SA   445.69               Metals & Mining  2026-06-15 64.67  2026-06-16 68.95  6.62 
 MRNA                         Moderna Inc   219.82                 Biotechnology  2026-06-15 52.13   2026-06-16 55.4  6.27 
 CPNG                         Coupang Inc   323.65                        Retail  2026-06-15 17.13  2026-06-16 18.03  5.25 
 SPCX Space Exploration Technologies Corp 27747.93                           N/A  2026-06-15 192.5  2026-06-16 201.8  4.83 
 FISV                          Fiserv Inc   263.48            Financial Services  2026-06-15 47.91  2026-06-16 49.83  4.01 
 AFRM                 Affirm Holdings Inc   250.14            Financial Services   2026-06-15 71.9  2026-06-16 74.69  3.88 
  JPM                 JPMorgan Chase & Co  8838.37                       Banking  2026-06-15 319.4 2026-06-16 331.14  3.68 
 SOFI               SoFi Technologies Inc   227.17            Financial Services  2026-06-15 17.13  2026-06-16 17.71  3.39 
  VST                         Vistra Corp   540.27                     Utilities 2026-06-15 153.52 2026-06-16 158.61  3.32 
  MCO                        Moody's Corp   820.05            Financial Services 2026-06-15 454.06 2026-06-16 468.41  3.16 
  COF          Capital One Financial Corp  1222.18            Financial Services 2026-06-15 194.62 2026-06-16 200.62  3.08 
SAFRF                           Safran SA  1319.12           Aerospace & Defense 2026-06-15 367.75  2026-06-16 379.0  3.06 
SBGSF               Schneider Electric SE  1521.56          Electrical Equipment 2026-06-15 312.55  2026-06-16 322.0  3.02 
  CMI                         Cummins Inc   957.37                     Machinery 2026-06-15 679.71 2026-06-16 699.97  2.98 
  CRH                             CRH PLC   750.12                  Construction 2026-06-15 109.59 2026-06-16 112.84  2.97 
  LUV               Southwest Airlines Co   231.83                      Airlines  2026-06-15 46.08  2026-06-16 47.43  2.93 
    V                            Visa Inc  6149.03            Financial Services 2026-06-15 323.82 2026-06-16 333.12  2.87 
 EXPE                   Expedia Group Inc   292.22 Hotels, Restaurants & Leisure 2026-06-15 236.98 2026-06-16 243.56  2.78 
   GE                 General Electric Co  3636.38           Aerospace & Defense 2026-06-15 342.26 2026-06-16 351.73  2.77 

=== 市值超过1000亿的涨跌榜前20名股票 ===
 股票代码                 公司名称                 市值(亿)                  板块                       昨天收盘               今天收盘       涨跌幅(%)
 SPCX Space Exploration Technologies Corp 27747.93                              N/A   2026-06-15 192.5  2026-06-16 201.8  4.83 
  JPM                 JPMorgan Chase & Co  8838.37                          Banking   2026-06-15 319.4 2026-06-16 331.14  3.68 
  COF          Capital One Financial Corp  1222.18               Financial Services  2026-06-15 194.62 2026-06-16 200.62  3.08 
SAFRF                           Safran SA  1319.12              Aerospace & Defense  2026-06-15 367.75  2026-06-16 379.0  3.06 
SBGSF               Schneider Electric SE  1521.56             Electrical Equipment  2026-06-15 312.55  2026-06-16 322.0  3.02 
    V                            Visa Inc  6149.03               Financial Services  2026-06-15 323.82 2026-06-16 333.12  2.87 
   GE                 General Electric Co  3636.38              Aerospace & Defense  2026-06-15 342.26 2026-06-16 351.73  2.77 
   BX                      Blackstone Inc  1561.95               Financial Services  2026-06-15 124.63 2026-06-16 127.87  2.60 
  NEM                 Newmont Corporation  1150.82                  Metals & Mining   2026-06-15 105.8 2026-06-16 108.44  2.50 
 GILD                Gilead Sciences, Inc  1579.65                    Biotechnology   2026-06-15 124.3 2026-06-16 127.23  2.36 
  ABT                 Abbott Laboratories  1569.02                      Health Care   2026-06-15 88.67  2026-06-16 90.62  2.20 
   HD                      Home Depot Inc  3361.18                           Retail  2026-06-15 329.82 2026-06-16 337.09  2.20 
   MA                      Mastercard Inc  4401.22               Financial Services  2026-06-15 490.64 2026-06-16 501.33  2.18 
 SPGI                      S&P Global Inc  1282.42               Financial Services  2026-06-15 424.07 2026-06-16 433.25  2.16 
   PH                Parker-Hannifin Corp  1183.33                        Machinery  2026-06-15 918.86 2026-06-16 938.51  2.14 
LVMHF LVMH Moet Hennessy Louis Vuitton SE  2538.47 Textiles, Apparel & Luxury Goods   2026-06-15 594.0 2026-06-16 605.02  1.86 
HESAF            Hermes International SCA  1791.50 Textiles, Apparel & Luxury Goods 2026-06-15 1991.99 2026-06-16 2028.0  1.81 
  BAC                Bank of America Corp  4032.64                          Banking   2026-06-15 55.87  2026-06-16 56.84  1.74 
   DE                          Deere & Co  1579.92                        Machinery  2026-06-15 575.47 2026-06-16 585.29  1.71 
  RTX                            RTX Corp  2493.18              Aerospace & Defense  2026-06-15 183.64 2026-06-16 186.77  1.70 
