
=== 涨幅榜前20名股票 ===
股票代码                公司名称               市值(亿)               板块                     昨天收盘             今天收盘       涨跌幅(%)
OMEX    Odyssey Marine Exploration Inc  0.12 Commercial Services & Supplies  2025-04-23 0.43  2025-04-24 0.85 100.02
 TMC        TMC the metals company Inc 12.39                Metals & Mining  2025-04-23 2.55  2025-04-24 3.69  44.71
STRO               Sutro Biopharma Inc  0.74                  Biotechnology   2025-04-23 0.9   2025-04-24 1.3  44.44
CERO    CERo Therapeutics Holdings Inc  0.06                  Biotechnology   2025-04-23 0.8  2025-04-24 1.11  38.92
 PET                     Wag! Group Co  0.08  Diversified Consumer Services  2025-04-23 0.11  2025-04-24 0.15  38.64
AREN          Arena Group Holdings Inc  2.01                          Media  2025-04-23 3.36  2025-04-24 4.58  36.31
ZYBT Zhengye Biotechnology Holding Ltd  4.70                Pharmaceuticals  2025-04-23 7.82 2025-04-24 10.55  34.91
 OST     Ostin Technology Group Co Ltd  0.99           Electrical Equipment  2025-04-23 2.09  2025-04-24 2.77  32.54
RZLV                    Rezolve AI PLC  5.74                     Technology  2025-04-23 1.49  2025-04-24 1.97  32.21
XELB                   Xcel Brands Inc  0.07                         Retail   2025-04-23 2.3   2025-04-24 3.0  30.72
AMBP         Ardagh Metal Packaging SA 21.19                      Packaging  2025-04-23 2.76   2025-04-24 3.6  30.43
AREB       American Rebel Holdings Inc  0.09 Commercial Services & Supplies  2025-04-23 3.07  2025-04-24 3.92  27.69
RNAZ        Transcode Therapeutics Inc  0.10                  Biotechnology  2025-04-23 0.31   2025-04-24 0.4  27.39
 SLE       Super League Enterprise Inc  0.06                          Media  2025-04-23 0.27  2025-04-24 0.35  27.21
HOLO           MicroCloud Hologram Inc  0.60                     Technology 2025-04-23 11.58 2025-04-24 14.65  26.51
SHYF                   Shyft Group Inc  3.03                      Machinery   2025-04-23 7.3  2025-04-24 9.21  26.16
LRHC                  La Rosa Holdings  0.06                    Real Estate  2025-04-23 0.12  2025-04-24 0.15  25.49
 PLL              Piedmont Lithium Inc  1.90                Metals & Mining  2025-04-23 7.15  2025-04-24 8.91  24.62
LPRO                 Open Lending Corp  1.47             Financial Services  2025-04-23 1.04  2025-04-24 1.28  23.08
SURG                     Surgepays Inc  0.61              Telecommunication  2025-04-23 2.63  2025-04-24 3.23  22.81

=== 市值超过20亿的涨幅榜前20名股票 ===
股票代码            公司名称            市值(亿)                 板块                       昨天收盘              今天收盘       涨跌幅(%)
AMBP  Ardagh Metal Packaging SA  21.19                        Packaging   2025-04-23 2.76    2025-04-24 3.6 30.43 
  PI                 Impinj Inc  25.25                   Semiconductors  2025-04-23 77.07  2025-04-24 89.75 16.45 
 HAS                 Hasbro Inc  84.06                 Leisure Products  2025-04-23 52.69  2025-04-24 60.37 14.58 
  MP          MP Materials Corp  41.45                  Metals & Mining  2025-04-23 22.89  2025-04-24 26.01 13.63 
MCHP   Microchip Technology Inc 252.77                   Semiconductors  2025-04-23 41.93  2025-04-24 47.12 12.38 
LSCC Lattice Semiconductor Corp  67.18                   Semiconductors   2025-04-23 43.9  2025-04-24 49.09 11.82 
 DUO   Fangdd Network Group Ltd  86.66                            Media   2025-04-23 0.24   2025-04-24 0.26 11.81 
ALLE               Allegion PLC 120.50                         Building 2025-04-23 126.46 2025-04-24 139.51 10.32 
KVYO                Klaviyo Inc  77.81                       Technology  2025-04-23 26.24  2025-04-24 28.94 10.29 
 RMD                 Resmed Inc 349.80                      Health Care 2025-04-23 214.44  2025-04-24 236.1 10.10 
ENTG               Entegris Inc 120.12                   Semiconductors  2025-04-23 72.49  2025-04-24 79.71  9.96 
 FTI             TechnipFMC PLC 114.86                           Energy  2025-04-23 25.03   2025-04-24 27.5  9.87 
 URI         United Rentals Inc 427.09 Trading Companies & Distributors 2025-04-23 589.21 2025-04-24 647.36  9.87 
MBLY        Mobileye Global Inc 114.32                  Auto Components   2025-04-23 13.2   2025-04-24 14.5  9.85 
AMTM       Amentum Holdings Inc  51.78            Professional Services  2025-04-23 19.75  2025-04-24 21.68  9.77 
KYMR    Kymera Therapeutics Inc  21.10                    Biotechnology   2025-04-23 30.7  2025-04-24 33.56  9.32 
BHVN               Biohaven Ltd  23.07                    Biotechnology  2025-04-23 21.42   2025-04-24 23.4  9.24 
MKSI        MKS Instruments Inc  49.96                   Semiconductors  2025-04-23 67.91  2025-04-24 74.13  9.16 
FCFS     Firstcash Holdings Inc  58.73               Financial Services 2025-04-23 120.71 2025-04-24 131.72  9.12 
  ON      ON Semiconductor Corp 168.27                   Semiconductors  2025-04-23 36.62  2025-04-24 39.96  9.12 

=== 市值超过50亿的涨幅榜前20名股票 ===
股票代码            公司名称            市值(亿)                 板块                       昨天收盘              今天收盘       涨跌幅(%)
 HAS                 Hasbro Inc  84.06                 Leisure Products  2025-04-23 52.69  2025-04-24 60.37 14.58 
MCHP   Microchip Technology Inc 252.77                   Semiconductors  2025-04-23 41.93  2025-04-24 47.12 12.38 
LSCC Lattice Semiconductor Corp  67.18                   Semiconductors   2025-04-23 43.9  2025-04-24 49.09 11.82 
 DUO   Fangdd Network Group Ltd  86.66                            Media   2025-04-23 0.24   2025-04-24 0.26 11.81 
ALLE               Allegion PLC 120.50                         Building 2025-04-23 126.46 2025-04-24 139.51 10.32 
KVYO                Klaviyo Inc  77.81                       Technology  2025-04-23 26.24  2025-04-24 28.94 10.29 
 RMD                 Resmed Inc 349.80                      Health Care 2025-04-23 214.44  2025-04-24 236.1 10.10 
ENTG               Entegris Inc 120.12                   Semiconductors  2025-04-23 72.49  2025-04-24 79.71  9.96 
 FTI             TechnipFMC PLC 114.86                           Energy  2025-04-23 25.03   2025-04-24 27.5  9.87 
 URI         United Rentals Inc 427.09 Trading Companies & Distributors 2025-04-23 589.21 2025-04-24 647.36  9.87 
MBLY        Mobileye Global Inc 114.32                  Auto Components   2025-04-23 13.2   2025-04-24 14.5  9.85 
AMTM       Amentum Holdings Inc  51.78            Professional Services  2025-04-23 19.75  2025-04-24 21.68  9.77 
FCFS     Firstcash Holdings Inc  58.73               Financial Services 2025-04-23 120.71 2025-04-24 131.72  9.12 
  ON      ON Semiconductor Corp 168.27                   Semiconductors  2025-04-23 36.62  2025-04-24 39.96  9.12 
SMCI   Super Micro Computer Inc 212.17                       Technology   2025-04-23 32.9  2025-04-24 35.81  8.84 
 RKT       Rocket Companies Inc 259.46               Financial Services   2025-04-23 12.1  2025-04-24 13.16  8.76 
NVMI                   Nova Ltd  57.21                   Semiconductors 2025-04-23 181.86 2025-04-24 196.75  8.19 
TEAM             Atlassian Corp 588.01                       Technology 2025-04-23 208.27 2025-04-24 225.08  8.07 
 TEM              Tempus AI Inc  89.50   Life Sciences Tools & Services  2025-04-23 49.55   2025-04-24 53.5  7.97 
CACI     CACI International Inc 103.37            Professional Services 2025-04-23 423.37 2025-04-24 456.67  7.87 

=== 市值超过100亿的涨幅榜前20名股票 ===
股票代码           公司名称           市值(亿)                 板块                       昨天收盘              今天收盘       涨跌幅(%)
MCHP Microchip Technology Inc 252.77                   Semiconductors  2025-04-23 41.93  2025-04-24 47.12 12.38 
ALLE             Allegion PLC 120.50                         Building 2025-04-23 126.46 2025-04-24 139.51 10.32 
 RMD               Resmed Inc 349.80                      Health Care 2025-04-23 214.44  2025-04-24 236.1 10.10 
ENTG             Entegris Inc 120.12                   Semiconductors  2025-04-23 72.49  2025-04-24 79.71  9.96 
 FTI           TechnipFMC PLC 114.86                           Energy  2025-04-23 25.03   2025-04-24 27.5  9.87 
 URI       United Rentals Inc 427.09 Trading Companies & Distributors 2025-04-23 589.21 2025-04-24 647.36  9.87 
MBLY      Mobileye Global Inc 114.32                  Auto Components   2025-04-23 13.2   2025-04-24 14.5  9.85 
  ON    ON Semiconductor Corp 168.27                   Semiconductors  2025-04-23 36.62  2025-04-24 39.96  9.12 
SMCI Super Micro Computer Inc 212.17                       Technology   2025-04-23 32.9  2025-04-24 35.81  8.84 
 RKT     Rocket Companies Inc 259.46               Financial Services   2025-04-23 12.1  2025-04-24 13.16  8.76 
TEAM           Atlassian Corp 588.01                       Technology 2025-04-23 208.27 2025-04-24 225.08  8.07 
CACI   CACI International Inc 103.37            Professional Services 2025-04-23 423.37 2025-04-24 456.67  7.87 
HOOD    Robinhood Markets Inc 421.30               Financial Services  2025-04-23 44.66  2025-04-24 48.15  7.81 
 VRT       Vertiv Holdings Co 317.80             Electrical Equipment   2025-04-23 78.0  2025-04-24 83.88  7.54 
ALAB          Astera Labs Inc 103.37                   Semiconductors  2025-04-23 60.15  2025-04-24 64.55  7.32 
 GEV           GE Vernova Inc 989.81             Electrical Equipment 2025-04-23 336.09 2025-04-24 360.49  7.26 
MNDY           monday.com Ltd 132.66                       Technology 2025-04-23 247.99 2025-04-24 265.68  7.13 
NXPI    NXP Semiconductors NV 489.68                   Semiconductors 2025-04-23 180.87 2025-04-24 193.57  7.02 
 PEN             Penumbra Inc 115.01                      Health Care 2025-04-23 278.77 2025-04-24 298.25  6.99 
 FCX     Freeport-McMoRan Inc 537.18                  Metals & Mining  2025-04-23 35.19  2025-04-24 37.63  6.93 

=== 市值超过200亿的涨幅榜前20名股票 ===
股票代码            公司名称            市值(亿)                 板块                       昨天收盘              今天收盘       涨跌幅(%)
MCHP  Microchip Technology Inc  252.77                   Semiconductors  2025-04-23 41.93  2025-04-24 47.12 12.38 
 RMD                Resmed Inc  349.80                      Health Care 2025-04-23 214.44  2025-04-24 236.1 10.10 
 URI        United Rentals Inc  427.09 Trading Companies & Distributors 2025-04-23 589.21 2025-04-24 647.36  9.87 
SMCI  Super Micro Computer Inc  212.17                       Technology   2025-04-23 32.9  2025-04-24 35.81  8.84 
 RKT      Rocket Companies Inc  259.46               Financial Services   2025-04-23 12.1  2025-04-24 13.16  8.76 
TEAM            Atlassian Corp  588.01                       Technology 2025-04-23 208.27 2025-04-24 225.08  8.07 
HOOD     Robinhood Markets Inc  421.30               Financial Services  2025-04-23 44.66  2025-04-24 48.15  7.81 
 VRT        Vertiv Holdings Co  317.80             Electrical Equipment   2025-04-23 78.0  2025-04-24 83.88  7.54 
 GEV            GE Vernova Inc  989.81             Electrical Equipment 2025-04-23 336.09 2025-04-24 360.49  7.26 
NXPI     NXP Semiconductors NV  489.68                   Semiconductors 2025-04-23 180.87 2025-04-24 193.57  7.02 
 FCX      Freeport-McMoRan Inc  537.18                  Metals & Mining  2025-04-23 35.19  2025-04-24 37.63  6.93 
PLTR Palantir Technologies Inc 2487.69                       Technology 2025-04-23 100.82 2025-04-24 107.78  6.90 
 APH             Amphenol Corp  915.50             Electrical Equipment  2025-04-23 71.15  2025-04-24 76.03  6.86 
 ADI        Analog Devices Inc  971.52                   Semiconductors 2025-04-23 183.11 2025-04-24 195.23  6.62 
MRVL    Marvell Technology Inc  498.61                   Semiconductors  2025-04-23 53.77  2025-04-24 57.33  6.62 
 TXN     Texas Instruments Inc 1478.25                   Semiconductors 2025-04-23 152.15 2025-04-24 162.13  6.56 
 LVS      Las Vegas Sands Corp  259.19    Hotels, Restaurants & Leisure  2025-04-23 34.38  2025-04-24 36.61  6.49 
ANET       Arista Networks Inc  943.73                   Communications  2025-04-23 70.76  2025-04-24 75.29  6.40 
CVNA                Carvana Co  495.42                           Retail 2025-04-23 220.94 2025-04-24 235.02  6.37 
 TTD            Trade Desk Inc  262.03                            Media  2025-04-23 50.08  2025-04-24 53.27  6.37 

=== 市值超过1000亿的涨跌榜前20名股票 ===
股票代码            公司名称             市值(亿)            板块                 昨天收盘               今天收盘        涨跌幅(%)
PLTR  Palantir Technologies Inc  2487.69           Technology  2025-04-23 100.82  2025-04-24 107.78  6.90 
 TXN      Texas Instruments Inc  1478.25       Semiconductors  2025-04-23 152.15  2025-04-24 162.13  6.56 
AVGO               Broadcom Inc  8787.24       Semiconductors  2025-04-23 176.91  2025-04-24 188.15  6.35 
 KKR               KKR & Co Inc  1006.48   Financial Services  2025-04-23 106.81  2025-04-24 113.25  6.03 
  BX             Blackstone Inc  1641.18   Financial Services   2025-04-23 127.0  2025-04-24 134.55  5.94 
UBER      Uber Technologies Inc  1624.62          Road & Rail   2025-04-23 73.77    2025-04-24 78.1  5.87 
 CRM             Salesforce Inc  2533.77           Technology  2025-04-23 250.48   2025-04-24 264.7  5.68 
QCOM               Qualcomm Inc  1630.35       Semiconductors  2025-04-23 140.46  2025-04-24 147.21  4.81 
ORCL                Oracle Corp  3843.48           Technology   2025-04-23 131.4  2025-04-24 137.51  4.65 
AMAT      Applied Materials Inc  1214.23       Semiconductors  2025-04-23 143.58  2025-04-24 150.17  4.59 
SHOP                Shopify Inc  1219.40           Technology   2025-04-23 90.96   2025-04-24 95.12  4.57 
 AMD Advanced Micro Devices Inc  1529.59       Semiconductors   2025-04-23 90.39   2025-04-24 94.47  4.51 
NFLX                Netflix Inc  4641.77                Media 2025-04-23 1049.59 2025-04-24 1096.87  4.50 
ISRG     Intuitive Surgical Inc  1819.69          Health Care  2025-04-23 487.93  2025-04-24 508.13  4.14 
 ETN      Eaton Corporation PLC  1116.43 Electrical Equipment  2025-04-23 275.66  2025-04-24 287.02  4.12 
 CAT            Caterpillar Inc  1465.10            Machinery  2025-04-23 295.77  2025-04-24 306.86  3.75 
NVDA                NVIDIA Corp 25850.58       Semiconductors  2025-04-23 102.71  2025-04-24 106.43  3.62 
TSLA                  Tesla Inc  8192.79          Automobiles  2025-04-23 250.74  2025-04-24 259.51  3.50 
MSFT             Microsoft Corp 28611.91           Technology  2025-04-23 374.39   2025-04-24 387.3  3.45 
AMZN             Amazon.com Inc 19624.92               Retail   2025-04-23 180.6  2025-04-24 186.54  3.29 
