
=== 涨幅榜前20名股票 ===
股票代码                   公司名称                   市值(亿)           板块                昨天收盘             今天收盘       涨跌幅(%)
RIME                  Algorhythm Holdings Inc  0.02     Consumer products  2026-01-21 0.79  2026-01-22 1.06 34.18 
 CVV                       CVD Equipment Corp  0.30        Semiconductors  2026-01-21 4.28  2026-01-22 5.61 31.07 
 JOB                            GEE Group Inc  0.24 Professional Services  2026-01-21 0.21  2026-01-22 0.27 27.14 
LYTS                       LSI Industries Inc  6.34  Electrical Equipment 2026-01-21 20.38 2026-01-22 23.25 14.08 
CORT                 Corcept Therapeutics Inc 38.19       Pharmaceuticals 2026-01-21 36.31  2026-01-22 41.3 13.74 
 MSN                       Emerson Radio Corp  0.08     Consumer products  2026-01-21 0.39  2026-01-22 0.44 12.56 
VRME                             VerifyMe Inc  0.14  Electrical Equipment  2026-01-21 1.13  2026-01-22 1.27 12.39 
NVEC                                 NVE Corp  3.31        Semiconductors 2026-01-21 68.45 2026-01-22 76.71 12.07 
AEMD                      Aethlon Medical Inc  0.03           Health Care  2026-01-21 2.76  2026-01-22 3.05 10.51 
CSTE                          Caesarstone Ltd  0.70              Building  2026-01-21 2.04  2026-01-22 2.23  9.31 
NTIC Northern Technologies International Corp  0.86             Chemicals  2026-01-21 9.07  2026-01-22 9.89  9.04 
VYGR                 Voyager Therapeutics Inc  2.10         Biotechnology  2026-01-21 3.77   2026-01-22 4.1  8.75 
ATRA                Atara Biotherapeutics Inc  0.33         Biotechnology   2026-01-21 4.6   2026-01-22 5.0  8.70 
RZLT                             Rezolute Inc  2.80         Biotechnology  2026-01-21 3.02  2026-01-22 3.27  8.28 
 AIM                       AIM ImmunoTech Inc  0.03         Biotechnology  2026-01-21 1.17  2026-01-22 1.26  7.69 
LPSN                           LivePerson Inc  0.36            Technology  2026-01-21 3.05  2026-01-22 3.28  7.54 
  AP                    Ampco-Pittsburgh Corp  1.14       Metals & Mining   2026-01-21 5.6   2026-01-22 6.0  7.14 
USAU                             US Gold Corp  2.77       Metals & Mining 2026-01-21 19.24 2026-01-22 20.59  7.02 
CNVS                           Cineverse Corp  0.40                 Media  2026-01-21 2.09  2026-01-22 2.23  6.70 
ADTN                      ADTRAN Holdings Inc  7.44        Communications  2026-01-21 9.29   2026-01-22 9.9  6.57 

=== 市值超过20亿的涨幅榜前20名股票 ===
股票代码              公司名称              市值(亿)                 板块                       昨天收盘              今天收盘       涨跌幅(%)
CORT       Corcept Therapeutics Inc  38.19                  Pharmaceuticals  2026-01-21 36.31   2026-01-22 41.3 13.74 
IPAR               Interparfums Inc  29.65                Consumer products  2026-01-21 92.48  2026-01-22 97.89  5.85 
  LC               LendingClub Corp  23.71               Financial Services  2026-01-21 20.56  2026-01-22 21.58  4.96 
ADSK                   Autodesk Inc 545.77                       Technology 2026-01-21 257.44 2026-01-22 269.77  4.79 
PEGA                Pegasystems Inc  81.35                       Technology  2026-01-21 47.93  2026-01-22 50.13  4.59 
VSAT                     Viasat Inc  57.68                   Communications  2026-01-21 42.64  2026-01-22 44.23  3.73 
 GPN            Global Payments Inc 205.39               Financial Services  2026-01-21 73.35  2026-01-22 75.94  3.53 
 MMM                          3M Co 828.07         Industrial Conglomerates 2026-01-21 155.88 2026-01-22 160.63  3.05 
RGLD                 Royal Gold Inc 235.93                  Metals & Mining 2026-01-21 279.54 2026-01-22 287.83  2.97 
 TRU                     TransUnion 161.87            Professional Services  2026-01-21 83.35   2026-01-22 85.8  2.94 
VICR                     Vicor Corp  72.37             Electrical Equipment 2026-01-21 162.08 2026-01-22 166.78  2.90 
MGRC               McGrath RentCorp  27.79 Trading Companies & Distributors 2026-01-21 112.91 2026-01-22 116.15  2.87 
OKTA                       Okta Inc 157.63                       Technology  2026-01-21 88.94  2026-01-22 91.46  2.83 
 RCL    Royal Caribbean Cruises Ltd 757.51    Hotels, Restaurants & Leisure 2026-01-21 277.77 2026-01-22 285.55  2.80 
 MOD        Modine Manufacturing Co  75.65                         Building 2026-01-21 143.68 2026-01-22 147.52  2.67 
CALM            Cal-Maine Foods Inc  37.88                    Food Products   2026-01-21 79.5  2026-01-22 81.57  2.60 
 OLN                      Olin Corp  27.21                        Chemicals  2026-01-21 23.84  2026-01-22 24.46  2.60 
 GPK   Graphic Packaging Holding Co  44.27                        Packaging   2026-01-21 15.0  2026-01-22 15.37  2.47 
AEIS Advanced Energy Industries Inc 101.54             Electrical Equipment  2026-01-21 269.0 2026-01-22 275.57  2.44 
CSGP               CoStar Group Inc 274.51                      Real Estate  2026-01-21 64.77  2026-01-22 66.26  2.30 

=== 市值超过50亿的涨幅榜前20名股票 ===
股票代码              公司名称               市值(亿)                板块                     昨天收盘              今天收盘       涨跌幅(%)
ADSK                   Autodesk Inc  545.77                    Technology 2026-01-21 257.44 2026-01-22 269.77  4.79 
PEGA                Pegasystems Inc   81.35                    Technology  2026-01-21 47.93  2026-01-22 50.13  4.59 
VSAT                     Viasat Inc   57.68                Communications  2026-01-21 42.64  2026-01-22 44.23  3.73 
 GPN            Global Payments Inc  205.39            Financial Services  2026-01-21 73.35  2026-01-22 75.94  3.53 
 MMM                          3M Co  828.07      Industrial Conglomerates 2026-01-21 155.88 2026-01-22 160.63  3.05 
RGLD                 Royal Gold Inc  235.93               Metals & Mining 2026-01-21 279.54 2026-01-22 287.83  2.97 
 TRU                     TransUnion  161.87         Professional Services  2026-01-21 83.35   2026-01-22 85.8  2.94 
VICR                     Vicor Corp   72.37          Electrical Equipment 2026-01-21 162.08 2026-01-22 166.78  2.90 
OKTA                       Okta Inc  157.63                    Technology  2026-01-21 88.94  2026-01-22 91.46  2.83 
 RCL    Royal Caribbean Cruises Ltd  757.51 Hotels, Restaurants & Leisure 2026-01-21 277.77 2026-01-22 285.55  2.80 
 MOD        Modine Manufacturing Co   75.65                      Building 2026-01-21 143.68 2026-01-22 147.52  2.67 
AEIS Advanced Energy Industries Inc  101.54          Electrical Equipment  2026-01-21 269.0 2026-01-22 275.57  2.44 
CSGP               CoStar Group Inc  274.51                   Real Estate  2026-01-21 64.77  2026-01-22 66.26  2.30 
 LHX      L3Harris Technologies Inc  650.59           Aerospace & Defense 2026-01-21 347.81 2026-01-22 355.75  2.28 
 JEF  Jefferies Financial Group Inc  127.79            Financial Services  2026-01-21 61.95  2026-01-22 63.35  2.26 
NTAP                     NetApp Inc  192.30                    Technology  2026-01-21 97.09  2026-01-22 99.25  2.22 
 KMB            Kimberly-Clark Corp  331.92             Consumer products 2026-01-21 100.02 2026-01-22 102.19  2.17 
  IT                    Gartner Inc  167.54                    Technology 2026-01-21 232.44 2026-01-22 237.12  2.01 
  CI                    Cigna Group  734.36                   Health Care 2026-01-21 274.91 2026-01-22 280.39  1.99 
 UNH         UnitedHealth Group Inc 3150.05                   Health Care 2026-01-21 347.75 2026-01-22 354.47  1.93 

=== 市值超过100亿的涨幅榜前20名股票 ===
股票代码              公司名称               市值(亿)                板块                     昨天收盘              今天收盘       涨跌幅(%)
ADSK                   Autodesk Inc  545.77                    Technology 2026-01-21 257.44 2026-01-22 269.77  4.79 
 GPN            Global Payments Inc  205.39            Financial Services  2026-01-21 73.35  2026-01-22 75.94  3.53 
 MMM                          3M Co  828.07      Industrial Conglomerates 2026-01-21 155.88 2026-01-22 160.63  3.05 
RGLD                 Royal Gold Inc  235.93               Metals & Mining 2026-01-21 279.54 2026-01-22 287.83  2.97 
 TRU                     TransUnion  161.87         Professional Services  2026-01-21 83.35   2026-01-22 85.8  2.94 
OKTA                       Okta Inc  157.63                    Technology  2026-01-21 88.94  2026-01-22 91.46  2.83 
 RCL    Royal Caribbean Cruises Ltd  757.51 Hotels, Restaurants & Leisure 2026-01-21 277.77 2026-01-22 285.55  2.80 
AEIS Advanced Energy Industries Inc  101.54          Electrical Equipment  2026-01-21 269.0 2026-01-22 275.57  2.44 
CSGP               CoStar Group Inc  274.51                   Real Estate  2026-01-21 64.77  2026-01-22 66.26  2.30 
 LHX      L3Harris Technologies Inc  650.59           Aerospace & Defense 2026-01-21 347.81 2026-01-22 355.75  2.28 
 JEF  Jefferies Financial Group Inc  127.79            Financial Services  2026-01-21 61.95  2026-01-22 63.35  2.26 
NTAP                     NetApp Inc  192.30                    Technology  2026-01-21 97.09  2026-01-22 99.25  2.22 
 KMB            Kimberly-Clark Corp  331.92             Consumer products 2026-01-21 100.02 2026-01-22 102.19  2.17 
  IT                    Gartner Inc  167.54                    Technology 2026-01-21 232.44 2026-01-22 237.12  2.01 
  CI                    Cigna Group  734.36                   Health Care 2026-01-21 274.91 2026-01-22 280.39  1.99 
 UNH         UnitedHealth Group Inc 3150.05                   Health Care 2026-01-21 347.75 2026-01-22 354.47  1.93 
 COF     Capital One Financial Corp 1468.61            Financial Services 2026-01-21 231.01 2026-01-22 235.07  1.76 
  SF          Stifel Financial Corp  131.08            Financial Services 2026-01-21 128.73 2026-01-22 130.88  1.67 
  AU          Anglogold Ashanti PLC  539.42               Metals & Mining 2026-01-21 101.36 2026-01-22 103.05  1.67 
 FDS   Factset Research Systems Inc  105.41            Financial Services 2026-01-21 284.13 2026-01-22 288.79  1.64 

=== 市值超过200亿的涨幅榜前20名股票 ===
股票代码             公司名称             市值(亿)                板块                     昨天收盘              今天收盘       涨跌幅(%)
ADSK                Autodesk Inc  545.77                    Technology 2026-01-21 257.44 2026-01-22 269.77  4.79 
 GPN         Global Payments Inc  205.39            Financial Services  2026-01-21 73.35  2026-01-22 75.94  3.53 
 MMM                       3M Co  828.07      Industrial Conglomerates 2026-01-21 155.88 2026-01-22 160.63  3.05 
RGLD              Royal Gold Inc  235.93               Metals & Mining 2026-01-21 279.54 2026-01-22 287.83  2.97 
 RCL Royal Caribbean Cruises Ltd  757.51 Hotels, Restaurants & Leisure 2026-01-21 277.77 2026-01-22 285.55  2.80 
CSGP            CoStar Group Inc  274.51                   Real Estate  2026-01-21 64.77  2026-01-22 66.26  2.30 
 LHX   L3Harris Technologies Inc  650.59           Aerospace & Defense 2026-01-21 347.81 2026-01-22 355.75  2.28 
 KMB         Kimberly-Clark Corp  331.92             Consumer products 2026-01-21 100.02 2026-01-22 102.19  2.17 
  CI                 Cigna Group  734.36                   Health Care 2026-01-21 274.91 2026-01-22 280.39  1.99 
 UNH      UnitedHealth Group Inc 3150.05                   Health Care 2026-01-21 347.75 2026-01-22 354.47  1.93 
 COF  Capital One Financial Corp 1468.61            Financial Services 2026-01-21 231.01 2026-01-22 235.07  1.76 
  AU       Anglogold Ashanti PLC  539.42               Metals & Mining 2026-01-21 101.36 2026-01-22 103.05  1.67 
 AMD  Advanced Micro Devices Inc 4066.85                Semiconductors  2026-01-21 249.8 2026-01-22 253.73  1.57 
 HON Honeywell International Inc 1391.48      Industrial Conglomerates 2026-01-21 219.17 2026-01-22 222.54  1.54 
 CVS             CVS Health Corp 1034.46                   Health Care  2026-01-21 81.49  2026-01-22 82.68  1.46 
 KHC              Kraft Heinz Co  265.14                 Food Products   2026-01-21 22.4  2026-01-22 22.72  1.43 
 VMC         Vulcan Materials Co  395.08                  Construction 2026-01-21 299.01 2026-01-22 303.27  1.42 
  EL  Estee Lauder Companies Inc  424.76             Consumer products 2026-01-21 117.87 2026-01-22 119.49  1.37 
 CHD      Church & Dwight Co Inc  220.34             Consumer products  2026-01-21 91.76  2026-01-22 92.95  1.30 
  CL        Colgate-Palmolive Co  682.98             Consumer products  2026-01-21 84.73  2026-01-22 85.81  1.27 

=== 市值超过1000亿的涨跌榜前20名股票 ===
 股票代码              公司名称              市值(亿)              板块                   昨天收盘               今天收盘        涨跌幅(%)
  UNH        UnitedHealth Group Inc  3150.05              Health Care  2026-01-21 347.75  2026-01-22 354.47  1.93 
  COF    Capital One Financial Corp  1468.61       Financial Services  2026-01-21 231.01  2026-01-22 235.07  1.76 
  AMD    Advanced Micro Devices Inc  4066.85           Semiconductors   2026-01-21 249.8  2026-01-22 253.73  1.57 
  HON   Honeywell International Inc  1391.48 Industrial Conglomerates  2026-01-21 219.17  2026-01-22 222.54  1.54 
  CVS               CVS Health Corp  1034.46              Health Care   2026-01-21 81.49   2026-01-22 82.68  1.46 
CMCSA                  Comcast Corp  1052.72        Telecommunication   2026-01-21 28.89   2026-01-22 29.23  1.18 
  ADI            Analog Devices Inc  1493.30           Semiconductors  2026-01-21 304.97  2026-01-22 308.52  1.16 
  ADP Automatic Data Processing Inc  1039.39    Professional Services  2026-01-21 256.99  2026-01-22 259.86  1.11 
  MDT                 Medtronic PLC  1285.73              Health Care  2026-01-21 100.29  2026-01-22 101.34  1.05 
  BLK                 BlackRock Inc  1839.96       Financial Services 2026-01-21 1127.85 2026-01-22 1139.72  1.05 
 QCOM                  Qualcomm Inc  1674.72           Semiconductors  2026-01-21 156.37   2026-01-22 157.8  0.91 
  UNP            Union Pacific Corp  1360.65              Road & Rail  2026-01-21 229.39  2026-01-22 231.37  0.86 
 NVDA                   NVIDIA Corp 44546.76           Semiconductors  2026-01-21 183.32  2026-01-22 184.84  0.83 
  BMY       Bristol-Myers Squibb Co  1109.49          Pharmaceuticals    2026-01-21 54.5   2026-01-22 54.94  0.81 
  BAC          Bank of America Corp  3802.41                  Banking   2026-01-21 52.07   2026-01-22 52.45  0.73 
   BN               Brookfield Corp  1146.78       Financial Services    2026-01-21 46.3    2026-01-22 46.6  0.65 
    T                      AT&T Inc  1666.02        Telecommunication    2026-01-21 23.5   2026-01-22 23.58  0.34 
   CB                     Chubb Ltd  1180.57                Insurance  2026-01-21 299.98  2026-01-22 300.92  0.31 
   GS       Goldman Sachs Group Inc  2858.35       Financial Services  2026-01-21 953.01  2026-01-22 954.65  0.17 
 INTC                    Intel Corp  2704.24           Semiconductors   2026-01-21 54.25   2026-01-22 54.32  0.13 
