
=== 涨幅榜前20名股票 ===
股票代码                 公司名称                 市值(亿)                板块                      昨天收盘             今天收盘       涨跌幅(%)
ATNF               180 Life Sciences Corp  5.14                    Biotechnology  2025-08-11 3.34 2025-08-12 10.24 206.59
XFOR               X4 Pharmaceuticals Inc  0.09                    Biotechnology  2025-08-11 1.42  2025-08-12 2.58  81.69
RMBL                         RumbleOn Inc  1.13                           Retail   2025-08-11 2.0  2025-08-12 3.21  60.50
GEVO                             Gevo Inc  4.64                           Energy  2025-08-11 1.25  2025-08-12 1.99  59.20
 ADN     Advent Technologies Holdings Inc  0.08             Electrical Equipment  2025-08-11 1.96  2025-08-12 3.12  59.18
ZYBT    Zhengye Biotechnology Holding Ltd  2.65                  Pharmaceuticals  2025-08-11 5.38  2025-08-12 7.56  40.52
 TLS                           Telos Corp  3.81                       Technology  2025-08-11 3.87  2025-08-12 5.24  35.40
GDOT                       Green Dot Corp  7.21               Financial Services  2025-08-11 9.93 2025-08-12 13.43  35.25
TNXP   Tonix Pharmaceuticals Holding Corp  4.33                    Biotechnology 2025-08-11 44.97 2025-08-12 59.76  32.89
ARCT   Arcturus Therapeutics Holdings Inc  3.96                    Biotechnology 2025-08-11 11.39 2025-08-12 14.89  30.73
MRVI    Maravai LifeSciences Holdings Inc  6.54   Life Sciences Tools & Services  2025-08-11 2.06  2025-08-12 2.69  30.58
ULCC          Frontier Group Holdings Inc  9.35                         Airlines  2025-08-11 3.31  2025-08-12 4.29  29.61
 DDD                      3D Systems Corp  3.12                        Machinery  2025-08-11 1.76  2025-08-12 2.28  29.55
CGTX           Cognition Therapeutics Inc  0.74                  Pharmaceuticals  2025-08-11 0.86   2025-08-12 1.1  28.06
 HBI                      HanesBrands Inc 21.62 Textiles, Apparel & Luxury Goods  2025-08-11 4.83  2025-08-12 6.18  27.95
BEAT                        Heartbeam Inc  0.39                      Health Care  2025-08-11 0.94   2025-08-12 1.2  27.39
MRCY                  Mercury Systems Inc 39.41              Aerospace & Defense 2025-08-11 53.58 2025-08-12 68.02  26.95
LTBR                     Lightbridge Corp  3.98                           Energy  2025-08-11 13.5 2025-08-12 17.11  26.74
PRPH                    Prophase Labs Inc  0.16                  Pharmaceuticals  2025-08-11 0.28  2025-08-12 0.35  26.43
 FSI Flexible Solutions International Inc  0.88                        Chemicals  2025-08-11 5.51  2025-08-12 6.95  26.13

=== 市值超过20亿的涨幅榜前20名股票 ===
股票代码             公司名称             市值(亿)                 板块                       昨天收盘              今天收盘       涨跌幅(%)
 HBI              HanesBrands Inc  21.62 Textiles, Apparel & Luxury Goods   2025-08-11 4.83   2025-08-12 6.18 27.95 
MRCY          Mercury Systems Inc  39.41              Aerospace & Defense  2025-08-11 53.58  2025-08-12 68.02 26.95 
AAON                     Aaon Inc  64.97                         Building  2025-08-11 72.08  2025-08-12 82.95 15.08 
REZI     Resideo Technologies Inc  46.65                         Building  2025-08-11 27.47  2025-08-12 31.28 13.87 
LQDA                Liquidia Corp  20.90                  Pharmaceuticals   2025-08-11 21.2   2025-08-12 24.1 13.68 
 LIF                  Life360 Inc  63.20                       Technology  2025-08-11 73.74  2025-08-12 83.55 13.30 
   U           Unity Software Inc 152.36                       Technology  2025-08-11 33.19  2025-08-12 37.29 12.35 
 PGY      Pagaya Technologies Ltd  22.81                       Technology  2025-08-11 28.11  2025-08-12 31.55 12.24 
 AAL  American Airlines Group Inc  84.16                         Airlines  2025-08-11 11.58  2025-08-12 12.98 12.09 
  RH                           RH  43.77                           Retail 2025-08-11 214.92 2025-08-12 237.29 10.41 
 UAL United Airlines Holdings Inc 316.66                         Airlines  2025-08-11 89.33  2025-08-12 98.47 10.23 
 ALK         Alaska Air Group Inc  63.69                         Airlines  2025-08-11 51.14  2025-08-12 56.22  9.93 
  BE            Bloom Energy Corp  95.75             Electrical Equipment  2025-08-11 37.65  2025-08-12 41.25  9.56 
 DAL          Delta Air Lines Inc 377.86                         Airlines   2025-08-11 53.5  2025-08-12 58.44  9.23 
OKLO                     Oklo Inc 113.49                        Utilities  2025-08-11 71.86  2025-08-12 78.47  9.20 
 TEM                Tempus AI Inc 110.62   Life Sciences Tools & Services  2025-08-11 60.82  2025-08-12 66.34  9.08 
ONON                On Holding AG 160.43 Textiles, Apparel & Luxury Goods  2025-08-11 45.72  2025-08-12 49.81  8.95 
 HRI            Herc Holdings Inc  39.78 Trading Companies & Distributors 2025-08-11 111.09 2025-08-12 120.88  8.81 
MIDD                Middleby Corp  65.93                        Machinery 2025-08-11 119.99 2025-08-12 130.31  8.60 
SMTC                 Semtech Corp  45.60                   Semiconductors  2025-08-11 48.56  2025-08-12 52.71  8.55 

=== 市值超过50亿的涨幅榜前20名股票 ===
股票代码             公司名称             市值(亿)                 板块                       昨天收盘              今天收盘       涨跌幅(%)
AAON                     Aaon Inc  64.97                         Building  2025-08-11 72.08  2025-08-12 82.95 15.08 
 LIF                  Life360 Inc  63.20                       Technology  2025-08-11 73.74  2025-08-12 83.55 13.30 
   U           Unity Software Inc 152.36                       Technology  2025-08-11 33.19  2025-08-12 37.29 12.35 
 AAL  American Airlines Group Inc  84.16                         Airlines  2025-08-11 11.58  2025-08-12 12.98 12.09 
 UAL United Airlines Holdings Inc 316.66                         Airlines  2025-08-11 89.33  2025-08-12 98.47 10.23 
 ALK         Alaska Air Group Inc  63.69                         Airlines  2025-08-11 51.14  2025-08-12 56.22  9.93 
  BE            Bloom Energy Corp  95.75             Electrical Equipment  2025-08-11 37.65  2025-08-12 41.25  9.56 
 DAL          Delta Air Lines Inc 377.86                         Airlines   2025-08-11 53.5  2025-08-12 58.44  9.23 
OKLO                     Oklo Inc 113.49                        Utilities  2025-08-11 71.86  2025-08-12 78.47  9.20 
 TEM                Tempus AI Inc 110.62   Life Sciences Tools & Services  2025-08-11 60.82  2025-08-12 66.34  9.08 
ONON                On Holding AG 160.43 Textiles, Apparel & Luxury Goods  2025-08-11 45.72  2025-08-12 49.81  8.95 
MIDD                Middleby Corp  65.93                        Machinery 2025-08-11 119.99 2025-08-12 130.31  8.60 
RGEN                Repligen Corp  67.62   Life Sciences Tools & Services 2025-08-11 111.88  2025-08-12 121.4  8.51 
ASTS          AST SpaceMobile Inc 173.05                Telecommunication  2025-08-11 45.92  2025-08-12 49.76  8.36 
INSM                   Insmed Inc 254.54                    Biotechnology 2025-08-11 112.89  2025-08-12 122.0  8.07 
SNDK                 Sandisk Corp  68.61                       Technology  2025-08-11 43.37  2025-08-12 46.83  7.98 
ETSY                     ETSY Inc  65.24                           Retail  2025-08-11 61.77  2025-08-12 66.49  7.64 
ACHR          Archer Aviation Inc  64.45              Aerospace & Defense   2025-08-11 9.54  2025-08-12 10.25  7.44 
APTV                    Aptiv PLC 153.04                  Auto Components  2025-08-11 66.78   2025-08-12 71.7  7.37 
NXPI        NXP Semiconductors NV 553.42                   Semiconductors 2025-08-11 205.16 2025-08-12 220.05  7.26 

=== 市值超过100亿的涨幅榜前20名股票 ===
股票代码                公司名称                市值(亿)                 板块                       昨天收盘              今天收盘       涨跌幅(%)
   U                 Unity Software Inc 152.36                       Technology  2025-08-11 33.19  2025-08-12 37.29 12.35 
 UAL       United Airlines Holdings Inc 316.66                         Airlines  2025-08-11 89.33  2025-08-12 98.47 10.23 
 DAL                Delta Air Lines Inc 377.86                         Airlines   2025-08-11 53.5  2025-08-12 58.44  9.23 
OKLO                           Oklo Inc 113.49                        Utilities  2025-08-11 71.86  2025-08-12 78.47  9.20 
 TEM                      Tempus AI Inc 110.62   Life Sciences Tools & Services  2025-08-11 60.82  2025-08-12 66.34  9.08 
ONON                      On Holding AG 160.43 Textiles, Apparel & Luxury Goods  2025-08-11 45.72  2025-08-12 49.81  8.95 
ASTS                AST SpaceMobile Inc 173.05                Telecommunication  2025-08-11 45.92  2025-08-12 49.76  8.36 
INSM                         Insmed Inc 254.54                    Biotechnology 2025-08-11 112.89  2025-08-12 122.0  8.07 
APTV                          Aptiv PLC 153.04                  Auto Components  2025-08-11 66.78   2025-08-12 71.7  7.37 
NXPI              NXP Semiconductors NV 553.42                   Semiconductors 2025-08-11 205.16 2025-08-12 220.05  7.26 
NBIS                    Nebius Group NV 173.47                       Technology  2025-08-11 70.24  2025-08-12 75.33  7.25 
ALAB                    Astera Labs Inc 316.83                   Semiconductors 2025-08-11 179.43  2025-08-12 192.0  7.01 
BLDR           Builders FirstSource Inc 151.60                         Building 2025-08-11 128.76 2025-08-12 137.45  6.75 
 TER                       Teradyne Inc 176.43                   Semiconductors 2025-08-11 104.68 2025-08-12 111.63  6.64 
COOP                Mr Cooper Group Inc 122.87               Financial Services 2025-08-11 180.27 2025-08-12 191.75  6.37 
 XPO                            XPO Inc 141.71                      Road & Rail 2025-08-11 119.05 2025-08-12 126.54  6.29 
  ON              ON Semiconductor Corp 205.53                   Semiconductors   2025-08-11 47.1  2025-08-12 50.01  6.18 
ICLR                           ICON PLC 129.95   Life Sciences Tools & Services 2025-08-11 159.71 2025-08-12 169.08  5.87 
MCHP           Microchip Technology Inc 350.74                   Semiconductors  2025-08-11 60.95   2025-08-12 64.5  5.82 
CRDO Credo Technology Group Holding Ltd 211.26                   Semiconductors 2025-08-11 118.57 2025-08-12 125.38  5.74 

=== 市值超过200亿的涨幅榜前20名股票 ===
股票代码                公司名称                 市值(亿)                 板块                       昨天收盘              今天收盘       涨跌幅(%)
 UAL       United Airlines Holdings Inc  316.66                         Airlines  2025-08-11 89.33  2025-08-12 98.47 10.23 
 DAL                Delta Air Lines Inc  377.86                         Airlines   2025-08-11 53.5  2025-08-12 58.44  9.23 
INSM                         Insmed Inc  254.54                    Biotechnology 2025-08-11 112.89  2025-08-12 122.0  8.07 
NXPI              NXP Semiconductors NV  553.42                   Semiconductors 2025-08-11 205.16 2025-08-12 220.05  7.26 
ALAB                    Astera Labs Inc  316.83                   Semiconductors 2025-08-11 179.43  2025-08-12 192.0  7.01 
  ON              ON Semiconductor Corp  205.53                   Semiconductors   2025-08-11 47.1  2025-08-12 50.01  6.18 
MCHP           Microchip Technology Inc  350.74                   Semiconductors  2025-08-11 60.95   2025-08-12 64.5  5.82 
CRDO Credo Technology Group Holding Ltd  211.26                   Semiconductors 2025-08-11 118.57 2025-08-12 125.38  5.74 
INTC                         Intel Corp  942.37                   Semiconductors  2025-08-11 20.65  2025-08-12 21.81  5.62 
SOFI              SoFi Technologies Inc  280.17               Financial Services  2025-08-11 22.42  2025-08-12 23.65  5.49 
EXPE                  Expedia Group Inc  249.09    Hotels, Restaurants & Leisure 2025-08-11 192.63 2025-08-12 203.19  5.48 
 URI                 United Rentals Inc  586.11 Trading Companies & Distributors  2025-08-11 869.7 2025-08-12 916.95  5.43 
AFRM                Affirm Holdings Inc  246.42               Financial Services  2025-08-11 72.97  2025-08-12 76.89  5.37 
FTNT                       Fortinet Inc  598.34                       Technology  2025-08-11 74.57  2025-08-12 78.47  5.23 
 TXN              Texas Instruments Inc 1744.36                   Semiconductors 2025-08-11 183.71 2025-08-12 192.97  5.04 
 VST                        Vistra Corp  697.63                        Utilities 2025-08-11 200.08 2025-08-12 209.56  4.74 
ODFL      Old Dominion Freight Line Inc  313.51                      Road & Rail 2025-08-11 143.02 2025-08-12 149.23  4.34 
 CRH                            CRH PLC  746.21                     Construction 2025-08-11 107.42 2025-08-12 112.03  4.29 
 HPQ                             HP Inc  249.52                       Technology  2025-08-11 25.51   2025-08-12 26.6  4.27 
CYBR              Cyberark Software Ltd  210.42                       Technology 2025-08-11 401.86 2025-08-12 418.38  4.11 

=== 市值超过1000亿的涨跌榜前20名股票 ===
 股票代码             公司名称              市值(亿)                 板块                      昨天收盘               今天收盘        涨跌幅(%)
  TXN        Texas Instruments Inc  1744.36                 Semiconductors  2025-08-11 183.71  2025-08-12 192.97  5.04 
  COF   Capital One Financial Corp  1381.49             Financial Services  2025-08-11 208.25  2025-08-12 216.73  4.07 
  KKR                 KKR & Co Inc  1318.77             Financial Services  2025-08-11 141.57  2025-08-12 147.24  4.01 
 QCOM                 Qualcomm Inc  1649.90                 Semiconductors  2025-08-11 147.97  2025-08-12 153.73  3.89 
EADSF                    Airbus SE  1391.46            Aerospace & Defense  2025-08-11 204.08  2025-08-12 212.01  3.89 
    C                Citigroup Inc  1754.19                        Banking   2025-08-11 92.31   2025-08-12 95.74  3.72 
  UNH       UnitedHealth Group Inc  2353.67                    Health Care  2025-08-11 252.37  2025-08-12 261.57  3.65 
  ADI           Analog Devices Inc  1145.79                 Semiconductors  2025-08-11 224.07  2025-08-12 232.04  3.56 
   GS      Goldman Sachs Group Inc  2261.62             Financial Services  2025-08-11 719.24  2025-08-12 743.38  3.36 
   MU        Micron Technology Inc  1424.59                 Semiconductors  2025-08-11 123.72  2025-08-12 127.75  3.26 
  TMO Thermo Fisher Scientific Inc  1798.68 Life Sciences Tools & Services  2025-08-11 462.39  2025-08-12 477.41  3.25 
 LRCX            Lam Research Corp  1341.67                 Semiconductors   2025-08-11 102.0  2025-08-12 105.28  3.22 
 DASH                 DoorDash Inc  1121.56  Hotels, Restaurants & Leisure  2025-08-11 256.09  2025-08-12 264.32  3.21 
 META           Meta Platforms Inc 19845.76                          Media  2025-08-11 765.87   2025-08-12 790.0  3.15 
  DHR                 Danaher Corp  1469.48 Life Sciences Tools & Services  2025-08-11 199.76  2025-08-12 205.72  2.98 
   BA                    Boeing Co  1741.28            Aerospace & Defense  2025-08-11 225.96  2025-08-12 232.61  2.94 
 AVGO                 Broadcom Inc 14585.70                 Semiconductors   2025-08-11 303.9  2025-08-12 312.83  2.94 
  BAC         Bank of America Corp  3516.26                        Banking   2025-08-11 46.16    2025-08-12 47.5  2.90 
  BLK                BlackRock Inc  1785.13             Financial Services 2025-08-11 1127.93 2025-08-12 1159.61  2.81 
 KLAC                     KLA Corp  1233.19                 Semiconductors  2025-08-11 910.18  2025-08-12 935.53  2.79 
