
=== 涨幅榜前20名股票 ===
 股票代码                     公司名称                     市值(亿)                板块                      昨天收盘             今天收盘       涨跌幅(%)
 DHAI                           DIH Holding US Inc  0.00                      Health Care  2026-04-27 0.01  2026-04-28 0.03 222.58
 BIYA                Baiya International Group Inc  0.01            Professional Services  2026-04-27 0.78  2026-04-28 1.53  96.41
 ATER                                  Aterian Inc  0.07                Consumer products  2026-04-27 0.66  2026-04-28 1.11  68.95
QVCAQ                                QVC Group Inc  0.03                           Retail  2026-04-27 0.22  2026-04-28 0.35  59.05
 SEGG      Sports Entertainment Gaming Global Corp  0.12    Hotels, Restaurants & Leisure  2026-04-27 0.93  2026-04-28 1.46  56.32
 SNBR                            Sleep Number Corp  0.51                           Retail  2026-04-27 2.21  2026-04-28 3.25  47.06
 RPGL                     Republic Power Group Ltd  0.30                       Technology  2026-04-27 0.69   2026-04-28 1.0  45.35
 AKAN                                  Akanda Corp  0.06                  Pharmaceuticals  2026-04-27 12.1 2026-04-28 17.49  44.55
 KFRC                                   Kforce Inc  5.83            Professional Services 2026-04-27 32.01 2026-04-28 45.87  43.30
 TJGC                               TJGC Group Ltd  0.15                            Media  2026-04-27 0.98  2026-04-28 1.33  35.71
AZLGF                              Azelis Group NV 26.91 Trading Companies & Distributors 2026-04-27 10.02 2026-04-28 13.37  33.43
  ZTG                           Zenta Group Co Ltd  0.22            Professional Services  2026-04-27 2.12  2026-04-28 2.71  27.83
 EDSA                            Edesa Biotech Inc  0.99                    Biotechnology 2026-04-27 11.17 2026-04-28 14.26  27.66
  NCI Neo-Concept International Group Holdings Ltd  0.03 Textiles, Apparel & Luxury Goods  2026-04-27 0.75  2026-04-28 0.94  25.12
 SBLX                     StableX Technologies Inc  0.04                      Automobiles  2026-04-27 2.51   2026-04-28 3.1  23.51
 KNSA    Kiniksa Pharmaceuticals International PLC 33.38                    Biotechnology 2026-04-27 43.61 2026-04-28 53.85  23.48
 MAAS                                    Maase Inc 38.69                        Insurance  2026-04-27 8.75 2026-04-28 10.62  21.37
 OMCL                                 Omnicell Inc 20.70                      Health Care 2026-04-27 37.63 2026-04-28 45.51  20.94
 KAVL          Kaival Brands Innovations Group Inc  0.00                     Distributors  2026-04-27 0.03  2026-04-28 0.04  20.69
 BIAF                 bioAffinity Technologies Inc  0.10                    Biotechnology  2026-04-27 2.21  2026-04-28 2.66  20.36

=== 市值超过20亿的涨幅榜前20名股票 ===
 股票代码                    公司名称                   市值(亿)                 板块                       昨天收盘              今天收盘       涨跌幅(%)
AZLGF                           Azelis Group NV  26.91 Trading Companies & Distributors  2026-04-27 10.02  2026-04-28 13.37 33.43 
 KNSA Kiniksa Pharmaceuticals International PLC  33.38                    Biotechnology  2026-04-27 43.61  2026-04-28 53.85 23.48 
 MAAS                                 Maase Inc  38.69                        Insurance   2026-04-27 8.75  2026-04-28 10.62 21.37 
 OMCL                              Omnicell Inc  20.70                      Health Care  2026-04-27 37.63  2026-04-28 45.51 20.94 
 SANM                              Sanmina Corp 102.70             Electrical Equipment 2026-04-27 188.08 2026-04-28 215.46 14.56 
 CECO                   CECO Environmental Corp  26.65                        Machinery  2026-04-27 64.92  2026-04-28 74.29 14.43 
  CNC                              Centene Corp 213.97                      Health Care   2026-04-27 43.5  2026-04-28 49.57 13.95 
 CVLT                     Commvault Systems Inc  38.88                       Technology  2026-04-27 88.41  2026-04-28 97.98 10.82 
 RVMD                  Revolution Medicines Inc 274.84                    Biotechnology 2026-04-27 131.67 2026-04-28 144.83  9.99 
  PII                               Polaris Inc  34.55                 Leisure Products  2026-04-27 61.05  2026-04-28 66.47  8.88 
  HRI                         Herc Holdings Inc  41.58 Trading Companies & Distributors 2026-04-27 124.61 2026-04-28 133.96  7.50 
  BEN                    Franklin Resources Inc 143.57               Financial Services  2026-04-27 27.57  2026-04-28 29.46  6.86 
 AXGN                                AxoGen Inc  20.44                      Health Care  2026-04-27 39.39  2026-04-28 41.99  6.60 
  KEN                        Kenon Holdings Ltd  43.72                        Utilities  2026-04-27 83.91  2026-04-28 88.58  5.57 
 LFST               LifeStance Health Group Inc  28.34                      Health Care   2026-04-27 7.27   2026-04-28 7.67  5.50 
  SEI         Solaris Energy Infrastructure Inc  50.58                           Energy  2026-04-27 70.63  2026-04-28 74.44  5.39 
  RHI                           Robert Half Inc  26.45            Professional Services  2026-04-27 26.15  2026-04-28 27.52  5.24 
  MTN                          Vail Resorts Inc  42.94    Hotels, Restaurants & Leisure 2026-04-27 120.51 2026-04-28 126.65  5.10 
 ANDG                        Andersen Group Inc  37.76            Professional Services  2026-04-27 33.87  2026-04-28 35.59  5.08 
 OSCR                          Oscar Health Inc  51.15                        Insurance  2026-04-27 17.18  2026-04-28 18.04  5.01 

=== 市值超过50亿的涨幅榜前20名股票 ===
股票代码                公司名称                市值(亿)                 板块                       昨天收盘              今天收盘       涨跌幅(%)
SANM                      Sanmina Corp  102.70             Electrical Equipment 2026-04-27 188.08 2026-04-28 215.46 14.56 
 CNC                      Centene Corp  213.97                      Health Care   2026-04-27 43.5  2026-04-28 49.57 13.95 
RVMD          Revolution Medicines Inc  274.84                    Biotechnology 2026-04-27 131.67 2026-04-28 144.83  9.99 
 BEN            Franklin Resources Inc  143.57               Financial Services  2026-04-27 27.57  2026-04-28 29.46  6.86 
 SEI Solaris Energy Infrastructure Inc   50.58                           Energy  2026-04-27 70.63  2026-04-28 74.44  5.39 
OSCR                  Oscar Health Inc   51.15                        Insurance  2026-04-27 17.18  2026-04-28 18.04  5.01 
 VAL                       Valaris Ltd   67.40                           Energy  2026-04-27 97.35 2026-04-28 101.97  4.75 
 PKG         Packaging Corp of America  198.17                        Packaging 2026-04-27 212.54 2026-04-28 222.59  4.73 
 NUE                        Nucor Corp  489.72                  Metals & Mining  2026-04-27 215.0 2026-04-28 225.11  4.70 
EQPT            Equipmentshare.Com Inc   58.50 Trading Companies & Distributors  2026-04-27 21.99   2026-04-28 23.0  4.59 
FIGR   Figure Technology Solutions Inc   70.86               Financial Services  2026-04-27 32.91  2026-04-28 34.36  4.41 
  IP            International Paper Co  172.88                        Packaging  2026-04-27 32.65  2026-04-28 34.02  4.20 
 RIG                    Transocean Ltd   75.15                           Energy   2026-04-27 6.52   2026-04-28 6.79  4.14 
  KO                      Coca-Cola Co 3247.05                        Beverages  2026-04-27 75.44  2026-04-28 78.35  3.86 
COKE        Coca-Cola Consolidated Inc  129.04                        Beverages 2026-04-27 193.86 2026-04-28 200.97  3.67 
STEP               StepStone Group Inc   59.49               Financial Services  2026-04-27 49.92  2026-04-28 51.73  3.63 
 MOH             Molina Healthcare Inc   96.62                      Health Care 2026-04-27 179.22 2026-04-28 185.46  3.48 
 UNH            UnitedHealth Group Inc 3219.44                      Health Care 2026-04-27 354.69 2026-04-28 366.77  3.41 
MORN                   Morningstar Inc   68.47               Financial Services 2026-04-27 177.76 2026-04-28 183.73  3.36 
 CVS                   CVS Health Corp 1004.27                      Health Care  2026-04-27 78.36  2026-04-28 80.98  3.34 

=== 市值超过100亿的涨幅榜前20名股票 ===
股票代码               公司名称               市值(亿)           板块                 昨天收盘              今天收盘       涨跌幅(%)
SANM                    Sanmina Corp  102.70 Electrical Equipment 2026-04-27 188.08 2026-04-28 215.46 14.56 
 CNC                    Centene Corp  213.97          Health Care   2026-04-27 43.5  2026-04-28 49.57 13.95 
RVMD        Revolution Medicines Inc  274.84        Biotechnology 2026-04-27 131.67 2026-04-28 144.83  9.99 
 BEN          Franklin Resources Inc  143.57   Financial Services  2026-04-27 27.57  2026-04-28 29.46  6.86 
 PKG       Packaging Corp of America  198.17            Packaging 2026-04-27 212.54 2026-04-28 222.59  4.73 
 NUE                      Nucor Corp  489.72      Metals & Mining  2026-04-27 215.0 2026-04-28 225.11  4.70 
  IP          International Paper Co  172.88            Packaging  2026-04-27 32.65  2026-04-28 34.02  4.20 
  KO                    Coca-Cola Co 3247.05            Beverages  2026-04-27 75.44  2026-04-28 78.35  3.86 
COKE      Coca-Cola Consolidated Inc  129.04            Beverages 2026-04-27 193.86 2026-04-28 200.97  3.67 
 UNH          UnitedHealth Group Inc 3219.44          Health Care 2026-04-27 354.69 2026-04-28 366.77  3.41 
 CVS                 CVS Health Corp 1004.27          Health Care  2026-04-27 78.36  2026-04-28 80.98  3.34 
 ADM       Archer-Daniels-Midland Co  350.82        Food Products  2026-04-27 70.54   2026-04-28 72.8  3.20 
  PM Philip Morris International Inc 2507.68              Tobacco  2026-04-27 160.9 2026-04-28 165.89  3.10 
TRGP            Targa Resources Corp  518.30               Energy 2026-04-27 241.29 2026-04-28 248.37  2.93 
 SJM                  J M Smucker Co  104.56        Food Products  2026-04-27 95.33  2026-04-28 98.05  2.85 
CTRA              Coterra Energy Inc  255.67               Energy  2026-04-27 33.67  2026-04-28 34.63  2.85 
 DTM                DT Midstream Inc  137.72               Energy  2026-04-27 135.0  2026-04-28 138.7  2.74 
 HUM                      Humana Inc  268.69          Health Care 2026-04-27 223.62 2026-04-28 229.72  2.73 
  MO                Altria Group Inc 1103.07              Tobacco   2026-04-27 66.0   2026-04-28 67.8  2.73 
 KMI               Kinder Morgan Inc  688.58               Energy  2026-04-27 30.95  2026-04-28 31.79  2.71 

=== 市值超过200亿的涨幅榜前20名股票 ===
 股票代码               公司名称               市值(亿)           板块                昨天收盘              今天收盘       涨跌幅(%)
  CNC                    Centene Corp  213.97         Health Care   2026-04-27 43.5  2026-04-28 49.57 13.95 
 RVMD        Revolution Medicines Inc  274.84       Biotechnology 2026-04-27 131.67 2026-04-28 144.83  9.99 
  NUE                      Nucor Corp  489.72     Metals & Mining  2026-04-27 215.0 2026-04-28 225.11  4.70 
   KO                    Coca-Cola Co 3247.05           Beverages  2026-04-27 75.44  2026-04-28 78.35  3.86 
  UNH          UnitedHealth Group Inc 3219.44         Health Care 2026-04-27 354.69 2026-04-28 366.77  3.41 
  CVS                 CVS Health Corp 1004.27         Health Care  2026-04-27 78.36  2026-04-28 80.98  3.34 
  ADM       Archer-Daniels-Midland Co  350.82       Food Products  2026-04-27 70.54   2026-04-28 72.8  3.20 
   PM Philip Morris International Inc 2507.68             Tobacco  2026-04-27 160.9 2026-04-28 165.89  3.10 
 TRGP            Targa Resources Corp  518.30              Energy 2026-04-27 241.29 2026-04-28 248.37  2.93 
 CTRA              Coterra Energy Inc  255.67              Energy  2026-04-27 33.67  2026-04-28 34.63  2.85 
  HUM                      Humana Inc  268.69         Health Care 2026-04-27 223.62 2026-04-28 229.72  2.73 
   MO                Altria Group Inc 1103.07             Tobacco   2026-04-27 66.0   2026-04-28 67.8  2.73 
  KMI               Kinder Morgan Inc  688.58              Energy  2026-04-27 30.95  2026-04-28 31.79  2.71 
 INTU                      Intuit Inc 1078.32          Technology 2026-04-27 389.92 2026-04-28 400.38  2.68 
  DVN               Devon Energy Corp  299.32              Energy   2026-04-27 48.2  2026-04-28 49.48  2.66 
  TTE                TotalEnergies SE 1642.91              Energy  2026-04-27 88.74  2026-04-28 91.03  2.58 
THLEF                       Thales SA  478.45 Aerospace & Defense 2026-04-27 273.15  2026-04-28 280.0  2.51 
  KHC                  Kraft Heinz Co  259.92       Food Products  2026-04-27 21.92  2026-04-28 22.47  2.51 
  MPC         Marathon Petroleum Corp  669.13              Energy 2026-04-27 227.21 2026-04-28 232.59  2.37 
  OXY       Occidental Petroleum Corp  567.94              Energy  2026-04-27 57.27  2026-04-28 58.61  2.34 

=== 市值超过1000亿的涨跌榜前20名股票 ===
股票代码                 公司名称                  市值(亿)            板块                昨天收盘              今天收盘       涨跌幅(%)
  KO                         Coca-Cola Co  3247.05           Beverages  2026-04-27 75.44  2026-04-28 78.35  3.86 
 UNH               UnitedHealth Group Inc  3219.44         Health Care 2026-04-27 354.69 2026-04-28 366.77  3.41 
 CVS                      CVS Health Corp  1004.27         Health Care  2026-04-27 78.36  2026-04-28 80.98  3.34 
  PM      Philip Morris International Inc  2507.68             Tobacco  2026-04-27 160.9 2026-04-28 165.89  3.10 
  MO                     Altria Group Inc  1103.07             Tobacco   2026-04-27 66.0   2026-04-28 67.8  2.73 
INTU                           Intuit Inc  1078.32          Technology 2026-04-27 389.92 2026-04-28 400.38  2.68 
 TTE                     TotalEnergies SE  1642.91              Energy  2026-04-27 88.74  2026-04-28 91.03  2.58 
 IBM International Business Machines Corp  2143.41          Technology 2026-04-27 228.05 2026-04-28 233.04  2.19 
 COP                       ConocoPhillips  1483.10              Energy 2026-04-27 121.68 2026-04-28 124.32  2.17 
TMUS                      T-Mobile US Inc  2013.65   Telecommunication 2026-04-27 182.75 2026-04-28 186.72  2.17 
   T                             AT&T Inc  1782.20   Telecommunication  2026-04-27 25.52  2026-04-28 26.06  2.12 
 CVX                         Chevron Corp  3687.07              Energy 2026-04-27 184.78 2026-04-28 188.36  1.94 
  CB                            Chubb Ltd  1266.68           Insurance  2026-04-27 324.6 2026-04-28 330.34  1.77 
 NEE                   Nextera Energy Inc  1977.53           Utilities  2026-04-27 94.83  2026-04-28 96.51  1.77 
  GE                  General Electric Co  2968.92 Aerospace & Defense 2026-04-27 284.56  2026-04-28 289.2  1.63 
 XOM                     Exxon Mobil Corp  6203.25              Energy 2026-04-27 148.19 2026-04-28 150.56  1.60 
 PEP                          PepsiCo Inc  2106.19           Beverages  2026-04-27 154.1 2026-04-28 156.29  1.42 
 RTX                             RTX Corp  2334.88 Aerospace & Defense 2026-04-27 173.38 2026-04-28 175.68  1.33 
GILD                  Gilead Sciences Inc  1585.66       Biotechnology 2026-04-27 127.75 2026-04-28 129.26  1.18 
AAPL                            Apple Inc 39288.20          Technology 2026-04-27 267.61 2026-04-28 270.71  1.16 
