
=== 涨幅榜前20名股票 ===
股票代码                  公司名称                 市值(亿)                板块                      昨天收盘             今天收盘        涨跌幅(%)
TPST              Tempest Therapeutics Inc  0.23                    Biotechnology   2025-04-08 0.5  2025-04-09 7.15 1327.15
VERO                     Venus Concept Inc  0.02                      Health Care  2025-04-08 2.92  2025-04-09 8.93  205.82
AEHL      Antelope Enterprise Holdings Ltd  0.07                            Media  2025-04-08 2.18  2025-04-09 4.45  104.13
PHIO             Phio Pharmaceuticals Corp  0.07                    Biotechnology  2025-04-08 1.01  2025-04-09 1.54   52.48
 SGN                Signing Day Sports Inc  0.02                       Technology  2025-04-08 0.63  2025-04-09 0.93   47.63
 ADD          Color Star Technology Co Ltd  0.18    Diversified Consumer Services  2025-04-08 0.73  2025-04-09 1.06   45.21
HUBC                Hub Cyber Security Ltd  0.09                       Technology  2025-04-08 2.46  2025-04-09 3.51   42.68
LDTC              LeddarTech Holdings Inc.  0.15                       Technology  2025-04-08 0.34  2025-04-09 0.48   41.52
FLYE                       Fly-E Group Inc  0.10                      Automobiles  2025-04-08 0.38  2025-04-09 0.52   38.08
LUCY                Innovative Eyewear Inc  0.04                      Health Care  2025-04-08 1.79  2025-04-09 2.45   36.87
TIVC              Tivic Health Systems Inc  0.03                      Health Care  2025-04-08 3.61  2025-04-09 4.82   33.52
 HAO           Haoxi Health Technology Ltd  0.26                            Media  2025-04-08 1.05   2025-04-09 1.4   33.33
HUMA                          Humacyte Inc  2.28                    Biotechnology  2025-04-08 1.15  2025-04-09 1.53   33.04
BALY                          Bally's Corp  6.23    Hotels, Restaurants & Leisure 2025-04-08 11.89  2025-04-09 15.8   32.88
 SUP Superior Industries International Inc  0.61                  Auto Components  2025-04-08 1.81   2025-04-09 2.4   32.60
KRUS                    Kura Sushi USA Inc  6.21    Hotels, Restaurants & Leisure 2025-04-08 41.46 2025-04-09 54.57   31.62
CPRI                    Capri Holdings Ltd 18.21 Textiles, Apparel & Luxury Goods 2025-04-08 12.48 2025-04-09 16.36   31.09
LXEO                Lexeo Therapeutics Inc  0.78                    Biotechnology  2025-04-08 1.82  2025-04-09 2.36   29.67
AAOI           Applied Optoelectronics Inc  6.19                   Communications  2025-04-08 10.7 2025-04-09 13.87   29.63
AEHR                     Aehr Test Systems  2.35                   Semiconductors  2025-04-08 6.78  2025-04-09 8.76   29.20

=== 市值超过20亿的涨幅榜前20名股票 ===
股票代码             公司名称              市值(亿)                 板块                       昨天收盘              今天收盘       涨跌幅(%)
  RH                           RH   32.59                           Retail 2025-04-08 149.36 2025-04-09 192.03 28.57 
FORM               FormFactor Inc   21.22                   Semiconductors  2025-04-08 23.18  2025-04-09 29.76 28.39 
SITM                  SiTime Corp   32.29                   Semiconductors 2025-04-08 116.79  2025-04-09 149.9 28.35 
 VFC                      VF Corp   44.96 Textiles, Apparel & Luxury Goods   2025-04-08 9.74  2025-04-09 12.42 27.52 
MCHP     Microchip Technology Inc  218.62                   Semiconductors  2025-04-08 35.34   2025-04-09 44.9 27.05 
ONTO          Onto Innovation Inc   62.38                   Semiconductors  2025-04-08 105.6 2025-04-09 133.37 26.30 
 UAL United Airlines Holdings Inc  214.46                         Airlines  2025-04-08 56.15  2025-04-09 70.83 26.14 
CVNA                   Carvana Co  430.77                           Retail 2025-04-08 176.32 2025-04-09 220.44 25.02 
MSTR            Microstrategy Inc  723.95                       Technology 2025-04-08 237.95 2025-04-09 296.86 24.76 
ENTG                 Entegris Inc  106.94                   Semiconductors  2025-04-08 62.92  2025-04-09 78.48 24.73 
RDDT                   Reddit Inc  182.04                            Media  2025-04-08 88.89 2025-04-09 110.86 24.72 
CIVI        Civitas Resources Inc   26.03                           Energy  2025-04-08 24.31   2025-04-09 30.3 24.64 
MKSI          MKS Instruments Inc   45.47                   Semiconductors  2025-04-08 58.78   2025-04-09 73.2 24.53 
IONQ                     IONQ Inc   53.60                       Technology  2025-04-08 21.28  2025-04-09 26.37 23.92 
 AMD   Advanced Micro Devices Inc 1456.97                   Semiconductors  2025-04-08 78.21  2025-04-09 96.84 23.82 
HOOD        Robinhood Markets Inc  346.39               Financial Services  2025-04-08 34.17  2025-04-09 42.21 23.53 
 DAL          Delta Air Lines Inc  271.01                         Airlines  2025-04-08 35.88  2025-04-09 44.27 23.38 
SOUN            SoundHound AI Inc   31.70                       Technology   2025-04-08 7.18   2025-04-09 8.83 22.98 
LSCC   Lattice Semiconductor Corp   57.29                   Semiconductors  2025-04-08 37.84  2025-04-09 46.44 22.73 
ALGM     Allegro Microsystems Inc   37.82                   Semiconductors  2025-04-08 18.93  2025-04-09 23.23 22.72 

=== 市值超过50亿的涨幅榜前20名股票 ===
股票代码                公司名称                 市值(亿)           板块                 昨天收盘              今天收盘       涨跌幅(%)
MCHP           Microchip Technology Inc  218.62       Semiconductors  2025-04-08 35.34   2025-04-09 44.9 27.05 
ONTO                Onto Innovation Inc   62.38       Semiconductors  2025-04-08 105.6 2025-04-09 133.37 26.30 
 UAL       United Airlines Holdings Inc  214.46             Airlines  2025-04-08 56.15  2025-04-09 70.83 26.14 
CVNA                         Carvana Co  430.77               Retail 2025-04-08 176.32 2025-04-09 220.44 25.02 
MSTR                  Microstrategy Inc  723.95           Technology 2025-04-08 237.95 2025-04-09 296.86 24.76 
ENTG                       Entegris Inc  106.94       Semiconductors  2025-04-08 62.92  2025-04-09 78.48 24.73 
RDDT                         Reddit Inc  182.04                Media  2025-04-08 88.89 2025-04-09 110.86 24.72 
IONQ                           IONQ Inc   53.60           Technology  2025-04-08 21.28  2025-04-09 26.37 23.92 
 AMD         Advanced Micro Devices Inc 1456.97       Semiconductors  2025-04-08 78.21  2025-04-09 96.84 23.82 
HOOD              Robinhood Markets Inc  346.39   Financial Services  2025-04-08 34.17  2025-04-09 42.21 23.53 
 DAL                Delta Air Lines Inc  271.01             Airlines  2025-04-08 35.88  2025-04-09 44.27 23.38 
LSCC         Lattice Semiconductor Corp   57.29       Semiconductors  2025-04-08 37.84  2025-04-09 46.44 22.73 
  ON              ON Semiconductor Corp  153.21       Semiconductors  2025-04-08 31.95   2025-04-09 39.2 22.69 
TSLA                          Tesla Inc 8038.40          Automobiles 2025-04-08 221.86  2025-04-09 272.2 22.69 
COHR                      Coherent Corp   91.17 Electrical Equipment  2025-04-08 51.39  2025-04-09 63.04 22.67 
 AAL        American Airlines Group Inc   66.58             Airlines   2025-04-08 9.07  2025-04-09 11.12 22.60 
CRDO Credo Technology Group Holding Ltd   68.34       Semiconductors   2025-04-08 35.3  2025-04-09 43.27 22.58 
 ALK               Alaska Air Group Inc   56.48             Airlines  2025-04-08 41.01  2025-04-09 50.27 22.58 
QRVO                          Qorvo Inc   53.21       Semiconductors  2025-04-08 50.81  2025-04-09 62.11 22.24 
SNAP                           Snap Inc  134.35                Media   2025-04-08 7.23   2025-04-09 8.82 21.99 

=== 市值超过100亿的涨幅榜前20名股票 ===
股票代码             公司名称              市值(亿)                 板块                       昨天收盘              今天收盘       涨跌幅(%)
MCHP     Microchip Technology Inc  218.62                   Semiconductors  2025-04-08 35.34   2025-04-09 44.9 27.05 
 UAL United Airlines Holdings Inc  214.46                         Airlines  2025-04-08 56.15  2025-04-09 70.83 26.14 
CVNA                   Carvana Co  430.77                           Retail 2025-04-08 176.32 2025-04-09 220.44 25.02 
MSTR            Microstrategy Inc  723.95                       Technology 2025-04-08 237.95 2025-04-09 296.86 24.76 
ENTG                 Entegris Inc  106.94                   Semiconductors  2025-04-08 62.92  2025-04-09 78.48 24.73 
RDDT                   Reddit Inc  182.04                            Media  2025-04-08 88.89 2025-04-09 110.86 24.72 
 AMD   Advanced Micro Devices Inc 1456.97                   Semiconductors  2025-04-08 78.21  2025-04-09 96.84 23.82 
HOOD        Robinhood Markets Inc  346.39               Financial Services  2025-04-08 34.17  2025-04-09 42.21 23.53 
 DAL          Delta Air Lines Inc  271.01                         Airlines  2025-04-08 35.88  2025-04-09 44.27 23.38 
  ON        ON Semiconductor Corp  153.21                   Semiconductors  2025-04-08 31.95   2025-04-09 39.2 22.69 
TSLA                    Tesla Inc 8038.40                      Automobiles 2025-04-08 221.86  2025-04-09 272.2 22.69 
SNAP                     Snap Inc  134.35                            Media   2025-04-08 7.23   2025-04-09 8.82 21.99 
MRVL       Marvell Technology Inc  477.85                   Semiconductors  2025-04-08 50.03  2025-04-09 60.96 21.85 
AFRM          Affirm Holdings Inc  131.94               Financial Services  2025-04-08 36.45   2025-04-09 44.3 21.54 
NXPI        NXP Semiconductors NV  432.09                   Semiconductors  2025-04-08 153.5 2025-04-09 185.87 21.09 
FTAI            FTAI Aviation Ltd  106.41 Trading Companies & Distributors  2025-04-08 89.99 2025-04-09 108.95 21.07 
  SN               Sharkninja Inc  106.70                Consumer products  2025-04-08 65.64  2025-04-09 78.75 19.97 
SOFI        SoFi Technologies Inc  116.23               Financial Services    2025-04-08 9.5  2025-04-09 11.39 19.89 
 SYM                 Symbotic Inc  118.71                        Machinery  2025-04-08 17.88  2025-04-09 21.38 19.57 
 TTD               Trade Desk Inc  250.72                            Media  2025-04-08 45.27  2025-04-09 54.12 19.55 

=== 市值超过200亿的涨幅榜前20名股票 ===
股票代码             公司名称              市值(亿)                 板块                     昨天收盘              今天收盘       涨跌幅(%)
MCHP     Microchip Technology Inc   218.62                Semiconductors  2025-04-08 35.34   2025-04-09 44.9 27.05 
 UAL United Airlines Holdings Inc   214.46                      Airlines  2025-04-08 56.15  2025-04-09 70.83 26.14 
CVNA                   Carvana Co   430.77                        Retail 2025-04-08 176.32 2025-04-09 220.44 25.02 
MSTR            Microstrategy Inc   723.95                    Technology 2025-04-08 237.95 2025-04-09 296.86 24.76 
 AMD   Advanced Micro Devices Inc  1456.97                Semiconductors  2025-04-08 78.21  2025-04-09 96.84 23.82 
HOOD        Robinhood Markets Inc   346.39            Financial Services  2025-04-08 34.17  2025-04-09 42.21 23.53 
 DAL          Delta Air Lines Inc   271.01                      Airlines  2025-04-08 35.88  2025-04-09 44.27 23.38 
TSLA                    Tesla Inc  8038.40                   Automobiles 2025-04-08 221.86  2025-04-09 272.2 22.69 
MRVL       Marvell Technology Inc   477.85                Semiconductors  2025-04-08 50.03  2025-04-09 60.96 21.85 
NXPI        NXP Semiconductors NV   432.09                Semiconductors  2025-04-08 153.5 2025-04-09 185.87 21.09 
 TTD               Trade Desk Inc   250.72                         Media  2025-04-08 45.27  2025-04-09 54.12 19.55 
PLTR    Palantir Technologies Inc  2026.62                    Technology  2025-04-08 77.32  2025-04-09 92.01 19.00 
  MU        Micron Technology Inc   791.13                Semiconductors  2025-04-08 65.54  2025-04-09 77.87 18.81 
INTC                   Intel Corp   889.78                Semiconductors  2025-04-08 18.13  2025-04-09 21.53 18.75 
NVDA                  NVIDIA Corp 26156.80                Semiconductors   2025-04-08 96.3 2025-04-09 114.33 18.72 
AVGO                 Broadcom Inc  8167.76                Semiconductors 2025-04-08 156.03 2025-04-09 185.15 18.66 
SHOP                  Shopify Inc  1105.39                    Technology  2025-04-08 77.09   2025-04-09 91.4 18.56 
 ADI           Analog Devices Inc   914.98                Semiconductors 2025-04-08 166.09 2025-04-09 196.63 18.39 
EXPE            Expedia Group Inc   205.05 Hotels, Restaurants & Leisure 2025-04-08 136.63 2025-04-09 161.68 18.33 
LRCX            Lam Research Corp   854.41                Semiconductors  2025-04-08 60.25  2025-04-09 71.11 18.02 

=== 市值超过1000亿的涨跌榜前20名股票 ===
 股票代码            公司名称             市值(亿)            板块                 昨天收盘              今天收盘       涨跌幅(%)
  AMD Advanced Micro Devices Inc  1456.97       Semiconductors  2025-04-08 78.21  2025-04-09 96.84 23.82 
 TSLA                  Tesla Inc  8038.40          Automobiles 2025-04-08 221.86  2025-04-09 272.2 22.69 
 PLTR  Palantir Technologies Inc  2026.62           Technology  2025-04-08 77.32  2025-04-09 92.01 19.00 
 NVDA                NVIDIA Corp 26156.80       Semiconductors   2025-04-08 96.3 2025-04-09 114.33 18.72 
 AVGO               Broadcom Inc  8167.76       Semiconductors 2025-04-08 156.03 2025-04-09 185.15 18.66 
 SHOP                Shopify Inc  1105.39           Technology  2025-04-08 77.09   2025-04-09 91.4 18.56 
 AMAT      Applied Materials Inc  1142.78       Semiconductors 2025-04-08 128.96 2025-04-09 149.73 16.11 
  TXN      Texas Instruments Inc  1437.03       Semiconductors 2025-04-08 146.01  2025-04-09 169.5 16.09 
ASMLF            ASML Holding NV  2224.44       Semiconductors 2025-04-08 594.32 2025-04-09 689.07 15.94 
   BA                  Boeing Co  1146.14  Aerospace & Defense 2025-04-08 139.39 2025-04-09 160.82 15.37 
 AAPL                  Apple Inc 28424.77           Technology 2025-04-08 172.42 2025-04-09 198.85 15.33 
 QCOM               Qualcomm Inc  1500.18       Semiconductors 2025-04-08 124.66 2025-04-09 143.59 15.19 
 META         Meta Platforms Inc 13893.07                Media 2025-04-08 510.45 2025-04-09 585.77 14.76 
   BX             Blackstone Inc  1575.49   Financial Services 2025-04-08 120.07 2025-04-09 137.36 14.40 
 ISRG     Intuitive Surgical Inc  1768.19          Health Care 2025-04-08 457.63 2025-04-09 522.95 14.27 
  AXP        American Express Co  1753.69   Financial Services 2025-04-08 231.39 2025-04-09 262.36 13.38 
  ETN      Eaton Corporation PLC  1065.36 Electrical Equipment  2025-04-08 251.5 2025-04-09 283.59 12.76 
 ORCL                Oracle Corp  3765.67           Technology  2025-04-08 124.5 2025-04-09 139.69 12.20 
 AMZN             Amazon.com Inc 19332.91               Retail 2025-04-08 170.66  2025-04-09 191.1 11.98 
  DIS             Walt Disney Co  1582.18                Media  2025-04-08 81.72  2025-04-09 91.44 11.89 
