
=== 涨幅榜前20名股票 ===
股票代码                公司名称               市值(亿)               板块                     昨天收盘              今天收盘       涨跌幅(%)
SBET              SharpLink Gaming Inc  0.20  Hotels, Restaurants & Leisure 2025-05-28 29.16  2025-05-29 79.21 171.64
HBIO            Harvard Bioscience Inc  0.13 Life Sciences Tools & Services  2025-05-28 0.28   2025-05-29 0.67 139.36
STRM   Streamline Health Solutions Inc  0.10                    Health Care  2025-05-28 2.29   2025-05-29 5.18 126.20
 ZEO                   Zeo Energy Corp  0.78           Electrical Equipment  2025-05-28 1.58   2025-05-29 3.43 117.09
ALZN                Alzamend Neuro Inc  0.03                  Biotechnology  2025-05-28 3.32   2025-05-29 5.44  63.86
HCTI           Healthcare Triangle Inc  0.02                    Health Care  2025-05-28 0.01   2025-05-29 0.01  51.67
MODV                     ModivCare Inc  0.13                    Health Care  2025-05-28 0.89   2025-05-29 1.31  47.19
NAOV                  Nanovibronix Inc  0.02                    Health Care  2025-05-28 0.86   2025-05-29 1.25  46.03
 RGC Regencell Bioscience Holdings Ltd 67.67                Pharmaceuticals 2025-05-28 520.0 2025-05-29 740.98  42.50
CLGN     Collplant Biotechnologies Ltd  0.39                  Biotechnology   2025-05-28 3.4   2025-05-29 4.54  33.53
ORIC          Oric Pharmaceuticals Inc  4.24                  Biotechnology  2025-05-28 5.97   2025-05-29 7.97  33.50
ERAS                        Erasca Inc  3.12                  Biotechnology   2025-05-28 1.1   2025-05-29 1.45  31.82
IMNN                        Imunon Inc  0.27                  Biotechnology  2025-05-28 1.52   2025-05-29 1.99  30.92
HTCR         HeartCore Enterprises Inc  0.13                     Technology  2025-05-28 0.58   2025-05-29 0.74  26.80
INDP         Indaptus Therapeutics Inc  0.05                  Biotechnology  2025-05-28 0.32    2025-05-29 0.4  25.79
IINN  Inspira Technologies Oxy BHN Ltd  0.11                    Health Care  2025-05-28 0.43   2025-05-29 0.54  25.53
PASG                   Passage Bio Inc  0.22                  Biotechnology  2025-05-28 0.36   2025-05-29 0.45  25.47
PLUT        Plutus Financial Group Ltd  0.34             Financial Services  2025-05-28 2.25   2025-05-29 2.82  25.33
SGLY Singularity Future Technology Ltd  0.04  Transportation Infrastructure  2025-05-28 0.87   2025-05-29 1.08  24.14
INTS        Intensity Therapeutics Inc  0.06                  Biotechnology  2025-05-28 0.31   2025-05-29 0.39  23.89

=== 市值超过20亿的涨幅榜前20名股票 ===
股票代码                公司名称               市值(亿)          板块               昨天收盘              今天收盘       涨跌幅(%)
 RGC Regencell Bioscience Holdings Ltd  67.67   Pharmaceuticals  2025-05-28 520.0 2025-05-29 740.98 42.50 
 ELF                    elf Beauty Inc  51.04 Consumer products   2025-05-28 90.5 2025-05-29 111.84 23.58 
  AI                         C3.ai Inc  29.75        Technology  2025-05-28 23.02   2025-05-29 27.8 20.76 
VEEV                 Veeva Systems Inc 382.11       Health Care 2025-05-28 234.49 2025-05-29 279.04 19.00 
MRUS                          Merus NV  34.61     Biotechnology  2025-05-28 50.01  2025-05-29 55.37 10.72 
NVMI                          Nova Ltd  58.86    Semiconductors 2025-05-28 200.89 2025-05-29 217.85  8.44 
BPMC          Blueprint Medicines Corp  61.55     Biotechnology   2025-05-28 95.3 2025-05-29 103.06  8.14 
NDSN                      Nordson Corp 111.40         Machinery 2025-05-28 195.74 2025-05-29 208.97  6.76 
ROIV              Roivant Sciences Ltd  75.78     Biotechnology  2025-05-28 10.62   2025-05-29 11.3  6.40 
AKRO            Akero Therapeutics Inc  36.13     Biotechnology  2025-05-28 45.32  2025-05-29 48.03  5.98 
CAMT                        Camtek Ltd  29.77    Semiconductors  2025-05-28 65.28  2025-05-29 69.03  5.74 
IBRX                   Immunitybio Inc  21.71     Biotechnology   2025-05-28 2.46    2025-05-29 2.6  5.69 
IMVT                    Immunovant Inc  23.95     Biotechnology   2025-05-28 14.1  2025-05-29 14.89  5.60 
 MCY              Mercury General Corp  33.69         Insurance  2025-05-28 60.82  2025-05-29 63.69  4.72 
NUVL                      Nuvalent Inc  51.29     Biotechnology  2025-05-28 71.43  2025-05-29 74.76  4.66 
ICUI                   ICU Medical Inc  31.62       Health Care 2025-05-28 128.47 2025-05-29 134.43  4.64 
COTY                          Coty Inc  41.61 Consumer products   2025-05-28 4.77   2025-05-29 4.99  4.61 
PCVX                       Vaxcyte Inc  40.48     Biotechnology  2025-05-28 31.38   2025-05-29 32.8  4.53 
INSM                        Insmed Inc 120.87     Biotechnology  2025-05-28 66.36  2025-05-29 69.21  4.29 
 OGN                      Organon & Co  23.79   Pharmaceuticals   2025-05-28 9.15   2025-05-29 9.54  4.26 

=== 市值超过50亿的涨幅榜前20名股票 ===
股票代码                公司名称                市值(亿)           板块                昨天收盘               今天收盘       涨跌幅(%)
 RGC Regencell Bioscience Holdings Ltd   67.67     Pharmaceuticals   2025-05-28 520.0 2025-05-29 740.98 42.50 
 ELF                    elf Beauty Inc   51.04   Consumer products    2025-05-28 90.5 2025-05-29 111.84 23.58 
VEEV                 Veeva Systems Inc  382.11         Health Care  2025-05-28 234.49 2025-05-29 279.04 19.00 
NVMI                          Nova Ltd   58.86      Semiconductors  2025-05-28 200.89 2025-05-29 217.85  8.44 
BPMC          Blueprint Medicines Corp   61.55       Biotechnology    2025-05-28 95.3 2025-05-29 103.06  8.14 
NDSN                      Nordson Corp  111.40           Machinery  2025-05-28 195.74 2025-05-29 208.97  6.76 
ROIV              Roivant Sciences Ltd   75.78       Biotechnology   2025-05-28 10.62   2025-05-29 11.3  6.40 
NUVL                      Nuvalent Inc   51.29       Biotechnology   2025-05-28 71.43  2025-05-29 74.76  4.66 
INSM                        Insmed Inc  120.87       Biotechnology   2025-05-28 66.36  2025-05-29 69.21  4.29 
BIIB                        Biogen Inc  186.87       Biotechnology  2025-05-28 127.53 2025-05-29 132.75  4.09 
CELH              Celsius Holdings Inc   90.03           Beverages   2025-05-28 34.93  2025-05-29 36.34  4.04 
FICO                   Fair Isaac Corp  394.32          Technology 2025-05-28 1619.94 2025-05-29 1685.0  4.02 
  EL        Estee Lauder Companies Inc  238.41   Consumer products   2025-05-28 66.27  2025-05-29 68.67  3.62 
 AES                          AES Corp   69.06           Utilities     2025-05-28 9.7  2025-05-29 10.05  3.61 
RVMD          Revolution Medicines Inc   70.28       Biotechnology   2025-05-28 37.73  2025-05-29 39.08  3.59 
 HSY                        Hershey Co  315.86       Food Products   2025-05-28 155.9 2025-05-29 161.32  3.48 
BBIO              BridgeBio Pharma Inc   61.26       Biotechnology   2025-05-28 32.26  2025-05-29 33.37  3.44 
RDDT                        Reddit Inc  194.54               Media  2025-05-28 105.43 2025-05-29 109.03  3.41 
MRNA                       Moderna Inc  100.75       Biotechnology   2025-05-28 26.05  2025-05-29 26.93  3.38 
  BA                         Boeing Co 1519.32 Aerospace & Defense   2025-05-28 201.5 2025-05-29 208.18  3.32 

=== 市值超过100亿的涨幅榜前20名股票 ===
股票代码             公司名称             市值(亿)                  板块                       昨天收盘               今天收盘       涨跌幅(%)
VEEV           Veeva Systems Inc   382.11                      Health Care  2025-05-28 234.49 2025-05-29 279.04 19.00 
NDSN                Nordson Corp   111.40                        Machinery  2025-05-28 195.74 2025-05-29 208.97  6.76 
INSM                  Insmed Inc   120.87                    Biotechnology   2025-05-28 66.36  2025-05-29 69.21  4.29 
BIIB                  Biogen Inc   186.87                    Biotechnology  2025-05-28 127.53 2025-05-29 132.75  4.09 
FICO             Fair Isaac Corp   394.32                       Technology 2025-05-28 1619.94 2025-05-29 1685.0  4.02 
  EL  Estee Lauder Companies Inc   238.41                Consumer products   2025-05-28 66.27  2025-05-29 68.67  3.62 
 HSY                  Hershey Co   315.86                    Food Products   2025-05-28 155.9 2025-05-29 161.32  3.48 
RDDT                  Reddit Inc   194.54                            Media  2025-05-28 105.43 2025-05-29 109.03  3.41 
MRNA                 Moderna Inc   100.75                    Biotechnology   2025-05-28 26.05  2025-05-29 26.93  3.38 
  BA                   Boeing Co  1519.32              Aerospace & Defense   2025-05-28 201.5 2025-05-29 208.18  3.32 
NVDA                 NVIDIA Corp 32876.87                   Semiconductors  2025-05-28 134.81 2025-05-29 139.19  3.25 
  EG           Everest Group Ltd   142.74                        Insurance  2025-05-28 335.59 2025-05-29 346.35  3.21 
YUMC      Yum China Holdings Inc   162.32    Hotels, Restaurants & Leisure   2025-05-28 43.48  2025-05-29 44.77  2.97 
DECK        Deckers Outdoor Corp   155.89 Textiles, Apparel & Luxury Goods  2025-05-28 104.32 2025-05-29 107.27  2.83 
VTRS                 Viatris Inc   100.82                  Pharmaceuticals    2025-05-28 8.59   2025-05-29 8.83  2.79 
AFRM         Affirm Holdings Inc   163.49               Financial Services   2025-05-28 50.68  2025-05-29 52.05  2.70 
 NEE          Nextera Energy Inc  1383.61                        Utilities   2025-05-28 67.21  2025-05-29 68.99  2.65 
ALNY Alnylam Pharmaceuticals Inc   372.34                    Biotechnology  2025-05-28 285.56  2025-05-29 292.9  2.57 
 LUV       Southwest Airlines Co   187.43                         Airlines   2025-05-28 32.89  2025-05-29 33.71  2.49 
GILD         Gilead Sciences Inc  1348.92                    Biotechnology  2025-05-28 108.44 2025-05-29 111.11  2.46 

=== 市值超过200亿的涨幅榜前20名股票 ===
股票代码                 公司名称                 市值(亿)                 板块                      昨天收盘               今天收盘       涨跌幅(%)
VEEV                   Veeva Systems Inc   382.11                    Health Care  2025-05-28 234.49 2025-05-29 279.04 19.00 
FICO                     Fair Isaac Corp   394.32                     Technology 2025-05-28 1619.94 2025-05-29 1685.0  4.02 
  EL          Estee Lauder Companies Inc   238.41              Consumer products   2025-05-28 66.27  2025-05-29 68.67  3.62 
 HSY                          Hershey Co   315.86                  Food Products   2025-05-28 155.9 2025-05-29 161.32  3.48 
  BA                           Boeing Co  1519.32            Aerospace & Defense   2025-05-28 201.5 2025-05-29 208.18  3.32 
NVDA                         NVIDIA Corp 32876.87                 Semiconductors  2025-05-28 134.81 2025-05-29 139.19  3.25 
 NEE                  Nextera Energy Inc  1383.61                      Utilities   2025-05-28 67.21  2025-05-29 68.99  2.65 
ALNY         Alnylam Pharmaceuticals Inc   372.34                  Biotechnology  2025-05-28 285.56  2025-05-29 292.9  2.57 
GILD                 Gilead Sciences Inc  1348.92                  Biotechnology  2025-05-28 108.44 2025-05-29 111.11  2.46 
REGN       Regeneron Pharmaceuticals Inc   638.99                  Biotechnology  2025-05-28 591.85 2025-05-29 605.39  2.29 
 KDP                Keurig Dr Pepper Inc   444.54                      Beverages   2025-05-28 32.73  2025-05-29 33.45  2.20 
   A            Agilent Technologies Inc   316.12 Life Sciences Tools & Services  2025-05-28 110.88 2025-05-29 113.28  2.16 
 HEI                          HEICO Corp   357.52            Aerospace & Defense  2025-05-28 294.35 2025-05-29 300.17  1.98 
 HES                           Hess Corp   405.36                         Energy  2025-05-28 131.07 2025-05-29 133.62  1.95 
 PEG Public Service Enterprise Group Inc   389.67                      Utilities   2025-05-28 78.09  2025-05-29 79.55  1.87 
 BMY             Bristol-Myers Squibb Co   955.88                Pharmaceuticals   2025-05-28 46.97  2025-05-29 47.85  1.87 
AMGN                           Amgen Inc  1496.97                  Biotechnology   2025-05-28 278.4 2025-05-29 283.54  1.85 
 BKR                     Baker Hughes Co   363.41                         Energy   2025-05-28 36.68  2025-05-29 37.36  1.85 
 KHC                      Kraft Heinz Co   314.11                  Food Products   2025-05-28 26.54  2025-05-29 27.02  1.81 
  CB                           Chubb Ltd  1158.10                      Insurance   2025-05-28 289.0 2025-05-29 294.15  1.78 

=== 市值超过1000亿的涨跌榜前20名股票 ===
股票代码              公司名称               市值(亿)                 板块                      昨天收盘              今天收盘       涨跌幅(%)
  BA                      Boeing Co  1519.32            Aerospace & Defense  2025-05-28 201.5 2025-05-29 208.18  3.32 
NVDA                    NVIDIA Corp 32876.87                 Semiconductors 2025-05-28 134.81 2025-05-29 139.19  3.25 
 NEE             Nextera Energy Inc  1383.61                      Utilities  2025-05-28 67.21  2025-05-29 68.99  2.65 
GILD            Gilead Sciences Inc  1348.92                  Biotechnology 2025-05-28 108.44 2025-05-29 111.11  2.46 
AMGN                      Amgen Inc  1496.97                  Biotechnology  2025-05-28 278.4 2025-05-29 283.54  1.85 
  CB                      Chubb Ltd  1158.10                      Insurance  2025-05-28 289.0 2025-05-29 294.15  1.78 
 RTX                       RTX Corp  1774.81            Aerospace & Defense 2025-05-28 132.85  2025-05-29 134.8  1.47 
 MDT                  Medtronic PLC  1041.94                    Health Care  2025-05-28 81.24  2025-05-29 82.41  1.44 
 CVX                   Chevron Corp  2375.45                         Energy 2025-05-28 136.02 2025-05-29 137.91  1.39 
ABBV                     AbbVie Inc  3234.11                  Biotechnology 2025-05-28 183.09 2025-05-29 185.62  1.38 
 COP                 ConocoPhillips  1067.75                         Energy  2025-05-28 84.58   2025-05-29 85.6  1.21 
 PFE                     Pfizer Inc  1317.87                Pharmaceuticals  2025-05-28 23.18  2025-05-29 23.45  1.16 
 KKR                   KKR & Co Inc  1078.03             Financial Services 2025-05-28 121.04 2025-05-29 122.33  1.07 
AVGO                   Broadcom Inc 11257.88                 Semiconductors 2025-05-28 239.43 2025-05-29 241.97  1.06 
 PEP                    PepsiCo Inc  1791.59                      Beverages 2025-05-28 130.67 2025-05-29 131.92  0.96 
 APH                  Amphenol Corp  1066.02           Electrical Equipment  2025-05-28 88.13  2025-05-29 88.92  0.90 
 MMC Marsh & McLennan Companies Inc  1130.91                      Insurance 2025-05-28 229.52 2025-05-29 231.49  0.86 
 LMT           Lockheed Martin Corp  1101.14            Aerospace & Defense 2025-05-28 469.98 2025-05-29 473.69  0.79 
 DHR                   Danaher Corp  1352.69 Life Sciences Tools & Services 2025-05-28 189.01 2025-05-29 190.47  0.77 
 JNJ              Johnson & Johnson  3667.58                Pharmaceuticals 2025-05-28 152.43 2025-05-29 153.58  0.75 
