
=== 涨幅榜前20名股票 ===
股票代码                  公司名称                 市值(亿)                板块                      昨天收盘             今天收盘        涨跌幅(%)
AREB           American Rebel Holdings Inc  0.02   Commercial Services & Supplies  2026-04-02 0.06  2026-04-06 6.46 9838.46
PFSA                           Profusa Inc  0.01                      Health Care  2026-04-02 0.76  2026-04-06 1.85  144.06
FCUV                   Focus Universal Inc  0.03             Electrical Equipment  2026-04-02 3.34  2026-04-06 5.74   71.86
MLEC                     Moolec Science SA  0.05                    Food Products  2026-04-02 6.95 2026-04-06 11.44   64.60
MAXN         Maxeon Solar Technologies Ltd  0.12                   Semiconductors  2026-04-02 0.68  2026-04-06 1.06   54.97
 SMX            SMX (Security Matters) PLC  0.19             Electrical Equipment  2026-04-02 8.46  2026-04-06 13.0   53.66
MIGI       Mawson Infrastructure Group Inc  0.09                       Technology  2026-04-02 1.71  2026-04-06 2.59   51.46
IOBT                        IO Biotech Inc  0.02                    Biotechnology  2026-04-02 0.03  2026-04-06 0.05   50.00
CLIR           ClearSign Technologies Corp  0.26                        Machinery  2026-04-02 4.83  2026-04-06 6.94   43.69
SLGB            Smart Logistics Global Ltd  0.28                      Road & Rail  2026-04-02 0.69  2026-04-06 0.96   37.80
SLNO               Soleno Therapeutics Inc 20.39                    Biotechnology 2026-04-02 39.49 2026-04-06 52.25   32.31
RCMT                R C M Technologies Inc  1.43            Professional Services  2026-04-02 19.3 2026-04-06 25.47   31.97
 AGL                     agilon health inc  1.78                      Health Care 2026-04-02 10.74 2026-04-06 13.96   29.98
ESLA             Estrella Immunopharma Inc  0.45                    Biotechnology  2026-04-02 1.05  2026-04-06 1.36   29.52
 AIB Blockchain Digital Infrastructure Inc  1.15                       Technology  2026-04-02 1.16  2026-04-06 1.48   27.59
ABVC                    ABVC Biopharma Inc  0.28                    Biotechnology  2026-04-02 1.09  2026-04-06 1.39   27.52
MGRT                   Mega Fortune Co Ltd  2.06                       Technology 2026-04-02 14.99 2026-04-06 19.08   27.28
LZMH            LZ Technology Holdings Ltd  1.75                            Media  2026-04-02 1.35  2026-04-06 1.71   26.67
PMNT                    Perfect Moment Ltd  0.11 Textiles, Apparel & Luxury Goods  2026-04-02 0.23  2026-04-06 0.29   26.42
CREG                     Smart Powerr Corp  0.05   Commercial Services & Supplies  2026-04-02 0.26  2026-04-06 0.33   25.38

=== 市值超过20亿的涨幅榜前20名股票 ===
 股票代码                    公司名称                    市值(亿)                 板块                       昨天收盘              今天收盘       涨跌幅(%)
 SLNO                   Soleno Therapeutics Inc   20.39                    Biotechnology  2026-04-02 39.49  2026-04-06 52.25 32.31 
  CAR                     Avis Budget Group Inc   67.14                      Road & Rail 2026-04-02 190.42  2026-04-06 212.6 11.65 
 PLUG                            Plug Power Inc   33.59             Electrical Equipment   2026-04-02 2.41   2026-04-06 2.69 11.62 
 BOOT                    Boot Barn Holdings Inc   41.12                           Retail 2026-04-02 135.16 2026-04-06 149.03 10.26 
 KTOS Kratos Defense and Security Solutions Inc  125.71              Aerospace & Defense  2026-04-02 67.31  2026-04-06 74.09 10.07 
ATROB                            Astronics Corp   22.26              Aerospace & Defense   2026-04-02 61.9  2026-04-06 68.01  9.87 
 AMPX                  Amprius Technologies Inc   21.92             Electrical Equipment   2026-04-02 16.0  2026-04-06 17.56  9.75 
   VG                        Venture Global Inc  359.70                           Energy  2026-04-02 14.64  2026-04-06 15.94  8.88 
  EHC                     Encompass Health Corp   96.82                      Health Care  2026-04-02 97.39 2026-04-06 105.15  7.97 
 SEZL                                Sezzle Inc   21.55               Financial Services  2026-04-02 63.76  2026-04-06 68.81  7.92 
 BLLN                          BillionToOne Inc   32.87                      Health Care  2026-04-02 79.36   2026-04-06 85.5  7.74 
 DIOD                                Diodes Inc   31.46                   Semiconductors  2026-04-02 68.58  2026-04-06 73.62  7.35 
 BETA                     BETA Technologies Inc   34.14              Aerospace & Defense  2026-04-02 15.43  2026-04-06 16.53  7.13 
 OSCR                          Oscar Health Inc   35.49                        Insurance  2026-04-02 11.92  2026-04-06 12.76  7.05 
  APP                             Applovin Corp 1186.43                       Technology 2026-04-02 386.37 2026-04-06 412.68  6.81 
 MSTR                              Strategy Inc  390.59                       Technology 2026-04-02 119.83 2026-04-06 127.69  6.56 
 CROX                                 Crocs Inc   42.03 Textiles, Apparel & Luxury Goods  2026-04-02 83.66  2026-04-06 89.01  6.39 
 HIMS                    Hims & Hers Health Inc   42.02                      Health Care  2026-04-02 19.14  2026-04-06 20.33  6.22 
 CELH                      Celsius Holdings Inc   87.58                        Beverages  2026-04-02 34.08  2026-04-06 36.13  6.02 
STMEF                     STMicroelectronics NV  259.49                   Semiconductors  2026-04-02 33.98  2026-04-06 36.01  5.96 

=== 市值超过50亿的涨幅榜前20名股票 ===
 股票代码                    公司名称                    市值(亿)                板块                      昨天收盘              今天收盘       涨跌幅(%)
  CAR                     Avis Budget Group Inc   67.14                    Road & Rail 2026-04-02 190.42  2026-04-06 212.6 11.65 
 KTOS Kratos Defense and Security Solutions Inc  125.71            Aerospace & Defense  2026-04-02 67.31  2026-04-06 74.09 10.07 
   VG                        Venture Global Inc  359.70                         Energy  2026-04-02 14.64  2026-04-06 15.94  8.88 
  EHC                     Encompass Health Corp   96.82                    Health Care  2026-04-02 97.39 2026-04-06 105.15  7.97 
  APP                             Applovin Corp 1186.43                     Technology 2026-04-02 386.37 2026-04-06 412.68  6.81 
 MSTR                              Strategy Inc  390.59                     Technology 2026-04-02 119.83 2026-04-06 127.69  6.56 
 CELH                      Celsius Holdings Inc   87.58                      Beverages  2026-04-02 34.08  2026-04-06 36.13  6.02 
STMEF                     STMicroelectronics NV  259.49                 Semiconductors  2026-04-02 33.98  2026-04-06 36.01  5.96 
  FLY                     Firefly Aerospace Inc   52.67            Aerospace & Defense  2026-04-02 32.93  2026-04-06 34.85  5.83 
 CART                             Maplebear Inc   93.29                         Retail  2026-04-02 38.77  2026-04-06 41.02  5.80 
 VRSN                             VeriSign, Inc  238.28                     Technology 2026-04-02 259.85 2026-04-06 274.51  5.64 
  STX           Seagate Technology Holdings PLC  936.32                     Technology 2026-04-02 429.36  2026-04-06 453.3  5.58 
SDMHF               Sartorius Stedim Biotech SA  164.58 Life Sciences Tools & Services  2026-04-02 193.0 2026-04-06 203.75  5.57 
 BROS                            Dutch Bros Inc   63.97  Hotels, Restaurants & Leisure  2026-04-02 50.35  2026-04-06 53.03  5.32 
 BKNG                      Booking Holdings Inc 1328.48  Hotels, Restaurants & Leisure 2026-04-02 167.77 2026-04-06 176.19  5.02 
 SAIA                                  Saia Inc   94.48                    Road & Rail 2026-04-02 354.28 2026-04-06 372.05  5.02 
 SBUX                            Starbucks Corp 1029.59  Hotels, Restaurants & Leisure  2026-04-02 90.37  2026-04-06 94.78  4.88 
 SITM                               SiTime Corp   91.27                 Semiconductors 2026-04-02 347.05 2026-04-06 363.94  4.87 
EADSF                                 Airbus SE 1300.03            Aerospace & Defense 2026-04-02 190.03  2026-04-06 199.0  4.72 
 AFRM                       Affirm Holdings Inc  135.42             Financial Services  2026-04-02 46.31  2026-04-06 48.45  4.62 

=== 市值超过100亿的涨幅榜前20名股票 ===
 股票代码                    公司名称                    市值(亿)                板块                      昨天收盘              今天收盘       涨跌幅(%)
 KTOS Kratos Defense and Security Solutions Inc  125.71            Aerospace & Defense  2026-04-02 67.31  2026-04-06 74.09 10.07 
   VG                        Venture Global Inc  359.70                         Energy  2026-04-02 14.64  2026-04-06 15.94  8.88 
  APP                             Applovin Corp 1186.43                     Technology 2026-04-02 386.37 2026-04-06 412.68  6.81 
 MSTR                              Strategy Inc  390.59                     Technology 2026-04-02 119.83 2026-04-06 127.69  6.56 
STMEF                     STMicroelectronics NV  259.49                 Semiconductors  2026-04-02 33.98  2026-04-06 36.01  5.96 
 VRSN                             VeriSign, Inc  238.28                     Technology 2026-04-02 259.85 2026-04-06 274.51  5.64 
  STX           Seagate Technology Holdings PLC  936.32                     Technology 2026-04-02 429.36  2026-04-06 453.3  5.58 
SDMHF               Sartorius Stedim Biotech SA  164.58 Life Sciences Tools & Services  2026-04-02 193.0 2026-04-06 203.75  5.57 
 BKNG                      Booking Holdings Inc 1328.48  Hotels, Restaurants & Leisure 2026-04-02 167.77 2026-04-06 176.19  5.02 
 SBUX                            Starbucks Corp 1029.59  Hotels, Restaurants & Leisure  2026-04-02 90.37  2026-04-06 94.78  4.88 
EADSF                                 Airbus SE 1300.03            Aerospace & Defense 2026-04-02 190.03  2026-04-06 199.0  4.72 
 AFRM                       Affirm Holdings Inc  135.42             Financial Services  2026-04-02 46.31  2026-04-06 48.45  4.62 
SBGSF                     Schneider Electric SE 1330.06           Electrical Equipment 2026-04-02 270.42  2026-04-06 282.8  4.58 
   DG                       Dollar General Corp  263.70                         Retail 2026-04-02 119.74 2026-04-06 125.01  4.40 
  DKS                 DICK'S Sporting Goods Inc  127.32                         Retail 2026-04-02 191.75 2026-04-06 199.66  4.13 
  MKC                   McCormick & Company Inc  123.88                  Food Products  2026-04-02 48.85   2026-04-06 50.8  3.99 
   SN                            Sharkninja Inc  147.43              Consumer products 2026-04-02 104.38 2026-04-06 108.48  3.93 
 EBAY                                  eBay Inc  421.75                         Retail  2026-04-02 94.14  2026-04-06 97.71  3.79 
  CLX                                 Clorox Co  122.29              Consumer products 2026-04-02 101.14 2026-04-06 104.89  3.71 
 ALNY               Alnylam Pharmaceuticals Inc  422.87                  Biotechnology 2026-04-02 318.85 2026-04-06 330.34  3.60 

=== 市值超过200亿的涨幅榜前20名股票 ===
 股票代码               公司名称               市值(亿)                板块                     昨天收盘              今天收盘       涨跌幅(%)
   VG              Venture Global Inc  359.70                        Energy  2026-04-02 14.64  2026-04-06 15.94  8.88 
  APP                   Applovin Corp 1186.43                    Technology 2026-04-02 386.37 2026-04-06 412.68  6.81 
 MSTR                    Strategy Inc  390.59                    Technology 2026-04-02 119.83 2026-04-06 127.69  6.56 
STMEF           STMicroelectronics NV  259.49                Semiconductors  2026-04-02 33.98  2026-04-06 36.01  5.96 
 VRSN                   VeriSign, Inc  238.28                    Technology 2026-04-02 259.85 2026-04-06 274.51  5.64 
  STX Seagate Technology Holdings PLC  936.32                    Technology 2026-04-02 429.36  2026-04-06 453.3  5.58 
 BKNG            Booking Holdings Inc 1328.48 Hotels, Restaurants & Leisure 2026-04-02 167.77 2026-04-06 176.19  5.02 
 SBUX                  Starbucks Corp 1029.59 Hotels, Restaurants & Leisure  2026-04-02 90.37  2026-04-06 94.78  4.88 
EADSF                       Airbus SE 1300.03           Aerospace & Defense 2026-04-02 190.03  2026-04-06 199.0  4.72 
SBGSF           Schneider Electric SE 1330.06          Electrical Equipment 2026-04-02 270.42  2026-04-06 282.8  4.58 
   DG             Dollar General Corp  263.70                        Retail 2026-04-02 119.74 2026-04-06 125.01  4.40 
 EBAY                        eBay Inc  421.75                        Retail  2026-04-02 94.14  2026-04-06 97.71  3.79 
 ALNY     Alnylam Pharmaceuticals Inc  422.87                 Biotechnology 2026-04-02 318.85 2026-04-06 330.34  3.60 
 TSCO               Tractor Supply Co  230.65                        Retail  2026-04-02 43.82  2026-04-06 45.39  3.58 
 NBIS                 Nebius Group NV  237.40                    Technology 2026-04-02 108.82 2026-04-06 112.54  3.42 
  KHC                  Kraft Heinz Co  269.77                 Food Products  2026-04-02 22.79  2026-04-06 23.57  3.42 
ESLOF             Essilorluxottica SA  883.74                   Health Care 2026-04-02 214.79  2026-04-06 222.0  3.36 
 SNDK                    Sandisk Corp 1035.55                    Technology 2026-04-02 701.59 2026-04-06 724.63  3.28 
   MU           Micron Technology Inc 4130.20                Semiconductors 2026-04-02 366.24 2026-04-06 377.76  3.15 
 CPNG                     Coupang Inc  316.54                        Retail  2026-04-02 18.95  2026-04-06 19.51  2.96 

=== 市值超过1000亿的涨跌榜前20名股票 ===
 股票代码          公司名称          市值(亿)                板块                     昨天收盘               今天收盘        涨跌幅(%)
  APP         Applovin Corp 1186.43                    Technology  2026-04-02 386.37  2026-04-06 412.68  6.81 
 BKNG  Booking Holdings Inc 1328.48 Hotels, Restaurants & Leisure  2026-04-02 167.77  2026-04-06 176.19  5.02 
 SBUX        Starbucks Corp 1029.59 Hotels, Restaurants & Leisure   2026-04-02 90.37   2026-04-06 94.78  4.88 
EADSF             Airbus SE 1300.03           Aerospace & Defense  2026-04-02 190.03   2026-04-06 199.0  4.72 
SBGSF Schneider Electric SE 1330.06          Electrical Equipment  2026-04-02 270.42   2026-04-06 282.8  4.58 
 SNDK          Sandisk Corp 1035.55                    Technology  2026-04-02 701.59  2026-04-06 724.63  3.28 
   MU Micron Technology Inc 4130.20                Semiconductors  2026-04-02 366.24  2026-04-06 377.76  3.15 
  ADI    Analog Devices Inc 1554.15                Semiconductors  2026-04-02 318.34  2026-04-06 327.36  2.83 
   GE   General Electric Co 2948.83           Aerospace & Defense  2026-04-02 281.16  2026-04-06 288.69  2.68 
  HCA    HCA Healthcare Inc 1055.14                   Health Care  2026-04-02 471.84  2026-04-06 483.92  2.56 
  LMT  Lockheed Martin Corp 1432.92           Aerospace & Defense  2026-04-02 622.79   2026-04-06 637.9  2.43 
  TXN Texas Instruments Inc 1774.22                Semiconductors  2026-04-02 194.87  2026-04-06 199.42  2.33 
   BA             Boeing Co 1635.25           Aerospace & Defense  2026-04-02 208.22   2026-04-06 212.3  1.96 
  AXP   American Express Co 2061.08            Financial Services  2026-04-02 300.18  2026-04-06 305.73  1.85 
    C         Citigroup Inc 2016.09                       Banking  2026-04-02 115.25  2026-04-06 117.36  1.83 
 CSCO     Cisco Systems Inc 3121.20                Communications   2026-04-02 79.02   2026-04-06 80.43  1.79 
  XOM      Exxon Mobil Corp 6505.15                        Energy  2026-04-02 160.69  2026-04-06 163.37  1.67 
   MA        Mastercard Inc 4368.01            Financial Services  2026-04-02 493.44   2026-04-06 501.5  1.63 
   HD        Home Depot Inc 3203.47                        Retail  2026-04-02 321.63  2026-04-06 326.65  1.56 
 KLAC              KLA Corp 1988.23                Semiconductors 2026-04-02 1516.84 2026-04-06 1540.06  1.53 
