
=== 涨幅榜前20名股票 ===
股票代码               公司名称              市值(亿)               板块                     昨天收盘             今天收盘       涨跌幅(%)
 OST   Ostin Technology Group Co Ltd  0.02           Electrical Equipment   2025-04-14 0.8  2025-04-15 3.19 299.25
MURA              Mural Oncology PLC  0.18                  Biotechnology  2025-04-14 1.03  2025-04-15 2.41 133.98
ACRV        Acrivon Therapeutics Inc  0.47                  Biotechnology   2025-04-14 1.5  2025-04-15 2.15  43.33
ARBB               ARB IOT Group Ltd  0.17                     Technology  2025-04-14 0.65  2025-04-15 0.93  42.51
KSCP                 Knightscope Inc  0.21 Commercial Services & Supplies   2025-04-14 3.0  2025-04-15 4.25  41.67
 APM               Aptorum Group Ltd  0.06                  Biotechnology  2025-04-14 0.81  2025-04-15 1.08  32.52
SKYE             Skye Bioscience Inc  0.41                  Biotechnology  2025-04-14 1.31  2025-04-15 1.71  30.53
ILLR               Triller Group Inc  1.35             Financial Services  2025-04-14 0.83  2025-04-15 1.08  30.12
  IE            Ivanhoe Electric Inc  6.69                Metals & Mining  2025-04-14 5.05  2025-04-15 6.48  28.32
OPTX      Syntec Optics Holdings Inc  0.40           Electrical Equipment   2025-04-14 1.1  2025-04-15 1.41  28.18
RAYA Erayak Power Solution Group Inc  0.36           Electrical Equipment  2025-04-14 1.29  2025-04-15 1.65  27.91
JZXN              Jiuzi Holdings Inc  0.56                         Retail  2025-04-14 5.11  2025-04-15 6.49  27.01
 CIX         CompX International Inc  2.46 Commercial Services & Supplies 2025-04-14 19.97 2025-04-15 24.81  24.24
MSGM            Motorsport Games Inc  0.03                          Media  2025-04-14 0.87  2025-04-15 1.08  24.00
DTIL       Precision BioSciences Inc  0.47                  Biotechnology  2025-04-14 4.46  2025-04-15 5.52  23.77
SNAL                       Snail Inc  0.33                          Media  2025-04-14 0.96  2025-04-15 1.18  22.92
FRGE       Forge Global Holdings Inc  1.21             Financial Services  2025-04-14 9.63 2025-04-15 11.83  22.86
SKIL                  Skillsoft Corp  1.45          Professional Services 2025-04-14 17.45 2025-04-15 21.29  22.01
RZLV                  Rezolve AI Ltd  3.52                     Technology  2025-04-14 1.14  2025-04-15 1.39  21.93
 GGR                      Gogoro Inc  0.93                    Automobiles  2025-04-14 0.31  2025-04-15 0.38  21.78

=== 市值超过20亿的涨幅榜前20名股票 ===
股票代码                 公司名称                 市值(亿)                 板块                       昨天收盘              今天收盘       涨跌幅(%)
DGNX                         Diginex Ltd   27.36                       Technology 2025-04-14 118.98 2025-04-15 138.01 15.99 
RKLB                  Rocket Lab USA Inc   86.76              Aerospace & Defense  2025-04-14 19.13  2025-04-15 21.07 10.14 
TTAN                    ServiceTitan Inc   94.98                       Technology 2025-04-14 105.37 2025-04-15 115.59  9.70 
 VFS                    VinFast Auto Ltd   70.16                      Automobiles    2025-04-14 3.0   2025-04-15 3.25  8.33 
 PAY              Paymentus Holdings Inc   34.99               Financial Services   2025-04-14 28.0  2025-04-15 30.07  7.39 
PLTR           Palantir Technologies Inc 2172.27                       Technology  2025-04-14 92.62   2025-04-15 98.4  6.24 
ADMA                  ADMA Biologics Inc   49.69                    Biotechnology  2025-04-14 20.91  2025-04-15 22.15  5.93 
 UAA                    Under Armour Inc   22.95 Textiles, Apparel & Luxury Goods   2025-04-14 5.44   2025-04-15 5.74  5.51 
 DJT Trump Media & Technology Group Corp   41.76                            Media  2025-04-14 18.93  2025-04-15 19.96  5.44 
RBRK                          Rubrik Inc  113.96                       Technology  2025-04-14 60.05  2025-04-15 63.31  5.43 
 HPE       Hewlett Packard Enterprise Co  187.58                       Technology  2025-04-14 14.28  2025-04-15 15.01  5.11 
KRMN                 Karman Holdings Inc   42.96              Aerospace & Defense   2025-04-14 32.5  2025-04-15 34.14  5.05 
MMYT                      MakeMyTrip Ltd  107.53    Hotels, Restaurants & Leisure  2025-04-14 97.95 2025-04-15 102.69  4.84 
NFLX                         Netflix Inc 3983.62                            Media 2025-04-14 931.28 2025-04-15 976.28  4.83 
TIGO  Millicom International Cellular SA   49.05                Telecommunication   2025-04-14 28.5  2025-04-15 29.84  4.70 
SRRK           Scholar Rock Holding Corp   27.39                    Biotechnology  2025-04-14 28.93  2025-04-15 30.22  4.46 
CVNA                          Carvana Co  437.02                           Retail 2025-04-14 204.73 2025-04-15 213.81  4.44 
STRL         Sterling Infrastructure Inc   41.13                     Construction 2025-04-14 135.23  2025-04-15 141.0  4.27 
PTGX        Protagonist Therapeutics Inc   27.64                    Biotechnology  2025-04-14 45.03  2025-04-15 46.95  4.26 
SPOT               Spotify Technology SA 1102.65                            Media 2025-04-14 549.17 2025-04-15 572.39  4.23 

=== 市值超过50亿的涨幅榜前20名股票 ===
股票代码              公司名称              市值(亿)                板块                     昨天收盘               今天收盘        涨跌幅(%)
RKLB            Rocket Lab USA Inc   86.76           Aerospace & Defense   2025-04-14 19.13   2025-04-15 21.07 10.14 
TTAN              ServiceTitan Inc   94.98                    Technology  2025-04-14 105.37  2025-04-15 115.59  9.70 
 VFS              VinFast Auto Ltd   70.16                   Automobiles     2025-04-14 3.0    2025-04-15 3.25  8.33 
PLTR     Palantir Technologies Inc 2172.27                    Technology   2025-04-14 92.62    2025-04-15 98.4  6.24 
RBRK                    Rubrik Inc  113.96                    Technology   2025-04-14 60.05   2025-04-15 63.31  5.43 
 HPE Hewlett Packard Enterprise Co  187.58                    Technology   2025-04-14 14.28   2025-04-15 15.01  5.11 
MMYT                MakeMyTrip Ltd  107.53 Hotels, Restaurants & Leisure   2025-04-14 97.95  2025-04-15 102.69  4.84 
NFLX                   Netflix Inc 3983.62                         Media  2025-04-14 931.28  2025-04-15 976.28  4.83 
CVNA                    Carvana Co  437.02                        Retail  2025-04-14 204.73  2025-04-15 213.81  4.44 
SPOT         Spotify Technology SA 1102.65                         Media  2025-04-14 549.17  2025-04-15 572.39  4.23 
NTNX                   Nutanix Inc  161.04                    Technology   2025-04-14 60.39   2025-04-15 62.85  4.07 
HIMS        Hims & Hers Health Inc   62.90                   Health Care   2025-04-14 28.31   2025-04-15 29.46  4.06 
MELI              MercadoLibre Inc 1032.77                        Retail 2025-04-14 2037.12 2025-04-15 2118.32  3.99 
 APP                 Applovin Corp  802.54                    Technology  2025-04-14 236.07  2025-04-15 245.47  3.98 
 IOT                   Samsara Inc  212.07                    Technology   2025-04-14 37.25   2025-04-15 38.68  3.84 
HUBS                   HubSpot Inc  275.14                    Technology  2025-04-14 527.56  2025-04-15 547.18  3.72 
   U            Unity Software Inc   74.40                    Technology   2025-04-14 18.16   2025-04-15 18.82  3.63 
 BAC          Bank of America Corp 2788.64                       Banking   2025-04-14 36.67   2025-04-15 37.99  3.60 
RBLX                   Roblox Corp  379.76                         Media   2025-04-14 56.91   2025-04-15 58.88  3.46 
TEAM                Atlassian Corp  526.59                    Technology  2025-04-14 200.99  2025-04-15 207.25  3.11 

=== 市值超过100亿的涨幅榜前20名股票 ===
股票代码              公司名称              市值(亿)                板块                     昨天收盘               今天收盘        涨跌幅(%)
PLTR     Palantir Technologies Inc 2172.27                    Technology   2025-04-14 92.62    2025-04-15 98.4  6.24 
RBRK                    Rubrik Inc  113.96                    Technology   2025-04-14 60.05   2025-04-15 63.31  5.43 
 HPE Hewlett Packard Enterprise Co  187.58                    Technology   2025-04-14 14.28   2025-04-15 15.01  5.11 
MMYT                MakeMyTrip Ltd  107.53 Hotels, Restaurants & Leisure   2025-04-14 97.95  2025-04-15 102.69  4.84 
NFLX                   Netflix Inc 3983.62                         Media  2025-04-14 931.28  2025-04-15 976.28  4.83 
CVNA                    Carvana Co  437.02                        Retail  2025-04-14 204.73  2025-04-15 213.81  4.44 
SPOT         Spotify Technology SA 1102.65                         Media  2025-04-14 549.17  2025-04-15 572.39  4.23 
NTNX                   Nutanix Inc  161.04                    Technology   2025-04-14 60.39   2025-04-15 62.85  4.07 
MELI              MercadoLibre Inc 1032.77                        Retail 2025-04-14 2037.12 2025-04-15 2118.32  3.99 
 APP                 Applovin Corp  802.54                    Technology  2025-04-14 236.07  2025-04-15 245.47  3.98 
 IOT                   Samsara Inc  212.07                    Technology   2025-04-14 37.25   2025-04-15 38.68  3.84 
HUBS                   HubSpot Inc  275.14                    Technology  2025-04-14 527.56  2025-04-15 547.18  3.72 
 BAC          Bank of America Corp 2788.64                       Banking   2025-04-14 36.67   2025-04-15 37.99  3.60 
RBLX                   Roblox Corp  379.76                         Media   2025-04-14 56.91   2025-04-15 58.88  3.46 
TEAM                Atlassian Corp  526.59                    Technology  2025-04-14 200.99  2025-04-15 207.25  3.11 
  AU         Anglogold Ashanti PLC  215.45               Metals & Mining   2025-04-14 42.57   2025-04-15 43.83  2.96 
DOCU                  DocuSign Inc  152.39                    Technology   2025-04-14 75.26   2025-04-15 77.49  2.96 
DXCM                    Dexcom Inc  264.24                   Health Care   2025-04-14 67.39   2025-04-15 69.23  2.73 
 VST                   Vistra Corp  383.32                     Utilities  2025-04-14 112.69  2025-04-15 115.75  2.72 
  ZS                   Zscaler Inc  308.58                    Technology  2025-04-14 199.44  2025-04-15 204.64  2.61 

=== 市值超过200亿的涨幅榜前20名股票 ===
股票代码            公司名称            市值(亿)          板块                昨天收盘               今天收盘        涨跌幅(%)
PLTR Palantir Technologies Inc 2172.27         Technology   2025-04-14 92.62    2025-04-15 98.4  6.24 
NFLX               Netflix Inc 3983.62              Media  2025-04-14 931.28  2025-04-15 976.28  4.83 
CVNA                Carvana Co  437.02             Retail  2025-04-14 204.73  2025-04-15 213.81  4.44 
SPOT     Spotify Technology SA 1102.65              Media  2025-04-14 549.17  2025-04-15 572.39  4.23 
MELI          MercadoLibre Inc 1032.77             Retail 2025-04-14 2037.12 2025-04-15 2118.32  3.99 
 APP             Applovin Corp  802.54         Technology  2025-04-14 236.07  2025-04-15 245.47  3.98 
 IOT               Samsara Inc  212.07         Technology   2025-04-14 37.25   2025-04-15 38.68  3.84 
HUBS               HubSpot Inc  275.14         Technology  2025-04-14 527.56  2025-04-15 547.18  3.72 
 BAC      Bank of America Corp 2788.64            Banking   2025-04-14 36.67   2025-04-15 37.99  3.60 
RBLX               Roblox Corp  379.76              Media   2025-04-14 56.91   2025-04-15 58.88  3.46 
TEAM            Atlassian Corp  526.59         Technology  2025-04-14 200.99  2025-04-15 207.25  3.11 
  AU     Anglogold Ashanti PLC  215.45    Metals & Mining   2025-04-14 42.57   2025-04-15 43.83  2.96 
DXCM                Dexcom Inc  264.24        Health Care   2025-04-14 67.39   2025-04-15 69.23  2.73 
 VST               Vistra Corp  383.32          Utilities  2025-04-14 112.69  2025-04-15 115.75  2.72 
  ZS               Zscaler Inc  308.58         Technology  2025-04-14 199.44  2025-04-15 204.64  2.61 
FTNT              Fortinet Inc  744.75         Technology   2025-04-14 96.85    2025-04-15 99.2  2.43 
 LNG       Cheniere Energy Inc  493.87             Energy  2025-04-14 221.65  2025-04-15 226.95  2.39 
  BX            Blackstone Inc 1589.99 Financial Services  2025-04-14 130.47  2025-04-15 133.54  2.35 
NTRA                Natera Inc  200.68      Biotechnology  2025-04-14 148.45  2025-04-15 151.74  2.22 
ARES      Ares Management Corp  282.44 Financial Services  2025-04-14 138.38  2025-04-15 141.32  2.12 

=== 市值超过1000亿的涨跌榜前20名股票 ===
 股票代码               公司名称               市值(亿)                 板块                     昨天收盘               今天收盘        涨跌幅(%)
 PLTR       Palantir Technologies Inc  2172.27                    Technology   2025-04-14 92.62    2025-04-15 98.4  6.24 
 NFLX                     Netflix Inc  3983.62                         Media  2025-04-14 931.28  2025-04-15 976.28  4.83 
 SPOT           Spotify Technology SA  1102.65                         Media  2025-04-14 549.17  2025-04-15 572.39  4.23 
 MELI                MercadoLibre Inc  1032.77                        Retail 2025-04-14 2037.12 2025-04-15 2118.32  3.99 
  BAC            Bank of America Corp  2788.64                       Banking   2025-04-14 36.67   2025-04-15 37.99  3.60 
   BX                  Blackstone Inc  1589.99            Financial Services  2025-04-14 130.47  2025-04-15 133.54  2.35 
    C                   Citigroup Inc  1189.90                       Banking   2025-04-14 63.22   2025-04-15 64.33  1.76 
   PM Philip Morris International Inc  2452.87                       Tobacco  2025-04-14 157.59  2025-04-15 160.09  1.59 
 TMUS                 T-Mobile US Inc  2998.68             Telecommunication  2025-04-14 262.64  2025-04-15 266.71  1.55 
  PFE                      Pfizer Inc  1254.53               Pharmaceuticals   2025-04-14 22.12   2025-04-15 22.44  1.45 
 SHOP                     Shopify Inc  1071.72                    Technology   2025-04-14 82.77   2025-04-15 83.91  1.38 
 NVDA                     NVIDIA Corp 27013.24                Semiconductors  2025-04-14 110.71   2025-04-15 112.2  1.35 
 UBER           Uber Technologies Inc  1528.71                   Road & Rail    2025-04-14 73.1   2025-04-15 74.02  1.26 
   MS                  Morgan Stanley  1759.79            Financial Services  2025-04-14 109.11  2025-04-15 110.44  1.22 
 BKNG            Booking Holdings Inc  1495.34 Hotels, Restaurants & Leisure 2025-04-14 4556.84 2025-04-15 4612.44  1.22 
ASMLF                 ASML Holding NV  2238.01                Semiconductors  2025-04-14 675.59   2025-04-15 683.5  1.17 
  LIN                       Linde PLC  2109.33                     Chemicals  2025-04-14 446.03  2025-04-15 450.97  1.11 
    T                        AT&T Inc  1952.47             Telecommunication    2025-04-14 27.2    2025-04-15 27.5  1.10 
  AXP             American Express Co  1790.49            Financial Services  2025-04-14 255.38  2025-04-15 257.86  0.97 
   MA                  Mastercard Inc  4672.14            Financial Services  2025-04-14 512.46  2025-04-15 517.38  0.96 
