
=== 涨幅榜前20名股票 ===
 股票代码                  公司名称                 市值(亿)               板块                    昨天收盘             今天收盘       涨跌幅(%)
 VIRX              Viracta Therapeutics Inc  0.01                 Biotechnology  2025-03-06 0.02  2025-03-07 0.05 150.00
 ABLV                  Able View Global Inc  0.30                         Media  2025-03-06 0.73  2025-03-07 1.74 138.68
 BTOG                        Bit Origin Ltd  0.02                    Technology  2025-03-06 0.28  2025-03-07 0.62 121.43
 XELA                Exela Technologies Inc  0.12         Professional Services  2025-03-06 0.43  2025-03-07 0.67  56.28
BIGGQ                          Big Lots Inc  0.01                        Retail  2025-03-06 0.02  2025-03-07 0.03  50.00
BIORQ                Biora Therapeutics Inc  0.01                 Biotechnology  2025-03-06 0.13  2025-03-07 0.17  34.60
  MMA                 Alta Global Group Ltd  0.06 Diversified Consumer Services  2025-03-06 0.61   2025-03-07 0.8  31.15
 BHIL                       Benson Hill Inc  0.05                 Food Products  2025-03-06 0.81  2025-03-07 1.04  28.08
 ARBB                     ARB IOT Group Ltd  0.20                    Technology  2025-03-06 0.77  2025-03-07 0.97  26.14
 RHEP        Regional Health Properties Inc  0.03                   Health Care  2025-03-06 1.15  2025-03-07 1.44  25.22
 NTCL               NetClass Technology Inc  1.29 Diversified Consumer Services  2025-03-06 8.21 2025-03-07 10.27  25.09
  EJH E-Home Household Service Holdings Ltd  0.05 Diversified Consumer Services  2025-03-06 0.56   2025-03-07 0.7  25.09
 ATGL            Alpha Technology Group Ltd  2.76                    Technology  2025-03-06 18.1  2025-03-07 22.5  24.31
 BTAI              BioXcel Therapeutics Inc  0.09                 Biotechnology  2025-03-06 2.74  2025-03-07 3.37  22.99
 GENK              GEN Restaurant Group Inc  1.67 Hotels, Restaurants & Leisure  2025-03-06 5.09  2025-03-07 6.25  22.79
 FLYE                       Fly-E Group Inc  0.11                   Automobiles  2025-03-06 0.43  2025-03-07 0.53  22.66
 YOSH                   Yoshiharu Global Co  0.12 Hotels, Restaurants & Leisure 2025-03-06 11.41 2025-03-07 13.97  22.44
 APEI         American Public Education Inc  3.41 Diversified Consumer Services 2025-03-06 19.25  2025-03-07 23.5  22.08
 JUNE                             Junee Ltd  0.53 Diversified Consumer Services   2025-03-06 4.1   2025-03-07 5.0  21.95
 IPXX  Inflection Point Acquisition Corp II  1.57                           N/A  2025-03-06 10.7 2025-03-07 12.99  21.40

=== 市值超过20亿的涨幅榜前20名股票 ===
股票代码                   公司名称                   市值(亿)                板块                      昨天收盘               今天收盘        涨跌幅(%)
 GAP                                 Gap Inc   73.46                         Retail   2025-03-06 19.48   2025-03-07 23.15 18.84 
  LB                       LandBridge Co LLC   47.04                    Real Estate   2025-03-06 61.51   2025-03-07 67.72 10.10 
RGTI                   Rigetti Computing Inc   20.62                 Semiconductors    2025-03-06 8.51    2025-03-07 9.35  9.87 
 RIG                          Transocean Ltd   24.35                         Energy    2025-03-06 2.77    2025-03-07 3.04  9.75 
 ELF                          elf Beauty Inc   36.33              Consumer products   2025-03-06 64.42   2025-03-07 70.68  9.72 
TGTX                     TG Therapeutics Inc   55.27                  Biotechnology   2025-03-06 35.19   2025-03-07 38.44  9.24 
  GT               Goodyear Tire & Rubber Co   25.56                Auto Components    2025-03-06 8.97    2025-03-07 9.79  9.14 
AMTM                    Amentum Holdings Inc   44.60          Professional Services   2025-03-06 18.33   2025-03-07 19.99  9.06 
SAIC Science Applications International Corp   49.94          Professional Services  2025-03-06 102.16  2025-03-07 111.25  8.90 
  PI                              Impinj Inc   26.33                 Semiconductors   2025-03-06 92.27  2025-03-07 100.45  8.87 
 SEB                           Seaboard Corp   26.55                  Food Products 2025-03-06 2734.24 2025-03-07 2976.63  8.86 
AVGO                            Broadcom Inc 8437.61                 Semiconductors  2025-03-06 179.45  2025-03-07 194.96  8.64 
DUOL                            Duolingo Inc  123.43  Diversified Consumer Services  2025-03-06 272.77  2025-03-07 295.56  8.36 
CLSK                          CleanSpark Inc   22.89                     Technology    2025-03-06 8.15    2025-03-07 8.83  8.34 
AVTR                             Avantor Inc  110.10 Life Sciences Tools & Services   2025-03-06 16.17    2025-03-07 17.5  8.23 
QRVO                               Qorvo Inc   66.50                 Semiconductors    2025-03-06 71.2    2025-03-07 76.8  7.87 
CACI                  CACI International Inc   80.48          Professional Services  2025-03-06 358.96  2025-03-07 387.17  7.86 
CELH                    Celsius Holdings Inc   59.77                      Beverages   2025-03-06 25.42   2025-03-07 27.39  7.75 
 BAH        Booz Allen Hamilton Holding Corp  137.20          Professional Services  2025-03-06 108.33  2025-03-07 116.47  7.51 
  NE                   Noble Corporation PLC   36.61                         Energy    2025-03-06 23.0   2025-03-07 24.71  7.43 

=== 市值超过50亿的涨幅榜前20名股票 ===
股票代码               公司名称                市值(亿)                板块                      昨天收盘              今天收盘       涨跌幅(%)
 GAP                          Gap Inc   73.46                         Retail  2025-03-06 19.48  2025-03-07 23.15 18.84 
TGTX              TG Therapeutics Inc   55.27                  Biotechnology  2025-03-06 35.19  2025-03-07 38.44  9.24 
AVGO                     Broadcom Inc 8437.61                 Semiconductors 2025-03-06 179.45 2025-03-07 194.96  8.64 
DUOL                     Duolingo Inc  123.43  Diversified Consumer Services 2025-03-06 272.77 2025-03-07 295.56  8.36 
AVTR                      Avantor Inc  110.10 Life Sciences Tools & Services  2025-03-06 16.17   2025-03-07 17.5  8.23 
QRVO                        Qorvo Inc   66.50                 Semiconductors   2025-03-06 71.2   2025-03-07 76.8  7.87 
CACI           CACI International Inc   80.48          Professional Services 2025-03-06 358.96 2025-03-07 387.17  7.86 
CELH             Celsius Holdings Inc   59.77                      Beverages  2025-03-06 25.42  2025-03-07 27.39  7.75 
 BAH Booz Allen Hamilton Holding Corp  137.20          Professional Services 2025-03-06 108.33 2025-03-07 116.47  7.51 
  DG              Dollar General Corp  167.67                         Retail  2025-03-06 76.24  2025-03-07 81.84  7.35 
OLED           Universal Display Corp   71.26                 Semiconductors 2025-03-06 150.11 2025-03-07 159.74  6.42 
SIRI           Sirius XM Holdings Inc   80.46                          Media  2025-03-06 23.75  2025-03-07 25.23  6.23 
 RKT             Rocket Companies Inc  296.43             Financial Services  2025-03-06 14.85  2025-03-07 15.77  6.20 
MARA                MARA Holdings Inc   52.18                     Technology  2025-03-06 15.09  2025-03-07 16.02  6.16 
AGCO                        AGCO Corp   72.16                      Machinery  2025-03-06 96.75  2025-03-07 102.7  6.15 
FSLR                  First Solar Inc  140.39                 Semiconductors 2025-03-06 131.13 2025-03-07 139.13  6.10 
LNTH            Lantheus Holdings Inc   68.63                    Health Care 2025-03-06 100.23 2025-03-07 106.34  6.10 
 SYM                     Symbotic Inc  129.21                      Machinery  2025-03-06 21.96  2025-03-07 23.29  6.06 
  XP                           XP Inc   78.30             Financial Services  2025-03-06 14.55  2025-03-07 15.43  6.05 
CRUS                 Cirrus Logic Inc   54.71                 Semiconductors 2025-03-06 102.95 2025-03-07 108.92  5.80 

=== 市值超过100亿的涨幅榜前20名股票 ===
股票代码                    公司名称                     市值(亿)                板块                      昨天收盘               今天收盘        涨跌幅(%)
AVGO                               Broadcom Inc 8437.61                 Semiconductors  2025-03-06 179.45  2025-03-07 194.96  8.64 
DUOL                               Duolingo Inc  123.43  Diversified Consumer Services  2025-03-06 272.77  2025-03-07 295.56  8.36 
AVTR                                Avantor Inc  110.10 Life Sciences Tools & Services   2025-03-06 16.17    2025-03-07 17.5  8.23 
 BAH           Booz Allen Hamilton Holding Corp  137.20          Professional Services  2025-03-06 108.33  2025-03-07 116.47  7.51 
  DG                        Dollar General Corp  167.67                         Retail   2025-03-06 76.24   2025-03-07 81.84  7.35 
 RKT                       Rocket Companies Inc  296.43             Financial Services   2025-03-06 14.85   2025-03-07 15.77  6.20 
FSLR                            First Solar Inc  140.39                 Semiconductors  2025-03-06 131.13  2025-03-07 139.13  6.10 
 SYM                               Symbotic Inc  129.21                      Machinery   2025-03-06 21.96   2025-03-07 23.29  6.06 
AKAM                    Akamai Technologies Inc  124.48                     Technology   2025-03-06 82.81   2025-03-07 87.52  5.69 
PLTR                  Palantir Technologies Inc 1887.07                     Technology   2025-03-06 80.46   2025-03-07 84.91  5.53 
AXON                        Axon Enterprise Inc  382.59            Aerospace & Defense  2025-03-06 499.31   2025-03-07 526.4  5.43 
ALAB                            Astera Labs Inc  102.95                 Semiconductors   2025-03-06 63.49   2025-03-07 66.92  5.40 
 CNH                          CNH Industrial NV  158.62                      Machinery   2025-03-06 12.71   2025-03-07 13.39  5.35 
 TPL                    Texas Pacific Land Corp  299.95                         Energy 2025-03-06 1304.98 2025-03-07 1374.74  5.35 
 SJM                             J M Smucker Co  118.64                  Food Products  2025-03-06 111.49  2025-03-07 117.38  5.28 
MBLY                        Mobileye Global Inc  120.30                Auto Components   2025-03-06 14.82   2025-03-07 15.59  5.20 
 IBM       International Business Machines Corp 2306.01                     Technology  2025-03-06 248.69  2025-03-07 261.54  5.17 
 CAG                         Conagra Brands Inc  124.01                  Food Products   2025-03-06 25.98   2025-03-07 27.23  4.81 
EXPD Expeditors International of Washington Inc  166.66     Logistics & Transportation  2025-03-06 120.74  2025-03-07 126.48  4.75 
 DVA                                 DaVita Inc  112.29                    Health Care  2025-03-06 140.36  2025-03-07 147.02  4.74 

=== 市值超过200亿的涨幅榜前20名股票 ===
股票代码                 公司名称                  市值(亿)           板块                昨天收盘               今天收盘        涨跌幅(%)
AVGO                         Broadcom Inc 8437.61      Semiconductors  2025-03-06 179.45  2025-03-07 194.96  8.64 
 RKT                 Rocket Companies Inc  296.43  Financial Services   2025-03-06 14.85   2025-03-07 15.77  6.20 
PLTR            Palantir Technologies Inc 1887.07          Technology   2025-03-06 80.46   2025-03-07 84.91  5.53 
AXON                  Axon Enterprise Inc  382.59 Aerospace & Defense  2025-03-06 499.31   2025-03-07 526.4  5.43 
 TPL              Texas Pacific Land Corp  299.95              Energy 2025-03-06 1304.98 2025-03-07 1374.74  5.35 
 IBM International Business Machines Corp 2306.01          Technology  2025-03-06 248.69  2025-03-07 261.54  5.17 
  KR                            Kroger Co  461.52              Retail   2025-03-06 63.78    2025-03-07 66.7  4.58 
VEEV                    Veeva Systems Inc  383.37         Health Care  2025-03-06 236.14   2025-03-07 246.8  4.51 
TSCO                    Tractor Supply Co  290.17              Retail   2025-03-06 54.59   2025-03-07 56.89  4.21 
 GFS                  GlobalFoundries Inc  213.26      Semiconductors   2025-03-06 38.39    2025-03-07 40.0  4.19 
 APP                        Applovin Corp  882.63          Technology  2025-03-06 259.63  2025-03-07 270.48  4.18 
  VZ           Verizon Communications Inc 1861.95   Telecommunication   2025-03-06 44.23   2025-03-07 46.06  4.14 
  MU                Micron Technology Inc  994.62      Semiconductors   2025-03-06 89.27   2025-03-07 92.96  4.13 
 STZ             Constellation Brands Inc  323.41           Beverages  2025-03-06 178.95  2025-03-07 186.25  4.08 
 SLB                      Schlumberger NV  540.68              Energy   2025-03-06 39.76   2025-03-07 41.37  4.05 
 NEE                   Nextera Energy Inc 1440.12           Utilities   2025-03-06 70.01   2025-03-07 72.83  4.03 
EBAY                             eBay Inc  316.27              Retail   2025-03-06 67.87   2025-03-07 70.51  3.89 
 LII             Lennox International Inc  207.75            Building   2025-03-06 583.9  2025-03-07 606.61  3.89 
  ES                    Eversource Energy  215.47           Utilities   2025-03-06 58.71   2025-03-07 60.98  3.87 
NXPI                NXP Semiconductors NV  543.94      Semiconductors  2025-03-06 214.47  2025-03-07 222.56  3.77 

=== 市值超过1000亿的涨跌榜前20名股票 ===
 股票代码                 公司名称                  市值(亿)                 板块                     昨天收盘              今天收盘       涨跌幅(%)
 AVGO                         Broadcom Inc  8437.61                Semiconductors 2025-03-06 179.45 2025-03-07 194.96  8.64 
 PLTR            Palantir Technologies Inc  1887.07                    Technology  2025-03-06 80.46  2025-03-07 84.91  5.53 
  IBM International Business Machines Corp  2306.01                    Technology 2025-03-06 248.69 2025-03-07 261.54  5.17 
   VZ           Verizon Communications Inc  1861.95             Telecommunication  2025-03-06 44.23  2025-03-07 46.06  4.14 
  NEE                   Nextera Energy Inc  1440.12                     Utilities  2025-03-06 70.01  2025-03-07 72.83  4.03 
CMCSA                         Comcast Corp  1371.38                         Media  2025-03-06 36.27  2025-03-07 37.59  3.64 
  MCD                      McDonald's Corp  2217.47 Hotels, Restaurants & Leisure 2025-03-06 310.37 2025-03-07 321.29  3.52 
   DE                           Deere & Co  1310.50                     Machinery 2025-03-06 482.84 2025-03-07 499.62  3.48 
 QCOM                         Qualcomm Inc  1725.80                Semiconductors 2025-03-06 156.04 2025-03-07 161.22  3.32 
 ORCL                          Oracle Corp  4221.73                    Technology 2025-03-06 150.94 2025-03-07 155.16  2.80 
 AMAT                Applied Materials Inc  1231.17                Semiconductors 2025-03-06 151.54 2025-03-07 155.68  2.73 
  CAT                      Caterpillar Inc  1629.80                     Machinery 2025-03-06 341.01  2025-03-07 350.3  2.72 
  ETN                Eaton Corporation PLC  1088.00          Electrical Equipment 2025-03-06 277.55 2025-03-07 284.98  2.68 
  LMT                 Lockheed Martin Corp  1086.31           Aerospace & Defense  2025-03-06 461.5 2025-03-07 473.65  2.63 
  COP                       Conocophillips  1127.33                        Energy   2025-03-06 88.6  2025-03-07 90.63  2.29 
 AMGN                            Amgen Inc  1707.34                 Biotechnology 2025-03-06 317.82 2025-03-07 324.86  2.22 
  CVX                         Chevron Corp  2692.84                        Energy 2025-03-06 152.95 2025-03-07 156.34  2.22 
 NVDA                          NVIDIA Corp 26979.08                Semiconductors 2025-03-06 110.57 2025-03-07 112.69  1.92 
  PFE                           Pfizer Inc  1487.11               Pharmaceuticals  2025-03-06 26.24  2025-03-07 26.73  1.87 
ASMLF                      ASML Holding NV  2607.84                Semiconductors 2025-03-06 717.49 2025-03-07 730.24  1.78 
