
=== 涨幅榜前20名股票 ===
股票代码                     公司名称                     市值(亿)                板块                      昨天收盘             今天收盘        涨跌幅(%)
GCTK                               GlucoTrack Inc  0.03                      Health Care  2025-06-13 0.09   2025-06-16 6.3 6536.84
SHPH         Shuttle Pharmaceuticals Holdings Inc  0.01                    Biotechnology  2025-06-13 0.13  2025-06-16 3.26 2351.13
JFBR                             Jeffs Brands Ltd  0.01                           Retail  2025-06-13 0.29   2025-06-16 5.6 1824.40
 SRM                        SRM Entertainment Inc  0.25                 Leisure Products  2025-06-13 1.45  2025-06-16 9.19  533.79
 NCI Neo-Concept International Group Holdings Ltd  0.06 Textiles, Apparel & Luxury Goods  2025-06-13 0.34  2025-06-16 1.89  454.25
 SMX                   SMX (Security Matters) PLC  0.04             Electrical Equipment  2025-06-13 0.92   2025-06-16 3.6  290.03
SONM                       Sonim Technologies Inc  0.09                       Technology  2025-06-13 0.93  2025-06-16 1.68   80.65
BATL                           Battalion Oil Corp  0.27                           Energy  2025-06-13 1.64  2025-06-16 2.74   67.07
CRML                         Critical Metals Corp  2.00                  Metals & Mining  2025-06-13 2.03  2025-06-16 3.03   49.26
SATS                                EchoStar Corp 48.39                            Media 2025-06-13 16.84 2025-06-16 25.11   49.11
SBET                         SharpLink Gaming Inc  5.47    Hotels, Restaurants & Leisure  2025-06-13 9.21 2025-06-16 13.41   45.60
  OP                                 Oceanpal Inc  0.05                           Marine  2025-06-13 1.61  2025-06-16 2.32   44.10
CGTL      Creative Global Technology Holdings Ltd  0.27             Electrical Equipment  2025-06-13 1.26  2025-06-16 1.73   37.30
NCPL                               Netcapital Inc  0.06               Financial Services  2025-06-13 2.66  2025-06-16 3.63   36.47
SAGE                        SAGE Therapeutics Inc  4.20                    Biotechnology   2025-06-13 6.7  2025-06-16 9.07   35.37
 VRA                             Vera Bradley Inc  0.50 Textiles, Apparel & Luxury Goods  2025-06-13 1.78  2025-06-16 2.39   34.27
ZDGE                                    Zedge Inc  0.39                            Media  2025-06-13 2.78   2025-06-16 3.7   33.09
HCTI                      Healthcare Triangle Inc  0.08                      Health Care  2025-06-13 0.02  2025-06-16 0.03   32.00
 LSE                Leishen Energy Holding Co Ltd  0.87                           Energy   2025-06-13 5.1  2025-06-16 6.67   30.78
 TMC                   TMC the metals company Inc 16.10                  Metals & Mining  2025-06-13 4.34  2025-06-16 5.59   28.80

=== 市值超过20亿的涨幅榜前20名股票 ===
股票代码                公司名称                 市值(亿)                板块                     昨天收盘              今天收盘       涨跌幅(%)
SATS                      EchoStar Corp   48.39                         Media  2025-06-13 16.84  2025-06-16 25.11 49.11 
QUBT              Quantum Computing Inc   23.50                    Technology  2025-06-13 16.68  2025-06-16 21.22 27.22 
 SYM                       Symbotic Inc  164.91                     Machinery  2025-06-13 27.97  2025-06-16 32.45 16.02 
  MP                  MP Materials Corp   49.94               Metals & Mining  2025-06-13 30.55  2025-06-16 34.65 13.42 
PAGS              PagSeguro Digital Ltd   27.56            Financial Services   2025-06-13 8.36   2025-06-16 9.42 12.68 
  EL         Estee Lauder Companies Inc  242.15             Consumer products  2025-06-13 67.31  2025-06-16 74.59 10.82 
ROKU                           Roku Inc  109.13                         Media  2025-06-13 74.41  2025-06-16 82.17 10.43 
STNE                        StoneCo Ltd   37.36            Financial Services  2025-06-13 13.76  2025-06-16 15.09  9.67 
SEZL                         Sezzle Inc   44.45            Financial Services 2025-06-13 133.54 2025-06-16 146.43  9.65 
 SMR                 Nuscale Power Corp  110.40          Electrical Equipment  2025-06-13 38.82  2025-06-16 42.49  9.45 
ASTS                AST SpaceMobile Inc  125.93             Telecommunication  2025-06-13 38.37  2025-06-16 41.91  9.23 
ALGM           Allegro Microsystems Inc   52.97                Semiconductors  2025-06-13 28.65  2025-06-16 31.19  8.87 
 AMD         Advanced Micro Devices Inc 1883.42                Semiconductors 2025-06-13 116.16 2025-06-16 126.39  8.81 
MGNI                        Magnite Inc   24.13                         Media   2025-06-13 17.1  2025-06-16 18.58  8.63 
 SIG                Signet Jewelers Ltd   31.48                        Retail  2025-06-13 76.49  2025-06-16 82.74  8.17 
 MGM          MGM Resorts International   86.35 Hotels, Restaurants & Leisure  2025-06-13 31.73   2025-06-16 34.3  8.10 
 PBF                     PBF Energy Inc   24.51                        Energy  2025-06-13 21.19  2025-06-16 22.88  7.98 
HIMS             Hims & Hers Health Inc  124.18                   Health Care  2025-06-13 55.48  2025-06-16 59.78  7.75 
CRDO Credo Technology Group Holding Ltd  124.79                Semiconductors  2025-06-13 73.49  2025-06-16 79.17  7.73 
 ASO    Academy Sports and Outdoors Inc   28.95                        Retail  2025-06-13 43.55  2025-06-16 46.69  7.21 

=== 市值超过50亿的涨幅榜前20名股票 ===
股票代码                公司名称                 市值(亿)                 板块                       昨天收盘              今天收盘       涨跌幅(%)
 SYM                       Symbotic Inc  164.91                        Machinery  2025-06-13 27.97  2025-06-16 32.45 16.02 
  EL         Estee Lauder Companies Inc  242.15                Consumer products  2025-06-13 67.31  2025-06-16 74.59 10.82 
ROKU                           Roku Inc  109.13                            Media  2025-06-13 74.41  2025-06-16 82.17 10.43 
 SMR                 Nuscale Power Corp  110.40             Electrical Equipment  2025-06-13 38.82  2025-06-16 42.49  9.45 
ASTS                AST SpaceMobile Inc  125.93                Telecommunication  2025-06-13 38.37  2025-06-16 41.91  9.23 
ALGM           Allegro Microsystems Inc   52.97                   Semiconductors  2025-06-13 28.65  2025-06-16 31.19  8.87 
 AMD         Advanced Micro Devices Inc 1883.42                   Semiconductors 2025-06-13 116.16 2025-06-16 126.39  8.81 
 MGM          MGM Resorts International   86.35    Hotels, Restaurants & Leisure  2025-06-13 31.73   2025-06-16 34.3  8.10 
HIMS             Hims & Hers Health Inc  124.18                      Health Care  2025-06-13 55.48  2025-06-16 59.78  7.75 
CRDO Credo Technology Group Holding Ltd  124.79                   Semiconductors  2025-06-13 73.49  2025-06-16 79.17  7.73 
 DAR            Darling Ingredients Inc   56.95                    Food Products  2025-06-13 36.01  2025-06-16 38.58  7.14 
BRBR                Bellring Brands Inc   74.51                Consumer products  2025-06-13 58.67  2025-06-16 62.83  7.09 
NBIS                    Nebius Group NV  112.22                       Technology  2025-06-13 47.13  2025-06-16 50.46  7.07 
RDDT                         Reddit Inc  218.07                            Media 2025-06-13 118.18  2025-06-16 126.2  6.79 
 TPR                       Tapestry Inc  163.89 Textiles, Apparel & Luxury Goods  2025-06-13 78.91  2025-06-16 84.26  6.78 
 CCL                      Carnival Corp  290.72    Hotels, Restaurants & Leisure  2025-06-13 22.41  2025-06-16 23.84  6.38 
TTAN                   ServiceTitan Inc   90.81                       Technology 2025-06-13 100.19 2025-06-16 106.55  6.35 
ALAB                    Astera Labs Inc  147.98                   Semiconductors  2025-06-13 89.73   2025-06-16 95.3  6.21 
 LVS               Las Vegas Sands Corp  284.98    Hotels, Restaurants & Leisure  2025-06-13 40.33  2025-06-16 42.81  6.15 
 UAL       United Airlines Holdings Inc  241.68                         Airlines   2025-06-13 74.0  2025-06-16 78.52  6.11 

=== 市值超过100亿的涨幅榜前20名股票 ===
股票代码                公司名称                 市值(亿)                 板块                       昨天收盘              今天收盘       涨跌幅(%)
 SYM                       Symbotic Inc  164.91                        Machinery  2025-06-13 27.97  2025-06-16 32.45 16.02 
  EL         Estee Lauder Companies Inc  242.15                Consumer products  2025-06-13 67.31  2025-06-16 74.59 10.82 
ROKU                           Roku Inc  109.13                            Media  2025-06-13 74.41  2025-06-16 82.17 10.43 
 SMR                 Nuscale Power Corp  110.40             Electrical Equipment  2025-06-13 38.82  2025-06-16 42.49  9.45 
ASTS                AST SpaceMobile Inc  125.93                Telecommunication  2025-06-13 38.37  2025-06-16 41.91  9.23 
 AMD         Advanced Micro Devices Inc 1883.42                   Semiconductors 2025-06-13 116.16 2025-06-16 126.39  8.81 
HIMS             Hims & Hers Health Inc  124.18                      Health Care  2025-06-13 55.48  2025-06-16 59.78  7.75 
CRDO Credo Technology Group Holding Ltd  124.79                   Semiconductors  2025-06-13 73.49  2025-06-16 79.17  7.73 
NBIS                    Nebius Group NV  112.22                       Technology  2025-06-13 47.13  2025-06-16 50.46  7.07 
RDDT                         Reddit Inc  218.07                            Media 2025-06-13 118.18  2025-06-16 126.2  6.79 
 TPR                       Tapestry Inc  163.89 Textiles, Apparel & Luxury Goods  2025-06-13 78.91  2025-06-16 84.26  6.78 
 CCL                      Carnival Corp  290.72    Hotels, Restaurants & Leisure  2025-06-13 22.41  2025-06-16 23.84  6.38 
ALAB                    Astera Labs Inc  147.98                   Semiconductors  2025-06-13 89.73   2025-06-16 95.3  6.21 
 LVS               Las Vegas Sands Corp  284.98    Hotels, Restaurants & Leisure  2025-06-13 40.33  2025-06-16 42.81  6.15 
 UAL       United Airlines Holdings Inc  241.68                         Airlines   2025-06-13 74.0  2025-06-16 78.52  6.11 
  SN                     Sharkninja Inc  115.27                Consumer products  2025-06-13 82.13  2025-06-16 87.13  6.09 
  BG                    Bunge Global SA  109.42                    Food Products  2025-06-13 81.41  2025-06-16 86.28  5.98 
TXRH                Texas Roadhouse Inc  120.93    Hotels, Restaurants & Leisure 2025-06-13 182.29 2025-06-16 192.88  5.81 
SOFI              SoFi Technologies Inc  155.75               Financial Services  2025-06-13 14.09   2025-06-16 14.9  5.75 
HOOD              Robinhood Markets Inc  640.67               Financial Services   2025-06-13 72.6  2025-06-16 76.75  5.72 

=== 市值超过200亿的涨幅榜前20名股票 ===
股票代码             公司名称              市值(亿)                板块                     昨天收盘              今天收盘       涨跌幅(%)
  EL   Estee Lauder Companies Inc  242.15             Consumer products  2025-06-13 67.31  2025-06-16 74.59 10.82 
 AMD   Advanced Micro Devices Inc 1883.42                Semiconductors 2025-06-13 116.16 2025-06-16 126.39  8.81 
RDDT                   Reddit Inc  218.07                         Media 2025-06-13 118.18  2025-06-16 126.2  6.79 
 CCL                Carnival Corp  290.72 Hotels, Restaurants & Leisure  2025-06-13 22.41  2025-06-16 23.84  6.38 
 LVS         Las Vegas Sands Corp  284.98 Hotels, Restaurants & Leisure  2025-06-13 40.33  2025-06-16 42.81  6.15 
 UAL United Airlines Holdings Inc  241.68                      Airlines   2025-06-13 74.0  2025-06-16 78.52  6.11 
HOOD        Robinhood Markets Inc  640.67            Financial Services   2025-06-13 72.6  2025-06-16 76.75  5.72 
  ON        ON Semiconductor Corp  213.21                Semiconductors  2025-06-13 51.02  2025-06-16 53.88  5.61 
 XYZ                    Block Inc  378.69            Financial Services  2025-06-13 61.57  2025-06-16 64.82  5.28 
 DAL          Delta Air Lines Inc  307.15                      Airlines  2025-06-13 47.04  2025-06-16 49.46  5.14 
SMCI     Super Micro Computer Inc  248.04                    Technology  2025-06-13 41.56  2025-06-16 43.69  5.13 
 VRT           Vertiv Holdings Co  422.91          Electrical Equipment 2025-06-13 110.97 2025-06-16 116.45  4.94 
MRVL       Marvell Technology Inc  579.31                Semiconductors  2025-06-13 67.19  2025-06-16 70.42  4.81 
 CMG   Chipotle Mexican Grill Inc  676.92 Hotels, Restaurants & Leisure  2025-06-13 50.24  2025-06-16 52.54  4.58 
 ETN        Eaton Corporation PLC 1266.48          Electrical Equipment 2025-06-13 323.66 2025-06-16 338.01  4.43 
LRCX            Lam Research Corp 1145.07                Semiconductors  2025-06-13 89.52  2025-06-16 93.41  4.35 
 NET               Cloudflare Inc  596.07                    Technology 2025-06-13 171.97 2025-06-16 179.27  4.24 
 ADM    Archer-Daniels-Midland Co  249.83                 Food Products   2025-06-13 52.0  2025-06-16 54.16  4.15 
  NU              Nu Holdings Ltd  573.42                       Banking   2025-06-13 11.9  2025-06-16 12.39  4.12 
PINS                Pinterest Inc  228.97                         Media  2025-06-13 33.84  2025-06-16 35.22  4.08 

=== 市值超过1000亿的涨跌榜前20名股票 ===
股票代码            公司名称             市值(亿)            板块                 昨天收盘               今天收盘        涨跌幅(%)
 AMD Advanced Micro Devices Inc  1883.42       Semiconductors  2025-06-13 116.16  2025-06-16 126.39  8.81 
 ETN      Eaton Corporation PLC  1266.48 Electrical Equipment  2025-06-13 323.66  2025-06-16 338.01  4.43 
LRCX          Lam Research Corp  1145.07       Semiconductors   2025-06-13 89.52   2025-06-16 93.41  4.35 
  MU      Micron Technology Inc  1291.91       Semiconductors   2025-06-13 115.6  2025-06-16 119.84  3.67 
MELI           MercadoLibre Inc  1202.53               Retail 2025-06-13 2371.98 2025-06-16 2454.76  3.49 
AMAT      Applied Materials Inc  1368.98       Semiconductors  2025-06-13 170.59  2025-06-16 176.55  3.49 
 ADI         Analog Devices Inc  1116.71       Semiconductors  2025-06-13 225.03   2025-06-16 231.8  3.01 
ANET        Arista Networks Inc  1159.84       Communications   2025-06-13 92.35   2025-06-16 95.09  2.97 
PLTR  Palantir Technologies Inc  3242.52           Technology   2025-06-13 137.4  2025-06-16 141.41  2.92 
  DE                 Deere & Co  1380.11            Machinery  2025-06-13 509.59  2025-06-16 524.44  2.91 
SHOP                Shopify Inc  1366.66           Technology  2025-06-13 105.34  2025-06-16 108.37  2.88 
KLAC                   KLA Corp  1147.42       Semiconductors  2025-06-13 867.67  2025-06-16 892.38  2.85 
META         Meta Platforms Inc 17168.36                Media  2025-06-13 682.87  2025-06-16 702.12  2.82 
ADBE                  Adobe Inc  1669.34           Technology  2025-06-13 391.68  2025-06-16 401.73  2.57 
 COF Capital One Financial Corp  1234.38   Financial Services  2025-06-13 192.83  2025-06-16 197.62  2.48 
  GS    Goldman Sachs Group Inc  1882.59   Financial Services  2025-06-13 613.54  2025-06-16 627.85  2.33 
   C              Citigroup Inc  1426.20              Banking   2025-06-13 76.36   2025-06-16 78.07  2.24 
 AXP        American Express Co  2016.22   Financial Services  2025-06-13 287.79  2025-06-16 294.22  2.23 
CSCO          Cisco Systems Inc  2537.96       Communications   2025-06-13 64.09   2025-06-16 65.51  2.22 
 TXN      Texas Instruments Inc  1771.52       Semiconductors   2025-06-13 195.0  2025-06-16 199.22  2.16 
