
=== 涨幅榜前20名股票 ===
股票代码                       公司名称                       市值(亿)             板块                    昨天收盘              今天收盘       涨跌幅(%)
KDLY                                    Kindly MD Inc  0.23                Health Care    2025-05-09 3.9  2025-05-12 13.69 251.03
GRYP                       Gryphon Digital Mining Inc  0.36                 Technology   2025-05-09 0.52   2025-05-12 1.42 173.08
CTMX                          CytomX Therapeutics Inc  0.75              Biotechnology   2025-05-09 0.93   2025-05-12 2.13 129.53
TAOP                                      Taoping Inc  0.03                 Technology   2025-05-09 0.16   2025-05-12 0.29  84.37
 JYD                       Jayud Global Logistics Ltd  0.20 Logistics & Transportation   2025-05-09 0.22   2025-05-12 0.36  67.25
FNKO                                        Funko Inc  2.48           Leisure Products   2025-05-09 3.51   2025-05-12 5.14  46.44
NRGV                        Energy Vault Holdings Inc  1.21       Electrical Equipment   2025-05-09 0.76   2025-05-12 1.07  39.87
MHUA Meihua International Medical Technologies Co Ltd  0.10                Health Care   2025-05-09 0.31   2025-05-12 0.43  38.71
NXTT                      Next Technology Holding Inc 19.43                 Technology   2025-05-09 2.36   2025-05-12 3.27  38.56
CISO                                  CISO Global Inc  0.18                 Technology   2025-05-09 1.01   2025-05-12 1.38  36.63
MLGO                                    MicroAlgo Inc  0.86                 Technology   2025-05-09 2.34   2025-05-12 3.13  33.76
BAOS                Baosheng Media Group Holdings Ltd  0.03                      Media   2025-05-09 2.02   2025-05-12 2.68  32.67
SILO                                  Silo Pharma Inc  0.04              Biotechnology   2025-05-09 0.81   2025-05-12 1.07  31.29
ZYBT                Zhengye Biotechnology Holding Ltd  4.86            Pharmaceuticals  2025-05-09 10.31  2025-05-12 13.43  30.21
IVVD                                      Invivyd Inc  0.83              Biotechnology   2025-05-09 0.65   2025-05-12 0.84  29.69
PNBK                     Patriot National Bancorp Inc  3.07                    Banking   2025-05-09 4.17   2025-05-12 5.39  29.26
 TLS                                       Telos Corp  1.77                 Technology   2025-05-09 1.96   2025-05-12 2.53  29.08
 RGC                Regencell Bioscience Holdings Ltd 57.39            Pharmaceuticals 2025-05-09 366.01 2025-05-12 470.02  28.42
VSME                            VS Media Holdings Ltd  0.06                      Media   2025-05-09 0.64   2025-05-12 0.82  28.30
 RAY                              Raytech Holding Ltd  0.22               Distributors   2025-05-09 1.14   2025-05-12 1.46  28.07

=== 市值超过20亿的涨幅榜前20名股票 ===
股票代码                公司名称                市值(亿)           板块                 昨天收盘              今天收盘       涨跌幅(%)
 RGC Regencell Bioscience Holdings Ltd   57.39      Pharmaceuticals 2025-05-09 366.01 2025-05-12 470.02 28.42 
 NRG                    NRG Energy Inc  285.69            Utilities 2025-05-09 119.33 2025-05-12 150.61 26.21 
SOUN                 SoundHound AI Inc   40.70           Technology   2025-05-09 8.98  2025-05-12 11.01 22.61 
FIVE                    Five Below Inc   56.21               Retail  2025-05-09 85.25 2025-05-12 103.49 21.40 
MATX                        Matson Inc   36.48               Marine  2025-05-09 96.21 2025-05-12 113.94 18.43 
 ASO   Academy Sports and Outdoors Inc   30.37               Retail  2025-05-09 39.22  2025-05-12 46.39 18.28 
NBIS                   Nebius Group NV   75.52           Technology  2025-05-09 28.27  2025-05-12 33.34 17.93 
 RUN                        Sunrun Inc   22.98 Electrical Equipment   2025-05-09 9.38  2025-05-12 10.96 16.84 
  RH                                RH   42.36               Retail 2025-05-09 194.28 2025-05-12 226.04 16.35 
AFRM               Affirm Holdings Inc  162.09   Financial Services  2025-05-09 46.41  2025-05-12 53.74 15.79 
 SOC               Sable Offshore Corp   23.18               Energy   2025-05-09 23.0  2025-05-12 26.42 14.87 
IBRX                   Immunitybio Inc   21.40        Biotechnology   2025-05-09 2.07   2025-05-12 2.36 14.01 
 XPO                           XPO Inc  148.70          Road & Rail 2025-05-09 111.01 2025-05-12 126.51 13.96 
SHOP                       Shopify Inc 1306.16           Technology  2025-05-09 91.77 2025-05-12 104.34 13.70 
MKSI               MKS Instruments Inc   59.10       Semiconductors  2025-05-09 80.05  2025-05-12 90.75 13.37 
BOOT            Boot Barn Holdings Inc   42.24               Retail 2025-05-09 117.64  2025-05-12 133.3 13.31 
ROKU                          Roku Inc   97.71                Media  2025-05-09 60.93  2025-05-12 68.78 12.88 
LSCC        Lattice Semiconductor Corp   74.80       Semiconductors  2025-05-09 49.63   2025-05-12 56.0 12.83 
ALAB                   Astera Labs Inc  131.27       Semiconductors   2025-05-09 71.2  2025-05-12 80.28 12.75 
YETI                 Yeti Holdings Inc   26.71     Leisure Products  2025-05-09 28.16  2025-05-12 31.71 12.61 

=== 市值超过50亿的涨幅榜前20名股票 ===
股票代码                公司名称                市值(亿)                 板块                       昨天收盘              今天收盘       涨跌幅(%)
 RGC Regencell Bioscience Holdings Ltd   57.39                  Pharmaceuticals 2025-05-09 366.01 2025-05-12 470.02 28.42 
 NRG                    NRG Energy Inc  285.69                        Utilities 2025-05-09 119.33 2025-05-12 150.61 26.21 
FIVE                    Five Below Inc   56.21                           Retail  2025-05-09 85.25 2025-05-12 103.49 21.40 
NBIS                   Nebius Group NV   75.52                       Technology  2025-05-09 28.27  2025-05-12 33.34 17.93 
AFRM               Affirm Holdings Inc  162.09               Financial Services  2025-05-09 46.41  2025-05-12 53.74 15.79 
 XPO                           XPO Inc  148.70                      Road & Rail 2025-05-09 111.01 2025-05-12 126.51 13.96 
SHOP                       Shopify Inc 1306.16                       Technology  2025-05-09 91.77 2025-05-12 104.34 13.70 
MKSI               MKS Instruments Inc   59.10                   Semiconductors  2025-05-09 80.05  2025-05-12 90.75 13.37 
ROKU                          Roku Inc   97.71                            Media  2025-05-09 60.93  2025-05-12 68.78 12.88 
LSCC        Lattice Semiconductor Corp   74.80                   Semiconductors  2025-05-09 49.63   2025-05-12 56.0 12.83 
ALAB                   Astera Labs Inc  131.27                   Semiconductors   2025-05-09 71.2  2025-05-12 80.28 12.75 
ZBRA           Zebra Technologies Corp  135.63             Electrical Equipment 2025-05-09 266.71 2025-05-12 300.11 12.52 
SAIA                          Saia Inc   79.57                      Road & Rail 2025-05-09 260.62 2025-05-12 292.91 12.39 
PINS                     Pinterest Inc  224.69                            Media  2025-05-09 29.22  2025-05-12 32.84 12.39 
FBIN    Fortune Brands Innovations Inc   69.21                         Building  2025-05-09 51.31  2025-05-12 57.39 11.85 
 TTD                    Trade Desk Inc  379.15                            Media  2025-05-09 71.04   2025-05-12 79.4 11.77 
SNAP                          Snap Inc  145.89                            Media   2025-05-09 8.25   2025-05-12 9.21 11.64 
 MAS                        Masco Corp  145.93                         Building   2025-05-09 62.1  2025-05-12 69.16 11.37 
  AS                   Amer Sports Inc  161.72 Textiles, Apparel & Luxury Goods  2025-05-09 26.99  2025-05-12 30.04 11.30 
 DKS         DICK'S Sporting Goods Inc  174.15                           Retail 2025-05-09 190.88 2025-05-12 212.42 11.28 

=== 市值超过100亿的涨幅榜前20名股票 ===
股票代码               公司名称               市值(亿)                 板块                       昨天收盘              今天收盘       涨跌幅(%)
 NRG                  NRG Energy Inc  285.69                        Utilities 2025-05-09 119.33 2025-05-12 150.61 26.21 
AFRM             Affirm Holdings Inc  162.09               Financial Services  2025-05-09 46.41  2025-05-12 53.74 15.79 
 XPO                         XPO Inc  148.70                      Road & Rail 2025-05-09 111.01 2025-05-12 126.51 13.96 
SHOP                     Shopify Inc 1306.16                       Technology  2025-05-09 91.77 2025-05-12 104.34 13.70 
ALAB                 Astera Labs Inc  131.27                   Semiconductors   2025-05-09 71.2  2025-05-12 80.28 12.75 
ZBRA         Zebra Technologies Corp  135.63             Electrical Equipment 2025-05-09 266.71 2025-05-12 300.11 12.52 
PINS                   Pinterest Inc  224.69                            Media  2025-05-09 29.22  2025-05-12 32.84 12.39 
 TTD                  Trade Desk Inc  379.15                            Media  2025-05-09 71.04   2025-05-12 79.4 11.77 
SNAP                        Snap Inc  145.89                            Media   2025-05-09 8.25   2025-05-12 9.21 11.64 
 MAS                      Masco Corp  145.93                         Building   2025-05-09 62.1  2025-05-12 69.16 11.37 
  AS                 Amer Sports Inc  161.72 Textiles, Apparel & Luxury Goods  2025-05-09 26.99  2025-05-12 30.04 11.30 
 DKS       DICK'S Sporting Goods Inc  174.15                           Retail 2025-05-09 190.88 2025-05-12 212.42 11.28 
ODFL   Old Dominion Freight Line Inc  368.84                      Road & Rail 2025-05-09 158.28 2025-05-12 176.07 11.24 
FSLR                 First Solar Inc  158.36                   Semiconductors 2025-05-09 140.68 2025-05-12 156.21 11.04 
COHR                   Coherent Corp  119.72             Electrical Equipment  2025-05-09 70.57  2025-05-12 77.77 10.20 
MCHP        Microchip Technology Inc  319.46                   Semiconductors  2025-05-09 55.33  2025-05-12 60.96 10.18 
BROS                  Dutch Bros Inc  112.11    Hotels, Restaurants & Leisure  2025-05-09 63.43  2025-05-12 69.86 10.14 
PCOR        Procore Technologies Inc  104.20                       Technology  2025-05-09 65.63  2025-05-12 72.21 10.03 
HUBS                     HubSpot Inc  336.99                       Technology 2025-05-09 603.05 2025-05-12 662.63  9.88 
JBHT J B Hunt Transport Services Inc  147.51                      Road & Rail 2025-05-09 135.53 2025-05-12 148.72  9.73 

=== 市值超过200亿的涨幅榜前20名股票 ===
股票代码               公司名称                市值(亿)                  板块                       昨天收盘               今天收盘        涨跌幅(%)
 NRG                   NRG Energy Inc   285.69                        Utilities  2025-05-09 119.33  2025-05-12 150.61 26.21 
SHOP                      Shopify Inc  1306.16                       Technology   2025-05-09 91.77  2025-05-12 104.34 13.70 
PINS                    Pinterest Inc   224.69                            Media   2025-05-09 29.22   2025-05-12 32.84 12.39 
 TTD                   Trade Desk Inc   379.15                            Media   2025-05-09 71.04    2025-05-12 79.4 11.77 
ODFL    Old Dominion Freight Line Inc   368.84                      Road & Rail  2025-05-09 158.28  2025-05-12 176.07 11.24 
MCHP         Microchip Technology Inc   319.46                   Semiconductors   2025-05-09 55.33   2025-05-12 60.96 10.18 
HUBS                      HubSpot Inc   336.99                       Technology  2025-05-09 603.05  2025-05-12 662.63  9.88 
 CCL                    Carnival Corp   287.61    Hotels, Restaurants & Leisure   2025-05-09 20.19   2025-05-12 22.13  9.61 
 XYZ                        Block Inc   335.97               Financial Services   2025-05-09 50.36   2025-05-12 55.02  9.25 
LRCX                Lam Research Corp  1036.71                   Semiconductors   2025-05-09 75.36   2025-05-12 82.25  9.14 
REGN    Regeneron Pharmaceuticals Inc   619.20                    Biotechnology  2025-05-09 527.78  2025-05-12 575.63  9.07 
LULU          Lululemon Athletica Inc   383.28 Textiles, Apparel & Luxury Goods  2025-05-09 279.77   2025-05-12 304.2  8.73 
 TXN            Texas Instruments Inc  1692.39                   Semiconductors  2025-05-09 172.27  2025-05-12 187.28  8.71 
 MTD Mettler-Toledo International Inc   243.53   Life Sciences Tools & Services 2025-05-09 1080.98 2025-05-12 1174.59  8.66 
 SYF              Synchrony Financial   229.46               Financial Services   2025-05-09 55.63   2025-05-12 60.36  8.50 
KLAC                         KLA Corp   984.48                   Semiconductors   2025-05-09 701.2  2025-05-12 760.47  8.45 
 APO     Apollo Global Management Inc   819.24               Financial Services  2025-05-09 132.46  2025-05-12 143.45  8.30 
  IP           International Paper Co   252.97                        Packaging   2025-05-09 44.27   2025-05-12 47.91  8.22 
MRVL           Marvell Technology Inc   549.40                   Semiconductors   2025-05-09 59.65    2025-05-12 64.5  8.13 
AMZN                   Amazon.com Inc 21917.77                           Retail  2025-05-09 193.06  2025-05-12 208.64  8.07 

=== 市值超过1000亿的涨跌榜前20名股票 ===
股票代码             公司名称              市值(亿)                 板块                      昨天收盘              今天收盘       涨跌幅(%)
SHOP                  Shopify Inc  1306.16                     Technology  2025-05-09 91.77 2025-05-12 104.34 13.70 
LRCX            Lam Research Corp  1036.71                 Semiconductors  2025-05-09 75.36  2025-05-12 82.25  9.14 
 TXN        Texas Instruments Inc  1692.39                 Semiconductors 2025-05-09 172.27 2025-05-12 187.28  8.71 
AMZN               Amazon.com Inc 21917.77                         Retail 2025-05-09 193.06 2025-05-12 208.64  8.07 
AMAT        Applied Materials Inc  1351.74                 Semiconductors 2025-05-09 155.61 2025-05-12 167.99  7.96 
META           Meta Platforms Inc 15693.81                          Media 2025-05-09 592.49 2025-05-12 639.43  7.92 
 ADI           Analog Devices Inc  1087.53                 Semiconductors 2025-05-09 207.51 2025-05-12 223.15  7.54 
  MU        Micron Technology Inc  1035.21                 Semiconductors  2025-05-09 85.86  2025-05-12 92.29  7.49 
 TMO Thermo Fisher Scientific Inc  1602.65 Life Sciences Tools & Services 2025-05-09 403.13 2025-05-12 432.59  7.31 
GILD          Gilead Sciences Inc  1258.30                  Biotechnology  2025-05-09 96.91 2025-05-12 103.82  7.13 
  BX               Blackstone Inc  1831.36             Financial Services 2025-05-09 139.39  2025-05-12 149.0  6.89 
TSLA                    Tesla Inc 10068.34                    Automobiles 2025-05-09 298.26 2025-05-12 318.38  6.75 
 UNP           Union Pacific Corp  1371.80                    Road & Rail 2025-05-09 216.32 2025-05-12 230.87  6.73 
ANET          Arista Networks Inc  1136.99                 Communications  2025-05-09 86.52  2025-05-12 92.32  6.70 
AVGO                 Broadcom Inc 10216.86                 Semiconductors  2025-05-09 208.2 2025-05-12 221.58  6.43 
UBER        Uber Technologies Inc  1749.05                    Road & Rail  2025-05-09 82.81   2025-05-12 88.1  6.39 
AAPL                    Apple Inc 30958.98                     Technology 2025-05-09 198.53 2025-05-12 210.79  6.18 
 KKR                 KKR & Co Inc  1140.96             Financial Services 2025-05-09 118.08 2025-05-12 125.22  6.05 
 APP                Applovin Corp  1185.34                     Technology 2025-05-09 328.54  2025-05-12 347.9  5.89 
 MRK               Merck & Co Inc  1993.51                Pharmaceuticals  2025-05-09 75.97  2025-05-12 80.43  5.87 
