
=== 涨幅榜前20名股票 ===
股票代码                公司名称               市值(亿)                板块                     昨天收盘              今天收盘       涨跌幅(%)
TCGL              TechCreate Group Ltd   1.56                     Technology  2026-01-28 8.73  2026-01-29 86.36 889.23
RPGL          Republic Power Group Ltd   0.06                     Technology  2026-01-28 0.32   2026-01-29 0.88 173.94
LNKS            Linkers Industries Ltd   0.18           Electrical Equipment  2026-01-28 0.77   2026-01-29 1.32  71.43
FEED                 ENvue Medical Inc   0.03                    Health Care   2026-01-28 2.3   2026-01-29 3.84  66.96
CATX      Perspective Therapeutics Inc   1.90                  Biotechnology  2026-01-28 2.56   2026-01-29 4.26  66.41
TGHL                       Growhub Ltd   0.17                     Technology  2026-01-28 0.41   2026-01-29 0.66  60.93
SGMO          Sangamo Therapeutics Inc   1.22                  Biotechnology  2026-01-28 0.36   2026-01-29 0.51  42.50
 DCX Digital Currency X Technology Inc   0.01                    Automobiles  2026-01-28 3.06   2026-01-29 4.11  34.31
NNNN               Anbio Biotechnology  37.05                  Biotechnology 2026-01-28 19.29  2026-01-29 25.75  33.49
 SGN            Signing Day Sports Inc   0.02                     Technology  2026-01-28 0.17   2026-01-29 0.22  33.33
 SER           Serina Therapeutics Inc   0.29                  Biotechnology  2026-01-28 2.72   2026-01-29 3.54  30.15
SILC                       Silicom Ltd   0.86                 Communications 2026-01-28 15.06  2026-01-29 19.37  28.62
GCTS     GCT Semiconductor Holding Inc   0.57                 Semiconductors  2026-01-28 0.99   2026-01-29 1.26  27.14
ATYR                   aTyr Pharma Inc   0.66                  Biotechnology  2026-01-28 0.67   2026-01-29 0.85  26.20
DXST                Decent Holding Inc   0.41 Commercial Services & Supplies  2026-01-28 1.67   2026-01-29 2.07  23.95
HTLM                   HomesToLife Ltd   0.35                         Retail   2026-01-28 2.4   2026-01-29 2.89  20.42
 MOD           Modine Manufacturing Co  77.34                       Building 2026-01-28 146.9 2026-01-29 176.72  20.30
BATL                Battalion Oil Corp   0.68                         Energy  2026-01-28 4.16   2026-01-29 4.99  19.95
TNYA           Tenaya Therapeutics Inc   1.43                  Biotechnology  2026-01-28 0.66   2026-01-29 0.79  19.70
 LUV             Southwest Airlines Co 250.82                       Airlines 2026-01-28 40.86   2026-01-29 48.5  18.70

=== 市值超过20亿的涨幅榜前20名股票 ===
 股票代码                公司名称                 市值(亿)                 板块                     昨天收盘              今天收盘       涨跌幅(%)
 NNNN                Anbio Biotechnology    37.05                 Biotechnology  2026-01-28 19.29  2026-01-29 25.75 33.49 
  MOD            Modine Manufacturing Co    77.34                      Building  2026-01-28 146.9 2026-01-29 176.72 20.30 
  LUV              Southwest Airlines Co   250.82                      Airlines  2026-01-28 40.86   2026-01-29 48.5 18.70 
  RCL        Royal Caribbean Cruises Ltd   795.23 Hotels, Restaurants & Leisure  2026-01-28 291.6 2026-01-29 345.98 18.65 
 VIAV                Viavi Solutions Inc    55.13                Communications  2026-01-28 21.03   2026-01-29 24.7 17.45 
 LBRT                 Liberty Energy Inc    41.04                        Energy   2026-01-28 21.8  2026-01-29 25.34 16.24 
  BKD        Brookdale Senior Living Inc    31.16                   Health Care  2026-01-28 13.11   2026-01-29 14.5 10.60 
 META                 Meta Platforms Inc 16855.52                         Media 2026-01-28 668.73 2026-01-29 738.31 10.40 
 NCLH Norwegian Cruise Line Holdings Ltd    94.65 Hotels, Restaurants & Leisure  2026-01-28 20.79  2026-01-29 22.92 10.25 
 ALGM           Allegro Microsystems Inc    63.96                Semiconductors  2026-01-28 34.55  2026-01-29 37.98  9.93 
 PLXS                        Plexus Corp    48.39          Electrical Equipment 2026-01-28 180.85  2026-01-29 197.6  9.26 
  CCL                      Carnival Corp   376.86 Hotels, Restaurants & Leisure  2026-01-28 28.72  2026-01-29 31.15  8.46 
 VIRT                Virtu Financial Inc    57.35            Financial Services  2026-01-28 37.49  2026-01-29 40.66  8.46 
   TT             Trane Technologies PLC   944.76                      Building  2026-01-28 394.2 2026-01-29 426.07  8.08 
  BFH       Bread Financial Holdings Inc    31.14            Financial Services   2026-01-28 68.2  2026-01-29 73.03  7.08 
  VIK                Viking Holdings Ltd   308.89 Hotels, Restaurants & Leisure  2026-01-28 69.63  2026-01-29 74.29  6.69 
 CNXC                    Concentrix Corp    22.61         Professional Services  2026-01-28 36.32  2026-01-29 38.62  6.33 
  RSI        Rush Street Interactive Inc    38.43 Hotels, Restaurants & Leisure  2026-01-28 16.75  2026-01-29 17.78  6.15 
 FFBC            First Financial Bancorp    28.43                       Banking   2026-01-28 27.2   2026-01-29 28.8  5.88 
REMYF                  Remy Cointreau SA    20.50                     Beverages  2026-01-28 45.42   2026-01-29 48.0  5.68 

=== 市值超过50亿的涨幅榜前20名股票 ===
 股票代码                 公司名称                  市值(亿)                  板块                       昨天收盘              今天收盘       涨跌幅(%)
  MOD              Modine Manufacturing Co    77.34                         Building  2026-01-28 146.9 2026-01-29 176.72 20.30 
  LUV                Southwest Airlines Co   250.82                         Airlines  2026-01-28 40.86   2026-01-29 48.5 18.70 
  RCL          Royal Caribbean Cruises Ltd   795.23    Hotels, Restaurants & Leisure  2026-01-28 291.6 2026-01-29 345.98 18.65 
 VIAV                  Viavi Solutions Inc    55.13                   Communications  2026-01-28 21.03   2026-01-29 24.7 17.45 
 META                   Meta Platforms Inc 16855.52                            Media 2026-01-28 668.73 2026-01-29 738.31 10.40 
 NCLH   Norwegian Cruise Line Holdings Ltd    94.65    Hotels, Restaurants & Leisure  2026-01-28 20.79  2026-01-29 22.92 10.25 
 ALGM             Allegro Microsystems Inc    63.96                   Semiconductors  2026-01-28 34.55  2026-01-29 37.98  9.93 
  CCL                        Carnival Corp   376.86    Hotels, Restaurants & Leisure  2026-01-28 28.72  2026-01-29 31.15  8.46 
 VIRT                  Virtu Financial Inc    57.35               Financial Services  2026-01-28 37.49  2026-01-29 40.66  8.46 
   TT               Trane Technologies PLC   944.76                         Building  2026-01-28 394.2 2026-01-29 426.07  8.08 
  VIK                  Viking Holdings Ltd   308.89    Hotels, Restaurants & Leisure  2026-01-28 69.63  2026-01-29 74.29  6.69 
 MRSH       Marsh & McLennan Companies Inc   895.07                        Insurance 2026-01-28 178.18 2026-01-29 187.92  5.47 
  HXL                          Hexcel Corp    63.87              Aerospace & Defense  2026-01-28 80.23  2026-01-29 84.56  5.40 
  AOS                       A O Smith Corp    96.76                         Building  2026-01-28 69.49  2026-01-29 73.17  5.30 
  VFC                              VF Corp    74.67 Textiles, Apparel & Luxury Goods  2026-01-28 19.11  2026-01-29 20.11  5.23 
  IBM International Business Machines Corp  2890.58                       Technology 2026-01-28 294.16 2026-01-29 309.24  5.13 
SBGSF                Schneider Electric SE  1325.55             Electrical Equipment  2026-01-28 286.7 2026-01-29 301.16  5.04 
 BIPC       Brookfield Infrastructure Corp    58.05                        Utilities  2026-01-28 46.44  2026-01-29 48.77  5.02 
  APP                        Applovin Corp  1832.93                       Technology 2026-01-28 542.36 2026-01-29 569.24  4.96 
 SCCO                 Southern Copper Corp  1623.28                  Metals & Mining 2026-01-28 198.18 2026-01-29 207.93  4.92 

=== 市值超过100亿的涨幅榜前20名股票 ===
 股票代码                 公司名称                  市值(亿)                 板块                     昨天收盘              今天收盘       涨跌幅(%)
  LUV                Southwest Airlines Co   250.82                      Airlines  2026-01-28 40.86   2026-01-29 48.5 18.70 
  RCL          Royal Caribbean Cruises Ltd   795.23 Hotels, Restaurants & Leisure  2026-01-28 291.6 2026-01-29 345.98 18.65 
 META                   Meta Platforms Inc 16855.52                         Media 2026-01-28 668.73 2026-01-29 738.31 10.40 
  CCL                        Carnival Corp   376.86 Hotels, Restaurants & Leisure  2026-01-28 28.72  2026-01-29 31.15  8.46 
   TT               Trane Technologies PLC   944.76                      Building  2026-01-28 394.2 2026-01-29 426.07  8.08 
  VIK                  Viking Holdings Ltd   308.89 Hotels, Restaurants & Leisure  2026-01-28 69.63  2026-01-29 74.29  6.69 
 MRSH       Marsh & McLennan Companies Inc   895.07                     Insurance 2026-01-28 178.18 2026-01-29 187.92  5.47 
  IBM International Business Machines Corp  2890.58                    Technology 2026-01-28 294.16 2026-01-29 309.24  5.13 
SBGSF                Schneider Electric SE  1325.55          Electrical Equipment  2026-01-28 286.7 2026-01-29 301.16  5.04 
  APP                        Applovin Corp  1832.93                    Technology 2026-01-28 542.36 2026-01-29 569.24  4.96 
 SCCO                 Southern Copper Corp  1623.28               Metals & Mining 2026-01-28 198.18 2026-01-29 207.93  4.92 
  HON          Honeywell International Inc  1442.72      Industrial Conglomerates 2026-01-28 216.64 2026-01-29 227.24  4.89 
 CHTR           Charter Communications Inc   264.92                         Media 2026-01-28 182.81 2026-01-29 191.52  4.76 
    T                             AT&T Inc  1706.43             Telecommunication  2026-01-28 24.07  2026-01-29 25.13  4.40 
LRLCF                           L'Oreal SA  2025.62             Consumer products  2026-01-28 448.0 2026-01-29 467.68  4.39 
 STLD                   Steel Dynamics Inc   254.66               Metals & Mining 2026-01-28 174.38 2026-01-29 181.97  4.35 
  AMP             Ameriprise Financial Inc   464.22            Financial Services 2026-01-28 499.67 2026-01-29 521.36  4.34 
   MA                       Mastercard Inc  4681.88            Financial Services 2026-01-28 521.37 2026-01-29 543.73  4.29 
   IR                   Ingersoll Rand Inc   351.13                     Machinery  2026-01-28 85.25  2026-01-29 88.87  4.25 
 CVNA                           Carvana Co   892.01                        Retail 2026-01-28 410.04 2026-01-29 427.44  4.24 

=== 市值超过200亿的涨幅榜前20名股票 ===
 股票代码                 公司名称                  市值(亿)                 板块                     昨天收盘              今天收盘       涨跌幅(%)
  LUV                Southwest Airlines Co   250.82                      Airlines  2026-01-28 40.86   2026-01-29 48.5 18.70 
  RCL          Royal Caribbean Cruises Ltd   795.23 Hotels, Restaurants & Leisure  2026-01-28 291.6 2026-01-29 345.98 18.65 
 META                   Meta Platforms Inc 16855.52                         Media 2026-01-28 668.73 2026-01-29 738.31 10.40 
  CCL                        Carnival Corp   376.86 Hotels, Restaurants & Leisure  2026-01-28 28.72  2026-01-29 31.15  8.46 
   TT               Trane Technologies PLC   944.76                      Building  2026-01-28 394.2 2026-01-29 426.07  8.08 
  VIK                  Viking Holdings Ltd   308.89 Hotels, Restaurants & Leisure  2026-01-28 69.63  2026-01-29 74.29  6.69 
 MRSH       Marsh & McLennan Companies Inc   895.07                     Insurance 2026-01-28 178.18 2026-01-29 187.92  5.47 
  IBM International Business Machines Corp  2890.58                    Technology 2026-01-28 294.16 2026-01-29 309.24  5.13 
SBGSF                Schneider Electric SE  1325.55          Electrical Equipment  2026-01-28 286.7 2026-01-29 301.16  5.04 
  APP                        Applovin Corp  1832.93                    Technology 2026-01-28 542.36 2026-01-29 569.24  4.96 
 SCCO                 Southern Copper Corp  1623.28               Metals & Mining 2026-01-28 198.18 2026-01-29 207.93  4.92 
  HON          Honeywell International Inc  1442.72      Industrial Conglomerates 2026-01-28 216.64 2026-01-29 227.24  4.89 
 CHTR           Charter Communications Inc   264.92                         Media 2026-01-28 182.81 2026-01-29 191.52  4.76 
    T                             AT&T Inc  1706.43             Telecommunication  2026-01-28 24.07  2026-01-29 25.13  4.40 
LRLCF                           L'Oreal SA  2025.62             Consumer products  2026-01-28 448.0 2026-01-29 467.68  4.39 
 STLD                   Steel Dynamics Inc   254.66               Metals & Mining 2026-01-28 174.38 2026-01-29 181.97  4.35 
  AMP             Ameriprise Financial Inc   464.22            Financial Services 2026-01-28 499.67 2026-01-29 521.36  4.34 
   MA                       Mastercard Inc  4681.88            Financial Services 2026-01-28 521.37 2026-01-29 543.73  4.29 
   IR                   Ingersoll Rand Inc   351.13                     Machinery  2026-01-28 85.25  2026-01-29 88.87  4.25 
 CVNA                           Carvana Co   892.01                        Retail 2026-01-28 410.04 2026-01-29 427.44  4.24 

=== 市值超过1000亿的涨跌榜前20名股票 ===
 股票代码                 公司名称                  市值(亿)              板块                   昨天收盘              今天收盘        涨跌幅(%)
 META                   Meta Platforms Inc 16855.52                    Media 2026-01-28 668.73  2026-01-29 738.31 10.40 
  IBM International Business Machines Corp  2890.58               Technology 2026-01-28 294.16  2026-01-29 309.24  5.13 
SBGSF                Schneider Electric SE  1325.55     Electrical Equipment  2026-01-28 286.7  2026-01-29 301.16  5.04 
  APP                        Applovin Corp  1832.93               Technology 2026-01-28 542.36  2026-01-29 569.24  4.96 
 SCCO                 Southern Copper Corp  1623.28          Metals & Mining 2026-01-28 198.18  2026-01-29 207.93  4.92 
  HON          Honeywell International Inc  1442.72 Industrial Conglomerates 2026-01-28 216.64  2026-01-29 227.24  4.89 
    T                             AT&T Inc  1706.43        Telecommunication  2026-01-28 24.07   2026-01-29 25.13  4.40 
LRLCF                           L'Oreal SA  2025.62        Consumer products  2026-01-28 448.0  2026-01-29 467.68  4.39 
   MA                       Mastercard Inc  4681.88       Financial Services 2026-01-28 521.37  2026-01-29 543.73  4.29 
  LMT                 Lockheed Martin Corp  1382.07      Aerospace & Defense 2026-01-28 597.27  2026-01-29 622.51  4.23 
 LRCX                    Lam Research Corp  3009.20           Semiconductors 2026-01-28 239.58  2026-01-29 248.17  3.59 
 KLAC                             KLA Corp  2213.58           Semiconductors 2026-01-28 1627.2 2026-01-29 1684.71  3.53 
   PH                 Parker-Hannifin Corp  1156.21                Machinery 2026-01-28 916.27   2026-01-29 948.4  3.51 
  CAT                      Caterpillar Inc  3010.42                Machinery 2026-01-28 643.28  2026-01-29 665.24  3.41 
 SHOP                          Shopify Inc  1808.52               Technology 2026-01-28 138.92  2026-01-29 143.64  3.40 
CMCSA                         Comcast Corp  1035.23        Telecommunication  2026-01-28 28.41   2026-01-29 29.24  2.92 
  UNP                   Union Pacific Corp  1385.51              Road & Rail 2026-01-28 227.71  2026-01-29 233.58  2.58 
  APH                        Amphenol Corp  1786.63     Electrical Equipment 2026-01-28 145.96  2026-01-29 149.58  2.48 
  BAC                 Bank of America Corp  3783.42                  Banking  2026-01-28 51.81   2026-01-29 53.08  2.45 
 UBER                Uber Technologies Inc  1657.69              Road & Rail  2026-01-28 79.78    2026-01-29 81.7  2.41 
