
=== 涨幅榜前20名股票 ===
 股票代码                 公司名称                 市值(亿)               板块                    昨天收盘             今天收盘       涨跌幅(%)
 SXTC        China SXT Pharmaceuticals Inc  0.01               Pharmaceuticals  2025-02-21 0.34  2025-02-24 0.84 145.61
 ATCH              Atlasclear Holdings Inc  0.03            Financial Services  2025-02-21 2.35  2025-02-24 5.56 136.60
IDEXQ                       Ideanomics Inc  0.00                     Machinery  2025-02-21 0.02  2025-02-24 0.04 100.00
 YYAI      Connexa Sports Technologies Inc  0.09              Leisure Products  2025-02-21 0.64  2025-02-24 1.27  98.44
 ATPC                       Agape ATP Corp  0.04                   Health Care  2025-02-21 0.94   2025-02-24 1.6  70.94
 PEPG                           PepGen Inc  0.45                 Biotechnology  2025-02-21 1.37  2025-02-24 2.29  67.15
TKAYF             Just Eat Takeaway.com NV 25.96 Hotels, Restaurants & Leisure 2025-02-21 13.02 2025-02-24 19.75  51.71
SLNAF               Selina Hospitality PLC  0.00 Hotels, Restaurants & Leisure   2025-02-21 0.0   2025-02-24 0.0  50.00
 RETO               ReTo Eco-Solutions Inc  0.08                  Construction  2025-02-21 0.41  2025-02-24 0.59  45.32
BIORQ               Biora Therapeutics Inc  0.01                 Biotechnology  2025-02-21 0.12  2025-02-24 0.17  41.67
NCNCF                        noco-noco Inc  0.00          Electrical Equipment   2025-02-21 0.0   2025-02-24 0.0  40.00
 DGNX                          Diginex Ltd 11.50                    Technology  2025-02-21 50.0 2025-02-24 69.34  38.68
  GDC                 GD Culture Group Ltd  0.13                         Media  2025-02-21 1.12  2025-02-24 1.52  35.71
 CHEK                        Check Cap Ltd  0.05                   Health Care  2025-02-21 0.77  2025-02-24 1.05  35.66
 BRDG Bridge Investment Group Holdings Inc 20.62            Financial Services  2025-02-21 7.92  2025-02-24 10.6  33.84
 RILY                B Riley Financial Inc  1.04            Financial Services   2025-02-21 3.4  2025-02-24 4.54  33.53
AKTSQ            Akoustis Technologies Inc  0.02          Electrical Equipment  2025-02-21 0.01  2025-02-24 0.01  30.00
 UPXI                            Upexi Inc  0.04             Consumer products  2025-02-21 2.92  2025-02-24 3.74  28.08
  ITP                IT Tech Packaging Inc  0.04                Paper & Forest  2025-02-21 0.35  2025-02-24 0.44  26.49
  CCG                     Cheche Group Inc  0.69                     Insurance  2025-02-21 0.91  2025-02-24 1.15  26.37

=== 市值超过20亿的涨幅榜前20名股票 ===
 股票代码                 公司名称                  市值(亿)                 板块                       昨天收盘              今天收盘       涨跌幅(%)
TKAYF             Just Eat Takeaway.com NV   25.96    Hotels, Restaurants & Leisure  2025-02-21 13.02  2025-02-24 19.75 51.71 
 BRDG Bridge Investment Group Holdings Inc   20.62               Financial Services   2025-02-21 7.92   2025-02-24 10.6 33.84 
  HCC                 Warrior Met Coal Inc   24.28                  Metals & Mining  2025-02-21 46.21   2025-02-24 49.8  7.77 
 FRPT                         Freshpet Inc   48.86                    Food Products 2025-02-21 100.28 2025-02-24 107.58  7.28 
 TMDX                Transmedics Group Inc   24.15                      Health Care  2025-02-21 71.95  2025-02-24 77.12  7.19 
 PRKS           United Parks & Resorts Inc   28.80    Hotels, Restaurants & Leisure  2025-02-21 52.36  2025-02-24 55.69  6.36 
 SHAK                      Shake Shack Inc   46.19    Hotels, Restaurants & Leisure 2025-02-21 108.72 2025-02-24 115.62  6.35 
 AMRX           Amneal Pharmaceuticals Inc   24.26                  Pharmaceuticals   2025-02-21 7.83    2025-02-24 8.3  6.00 
 GRND                           Grindr Inc   31.75                            Media  2025-02-21 17.98  2025-02-24 19.03  5.84 
  EAT            Brinker International Inc   64.33    Hotels, Restaurants & Leisure 2025-02-21 144.87 2025-02-24 153.07  5.66 
 TNDM             Tandem Diabetes Care Inc   20.36                      Health Care   2025-02-21 31.0  2025-02-24 32.66  5.35 
   HP              Helmerich and Payne Inc   26.09                           Energy  2025-02-21 26.25  2025-02-24 27.64  5.30 
  RGA     Reinsurance Group of America Inc  124.73                        Insurance 2025-02-21 189.38 2025-02-24 199.37  5.28 
 INSP          Inspire Medical Systems Inc   52.61                      Health Care 2025-02-21 177.32 2025-02-24 186.45  5.15 
  NKE                             Nike Inc 1131.54 Textiles, Apparel & Luxury Goods   2025-02-21 76.5  2025-02-24 80.28  4.94 
 COTY                             Coty Inc   49.79                Consumer products   2025-02-21 5.71   2025-02-24 5.99  4.90 
  SEM         Select Medical Holdings Corp   22.80                      Health Care  2025-02-21 17.68  2025-02-24 18.53  4.81 
 PRCT             Procept Biorobotics Corp   33.86                      Health Care  2025-02-21 62.25  2025-02-24 65.15  4.66 
 PLMR                 Palomar Holdings Inc   31.51                        Insurance 2025-02-21 119.07  2025-02-24 124.6  4.64 
   EL           Estee Lauder Companies Inc  258.28                Consumer products   2025-02-21 71.8   2025-02-24 75.1  4.60 

=== 市值超过50亿的涨幅榜前20名股票 ===
 股票代码                     公司名称                      市值(亿)                 板块                       昨天收盘              今天收盘       涨跌幅(%)
  EAT                    Brinker International Inc   64.33    Hotels, Restaurants & Leisure 2025-02-21 144.87 2025-02-24 153.07  5.66 
  RGA             Reinsurance Group of America Inc  124.73                        Insurance 2025-02-21 189.38 2025-02-24 199.37  5.28 
 INSP                  Inspire Medical Systems Inc   52.61                      Health Care 2025-02-21 177.32 2025-02-24 186.45  5.15 
  NKE                                     Nike Inc 1131.54 Textiles, Apparel & Luxury Goods   2025-02-21 76.5  2025-02-24 80.28  4.94 
   EL                   Estee Lauder Companies Inc  258.28                Consumer products   2025-02-21 71.8   2025-02-24 75.1  4.60 
  CRL Charles River Laboratories International Inc   83.37   Life Sciences Tools & Services 2025-02-21 163.02 2025-02-24 170.51  4.59 
 SOLV                               Solventum Corp  126.15                      Health Care  2025-02-21 73.02  2025-02-24 76.28  4.46 
 HIMS                       Hims & Hers Health Inc  107.67                      Health Care  2025-02-21 49.28  2025-02-24 51.31  4.12 
 EXAS                          Exact Sciences Corp   91.50                    Biotechnology  2025-02-21 49.26  2025-02-24 51.28  4.10 
 ETSY                                     ETSY Inc   54.89                           Retail  2025-02-21 51.26  2025-02-24 53.24  3.86 
  EQH                       Equitable Holdings Inc  160.96               Financial Services  2025-02-21 51.37   2025-02-24 53.3  3.76 
  BAX                     Baxter International Inc  172.68                      Health Care  2025-02-21 33.82  2025-02-24 35.08  3.73 
  BMY                      Bristol-Myers Squibb Co 1132.96                  Pharmaceuticals  2025-02-21 55.83  2025-02-24 57.88  3.67 
 RGEN                                Repligen Corp   89.08   Life Sciences Tools & Services 2025-02-21 158.99 2025-02-24 164.74  3.62 
  LYV                Live Nation Entertainment Inc  344.52                            Media  2025-02-21 149.4 2025-02-24 154.62  3.49 
  FND                   Floor & Decor Holdings Inc  101.24                           Retail  2025-02-21 94.27  2025-02-24 97.53  3.46 
 ARMK                                      Aramark   95.25    Hotels, Restaurants & Leisure  2025-02-21 35.93  2025-02-24 37.17  3.45 
  TRV                      Travelers Companies Inc  544.21                        Insurance 2025-02-21 240.03 2025-02-24 248.24  3.42 
 SAIA                                     Saia Inc  108.15                      Road & Rail 2025-02-21 406.65 2025-02-24 420.35  3.37 
ENGQF                                     Engie SA  388.76                        Utilities  2025-02-21 16.31  2025-02-24 16.85  3.29 

=== 市值超过100亿的涨幅榜前20名股票 ===
 股票代码                公司名称                 市值(亿)                 板块                       昨天收盘              今天收盘       涨跌幅(%)
  RGA   Reinsurance Group of America Inc  124.73                        Insurance 2025-02-21 189.38 2025-02-24 199.37  5.28 
  NKE                           Nike Inc 1131.54 Textiles, Apparel & Luxury Goods   2025-02-21 76.5  2025-02-24 80.28  4.94 
   EL         Estee Lauder Companies Inc  258.28                Consumer products   2025-02-21 71.8   2025-02-24 75.1  4.60 
 SOLV                     Solventum Corp  126.15                      Health Care  2025-02-21 73.02  2025-02-24 76.28  4.46 
 HIMS             Hims & Hers Health Inc  107.67                      Health Care  2025-02-21 49.28  2025-02-24 51.31  4.12 
  EQH             Equitable Holdings Inc  160.96               Financial Services  2025-02-21 51.37   2025-02-24 53.3  3.76 
  BAX           Baxter International Inc  172.68                      Health Care  2025-02-21 33.82  2025-02-24 35.08  3.73 
  BMY            Bristol-Myers Squibb Co 1132.96                  Pharmaceuticals  2025-02-21 55.83  2025-02-24 57.88  3.67 
  LYV      Live Nation Entertainment Inc  344.52                            Media  2025-02-21 149.4 2025-02-24 154.62  3.49 
  FND         Floor & Decor Holdings Inc  101.24                           Retail  2025-02-21 94.27  2025-02-24 97.53  3.46 
  TRV            Travelers Companies Inc  544.21                        Insurance 2025-02-21 240.03 2025-02-24 248.24  3.42 
 SAIA                           Saia Inc  108.15                      Road & Rail 2025-02-21 406.65 2025-02-24 420.35  3.37 
ENGQF                           Engie SA  388.76                        Utilities  2025-02-21 16.31  2025-02-24 16.85  3.29 
 RYAN        Ryan Specialty Holdings Inc  171.05                        Insurance  2025-02-21 65.38  2025-02-24 67.41  3.10 
 NCLH Norwegian Cruise Line Holdings Ltd  106.01    Hotels, Restaurants & Leisure  2025-02-21 24.11  2025-02-24 24.85  3.07 
   DG                Dollar General Corp  168.66                           Retail  2025-02-21 76.69  2025-02-24 79.03  3.05 
  ZTS                         Zoetis Inc  704.91                  Pharmaceuticals 2025-02-21 160.46 2025-02-24 165.31  3.02 
  TTD                     Trade Desk Inc  355.67                            Media  2025-02-21 72.06   2025-02-24 74.2  2.97 
  HSY                         Hershey Co  349.89                    Food Products 2025-02-21 172.86 2025-02-24 177.84  2.88 
 PAYC                Paycom Software Inc  122.01            Professional Services 2025-02-21 213.06 2025-02-24 219.19  2.88 

=== 市值超过200亿的涨幅榜前20名股票 ===
 股票代码                 公司名称                 市值(亿)                 板块                       昨天收盘              今天收盘       涨跌幅(%)
  NKE                            Nike Inc 1131.54 Textiles, Apparel & Luxury Goods   2025-02-21 76.5  2025-02-24 80.28  4.94 
   EL          Estee Lauder Companies Inc  258.28                Consumer products   2025-02-21 71.8   2025-02-24 75.1  4.60 
  BMY             Bristol-Myers Squibb Co 1132.96                  Pharmaceuticals  2025-02-21 55.83  2025-02-24 57.88  3.67 
  LYV       Live Nation Entertainment Inc  344.52                            Media  2025-02-21 149.4 2025-02-24 154.62  3.49 
  TRV             Travelers Companies Inc  544.21                        Insurance 2025-02-21 240.03 2025-02-24 248.24  3.42 
ENGQF                            Engie SA  388.76                        Utilities  2025-02-21 16.31  2025-02-24 16.85  3.29 
  ZTS                          Zoetis Inc  704.91                  Pharmaceuticals 2025-02-21 160.46 2025-02-24 165.31  3.02 
  TTD                      Trade Desk Inc  355.67                            Media  2025-02-21 72.06   2025-02-24 74.2  2.97 
  HSY                          Hershey Co  349.89                    Food Products 2025-02-21 172.86 2025-02-24 177.84  2.88 
 LULU             Lululemon Athletica Inc  455.53 Textiles, Apparel & Luxury Goods 2025-02-21 358.97 2025-02-24 368.22  2.58 
  AIG    American International Group Inc  454.79                        Insurance  2025-02-21 76.65  2025-02-24 78.57  2.50 
  LVS                Las Vegas Sands Corp  315.15    Hotels, Restaurants & Leisure  2025-02-21 44.02  2025-02-24 45.11  2.48 
  DAL                 Delta Air Lines Inc  387.58                         Airlines   2025-02-21 60.0  2025-02-24 61.49  2.48 
  QSR Restaurant Brands International Inc  280.87    Hotels, Restaurants & Leisure  2025-02-21 62.31  2025-02-24 63.84  2.46 
  PGR                    Progressive Corp 1559.37                        Insurance 2025-02-21 266.19 2025-02-24 272.63  2.42 
 IDXX              IDEXX Laboratories Inc  370.75                      Health Care 2025-02-21 452.77 2025-02-24 463.66  2.41 
   EA                 Electronic Arts Inc  341.28                            Media 2025-02-21 130.95 2025-02-24 134.05  2.37 
  DIS                      Walt Disney Co 1964.34                            Media 2025-02-21 108.66  2025-02-24 111.2  2.34 
   CB                           Chubb Ltd 1077.28                        Insurance 2025-02-21 267.25 2025-02-24 273.44  2.32 
  FOX                            Fox Corp  248.95                            Media  2025-02-21 53.01  2025-02-24 54.23  2.30 

=== 市值超过1000亿的涨跌榜前20名股票 ===
 股票代码               公司名称               市值(亿)                 板块                       昨天收盘               今天收盘        涨跌幅(%)
  NKE                        Nike Inc 1131.54 Textiles, Apparel & Luxury Goods    2025-02-21 76.5   2025-02-24 80.28  4.94 
  BMY         Bristol-Myers Squibb Co 1132.96                  Pharmaceuticals   2025-02-21 55.83   2025-02-24 57.88  3.67 
  PGR                Progressive Corp 1559.37                        Insurance  2025-02-21 266.19  2025-02-24 272.63  2.42 
  DIS                  Walt Disney Co 1964.34                            Media  2025-02-21 108.66   2025-02-24 111.2  2.34 
   CB                       Chubb Ltd 1077.28                        Insurance  2025-02-21 267.25  2025-02-24 273.44  2.32 
 AMGN                       Amgen Inc 1627.78                    Biotechnology  2025-02-21 303.01  2025-02-24 309.72  2.21 
  MRK                  Merck & Co Inc 2264.02                  Pharmaceuticals    2025-02-21 89.5   2025-02-24 91.27  1.98 
  RTX                        RTX Corp 1642.37              Aerospace & Defense  2025-02-21 123.29  2025-02-24 125.43  1.74 
   BA                       Boeing Co 1328.76              Aerospace & Defense  2025-02-21 177.15  2025-02-24 179.91  1.56 
EADSF                       Airbus SE 1266.40              Aerospace & Defense  2025-02-21 169.69   2025-02-24 172.0  1.36 
  SYK                    Stryker Corp 1460.61                      Health Care  2025-02-21 382.78  2025-02-24 387.92  1.34 
  PFE                      Pfizer Inc 1490.42                  Pharmaceuticals    2025-02-21 26.3   2025-02-24 26.65  1.33 
   VZ      Verizon Communications Inc 1800.07                Telecommunication   2025-02-21 42.76   2025-02-24 43.32  1.31 
 SBUX                  Starbucks Corp 1269.37    Hotels, Restaurants & Leisure  2025-02-21 111.75  2025-02-24 113.19  1.29 
 ORCL                     Oracle Corp 4693.57                       Technology  2025-02-21 167.81  2025-02-24 169.96  1.28 
  MMC  Marsh & McLennan Companies Inc 1129.65                        Insurance  2025-02-21 230.01  2025-02-24 232.85  1.23 
   PM Philip Morris International Inc 2400.70                          Tobacco   2025-02-21 154.4  2025-02-24 156.28  1.22 
 BKNG            Booking Holdings Inc 1637.69    Hotels, Restaurants & Leisure 2025-02-21 4990.64 2025-02-24 5049.08  1.17 
 TMUS                 T-Mobile US Inc 3027.57                Telecommunication  2025-02-21 265.17  2025-02-24 268.13  1.12 
 ABBV                      AbbVie Inc 3567.43                    Biotechnology  2025-02-21 202.08  2025-02-24 204.08  0.99 
