
=== 涨幅榜前20名股票 ===
股票代码              公司名称             市值(亿)               板块                     昨天收盘             今天收盘       涨跌幅(%)
APLT      Applied Therapeutics Inc  0.81                  Biotechnology  2025-09-25 0.56  2025-09-26 1.24 121.43
BIAF  bioAffinity Technologies Inc  0.05                  Biotechnology  2025-09-25 3.41  2025-09-26 5.29  55.13
APDN      Applied DNA Sciences Inc  0.04 Life Sciences Tools & Services  2025-09-25 2.91  2025-09-26 4.14  42.27
GUTS            Fractyl Health Inc  0.73                    Health Care  2025-09-25 1.01  2025-09-26 1.34  32.67
 AGH  Aureus Greenway Holdings Inc  0.32  Hotels, Restaurants & Leisure  2025-09-25 2.18  2025-09-26 2.87  31.65
CRNX Crinetics Pharmaceuticals Inc 33.80                Pharmaceuticals 2025-09-25 35.89 2025-09-26 45.91  27.92
PLUT    Plutus Financial Group Ltd  0.49             Financial Services  2025-09-25 3.19  2025-09-26 3.95  23.82
 MFH Mercurity Fintech Holding Inc 10.20                     Technology 2025-09-25 14.76 2025-09-26 18.19  23.24
MTEK                Maris Tech Ltd  0.27           Electrical Equipment  2025-09-25 3.44  2025-09-26 4.19  21.80
LPTH    LightPath Technologies Inc  2.79           Electrical Equipment   2025-09-25 6.5   2025-09-26 7.9  21.54
SSKN      Strata Skin Sciences Inc  0.10                    Health Care  2025-09-25 1.96  2025-09-26 2.37  20.92
ANNX                   Annexon Inc  3.07                  Biotechnology  2025-09-25 2.79  2025-09-26 3.37  20.79
QMMM             QMMM Holdings Ltd 17.21                          Media 2025-09-25 100.0 2025-09-26 119.4  19.40
CDLX                Cardlytics Inc  1.27                          Media  2025-09-25 2.38  2025-09-26 2.82  18.49
RLAY        Relay Therapeutics Inc  7.55                  Biotechnology  2025-09-25 4.38  2025-09-26 5.17  18.04
KLRS      Kalaris Therapeutics Inc  0.80                  Biotechnology  2025-09-25 4.77  2025-09-26 5.61  17.61
SKYT       Skywater Technology Inc  7.42                 Semiconductors  2025-09-25 15.4 2025-09-26 18.08  17.40
VEEA                      Veea Inc  0.31                     Technology  2025-09-25 0.61  2025-09-26 0.72  17.30
PALI              Palisade Bio Inc  0.07                  Biotechnology  2025-09-25 0.77   2025-09-26 0.9  16.65
FCUV           Focus Universal Inc  0.21           Electrical Equipment   2025-09-25 2.8  2025-09-26 3.24  15.71

=== 市值超过20亿的涨幅榜前20名股票 ===
股票代码              公司名称              市值(亿)           板块                 昨天收盘              今天收盘       涨跌幅(%)
CRNX Crinetics Pharmaceuticals Inc   33.80      Pharmaceuticals  2025-09-25 35.89  2025-09-26 45.91 27.92 
  EA           Electronic Arts Inc  421.15                Media 2025-09-25 168.32 2025-09-26 193.35 14.87 
 MIR       Mirion Technologies Inc   50.14 Electrical Equipment  2025-09-25 21.43  2025-09-26 23.76 10.87 
 CRS     Carpenter Technology Corp  115.85      Metals & Mining  2025-09-25 232.4 2025-09-26 250.85  7.94 
CENX           Century Aluminum Co   24.23      Metals & Mining  2025-09-25 25.96  2025-09-26 27.99  7.82 
 ATI                       ATI Inc  106.70  Aerospace & Defense  2025-09-25 77.41  2025-09-26 82.81  6.98 
HIMS        Hims & Hers Health Inc  124.02          Health Care  2025-09-25 54.87   2025-09-26 58.4  6.43 
RIOT            Riot Platforms Inc   61.87           Technology  2025-09-25 16.74  2025-09-26 17.69  5.68 
 VMI        Valmont Industries Inc   71.98         Construction 2025-09-25 364.66 2025-09-26 384.87  5.54 
   M                    Macy's Inc   45.86               Retail  2025-09-25 17.08   2025-09-26 18.0  5.39 
CYTK              Cytokinetics Inc   57.23        Biotechnology  2025-09-25 47.83   2025-09-26 50.4  5.37 
PCAR                    Paccar Inc  501.84            Machinery  2025-09-25 95.57  2025-09-26 100.5  5.16 
 ECG Everus Construction Group Inc   40.44         Construction  2025-09-25 79.28  2025-09-26 83.35  5.13 
MRCY           Mercury Systems Inc   43.82  Aerospace & Defense  2025-09-25 73.13  2025-09-26 76.82  5.05 
ARQT   Arcutis Biotherapeutics Inc   20.06        Biotechnology  2025-09-25 16.73  2025-09-26 17.57  5.02 
NUVL                  Nuvalent Inc   55.90        Biotechnology  2025-09-25 77.52  2025-09-26 81.39  4.99 
CELH          Celsius Holdings Inc  133.64            Beverages  2025-09-25 51.81  2025-09-26 54.39  4.98 
 OLN                     Olin Corp   26.18            Chemicals  2025-09-25 22.84  2025-09-26 23.96  4.90 
IRON             Disc Medicine Inc   21.73        Biotechnology   2025-09-25 62.5  2025-09-26 65.55  4.88 
 APP                 Applovin Corp 2164.50           Technology 2025-09-25 639.91 2025-09-26 669.86  4.68 

=== 市值超过50亿的涨幅榜前20名股票 ===
股票代码                   公司名称                   市值(亿)                 板块                     昨天收盘              今天收盘       涨跌幅(%)
  EA                     Electronic Arts Inc   421.15                         Media 2025-09-25 168.32 2025-09-26 193.35 14.87 
 MIR                 Mirion Technologies Inc    50.14          Electrical Equipment  2025-09-25 21.43  2025-09-26 23.76 10.87 
 CRS               Carpenter Technology Corp   115.85               Metals & Mining  2025-09-25 232.4 2025-09-26 250.85  7.94 
 ATI                                 ATI Inc   106.70           Aerospace & Defense  2025-09-25 77.41  2025-09-26 82.81  6.98 
HIMS                  Hims & Hers Health Inc   124.02                   Health Care  2025-09-25 54.87   2025-09-26 58.4  6.43 
RIOT                      Riot Platforms Inc    61.87                    Technology  2025-09-25 16.74  2025-09-26 17.69  5.68 
 VMI                  Valmont Industries Inc    71.98                  Construction 2025-09-25 364.66 2025-09-26 384.87  5.54 
CYTK                        Cytokinetics Inc    57.23                 Biotechnology  2025-09-25 47.83   2025-09-26 50.4  5.37 
PCAR                              Paccar Inc   501.84                     Machinery  2025-09-25 95.57  2025-09-26 100.5  5.16 
NUVL                            Nuvalent Inc    55.90                 Biotechnology  2025-09-25 77.52  2025-09-26 81.39  4.99 
CELH                    Celsius Holdings Inc   133.64                     Beverages  2025-09-25 51.81  2025-09-26 54.39  4.98 
 APP                           Applovin Corp  2164.50                    Technology 2025-09-25 639.91 2025-09-26 669.86  4.68 
 GME                           GameStop Corp   113.13                        Retail  2025-09-25 25.27  2025-09-26 26.42  4.55 
MTSI MACOM Technology Solutions Holdings Inc    92.26                Semiconductors 2025-09-25 123.88 2025-09-26 129.39  4.45 
INTC                              Intel Corp  1587.42                Semiconductors  2025-09-25 33.99   2025-09-26 35.5  4.44 
 CZR               Caesars Entertainment Inc    53.89 Hotels, Restaurants & Leisure  2025-09-25 25.91  2025-09-26 27.04  4.36 
TSLA                               Tesla Inc 14078.36                   Automobiles 2025-09-25 423.39  2025-09-26 440.4  4.02 
LCID                         Lucid Group Inc    70.79                   Automobiles  2025-09-25 23.04  2025-09-26 23.96  3.99 
  AU                   Anglogold Ashanti PLC   335.35               Metals & Mining   2025-09-25 65.8   2025-09-26 68.3  3.80 
VEEV                       Veeva Systems Inc   458.83                   Health Care 2025-09-25 279.93 2025-09-26 290.27  3.69 

=== 市值超过100亿的涨幅榜前20名股票 ===
股票代码            公司名称            市值(亿)                 板块                     昨天收盘              今天收盘       涨跌幅(%)
  EA       Electronic Arts Inc   421.15                         Media 2025-09-25 168.32 2025-09-26 193.35 14.87 
 CRS Carpenter Technology Corp   115.85               Metals & Mining  2025-09-25 232.4 2025-09-26 250.85  7.94 
 ATI                   ATI Inc   106.70           Aerospace & Defense  2025-09-25 77.41  2025-09-26 82.81  6.98 
HIMS    Hims & Hers Health Inc   124.02                   Health Care  2025-09-25 54.87   2025-09-26 58.4  6.43 
PCAR                Paccar Inc   501.84                     Machinery  2025-09-25 95.57  2025-09-26 100.5  5.16 
CELH      Celsius Holdings Inc   133.64                     Beverages  2025-09-25 51.81  2025-09-26 54.39  4.98 
 APP             Applovin Corp  2164.50                    Technology 2025-09-25 639.91 2025-09-26 669.86  4.68 
 GME             GameStop Corp   113.13                        Retail  2025-09-25 25.27  2025-09-26 26.42  4.55 
INTC                Intel Corp  1587.42                Semiconductors  2025-09-25 33.99   2025-09-26 35.5  4.44 
TSLA                 Tesla Inc 14078.36                   Automobiles 2025-09-25 423.39  2025-09-26 440.4  4.02 
  AU     Anglogold Ashanti PLC   335.35               Metals & Mining   2025-09-25 65.8   2025-09-26 68.3  3.80 
VEEV         Veeva Systems Inc   458.83                   Health Care 2025-09-25 279.93 2025-09-26 290.27  3.69 
 PCG                 PG&E Corp   317.37                     Utilities  2025-09-25 14.44  2025-09-26 14.97  3.67 
EXPE         Expedia Group Inc   266.22 Hotels, Restaurants & Leisure 2025-09-25 215.19 2025-09-26 222.87  3.57 
CIEN                Ciena Corp   193.49                Communications 2025-09-25 137.17 2025-09-26 141.93  3.47 
 NRG            NRG Energy Inc   315.21                     Utilities 2025-09-25 162.96 2025-09-26 168.57  3.44 
SMMT   Summit Therapeutics Inc   150.50                 Biotechnology  2025-09-25 20.26  2025-09-26 20.95  3.41 
   F             Ford Motor Co   462.46                   Automobiles  2025-09-25 11.62  2025-09-26 12.01  3.36 
  BG           Bunge Global SA   158.83                 Food Products  2025-09-25 79.39  2025-09-26 81.97  3.25 
 CAH       Cardinal Health Inc   355.71                   Health Care 2025-09-25 148.96 2025-09-26 153.71  3.19 

=== 市值超过200亿的涨幅榜前20名股票 ===
股票代码            公司名称             市值(亿)                  板块                       昨天收盘              今天收盘       涨跌幅(%)
  EA        Electronic Arts Inc   421.15                            Media 2025-09-25 168.32 2025-09-26 193.35 14.87 
PCAR                 Paccar Inc   501.84                        Machinery  2025-09-25 95.57  2025-09-26 100.5  5.16 
 APP              Applovin Corp  2164.50                       Technology 2025-09-25 639.91 2025-09-26 669.86  4.68 
INTC                 Intel Corp  1587.42                   Semiconductors  2025-09-25 33.99   2025-09-26 35.5  4.44 
TSLA                  Tesla Inc 14078.36                      Automobiles 2025-09-25 423.39  2025-09-26 440.4  4.02 
  AU      Anglogold Ashanti PLC   335.35                  Metals & Mining   2025-09-25 65.8   2025-09-26 68.3  3.80 
VEEV          Veeva Systems Inc   458.83                      Health Care 2025-09-25 279.93 2025-09-26 290.27  3.69 
 PCG                  PG&E Corp   317.37                        Utilities  2025-09-25 14.44  2025-09-26 14.97  3.67 
EXPE          Expedia Group Inc   266.22    Hotels, Restaurants & Leisure 2025-09-25 215.19 2025-09-26 222.87  3.57 
 NRG             NRG Energy Inc   315.21                        Utilities 2025-09-25 162.96 2025-09-26 168.57  3.44 
   F              Ford Motor Co   462.46                      Automobiles  2025-09-25 11.62  2025-09-26 12.01  3.36 
 CAH        Cardinal Health Inc   355.71                      Health Care 2025-09-25 148.96 2025-09-26 153.71  3.19 
  EL Estee Lauder Companies Inc   302.27                Consumer products  2025-09-25 83.99  2025-09-26 86.66  3.18 
RDDT                 Reddit Inc   435.61                            Media 2025-09-25 232.75 2025-09-26 240.11  3.16 
 COR                Cencora Inc   579.35                      Health Care 2025-09-25 298.82  2025-09-26 307.0  2.74 
  FE           FirstEnergy Corp   255.44                        Utilities  2025-09-25 44.24  2025-09-26 45.43  2.69 
STLD         Steel Dynamics Inc   200.33                  Metals & Mining 2025-09-25 136.09 2025-09-26 139.63  2.60 
 NUE                 Nucor Corp   309.32                  Metals & Mining 2025-09-25 134.76 2025-09-26 138.13  2.50 
LULU    Lululemon Athletica Inc   212.78 Textiles, Apparel & Luxury Goods 2025-09-25 172.01  2025-09-26 176.3  2.49 
 EME            EMCOR Group Inc   279.78                     Construction  2025-09-25 625.0 2025-09-26 640.57  2.49 

=== 市值超过1000亿的涨跌榜前20名股票 ===
 股票代码                 公司名称                  市值(亿)                  板块                       昨天收盘              今天收盘       涨跌幅(%)
  APP                        Applovin Corp  2164.50                       Technology 2025-09-25 639.91 2025-09-26 669.86  4.68 
 INTC                           Intel Corp  1587.42                   Semiconductors  2025-09-25 33.99   2025-09-26 35.5  4.44 
 TSLA                            Tesla Inc 14078.36                      Automobiles 2025-09-25 423.39  2025-09-26 440.4  4.02 
LVMHF  LVMH Moet Hennessy Louis Vuitton SE  2543.18 Textiles, Apparel & Luxury Goods 2025-09-25 587.35 2025-09-26 601.03  2.33 
  RTX                             RTX Corp  2148.49              Aerospace & Defense 2025-09-25 160.51 2025-09-26 163.35  1.77 
 IBKR        Interactive Brokers Group Inc  1104.37               Financial Services  2025-09-25 64.97  2025-09-26 66.12  1.77 
  COP                       ConocoPhillips  1209.10                           Energy  2025-09-25 96.81  2025-09-26 98.48  1.73 
  NEE                   Nextera Energy Inc  1537.26                        Utilities  2025-09-25 74.65  2025-09-26 75.85  1.61 
  CEG            Constellation Energy Corp  1019.47                        Utilities 2025-09-25 326.33 2025-09-26 331.26  1.51 
  XOM                     Exxon Mobil Corp  4780.81                           Energy 2025-09-25 115.59 2025-09-26 117.22  1.41 
  UNP                   Union Pacific Corp  1375.85                      Road & Rail  2025-09-25 232.0  2025-09-26 235.2  1.38 
  TXN                Texas Instruments Inc  1654.99                   Semiconductors 2025-09-25 182.04 2025-09-26 184.55  1.38 
  TJX                    TJX Companies Inc  1574.36                           Retail 2025-09-25 141.46 2025-09-26 143.09  1.15 
  CRM                       Salesforce Inc  2293.84                       Technology 2025-09-25 240.95 2025-09-26 243.43  1.03 
  IBM International Business Machines Corp  2621.67                       Technology 2025-09-25 281.44 2025-09-26 284.31  1.02 
   GS              Goldman Sachs Group Inc  2405.91               Financial Services 2025-09-25 794.76 2025-09-26 802.51  0.98 
  ADP        Automatic Data Processing Inc  1170.13            Professional Services 2025-09-25 288.89 2025-09-26 291.54  0.92 
   CB                            Chubb Ltd  1109.56                        Insurance  2025-09-25 278.3 2025-09-26 280.69  0.86 
  JPM                  JPMorgan Chase & Co  8619.10                          Banking 2025-09-25 313.45 2025-09-26 316.06  0.83 
   MO                     Altria Group Inc  1095.12                          Tobacco  2025-09-25 65.19  2025-09-26 65.71  0.80 
