
=== 涨幅榜前20名股票 ===
股票代码                   公司名称                  市值(亿)               板块                     昨天收盘            今天收盘        涨跌幅(%)
ERNA                 Ernexa Therapeutics Inc  0.10                  Biotechnology 2025-06-11 0.16  2025-06-12 2.37 1381.25
 SST                             System1 Inc  2.86                          Media 2025-06-11 0.38  2025-06-12 4.16  994.74
VLCN                              Volcon Inc  0.03                    Automobiles 2025-06-11 0.66   2025-06-12 5.7  765.22
HCTI                 Healthcare Triangle Inc  0.04                    Health Care 2025-06-11 0.01  2025-06-12 0.03  233.33
CGTL Creative Global Technology Holdings Ltd  0.36           Electrical Equipment 2025-06-11 0.92  2025-06-12 1.83   98.27
GNLN                  Greenlane Holdings Inc  0.14                   Distributors 2025-06-11 0.01  2025-06-12 0.02   92.50
URGN                       Urogen Pharma Ltd  3.37                  Biotechnology  2025-06-11 7.3 2025-06-12 11.08   51.78
SGMT                 Sagimet Biosciences Inc  2.64                  Biotechnology 2025-06-11 6.19  2025-06-12 8.61   39.10
KLTO                Klotho Neurosciences Inc  0.66                  Biotechnology 2025-06-11 1.45   2025-06-12 2.0   37.93
CVAC                              CureVac NV  9.16                  Biotechnology 2025-06-11 4.07   2025-06-12 5.6   37.59
RSLS                ReShape Lifesciences Inc  0.02                    Health Care 2025-06-11 2.29  2025-06-12 3.11   35.81
 SRM                   SRM Entertainment Inc  0.21               Leisure Products 2025-06-11 0.87  2025-06-12 1.18   35.63
 GTI                     Graphjet Technology  0.09           Electrical Equipment 2025-06-11 0.06  2025-06-12 0.09   34.84
PLRZ                           Polyrizon Ltd  0.06                  Biotechnology  2025-06-11 0.8  2025-06-12 1.07   33.75
HUSA            Houston American Energy Corp  0.09                         Energy 2025-06-11 5.46  2025-06-12 7.14   30.77
AGAE       Allied Gaming & Entertainment Inc  1.08  Hotels, Restaurants & Leisure 2025-06-11 2.84  2025-06-12 3.55   25.00
NEHC                      New Era Helium Inc  0.07                         Energy 2025-06-11 0.49   2025-06-12 0.6   21.66
 IPA            Immunoprecise Antibodies Ltd  0.27 Life Sciences Tools & Services  2025-06-11 0.6  2025-06-12 0.73   21.65
AXTI                                 AXT Inc  0.90                 Semiconductors 2025-06-11 1.98  2025-06-12 2.35   18.69
SERA                    Sera Prognostics Inc  0.67                  Biotechnology  2025-06-11 1.5  2025-06-12 1.78   18.67

=== 市值超过20亿的涨幅榜前20名股票 ===
股票代码                公司名称                 市值(亿)                板块                     昨天收盘              今天收盘       涨跌幅(%)
  MP                  MP Materials Corp   47.73               Metals & Mining  2025-06-11 25.64   2025-06-12 29.2 13.88 
ORCL                        Oracle Corp 4946.11                    Technology 2025-06-11 176.38 2025-06-12 199.86 13.31 
GENI                  Genius Sports Ltd   24.57 Hotels, Restaurants & Leisure   2025-06-11 9.66  2025-06-12 10.47  8.39 
 CRK             Comstock Resources Inc   75.05                        Energy  2025-06-11 23.94  2025-06-12 25.62  7.02 
SEZL                         Sezzle Inc   46.61            Financial Services  2025-06-11 131.2  2025-06-12 140.1  6.78 
  AU              Anglogold Ashanti PLC  227.14               Metals & Mining  2025-06-11 45.87  2025-06-12 48.82  6.43 
  FN                           Fabrinet   92.42          Electrical Equipment  2025-06-11 243.2 2025-06-12 256.97  5.66 
 NEM                Newmont Corporation  593.34               Metals & Mining  2025-06-11 53.31  2025-06-12 55.92  4.90 
 DAR            Darling Ingredients Inc   49.79                 Food Products  2025-06-11 31.48  2025-06-12 32.99  4.80 
RARE      Ultragenyx Pharmaceutical Inc   35.46                 Biotechnology  2025-06-11 37.51  2025-06-12 39.29  4.75 
SATS                      EchoStar Corp   51.96                         Media  2025-06-11 17.27  2025-06-12 18.08  4.66 
MTSR                        Metsera Inc   36.33                 Biotechnology  2025-06-11 33.06  2025-06-12 34.58  4.60 
 CAH                Cardinal Health Inc  366.44                   Health Care 2025-06-11 153.53 2025-06-12 160.52  4.55 
 VST                        Vistra Corp  565.97                     Utilities 2025-06-11 166.79 2025-06-12 173.87  4.24 
 PCT         Purecycle Technologies Inc   20.95                     Chemicals   2025-06-11 11.2  2025-06-12 11.67  4.20 
FRHC               Freedom Holding Corp   92.34            Financial Services 2025-06-11 146.25 2025-06-12 152.32  4.15 
APLD               Applied Digital Corp   27.12                    Technology  2025-06-11 12.05  2025-06-12 12.51  3.82 
LITE              Lumentum Holdings Inc   59.34                Communications  2025-06-11 82.36   2025-06-12 85.5  3.81 
CRDO Credo Technology Group Holding Ltd  121.65                Semiconductors  2025-06-11 71.64  2025-06-12 74.34  3.77 
RPRX                 Royalty Pharma PLC  197.25               Pharmaceuticals  2025-06-11 34.05  2025-06-12 35.27  3.58 

=== 市值超过50亿的涨幅榜前20名股票 ===
股票代码                公司名称                 市值(亿)                板块                     昨天收盘              今天收盘       涨跌幅(%)
ORCL                        Oracle Corp 4946.11                    Technology 2025-06-11 176.38 2025-06-12 199.86 13.31 
 CRK             Comstock Resources Inc   75.05                        Energy  2025-06-11 23.94  2025-06-12 25.62  7.02 
  AU              Anglogold Ashanti PLC  227.14               Metals & Mining  2025-06-11 45.87  2025-06-12 48.82  6.43 
  FN                           Fabrinet   92.42          Electrical Equipment  2025-06-11 243.2 2025-06-12 256.97  5.66 
 NEM                Newmont Corporation  593.34               Metals & Mining  2025-06-11 53.31  2025-06-12 55.92  4.90 
SATS                      EchoStar Corp   51.96                         Media  2025-06-11 17.27  2025-06-12 18.08  4.66 
 CAH                Cardinal Health Inc  366.44                   Health Care 2025-06-11 153.53 2025-06-12 160.52  4.55 
 VST                        Vistra Corp  565.97                     Utilities 2025-06-11 166.79 2025-06-12 173.87  4.24 
FRHC               Freedom Holding Corp   92.34            Financial Services 2025-06-11 146.25 2025-06-12 152.32  4.15 
LITE              Lumentum Holdings Inc   59.34                Communications  2025-06-11 82.36   2025-06-12 85.5  3.81 
CRDO Credo Technology Group Holding Ltd  121.65                Semiconductors  2025-06-11 71.64  2025-06-12 74.34  3.77 
RPRX                 Royalty Pharma PLC  197.25               Pharmaceuticals  2025-06-11 34.05  2025-06-12 35.27  3.58 
 VRT                 Vertiv Holdings Co  421.46          Electrical Equipment 2025-06-11 110.59  2025-06-12 114.5  3.54 
UTHR           United Therapeutics Corp  124.71                 Biotechnology 2025-06-11 276.47 2025-06-12 286.14  3.50 
 RKT               Rocket Companies Inc  273.83            Financial Services  2025-06-11 13.69  2025-06-12 14.16  3.43 
 ELF                     elf Beauty Inc   72.00             Consumer products 2025-06-11 124.52 2025-06-12 128.54  3.23 
KRMN                Karman Holdings Inc   60.79           Aerospace & Defense  2025-06-11 45.99  2025-06-12 47.47  3.22 
  LB                  LandBridge Co LLC   55.87                   Real Estate   2025-06-11 70.8  2025-06-12 73.08  3.22 
SRAD                Sportradar Group AG   78.76 Hotels, Restaurants & Leisure  2025-06-11 24.56  2025-06-12 25.33  3.14 
KNSL          Kinsale Capital Group Inc  109.90                     Insurance 2025-06-11 459.71 2025-06-12 473.94  3.10 

=== 市值超过100亿的涨幅榜前20名股票 ===
股票代码                公司名称                 市值(亿)                 板块                       昨天收盘              今天收盘       涨跌幅(%)
ORCL                        Oracle Corp 4946.11                       Technology 2025-06-11 176.38 2025-06-12 199.86 13.31 
  AU              Anglogold Ashanti PLC  227.14                  Metals & Mining  2025-06-11 45.87  2025-06-12 48.82  6.43 
 NEM                Newmont Corporation  593.34                  Metals & Mining  2025-06-11 53.31  2025-06-12 55.92  4.90 
 CAH                Cardinal Health Inc  366.44                      Health Care 2025-06-11 153.53 2025-06-12 160.52  4.55 
 VST                        Vistra Corp  565.97                        Utilities 2025-06-11 166.79 2025-06-12 173.87  4.24 
CRDO Credo Technology Group Holding Ltd  121.65                   Semiconductors  2025-06-11 71.64  2025-06-12 74.34  3.77 
RPRX                 Royalty Pharma PLC  197.25                  Pharmaceuticals  2025-06-11 34.05  2025-06-12 35.27  3.58 
 VRT                 Vertiv Holdings Co  421.46             Electrical Equipment 2025-06-11 110.59  2025-06-12 114.5  3.54 
UTHR           United Therapeutics Corp  124.71                    Biotechnology 2025-06-11 276.47 2025-06-12 286.14  3.50 
 RKT               Rocket Companies Inc  273.83               Financial Services  2025-06-11 13.69  2025-06-12 14.16  3.43 
KNSL          Kinsale Capital Group Inc  109.90                        Insurance 2025-06-11 459.71 2025-06-12 473.94  3.10 
   U                 Unity Software Inc  100.72                       Technology  2025-06-11 24.23  2025-06-12 24.98  3.10 
 COR                        Cencora Inc  555.58                      Health Care 2025-06-11 286.64 2025-06-12 295.04  2.93 
 EQT                           EQT Corp  332.36                           Energy  2025-06-11 53.97  2025-06-12 55.52  2.87 
FTAI                  FTAI Aviation Ltd  126.90 Trading Companies & Distributors 2025-06-11 120.35 2025-06-12 123.74  2.82 
 GEN                    Gen Digital Inc  187.15                       Technology  2025-06-11 29.44  2025-06-12 30.27  2.82 
 CEG          Constellation Energy Corp  915.77                        Utilities 2025-06-11 292.19 2025-06-12 300.38  2.80 
 LMT               Lockheed Martin Corp 1069.80              Aerospace & Defense  2025-06-11 456.6 2025-06-12 469.27  2.77 
CIEN                         Ciena Corp  102.10                   Communications  2025-06-11 72.22  2025-06-12 74.13  2.64 
 UNH             UnitedHealth Group Inc 2817.22                      Health Care 2025-06-11 310.56  2025-06-12 318.5  2.56 

=== 市值超过200亿的涨幅榜前20名股票 ===
股票代码            公司名称            市值(亿)           板块                 昨天收盘              今天收盘       涨跌幅(%)
ORCL               Oracle Corp 4946.11           Technology 2025-06-11 176.38 2025-06-12 199.86 13.31 
  AU     Anglogold Ashanti PLC  227.14      Metals & Mining  2025-06-11 45.87  2025-06-12 48.82  6.43 
 NEM       Newmont Corporation  593.34      Metals & Mining  2025-06-11 53.31  2025-06-12 55.92  4.90 
 CAH       Cardinal Health Inc  366.44          Health Care 2025-06-11 153.53 2025-06-12 160.52  4.55 
 VST               Vistra Corp  565.97            Utilities 2025-06-11 166.79 2025-06-12 173.87  4.24 
 VRT        Vertiv Holdings Co  421.46 Electrical Equipment 2025-06-11 110.59  2025-06-12 114.5  3.54 
 RKT      Rocket Companies Inc  273.83   Financial Services  2025-06-11 13.69  2025-06-12 14.16  3.43 
 COR               Cencora Inc  555.58          Health Care 2025-06-11 286.64 2025-06-12 295.04  2.93 
 EQT                  EQT Corp  332.36               Energy  2025-06-11 53.97  2025-06-12 55.52  2.87 
 CEG Constellation Energy Corp  915.77            Utilities 2025-06-11 292.19 2025-06-12 300.38  2.80 
 LMT      Lockheed Martin Corp 1069.80  Aerospace & Defense  2025-06-11 456.6 2025-06-12 469.27  2.77 
 UNH    UnitedHealth Group Inc 2817.22          Health Care 2025-06-11 310.56  2025-06-12 318.5  2.56 
GILD       Gilead Sciences Inc 1359.61        Biotechnology  2025-06-11 109.3 2025-06-12 112.05  2.52 
 EXE        Expand Energy Corp  272.58               Energy 2025-06-11 112.23 2025-06-12 114.96  2.43 
 HSY                Hershey Co  340.48        Food Products 2025-06-11 168.05 2025-06-12 172.12  2.42 
  ON     ON Semiconductor Corp  220.60       Semiconductors  2025-06-11 51.78  2025-06-12 52.98  2.32 
 AJG Arthur J. Gallagher & Co.  801.44            Insurance 2025-06-11 312.94 2025-06-12 320.15  2.30 
 BRO         Brown & Brown Inc  299.45            Insurance 2025-06-11 104.48  2025-06-12 106.8  2.22 
 ALL             Allstate Corp  519.52            Insurance 2025-06-11 196.18 2025-06-12 200.32  2.11 
MRVL    Marvell Technology Inc  588.37       Semiconductors  2025-06-11 68.24  2025-06-12 69.64  2.05 

=== 市值超过1000亿的涨跌榜前20名股票 ===
股票代码            公司名称             市值(亿)            板块                 昨天收盘              今天收盘       涨跌幅(%)
ORCL                Oracle Corp  4946.11           Technology 2025-06-11 176.38 2025-06-12 199.86 13.31 
 LMT       Lockheed Martin Corp  1069.80  Aerospace & Defense  2025-06-11 456.6 2025-06-12 469.27  2.77 
 UNH     UnitedHealth Group Inc  2817.22          Health Care 2025-06-11 310.56  2025-06-12 318.5  2.56 
GILD        Gilead Sciences Inc  1359.61        Biotechnology  2025-06-11 109.3 2025-06-12 112.05  2.52 
 PGR           Progressive Corp  1543.06            Insurance 2025-06-11 263.22 2025-06-12 268.42  1.98 
AMGN                  Amgen Inc  1569.08        Biotechnology 2025-06-11 291.81 2025-06-12 297.29  1.88 
 MRK             Merck & Co Inc  2016.86      Pharmaceuticals  2025-06-11 80.32  2025-06-12 81.82  1.87 
 PEP                PepsiCo Inc  1781.03            Beverages  2025-06-11 129.9  2025-06-12 132.3  1.85 
VRTX Vertex Pharmaceuticals Inc  1161.85        Biotechnology 2025-06-11 452.44 2025-06-12 460.06  1.68 
ANET        Arista Networks Inc  1183.20       Communications  2025-06-11 94.21  2025-06-12 95.77  1.66 
 APH              Amphenol Corp  1125.77 Electrical Equipment  2025-06-11 93.07   2025-06-12 94.6  1.64 
NVDA                NVIDIA Corp 34850.52       Semiconductors 2025-06-11 142.83  2025-06-12 145.0  1.52 
 PFE                 Pfizer Inc  1391.78      Pharmaceuticals  2025-06-11 24.48  2025-06-12 24.84  1.47 
 COP             ConocoPhillips  1178.46               Energy  2025-06-11 93.35  2025-06-12 94.69  1.44 
CSCO          Cisco Systems Inc  2541.92       Communications  2025-06-11 64.19   2025-06-12 65.1  1.42 
 ETN      Eaton Corporation PLC  1274.50 Electrical Equipment 2025-06-11 325.71 2025-06-12 330.34  1.42 
MSFT             Microsoft Corp 35127.69           Technology 2025-06-11 472.62 2025-06-12 478.87  1.32 
  CB                  Chubb Ltd  1144.51            Insurance 2025-06-11 285.61 2025-06-12 289.29  1.29 
AMAT      Applied Materials Inc  1386.64       Semiconductors 2025-06-11 172.79  2025-06-12 175.0  1.28 
AVGO               Broadcom Inc 11891.70       Semiconductors 2025-06-11 252.91 2025-06-12 256.07  1.25 
