
=== 涨幅榜前20名股票 ===
 股票代码                           公司名称                          市值(亿)                 板块                      昨天收盘             今天收盘       涨跌幅(%)
 RDUS                                    Radius Recycling Inc   3.85                  Metals & Mining 2025-03-13 13.66 2025-03-14 27.81 103.59
  BON                                    Bon Natural Life Ltd   0.03                        Chemicals  2025-03-13 0.74  2025-03-14 1.44  95.65
 QBTS                                      D-Wave Quantum Inc  28.86                       Technology  2025-03-13 6.91 2025-03-14 10.15  46.89
 AAOI                             Applied Optoelectronics Inc  11.26                   Communications 2025-03-13 15.87 2025-03-14 22.11  39.32
 PRPL                                   Purple Innovation Inc   0.95                Consumer products  2025-03-13 0.66   2025-03-14 0.9  35.53
 AKBA                                 Akebia Therapeutics Inc   4.73                    Biotechnology  2025-03-13 1.69  2025-03-14 2.26  33.73
 VCIG                                          VCI Global Ltd   0.24            Professional Services  2025-03-13 0.58  2025-03-14 0.76  30.24
 HCAI Huachen AI Parking Management Technology Holding Co Ltd   2.26                        Machinery  2025-03-13 6.45   2025-03-14 8.4  30.23
 BNZI                                Banzai International Inc   0.09                       Technology  2025-03-13 0.86  2025-03-14 1.12  29.78
 GRRR                            Gorilla Technology Group Inc   5.88                       Technology 2025-03-13 25.91 2025-03-14 33.59  29.64
 HFFG                                      Hf Foods Group Inc   1.16                           Retail   2025-03-13 1.7   2025-03-14 2.2  29.41
 QUBT                                   Quantum Computing Inc   9.16                       Technology  2025-03-13 5.49  2025-03-14 7.09  29.14
 AUMN                                      Golden Minerals Co   0.02                  Metals & Mining  2025-03-13 0.14  2025-03-14 0.18  28.57
 RGTI                                   Rigetti Computing Inc  30.10                   Semiconductors  2025-03-13 8.75 2025-03-14 11.22  28.23
 RBRK                                              Rubrik Inc 128.19                       Technology 2025-03-13 55.28 2025-03-14 70.64  27.79
AKTSQ                               Akoustis Technologies Inc   0.01             Electrical Equipment   2025-03-13 0.0   2025-03-14 0.0  25.00
 NVOS                            Novo Integrated Sciences Inc   0.01                      Health Care  2025-03-13 0.06  2025-03-14 0.07  24.82
 AIFF                                Firefly Neuroscience Inc   0.33                      Health Care  2025-03-13 3.46  2025-03-14 4.25  22.83
 PMNT                                      Perfect Moment Ltd   0.16 Textiles, Apparel & Luxury Goods  2025-03-13 0.92  2025-03-14 1.13  22.56
 BTMD                                              Biote Corp   2.01                  Pharmaceuticals  2025-03-13 3.07  2025-03-14 3.76  22.48

=== 市值超过20亿的涨幅榜前20名股票 ===
股票代码             公司名称            市值(亿)                板块                      昨天收盘              今天收盘       涨跌幅(%)
QBTS          D-Wave Quantum Inc  28.86                     Technology   2025-03-13 6.91  2025-03-14 10.15 46.89 
RGTI       Rigetti Computing Inc  30.10                 Semiconductors   2025-03-13 8.75  2025-03-14 11.22 28.23 
RBRK                  Rubrik Inc 128.19                     Technology  2025-03-13 55.28  2025-03-14 70.64 27.79 
SMTC                Semtech Corp  33.35                 Semiconductors  2025-03-13 32.71   2025-03-14 39.6 21.06 
IONQ                    IONQ Inc  53.75                     Technology  2025-03-13 21.37   2025-03-14 25.0 16.99 
PTON     Peloton Interactive Inc  26.31               Leisure Products   2025-03-13 6.07   2025-03-14 7.05 16.14 
SOUN           SoundHound AI Inc  39.63                     Technology   2025-03-13 8.91  2025-03-14 10.34 16.05 
OKLO                    Oklo Inc  33.11                      Utilities  2025-03-13 23.95  2025-03-14 27.72 15.74 
 SMR          Nuscale Power Corp  47.98           Electrical Equipment  2025-03-13 15.21  2025-03-14 17.51 15.12 
DOCU                DocuSign Inc 178.03                     Technology   2025-03-13 74.7  2025-03-14 85.76 14.81 
ULTA             Ulta Beauty Inc 164.16                         Retail 2025-03-13 314.47 2025-03-14 357.48 13.68 
ROOT                    Root Inc  22.69                      Insurance 2025-03-13 134.23 2025-03-14 151.73 13.04 
MSTR           Microstrategy Inc 751.02                     Technology 2025-03-13 263.26 2025-03-14 297.49 13.00 
 TEM               Tempus AI Inc  80.84 Life Sciences Tools & Services  2025-03-13 42.17  2025-03-14 47.17 11.87 
 CAR       Avis Budget Group Inc  20.93                    Road & Rail  2025-03-13 55.49  2025-03-14 61.95 11.64 
 AUR       Aurora Innovation Inc 121.13                     Technology   2025-03-13 6.26   2025-03-14 6.97 11.34 
  VG          Venture Global Inc 255.64                         Energy   2025-03-13 9.68  2025-03-14 10.71 10.64 
 RSI Rush Street Interactive Inc  23.99  Hotels, Restaurants & Leisure   2025-03-13 9.68   2025-03-14 10.7 10.54 
ALAB             Astera Labs Inc 115.71                 Semiconductors  2025-03-13 65.32  2025-03-14 72.18 10.50 
TGTX         TG Therapeutics Inc  62.08                  Biotechnology  2025-03-13 37.06  2025-03-14 40.84 10.20 

=== 市值超过50亿的涨幅榜前20名股票 ===
股票代码                公司名称                 市值(亿)                板块                      昨天收盘              今天收盘       涨跌幅(%)
RBRK                         Rubrik Inc  128.19                     Technology  2025-03-13 55.28  2025-03-14 70.64 27.79 
IONQ                           IONQ Inc   53.75                     Technology  2025-03-13 21.37   2025-03-14 25.0 16.99 
DOCU                       DocuSign Inc  178.03                     Technology   2025-03-13 74.7  2025-03-14 85.76 14.81 
ULTA                    Ulta Beauty Inc  164.16                         Retail 2025-03-13 314.47 2025-03-14 357.48 13.68 
MSTR                  Microstrategy Inc  751.02                     Technology 2025-03-13 263.26 2025-03-14 297.49 13.00 
 TEM                      Tempus AI Inc   80.84 Life Sciences Tools & Services  2025-03-13 42.17  2025-03-14 47.17 11.87 
 AUR              Aurora Innovation Inc  121.13                     Technology   2025-03-13 6.26   2025-03-14 6.97 11.34 
  VG                 Venture Global Inc  255.64                         Energy   2025-03-13 9.68  2025-03-14 10.71 10.64 
ALAB                    Astera Labs Inc  115.71                 Semiconductors  2025-03-13 65.32  2025-03-14 72.18 10.50 
TGTX                TG Therapeutics Inc   62.08                  Biotechnology  2025-03-13 37.06  2025-03-14 40.84 10.20 
NBIS                    Nebius Group NV   66.59                          Media  2025-03-13 26.17  2025-03-14 28.75  9.86 
CRDO Credo Technology Group Holding Ltd   82.44                 Semiconductors  2025-03-13 44.95  2025-03-14 49.15  9.34 
PATH                         UiPath Inc   57.85                     Technology   2025-03-13 9.97  2025-03-14 10.88  9.13 
  NU                    Nu Holdings Ltd  560.10                        Banking  2025-03-13 10.75  2025-03-14 11.73  9.12 
HOOD              Robinhood Markets Inc  346.50             Financial Services  2025-03-13 36.02  2025-03-14 39.24  8.94 
CVNA                         Carvana Co  381.18                         Retail 2025-03-13 166.67 2025-03-14 181.18  8.71 
PLTR          Palantir Technologies Inc 2025.01                     Technology  2025-03-13 79.62  2025-03-14 86.24  8.31 
SMCI           Super Micro Computer Inc  246.27                     Technology  2025-03-13 39.08  2025-03-14 42.17  7.91 
MDGL       Madrigal Pharmaceuticals Inc   74.31                  Biotechnology 2025-03-13 323.02 2025-03-14 348.35  7.84 
ASTS                AST SpaceMobile Inc   85.58              Telecommunication  2025-03-13 26.12  2025-03-14 28.15  7.77 

=== 市值超过100亿的涨幅榜前20名股票 ===
 股票代码            公司名称            市值(亿)           板块                昨天收盘              今天收盘       涨跌幅(%)
 RBRK                Rubrik Inc  128.19          Technology  2025-03-13 55.28  2025-03-14 70.64 27.79 
 DOCU              DocuSign Inc  178.03          Technology   2025-03-13 74.7  2025-03-14 85.76 14.81 
 ULTA           Ulta Beauty Inc  164.16              Retail 2025-03-13 314.47 2025-03-14 357.48 13.68 
 MSTR         Microstrategy Inc  751.02          Technology 2025-03-13 263.26 2025-03-14 297.49 13.00 
  AUR     Aurora Innovation Inc  121.13          Technology   2025-03-13 6.26   2025-03-14 6.97 11.34 
   VG        Venture Global Inc  255.64              Energy   2025-03-13 9.68  2025-03-14 10.71 10.64 
 ALAB           Astera Labs Inc  115.71      Semiconductors  2025-03-13 65.32  2025-03-14 72.18 10.50 
   NU           Nu Holdings Ltd  560.10             Banking  2025-03-13 10.75  2025-03-14 11.73  9.12 
 HOOD     Robinhood Markets Inc  346.50  Financial Services  2025-03-13 36.02  2025-03-14 39.24  8.94 
 CVNA                Carvana Co  381.18              Retail 2025-03-13 166.67 2025-03-14 181.18  8.71 
 PLTR Palantir Technologies Inc 2025.01          Technology  2025-03-13 79.62  2025-03-14 86.24  8.31 
 SMCI  Super Micro Computer Inc  246.27          Technology  2025-03-13 39.08  2025-03-14 42.17  7.91 
  APP             Applovin Corp 1006.59          Technology  2025-03-13 272.0 2025-03-14 292.89  7.68 
THLEF                 Thales SA  486.87 Aerospace & Defense  2025-03-13 255.7  2025-03-14 275.0  7.55 
 SPOT     Spotify Technology SA 1144.71               Media 2025-03-13 537.91 2025-03-14 574.79  6.86 
 AFRM       Affirm Holdings Inc  160.69  Financial Services   2025-03-13 46.9  2025-03-14 50.08  6.78 
  DAL       Delta Air Lines Inc  294.37            Airlines  2025-03-13 43.92  2025-03-14 46.75  6.44 
   MU     Micron Technology Inc 1123.75      Semiconductors  2025-03-13 94.88 2025-03-14 100.79  6.23 
 SOFI     SoFi Technologies Inc  132.41  Financial Services  2025-03-13 11.39  2025-03-14 12.09  6.15 
  XYZ                 Block Inc  356.10  Financial Services  2025-03-13 54.04  2025-03-14 57.22  5.88 

=== 市值超过200亿的涨幅榜前20名股票 ===
 股票代码              公司名称              市值(亿)            板块                 昨天收盘               今天收盘        涨跌幅(%)
 MSTR             Microstrategy Inc   751.02           Technology  2025-03-13 263.26  2025-03-14 297.49 13.00 
   VG            Venture Global Inc   255.64               Energy    2025-03-13 9.68   2025-03-14 10.71 10.64 
   NU               Nu Holdings Ltd   560.10              Banking   2025-03-13 10.75   2025-03-14 11.73  9.12 
 HOOD         Robinhood Markets Inc   346.50   Financial Services   2025-03-13 36.02   2025-03-14 39.24  8.94 
 CVNA                    Carvana Co   381.18               Retail  2025-03-13 166.67  2025-03-14 181.18  8.71 
 PLTR     Palantir Technologies Inc  2025.01           Technology   2025-03-13 79.62   2025-03-14 86.24  8.31 
 SMCI      Super Micro Computer Inc   246.27           Technology   2025-03-13 39.08   2025-03-14 42.17  7.91 
  APP                 Applovin Corp  1006.59           Technology   2025-03-13 272.0  2025-03-14 292.89  7.68 
THLEF                     Thales SA   486.87  Aerospace & Defense   2025-03-13 255.7   2025-03-14 275.0  7.55 
 SPOT         Spotify Technology SA  1144.71                Media  2025-03-13 537.91  2025-03-14 574.79  6.86 
  DAL           Delta Air Lines Inc   294.37             Airlines   2025-03-13 43.92   2025-03-14 46.75  6.44 
   MU         Micron Technology Inc  1123.75       Semiconductors   2025-03-13 94.88  2025-03-14 100.79  6.23 
  XYZ                     Block Inc   356.10   Financial Services   2025-03-13 54.04   2025-03-14 57.22  5.88 
  HPE Hewlett Packard Enterprise Co   202.82           Technology   2025-03-13 14.77   2025-03-14 15.62  5.75 
 RDDT                    Reddit Inc   235.33                Media  2025-03-13 121.53  2025-03-14 128.21  5.50 
  VST                   Vistra Corp   419.98            Utilities   2025-03-13 118.0  2025-03-14 124.46  5.47 
  UAL  United Airlines Holdings Inc   237.39             Airlines    2025-03-13 69.9   2025-03-14 73.67  5.39 
  TPL       Texas Pacific Land Corp   304.59               Energy 2025-03-13 1254.84 2025-03-14 1321.07  5.28 
 NVDA                   NVIDIA Corp 29699.68       Semiconductors  2025-03-13 115.58  2025-03-14 121.67  5.27 
  VRT            Vertiv Holdings Co   331.85 Electrical Equipment   2025-03-13 83.09   2025-03-14 87.45  5.25 

=== 市值超过1000亿的涨跌榜前20名股票 ===
 股票代码            公司名称            市值(亿)                 板块                      昨天收盘              今天收盘        涨跌幅(%)
 PLTR Palantir Technologies Inc  2025.01                     Technology  2025-03-13 79.62   2025-03-14 86.24  8.31 
  APP             Applovin Corp  1006.59                     Technology  2025-03-13 272.0  2025-03-14 292.89  7.68 
 SPOT     Spotify Technology SA  1144.71                          Media 2025-03-13 537.91  2025-03-14 574.79  6.86 
   MU     Micron Technology Inc  1123.75                 Semiconductors  2025-03-13 94.88  2025-03-14 100.79  6.23 
 NVDA               NVIDIA Corp 29699.68                 Semiconductors 2025-03-13 115.58  2025-03-14 121.67  5.27 
 SHOP               Shopify Inc  1226.84                     Technology  2025-03-13 90.59   2025-03-14 94.85  4.70 
 LRCX         Lam Research Corp  1010.63                 Semiconductors  2025-03-13 75.26   2025-03-14 78.69  4.56 
 ADBE                 Adobe Inc  1708.80                     Technology 2025-03-13 377.84  2025-03-14 394.74  4.47 
  KKR              KKR & Co Inc  1009.50             Financial Services 2025-03-13 108.69  2025-03-14 113.31  4.25 
 ANET       Arista Networks Inc  1061.23                 Communications  2025-03-13 80.14   2025-03-14 83.51  4.21 
 BKNG      Booking Holdings Inc  1460.03  Hotels, Restaurants & Leisure 2025-03-13 4295.4 2025-03-14 4465.48  3.96 
 TSLA                 Tesla Inc  8017.43                    Automobiles 2025-03-13 240.68  2025-03-14 249.98  3.86 
 AMAT     Applied Materials Inc  1264.32                 Semiconductors 2025-03-13 149.95  2025-03-14 155.66  3.81 
  AXP       American Express Co  1861.71             Financial Services 2025-03-13 256.43  2025-03-14 265.63  3.59 
ASMLF           ASML Holding NV  2490.38                 Semiconductors 2025-03-13 691.66  2025-03-14 715.92  3.51 
  ETN     Eaton Corporation PLC  1148.68           Electrical Equipment  2025-03-13 283.7  2025-03-14 293.61  3.49 
   MS            Morgan Stanley  1864.62             Financial Services 2025-03-13 111.68  2025-03-14 115.34  3.28 
  DHR              Danaher Corp  1494.32 Life Sciences Tools & Services 2025-03-13 204.09  2025-03-14 210.74  3.26 
  JPM       JPMorgan Chase & Co  6503.60                        Banking 2025-03-13 225.19  2025-03-14 232.44  3.22 
   BX            Blackstone Inc  1715.63             Financial Services 2025-03-13 136.53  2025-03-14 140.89  3.19 
