
=== 涨幅榜前20名股票 ===
 股票代码                公司名称                市值(亿)                板块                      昨天收盘             今天收盘       涨跌幅(%)
  SLE        Super League Enterprise Inc  0.04                            Media  2025-09-22 3.28  2025-09-23 8.51 159.45
  IBG      Innovation Beverage Group Ltd  0.03                        Beverages  2025-09-22 0.37  2025-09-23 0.76 105.12
 IPDN Professional Diversity Network Inc  0.07            Professional Services  2025-09-22 2.86  2025-09-23 4.76  66.43
 SSKN           Strata Skin Sciences Inc  0.09                      Health Care   2025-09-22 1.7  2025-09-23 2.59  52.35
 JZXN                 Jiuzi Holdings Inc  0.62                           Retail  2025-09-22 1.12  2025-09-23 1.62  44.64
 GLTO                        Galecto Inc  0.04                    Biotechnology   2025-09-22 3.0  2025-09-23 4.22  40.67
 BREA                 Brera Holdings PLC  0.33                            Media  2025-09-22 18.6 2025-09-23 25.12  35.05
NOVAQ   Sunnova Energy International Inc  0.00                        Utilities   2025-09-22 0.0   2025-09-23 0.0  33.33
 KPTI        Karyopharm Therapeutics Inc  0.51                    Biotechnology  2025-09-22 5.85  2025-09-23 7.48  27.86
 BCDA                      BioCardia Inc  0.06                    Biotechnology  2025-09-22 1.11  2025-09-23 1.41  27.03
 IXHL            Incannex Healthcare Inc  0.50                  Pharmaceuticals  2025-09-22 0.53  2025-09-23 0.67  26.74
 NXXT                        NextNRG Inc  2.12                           Energy  2025-09-22 1.69  2025-09-23 2.13  26.04
  REE                 REE Automotive Ltd  0.23                  Auto Components  2025-09-22 0.74  2025-09-23 0.92  24.43
  JXG            JX Luxventure Group Inc  0.10 Textiles, Apparel & Luxury Goods  2025-09-22 0.82  2025-09-23 1.01  23.17
 IFBD                    Infobird Co Ltd  0.09                       Technology  2025-09-22 1.12  2025-09-23 1.35  20.09
 ADGM        Adagio Medical Holdings Inc  0.26                      Health Care  2025-09-22 1.71  2025-09-23 2.03  18.71
 ARBB                        ARB IOT Ltd  0.18                       Technology 2025-09-22 10.19  2025-09-23 12.0  17.76
  ICU       SeaStar Medical Holding Corp  0.28                      Health Care   2025-09-22 1.0  2025-09-23 1.16  16.00
 TOMZ   TOMI Environmental Solutions Inc  0.19   Commercial Services & Supplies  2025-09-22 0.94  2025-09-23 1.09  15.96
 CREG                  Smart Powerr Corp  0.05   Commercial Services & Supplies  2025-09-22 1.69  2025-09-23 1.95  15.38

=== 市值超过20亿的涨幅榜前20名股票 ===
股票代码              公司名称             市值(亿)                板块                     昨天收盘              今天收盘       涨跌幅(%)
BBAI       BigBear.ai Holdings Inc  26.25                    Technology   2025-09-22 7.08   2025-09-23 7.99 12.85 
ASTS           AST SpaceMobile Inc 175.14             Telecommunication  2025-09-22 48.85   2025-09-23 54.8 12.18 
RGTI         Rigetti Computing Inc  91.97                Semiconductors  2025-09-22 28.37  2025-09-23 31.46 10.89 
CMBT                   CMB.TECH NV  22.75                        Energy   2025-09-22 9.27   2025-09-23 10.2 10.03 
ALVO                   Alvotech SA  24.17                 Biotechnology   2025-09-22 8.01    2025-09-23 8.7  8.61 
ONDS            Ondas Holdings Inc  23.30                Communications   2025-09-22 7.26   2025-09-23 7.88  8.54 
  PL               Planet Labs PBC  34.21         Professional Services  2025-09-22 11.11  2025-09-23 12.05  8.46 
 HAL                Halliburton Co 192.77                        Energy  2025-09-22 22.61  2025-09-23 24.27  7.34 
UUUU              Energy Fuels Inc  35.92                        Energy  2025-09-22 15.57  2025-09-23 16.67  7.06 
 CRK        Comstock Resources Inc  51.78                        Energy  2025-09-22 17.67  2025-09-23 18.82  6.51 
CRNX Crinetics Pharmaceuticals Inc  31.76               Pharmaceuticals  2025-09-22 33.72  2025-09-23 35.86  6.35 
ACMR              ACM Research Inc  23.54                Semiconductors  2025-09-22 36.68  2025-09-23 38.99  6.30 
INTR                Inter & Co Inc  39.57                       Banking    2025-09-22 9.0   2025-09-23 9.47  5.22 
ONTO           Onto Innovation Inc  63.76                Semiconductors 2025-09-22 130.12 2025-09-23 136.73  5.08 
PCOR      Procore Technologies Inc 105.75                    Technology  2025-09-22 70.41  2025-09-23 73.94  5.01 
 PRI                 Primerica Inc  88.20                     Insurance 2025-09-22 272.28 2025-09-23 285.58  4.88 
 CAH           Cardinal Health Inc 352.15                   Health Care 2025-09-22 147.47 2025-09-23 154.62  4.85 
 COR                   Cencora Inc 559.90                   Health Care 2025-09-22 288.79  2025-09-23 302.4  4.71 
 FUN  Six Flags Entertainment Corp  21.67 Hotels, Restaurants & Leisure   2025-09-22 21.4   2025-09-23 22.4  4.67 
 NOG      Northern Oil and Gas Inc  24.70                        Energy  2025-09-22 25.31  2025-09-23 26.48  4.62 

=== 市值超过50亿的涨幅榜前20名股票 ===
股票代码                    公司名称                   市值(亿)                 板块                       昨天收盘              今天收盘       涨跌幅(%)
ASTS                       AST SpaceMobile Inc 175.14                Telecommunication  2025-09-22 48.85   2025-09-23 54.8 12.18 
RGTI                     Rigetti Computing Inc  91.97                   Semiconductors  2025-09-22 28.37  2025-09-23 31.46 10.89 
 HAL                            Halliburton Co 192.77                           Energy  2025-09-22 22.61  2025-09-23 24.27  7.34 
 CRK                    Comstock Resources Inc  51.78                           Energy  2025-09-22 17.67  2025-09-23 18.82  6.51 
ONTO                       Onto Innovation Inc  63.76                   Semiconductors 2025-09-22 130.12 2025-09-23 136.73  5.08 
PCOR                  Procore Technologies Inc 105.75                       Technology  2025-09-22 70.41  2025-09-23 73.94  5.01 
 PRI                             Primerica Inc  88.20                        Insurance 2025-09-22 272.28 2025-09-23 285.58  4.88 
 CAH                       Cardinal Health Inc 352.15                      Health Care 2025-09-22 147.47 2025-09-23 154.62  4.85 
 COR                               Cencora Inc 559.90                      Health Care 2025-09-22 288.79  2025-09-23 302.4  4.71 
KNTK                      Kinetik Holdings Inc  70.55                           Energy  2025-09-22 43.57  2025-09-23 45.53  4.50 
 SRE                                    Sempra 537.44                        Utilities  2025-09-22 82.37  2025-09-23 86.05  4.47 
SOUN                         SoundHound AI Inc  70.57                       Technology  2025-09-22 17.31  2025-09-23 18.05  4.27 
TTMI                      TTM Technologies Inc  56.04             Electrical Equipment  2025-09-22 54.24  2025-09-23 56.54  4.24 
CORT                  Corcept Therapeutics Inc  84.30                  Pharmaceuticals   2025-09-22 80.0  2025-09-23 83.32  4.15 
KTOS Kratos Defense and Security Solutions Inc 136.25              Aerospace & Defense  2025-09-22 80.72   2025-09-23 83.9  3.94 
 FRO                             Frontline Plc  51.45                           Energy  2025-09-22 23.11  2025-09-23 24.02  3.94 
AVAV                         AeroVironment Inc 143.84              Aerospace & Defense 2025-09-22 288.08 2025-09-23 298.61  3.66 
 VFC                                   VF Corp  55.98 Textiles, Apparel & Luxury Goods  2025-09-22 14.33  2025-09-23 14.83  3.49 
SNDK                              Sandisk Corp 150.06                       Technology 2025-09-22 102.92  2025-09-23 106.4  3.38 
TIGO        Millicom International Cellular SA  81.26                Telecommunication  2025-09-22 48.65  2025-09-23 50.28  3.35 

=== 市值超过100亿的涨幅榜前20名股票 ===
 股票代码                    公司名称                    市值(亿)                 板块                       昨天收盘              今天收盘       涨跌幅(%)
 ASTS                       AST SpaceMobile Inc  175.14                Telecommunication  2025-09-22 48.85   2025-09-23 54.8 12.18 
  HAL                            Halliburton Co  192.77                           Energy  2025-09-22 22.61  2025-09-23 24.27  7.34 
 PCOR                  Procore Technologies Inc  105.75                       Technology  2025-09-22 70.41  2025-09-23 73.94  5.01 
  CAH                       Cardinal Health Inc  352.15                      Health Care 2025-09-22 147.47 2025-09-23 154.62  4.85 
  COR                               Cencora Inc  559.90                      Health Care 2025-09-22 288.79  2025-09-23 302.4  4.71 
  SRE                                    Sempra  537.44                        Utilities  2025-09-22 82.37  2025-09-23 86.05  4.47 
 KTOS Kratos Defense and Security Solutions Inc  136.25              Aerospace & Defense  2025-09-22 80.72   2025-09-23 83.9  3.94 
 AVAV                         AeroVironment Inc  143.84              Aerospace & Defense 2025-09-22 288.08 2025-09-23 298.61  3.66 
 SNDK                              Sandisk Corp  150.06                       Technology 2025-09-22 102.92  2025-09-23 106.4  3.38 
LVMHF       LVMH Moet Hennessy Louis Vuitton SE 2550.67 Textiles, Apparel & Luxury Goods 2025-09-22 597.32  2025-09-23 616.0  3.13 
 TRGP                      Targa Resources Corp  355.54                           Energy 2025-09-22 165.22 2025-09-23 170.14  2.98 
  FTI                            TechnipFMC PLC  159.39                           Energy  2025-09-22 38.78  2025-09-23 39.83  2.71 
 UHAL                         U-Haul Holding Co  100.18                      Road & Rail  2025-09-22 56.26  2025-09-23 57.68  2.52 
  EXE                        Expand Energy Corp  234.00                           Energy  2025-09-22 98.26 2025-09-23 100.72  2.50 
   VG                        Venture Global Inc  345.25                           Energy  2025-09-22 14.22  2025-09-23 14.57  2.46 
 FRHC                      Freedom Holding Corp  102.52               Financial Services 2025-09-22 167.45  2025-09-23 171.4  2.36 
   AR                     Antero Resources Corp  100.65                           Energy  2025-09-22 32.58  2025-09-23 33.34  2.33 
    D                       Dominion Energy Inc  510.52                        Utilities  2025-09-22 59.82  2025-09-23 61.12  2.17 
  ATO                         Atmos Energy Corp  261.59                        Utilities 2025-09-22 162.96 2025-09-23 166.34  2.07 
   MP                         MP Materials Corp  129.67                  Metals & Mining  2025-09-22 73.22   2025-09-23 74.7  2.02 

=== 市值超过200亿的涨幅榜前20名股票 ===
 股票代码                 公司名称                 市值(亿)                 板块                       昨天收盘              今天收盘       涨跌幅(%)
  CAH                 Cardinal Health Inc  352.15                      Health Care 2025-09-22 147.47 2025-09-23 154.62  4.85 
  COR                         Cencora Inc  559.90                      Health Care 2025-09-22 288.79  2025-09-23 302.4  4.71 
  SRE                              Sempra  537.44                        Utilities  2025-09-22 82.37  2025-09-23 86.05  4.47 
LVMHF LVMH Moet Hennessy Louis Vuitton SE 2550.67 Textiles, Apparel & Luxury Goods 2025-09-22 597.32  2025-09-23 616.0  3.13 
 TRGP                Targa Resources Corp  355.54                           Energy 2025-09-22 165.22 2025-09-23 170.14  2.98 
  EXE                  Expand Energy Corp  234.00                           Energy  2025-09-22 98.26 2025-09-23 100.72  2.50 
   VG                  Venture Global Inc  345.25                           Energy  2025-09-22 14.22  2025-09-23 14.57  2.46 
    D                 Dominion Energy Inc  510.52                        Utilities  2025-09-22 59.82  2025-09-23 61.12  2.17 
  ATO                   Atmos Energy Corp  261.59                        Utilities 2025-09-22 162.96 2025-09-23 166.34  2.07 
 INTC                          Intel Corp 1343.17                   Semiconductors  2025-09-22 28.76  2025-09-23 29.34  2.02 
   ED             Consolidated Edison Inc  348.46                        Utilities  2025-09-22 96.62  2025-09-23 98.55  2.00 
  EIX                Edison International  208.81                        Utilities  2025-09-22 54.26  2025-09-23 55.34  1.99 
 IBKR       Interactive Brokers Group Inc 1091.62               Financial Services  2025-09-22 64.22  2025-09-23 65.49  1.98 
  TPR                        Tapestry Inc  237.01 Textiles, Apparel & Luxury Goods 2025-09-22 113.88 2025-09-23 116.14  1.98 
  EQT                            EQT Corp  311.84                           Energy  2025-09-22 49.97  2025-09-23 50.95  1.96 
  MPC             Marathon Petroleum Corp  569.28                           Energy 2025-09-22 187.25 2025-09-23 190.87  1.93 
  UNH              UnitedHealth Group Inc 3091.06                      Health Care  2025-09-22 341.3 2025-09-23 347.69  1.87 
  ELV                 Elevance Health Inc  715.82                      Health Care 2025-09-22 317.89 2025-09-23 323.73  1.84 
  AEE                         Ameren Corp  267.95                        Utilities  2025-09-22 99.09 2025-09-23 100.91  1.84 
  CVS                     CVS Health Corp  952.89                      Health Care  2025-09-22 75.13   2025-09-23 76.5  1.82 

=== 市值超过1000亿的涨跌榜前20名股票 ===
 股票代码                 公司名称                 市值(亿)                 板块                       昨天收盘              今天收盘       涨跌幅(%)
LVMHF LVMH Moet Hennessy Louis Vuitton SE 2550.67 Textiles, Apparel & Luxury Goods 2025-09-22 597.32  2025-09-23 616.0  3.13 
 INTC                          Intel Corp 1343.17                   Semiconductors  2025-09-22 28.76  2025-09-23 29.34  2.02 
 IBKR       Interactive Brokers Group Inc 1091.62               Financial Services  2025-09-22 64.22  2025-09-23 65.49  1.98 
  UNH              UnitedHealth Group Inc 3091.06                      Health Care  2025-09-22 341.3 2025-09-23 347.69  1.87 
 PLTR           Palantir Technologies Inc 4254.33                       Technology 2025-09-22 179.33 2025-09-23 182.55  1.80 
  XOM                    Exxon Mobil Corp 4780.81                           Energy 2025-09-22 112.02 2025-09-23 113.95  1.72 
   MO                    Altria Group Inc 1071.60                          Tobacco  2025-09-22 63.79  2025-09-23 64.87  1.69 
  COP                      ConocoPhillips 1149.15                           Energy  2025-09-22 92.01  2025-09-23 93.47  1.59 
   GE                 General Electric Co 3192.13              Aerospace & Defense 2025-09-22 301.02 2025-09-23 305.63  1.53 
  TXN               Texas Instruments Inc 1632.99                   Semiconductors 2025-09-22 179.62 2025-09-23 182.04  1.35 
  APP                       Applovin Corp 2176.64                       Technology  2025-09-22 643.5 2025-09-23 651.18  1.19 
 DASH                        DoorDash Inc 1122.45    Hotels, Restaurants & Leisure 2025-09-22 262.75 2025-09-23 265.75  1.14 
   PM     Philip Morris International Inc 2521.36                          Tobacco 2025-09-22 161.98 2025-09-23 163.77  1.11 
   CB                           Chubb Ltd 1088.42                        Insurance  2025-09-22 273.0  2025-09-23 275.9  1.06 
 HOOD               Robinhood Markets Inc 1109.87               Financial Services 2025-09-22 124.89  2025-09-23 126.2  1.05 
  UNP                  Union Pacific Corp 1339.38                      Road & Rail 2025-09-22 225.85 2025-09-23 227.98  0.94 
  CVX                        Chevron Corp 3194.96                           Energy 2025-09-22 156.05 2025-09-23 157.42  0.88 
 TMUS                     T-Mobile US Inc 2672.19                Telecommunication 2025-09-22 237.44 2025-09-23 239.49  0.86 
   KO                        Coca-Cola Co 2849.46                        Beverages  2025-09-22 66.21  2025-09-23 66.71  0.76 
 ISRG              Intuitive Surgical Inc 1593.61                      Health Care 2025-09-22 444.55 2025-09-23 447.75  0.72 
