
=== 涨幅榜前20名股票 ===
股票代码                   公司名称                  市值(亿)          板块                昨天收盘             今天收盘       涨跌幅(%)
 AZI Autozi Internet Technology (Global) Ltd  0.12               Retail  2026-03-06 0.26  2026-03-09 0.65 146.21
ANTX                    AN2 Therapeutics Inc  0.78      Pharmaceuticals  2026-03-06 2.85  2026-03-09 5.25  84.21
DTCK                   Davis Commodities Ltd  0.01               Retail  2026-03-06 1.42  2026-03-09 2.49  75.85
RBOT                  Vicarious Surgical Inc  0.02          Health Care  2026-03-06 0.27  2026-03-09 0.44  62.96
RLMD                Relmada Therapeutics Inc  3.26      Pharmaceuticals  2026-03-06 4.45  2026-03-09 7.17  61.12
XENE               Xenon Pharmaceuticals Inc 35.96        Biotechnology 2026-03-06 41.94 2026-03-09 62.76  49.64
CAMP                 CAMP4 Therapeutics Corp  2.18        Biotechnology   2026-03-06 4.2  2026-03-09 6.28  49.40
SAFX                          XCF Global Inc  0.51               Energy  2026-03-06 0.22  2026-03-09 0.32  46.33
ACXP               Acurx Pharmaceuticals Inc  0.03        Biotechnology  2026-03-06 1.35  2026-03-09 1.96  44.81
HIMS                  Hims & Hers Health Inc 35.88          Health Care 2026-03-06 15.74 2026-03-09 22.16  40.79
 GCL                 GCL Global Holdings Ltd  0.63                Media  2026-03-06 0.51  2026-03-09 0.71  38.40
NERV               Minerva Neurosciences Inc  2.60        Biotechnology  2026-03-06 6.01   2026-03-09 8.0  33.11
OLOX                   Olenox Industries Inc  0.12         Construction  2026-03-06 1.23  2026-03-09 1.63  32.52
RNAC              Cartesian Therapeutics Inc  1.78        Biotechnology  2026-03-06 6.85  2026-03-09 9.02  31.68
RAYA         Erayak Power Solution Group Inc  0.01 Electrical Equipment  2026-03-06 0.77  2026-03-09 1.01  31.17
PIII                  P3 Health Partners Inc  0.16          Health Care  2026-03-06 2.23  2026-03-09 2.88  29.37
ATRA               Atara Biotherapeutics Inc  0.37        Biotechnology  2026-03-06 5.17  2026-03-09 6.68  29.21
PLYX                Polaryx Therapeutics Inc  1.30      Pharmaceuticals  2026-03-06 2.74  2026-03-09 3.52  28.47
 DDD                         3D Systems Corp  2.52            Machinery  2026-03-06 1.96  2026-03-09 2.51  28.06
EPSM                   Epsium Enterprise Ltd  0.23         Distributors  2026-03-06 1.74   2026-03-09 2.2  26.44

=== 市值超过20亿的涨幅榜前20名股票 ===
股票代码                公司名称               市值(亿)           板块                 昨天收盘              今天收盘       涨跌幅(%)
XENE         Xenon Pharmaceuticals Inc  35.96        Biotechnology  2026-03-06 41.94  2026-03-09 62.76 49.64 
HIMS            Hims & Hers Health Inc  35.88          Health Care  2026-03-06 15.74  2026-03-09 22.16 40.79 
DNTH         Dianthus Therapeutics Inc  28.18        Biotechnology   2026-03-06 65.2  2026-03-09 79.23 21.52 
 DYN             Dyne Therapeutics Inc  24.52        Biotechnology  2026-03-06 14.86  2026-03-09 17.69 19.04 
AAOI       Applied Optoelectronics Inc  71.88       Communications  2026-03-06 95.58 2026-03-09 110.62 15.74 
LITE             Lumentum Holdings Inc 398.73       Communications 2026-03-06 558.44 2026-03-09 640.69 14.73 
 AGX                         Argan Inc  57.46         Construction  2026-03-06 414.2 2026-03-09 466.38 12.60 
ADEA                         Adeia Inc  21.67           Technology  2026-03-06 19.87  2026-03-09 22.31 12.28 
BETA             BETA Technologies Inc  44.13  Aerospace & Defense  2026-03-06 19.27  2026-03-09 21.57 11.94 
  BE                 Bloom Energy Corp 379.27 Electrical Equipment 2026-03-06 135.19 2026-03-09 151.32 11.93 
SNDK                      Sandisk Corp 778.34           Technology 2026-03-06 527.33 2026-03-09 588.73 11.64 
 RGC Regencell Bioscience Holdings Ltd 115.46      Pharmaceuticals  2026-03-06 23.35   2026-03-09 25.9 10.92 
UTHR          United Therapeutics Corp 220.85        Biotechnology 2026-03-06 478.16 2026-03-09 529.17 10.67 
 XXI            Twenty One Capital Inc  37.39   Financial Services   2026-03-06 6.12   2026-03-09 6.77 10.62 
LNTH             Lantheus Holdings Inc  46.88          Health Care  2026-03-06 72.56  2026-03-09 80.01 10.27 
TTMI              TTM Technologies Inc  90.90 Electrical Equipment  2026-03-06 87.91   2026-03-09 96.8 10.11 
CRCL         Circle Internet Group Inc 239.75           Technology 2026-03-06 101.91 2026-03-09 111.84  9.74 
 TMC        TMC the metals company Inc  23.69      Metals & Mining   2026-03-06 5.73   2026-03-09 6.27  9.42 
 VRT                Vertiv Holdings Co 975.21 Electrical Equipment 2026-03-06 241.78 2026-03-09 264.35  9.33 
INFQ                    Infleqtion Inc  23.10           Technology  2026-03-06 10.67  2026-03-09 11.66  9.28 

=== 市值超过50亿的涨幅榜前20名股票 ===
股票代码                公司名称               市值(亿)           板块                 昨天收盘               今天收盘       涨跌幅(%)
AAOI       Applied Optoelectronics Inc  71.88       Communications   2026-03-06 95.58 2026-03-09 110.62 15.74 
LITE             Lumentum Holdings Inc 398.73       Communications  2026-03-06 558.44 2026-03-09 640.69 14.73 
 AGX                         Argan Inc  57.46         Construction   2026-03-06 414.2 2026-03-09 466.38 12.60 
  BE                 Bloom Energy Corp 379.27 Electrical Equipment  2026-03-06 135.19 2026-03-09 151.32 11.93 
SNDK                      Sandisk Corp 778.34           Technology  2026-03-06 527.33 2026-03-09 588.73 11.64 
 RGC Regencell Bioscience Holdings Ltd 115.46      Pharmaceuticals   2026-03-06 23.35   2026-03-09 25.9 10.92 
UTHR          United Therapeutics Corp 220.85        Biotechnology  2026-03-06 478.16 2026-03-09 529.17 10.67 
TTMI              TTM Technologies Inc  90.90 Electrical Equipment   2026-03-06 87.91   2026-03-09 96.8 10.11 
CRCL         Circle Internet Group Inc 239.75           Technology  2026-03-06 101.91 2026-03-09 111.84  9.74 
 VRT                Vertiv Holdings Co 975.21 Electrical Equipment  2026-03-06 241.78 2026-03-09 264.35  9.33 
 FPS      Forgent Power Solutions, Inc  96.35 Electrical Equipment   2026-03-06 31.65  2026-03-09 34.48  8.94 
PTCT              PTC Therapeutics Inc  52.00        Biotechnology   2026-03-06 62.82   2026-03-09 68.4  8.88 
SITM                       SiTime Corp  86.09       Semiconductors  2026-03-06 327.35 2026-03-09 356.34  8.86 
 TER                      Teradyne Inc 427.48       Semiconductors  2026-03-06 273.05 2026-03-09 296.44  8.57 
CIEN                        Ciena Corp 450.41       Communications  2026-03-06 294.17 2026-03-09 318.54  8.28 
  FN                          Fabrinet 175.33 Electrical Equipment  2026-03-06 489.38 2026-03-09 527.53  7.80 
APLD              Applied Digital Corp  70.29           Technology   2026-03-06 25.14  2026-03-09 27.03  7.52 
 MOD           Modine Manufacturing Co  98.76             Building  2026-03-06 187.29 2026-03-09 201.07  7.36 
 FIX           Comfort Systems USA Inc 449.91         Construction 2026-03-06 1279.06 2026-03-09 1372.4  7.30 
FIGR   Figure Technology Solutions Inc  65.72   Financial Services   2026-03-06 30.48  2026-03-09 32.64  7.09 

=== 市值超过100亿的涨幅榜前20名股票 ===
股票代码                    公司名称                    市值(亿)           板块                 昨天收盘               今天收盘       涨跌幅(%)
LITE                     Lumentum Holdings Inc  398.73       Communications  2026-03-06 558.44 2026-03-09 640.69 14.73 
  BE                         Bloom Energy Corp  379.27 Electrical Equipment  2026-03-06 135.19 2026-03-09 151.32 11.93 
SNDK                              Sandisk Corp  778.34           Technology  2026-03-06 527.33 2026-03-09 588.73 11.64 
 RGC         Regencell Bioscience Holdings Ltd  115.46      Pharmaceuticals   2026-03-06 23.35   2026-03-09 25.9 10.92 
UTHR                  United Therapeutics Corp  220.85        Biotechnology  2026-03-06 478.16 2026-03-09 529.17 10.67 
CRCL                 Circle Internet Group Inc  239.75           Technology  2026-03-06 101.91 2026-03-09 111.84  9.74 
 VRT                        Vertiv Holdings Co  975.21 Electrical Equipment  2026-03-06 241.78 2026-03-09 264.35  9.33 
 TER                              Teradyne Inc  427.48       Semiconductors  2026-03-06 273.05 2026-03-09 296.44  8.57 
CIEN                                Ciena Corp  450.41       Communications  2026-03-06 294.17 2026-03-09 318.54  8.28 
  FN                                  Fabrinet  175.33 Electrical Equipment  2026-03-06 489.38 2026-03-09 527.53  7.80 
 FIX                   Comfort Systems USA Inc  449.91         Construction 2026-03-06 1279.06 2026-03-09 1372.4  7.30 
COHR                             Coherent Corp  441.93 Electrical Equipment  2026-03-06 235.72 2026-03-09 252.32  7.04 
 NXT                             Nextpower Inc  150.60 Electrical Equipment  2026-03-06 101.43 2026-03-09 108.13  6.61 
KTOS Kratos Defense and Security Solutions Inc  162.48  Aerospace & Defense    2026-03-06 87.0  2026-03-09 92.47  6.29 
KLAC                                  KLA Corp 1762.39       Semiconductors 2026-03-06 1344.55 2026-03-09 1429.1  6.29 
NBIS                           Nebius Group NV  224.85           Technology   2026-03-06 89.33  2026-03-09 94.94  6.28 
 LYV             Live Nation Entertainment Inc  362.80                Media  2026-03-06 156.13  2026-03-09 165.8  6.19 
FTAI                         FTAI Aviation Ltd  267.05  Aerospace & Defense  2026-03-06 260.35 2026-03-09 276.34  6.14 
MRNA                               Moderna Inc  207.42        Biotechnology   2026-03-06 52.52  2026-03-09 55.74  6.13 
 STX           Seagate Technology Holdings PLC  769.36           Technology   2026-03-06 352.8 2026-03-09 374.33  6.10 

=== 市值超过200亿的涨幅榜前20名股票 ===
股票代码                公司名称                 市值(亿)                板块                     昨天收盘               今天收盘       涨跌幅(%)
LITE              Lumentum Holdings Inc  398.73                Communications  2026-03-06 558.44 2026-03-09 640.69 14.73 
  BE                  Bloom Energy Corp  379.27          Electrical Equipment  2026-03-06 135.19 2026-03-09 151.32 11.93 
SNDK                       Sandisk Corp  778.34                    Technology  2026-03-06 527.33 2026-03-09 588.73 11.64 
UTHR           United Therapeutics Corp  220.85                 Biotechnology  2026-03-06 478.16 2026-03-09 529.17 10.67 
CRCL          Circle Internet Group Inc  239.75                    Technology  2026-03-06 101.91 2026-03-09 111.84  9.74 
 VRT                 Vertiv Holdings Co  975.21          Electrical Equipment  2026-03-06 241.78 2026-03-09 264.35  9.33 
 TER                       Teradyne Inc  427.48                Semiconductors  2026-03-06 273.05 2026-03-09 296.44  8.57 
CIEN                         Ciena Corp  450.41                Communications  2026-03-06 294.17 2026-03-09 318.54  8.28 
 FIX            Comfort Systems USA Inc  449.91                  Construction 2026-03-06 1279.06 2026-03-09 1372.4  7.30 
COHR                      Coherent Corp  441.93          Electrical Equipment  2026-03-06 235.72 2026-03-09 252.32  7.04 
KLAC                           KLA Corp 1762.39                Semiconductors 2026-03-06 1344.55 2026-03-09 1429.1  6.29 
NBIS                    Nebius Group NV  224.85                    Technology   2026-03-06 89.33  2026-03-09 94.94  6.28 
 LYV      Live Nation Entertainment Inc  362.80                         Media  2026-03-06 156.13  2026-03-09 165.8  6.19 
FTAI                  FTAI Aviation Ltd  267.05           Aerospace & Defense  2026-03-06 260.35 2026-03-09 276.34  6.14 
MRNA                        Moderna Inc  207.42                 Biotechnology   2026-03-06 52.52  2026-03-09 55.74  6.13 
 STX    Seagate Technology Holdings PLC  769.36                    Technology   2026-03-06 352.8 2026-03-09 374.33  6.10 
LRCX                  Lam Research Corp 2489.18                Semiconductors  2026-03-06 199.33 2026-03-09 211.15  5.93 
 CCJ                        Cameco Corp  477.55                        Energy  2026-03-06 109.68 2026-03-09 116.14  5.89 
CRDO Credo Technology Group Holding Ltd  202.58                Semiconductors  2026-03-06 109.83 2026-03-09 115.98  5.60 
 VIK                Viking Holdings Ltd  346.10 Hotels, Restaurants & Leisure   2026-03-06 68.91  2026-03-09 72.61  5.37 

=== 市值超过1000亿的涨跌榜前20名股票 ===
 股票代码            公司名称             市值(亿)            板块                 昨天收盘               今天收盘       涨跌幅(%)
 KLAC                   KLA Corp  1762.39       Semiconductors 2026-03-06 1344.55 2026-03-09 1429.1  6.29 
 LRCX          Lam Research Corp  2489.18       Semiconductors  2026-03-06 199.33 2026-03-09 211.15  5.93 
  AMD Advanced Micro Devices Inc  3137.40       Semiconductors  2026-03-06 192.43 2026-03-09 202.68  5.33 
  GEV             GE Vernova Inc  2126.32 Electrical Equipment  2026-03-06 789.23  2026-03-09 830.1  5.18 
   MU      Micron Technology Inc  4167.76       Semiconductors   2026-03-06 370.3 2026-03-09 389.32  5.14 
 INTC                 Intel Corp  2168.83       Semiconductors   2026-03-06 43.42  2026-03-09 45.58  4.97 
 AVGO               Broadcom Inc 15668.96       Semiconductors  2026-03-06 330.48 2026-03-09 345.75  4.62 
 AMAT      Applied Materials Inc  2577.17       Semiconductors  2026-03-06 324.74 2026-03-09 338.94  4.37 
ASMLF            ASML Holding NV  4381.37       Semiconductors 2026-03-06 1296.81 2026-03-09 1350.3  4.12 
  CAT            Caterpillar Inc  3168.14            Machinery   2026-03-06 680.9 2026-03-09 704.82  3.51 
 ANET        Arista Networks Inc  1670.06       Communications  2026-03-06 132.89 2026-03-09 137.17  3.22 
  APH              Amphenol Corp  1620.97 Electrical Equipment  2026-03-06 131.87 2026-03-09 136.06  3.18 
 SCCO       Southern Copper Corp  1515.09      Metals & Mining  2026-03-06 184.97 2026-03-09 190.64  3.07 
  APP              Applovin Corp  1693.61           Technology  2026-03-06 502.14 2026-03-09 517.23  3.01 
  ABT        Abbott Laboratories  1903.81          Health Care  2026-03-06 109.56 2026-03-09 112.65  2.82 
 NVDA                NVIDIA Corp 43210.26       Semiconductors  2026-03-06 177.82 2026-03-09 182.65  2.72 
GOOGL               Alphabet Inc 36113.58                Media  2026-03-06 298.52 2026-03-09 306.36  2.63 
 GOOG               Alphabet Inc 36113.58                Media   2026-03-06 298.3 2026-03-09 306.01  2.58 
 SHOP                Shopify Inc  1740.99           Technology   2026-03-06 130.2  2026-03-09 133.5  2.53 
  MCK              McKesson Corp  1125.98          Health Care  2026-03-06 919.26 2026-03-09 942.16  2.49 
