
=== 涨幅榜前20名股票 ===
股票代码             公司名称             市值(亿)           板块                昨天收盘             今天收盘       涨跌幅(%)
 IBO        Impact Biomedical Inc  0.04       Pharmaceuticals  2025-06-20 0.36  2025-06-23 1.61 344.75
CDTX      Cidara Therapeutics Inc  2.73         Biotechnology 2025-06-20 21.02 2025-06-23 44.95 113.84
INDP    Indaptus Therapeutics Inc  0.04         Biotechnology  2025-06-20 0.27   2025-06-23 0.5  85.19
GEOS   Geospace Technologies Corp  1.47                Energy 2025-06-20 11.49  2025-06-23 18.4  60.14
  OP                 Oceanpal Inc  0.11                Marine  2025-06-20 1.44   2025-06-23 2.2  52.78
SPTN               SpartanNash Co  5.97                Retail 2025-06-20 17.64 2025-06-23 26.57  50.62
EFOI             Energy Focus Inc  0.09  Electrical Equipment  2025-06-20 1.66  2025-06-23 2.25  35.54
XTKG           X3 Holdings Co Ltd  0.59            Technology  2025-06-20 1.64   2025-06-23 2.2  34.15
SKYE          Skye Bioscience Inc  0.67         Biotechnology  2025-06-20 2.16  2025-06-23 2.87  32.87
MIND          Mind Technology Inc  0.53                Energy  2025-06-20 6.59  2025-06-23 8.64  31.11
EYEN                 Eyenovia Inc  0.12       Pharmaceuticals  2025-06-20 4.21  2025-06-23 5.48  30.17
 MFI     mF International Limited  0.52    Financial Services   2025-06-20 3.9  2025-06-23 5.04  29.23
VCIG               VCI Global Ltd  0.06 Professional Services   2025-06-20 2.2  2025-06-23 2.79  26.82
LINK    Interlink Electronics Inc  0.44  Electrical Equipment  2025-06-20 4.49  2025-06-23 5.65  25.84
HUSA Houston American Energy Corp  0.26                Energy  2025-06-20 14.8 2025-06-23 18.54  25.27
CRMD                 CorMedix Inc  9.23       Pharmaceuticals 2025-06-20 13.61 2025-06-23 16.56  21.68
 VOR            Vor Biopharma Inc  0.30         Biotechnology  2025-06-20 0.24  2025-06-23 0.29  20.83
CGBS       Crown LNG Holdings Ltd  0.45                Energy  2025-06-20 0.09  2025-06-23 0.11  20.65
SKIN             Beauty Health Co  2.03     Consumer products  2025-06-20 1.61  2025-06-23 1.93  19.88
AARD    Aardvark Therapeutics Inc  2.41       Pharmaceuticals 2025-06-20 11.13 2025-06-23 13.33  19.77

=== 市值超过20亿的涨幅榜前20名股票 ===
股票代码                 公司名称                 市值(亿)            板块                昨天收盘              今天收盘       涨跌幅(%)
ZETA           Zeta Global Holdings Corp    33.40          Technology  2025-06-20 14.18  2025-06-23 16.81 18.55 
MBLY                 Mobileye Global Inc   119.53     Auto Components  2025-06-20 14.72  2025-06-23 16.42 11.55 
 CAR               Avis Budget Group Inc    47.31         Road & Rail 2025-06-20 134.44  2025-06-23 147.0  9.34 
MANU               Manchester United PLC    29.64               Media  2025-06-20 17.37  2025-06-23 18.99  9.33 
ASTS                 AST SpaceMobile Inc   150.77   Telecommunication  2025-06-20 45.94   2025-06-23 50.2  9.27 
RKLB                  Rocket Lab USA Inc   138.61 Aerospace & Defense  2025-06-20 30.04  2025-06-23 32.78  9.12 
TSLA                           Tesla Inc 10362.33         Automobiles 2025-06-20 322.16 2025-06-23 348.68  8.23 
NTRS                 Northern Trust Corp   217.59  Financial Services 2025-06-20 111.85 2025-06-23 120.81  8.01 
 DFH             Dream Finders Homes Inc    20.90   Consumer products  2025-06-20 22.34  2025-06-23 24.05  7.65 
LUMN              Lumen Technologies Inc    40.42   Telecommunication   2025-06-20 3.94   2025-06-23 4.24  7.61 
EXEL                        Exelixis Inc   110.09       Biotechnology  2025-06-20 40.37  2025-06-23 43.37  7.43 
ANET                 Arista Networks Inc  1083.23      Communications  2025-06-20 86.25  2025-06-23 91.95  6.61 
OLLI Ollie's Bargain Outlet Holdings Inc    74.73              Retail 2025-06-20 121.82 2025-06-23 129.21  6.07 
NMRK                   Newmark Group Inc    20.60         Real Estate  2025-06-20 11.16  2025-06-23 11.77  5.47 
 IBP     Installed Building Products Inc    47.04   Consumer products 2025-06-20 170.35 2025-06-23 179.59  5.42 
SAIA                            Saia Inc    68.29         Road & Rail  2025-06-20 256.4  2025-06-23 270.0  5.30 
  MC                         Moelis & Co    45.66  Financial Services  2025-06-20 56.57  2025-06-23 59.53  5.23 
 AAP              Advance Auto Parts Inc    29.62              Retail  2025-06-20 49.42  2025-06-23 51.93  5.08 
 EVR                        Evercore Inc    94.54  Financial Services 2025-06-20 244.54 2025-06-23 256.88  5.05 
BLKB                       Blackbaud Inc    29.84          Technology   2025-06-20 61.5  2025-06-23 64.55  4.96 

=== 市值超过50亿的涨幅榜前20名股票 ===
股票代码                 公司名称                 市值(亿)                 板块                     昨天收盘              今天收盘       涨跌幅(%)
MBLY                 Mobileye Global Inc   119.53               Auto Components  2025-06-20 14.72  2025-06-23 16.42 11.55 
ASTS                 AST SpaceMobile Inc   150.77             Telecommunication  2025-06-20 45.94   2025-06-23 50.2  9.27 
RKLB                  Rocket Lab USA Inc   138.61           Aerospace & Defense  2025-06-20 30.04  2025-06-23 32.78  9.12 
TSLA                           Tesla Inc 10362.33                   Automobiles 2025-06-20 322.16 2025-06-23 348.68  8.23 
NTRS                 Northern Trust Corp   217.59            Financial Services 2025-06-20 111.85 2025-06-23 120.81  8.01 
EXEL                        Exelixis Inc   110.09                 Biotechnology  2025-06-20 40.37  2025-06-23 43.37  7.43 
ANET                 Arista Networks Inc  1083.23                Communications  2025-06-20 86.25  2025-06-23 91.95  6.61 
OLLI Ollie's Bargain Outlet Holdings Inc    74.73                        Retail 2025-06-20 121.82 2025-06-23 129.21  6.07 
SAIA                            Saia Inc    68.29                   Road & Rail  2025-06-20 256.4  2025-06-23 270.0  5.30 
 EVR                        Evercore Inc    94.54            Financial Services 2025-06-20 244.54 2025-06-23 256.88  5.05 
RBRK                          Rubrik Inc   165.47                    Technology  2025-06-20 85.51  2025-06-23 89.71  4.91 
  UI                        Ubiquiti Inc   224.16                Communications 2025-06-20 370.57 2025-06-23 388.74  4.90 
GNRC                Generac Holdings Inc    75.23          Electrical Equipment 2025-06-20 127.34 2025-06-23 133.53  4.86 
  EL          Estee Lauder Companies Inc   270.50             Consumer products  2025-06-20 75.19  2025-06-23 78.83  4.84 
 MLI              Mueller Industries Inc    81.33                     Machinery   2025-06-20 73.5  2025-06-23 76.98  4.73 
MUSA                      Murphy USA Inc    80.28                        Retail 2025-06-20 406.25 2025-06-23 425.21  4.67 
ROAD           Construction Partners Inc    57.34                  Construction 2025-06-20 102.34  2025-06-23 107.1  4.65 
DASH                        DoorDash Inc   934.19 Hotels, Restaurants & Leisure 2025-06-20 220.46 2025-06-23 230.32  4.47 
 FMC                            FMC Corp    51.30                     Chemicals  2025-06-20 41.07  2025-06-23 42.89  4.43 
 SFM          Sprouts Farmers Market Inc   162.41                        Retail 2025-06-20 165.96 2025-06-23 173.29  4.42 

=== 市值超过100亿的涨幅榜前20名股票 ===
股票代码               公司名称                市值(亿)                 板块                     昨天收盘               今天收盘        涨跌幅(%)
MBLY              Mobileye Global Inc   119.53               Auto Components   2025-06-20 14.72   2025-06-23 16.42 11.55 
ASTS              AST SpaceMobile Inc   150.77             Telecommunication   2025-06-20 45.94    2025-06-23 50.2  9.27 
RKLB               Rocket Lab USA Inc   138.61           Aerospace & Defense   2025-06-20 30.04   2025-06-23 32.78  9.12 
TSLA                        Tesla Inc 10362.33                   Automobiles  2025-06-20 322.16  2025-06-23 348.68  8.23 
NTRS              Northern Trust Corp   217.59            Financial Services  2025-06-20 111.85  2025-06-23 120.81  8.01 
EXEL                     Exelixis Inc   110.09                 Biotechnology   2025-06-20 40.37   2025-06-23 43.37  7.43 
ANET              Arista Networks Inc  1083.23                Communications   2025-06-20 86.25   2025-06-23 91.95  6.61 
RBRK                       Rubrik Inc   165.47                    Technology   2025-06-20 85.51   2025-06-23 89.71  4.91 
  UI                     Ubiquiti Inc   224.16                Communications  2025-06-20 370.57  2025-06-23 388.74  4.90 
  EL       Estee Lauder Companies Inc   270.50             Consumer products   2025-06-20 75.19   2025-06-23 78.83  4.84 
DASH                     DoorDash Inc   934.19 Hotels, Restaurants & Leisure  2025-06-20 220.46  2025-06-23 230.32  4.47 
 SFM       Sprouts Farmers Market Inc   162.41                        Retail  2025-06-20 165.96  2025-06-23 173.29  4.42 
  FI                       Fiserv Inc   905.83            Financial Services  2025-06-20 163.38  2025-06-23 170.54  4.38 
FICO                  Fair Isaac Corp   439.32                    Technology 2025-06-20 1804.82 2025-06-23 1881.25  4.23 
  BJ BJ's Wholesale Club Holdings Inc   145.76                        Retail  2025-06-20 110.38  2025-06-23 114.81  4.01 
 TOL                Toll Brothers Inc   106.34             Consumer products  2025-06-20 108.31  2025-06-23 112.48  3.85 
 XPO                          XPO Inc   141.19                   Road & Rail  2025-06-20 119.85  2025-06-23 124.43  3.82 
 JLL           Jones Lang LaSalle Inc   113.21                   Real Estate  2025-06-20 238.46  2025-06-23 247.58  3.82 
BLDR         Builders FirstSource Inc   126.89                      Building  2025-06-20 114.82  2025-06-23 119.13  3.75 
CYBR            Cyberark Software Ltd   192.65                    Technology  2025-06-20 383.05  2025-06-23 397.06  3.66 

=== 市值超过200亿的涨幅榜前20名股票 ===
股票代码             公司名称              市值(亿)                 板块                     昨天收盘               今天收盘        涨跌幅(%)
TSLA                    Tesla Inc 10362.33                   Automobiles  2025-06-20 322.16  2025-06-23 348.68  8.23 
NTRS          Northern Trust Corp   217.59            Financial Services  2025-06-20 111.85  2025-06-23 120.81  8.01 
ANET          Arista Networks Inc  1083.23                Communications   2025-06-20 86.25   2025-06-23 91.95  6.61 
  UI                 Ubiquiti Inc   224.16                Communications  2025-06-20 370.57  2025-06-23 388.74  4.90 
  EL   Estee Lauder Companies Inc   270.50             Consumer products   2025-06-20 75.19   2025-06-23 78.83  4.84 
DASH                 DoorDash Inc   934.19 Hotels, Restaurants & Leisure  2025-06-20 220.46  2025-06-23 230.32  4.47 
  FI                   Fiserv Inc   905.83            Financial Services  2025-06-20 163.38  2025-06-23 170.54  4.38 
FICO              Fair Isaac Corp   439.32                    Technology 2025-06-20 1804.82 2025-06-23 1881.25  4.23 
 UAL United Airlines Holdings Inc   242.57                      Airlines   2025-06-20 74.27   2025-06-23 76.97  3.64 
 DHI                DR Horton Inc   381.52             Consumer products   2025-06-20 124.2  2025-06-23 128.66  3.59 
  GE                 GE Aerospace  2552.61           Aerospace & Defense  2025-06-20 239.37  2025-06-23 247.81  3.53 
CBRE               CBRE Group Inc   399.13                   Real Estate  2025-06-20 133.89   2025-06-23 138.6  3.52 
 PPG           PPG Industries Inc   246.68                     Chemicals  2025-06-20 108.67  2025-06-23 112.33  3.37 
 CEG    Constellation Energy Corp   955.67                     Utilities  2025-06-20 304.92  2025-06-23 315.21  3.37 
 ACN                Accenture PLC  1786.49                    Technology  2025-06-20 285.37   2025-06-23 295.0  3.37 
SHOP                  Shopify Inc  1380.41                    Technology   2025-06-20 106.4  2025-06-23 109.98  3.36 
SPOT        Spotify Technology SA  1420.39                         Media  2025-06-20 707.42  2025-06-23 731.15  3.35 
 PHM               Pultegroup Inc   203.37             Consumer products  2025-06-20 101.47  2025-06-23 104.85  3.33 
FTNT                 Fortinet Inc   764.27                    Technology   2025-06-20 99.85  2025-06-23 103.15  3.30 
 APP                Applovin Corp  1098.74                    Technology   2025-06-20 324.7   2025-06-23 335.4  3.30 

=== 市值超过1000亿的涨跌榜前20名股票 ===
股票代码                 公司名称                  市值(亿)            板块                 昨天收盘               今天收盘        涨跌幅(%)
TSLA                            Tesla Inc 10362.33          Automobiles  2025-06-20 322.16  2025-06-23 348.68  8.23 
ANET                  Arista Networks Inc  1083.23       Communications   2025-06-20 86.25   2025-06-23 91.95  6.61 
  GE                         GE Aerospace  2552.61  Aerospace & Defense  2025-06-20 239.37  2025-06-23 247.81  3.53 
 ACN                        Accenture PLC  1786.49           Technology  2025-06-20 285.37   2025-06-23 295.0  3.37 
SHOP                          Shopify Inc  1380.41           Technology   2025-06-20 106.4  2025-06-23 109.98  3.36 
SPOT                Spotify Technology SA  1420.39                Media  2025-06-20 707.42  2025-06-23 731.15  3.35 
 APP                        Applovin Corp  1098.74           Technology   2025-06-20 324.7   2025-06-23 335.4  3.30 
 IBM International Business Machines Corp  2611.33           Technology  2025-06-20 280.97  2025-06-23 289.18  2.92 
 GEV                       GE Vernova Inc  1329.08 Electrical Equipment  2025-06-20 486.96  2025-06-23 499.88  2.65 
COST                Costco Wholesale Corp  4347.36               Retail  2025-06-20 980.29 2025-06-23 1004.48  2.47 
TMUS                      T-Mobile US Inc  2515.24    Telecommunication  2025-06-20 221.52  2025-06-23 226.98  2.46 
META                   Meta Platforms Inc 17155.29                Media  2025-06-20 682.35  2025-06-23 698.53  2.37 
  HD                       Home Depot Inc  3478.47               Retail  2025-06-20 349.62  2025-06-23 356.96  2.10 
SPGI                       S&P Global Inc  1546.38   Financial Services   2025-06-20 504.2  2025-06-23 514.58  2.06 
MELI                     MercadoLibre Inc  1218.67               Retail 2025-06-20 2403.81 2025-06-23 2452.89  2.04 
PLTR            Palantir Technologies Inc  3240.16           Technology   2025-06-20 137.3  2025-06-23 139.92  1.91 
NFLX                          Netflix Inc  5240.53                Media 2025-06-20 1231.41 2025-06-23 1253.54  1.80 
MSFT                       Microsoft Corp 35482.96           Technology   2025-06-20 477.4   2025-06-23 486.0  1.80 
  MA                       Mastercard Inc  4839.62   Financial Services  2025-06-20 532.97  2025-06-23 542.35  1.76 
 BAC                 Bank of America Corp  3427.00              Banking    2025-06-20 45.5    2025-06-23 46.3  1.76 
