
=== 涨幅榜前20名股票 ===
股票代码             公司名称             市值(亿)                板块                      昨天收盘             今天收盘       涨跌幅(%)
  AP        Ampco-Pittsburgh Corp  1.02                  Metals & Mining  2025-12-29 5.04  2025-12-30 5.54  9.92 
  UA             Under Armour Inc 19.81 Textiles, Apparel & Luxury Goods  2025-12-29 4.54  2025-12-30 4.93  8.59 
AEMD          Aethlon Medical Inc  0.02                      Health Care  2025-12-29 2.48  2025-12-30 2.69  8.47 
CPHI    China Pharma Holdings Inc  0.06                  Pharmaceuticals  2025-12-29 1.24  2025-12-30 1.33  7.26 
CLRO                 Clearone Inc  0.11                   Communications  2025-12-29 4.86   2025-12-30 5.2  7.00 
CSTE              Caesarstone Ltd  0.62                         Building  2025-12-29 1.79   2025-12-30 1.9  6.15 
ACHV    Achieve Life Sciences Inc  2.36                    Biotechnology  2025-12-29 4.44   2025-12-30 4.7  5.86 
ASYS           Amtech Systems Inc  1.72                   Semiconductors 2025-12-29 11.97 2025-12-30 12.64  5.60 
NOTV                   Inotiv Inc  0.18   Life Sciences Tools & Services  2025-12-29 0.52  2025-12-30 0.55  5.10 
EFOI             Energy Focus Inc  0.12             Electrical Equipment  2025-12-29 2.11  2025-12-30 2.21  4.74 
GTIM   Good Times Restaurants Inc  0.12    Hotels, Restaurants & Leisure  2025-12-29 1.16  2025-12-30 1.21  4.31 
TTEC            TTEC Holdings Inc  1.65            Professional Services   2025-12-29 3.4  2025-12-30 3.54  4.12 
DXLG     Destination XL Group Inc  0.47                           Retail  2025-12-29 0.86   2025-12-30 0.9  4.08 
RFIL            RF Industries Ltd  0.60             Electrical Equipment  2025-12-29 5.65  2025-12-30 5.87  3.89 
CVGI Commercial Vehicle Group Inc  0.53                        Machinery  2025-12-29 1.43  2025-12-30 1.48  3.50 
 SNT    Senstar Technologies Corp  1.07             Electrical Equipment  2025-12-29 4.57  2025-12-30 4.72  3.28 
 RDI    Reading International Inc  0.40                            Media  2025-12-29 1.01  2025-12-30 1.04  2.97 
DAKT               Daktronics Inc  9.29             Electrical Equipment 2025-12-29 19.06 2025-12-30 19.61  2.89 
BENF                  Beneficient  0.79               Financial Services   2025-12-29 5.6  2025-12-30 5.76  2.86 
ONIT              Onity Group Inc  3.59               Financial Services 2025-12-29 44.59 2025-12-30 45.86  2.85 

=== 市值超过20亿的涨幅榜前20名股票 ===
 股票代码               公司名称                市值(亿)                 板块                       昨天收盘              今天收盘       涨跌幅(%)
 VSAT                       Viasat Inc   46.90                   Communications  2025-12-29 34.67  2025-12-30 35.34  1.93 
  MSI           Motorola Solutions Inc  628.38                   Communications 2025-12-29 377.28 2025-12-30 383.94  1.77 
   AU            Anglogold Ashanti PLC  460.71                  Metals & Mining  2025-12-29 84.94  2025-12-30 86.38  1.70 
   GT        Goodyear Tire & Rubber Co   25.18                  Auto Components    2025-12-29 8.8   2025-12-30 8.95  1.70 
 INTC                       Intel Corp 1749.64                   Semiconductors  2025-12-29 36.68   2025-12-30 37.3  1.69 
 CENX              Century Aluminum Co   36.44                  Metals & Mining  2025-12-29 39.04  2025-12-30 39.69  1.66 
 COLM           Columbia Sportswear Co   29.78 Textiles, Apparel & Luxury Goods  2025-12-29 55.27  2025-12-30 56.18  1.65 
  CLX                        Clorox Co  121.11                Consumer products  2025-12-29 99.29 2025-12-30 100.81  1.53 
 VICR                       Vicor Corp   50.01             Electrical Equipment  2025-12-29 112.0  2025-12-30 113.7  1.52 
 VTRS                      Viatris Inc  142.47                  Pharmaceuticals  2025-12-29 12.37  2025-12-30 12.54  1.37 
   HP          Helmerich and Payne Inc   28.12                           Energy  2025-12-29 28.56  2025-12-30 28.93  1.30 
 RMBS                       Rambus Inc  100.73                   Semiconductors  2025-12-29 93.57  2025-12-30 94.69  1.20 
  STZ         Constellation Brands Inc  241.10                        Beverages 2025-12-29 138.51 2025-12-30 140.13  1.17 
  FTI                   TechnipFMC PLC  180.78                           Energy  2025-12-29 44.69  2025-12-30 45.19  1.12 
  UNH           UnitedHealth Group Inc 2979.67                      Health Care 2025-12-29 328.94 2025-12-30 332.16  0.98 
  ABT              Abbott Laboratories 2166.11                      Health Care 2025-12-29 124.57 2025-12-30 125.78  0.97 
   HE Hawaiian Electric Industries Inc   21.59                        Utilities  2025-12-29 12.51  2025-12-30 12.61  0.80 
 AMKR             Amkor Technology Inc   99.10                   Semiconductors  2025-12-29 40.09   2025-12-30 40.4  0.77 
BELFA                     Bel Fuse Inc   21.42             Electrical Equipment 2025-12-29 153.67 2025-12-30 154.84  0.76 
  KHC                   Kraft Heinz Co  287.04                    Food Products  2025-12-29 24.25  2025-12-30 24.43  0.74 

=== 市值超过50亿的涨幅榜前20名股票 ===
股票代码           公司名称            市值(亿)                 板块                       昨天收盘              今天收盘       涨跌幅(%)
 MSI   Motorola Solutions Inc  628.38                   Communications 2025-12-29 377.28 2025-12-30 383.94  1.77 
  AU    Anglogold Ashanti PLC  460.71                  Metals & Mining  2025-12-29 84.94  2025-12-30 86.38  1.70 
INTC               Intel Corp 1749.64                   Semiconductors  2025-12-29 36.68   2025-12-30 37.3  1.69 
 CLX                Clorox Co  121.11                Consumer products  2025-12-29 99.29 2025-12-30 100.81  1.53 
VICR               Vicor Corp   50.01             Electrical Equipment  2025-12-29 112.0  2025-12-30 113.7  1.52 
VTRS              Viatris Inc  142.47                  Pharmaceuticals  2025-12-29 12.37  2025-12-30 12.54  1.37 
RMBS               Rambus Inc  100.73                   Semiconductors  2025-12-29 93.57  2025-12-30 94.69  1.20 
 STZ Constellation Brands Inc  241.10                        Beverages 2025-12-29 138.51 2025-12-30 140.13  1.17 
 FTI           TechnipFMC PLC  180.78                           Energy  2025-12-29 44.69  2025-12-30 45.19  1.12 
 UNH   UnitedHealth Group Inc 2979.67                      Health Care 2025-12-29 328.94 2025-12-30 332.16  0.98 
 ABT      Abbott Laboratories 2166.11                      Health Care 2025-12-29 124.57 2025-12-30 125.78  0.97 
AMKR     Amkor Technology Inc   99.10                   Semiconductors  2025-12-29 40.09   2025-12-30 40.4  0.77 
 KHC           Kraft Heinz Co  287.04                    Food Products  2025-12-29 24.25  2025-12-30 24.43  0.74 
UHAL        U-Haul Holding Co   92.62                      Road & Rail  2025-12-29 50.53  2025-12-30 50.87  0.67 
NVMI                 Nova Ltd  101.94                   Semiconductors 2025-12-29 333.99 2025-12-30 336.04  0.61 
 PCG                PG&E Corp  351.45                        Utilities  2025-12-29 15.99  2025-12-30 16.08  0.56 
 MDT            Medtronic PLC 1232.66                      Health Care  2025-12-29 96.15  2025-12-30 96.66  0.53 
 KMB      Kimberly-Clark Corp  335.28                Consumer products 2025-12-29 101.03 2025-12-30 101.57  0.53 
  RL        Ralph Lauren Corp  216.49 Textiles, Apparel & Luxury Goods 2025-12-29 356.89 2025-12-30 358.66  0.50 
 CNP   CenterPoint Energy Inc  250.83                        Utilities  2025-12-29 38.42  2025-12-30 38.61  0.49 

=== 市值超过100亿的涨幅榜前20名股票 ===
股票代码           公司名称            市值(亿)                 板块                       昨天收盘              今天收盘       涨跌幅(%)
 MSI   Motorola Solutions Inc  628.38                   Communications 2025-12-29 377.28 2025-12-30 383.94  1.77 
  AU    Anglogold Ashanti PLC  460.71                  Metals & Mining  2025-12-29 84.94  2025-12-30 86.38  1.70 
INTC               Intel Corp 1749.64                   Semiconductors  2025-12-29 36.68   2025-12-30 37.3  1.69 
 CLX                Clorox Co  121.11                Consumer products  2025-12-29 99.29 2025-12-30 100.81  1.53 
VTRS              Viatris Inc  142.47                  Pharmaceuticals  2025-12-29 12.37  2025-12-30 12.54  1.37 
RMBS               Rambus Inc  100.73                   Semiconductors  2025-12-29 93.57  2025-12-30 94.69  1.20 
 STZ Constellation Brands Inc  241.10                        Beverages 2025-12-29 138.51 2025-12-30 140.13  1.17 
 FTI           TechnipFMC PLC  180.78                           Energy  2025-12-29 44.69  2025-12-30 45.19  1.12 
 UNH   UnitedHealth Group Inc 2979.67                      Health Care 2025-12-29 328.94 2025-12-30 332.16  0.98 
 ABT      Abbott Laboratories 2166.11                      Health Care 2025-12-29 124.57 2025-12-30 125.78  0.97 
 KHC           Kraft Heinz Co  287.04                    Food Products  2025-12-29 24.25  2025-12-30 24.43  0.74 
NVMI                 Nova Ltd  101.94                   Semiconductors 2025-12-29 333.99 2025-12-30 336.04  0.61 
 PCG                PG&E Corp  351.45                        Utilities  2025-12-29 15.99  2025-12-30 16.08  0.56 
 MDT            Medtronic PLC 1232.66                      Health Care  2025-12-29 96.15  2025-12-30 96.66  0.53 
 KMB      Kimberly-Clark Corp  335.28                Consumer products 2025-12-29 101.03 2025-12-30 101.57  0.53 
  RL        Ralph Lauren Corp  216.49 Textiles, Apparel & Luxury Goods 2025-12-29 356.89 2025-12-30 358.66  0.50 
 CNP   CenterPoint Energy Inc  250.83                        Utilities  2025-12-29 38.42  2025-12-30 38.61  0.49 
 AEE              Ameren Corp  271.20                        Utilities 2025-12-29 100.26 2025-12-30 100.74  0.48 
 LNG      Cheniere Energy Inc  414.54                           Energy  2025-12-29 192.6 2025-12-30 193.44  0.44 
 CMS          CMS Energy Corp  213.42                        Utilities  2025-12-29 70.13  2025-12-30 70.42  0.41 

=== 市值超过200亿的涨幅榜前20名股票 ===
 股票代码           公司名称            市值(亿)                 板块                       昨天收盘              今天收盘       涨跌幅(%)
  MSI   Motorola Solutions Inc  628.38                   Communications 2025-12-29 377.28 2025-12-30 383.94  1.77 
   AU    Anglogold Ashanti PLC  460.71                  Metals & Mining  2025-12-29 84.94  2025-12-30 86.38  1.70 
 INTC               Intel Corp 1749.64                   Semiconductors  2025-12-29 36.68   2025-12-30 37.3  1.69 
  STZ Constellation Brands Inc  241.10                        Beverages 2025-12-29 138.51 2025-12-30 140.13  1.17 
  UNH   UnitedHealth Group Inc 2979.67                      Health Care 2025-12-29 328.94 2025-12-30 332.16  0.98 
  ABT      Abbott Laboratories 2166.11                      Health Care 2025-12-29 124.57 2025-12-30 125.78  0.97 
  KHC           Kraft Heinz Co  287.04                    Food Products  2025-12-29 24.25  2025-12-30 24.43  0.74 
  PCG                PG&E Corp  351.45                        Utilities  2025-12-29 15.99  2025-12-30 16.08  0.56 
  MDT            Medtronic PLC 1232.66                      Health Care  2025-12-29 96.15  2025-12-30 96.66  0.53 
  KMB      Kimberly-Clark Corp  335.28                Consumer products 2025-12-29 101.03 2025-12-30 101.57  0.53 
   RL        Ralph Lauren Corp  216.49 Textiles, Apparel & Luxury Goods 2025-12-29 356.89 2025-12-30 358.66  0.50 
  CNP   CenterPoint Energy Inc  250.83                        Utilities  2025-12-29 38.42  2025-12-30 38.61  0.49 
  AEE              Ameren Corp  271.20                        Utilities 2025-12-29 100.26 2025-12-30 100.74  0.48 
  LNG      Cheniere Energy Inc  414.54                           Energy  2025-12-29 192.6 2025-12-30 193.44  0.44 
  CMS          CMS Energy Corp  213.42                        Utilities  2025-12-29 70.13  2025-12-30 70.42  0.41 
 CSGP         CoStar Group Inc  286.50                      Real Estate   2025-12-29 67.6  2025-12-30 67.86  0.38 
  XOM         Exxon Mobil Corp 4939.99                           Energy 2025-12-29 120.53 2025-12-30 120.99  0.38 
   ED  Consolidated Edison Inc  359.28                        Utilities  2025-12-29 99.54  2025-12-30 99.89  0.35 
  CCL            Carnival Corp  404.19    Hotels, Restaurants & Leisure  2025-12-29 30.72  2025-12-30 30.82  0.33 
CMCSA             Comcast Corp 1088.43                            Media  2025-12-29 29.87  2025-12-30 29.97  0.33 

=== 市值超过1000亿的涨跌榜前20名股票 ===
 股票代码              公司名称              市值(亿)            板块                 昨天收盘              今天收盘       涨跌幅(%)
 INTC                    Intel Corp 1749.64        Semiconductors  2025-12-29 36.68   2025-12-30 37.3  1.69 
  UNH        UnitedHealth Group Inc 2979.67           Health Care 2025-12-29 328.94 2025-12-30 332.16  0.98 
  ABT           Abbott Laboratories 2166.11           Health Care 2025-12-29 124.57 2025-12-30 125.78  0.97 
  MDT                 Medtronic PLC 1232.66           Health Care  2025-12-29 96.15  2025-12-30 96.66  0.53 
  XOM              Exxon Mobil Corp 4939.99                Energy 2025-12-29 120.53 2025-12-30 120.99  0.38 
CMCSA                  Comcast Corp 1088.43                 Media  2025-12-29 29.87  2025-12-30 29.97  0.33 
  NEE            Nextera Energy Inc 1671.71             Utilities  2025-12-29 80.27  2025-12-30 80.53  0.32 
  BMY       Bristol-Myers Squibb Co 1101.55       Pharmaceuticals  2025-12-29 54.11  2025-12-30 54.21  0.18 
    T                      AT&T Inc 1756.77     Telecommunication  2025-12-29 24.77  2025-12-30 24.81  0.16 
 QCOM                  Qualcomm Inc 1857.44        Semiconductors 2025-12-29 173.43 2025-12-30 173.65  0.13 
   GE           General Electric Co 3286.59   Aerospace & Defense 2025-12-29 311.58 2025-12-30 311.79  0.07 
  TTE              TotalEnergies SE 1199.57                Energy   2025-12-29 65.9  2025-12-30 65.92  0.03 
  ADP Automatic Data Processing Inc 1049.99 Professional Services 2025-12-29 259.61 2025-12-30 259.53 -0.03 
   DE                    Deere & Co 1271.74             Machinery 2025-12-29 470.24 2025-12-30 469.94 -0.06 
   CB                     Chubb Ltd 1237.52             Insurance 2025-12-29 314.45 2025-12-30 314.14 -0.10 
  BAC          Bank of America Corp 4041.93               Banking  2025-12-29 55.35  2025-12-30 55.28 -0.13 
  AMD    Advanced Micro Devices Inc 3510.22        Semiconductors 2025-12-29 215.61 2025-12-30 215.34 -0.13 
  TXN         Texas Instruments Inc 1596.36        Semiconductors 2025-12-29 175.69 2025-12-30 175.42 -0.15 
   PH          Parker-Hannifin Corp 1123.76             Machinery 2025-12-29 890.55 2025-12-30 888.82 -0.19 
  CVS               CVS Health Corp 1015.80           Health Care  2025-12-29 80.02  2025-12-30 79.85 -0.21 
