
=== 涨幅榜前20名股票 ===
 股票代码                  公司名称                 市值(亿)               板块                     昨天收盘             今天收盘       涨跌幅(%)
 CPHI             China Pharma Holdings Inc  0.25                Pharmaceuticals  2026-07-14 0.61   2026-07-15 1.1 80.33 
 SOBR                         Sobr Safe Inc  0.03           Electrical Equipment  2026-07-14 1.17  2026-07-15 2.07 76.92 
NOTVQ                            Inotiv Inc  0.01 Life Sciences Tools & Services  2026-07-14 0.01  2026-07-15 0.02 75.00 
 AREB           American Rebel Holdings Inc  0.03 Commercial Services & Supplies  2026-07-14 0.16  2026-07-15 0.22 41.94 
 LBGJ Li Bang International Corporation Inc  0.04                      Machinery  2026-07-14 1.32  2026-07-15 1.83 38.64 
 NVVE                    Nuvve Holding Corp  0.08           Electrical Equipment  2026-07-14 15.8 2026-07-15 21.56 36.46 
 JLHL                    Julong Holding Ltd  1.69                   Construction   2026-07-14 7.9 2026-07-15 10.75 36.08 
 LYRA                 Lyra Therapeutics Inc  0.01                Pharmaceuticals  2026-07-14 0.37   2026-07-15 0.5 33.58 
 CNEY                   CN Energy Group Inc  0.06                      Chemicals  2026-07-14 0.75   2026-07-15 1.0 33.33 
 SLSN                         Solesence Inc  0.45                      Chemicals  2026-07-14 0.64  2026-07-15 0.83 29.81 
 KUST              Kustom Entertainment Inc  0.01           Electrical Equipment  2026-07-14 1.01  2026-07-15 1.31 29.70 
 LCID                       Lucid Group Inc 18.03                    Automobiles  2026-07-14 4.62  2026-07-15 5.95 28.79 
 CHRN             Ekso Bionics Holdings Inc 33.41                    Health Care 2026-07-14 23.01 2026-07-15 29.63 28.77 
 TGHL                           Growhub Ltd  0.17                     Technology  2026-07-14 0.66  2026-07-15 0.81 23.22 
 UBXG                   U-BX Technology Ltd  0.09                     Technology  2026-07-14 4.61  2026-07-15 5.65 22.56 
 APLM                        Apollomics Inc  0.34                  Biotechnology  2026-07-14 15.7 2026-07-15 19.19 22.23 
 AEHR                     Aehr Test Systems 22.65                 Semiconductors 2026-07-14 72.01 2026-07-15 87.79 21.91 
 EVGN                           Evogene Ltd  0.06                  Biotechnology  2026-07-14 0.48  2026-07-15 0.58 20.73 
 IOVA           Iovance Biotherapeutics Inc 17.55                  Biotechnology  2026-07-14 3.93  2026-07-15 4.74 20.61 
 FRGT              Freight Technologies Inc  0.03     Logistics & Transportation  2026-07-14 4.39  2026-07-15 5.18 18.00 

=== 市值超过20亿的涨幅榜前20名股票 ===
 股票代码              公司名称              市值(亿)                板块                      昨天收盘               今天收盘       涨跌幅(%)
 CHRN     Ekso Bionics Holdings Inc   33.41                    Health Care   2026-07-14 23.01  2026-07-15 29.63 28.77 
 AEHR             Aehr Test Systems   22.65                 Semiconductors   2026-07-14 72.01  2026-07-15 87.79 21.91 
 MAAS                     Maase Inc   62.39                      Insurance   2026-07-14 14.11  2026-07-15 16.57 17.43 
 PYPL           PayPal Holdings Inc  417.85             Financial Services   2026-07-14 47.37  2026-07-15 55.52 17.20 
BABAF     Alibaba Group Holding Ltd 2710.13                         Retail   2026-07-14 12.93   2026-07-15 15.0 15.98 
 MANE               Veradermics Inc   46.03                Pharmaceuticals  2026-07-14 110.17  2026-07-15 123.7 12.28 
 ERAS                    Erasca Inc   60.64                  Biotechnology    2026-07-14 19.5  2026-07-15 21.26  9.03 
   RH                            RH   32.99                         Retail  2026-07-14 174.55 2026-07-15 190.26  9.00 
PGPEF            Publicis Groupe SA  218.06                          Media   2026-07-14 98.26 2026-07-15 106.84  8.73 
XPNGF                     Xpeng Inc  130.38                    Automobiles     2026-07-14 6.5   2026-07-15 7.06  8.62 
 COMP                   Compass Inc   88.45                    Real Estate   2026-07-14 11.68  2026-07-15 12.65  8.30 
  SAH          Sonic Automotive Inc   29.20                         Retail   2026-07-14 92.38  2026-07-15 99.73  7.96 
 BILL             BILL Holdings Inc   41.20                     Technology   2026-07-14 41.37  2026-07-15 44.63  7.88 
  AEO American Eagle Outfitters Inc   27.06                         Retail   2026-07-14 16.15  2026-07-15 17.41  7.80 
  MBX           MBX Biosciences Inc   26.94                Pharmaceuticals   2026-07-14 56.59  2026-07-15 60.67  7.22 
 HTFL                 Heartflow Inc   21.98                    Health Care   2026-07-14 25.49  2026-07-15 27.25  6.90 
 ADPT Adaptive Biotechnologies Corp   34.30 Life Sciences Tools & Services   2026-07-14 21.44   2026-07-15 22.9  6.78 
  GPI        Group 1 Automotive Inc   35.60                         Retail  2026-07-14 299.18  2026-07-15 319.4  6.76 
 ROAD     Construction Partners Inc   55.04                   Construction   2026-07-14 97.35 2026-07-15 103.86  6.69 
  BLK                 BlackRock Inc 1667.39             Financial Services 2026-07-14 1025.44 2026-07-15 1093.4  6.63 

=== 市值超过50亿的涨幅榜前20名股票 ===
 股票代码              公司名称              市值(亿)                 板块                       昨天收盘               今天收盘       涨跌幅(%)
 MAAS                     Maase Inc   62.39                        Insurance   2026-07-14 14.11  2026-07-15 16.57 17.43 
 PYPL           PayPal Holdings Inc  417.85               Financial Services   2026-07-14 47.37  2026-07-15 55.52 17.20 
BABAF     Alibaba Group Holding Ltd 2710.13                           Retail   2026-07-14 12.93   2026-07-15 15.0 15.98 
 ERAS                    Erasca Inc   60.64                    Biotechnology    2026-07-14 19.5  2026-07-15 21.26  9.03 
PGPEF            Publicis Groupe SA  218.06                            Media   2026-07-14 98.26 2026-07-15 106.84  8.73 
XPNGF                     Xpeng Inc  130.38                      Automobiles     2026-07-14 6.5   2026-07-15 7.06  8.62 
 COMP                   Compass Inc   88.45                      Real Estate   2026-07-14 11.68  2026-07-15 12.65  8.30 
 ROAD     Construction Partners Inc   55.04                     Construction   2026-07-14 97.35 2026-07-15 103.86  6.69 
  BLK                 BlackRock Inc 1667.39               Financial Services 2026-07-14 1025.44 2026-07-15 1093.4  6.63 
 KRMN           Karman Holdings Inc   60.74              Aerospace & Defense   2026-07-14 45.83  2026-07-15 48.78  6.44 
    Z              Zillow Group Inc   76.22                      Real Estate   2026-07-14 31.86  2026-07-15 33.85  6.23 
 CBRE                CBRE Group Inc  389.83                      Real Estate  2026-07-14 133.13 2026-07-15 141.41  6.22 
   ZG              Zillow Group Inc   76.22                      Real Estate    2026-07-14 31.8  2026-07-15 33.74  6.10 
  QXO                       QXO Inc  150.07 Trading Companies & Distributors   2026-07-14 14.46  2026-07-15 15.32  5.95 
 FRHC          Freedom Holding Corp   91.27               Financial Services  2026-07-14 148.91 2026-07-15 157.68  5.89 
  JEF Jefferies Financial Group Inc  104.54               Financial Services   2026-07-14 53.96  2026-07-15 57.13  5.87 
  KMX                    Carmax Inc   79.09                           Retail   2026-07-14 55.73  2026-07-15 58.94  5.76 
 HIMS        Hims & Hers Health Inc   81.36                      Health Care   2026-07-14 35.15  2026-07-15 37.17  5.75 
  IVZ                   Invesco Ltd  127.36               Financial Services   2026-07-14 28.73   2026-07-15 30.3  5.46 
  GXO             GXO Logistics Inc   57.14       Logistics & Transportation   2026-07-14 49.67  2026-07-15 52.29  5.27 

=== 市值超过100亿的涨幅榜前20名股票 ===
 股票代码              公司名称              市值(亿)                  板块                       昨天收盘               今天收盘       涨跌幅(%)
 PYPL           PayPal Holdings Inc   417.85               Financial Services   2026-07-14 47.37  2026-07-15 55.52 17.20 
BABAF     Alibaba Group Holding Ltd  2710.13                           Retail   2026-07-14 12.93   2026-07-15 15.0 15.98 
PGPEF            Publicis Groupe SA   218.06                            Media   2026-07-14 98.26 2026-07-15 106.84  8.73 
XPNGF                     Xpeng Inc   130.38                      Automobiles     2026-07-14 6.5   2026-07-15 7.06  8.62 
  BLK                 BlackRock Inc  1667.39               Financial Services 2026-07-14 1025.44 2026-07-15 1093.4  6.63 
 CBRE                CBRE Group Inc   389.83                      Real Estate  2026-07-14 133.13 2026-07-15 141.41  6.22 
  QXO                       QXO Inc   150.07 Trading Companies & Distributors   2026-07-14 14.46  2026-07-15 15.32  5.95 
  JEF Jefferies Financial Group Inc   104.54               Financial Services   2026-07-14 53.96  2026-07-15 57.13  5.87 
  IVZ                   Invesco Ltd   127.36               Financial Services   2026-07-14 28.73   2026-07-15 30.3  5.46 
  BNY  Bank of New York Mellon Corp  1060.46               Financial Services   2026-07-14 154.5 2026-07-15 162.35  5.08 
 RBLX                   Roblox Corp   389.99                            Media   2026-07-14 54.47  2026-07-15 57.07  4.77 
 PINS                 Pinterest Inc   126.65                            Media   2026-07-14 22.61  2026-07-15 23.68  4.73 
  THC         Tenet Healthcare Corp   158.23                      Health Care  2026-07-14 183.69 2026-07-15 192.34  4.71 
  EQH        Equitable Holdings Inc   129.11               Financial Services    2026-07-14 47.3  2026-07-15 49.46  4.57 
 BKNG          Booking Holdings Inc  1354.87    Hotels, Restaurants & Leisure  2026-07-14 174.85  2026-07-15 182.8  4.55 
 CTAS                   Cintas Corp   737.48   Commercial Services & Supplies  2026-07-14 184.33 2026-07-15 192.37  4.36 
  JLL        Jones Lang LaSalle Inc   145.86                      Real Estate  2026-07-14 314.39 2026-07-15 327.91  4.30 
  NXT                 Nextpower Inc   158.72             Electrical Equipment  2026-07-14 104.66 2026-07-15 109.13  4.27 
  HCA            HCA Healthcare Inc   806.61                      Health Care   2026-07-14 363.6 2026-07-15 378.85  4.19 
 AAPL                     Apple Inc 46244.61                       Technology  2026-07-14 314.86  2026-07-15 327.5  4.01 

=== 市值超过200亿的涨幅榜前20名股票 ===
 股票代码             公司名称              市值(亿)                  板块                       昨天收盘               今天收盘       涨跌幅(%)
 PYPL          PayPal Holdings Inc   417.85               Financial Services   2026-07-14 47.37  2026-07-15 55.52 17.20 
BABAF    Alibaba Group Holding Ltd  2710.13                           Retail   2026-07-14 12.93   2026-07-15 15.0 15.98 
PGPEF           Publicis Groupe SA   218.06                            Media   2026-07-14 98.26 2026-07-15 106.84  8.73 
  BLK                BlackRock Inc  1667.39               Financial Services 2026-07-14 1025.44 2026-07-15 1093.4  6.63 
 CBRE               CBRE Group Inc   389.83                      Real Estate  2026-07-14 133.13 2026-07-15 141.41  6.22 
  BNY Bank of New York Mellon Corp  1060.46               Financial Services   2026-07-14 154.5 2026-07-15 162.35  5.08 
 RBLX                  Roblox Corp   389.99                            Media   2026-07-14 54.47  2026-07-15 57.07  4.77 
 BKNG         Booking Holdings Inc  1354.87    Hotels, Restaurants & Leisure  2026-07-14 174.85  2026-07-15 182.8  4.55 
 CTAS                  Cintas Corp   737.48   Commercial Services & Supplies  2026-07-14 184.33 2026-07-15 192.37  4.36 
  HCA           HCA Healthcare Inc   806.61                      Health Care   2026-07-14 363.6 2026-07-15 378.85  4.19 
 AAPL                    Apple Inc 46244.61                       Technology  2026-07-14 314.86  2026-07-15 327.5  4.01 
BNPQF               BNP Paribas SA  1130.28                          Banking  2026-07-14 112.76 2026-07-15 117.25  3.98 
  KKR                 KKR & Co Inc   872.82               Financial Services   2026-07-14 97.21 2026-07-15 100.95  3.85 
 NDAQ                   Nasdaq Inc   497.73               Financial Services   2026-07-14 88.01  2026-07-15 91.36  3.81 
 ARES         Ares Management Corp   267.10               Financial Services   2026-07-14 120.3 2026-07-15 124.79  3.73 
 FTAI            FTAI Aviation Ltd   211.55              Aerospace & Defense  2026-07-14 206.22  2026-07-15 213.8  3.68 
  TPR                 Tapestry Inc   273.49 Textiles, Apparel & Luxury Goods  2026-07-14 135.36 2026-07-15 140.26  3.62 
 GOOG                 Alphabet Inc 43768.76                            Media  2026-07-14 357.33 2026-07-15 370.21  3.60 
 ORCL                  Oracle Corp  3685.27                       Technology  2026-07-14 127.94 2026-07-15 132.49  3.56 
  LUV        Southwest Airlines Co   232.46                         Airlines   2026-07-14 47.56  2026-07-15 49.25  3.55 

=== 市值超过1000亿的涨跌榜前20名股票 ===
 股票代码                 公司名称                 市值(亿)                  板块                       昨天收盘               今天收盘        涨跌幅(%)
BABAF           Alibaba Group Holding Ltd  2710.13                           Retail   2026-07-14 12.93    2026-07-15 15.0 15.98 
  BLK                       BlackRock Inc  1667.39               Financial Services 2026-07-14 1025.44  2026-07-15 1093.4  6.63 
  BNY        Bank of New York Mellon Corp  1060.46               Financial Services   2026-07-14 154.5  2026-07-15 162.35  5.08 
 BKNG                Booking Holdings Inc  1354.87    Hotels, Restaurants & Leisure  2026-07-14 174.85   2026-07-15 182.8  4.55 
 AAPL                           Apple Inc 46244.61                       Technology  2026-07-14 314.86   2026-07-15 327.5  4.01 
BNPQF                      BNP Paribas SA  1130.28                          Banking  2026-07-14 112.76  2026-07-15 117.25  3.98 
 GOOG                        Alphabet Inc 43768.76                            Media  2026-07-14 357.33  2026-07-15 370.21  3.60 
 ORCL                         Oracle Corp  3685.27                       Technology  2026-07-14 127.94  2026-07-15 132.49  3.56 
GOOGL                        Alphabet Inc 43768.76                            Media  2026-07-14 359.51  2026-07-15 370.92  3.17 
  BMY             Bristol-Myers Squibb Co  1162.96                  Pharmaceuticals   2026-07-14 56.95   2026-07-15 58.72  3.11 
 META                  Meta Platforms Inc 16779.99                            Media  2026-07-14 661.04  2026-07-15 681.31  3.07 
 AMZN                      Amazon.com Inc 26622.77                           Retail  2026-07-14 247.49  2026-07-15 254.96  3.02 
   PM     Philip Morris International Inc  2742.28                          Tobacco  2026-07-14 175.95  2026-07-15 180.88  2.80 
 MSFT                      Microsoft Corp 28594.27                       Technology  2026-07-14 384.93  2026-07-15 395.63  2.78 
ASMLF                     ASML Holding NV  5942.92                   Semiconductors 2026-07-14 1766.31 2026-07-15 1812.96  2.64 
LVMHF LVMH Moet Hennessy Louis Vuitton SE  2383.71 Textiles, Apparel & Luxury Goods  2026-07-14 552.35   2026-07-15 566.2  2.51 
 ISRG              Intuitive Surgical Inc  1344.05                      Health Care   2026-07-14 379.5  2026-07-15 388.97  2.50 
  PFE                          Pfizer Inc  1382.12                  Pharmaceuticals   2026-07-14 24.25   2026-07-15 24.82  2.35 
  MRK                      Merck & Co Inc  2983.05                  Pharmaceuticals  2026-07-14 120.78  2026-07-15 123.61  2.34 
HESAF            Hermes International SCA  1720.86 Textiles, Apparel & Luxury Goods  2026-07-14 1862.0  2026-07-15 1900.0  2.04 
