
=== 涨幅榜前20名股票 ===
 股票代码                      公司名称                     市值(亿)                板块                      昨天收盘             今天收盘       涨跌幅(%)
 NXTC                                  NextCure Inc  0.08                    Biotechnology  2026-07-13 2.18  2026-07-14 6.58 201.83
BHATF Blue Hat Interactive Entertainment Technology  0.00                            Media  2026-07-13 0.04  2026-07-14 0.11 165.85
 CNEY                           CN Energy Group Inc  0.03                        Chemicals  2026-07-13 0.48  2026-07-14 0.75  56.25
 VEEE   Twin Vee PowerCats Co (Pre-Reincorporation)  0.03                 Leisure Products 2026-07-13 24.86 2026-07-14 38.51  54.91
 LEDS                                 SemiLEDs Corp  0.18                   Semiconductors  2026-07-13 1.52  2026-07-14 2.24  47.37
 CRMT                        America's CAR-MART Inc  0.25                           Retail  2026-07-13 3.02  2026-07-14 4.28  41.72
 SHPH          Shuttle Pharmaceuticals Holdings Inc  0.02                    Biotechnology  2026-07-13 2.96  2026-07-14 4.16  40.54
 BMGL                       Basel Medical Group Ltd  0.10                      Health Care  2026-07-13 6.14  2026-07-14 8.12  32.25
CMBMF                         Cambium Networks Corp  0.09                   Communications  2026-07-13 0.24  2026-07-14 0.31  29.17
 ARBE                             Arbe Robotics Ltd  0.84             Electrical Equipment  2026-07-13 0.69  2026-07-14 0.87  27.03
 PHOE                     Phoenix Asia Holdings Ltd  4.47                     Construction  2026-07-13 20.7 2026-07-14 25.95  25.36
 NIXX                                     Nixxy Inc  0.33            Professional Services  2026-07-13 1.14   2026-07-14 1.4  22.81
 LHAI                         Linkhome Holdings Inc  0.16                      Real Estate   2026-07-13 1.0  2026-07-14 1.22  22.00
 LANV                     Lanvin Group Holdings Ltd  1.85 Textiles, Apparel & Luxury Goods  2026-07-13 1.23  2026-07-14 1.47  19.51
 JSPR                       Jasper Therapeutics Inc  0.17                    Biotechnology  2026-07-13 0.61  2026-07-14 0.72  18.88
 DYAI                      Dyadic International Inc  0.37                    Biotechnology  2026-07-13 1.02  2026-07-14 1.21  18.63
 NAKA                                  Nakamoto Inc  0.59                      Health Care  2026-07-13 3.37  2026-07-14 3.98  18.10
IOBTQ                                IO Biotech Inc  0.00                    Biotechnology   2026-07-13 0.0  2026-07-14 0.01  18.00
 PMNT                            Perfect Moment Ltd  0.04 Textiles, Apparel & Luxury Goods  2026-07-13 0.08   2026-07-14 0.1  17.47
 BTAI                      BioXcel Therapeutics Inc  0.32                    Biotechnology  2026-07-13 0.88  2026-07-14 1.03  16.78

=== 市值超过20亿的涨幅榜前20名股票 ===
股票代码                公司名称                市值(亿)                板块                      昨天收盘               今天收盘       涨跌幅(%)
CHRN         Ekso Bionics Holdings Inc   28.64                    Health Care   2026-07-13 19.72  2026-07-14 23.01 16.68 
AXTI                           AXT Inc   33.01                 Semiconductors   2026-07-13 50.46  2026-07-14 57.57 14.09 
SEZL                        Sezzle Inc   53.89             Financial Services  2026-07-13 160.25 2026-07-14 182.39 13.82 
AAOI       Applied Optoelectronics Inc   89.78                 Communications  2026-07-13 111.88 2026-07-14 125.45 12.13 
 RGC Regencell Bioscience Holdings Ltd   27.99                Pharmaceuticals    2026-07-13 5.05   2026-07-14 5.65 11.88 
NTSK                      Netskope Inc   51.70                     Technology    2026-07-13 12.8  2026-07-14 14.27 11.48 
TSEM           Tower Semiconductor Ltd  256.68                 Semiconductors  2026-07-13 229.68 2026-07-14 255.49 11.24 
 YSS            York Space Systems Inc   42.69            Aerospace & Defense   2026-07-13 19.13  2026-07-14 21.26 11.13 
OKTA                          Okta Inc  242.51                     Technology  2026-07-13 139.53 2026-07-14 154.62 10.81 
 TXG                  10X Genomics Inc   53.03 Life Sciences Tools & Services   2026-07-13 41.77  2026-07-14 45.79  9.62 
CAMT                        Camtek Ltd   63.82                 Semiconductors  2026-07-13 136.78  2026-07-14 149.9  9.59 
  GS           Goldman Sachs Group Inc 3085.51             Financial Services 2026-07-13 1045.91 2026-07-14 1140.0  9.00 
ERAS                        Erasca Inc   55.67                  Biotechnology    2026-07-13 17.9   2026-07-14 19.5  8.94 
CLSK                    CleanSpark Inc   31.72                     Technology   2026-07-13 12.36  2026-07-14 13.45  8.82 
TENB              Tenable Holdings Inc   43.23                     Technology    2026-07-13 39.2  2026-07-14 42.65  8.80 
BLSH                           Bullish   34.37             Financial Services   2026-07-13 22.87  2026-07-14 24.85  8.66 
SAIL                     SailPoint Inc   79.46                     Technology   2026-07-13 14.01   2026-07-14 15.2  8.49 
TRVI            Trevi Therapeutics Inc   23.46                Pharmaceuticals   2026-07-13 16.52  2026-07-14 17.91  8.41 
QLYS                        Qualys Inc   57.80                     Technology  2026-07-13 151.54 2026-07-14 164.12  8.30 
CVNA                        Carvana Co  771.95                         Retail   2026-07-13 64.99  2026-07-14 70.38  8.29 

=== 市值超过50亿的涨幅榜前20名股票 ===
股票代码                    公司名称                    市值(亿)                板块                      昨天收盘               今天收盘       涨跌幅(%)
SEZL                                Sezzle Inc   53.89             Financial Services  2026-07-13 160.25 2026-07-14 182.39 13.82 
AAOI               Applied Optoelectronics Inc   89.78                 Communications  2026-07-13 111.88 2026-07-14 125.45 12.13 
NTSK                              Netskope Inc   51.70                     Technology    2026-07-13 12.8  2026-07-14 14.27 11.48 
TSEM                   Tower Semiconductor Ltd  256.68                 Semiconductors  2026-07-13 229.68 2026-07-14 255.49 11.24 
OKTA                                  Okta Inc  242.51                     Technology  2026-07-13 139.53 2026-07-14 154.62 10.81 
 TXG                          10X Genomics Inc   53.03 Life Sciences Tools & Services   2026-07-13 41.77  2026-07-14 45.79  9.62 
CAMT                                Camtek Ltd   63.82                 Semiconductors  2026-07-13 136.78  2026-07-14 149.9  9.59 
  GS                   Goldman Sachs Group Inc 3085.51             Financial Services 2026-07-13 1045.91 2026-07-14 1140.0  9.00 
ERAS                                Erasca Inc   55.67                  Biotechnology    2026-07-13 17.9   2026-07-14 19.5  8.94 
SAIL                             SailPoint Inc   79.46                     Technology   2026-07-13 14.01   2026-07-14 15.2  8.49 
QLYS                                Qualys Inc   57.80                     Technology  2026-07-13 151.54 2026-07-14 164.12  8.30 
CVNA                                Carvana Co  771.95                         Retail   2026-07-13 64.99  2026-07-14 70.38  8.29 
LQDA                             Liquidia Corp   63.33                Pharmaceuticals   2026-07-13 71.21  2026-07-14 76.49  7.41 
   S                           SentinelOne Inc   63.59                     Technology   2026-07-13 18.55  2026-07-14 19.92  7.39 
  ZS                               Zscaler Inc  205.74                     Technology  2026-07-13 141.82 2026-07-14 152.09  7.24 
KTOS Kratos Defense and Security Solutions Inc   88.06            Aerospace & Defense   2026-07-13 46.96  2026-07-14 50.36  7.24 
DELL                     Dell Technologies Inc 2768.87                     Technology  2026-07-13 427.11 2026-07-14 457.54  7.12 
CELC                              Celcuity Inc   50.61                  Biotechnology  2026-07-13 103.79 2026-07-14 111.05  6.99 
SMTC                              Semtech Corp  131.68                 Semiconductors  2026-07-13 132.15 2026-07-14 141.36  6.97 
AVTR                               Avantor Inc   72.10 Life Sciences Tools & Services   2026-07-13 10.56  2026-07-14 11.29  6.91 

=== 市值超过100亿的涨幅榜前20名股票 ===
股票代码              公司名称              市值(亿)                 板块                      昨天收盘               今天收盘        涨跌幅(%)
TSEM       Tower Semiconductor Ltd   256.68                 Semiconductors  2026-07-13 229.68  2026-07-14 255.49 11.24 
OKTA                      Okta Inc   242.51                     Technology  2026-07-13 139.53  2026-07-14 154.62 10.81 
  GS       Goldman Sachs Group Inc  3085.51             Financial Services 2026-07-13 1045.91  2026-07-14 1140.0  9.00 
CVNA                    Carvana Co   771.95                         Retail   2026-07-13 64.99   2026-07-14 70.38  8.29 
  ZS                   Zscaler Inc   205.74                     Technology  2026-07-13 141.82  2026-07-14 152.09  7.24 
DELL         Dell Technologies Inc  2768.87                     Technology  2026-07-13 427.11  2026-07-14 457.54  7.12 
SMTC                  Semtech Corp   131.68                 Semiconductors  2026-07-13 132.15  2026-07-14 141.36  6.97 
NTAP                    NetApp Inc   321.17                     Technology  2026-07-13 163.93  2026-07-14 174.55  6.48 
AMKR          Amkor Technology Inc   163.74                 Semiconductors   2026-07-13 66.06    2026-07-14 70.2  6.27 
LITE         Lumentum Holdings Inc   597.62                 Communications  2026-07-13 768.15   2026-07-14 814.8  6.07 
MSTR                  Strategy Inc   322.76                     Technology    2026-07-13 92.1   2026-07-14 97.58  5.95 
RBRK                    Rubrik Inc   172.57                     Technology   2026-07-13 83.84   2026-07-14 88.05  5.02 
SNDK                  Sandisk Corp  2478.98                     Technology 2026-07-13 1673.97 2026-07-14 1757.82  5.01 
 NXT                 Nextpower Inc   151.15           Electrical Equipment   2026-07-13 99.67  2026-07-14 104.66  5.01 
ONTO           Onto Innovation Inc   158.84                 Semiconductors  2026-07-13 304.21  2026-07-14 319.32  4.97 
  MU         Micron Technology Inc 10582.41                 Semiconductors   2026-07-13 937.0  2026-07-14 983.12  4.92 
 HPE Hewlett Packard Enterprise Co   625.55                     Technology   2026-07-13 47.24   2026-07-14 49.56  4.91 
 TEM                 Tempus AI Inc   100.43 Life Sciences Tools & Services   2026-07-13 55.93   2026-07-14 58.67  4.90 
LRCX             Lam Research Corp  4328.23                 Semiconductors  2026-07-13 329.92   2026-07-14 346.1  4.90 
VICR                    Vicor Corp   120.56           Electrical Equipment  2026-07-13 252.16   2026-07-14 264.5  4.89 

=== 市值超过200亿的涨幅榜前20名股票 ===
股票代码                公司名称                市值(亿)            板块                 昨天收盘               今天收盘        涨跌幅(%)
TSEM           Tower Semiconductor Ltd   256.68       Semiconductors  2026-07-13 229.68  2026-07-14 255.49 11.24 
OKTA                          Okta Inc   242.51           Technology  2026-07-13 139.53  2026-07-14 154.62 10.81 
  GS           Goldman Sachs Group Inc  3085.51   Financial Services 2026-07-13 1045.91  2026-07-14 1140.0  9.00 
CVNA                        Carvana Co   771.95               Retail   2026-07-13 64.99   2026-07-14 70.38  8.29 
  ZS                       Zscaler Inc   205.74           Technology  2026-07-13 141.82  2026-07-14 152.09  7.24 
DELL             Dell Technologies Inc  2768.87           Technology  2026-07-13 427.11  2026-07-14 457.54  7.12 
NTAP                        NetApp Inc   321.17           Technology  2026-07-13 163.93  2026-07-14 174.55  6.48 
LITE             Lumentum Holdings Inc   597.62       Communications  2026-07-13 768.15   2026-07-14 814.8  6.07 
MSTR                      Strategy Inc   322.76           Technology    2026-07-13 92.1   2026-07-14 97.58  5.95 
SNDK                      Sandisk Corp  2478.98           Technology 2026-07-13 1673.97 2026-07-14 1757.82  5.01 
  MU             Micron Technology Inc 10582.41       Semiconductors   2026-07-13 937.0  2026-07-14 983.12  4.92 
 HPE     Hewlett Packard Enterprise Co   625.55           Technology   2026-07-13 47.24   2026-07-14 49.56  4.91 
LRCX                 Lam Research Corp  4328.23       Semiconductors  2026-07-13 329.92   2026-07-14 346.1  4.90 
 NET                    Cloudflare Inc   957.16           Technology  2026-07-13 269.53  2026-07-14 281.75  4.53 
INTC                        Intel Corp  5182.81       Semiconductors  2026-07-13 103.12  2026-07-14 107.76  4.50 
SCCO              Southern Copper Corp  1456.15      Metals & Mining  2026-07-13 174.53  2026-07-14 182.38  4.50 
  BE                 Bloom Energy Corp   692.34 Electrical Equipment  2026-07-13 233.49   2026-07-14 243.4  4.24 
NVDA                       NVIDIA Corp 49254.26       Semiconductors  2026-07-13 203.53   2026-07-14 211.8  4.06 
DDOG Datadog Inc (Pre-Reincorporation)   926.35           Technology  2026-07-13 260.24  2026-07-14 270.73  4.03 
FTNT                      Fortinet Inc  1176.78           Technology  2026-07-13 160.62  2026-07-14 166.83  3.87 

=== 市值超过1000亿的涨跌榜前20名股票 ===
 股票代码            公司名称             市值(亿)            板块                 昨天收盘               今天收盘        涨跌幅(%)
   GS    Goldman Sachs Group Inc  3085.51   Financial Services 2026-07-13 1045.91  2026-07-14 1140.0  9.00 
 DELL      Dell Technologies Inc  2768.87           Technology  2026-07-13 427.11  2026-07-14 457.54  7.12 
 SNDK               Sandisk Corp  2478.98           Technology 2026-07-13 1673.97 2026-07-14 1757.82  5.01 
   MU      Micron Technology Inc 10582.41       Semiconductors   2026-07-13 937.0  2026-07-14 983.12  4.92 
 LRCX          Lam Research Corp  4328.23       Semiconductors  2026-07-13 329.92   2026-07-14 346.1  4.90 
 INTC                 Intel Corp  5182.81       Semiconductors  2026-07-13 103.12  2026-07-14 107.76  4.50 
 SCCO       Southern Copper Corp  1456.15      Metals & Mining  2026-07-13 174.53  2026-07-14 182.38  4.50 
 NVDA                NVIDIA Corp 49254.26       Semiconductors  2026-07-13 203.53   2026-07-14 211.8  4.06 
 FTNT               Fortinet Inc  1176.78           Technology  2026-07-13 160.62  2026-07-14 166.83  3.87 
 KLAC                   KLA Corp  2903.20       Semiconductors  2026-07-13 222.25  2026-07-14 230.37  3.65 
SBGSF      Schneider Electric SE  1518.74 Electrical Equipment  2026-07-13 299.71  2026-07-14 310.37  3.56 
 AMAT      Applied Materials Inc  4568.36       Semiconductors  2026-07-13 575.39   2026-07-14 595.7  3.53 
  ETN      Eaton Corporation PLC  1564.27 Electrical Equipment  2026-07-13 402.85  2026-07-14 415.52  3.15 
   MS             Morgan Stanley  3487.22   Financial Services  2026-07-13 221.09  2026-07-14 227.67  2.98 
 PLTR  Palantir Technologies Inc  3205.69           Technology  2026-07-13 130.04  2026-07-14 133.72  2.83 
  AMD Advanced Micro Devices Inc  8937.81       Semiconductors  2026-07-13 534.39  2026-07-14 548.13  2.57 
  JPM        JPMorgan Chase & Co  8963.77              Banking  2026-07-13 334.53  2026-07-14 342.89  2.50 
  TXN      Texas Instruments Inc  2717.26       Semiconductors  2026-07-13 298.57  2026-07-14 305.55  2.34 
 MRVL     Marvell Technology Inc  1902.95       Semiconductors  2026-07-13 217.53  2026-07-14 222.44  2.26 
  GEV             GE Vernova Inc  2864.58 Electrical Equipment  2026-07-13 1042.6 2026-07-14 1066.01  2.25 
