
=== 涨幅榜前20名股票 ===
 股票代码                  公司名称                  市值(亿)               板块                     昨天收盘             今天收盘       涨跌幅(%)
 BSLK             Bolt Projects Holdings Inc  0.00                      Chemicals   2026-06-30 0.0   2026-07-01 0.0 400.00
 LHAI                  Linkhome Holdings Inc  0.11                    Real Estate  2026-06-30 0.66  2026-07-01 2.74 315.15
 SDOT                        Sadot Group Inc  0.26                  Food Products 2026-06-30 35.09  2026-07-01 72.0 105.19
 EHGO                           Eshallgo Inc  0.06 Commercial Services & Supplies   2026-06-30 1.3  2026-07-01 2.66 104.62
  SOC                    Sable Offshore Corp  6.79                         Energy  2026-06-30 3.08   2026-07-01 4.4  42.86
CASIF               CASI Pharmaceuticals Inc  0.03                  Biotechnology  2026-06-30 0.17  2026-07-01 0.24  41.18
  ICU           SeaStar Medical Holding Corp  0.15                    Health Care  2026-06-30 3.67  2026-07-01 4.86  32.43
  RGC      Regencell Bioscience Holdings Ltd 30.17                Pharmaceuticals  2026-06-30 6.09  2026-07-01 8.03  31.86
 ELTX                Elicio Therapeutics Inc  0.75                  Biotechnology  2026-06-30 3.91  2026-07-01 5.14  31.46
TPICQ                     TPI Composites Inc  0.00           Electrical Equipment  2026-06-30 0.01  2026-07-01 0.01  31.25
 AHMA Ambitions Enterprise Management Co LLC  0.51                          Media   2026-06-30 1.7  2026-07-01 2.19  28.82
 SKIL                         Skillsoft Corp  0.60          Professional Services  2026-06-30 5.18  2026-07-01 6.64  28.19
 BCLI       Brainstorm Cell Therapeutics Inc  0.11                  Biotechnology   2026-06-30 1.0  2026-07-01 1.28  28.00
 MVIS                        MicroVision Inc  1.13           Electrical Equipment  2026-06-30 0.33  2026-07-01 0.42  25.91
 STEX                          Streamex Corp  1.12                    Health Care  2026-06-30 0.85  2026-07-01 1.07  25.88
SNBRQ                      Sleep Number Corp  0.03                         Retail  2026-06-30 0.02  2026-07-01 0.03  25.00
 PNBK           Patriot National Bancorp Inc  1.13                        Banking  2026-06-30 0.96   2026-07-01 1.2  25.00
  GVH                 Globavend Holdings Ltd  0.13     Logistics & Transportation   2026-06-30 4.8  2026-07-01 5.98  24.58
 RAAQ            Real Asset Acquisition Corp  2.48                            N/A  2026-06-30 10.8 2026-07-01 13.42  24.26
 MDXH                           MDxHealth SA  0.21                  Biotechnology  2026-06-30 0.41  2026-07-01 0.51  23.36

=== 市值超过20亿的涨幅榜前20名股票 ===
股票代码                公司名称                市值(亿)                 板块                     昨天收盘              今天收盘       涨跌幅(%)
 RGC Regencell Bioscience Holdings Ltd    30.17               Pharmaceuticals   2026-06-30 6.09   2026-07-01 8.03 31.86 
FRHC              Freedom Holding Corp    96.30            Financial Services 2026-06-30 130.47 2026-07-01 157.11 20.42 
MAAS                         Maase Inc    57.48                     Insurance   2026-06-30 13.0  2026-07-01 15.62 20.15 
RDDT                        Reddit Inc   334.16                         Media 2026-06-30 173.58 2026-07-01 197.76 13.93 
  GH               Guardant Health Inc   226.44                   Health Care 2026-06-30 150.03 2026-07-01 170.77 13.82 
 DLO                       Dlocal Ltd.    43.27            Financial Services  2026-06-30 12.99  2026-07-01 14.67 12.89 
OSCR                  Oscar Health Inc    85.98                     Insurance  2026-06-30 28.52   2026-07-01 31.9 11.85 
BULL                       Webull Corp    34.67            Financial Services   2026-06-30 6.52   2026-07-01 7.18 10.12 
KRMN               Karman Holdings Inc    72.80           Aerospace & Defense  2026-06-30 49.92  2026-07-01 54.93 10.04 
 UTI Universal Technical Institute Inc    23.56 Diversified Consumer Services  2026-06-30 42.77  2026-07-01 47.02  9.94 
FBYD        Falcon's Beyond Global Inc    21.73         Professional Services  2026-06-30 17.92   2026-07-01 19.7  9.93 
 APP                     Applovin Corp  1730.86                    Technology 2026-06-30 515.23 2026-07-01 564.61  9.58 
 ARX               Accelerant Holdings    25.57                     Insurance  2026-06-30 11.72  2026-07-01 12.84  9.56 
GRND                        Grindr Inc    25.54                         Media  2026-06-30 14.37  2026-07-01 15.69  9.19 
MMYT                    MakeMyTrip Ltd    50.55 Hotels, Restaurants & Leisure  2026-06-30 53.29  2026-07-01 58.19  9.19 
COIN               Coinbase Global Inc   385.15            Financial Services 2026-06-30 146.19 2026-07-01 159.24  8.93 
CELH              Celsius Holdings Inc    74.85                     Beverages  2026-06-30 29.28  2026-07-01 31.87  8.85 
META                Meta Platforms Inc 14298.68                         Media 2026-06-30 563.29 2026-07-01 612.91  8.81 
 XXI            Twenty One Capital Inc    39.10            Financial Services   2026-06-30 4.95   2026-07-01 5.38  8.69 
 GIS                 General Mills Inc   201.57                 Food Products   2026-06-30 34.8  2026-07-01 37.77  8.53 

=== 市值超过50亿的涨幅榜前20名股票 ===
股票代码              公司名称              市值(亿)                 板块                     昨天收盘              今天收盘       涨跌幅(%)
FRHC          Freedom Holding Corp    96.30            Financial Services 2026-06-30 130.47 2026-07-01 157.11 20.42 
MAAS                     Maase Inc    57.48                     Insurance   2026-06-30 13.0  2026-07-01 15.62 20.15 
RDDT                    Reddit Inc   334.16                         Media 2026-06-30 173.58 2026-07-01 197.76 13.93 
  GH           Guardant Health Inc   226.44                   Health Care 2026-06-30 150.03 2026-07-01 170.77 13.82 
OSCR              Oscar Health Inc    85.98                     Insurance  2026-06-30 28.52   2026-07-01 31.9 11.85 
KRMN           Karman Holdings Inc    72.80           Aerospace & Defense  2026-06-30 49.92  2026-07-01 54.93 10.04 
 APP                 Applovin Corp  1730.86                    Technology 2026-06-30 515.23 2026-07-01 564.61  9.58 
MMYT                MakeMyTrip Ltd    50.55 Hotels, Restaurants & Leisure  2026-06-30 53.29  2026-07-01 58.19  9.19 
COIN           Coinbase Global Inc   385.15            Financial Services 2026-06-30 146.19 2026-07-01 159.24  8.93 
CELH          Celsius Holdings Inc    74.85                     Beverages  2026-06-30 29.28  2026-07-01 31.87  8.85 
META            Meta Platforms Inc 14298.68                         Media 2026-06-30 563.29 2026-07-01 612.91  8.81 
 GIS             General Mills Inc   201.57                 Food Products   2026-06-30 34.8  2026-07-01 37.77  8.53 
HIMS        Hims & Hers Health Inc    80.25                   Health Care  2026-06-30 34.67  2026-07-01 37.57  8.36 
HOOD         Robinhood Markets Inc   903.83            Financial Services 2026-06-30 100.28 2026-07-01 108.65  8.35 
PLTR     Palantir Technologies Inc  2796.94                    Technology 2026-06-30 116.67 2026-07-01 125.73  7.77 
 FIG                     Figma Inc    95.58                    Technology  2026-06-30 18.09  2026-07-01 19.49  7.74 
 ELV           Elevance Health Inc   903.81                   Health Care 2026-06-30 386.73 2026-07-01 416.19  7.62 
ALGN          Align Technology Inc   129.98                   Health Care 2026-06-30 168.66 2026-07-01 181.49  7.61 
MSTR                  Strategy Inc   304.64                    Technology  2026-06-30 86.93  2026-07-01 93.39  7.43 
IBKR Interactive Brokers Group Inc  1476.39            Financial Services  2026-06-30 87.04  2026-07-01 93.25  7.13 

=== 市值超过100亿的涨幅榜前20名股票 ===
 股票代码                 公司名称                 市值(亿)                 板块                      昨天收盘              今天收盘       涨跌幅(%)
 RDDT                          Reddit Inc   334.16                          Media 2026-06-30 173.58 2026-07-01 197.76 13.93 
   GH                 Guardant Health Inc   226.44                    Health Care 2026-06-30 150.03 2026-07-01 170.77 13.82 
  APP                       Applovin Corp  1730.86                     Technology 2026-06-30 515.23 2026-07-01 564.61  9.58 
 COIN                 Coinbase Global Inc   385.15             Financial Services 2026-06-30 146.19 2026-07-01 159.24  8.93 
 META                  Meta Platforms Inc 14298.68                          Media 2026-06-30 563.29 2026-07-01 612.91  8.81 
  GIS                   General Mills Inc   201.57                  Food Products   2026-06-30 34.8  2026-07-01 37.77  8.53 
 HOOD               Robinhood Markets Inc   903.83             Financial Services 2026-06-30 100.28 2026-07-01 108.65  8.35 
 PLTR           Palantir Technologies Inc  2796.94                     Technology 2026-06-30 116.67 2026-07-01 125.73  7.77 
  ELV                 Elevance Health Inc   903.81                    Health Care 2026-06-30 386.73 2026-07-01 416.19  7.62 
 ALGN                Align Technology Inc   129.98                    Health Care 2026-06-30 168.66 2026-07-01 181.49  7.61 
 MSTR                        Strategy Inc   304.64                     Technology  2026-06-30 86.93  2026-07-01 93.39  7.43 
 IBKR       Interactive Brokers Group Inc  1476.39             Financial Services  2026-06-30 87.04  2026-07-01 93.25  7.13 
  MDB                         MongoDB Inc   270.17                     Technology  2026-06-30 335.9 2026-07-01 359.38  6.99 
 TEAM                      Atlassian Corp   197.41                     Technology  2026-06-30 77.79  2026-07-01 83.17  6.92 
 RBLX                         Roblox Corp   389.35                          Media  2026-06-30 54.38  2026-07-01 57.95  6.56 
 SHOP                         Shopify Inc  1481.66                     Technology 2026-06-30 114.18 2026-07-01 121.63  6.52 
  CNC                        Centene Corp   316.97                    Health Care  2026-06-30 64.19  2026-07-01 68.35  6.48 
  TEM                       Tempus AI Inc   104.02 Life Sciences Tools & Services  2026-06-30 57.93   2026-07-01 61.6  6.34 
 CTSH Cognizant Technology Solutions Corp   183.53                     Technology  2026-06-30 38.73  2026-07-01 41.07  6.04 
DSMFF                    DSM-Firmenich AG   195.46                      Chemicals  2026-06-30 88.19  2026-07-01 93.52  6.04 

=== 市值超过200亿的涨幅榜前20名股票 ===
 股票代码                公司名称                 市值(亿)            板块                昨天收盘              今天收盘       涨跌幅(%)
 RDDT                         Reddit Inc   334.16               Media 2026-06-30 173.58 2026-07-01 197.76 13.93 
   GH                Guardant Health Inc   226.44         Health Care 2026-06-30 150.03 2026-07-01 170.77 13.82 
  APP                      Applovin Corp  1730.86          Technology 2026-06-30 515.23 2026-07-01 564.61  9.58 
 COIN                Coinbase Global Inc   385.15  Financial Services 2026-06-30 146.19 2026-07-01 159.24  8.93 
 META                 Meta Platforms Inc 14298.68               Media 2026-06-30 563.29 2026-07-01 612.91  8.81 
  GIS                  General Mills Inc   201.57       Food Products   2026-06-30 34.8  2026-07-01 37.77  8.53 
 HOOD              Robinhood Markets Inc   903.83  Financial Services 2026-06-30 100.28 2026-07-01 108.65  8.35 
 PLTR          Palantir Technologies Inc  2796.94          Technology 2026-06-30 116.67 2026-07-01 125.73  7.77 
  ELV                Elevance Health Inc   903.81         Health Care 2026-06-30 386.73 2026-07-01 416.19  7.62 
 MSTR                       Strategy Inc   304.64          Technology  2026-06-30 86.93  2026-07-01 93.39  7.43 
 IBKR      Interactive Brokers Group Inc  1476.39  Financial Services  2026-06-30 87.04  2026-07-01 93.25  7.13 
  MDB                        MongoDB Inc   270.17          Technology  2026-06-30 335.9 2026-07-01 359.38  6.99 
 RBLX                        Roblox Corp   389.35               Media  2026-06-30 54.38  2026-07-01 57.95  6.56 
 SHOP                        Shopify Inc  1481.66          Technology 2026-06-30 114.18 2026-07-01 121.63  6.52 
  CNC                       Centene Corp   316.97         Health Care  2026-06-30 64.19  2026-07-01 68.35  6.48 
 CCEP Coca-Cola Europacific Partners PLC   443.53           Beverages 2026-06-30 100.07  2026-07-01 106.1  6.03 
 AXON                Axon Enterprise Inc   478.74 Aerospace & Defense 2026-06-30 560.61 2026-07-01 593.96  5.95 
  KHC                     Kraft Heinz Co   280.08       Food Products  2026-06-30 23.62  2026-07-01 25.01  5.88 
 MDLN                        Medline Inc   548.20         Health Care  2026-06-30 39.44  2026-07-01 41.73  5.81 
ESLOF                Essilorluxottica SA   759.63         Health Care 2026-06-30 185.28  2026-07-01 196.0  5.79 

=== 市值超过1000亿的涨跌榜前20名股票 ===
股票代码              公司名称              市值(亿)                 板块                      昨天收盘              今天收盘       涨跌幅(%)
 APP                 Applovin Corp  1730.86                     Technology 2026-06-30 515.23 2026-07-01 564.61  9.58 
META            Meta Platforms Inc 14298.68                          Media 2026-06-30 563.29 2026-07-01 612.91  8.81 
PLTR     Palantir Technologies Inc  2796.94                     Technology 2026-06-30 116.67 2026-07-01 125.73  7.77 
IBKR Interactive Brokers Group Inc  1476.39             Financial Services  2026-06-30 87.04  2026-07-01 93.25  7.13 
SHOP                   Shopify Inc  1481.66                     Technology 2026-06-30 114.18 2026-07-01 121.63  6.52 
 PEP                   PepsiCo Inc  1850.60                      Beverages  2026-06-30 135.4 2026-07-01 141.16  4.25 
 CRM                Salesforce Inc  1283.05                     Technology 2026-06-30 156.66 2026-07-01 163.23  4.19 
NFLX                   Netflix Inc  3006.51                          Media   2026-06-30 71.4  2026-07-01 74.19  3.91 
FTNT                  Fortinet Inc  1164.76                     Technology 2026-06-30 153.62 2026-07-01 158.98  3.49 
  CB                 Chubb Limited  1364.22                      Insurance 2026-06-30 340.74 2026-07-01 351.73  3.23 
TMUS               T-Mobile US Inc  1815.18              Telecommunication 2026-06-30 167.73 2026-07-01 173.06  3.18 
 PGR              Progressive Corp  1276.48                      Insurance 2026-06-30 218.45  2026-07-01 225.3  3.14 
MSFT                Microsoft Corp 27709.55                     Technology 2026-06-30 373.02 2026-07-01 384.28  3.02 
 AXP           American Express Co  2307.97             Financial Services 2026-06-30 338.25  2026-07-01 348.0  2.88 
 LIN                     Linde PLC  2400.61                      Chemicals 2026-06-30 518.94 2026-07-01 533.55  2.82 
 UNH        UnitedHealth Group Inc  3774.52                    Health Care 2026-06-30 415.63 2026-07-01 426.54  2.62 
BKNG          Booking Holdings Inc  1381.14  Hotels, Restaurants & Leisure 2026-06-30 178.24 2026-07-01 182.64  2.47 
 LMT          Lockheed Martin Corp  1203.13            Aerospace & Defense 2026-06-30 509.46 2026-07-01 521.82  2.43 
 BAC          Bank of America Corp  4043.64                        Banking  2026-06-30 56.98  2026-07-01 58.36  2.42 
 TMO  Thermo Fisher Scientific Inc  1863.16 Life Sciences Tools & Services 2026-06-30 501.36 2026-07-01 513.33  2.39 
