
=== 涨幅榜前20名股票 ===
股票代码            公司名称            市值(亿)                板块                      昨天收盘             今天收盘       涨跌幅(%)
VLCN                 Volcon Inc  0.05                      Automobiles  2025-07-16 9.22 2025-07-17 21.61 134.28
ATNF     180 Life Sciences Corp  0.05                    Biotechnology  2025-07-16 0.88  2025-07-17 1.83 107.95
ABVE Above Food Ingredients Inc  1.26                    Food Products  2025-07-16 1.68   2025-07-17 3.4 102.38
BTOG             Bit Origin Ltd  0.24                       Technology  2025-07-16 0.33  2025-07-17 0.63  90.06
BGLC     BioNexus Gene Lab Corp  0.09 Trading Companies & Distributors  2025-07-16 4.25  2025-07-17 6.63  56.00
ZURA               Zura Bio Ltd  0.82                    Biotechnology  2025-07-16 1.29  2025-07-17 1.96  51.94
PHOE  Phoenix Asia Holdings Ltd  1.71                              N/A  2025-07-16 7.65 2025-07-17 10.96  43.27
SPAI         Safe Pro Group Inc  0.57              Aerospace & Defense  2025-07-16 3.06  2025-07-17 4.35  42.16
SAIH                SAIHEAT Ltd  1.27                       Technology 2025-07-16 10.46 2025-07-17 14.67  40.25
BEEM                Beam Global  0.34             Electrical Equipment  2025-07-16 2.05  2025-07-17 2.83  38.05
BSLK Bolt Projects Holdings Inc  0.07                        Chemicals  2025-07-16 2.21  2025-07-17 3.03  37.10
SMTK               SmartKem Inc  0.04                   Semiconductors  2025-07-16 0.82  2025-07-17 1.12  37.09
LCID            Lucid Group Inc 89.68                      Automobiles  2025-07-16 2.29  2025-07-17 3.12  36.24
SCLX          Scilex Holding Co  0.51                  Pharmaceuticals   2025-07-16 7.0  2025-07-17 9.25  32.14
PDYN          Palladyne AI Corp  3.93                        Machinery  2025-07-16 9.65 2025-07-17 12.68  31.40
MBRX      Moleculin Biotech Inc  0.21                    Biotechnology  2025-07-16 0.64  2025-07-17 0.84  30.56
HYPR              Hyperfine Inc  0.67                      Health Care   2025-07-16 0.8  2025-07-17 1.03  28.75
 SOC        Sable Offshore Corp 21.87                           Energy 2025-07-16 22.07 2025-07-17 28.34  28.41
FLYE            Fly-E Group Inc  0.49                      Automobiles  2025-07-16 4.67  2025-07-17 5.88  25.91
 PGY    Pagaya Technologies Ltd 21.16                       Technology 2025-07-16 23.53  2025-07-17 29.5  25.37

=== 市值超过20亿的涨幅榜前20名股票 ===
股票代码                    公司名称                   市值(亿)                板块                     昨天收盘              今天收盘       涨跌幅(%)
LCID                           Lucid Group Inc  89.68                   Automobiles   2025-07-16 2.29   2025-07-17 3.12 36.24 
 SOC                       Sable Offshore Corp  21.87                        Energy  2025-07-16 22.07  2025-07-17 28.34 28.41 
 PGY                   Pagaya Technologies Ltd  21.16                    Technology  2025-07-16 23.53   2025-07-17 29.5 25.37 
MCRI               Monarch Casino & Resort Inc  20.66 Hotels, Restaurants & Leisure  2025-07-16 87.36 2025-07-17 104.83 20.00 
  QS                         Quantumscape Corp  71.88               Auto Components  2025-07-16 11.35   2025-07-17 13.6 19.82 
SRPT                  Sarepta Therapeutics Inc  21.44                 Biotechnology  2025-07-16 18.38  2025-07-17 21.97 19.53 
BBAI                   BigBear.ai Holdings Inc  22.08                    Technology   2025-07-16 7.12   2025-07-17 8.22 15.45 
QBTS                        D-Wave Quantum Inc  54.43                    Technology  2025-07-16 16.91  2025-07-17 19.24 13.78 
 AIR                                  AAR Corp  30.18           Aerospace & Defense  2025-07-16 74.88   2025-07-17 85.1 13.65 
BULL                               Webull Corp  66.35            Financial Services   2025-07-16 12.9  2025-07-17 14.43 11.86 
ACHR                       Archer Aviation Inc  79.63           Aerospace & Defense  2025-07-16 12.09   2025-07-17 13.4 10.84 
LUNR                    Intuitive Machines Inc  21.92           Aerospace & Defense  2025-07-16 11.22  2025-07-17 12.25  9.18 
ASTS                       AST SpaceMobile Inc 184.10             Telecommunication  2025-07-16 52.63  2025-07-17 57.45  9.16 
CGON                           CG Oncology Inc  20.77                 Biotechnology  2025-07-16 26.08  2025-07-17 28.46  9.13 
MRUS                                  Merus NV  44.26                 Biotechnology  2025-07-16 56.51  2025-07-17 61.44  8.73 
KTOS Kratos Defense and Security Solutions Inc  93.81           Aerospace & Defense  2025-07-16 54.28  2025-07-17 58.91  8.53 
VOYG                  Voyager Technologies Inc  26.24           Aerospace & Defense  2025-07-16 42.72  2025-07-17 46.36  8.52 
JOBY                         Joby Aviation Inc 135.48                      Airlines  2025-07-16 16.33  2025-07-17 17.72  8.51 
APLD                      Applied Digital Corp  24.15                    Technology  2025-07-16 10.06  2025-07-17 10.91  8.45 
 SNA                               Snap-On Inc 174.84                     Machinery 2025-07-16 313.01  2025-07-17 337.8  7.92 

=== 市值超过50亿的涨幅榜前20名股票 ===
股票代码                    公司名称                    市值(亿)           板块                昨天收盘              今天收盘       涨跌幅(%)
LCID                           Lucid Group Inc   89.68         Automobiles   2025-07-16 2.29   2025-07-17 3.12 36.24 
  QS                         Quantumscape Corp   71.88     Auto Components  2025-07-16 11.35   2025-07-17 13.6 19.82 
QBTS                        D-Wave Quantum Inc   54.43          Technology  2025-07-16 16.91  2025-07-17 19.24 13.78 
BULL                               Webull Corp   66.35  Financial Services   2025-07-16 12.9  2025-07-17 14.43 11.86 
ACHR                       Archer Aviation Inc   79.63 Aerospace & Defense  2025-07-16 12.09   2025-07-17 13.4 10.84 
ASTS                       AST SpaceMobile Inc  184.10   Telecommunication  2025-07-16 52.63  2025-07-17 57.45  9.16 
KTOS Kratos Defense and Security Solutions Inc   93.81 Aerospace & Defense  2025-07-16 54.28  2025-07-17 58.91  8.53 
JOBY                         Joby Aviation Inc  135.48            Airlines  2025-07-16 16.33  2025-07-17 17.72  8.51 
 SNA                               Snap-On Inc  174.84           Machinery 2025-07-16 313.01  2025-07-17 337.8  7.92 
RKLB                        Rocket Lab USA Inc  246.36 Aerospace & Defense  2025-07-16 47.69  2025-07-17 51.33  7.63 
   U                        Unity Software Inc  154.53          Technology  2025-07-16 33.94  2025-07-17 36.52  7.60 
FRHC                      Freedom Holding Corp  102.21  Financial Services 2025-07-16 159.33 2025-07-17 171.42  7.59 
 ALB                            Albemarle Corp   87.95           Chemicals  2025-07-16 70.41  2025-07-17 75.74  7.57 
 PEP                               PepsiCo Inc 1967.03           Beverages 2025-07-16 135.35 2025-07-17 145.44  7.45 
SOUN                         SoundHound AI Inc   50.10          Technology  2025-07-16 11.78  2025-07-17 12.64  7.30 
TSEM                   Tower Semiconductor Ltd   55.97      Semiconductors  2025-07-16 45.64  2025-07-17 48.94  7.23 
AAON                                  Aaon Inc   61.26            Building  2025-07-16 74.27  2025-07-17 79.46  6.99 
ALAB                           Astera Labs Inc  151.92      Semiconductors  2025-07-16 91.94  2025-07-17 97.95  6.54 
STEP                       StepStone Group Inc   72.94  Financial Services  2025-07-16 59.64  2025-07-17 63.24  6.04 
  UI                              Ubiquiti Inc  260.12      Communications 2025-07-16 421.97 2025-07-17 446.93  5.92 

=== 市值超过100亿的涨幅榜前20名股票 ===
股票代码          公司名称          市值(亿)           板块                 昨天收盘              今天收盘       涨跌幅(%)
ASTS   AST SpaceMobile Inc  184.10    Telecommunication  2025-07-16 52.63  2025-07-17 57.45  9.16 
JOBY     Joby Aviation Inc  135.48             Airlines  2025-07-16 16.33  2025-07-17 17.72  8.51 
 SNA           Snap-On Inc  174.84            Machinery 2025-07-16 313.01  2025-07-17 337.8  7.92 
RKLB    Rocket Lab USA Inc  246.36  Aerospace & Defense  2025-07-16 47.69  2025-07-17 51.33  7.63 
   U    Unity Software Inc  154.53           Technology  2025-07-16 33.94  2025-07-17 36.52  7.60 
FRHC  Freedom Holding Corp  102.21   Financial Services 2025-07-16 159.33 2025-07-17 171.42  7.59 
 PEP           PepsiCo Inc 1967.03            Beverages 2025-07-16 135.35 2025-07-17 145.44  7.45 
ALAB       Astera Labs Inc  151.92       Semiconductors  2025-07-16 91.94  2025-07-17 97.95  6.54 
  UI          Ubiquiti Inc  260.12       Communications 2025-07-16 421.97 2025-07-17 446.93  5.92 
 AUR Aurora Innovation Inc  111.35           Technology   2025-07-16 6.06   2025-07-17 6.41  5.78 
SHOP           Shopify Inc 1575.80           Technology  2025-07-16 120.0 2025-07-17 126.75  5.62 
ALLE          Allegion PLC  129.39             Building 2025-07-16 146.07 2025-07-17 153.53  5.11 
 ETN Eaton Corporation PLC 1479.19 Electrical Equipment 2025-07-16 362.89 2025-07-17 380.72  4.91 
 VRT    Vertiv Holdings Co  498.52 Electrical Equipment  2025-07-16 125.4 2025-07-17 131.12  4.56 
HUBB           Hubbell Inc  231.96 Electrical Equipment 2025-07-16 418.42 2025-07-17 437.23  4.50 
PSTG      Pure Storage Inc  183.40           Technology  2025-07-16 54.84  2025-07-17 57.25  4.39 
 HSY            Hershey Co  341.27        Food Products 2025-07-16 164.27 2025-07-17 171.23  4.24 
 MDB           MongoDB Inc  173.50           Technology 2025-07-16 209.64 2025-07-17 218.53  4.24 
RIVN Rivian Automotive Inc  148.86          Automobiles  2025-07-16 12.39   2025-07-17 12.9  4.12 
FSLR       First Solar Inc  183.15       Semiconductors 2025-07-16 166.82 2025-07-17 173.54  4.03 

=== 市值超过200亿的涨幅榜前20名股票 ===
股票代码               公司名称               市值(亿)                板块                      昨天收盘              今天收盘       涨跌幅(%)
RKLB              Rocket Lab USA Inc  246.36            Aerospace & Defense  2025-07-16 47.69  2025-07-17 51.33  7.63 
 PEP                     PepsiCo Inc 1967.03                      Beverages 2025-07-16 135.35 2025-07-17 145.44  7.45 
  UI                    Ubiquiti Inc  260.12                 Communications 2025-07-16 421.97 2025-07-17 446.93  5.92 
SHOP                     Shopify Inc 1575.80                     Technology  2025-07-16 120.0 2025-07-17 126.75  5.62 
 ETN           Eaton Corporation PLC 1479.19           Electrical Equipment 2025-07-16 362.89 2025-07-17 380.72  4.91 
 VRT              Vertiv Holdings Co  498.52           Electrical Equipment  2025-07-16 125.4 2025-07-17 131.12  4.56 
HUBB                     Hubbell Inc  231.96           Electrical Equipment 2025-07-16 418.42 2025-07-17 437.23  4.50 
 HSY                      Hershey Co  341.27                  Food Products 2025-07-16 164.27 2025-07-17 171.23  4.24 
  BX                  Blackstone Inc 2055.93             Financial Services 2025-07-16 165.92 2025-07-17 172.49  3.96 
 CFG    Citizens Financial Group Inc  208.02                        Banking  2025-07-16 46.97  2025-07-17 48.82  3.94 
 TRV         Travelers Companies Inc  577.17                      Insurance 2025-07-16 252.19 2025-07-17 261.81  3.81 
 CSX                        CSX Corp  648.31                    Road & Rail  2025-07-16 33.26   2025-07-17 34.5  3.73 
CTAS                     Cintas Corp  870.10 Commercial Services & Supplies 2025-07-16 214.02 2025-07-17 221.92  3.69 
 BAM BROOKFIELD ASSET MANAGEMENT LTD  966.89             Financial Services  2025-07-16 59.32  2025-07-17 61.49  3.66 
 NSC           Norfolk Southern Corp  602.37                    Road & Rail 2025-07-16 260.32 2025-07-17 269.81  3.65 
  BN                 Brookfield Corp 1095.72             Financial Services  2025-07-16 65.79  2025-07-17 68.14  3.57 
 TDY       Teledyne Technologies Inc  254.80           Electrical Equipment 2025-07-16 540.06  2025-07-17 559.0  3.51 
MDLZ      Mondelez International Inc  890.06                  Food Products  2025-07-16 67.47   2025-07-17 69.8  3.45 
   C                   Citigroup Inc 1697.21                        Banking  2025-07-16 90.02  2025-07-17 93.09  3.41 
ANET             Arista Networks Inc 1387.14                 Communications  2025-07-16 108.3 2025-07-17 111.98  3.40 

=== 市值超过1000亿的涨跌榜前20名股票 ===
股票代码             公司名称              市值(亿)                 板块                      昨天收盘               今天收盘        涨跌幅(%)
 PEP                  PepsiCo Inc  1967.03                      Beverages  2025-07-16 135.35  2025-07-17 145.44  7.45 
SHOP                  Shopify Inc  1575.80                     Technology   2025-07-16 120.0  2025-07-17 126.75  5.62 
 ETN        Eaton Corporation PLC  1479.19           Electrical Equipment  2025-07-16 362.89  2025-07-17 380.72  4.91 
  BX               Blackstone Inc  2055.93             Financial Services  2025-07-16 165.92  2025-07-17 172.49  3.96 
  BN              Brookfield Corp  1095.72             Financial Services   2025-07-16 65.79   2025-07-17 68.14  3.57 
   C                Citigroup Inc  1697.21                        Banking   2025-07-16 90.02   2025-07-17 93.09  3.41 
ANET          Arista Networks Inc  1387.14                 Communications   2025-07-16 108.3  2025-07-17 111.98  3.40 
 KKR                 KKR & Co Inc  1309.24             Financial Services  2025-07-16 143.05   2025-07-17 147.6  3.18 
COIN          Coinbase Global Inc  1019.20             Financial Services   2025-07-16 398.2  2025-07-17 410.75  3.15 
ORCL                  Oracle Corp  6896.25                     Technology   2025-07-16 241.3  2025-07-17 248.75  3.09 
 APP                Applovin Corp  1217.42                     Technology   2025-07-16 355.5  2025-07-17 363.78  2.33 
SPOT        Spotify Technology SA  1419.77                          Media  2025-07-16 705.55  2025-07-17 720.91  2.18 
 BAC         Bank of America Corp  3462.78                        Banking   2025-07-16 46.03   2025-07-17 47.02  2.15 
 BLK                BlackRock Inc  1696.29             Financial Services 2025-07-16 1082.24 2025-07-17 1105.38  2.14 
 TMO Thermo Fisher Scientific Inc  1575.43 Life Sciences Tools & Services  2025-07-16 416.31  2025-07-17 424.98  2.08 
PLTR    Palantir Technologies Inc  3569.37                     Technology  2025-07-16 150.91  2025-07-17 153.99  2.04 
AVGO                 Broadcom Inc 13297.07                 Semiconductors  2025-07-16 280.81  2025-07-17 286.45  2.01 
 DIS               Walt Disney Co  2178.78                          Media  2025-07-16 119.82  2025-07-17 122.21  1.99 
  KO                 Coca-Cola Co  3004.38                      Beverages   2025-07-16 69.27   2025-07-17 70.59  1.91 
NFLX                  Netflix Inc  5338.49                          Media 2025-07-16 1250.31 2025-07-17 1274.17  1.91 
