2025-01-25 18:09:40,938 - INFO: 日志目录: logs/20250125_180940
2025-01-25 18:09:40,938 - INFO: 日志文件: logs/20250125_180940/execution.log
2025-01-25 18:09:40,938 - INFO: 开始获取和过滤股票列表...
2025-01-25 18:09:40,938 - INFO: 已加载 4 个非美股记录
2025-01-25 18:09:40,939 - INFO: 未找到需排除的股票列表文件
2025-01-25 18:09:40,939 - INFO: 未找到已验证的有效股票列表文件
2025-01-25 18:09:43,378 - INFO: 从 Finnhub 获取到总计 27487 个股票
2025-01-25 18:09:43,378 - INFO: 
=== 股票过滤结果 ===
2025-01-25 18:09:43,379 - INFO: 原始股票数量: 27487
2025-01-25 18:09:43,379 - INFO: 过滤后数量: 16
2025-01-25 18:09:43,379 - INFO: 
被排除的股票统计:
2025-01-25 18:09:43,388 - INFO: - 权证: 3 只
2025-01-25 18:09:43,388 - INFO: - 非普通股: 9 只
2025-01-25 18:09:43,389 - INFO: - 非标准股票代码: 2 只
2025-01-25 18:09:43,389 - INFO: 开始处理 16 只股票...
2025-01-25 18:09:43,692 - INFO: 股票 INFX 数据不足
2025-01-25 18:09:44,056 - INFO: 跳过非美国主要交易所上市的股票 MYIDF (交易所: TSX VENTURE EXCHANGE - NEX)
2025-01-25 18:09:44,056 - INFO: 股票 MYIDF 无法获取详细信息
2025-01-25 18:09:44,062 - INFO: 股票 CUCHF 数据不足
2025-01-25 18:09:44,080 - INFO: 跳过非美国主要交易所上市的股票 EATBF (交易所: CANADIAN NATIONAL STOCK EXCHANGE)
2025-01-25 18:09:44,080 - INFO: 股票 EATBF 无法获取详细信息
2025-01-25 18:09:44,878 - INFO: 跳过非美国主要交易所上市的股票 PRDL (交易所: OTC MARKETS)
2025-01-25 18:09:44,879 - INFO: 股票 PRDL 无法获取详细信息
2025-01-25 18:09:44,884 - INFO: 跳过非美国主要交易所上市的股票 BYSD (交易所: OTC MARKETS)
2025-01-25 18:09:44,884 - INFO: 股票 BYSD 无法获取详细信息
2025-01-25 18:09:44,893 - INFO: 跳过非美国主要交易所上市的股票 NGKSF (交易所: TOKYO STOCK EXCHANGE-TOKYO PRO MARKET)
2025-01-25 18:09:44,893 - INFO: 股票 NGKSF 无法获取详细信息
2025-01-25 18:09:45,070 - INFO: 进度: 10/16 (62.5%) 有效数据: 3
2025-01-25 18:09:45,458 - INFO: 跳过非美国主要交易所上市的股票 SHMP (交易所: OTC MARKETS)
2025-01-25 18:09:45,459 - INFO: 股票 SHMP 无法获取详细信息
2025-01-25 18:09:45,476 - INFO: 跳过非美国主要交易所上市的股票 CABB (交易所: OTC MARKETS)
2025-01-25 18:09:45,476 - INFO: 股票 CABB 无法获取详细信息
2025-01-25 18:09:46,232 - INFO: 跳过非美国主要交易所上市的股票 USHAF (交易所: TSX VENTURE EXCHANGE - NEX)
2025-01-25 18:09:46,233 - INFO: 股票 USHAF 无法获取详细信息
2025-01-25 18:09:46,241 - INFO: 
处理完成!
2025-01-25 18:09:46,241 - INFO: 总计处理: 16 只股票
2025-01-25 18:09:46,241 - INFO: 有效数据: 6 只股票
2025-01-25 18:09:46,241 - INFO: 无效数据: 10 只股票
2025-01-25 18:09:46,246 - INFO: 日志目录: logs/20250125_180940
2025-01-25 18:09:46,246 - INFO: 日志文件: logs/20250125_180940/execution.log
2025-01-25 18:09:46,246 - INFO: 
=== 涨幅榜前20名股票 ===
2025-01-25 18:09:46,247 - INFO: 
=== 涨幅榜前20名股票 ===
2025-01-25 18:09:46,259 - INFO: 
  股票代码                               公司名称  市值(亿)                              板块            昨天收盘            今天收盘  涨跌幅(%)
4      TOP                TOP Financial Group Ltd      0.58                Financial Services   2025-01-23 (1, 2)   2025-01-24 (2, 2)       5.41
5     IRMD                          IRadimed Corp      7.66                       Health Care  2025-01-23 (60, 2)  2025-01-24 (60, 2)       0.23
3     ATEK  Athena Technology Acquisition Corp II      0.11                               N/A   2025-01-23 (1, 2)   2025-01-24 (1, 2)       0.00
0     LINC      Lincoln Educational Services Corp      5.05     Diversified Consumer Services  2025-01-23 (16, 2)  2025-01-24 (16, 2)      -0.12
1     SCSC                         Scansource Inc     12.15              Electrical Equipment  2025-01-23 (51, 2)  2025-01-24 (51, 2)      -0.37
2     DSGR       Distribution Solutions Group Inc     15.87  Trading Companies & Distributors  2025-01-23 (34, 2)  2025-01-24 (34, 2)      -1.40
2025-01-25 18:09:46,259 - INFO: 
  股票代码                               公司名称  市值(亿)                              板块            昨天收盘            今天收盘  涨跌幅(%)
4      TOP                TOP Financial Group Ltd      0.58                Financial Services   2025-01-23 (1, 2)   2025-01-24 (2, 2)       5.41
5     IRMD                          IRadimed Corp      7.66                       Health Care  2025-01-23 (60, 2)  2025-01-24 (60, 2)       0.23
3     ATEK  Athena Technology Acquisition Corp II      0.11                               N/A   2025-01-23 (1, 2)   2025-01-24 (1, 2)       0.00
0     LINC      Lincoln Educational Services Corp      5.05     Diversified Consumer Services  2025-01-23 (16, 2)  2025-01-24 (16, 2)      -0.12
1     SCSC                         Scansource Inc     12.15              Electrical Equipment  2025-01-23 (51, 2)  2025-01-24 (51, 2)      -0.37
2     DSGR       Distribution Solutions Group Inc     15.87  Trading Companies & Distributors  2025-01-23 (34, 2)  2025-01-24 (34, 2)      -1.40
2025-01-25 18:09:46,260 - INFO: 
没有市值超过20亿的股票!
2025-01-25 18:09:46,260 - INFO: 
没有市值超过20亿的股票!
2025-01-25 18:09:46,260 - INFO: 
没有市值超过50亿的股票!
2025-01-25 18:09:46,260 - INFO: 
没有市值超过50亿的股票!
2025-01-25 18:09:46,261 - INFO: 
没有市值超过100亿的股票!
2025-01-25 18:09:46,261 - INFO: 
没有市值超过100亿的股票!
2025-01-25 18:09:46,262 - INFO: 
没有市值超过200亿的股票!
2025-01-25 18:09:46,262 - INFO: 
没有市值超过200亿的股票!
2025-01-25 18:09:46,262 - INFO: 
没有市值超过1000亿的股票!
2025-01-25 18:09:46,262 - INFO: 
没有市值超过1000亿的股票!
2025-01-25 18:09:46,263 - INFO: 结果已保存到: logs/20250125_180940/top20_result.log
2025-01-25 18:09:46,263 - INFO: 日志目录: logs/20250125_180940
2025-01-25 18:09:46,263 - INFO: 日志文件: logs/20250125_180940/execution.log
2025-01-25 18:09:46,264 - INFO: 股票数据已保存到 logs/20250125_180940/stocks_data.json
2025-01-25 18:09:46,267 - INFO: 
=== 板块涨跌分析 ===
2025-01-25 18:09:46,270 - INFO: 
                               板块  平均涨跌幅  股票数量
2                Financial Services        5.41         1
3                       Health Care        0.23         1
4                               N/A        0.00         1
0     Diversified Consumer Services       -0.12         1
1              Electrical Equipment       -0.37         1
5  Trading Companies & Distributors       -1.40         1
2025-01-25 18:09:46,271 - INFO: 板块分析已保存到 logs/20250125_180940/sector_analysis.json
