
=== 涨幅榜前20名股票 ===
股票代码                   公司名称                   市值(亿)               板块                    昨天收盘             今天收盘       涨跌幅(%)
NTCL                  NetClass Technology Inc  1.78 Diversified Consumer Services 2025-05-05 12.57  2025-05-06 33.0 162.53
MRIN                       Marin Software Inc  0.02                    Technology  2025-05-05 0.63  2025-05-06 1.37 117.46
SLGL                 Sol Gel Technologies Ltd  0.15               Pharmaceuticals  2025-05-05 4.42  2025-05-06 7.66  73.30
 RGC        Regencell Bioscience Holdings Ltd 17.24               Pharmaceuticals 2025-05-05 92.88 2025-05-06 151.0  62.58
TDUP                              ThredUp Inc  7.59                        Retail  2025-05-05 4.44  2025-05-06 6.56  47.75
 AQB              AquaBounty Technologies Inc  0.03                 Biotechnology  2025-05-05 0.64  2025-05-06 0.94  46.88
SXTC            China SXT Pharmaceuticals Inc  0.25               Pharmaceuticals  2025-05-05 1.41  2025-05-06 2.05  45.39
CISO                          CISO Global Inc  0.12                    Technology  2025-05-05 0.57  2025-05-06 0.83  44.92
 ADN         Advent Technologies Holdings Inc  0.09          Electrical Equipment  2025-05-05 2.82  2025-05-06 3.91  38.65
MTEN          Mingteng International Corp Inc  0.69               Auto Components  2025-05-05 9.05 2025-05-06 12.25  35.36
FARO                    FARO Technologies Inc  8.14          Electrical Equipment 2025-05-05 31.45 2025-05-06 42.36  34.69
TOPP                    Toppoint Holdings Inc  0.17                   Road & Rail  2025-05-05 1.01  2025-05-06 1.35  33.66
EVGO                                 EVgo Inc 11.37                        Retail  2025-05-05 2.77  2025-05-06 3.67  32.49
RAIN Rain Enhancement Technologies Holdco Inc  0.33                     Machinery  2025-05-05 3.83  2025-05-06 5.01  30.98
PTLE                                  PTL Ltd  0.16                        Energy  2025-05-05 1.18  2025-05-06 1.53  29.33
BYSI                         Beyondspring Inc  0.69                 Biotechnology  2025-05-05 1.67  2025-05-06 2.13  27.54
SAIH                              SAIHEAT Ltd  0.80                    Technology  2025-05-05 6.23   2025-05-06 7.9  26.81
HTCO           High-Trend International Group  1.95                        Marine  2025-05-05 1.35  2025-05-06 1.69  25.19
CRMD                             CorMedix Inc  6.66               Pharmaceuticals  2025-05-05 9.03 2025-05-06 11.16  23.59
LOBO                 LOBO EV Technologies Ltd  0.07                   Automobiles  2025-05-05 0.67  2025-05-06 0.82  23.31

=== 市值超过20亿的涨幅榜前20名股票 ===
股票代码              公司名称              市值(亿)                 板块                       昨天收盘              今天收盘       涨跌幅(%)
HIMS         Hims & Hers Health Inc 103.49                      Health Care  2025-05-05 41.88  2025-05-06 49.47 18.12 
 RRX             Regal Rexnord Corp  82.36             Electrical Equipment 2025-05-05 110.28 2025-05-06 125.24 13.57 
OKLO                       Oklo Inc  35.86                        Utilities  2025-05-05 25.47  2025-05-06 28.66 12.52 
 ULS               UL Solutions Inc 133.29            Professional Services  2025-05-05 59.96  2025-05-06 67.33 12.29 
PINC                    Premier Inc  20.70                      Health Care  2025-05-05 20.51  2025-05-06 22.94 11.85 
 CEG      Constellation Energy Corp 853.74                        Utilities 2025-05-05 248.27 2025-05-06 273.82 10.29 
ARMK                        Aramark  99.88    Hotels, Restaurants & Leisure   2025-05-05 34.2  2025-05-06 37.64 10.06 
  CE                  Celanese Corp  54.70                        Chemicals  2025-05-05 44.77  2025-05-06 49.05  9.56 
IPAR               Interparfums Inc  37.41                Consumer products 2025-05-05 110.37  2025-05-06 120.0  8.73 
NBIX     Neurocrine Biosciences Inc 120.09                    Biotechnology 2025-05-05 109.75 2025-05-06 118.92  8.36 
 USM    United States Cellular Corp  50.95                Telecommunication  2025-05-05 58.33  2025-05-06 63.09  8.16 
  AL                 Air Lease Corp  58.90 Trading Companies & Distributors  2025-05-05 48.76  2025-05-06 52.67  8.02 
SPNT                Siriuspoint Ltd  22.62                        Insurance  2025-05-05 18.18  2025-05-06 19.54  7.48 
TTAM               Titan America SA  24.34                     Construction   2025-05-05 12.9  2025-05-06 13.84  7.29 
FTAI              FTAI Aviation Ltd 108.12 Trading Companies & Distributors 2025-05-05 100.75 2025-05-06 108.01  7.21 
 TDS Telephone and Data Systems Inc  34.91                Telecommunication  2025-05-05 31.74  2025-05-06 34.03  7.21 
DORM            Dorman Products Inc  36.51                  Auto Components 2025-05-05 114.95 2025-05-06 122.99  6.99 
 NPO                      Enpro Inc  34.35                        Machinery 2025-05-05 155.77 2025-05-06 166.45  6.86 
DRVN     Driven Brands Holdings Inc  30.08   Commercial Services & Supplies  2025-05-05 17.33  2025-05-06 18.47  6.58 
LCII                 LCI Industries  20.85                  Auto Components  2025-05-05 78.73  2025-05-06 83.91  6.58 

=== 市值超过50亿的涨幅榜前20名股票 ===
股票代码             公司名称            市值(亿)                 板块                       昨天收盘              今天收盘       涨跌幅(%)
HIMS      Hims & Hers Health Inc 103.49                      Health Care  2025-05-05 41.88  2025-05-06 49.47 18.12 
 RRX          Regal Rexnord Corp  82.36             Electrical Equipment 2025-05-05 110.28 2025-05-06 125.24 13.57 
 ULS            UL Solutions Inc 133.29            Professional Services  2025-05-05 59.96  2025-05-06 67.33 12.29 
 CEG   Constellation Energy Corp 853.74                        Utilities 2025-05-05 248.27 2025-05-06 273.82 10.29 
ARMK                     Aramark  99.88    Hotels, Restaurants & Leisure   2025-05-05 34.2  2025-05-06 37.64 10.06 
  CE               Celanese Corp  54.70                        Chemicals  2025-05-05 44.77  2025-05-06 49.05  9.56 
NBIX  Neurocrine Biosciences Inc 120.09                    Biotechnology 2025-05-05 109.75 2025-05-06 118.92  8.36 
 USM United States Cellular Corp  50.95                Telecommunication  2025-05-05 58.33  2025-05-06 63.09  8.16 
  AL              Air Lease Corp  58.90 Trading Companies & Distributors  2025-05-05 48.76  2025-05-06 52.67  8.02 
FTAI           FTAI Aviation Ltd 108.12 Trading Companies & Distributors 2025-05-05 100.75 2025-05-06 108.01  7.21 
 VFS            VinFast Auto Ltd  86.54                      Automobiles   2025-05-05 3.49   2025-05-06 3.69  5.73 
 TLN           Talen Energy Corp 104.32                        Utilities 2025-05-05 222.28 2025-05-06 234.72  5.60 
NBIS             Nebius Group NV  58.23                       Technology   2025-05-05 23.8  2025-05-06 25.04  5.21 
 KBR                     KBR Inc  68.89            Professional Services  2025-05-05 51.57  2025-05-06 54.18  5.06 
CELH        Celsius Holdings Inc  87.68                        Beverages  2025-05-05 33.89  2025-05-06 35.52  4.81 
LDOS         Leidos Holdings Inc 198.35            Professional Services 2025-05-05 147.94 2025-05-06 154.75  4.60 
  AU       Anglogold Ashanti PLC 212.19                  Metals & Mining  2025-05-05 42.14  2025-05-06 44.07  4.58 
CALM         Cal-Maine Foods Inc  51.24                    Food Products   2025-05-05 92.8  2025-05-06 96.87  4.39 
 NXT              Nextracker Inc  62.83             Electrical Equipment  2025-05-05 41.12  2025-05-06 42.89  4.30 
 CCJ                 Cameco Corp 202.38                           Energy  2025-05-05 46.41  2025-05-06 48.15  3.75 

=== 市值超过100亿的涨幅榜前20名股票 ===
股票代码               公司名称                市值(亿)                 板块                       昨天收盘               今天收盘        涨跌幅(%)
HIMS           Hims & Hers Health Inc  103.49                      Health Care   2025-05-05 41.88   2025-05-06 49.47 18.12 
 ULS                 UL Solutions Inc  133.29            Professional Services   2025-05-05 59.96   2025-05-06 67.33 12.29 
 CEG        Constellation Energy Corp  853.74                        Utilities  2025-05-05 248.27  2025-05-06 273.82 10.29 
NBIX       Neurocrine Biosciences Inc  120.09                    Biotechnology  2025-05-05 109.75  2025-05-06 118.92  8.36 
FTAI                FTAI Aviation Ltd  108.12 Trading Companies & Distributors  2025-05-05 100.75  2025-05-06 108.01  7.21 
 TLN                Talen Energy Corp  104.32                        Utilities  2025-05-05 222.28  2025-05-06 234.72  5.60 
LDOS              Leidos Holdings Inc  198.35            Professional Services  2025-05-05 147.94  2025-05-06 154.75  4.60 
  AU            Anglogold Ashanti PLC  212.19                  Metals & Mining   2025-05-05 42.14   2025-05-06 44.07  4.58 
 CCJ                      Cameco Corp  202.38                           Energy   2025-05-05 46.41   2025-05-06 48.15  3.75 
 BAH Booz Allen Hamilton Holding Corp  155.39            Professional Services  2025-05-05 119.17  2025-05-06 123.35  3.51 
 VST                      Vistra Corp  490.47                        Utilities   2025-05-05 140.0   2025-05-06 144.8  3.43 
 UHS    Universal Health Services Inc  116.72                      Health Care  2025-05-05 178.19  2025-05-06 184.16  3.35 
COKE       Coca-Cola Consolidated Inc  102.39                        Beverages 2025-05-05 1137.25 2025-05-06 1174.04  3.24 
 NEM              Newmont Corporation  596.73                  Metals & Mining   2025-05-05 53.04   2025-05-06 54.61  2.96 
RGLD                   Royal Gold Inc  119.83                  Metals & Mining  2025-05-05 179.24  2025-05-06 184.53  2.95 
   F                    Ford Motor Co  419.33                      Automobiles   2025-05-05 10.17   2025-05-06 10.44  2.65 
SMCI         Super Micro Computer Inc  194.28                       Technology   2025-05-05 32.17   2025-05-06 32.94  2.39 
CRBG         Corebridge Financial Inc  176.82               Financial Services   2025-05-05 30.56   2025-05-06 31.29  2.39 
   T                         AT&T Inc 2006.13                Telecommunication   2025-05-05 27.51   2025-05-06 28.16  2.36 
RYAN      Ryan Specialty Holdings Inc  178.70                        Insurance   2025-05-05 67.66   2025-05-06 69.23  2.32 

=== 市值超过200亿的涨幅榜前20名股票 ===
股票代码                 公司名称                 市值(亿)                板块                     昨天收盘              今天收盘       涨跌幅(%)
 CEG           Constellation Energy Corp  853.74                     Utilities 2025-05-05 248.27 2025-05-06 273.82 10.29 
  AU               Anglogold Ashanti PLC  212.19               Metals & Mining  2025-05-05 42.14  2025-05-06 44.07  4.58 
 CCJ                         Cameco Corp  202.38                        Energy  2025-05-05 46.41  2025-05-06 48.15  3.75 
 VST                         Vistra Corp  490.47                     Utilities  2025-05-05 140.0  2025-05-06 144.8  3.43 
 NEM                 Newmont Corporation  596.73               Metals & Mining  2025-05-05 53.04  2025-05-06 54.61  2.96 
   F                       Ford Motor Co  419.33                   Automobiles  2025-05-05 10.17  2025-05-06 10.44  2.65 
   T                            AT&T Inc 2006.13             Telecommunication  2025-05-05 27.51  2025-05-06 28.16  2.36 
TMUS                     T-Mobile US Inc 2828.05             Telecommunication  2025-05-05 248.3  2025-05-06 253.8  2.22 
 HCA                  HCA Healthcare Inc  851.63                   Health Care 2025-05-05 349.38  2025-05-06 356.7  2.10 
 BAM     BROOKFIELD ASSET MANAGEMENT LTD  890.05            Financial Services  2025-05-05 53.93  2025-05-06 55.04  2.06 
 HSY                          Hershey Co  339.27                 Food Products 2025-05-05 166.66 2025-05-06 170.01  2.01 
CHTR          Charter Communications Inc 1120.15                         Media 2025-05-05 394.24 2025-05-06 402.01  1.97 
 DUK                    Duke Energy Corp  960.09                     Utilities 2025-05-05 120.75 2025-05-06 122.94  1.81 
 MSI              Motorola Solutions Inc  684.39                Communications 2025-05-05 405.37 2025-05-06 412.64  1.79 
  VG                  Venture Global Inc  210.75                        Energy   2025-05-05 8.55    2025-05-06 8.7  1.75 
 ADM           Archer-Daniels-Midland Co  233.52                 Food Products   2025-05-05 47.5  2025-05-06 48.32  1.73 
 PEG Public Service Enterprise Group Inc  400.60                     Utilities  2025-05-05 78.35   2025-05-06 79.7  1.72 
DXCM                          Dexcom Inc  321.98                   Health Care  2025-05-05 80.27  2025-05-06 81.53  1.57 
  DG                 Dollar General Corp  206.05                        Retail  2025-05-05 92.21  2025-05-06 93.66  1.57 
 QSR Restaurant Brands International Inc  307.86 Hotels, Restaurants & Leisure  2025-05-05 66.74  2025-05-06 67.77  1.54 

=== 市值超过1000亿的涨跌榜前20名股票 ===
股票代码               公司名称               市值(亿)                板块                     昨天收盘               今天收盘        涨跌幅(%)
   T                        AT&T Inc 2006.13             Telecommunication   2025-05-05 27.51   2025-05-06 28.16  2.36 
TMUS                 T-Mobile US Inc 2828.05             Telecommunication   2025-05-05 248.3   2025-05-06 253.8  2.22 
CHTR      Charter Communications Inc 1120.15                         Media  2025-05-05 394.24  2025-05-06 402.01  1.97 
  VZ      Verizon Communications Inc 1853.89             Telecommunication   2025-05-05 43.54   2025-05-06 44.15  1.40 
 XOM                Exxon Mobil Corp 4563.40                        Energy  2025-05-05 103.27  2025-05-06 104.71  1.39 
  MO                Altria Group Inc 1016.06                       Tobacco   2025-05-05 59.87   2025-05-06 60.48  1.02 
 APP                   Applovin Corp 1020.86                    Technology  2025-05-05 301.84  2025-05-06 304.62  0.92 
 ICE   Intercontinental Exchange Inc 1005.62            Financial Services  2025-05-05 173.98  2025-05-06 175.19  0.70 
 NEE              Nextera Energy Inc 1371.25                     Utilities    2025-05-05 66.1   2025-05-06 66.54  0.67 
 PGR                Progressive Corp 1657.82                     Insurance  2025-05-05 282.16  2025-05-06 283.66  0.53 
  PM Philip Morris International Inc 2703.90                       Tobacco  2025-05-05 173.19  2025-05-06 174.08  0.51 
ADBE                       Adobe Inc 1640.66                    Technology  2025-05-05 381.06  2025-05-06 382.98  0.50 
UBER           Uber Technologies Inc 1788.34                   Road & Rail   2025-05-05 85.43   2025-05-06 85.83  0.47 
ANET             Arista Networks Inc 1131.26                Communications   2025-05-05 90.38   2025-05-06 90.77  0.43 
  CB                       Chubb Ltd 1159.14                     Insurance  2025-05-05 287.83   2025-05-06 289.0  0.41 
 ABT             Abbott Laboratories 2301.80                   Health Care   2025-05-05 132.6  2025-05-06 133.06  0.35 
 MCD                 McDonald's Corp 2253.76 Hotels, Restaurants & Leisure  2025-05-05 315.72  2025-05-06 316.79  0.34 
QCOM                    Qualcomm Inc 1531.27                Semiconductors  2025-05-05 139.44   2025-05-06 139.9  0.33 
NFLX                     Netflix Inc 4849.64                         Media 2025-05-05 1134.06 2025-05-06 1137.69  0.32 
 CRM                  Salesforce Inc 2625.12                    Technology  2025-05-05 272.63  2025-05-06 273.36  0.27 
