
=== 涨幅榜前20名股票 ===
 股票代码                   公司名称                  市值(亿)                板块                      昨天收盘             今天收盘       涨跌幅(%)
QVCGQ                           QVC Group Inc  0.03                           Retail   2026-05-14 1.0   2026-05-15 4.8 380.00
 PIII                  P3 Health Partners Inc  0.29                      Health Care  2026-05-14 4.03 2026-05-15 11.29 180.15
 MRNO           Murano Global Investments Plc  0.23                      Real Estate  2026-05-14 0.29  2026-05-15 0.57  93.97
 AUUD                              Auddia Inc  0.01                       Technology  2026-05-14 1.22  2026-05-15 1.96  60.66
  SLE             Super League Enterprise Inc  0.09                            Media  2026-05-14 4.07  2026-05-15 6.04  48.40
  TRT                 Trio-Tech International  1.89                   Semiconductors 2026-05-14 14.02 2026-05-15 20.05  43.01
 ERNA                 Ernexa Therapeutics Inc  0.14                    Biotechnology  2026-05-14 9.56 2026-05-15 13.63  42.57
  SKK                        SKK Holdings Ltd  0.11                     Construction  2026-05-14 3.39  2026-05-15 4.77  40.71
 JDZG                               JIADE Ltd  0.03    Diversified Consumer Services  2026-05-14 1.67  2026-05-15 2.21  32.34
 GDTC                CytoMed Therapeutics Ltd  0.14                    Biotechnology  2026-05-14 0.88  2026-05-15 1.16  31.82
 TDIC                           Dreamland Ltd  0.08                            Media   2026-05-14 0.8  2026-05-15 1.04  30.00
 AIFU                                AIFU Inc  2.73                        Insurance  2026-05-14 1.79  2026-05-15 2.31  29.05
 STAK                                STAK Inc  0.11                           Energy  2026-05-14 0.88  2026-05-15 1.12  27.27
 GCTS           GCT Semiconductor Holding Inc  1.20                   Semiconductors  2026-05-14 1.44  2026-05-15 1.83  27.08
 HYLN                   Hyliion Holdings Corp  7.64             Electrical Equipment  2026-05-14 3.69  2026-05-15 4.67  26.56
  JXG                 JX Luxventure Group Inc  0.11 Textiles, Apparel & Luxury Goods  2026-05-14 5.27  2026-05-15 6.53  23.91
 SEGG Sports Entertainment Gaming Global Corp  0.24    Hotels, Restaurants & Leisure  2026-05-14 1.51  2026-05-15 1.87  23.84
 LGMK                           LogicMark Inc  0.01                      Health Care  2026-05-14 0.55  2026-05-15 0.68  23.44
 SKYQ                          Sky Quarry Inc  0.12                           Energy  2026-05-14 2.49  2026-05-15 3.07  23.29
  AIB   Blockchain Digital Infrastructure Inc  0.51                       Technology  2026-05-14 1.17  2026-05-15 1.44  23.08

=== 市值超过20亿的涨幅榜前20名股票 ===
股票代码                公司名称               市值(亿)                板块                     昨天收盘              今天收盘       涨跌幅(%)
SEDG        Solaredge Technologies Inc  35.73                Semiconductors  2026-05-14 50.24  2026-05-15 61.76 22.93 
 FIG                         Figma Inc 116.78                    Technology  2026-05-14 20.24  2026-05-15 22.92 13.24 
MICC       Magnum Ice Cream Company NV  79.64                 Food Products  2026-05-14 15.02  2026-05-15 16.66 10.92 
ENPH                Enphase Energy Inc  67.80                Semiconductors  2026-05-14 48.01  2026-05-15 52.89 10.16 
 SOC               Sable Offshore Corp  21.56                        Energy  2026-05-14 13.75  2026-05-15 15.13 10.04 
  VG                Venture Global Inc 286.49                        Energy  2026-05-14 13.01  2026-05-15 14.23  9.38 
TEAM                    Atlassian Corp 216.39                    Technology  2026-05-14 80.86  2026-05-15 87.46  8.16 
HUBS                       HubSpot Inc  99.91                    Technology 2026-05-14 183.46 2026-05-15 198.38  8.13 
AXTI                           AXT Inc  68.08                Semiconductors 2026-05-14 114.98 2026-05-15 123.78  7.65 
NNNN               Anbio Biotechnology  38.13                 Biotechnology  2026-05-14 25.07  2026-05-15 26.94  7.46 
 RXO                           RXO Inc  31.58                   Road & Rail  2026-05-14 17.51  2026-05-15 18.69  6.74 
INOD                      Innodata Inc  31.38         Professional Services  2026-05-14 90.15   2026-05-15 96.1  6.60 
DXCM                        Dexcom Inc 237.81                   Health Care  2026-05-14 57.82  2026-05-15 61.63  6.59 
FRSH                    Freshworks Inc  25.02                    Technology   2026-05-14 8.42   2026-05-15 8.96  6.41 
 FDS      Factset Research Systems Inc  77.22            Financial Services 2026-05-14 199.86 2026-05-15 212.58  6.36 
TALO                  Talos Energy Inc  26.86                        Energy  2026-05-14 15.43  2026-05-15 16.39  6.22 
 RGC Regencell Bioscience Holdings Ltd 138.95               Pharmaceuticals  2026-05-14 26.91  2026-05-15 28.58  6.21 
PATH                        UiPath Inc  51.92                    Technology   2026-05-14 9.67  2026-05-15 10.27  6.20 
 FUN      Six Flags Entertainment Corp  22.00 Hotels, Restaurants & Leisure  2026-05-14 20.08  2026-05-15 21.32  6.18 
 ARX               Accelerant Holdings  34.03                     Insurance  2026-05-14 14.61  2026-05-15 15.44  5.68 

=== 市值超过50亿的涨幅榜前20名股票 ===
股票代码                公司名称               市值(亿)          板块                昨天收盘              今天收盘       涨跌幅(%)
 FIG                         Figma Inc 116.78         Technology  2026-05-14 20.24  2026-05-15 22.92 13.24 
MICC       Magnum Ice Cream Company NV  79.64      Food Products  2026-05-14 15.02  2026-05-15 16.66 10.92 
ENPH                Enphase Energy Inc  67.80     Semiconductors  2026-05-14 48.01  2026-05-15 52.89 10.16 
  VG                Venture Global Inc 286.49             Energy  2026-05-14 13.01  2026-05-15 14.23  9.38 
TEAM                    Atlassian Corp 216.39         Technology  2026-05-14 80.86  2026-05-15 87.46  8.16 
HUBS                       HubSpot Inc  99.91         Technology 2026-05-14 183.46 2026-05-15 198.38  8.13 
AXTI                           AXT Inc  68.08     Semiconductors 2026-05-14 114.98 2026-05-15 123.78  7.65 
DXCM                        Dexcom Inc 237.81        Health Care  2026-05-14 57.82  2026-05-15 61.63  6.59 
 FDS      Factset Research Systems Inc  77.22 Financial Services 2026-05-14 199.86 2026-05-15 212.58  6.36 
 RGC Regencell Bioscience Holdings Ltd 138.95    Pharmaceuticals  2026-05-14 26.91  2026-05-15 28.58  6.21 
PATH                        UiPath Inc  51.92         Technology   2026-05-14 9.67  2026-05-15 10.27  6.20 
 IOT                       Samsara Inc 172.42         Technology  2026-05-14 27.99  2026-05-15 29.56  5.61 
 APA                     APA Corp (US) 134.71             Energy  2026-05-14 37.11  2026-05-15 38.98  5.04 
 OXY         Occidental Petroleum Corp 588.23             Energy  2026-05-14 56.84  2026-05-15 59.62  4.89 
DOCU                      DocuSign Inc  92.70         Technology   2026-05-14 45.5  2026-05-15 47.71  4.86 
LSTR               Landstar System Inc  59.38        Road & Rail 2026-05-14 167.95 2026-05-15 176.04  4.82 
  ZS                       Zscaler Inc 197.26         Technology  2026-05-14 153.7 2026-05-15 161.05  4.78 
 DVN                 Devon Energy Corp 562.87             Energy  2026-05-14 47.24  2026-05-15 49.49  4.76 
ADBE                         Adobe Inc 985.20         Technology 2026-05-14 237.01  2026-05-15 247.6  4.47 
 MUR                   Murphy Oil Corp  57.31             Energy  2026-05-14 38.95  2026-05-15 40.64  4.34 

=== 市值超过100亿的涨幅榜前20名股票 ===
 股票代码                公司名称                市值(亿)                板块                     昨天收盘              今天收盘       涨跌幅(%)
  FIG                         Figma Inc  116.78                    Technology  2026-05-14 20.24  2026-05-15 22.92 13.24 
   VG                Venture Global Inc  286.49                        Energy  2026-05-14 13.01  2026-05-15 14.23  9.38 
 TEAM                    Atlassian Corp  216.39                    Technology  2026-05-14 80.86  2026-05-15 87.46  8.16 
 DXCM                        Dexcom Inc  237.81                   Health Care  2026-05-14 57.82  2026-05-15 61.63  6.59 
  RGC Regencell Bioscience Holdings Ltd  138.95               Pharmaceuticals  2026-05-14 26.91  2026-05-15 28.58  6.21 
  IOT                       Samsara Inc  172.42                    Technology  2026-05-14 27.99  2026-05-15 29.56  5.61 
  APA                     APA Corp (US)  134.71                        Energy  2026-05-14 37.11  2026-05-15 38.98  5.04 
  OXY         Occidental Petroleum Corp  588.23                        Energy  2026-05-14 56.84  2026-05-15 59.62  4.89 
   ZS                       Zscaler Inc  197.26                    Technology  2026-05-14 153.7 2026-05-15 161.05  4.78 
  DVN                 Devon Energy Corp  562.87                        Energy  2026-05-14 47.24  2026-05-15 49.49  4.76 
 ADBE                         Adobe Inc  985.20                    Technology 2026-05-14 237.01  2026-05-15 247.6  4.47 
  TYL            Tyler Technologies Inc  129.23                    Technology 2026-05-14 299.08 2026-05-15 311.89  4.28 
 COKE        Coca-Cola Consolidated Inc  109.93                     Beverages 2026-05-14 163.43 2026-05-15 170.27  4.19 
 INTU                        Intuit Inc 1086.84                    Technology 2026-05-14 378.29  2026-05-15 393.0  3.89 
  DVA                        DaVita Inc  124.46                   Health Care 2026-05-14 192.58 2026-05-15 199.74  3.72 
 VRSK              Verisk Analytics Inc  223.97         Professional Services 2026-05-14 156.84 2026-05-15 162.55  3.64 
 DASH                      DoorDash Inc  677.82 Hotels, Restaurants & Leisure  2026-05-14 153.7  2026-05-15 159.2  3.58 
  CRM                    Salesforce Inc 1419.41                    Technology 2026-05-14 167.58 2026-05-15 173.51  3.54 
 FISV                        Fiserv Inc  295.05            Financial Services  2026-05-14 53.46  2026-05-15 55.33  3.50 
SNYNF                         Sanofi SA  881.78               Pharmaceuticals  2026-05-14 83.49   2026-05-15 86.4  3.49 

=== 市值超过200亿的涨幅榜前20名股票 ===
 股票代码               公司名称               市值(亿)                 板块                     昨天收盘              今天收盘       涨跌幅(%)
   VG              Venture Global Inc   286.49                        Energy  2026-05-14 13.01  2026-05-15 14.23  9.38 
 TEAM                  Atlassian Corp   216.39                    Technology  2026-05-14 80.86  2026-05-15 87.46  8.16 
 DXCM                      Dexcom Inc   237.81                   Health Care  2026-05-14 57.82  2026-05-15 61.63  6.59 
  OXY       Occidental Petroleum Corp   588.23                        Energy  2026-05-14 56.84  2026-05-15 59.62  4.89 
  DVN               Devon Energy Corp   562.87                        Energy  2026-05-14 47.24  2026-05-15 49.49  4.76 
 ADBE                       Adobe Inc   985.20                    Technology 2026-05-14 237.01  2026-05-15 247.6  4.47 
 INTU                      Intuit Inc  1086.84                    Technology 2026-05-14 378.29  2026-05-15 393.0  3.89 
 VRSK            Verisk Analytics Inc   223.97         Professional Services 2026-05-14 156.84 2026-05-15 162.55  3.64 
 DASH                    DoorDash Inc   677.82 Hotels, Restaurants & Leisure  2026-05-14 153.7  2026-05-15 159.2  3.58 
  CRM                  Salesforce Inc  1419.41                    Technology 2026-05-14 167.58 2026-05-15 173.51  3.54 
 FISV                      Fiserv Inc   295.05            Financial Services  2026-05-14 53.46  2026-05-15 55.33  3.50 
SNYNF                       Sanofi SA   881.78               Pharmaceuticals  2026-05-14 83.49   2026-05-15 86.4  3.49 
  XOM                Exxon Mobil Corp  6203.25                        Energy 2026-05-14 152.78 2026-05-15 157.92  3.36 
  APP                   Applovin Corp  1660.18                    Technology 2026-05-14 485.16  2026-05-15 501.0  3.26 
  EOG               EOG Resources Inc   742.38                        Energy 2026-05-14 135.99 2026-05-15 140.26  3.14 
 MSFT                  Microsoft Corp 31269.63                    Technology 2026-05-14 409.43 2026-05-15 421.92  3.05 
 PAYX                     Paychex Inc   326.12         Professional Services  2026-05-14 88.83  2026-05-15 91.54  3.05 
  MDB                     MongoDB Inc   248.79                    Technology 2026-05-14 303.09 2026-05-15 312.16  2.99 
 JBHT J B Hunt Transport Services Inc   247.12                   Road & Rail 2026-05-14 254.66 2026-05-15 262.21  2.96 
  ACN                   Accenture PLC  1019.91                    Technology 2026-05-14 163.99 2026-05-15 168.82  2.95 

=== 市值超过1000亿的涨跌榜前20名股票 ===
股票代码            公司名称             市值(亿)           板块                昨天收盘               今天收盘        涨跌幅(%)
INTU                 Intuit Inc  1086.84         Technology  2026-05-14 378.29   2026-05-15 393.0  3.89 
 CRM             Salesforce Inc  1419.41         Technology  2026-05-14 167.58  2026-05-15 173.51  3.54 
 XOM           Exxon Mobil Corp  6203.25             Energy  2026-05-14 152.78  2026-05-15 157.92  3.36 
 APP              Applovin Corp  1660.18         Technology  2026-05-14 485.16   2026-05-15 501.0  3.26 
MSFT             Microsoft Corp 31269.63         Technology  2026-05-14 409.43  2026-05-15 421.92  3.05 
 ACN              Accenture PLC  1019.91         Technology  2026-05-14 163.99  2026-05-15 168.82  2.95 
SHOP                Shopify Inc  1301.29         Technology   2026-05-14 97.42  2026-05-15 100.28  2.94 
 COP             ConocoPhillips  1482.91             Energy  2026-05-14 118.97  2026-05-15 122.41  2.89 
 CVX               Chevron Corp  3764.92             Energy  2026-05-14 186.64   2026-05-15 191.1  2.39 
CSCO          Cisco Systems Inc  4602.02     Communications  2026-05-14 115.53  2026-05-15 118.21  2.32 
SNDK               Sandisk Corp  2091.23         Technology 2026-05-14 1382.72 2026-05-15 1407.61  1.80 
 PGR           Progressive Corp  1170.72          Insurance  2026-05-14 196.88  2026-05-15 199.73  1.45 
  CB              Chubb Limited  1257.25          Insurance  2026-05-14 320.09  2026-05-15 324.15  1.27 
   V                   Visa Inc  6054.82 Financial Services  2026-05-14 322.52  2026-05-15 325.75  1.00 
  MO           Altria Group Inc  1210.50            Tobacco   2026-05-14 72.41   2026-05-15 73.09  0.94 
 TTE           TotalEnergies SE  1743.01             Energy   2026-05-14 91.42   2026-05-15 92.28  0.94 
  MA             Mastercard Inc  4382.80 Financial Services  2026-05-14 489.94   2026-05-15 494.2  0.87 
 COF Capital One Financial Corp  1157.43 Financial Services  2026-05-14 185.79  2026-05-15 187.17  0.74 
COST      Costco Wholesale Corp  4631.91             Retail 2026-05-14 1041.25 2026-05-15 1048.95  0.74 
QCOM               Qualcomm Inc  2106.31     Semiconductors  2026-05-14 200.08  2026-05-15 201.49  0.70 
