
=== 涨幅榜前20名股票 ===
股票代码              公司名称              市值(亿)           板块                昨天收盘             今天收盘       涨跌幅(%)
PAPL        Pineapple Financial Inc  0.03    Financial Services  2025-08-07 2.82   2025-08-08 4.9 73.76 
ORIS     Oriental Rise Holdings Ltd  0.04         Food Products  2025-08-07 0.09  2025-08-08 0.14 50.56 
ALEC                    Alector Inc  1.60         Biotechnology  2025-08-07 1.46  2025-08-08 2.15 47.26 
SGBX     Safe & Green Holdings Corp  0.05          Construction  2025-08-07 0.29   2025-08-08 0.4 38.85 
NEPH                    Nephros Inc  0.34             Machinery  2025-08-07 2.89   2025-08-08 3.9 34.95 
 MFI       mF International Limited  0.49    Financial Services 2025-08-07 27.71 2025-08-08 37.39 34.93 
OPRX                OptimizeRx Corp  3.24           Health Care 2025-08-07 12.84  2025-08-08 17.3 34.74 
NEGG            Newegg Commerce Inc 13.30                Retail 2025-08-07 59.44 2025-08-08 79.79 34.24 
BNZI       Banzai International Inc  0.10            Technology  2025-08-07 3.06  2025-08-08 4.09 33.66 
 SMX     SMX (Security Matters) PLC  0.06  Electrical Equipment  2025-08-07 4.88  2025-08-08 6.51 33.40 
SPRU      Spruce Power Holding Corp  0.26             Utilities  2025-08-07 1.17  2025-08-08 1.55 32.48 
VVPR    VivoPower International PLC  0.39             Utilities  2025-08-07 3.86   2025-08-08 5.1 32.12 
  LZ              LegalZoom.com Inc 20.43 Professional Services  2025-08-07 8.37 2025-08-08 10.98 31.18 
ASTH             Astrana Health Inc 13.03           Health Care 2025-08-07 21.46 2025-08-08 28.08 30.85 
 GCT       GigaCloud Technology Inc  8.88          Distributors 2025-08-07 22.15 2025-08-08 28.91 30.52 
STSS          Sharps Technology Inc  0.05           Health Care   2025-08-07 5.0   2025-08-08 6.5 30.00 
LASR                     nLIGHT Inc 12.34  Electrical Equipment 2025-08-07 20.47 2025-08-08 26.15 27.75 
NAKA                  Kindly MD Inc  0.56           Health Care   2025-08-07 7.5  2025-08-08 9.57 27.60 
MTNB Matinas BioPharma Holdings Inc  0.05         Biotechnology  2025-08-07 0.89  2025-08-08 1.13 27.54 
SOUN              SoundHound AI Inc 53.30            Technology 2025-08-07 10.72 2025-08-08 13.55 26.40 

=== 市值超过20亿的涨幅榜前20名股票 ===
股票代码                    公司名称                    市值(亿)                板块                      昨天收盘              今天收盘       涨跌幅(%)
  LZ                         LegalZoom.com Inc   20.43          Professional Services   2025-08-07 8.37  2025-08-08 10.98 31.18 
SOUN                         SoundHound AI Inc   53.30                     Technology  2025-08-07 10.72  2025-08-08 13.55 26.40 
 SHC                          Sotera Health Co   38.08 Life Sciences Tools & Services  2025-08-07 11.22  2025-08-08 13.97 24.51 
 AMR         Alpha Metallurgical Resources Inc   20.09                Metals & Mining 2025-08-07 129.45 2025-08-08 149.91 15.81 
HGTY                               Hagerty Inc   35.99                      Insurance   2025-08-07 9.34  2025-08-08 10.65 14.03 
DOCS                              Doximity Inc  120.70                    Health Care  2025-08-07 58.55  2025-08-08 66.58 13.71 
GSAT                            Globalstar Inc   36.81              Telecommunication  2025-08-07 25.18  2025-08-08 28.47 13.07 
 ACA                                Arcosa Inc   44.80                   Construction   2025-08-07 85.1  2025-08-08 95.92 12.71 
FROG                                 Jfrog Ltd   50.69                     Technology  2025-08-07 38.79  2025-08-08 43.62 12.45 
TRIP                           Tripadvisor Inc   23.86                          Media  2025-08-07 16.09  2025-08-08 17.97 11.68 
ONTO                       Onto Innovation Inc   50.39                 Semiconductors  2025-08-07 92.68 2025-08-08 102.88 11.01 
NNNN                       Anbio Biotechnology   66.91                  Biotechnology  2025-08-07 46.05  2025-08-08 51.06 10.88 
PTON                   Peloton Interactive Inc   29.73               Leisure Products   2025-08-07 7.11   2025-08-08 7.84 10.27 
NAMS            NewAmsterdam Pharma Company NV   26.90                  Biotechnology  2025-08-07 22.96  2025-08-08 25.31 10.24 
SNDK                              Sandisk Corp   61.03                     Technology  2025-08-07 40.69  2025-08-08 44.34  8.97 
GMED                        Globus Medical Inc   78.80                    Health Care  2025-08-07 54.07  2025-08-08 58.65  8.47 
GILD                       Gilead Sciences Inc 1484.82                  Biotechnology 2025-08-07 110.28 2025-08-08 119.41  8.28 
KTOS Kratos Defense and Security Solutions Inc  103.62            Aerospace & Defense  2025-08-07 59.08  2025-08-08 63.88  8.12 
BBAI                   BigBear.ai Holdings Inc   20.44                     Technology   2025-08-07 6.61   2025-08-08 7.14  8.02 
DIOD                                Diodes Inc   23.13                 Semiconductors  2025-08-07 47.17  2025-08-08 50.91  7.93 

=== 市值超过50亿的涨幅榜前20名股票 ===
股票代码                    公司名称                    市值(亿)           板块                昨天收盘              今天收盘       涨跌幅(%)
SOUN                         SoundHound AI Inc   53.30          Technology  2025-08-07 10.72  2025-08-08 13.55 26.40 
DOCS                              Doximity Inc  120.70         Health Care  2025-08-07 58.55  2025-08-08 66.58 13.71 
FROG                                 Jfrog Ltd   50.69          Technology  2025-08-07 38.79  2025-08-08 43.62 12.45 
ONTO                       Onto Innovation Inc   50.39      Semiconductors  2025-08-07 92.68 2025-08-08 102.88 11.01 
NNNN                       Anbio Biotechnology   66.91       Biotechnology  2025-08-07 46.05  2025-08-08 51.06 10.88 
SNDK                              Sandisk Corp   61.03          Technology  2025-08-07 40.69  2025-08-08 44.34  8.97 
GMED                        Globus Medical Inc   78.80         Health Care  2025-08-07 54.07  2025-08-08 58.65  8.47 
GILD                       Gilead Sciences Inc 1484.82       Biotechnology 2025-08-07 110.28 2025-08-08 119.41  8.28 
KTOS Kratos Defense and Security Solutions Inc  103.62 Aerospace & Defense  2025-08-07 59.08  2025-08-08 63.88  8.12 
 ALB                            Albemarle Corp   85.73           Chemicals  2025-08-07 70.06  2025-08-08 75.48  7.74 
 GEN                           Gen Digital Inc  187.17          Technology  2025-08-07 28.27  2025-08-08 30.45  7.71 
NTRA                                Natera Inc  223.75       Biotechnology 2025-08-07 141.08 2025-08-08 151.95  7.70 
  GH                       Guardant Health Inc   66.11         Health Care  2025-08-07 50.39  2025-08-08 54.23  7.62 
ROAD                 Construction Partners Inc   61.13        Construction 2025-08-07 104.59 2025-08-08 112.22  7.30 
MNST                     Monster Beverage Corp  650.10           Beverages   2025-08-07 60.8  2025-08-08 64.69  6.40 
  MU                     Micron Technology Inc 1263.38      Semiconductors 2025-08-07 111.87 2025-08-08 118.89  6.28 
 RGC         Regencell Bioscience Holdings Ltd   67.53     Pharmaceuticals  2025-08-07 13.18  2025-08-08 13.97  5.99 
ESNT                          Essent Group Ltd   58.73  Financial Services  2025-08-07 57.02  2025-08-08 60.27  5.70 
NBIS                           Nebius Group NV  165.65          Technology  2025-08-07 65.31  2025-08-08 68.78  5.31 
POST                         Post Holdings Inc   58.81       Food Products  2025-08-07 102.9 2025-08-08 107.96  4.92 

=== 市值超过100亿的涨幅榜前20名股票 ===
股票代码                    公司名称                    市值(亿)                 板块                      昨天收盘              今天收盘       涨跌幅(%)
DOCS                              Doximity Inc   120.70                    Health Care  2025-08-07 58.55  2025-08-08 66.58 13.71 
GILD                       Gilead Sciences Inc  1484.82                  Biotechnology 2025-08-07 110.28 2025-08-08 119.41  8.28 
KTOS Kratos Defense and Security Solutions Inc   103.62            Aerospace & Defense  2025-08-07 59.08  2025-08-08 63.88  8.12 
 GEN                           Gen Digital Inc   187.17                     Technology  2025-08-07 28.27  2025-08-08 30.45  7.71 
NTRA                                Natera Inc   223.75                  Biotechnology 2025-08-07 141.08 2025-08-08 151.95  7.70 
MNST                     Monster Beverage Corp   650.10                      Beverages   2025-08-07 60.8  2025-08-08 64.69  6.40 
  MU                     Micron Technology Inc  1263.38                 Semiconductors 2025-08-07 111.87 2025-08-08 118.89  6.28 
NBIS                           Nebius Group NV   165.65                     Technology  2025-08-07 65.31  2025-08-08 68.78  5.31 
ALAB                           Astera Labs Inc   289.72                 Semiconductors 2025-08-07 170.89 2025-08-08 179.28  4.91 
  MP                         MP Materials Corp   133.55                Metals & Mining  2025-08-07 71.07  2025-08-08 74.32  4.57 
 APP                             Applovin Corp  1560.38                     Technology 2025-08-07 437.34 2025-08-08 455.98  4.26 
AAPL                                 Apple Inc 32693.38                     Technology 2025-08-07 220.03 2025-08-08 229.35  4.24 
 HUM                                Humana Inc   309.50                    Health Care 2025-08-07 256.14 2025-08-08 266.68  4.11 
EXPE                         Expedia Group Inc   250.85  Hotels, Restaurants & Leisure 2025-08-07 187.61 2025-08-08 195.26  4.08 
CRCL                 Circle Internet Group Inc   359.03                            N/A 2025-08-07 152.93 2025-08-08 159.03  3.99 
 ELV                       Elevance Health Inc   646.63                    Health Care 2025-08-07 283.48 2025-08-08 293.99  3.71 
CART                             Maplebear Inc   134.47                         Retail  2025-08-07 49.39  2025-08-08 51.21  3.68 
CELH                      Celsius Holdings Inc   134.66                      Beverages  2025-08-07 50.12  2025-08-08 51.95  3.65 
 TEM                             Tempus AI Inc   109.15 Life Sciences Tools & Services  2025-08-07 58.74  2025-08-08 60.87  3.63 
 CSL                    Carlisle Companies Inc   153.69                       Building 2025-08-07 354.45 2025-08-08 366.57  3.42 

=== 市值超过200亿的涨幅榜前20名股票 ===
股票代码              公司名称              市值(亿)                 板块                     昨天收盘              今天收盘       涨跌幅(%)
GILD           Gilead Sciences Inc  1484.82                 Biotechnology 2025-08-07 110.28 2025-08-08 119.41  8.28 
NTRA                    Natera Inc   223.75                 Biotechnology 2025-08-07 141.08 2025-08-08 151.95  7.70 
MNST         Monster Beverage Corp   650.10                     Beverages   2025-08-07 60.8  2025-08-08 64.69  6.40 
  MU         Micron Technology Inc  1263.38                Semiconductors 2025-08-07 111.87 2025-08-08 118.89  6.28 
ALAB               Astera Labs Inc   289.72                Semiconductors 2025-08-07 170.89 2025-08-08 179.28  4.91 
 APP                 Applovin Corp  1560.38                    Technology 2025-08-07 437.34 2025-08-08 455.98  4.26 
AAPL                     Apple Inc 32693.38                    Technology 2025-08-07 220.03 2025-08-08 229.35  4.24 
 HUM                    Humana Inc   309.50                   Health Care 2025-08-07 256.14 2025-08-08 266.68  4.11 
EXPE             Expedia Group Inc   250.85 Hotels, Restaurants & Leisure 2025-08-07 187.61 2025-08-08 195.26  4.08 
CRCL     Circle Internet Group Inc   359.03                           N/A 2025-08-07 152.93 2025-08-08 159.03  3.99 
 ELV           Elevance Health Inc   646.63                   Health Care 2025-08-07 283.48 2025-08-08 293.99  3.71 
 MET                   MetLife Inc   498.71                     Insurance  2025-08-07 73.82  2025-08-08 76.27  3.32 
 LYV Live Nation Entertainment Inc   357.04                         Media 2025-08-07 148.27 2025-08-08 153.13  3.28 
DXCM                    Dexcom Inc   305.33                   Health Care   2025-08-07 76.4  2025-08-08 78.86  3.22 
 BDX       Becton Dickinson and Co   544.18                   Health Care 2025-08-07 187.68  2025-08-08 193.5  3.10 
 CVS               CVS Health Corp   808.05                   Health Care  2025-08-07 63.58  2025-08-08 65.54  3.08 
HOOD         Robinhood Markets Inc  1002.02            Financial Services 2025-08-07 111.23 2025-08-08 114.63  3.06 
 HPQ                        HP Inc   238.81                    Technology  2025-08-07 25.35  2025-08-08 26.11  3.00 
  EA           Electronic Arts Inc   414.13                         Media 2025-08-07 162.75 2025-08-08 167.64  3.00 
 STE                    STERIS plc   238.62                   Health Care 2025-08-07 236.24 2025-08-08 242.85  2.80 

=== 市值超过1000亿的涨跌榜前20名股票 ===
 股票代码              公司名称              市值(亿)           板块                昨天收盘               今天收盘        涨跌幅(%)
 GILD           Gilead Sciences Inc  1484.82      Biotechnology  2025-08-07 110.28  2025-08-08 119.41  8.28 
   MU         Micron Technology Inc  1263.38     Semiconductors  2025-08-07 111.87  2025-08-08 118.89  6.28 
  APP                 Applovin Corp  1560.38         Technology  2025-08-07 437.34  2025-08-08 455.98  4.26 
 AAPL                     Apple Inc 32693.38         Technology  2025-08-07 220.03  2025-08-08 229.35  4.24 
 HOOD         Robinhood Markets Inc  1002.02 Financial Services  2025-08-07 111.23  2025-08-08 114.63  3.06 
 SPOT         Spotify Technology SA  1412.96              Media  2025-08-07 686.74  2025-08-08 705.89  2.79 
 CSCO             Cisco Systems Inc  2794.97     Communications    2025-08-07 69.9   2025-08-08 71.79  2.70 
 NFLX                   Netflix Inc  5035.76              Media 2025-08-07 1180.37 2025-08-08 1211.64  2.65 
 LRCX             Lam Research Corp  1276.05     Semiconductors   2025-08-07 99.15  2025-08-08 101.75  2.62 
 PLTR     Palantir Technologies Inc  4410.04         Technology   2025-08-07 182.2  2025-08-08 186.96  2.61 
 IBKR Interactive Brokers Group Inc  1099.37 Financial Services   2025-08-07 64.25   2025-08-08 65.91  2.58 
  UNH        UnitedHealth Group Inc  2232.70        Health Care  2025-08-07 244.67  2025-08-08 250.89  2.54 
GOOGL                  Alphabet Inc 24111.62              Media  2025-08-07 196.52  2025-08-08 201.42  2.49 
 GOOG                  Alphabet Inc 24111.62              Media  2025-08-07 197.28  2025-08-08 202.09  2.44 
  BAC          Bank of America Corp  3342.01            Banking   2025-08-07 44.92   2025-08-08 46.01  2.43 
   MA                Mastercard Inc  5094.20 Financial Services  2025-08-07 561.22  2025-08-08 574.32  2.33 
 TSLA                     Tesla Inc 10585.28        Automobiles  2025-08-07 322.27  2025-08-08 329.65  2.29 
  MDT                 Medtronic PLC  1174.41        Health Care   2025-08-07 91.24   2025-08-08 92.88  1.80 
  ABT           Abbott Laboratories  2302.98        Health Care  2025-08-07 132.06  2025-08-08 134.28  1.68 
    C                 Citigroup Inc  1684.42            Banking   2025-08-07 91.23   2025-08-08 92.73  1.64 
