
=== 涨幅榜前20名股票 ===
股票代码               公司名称               市值(亿)               板块                    昨天收盘             今天收盘       涨跌幅(%)
CETY    Clean Energy Technologies Inc  0.06                        Energy  2025-11-24 1.07  2025-11-25 2.32 116.82
BNED     Barnes & Noble Education Inc  2.12                        Retail  2025-11-24 6.69  2025-11-25 9.12  36.32
TOPP            Toppoint Holdings Inc  0.21                   Road & Rail  2025-11-24 1.07   2025-11-25 1.4  30.84
ALUR        Allurion Technologies Inc  0.12 Diversified Consumer Services  2025-11-24 1.13  2025-11-25 1.44  27.43
 MPU                  Mega Matrix Inc  0.47                         Media  2025-11-24 0.81  2025-11-25 1.03  27.16
AEHL Antelope Enterprise Holdings Ltd  0.09                         Media  2025-11-24 2.53   2025-11-25 3.2  26.48
 IBG    Innovation Beverage Group Ltd  0.04                     Beverages   2025-11-24 1.9  2025-11-25 2.38  25.26
CSTE                  Caesarstone Ltd  0.30                      Building  2025-11-24 0.93  2025-11-25 1.16  24.73
DGLY                 Digital Ally Inc  0.02          Electrical Equipment  2025-11-24 1.34  2025-11-25 1.66  23.88
SRZN                     Surrozen Inc  1.12                 Biotechnology  2025-11-24 13.1 2025-11-25 16.01  22.21
NTHI  NeOnc Technologies Holdings Inc  1.14               Pharmaceuticals  2025-11-24 7.32  2025-11-25 8.84  20.77
LGCL                     Lucas GC Ltd  0.06         Professional Services  2025-11-24 2.23  2025-11-25 2.68  20.18
AMZE               Amaze Holdings Inc  0.05                     Beverages   2025-11-24 0.3  2025-11-25 0.36  19.17
MITQ    Moving Image Technologies Inc  0.06                         Media  2025-11-24 0.61  2025-11-25 0.73  18.82
SNBR                Sleep Number Corp  0.89                        Retail  2025-11-24 3.92  2025-11-25 4.65  18.62
AMTM             Amentum Holdings Inc 61.73         Professional Services 2025-11-24 25.37  2025-11-25 30.0  18.25
 MFI         mF International Limited  0.19            Financial Services 2025-11-24 13.78 2025-11-25 16.26  18.00
 INV                   Innventure Inc  2.90            Financial Services  2025-11-24 4.65  2025-11-25 5.48  17.85
 AIM               AIM ImmunoTech Inc  0.04                 Biotechnology  2025-11-24 1.35  2025-11-25 1.59  17.56
AISP          Airship AI Holdings Inc  1.05                    Technology  2025-11-24 3.08   2025-11-25 3.6  16.88

=== 市值超过20亿的涨幅榜前20名股票 ===
股票代码             公司名称            市值(亿)                 板块                       昨天收盘              今天收盘       涨跌幅(%)
AMTM        Amentum Holdings Inc  61.73            Professional Services  2025-11-24 25.37   2025-11-25 30.0 18.25 
INSP Inspire Medical Systems Inc  34.08                      Health Care 2025-11-24 117.29 2025-11-25 130.39 11.17 
KEYS   Keysight Technologies Inc 296.81             Electrical Equipment 2025-11-24 177.67 2025-11-25 195.46 10.01 
URBN        Urban Outfitters Inc  55.81                           Retail  2025-11-24 62.22  2025-11-25 68.31  9.79 
   M                  Macy's Inc  54.02                           Retail  2025-11-24 20.02  2025-11-25 21.85  9.14 
 RKT        Rocket Companies Inc 510.24               Financial Services  2025-11-24 18.12  2025-11-25 19.66  8.50 
SLNO     Soleno Therapeutics Inc  24.23                    Biotechnology  2025-11-24 45.91  2025-11-25 49.77  8.41 
DKNG              Draftkings Inc 149.28    Hotels, Restaurants & Leisure  2025-11-24 29.44  2025-11-25 31.67  7.57 
BROS              Dutch Bros Inc  87.79    Hotels, Restaurants & Leisure  2025-11-24 53.36  2025-11-25 57.37  7.51 
 CMG  Chipotle Mexican Grill Inc 412.42    Hotels, Restaurants & Leisure  2025-11-24 31.19   2025-11-25 33.4  7.09 
PSMT              PriceSmart Inc  36.32                           Retail 2025-11-24 117.57 2025-11-25 125.67  6.89 
 FLG      Flagstar Financial Inc  47.27                          Banking  2025-11-24 11.37  2025-11-25 12.13  6.68 
CELH        Celsius Holdings Inc  97.75                        Beverages  2025-11-24 37.92   2025-11-25 40.4  6.54 
 VIK         Viking Holdings Ltd 283.50    Hotels, Restaurants & Leisure  2025-11-24 63.75  2025-11-25 67.87  6.46 
GKOS                Glaukos Corp  57.22                      Health Care  2025-11-24 98.06 2025-11-25 104.35  6.41 
NUVB            Nuvation Bio Inc  25.48                  Pharmaceuticals   2025-11-24 7.41   2025-11-25 7.88  6.34 
 SIG         Signet Jewelers Ltd  38.53                           Retail  2025-11-24 94.09  2025-11-25 99.92  6.20 
 BCC            Boise Cascade Co  26.63 Trading Companies & Distributors  2025-11-24 71.04  2025-11-25 75.44  6.19 
FLNC          Fluence Energy Inc  28.11             Electrical Equipment   2025-11-24 15.8  2025-11-25 16.77  6.14 
SNEX            StoneX Group Inc  41.23               Financial Services   2025-11-24 84.0  2025-11-25 89.12  6.10 

=== 市值超过50亿的涨幅榜前20名股票 ===
股票代码            公司名称             市值(亿)                 板块                       昨天收盘              今天收盘       涨跌幅(%)
AMTM       Amentum Holdings Inc   61.73            Professional Services  2025-11-24 25.37   2025-11-25 30.0 18.25 
KEYS  Keysight Technologies Inc  296.81             Electrical Equipment 2025-11-24 177.67 2025-11-25 195.46 10.01 
URBN       Urban Outfitters Inc   55.81                           Retail  2025-11-24 62.22  2025-11-25 68.31  9.79 
   M                 Macy's Inc   54.02                           Retail  2025-11-24 20.02  2025-11-25 21.85  9.14 
 RKT       Rocket Companies Inc  510.24               Financial Services  2025-11-24 18.12  2025-11-25 19.66  8.50 
DKNG             Draftkings Inc  149.28    Hotels, Restaurants & Leisure  2025-11-24 29.44  2025-11-25 31.67  7.57 
BROS             Dutch Bros Inc   87.79    Hotels, Restaurants & Leisure  2025-11-24 53.36  2025-11-25 57.37  7.51 
 CMG Chipotle Mexican Grill Inc  412.42    Hotels, Restaurants & Leisure  2025-11-24 31.19   2025-11-25 33.4  7.09 
CELH       Celsius Holdings Inc   97.75                        Beverages  2025-11-24 37.92   2025-11-25 40.4  6.54 
 VIK        Viking Holdings Ltd  283.50    Hotels, Restaurants & Leisure  2025-11-24 63.75  2025-11-25 67.87  6.46 
GKOS               Glaukos Corp   57.22                      Health Care  2025-11-24 98.06 2025-11-25 104.35  6.41 
ICLR                   ICON PLC  127.97   Life Sciences Tools & Services 2025-11-24 164.55 2025-11-25 174.53  6.07 
VLTO               Veralto Corp  245.76   Commercial Services & Supplies  2025-11-24 98.14 2025-11-25 103.96  5.93 
 DHI              DR Horton Inc  426.64                Consumer products 2025-11-24 146.08 2025-11-25 154.53  5.78 
 MGM  MGM Resorts International   88.56    Hotels, Restaurants & Leisure  2025-11-24 32.38  2025-11-25 34.14  5.44 
 KMX                 Carmax Inc   52.32                           Retail  2025-11-24 35.63  2025-11-25 37.53  5.33 
 VFC                    VF Corp   63.96 Textiles, Apparel & Luxury Goods  2025-11-24 16.37  2025-11-25 17.24  5.31 
 ADI         Analog Devices Inc 1177.74                   Semiconductors  2025-11-24 239.4 2025-11-25 252.02  5.27 
RVTY                Revvity Inc  111.41   Life Sciences Tools & Services 2025-11-24 100.58 2025-11-25 105.57  4.96 
 CCJ                Cameco Corp  345.89                           Energy  2025-11-24 83.34  2025-11-25 87.35  4.81 

=== 市值超过100亿的涨幅榜前20名股票 ===
股票代码               公司名称               市值(亿)                 板块                       昨天收盘              今天收盘       涨跌幅(%)
KEYS       Keysight Technologies Inc  296.81             Electrical Equipment 2025-11-24 177.67 2025-11-25 195.46 10.01 
 RKT            Rocket Companies Inc  510.24               Financial Services  2025-11-24 18.12  2025-11-25 19.66  8.50 
DKNG                  Draftkings Inc  149.28    Hotels, Restaurants & Leisure  2025-11-24 29.44  2025-11-25 31.67  7.57 
 CMG      Chipotle Mexican Grill Inc  412.42    Hotels, Restaurants & Leisure  2025-11-24 31.19   2025-11-25 33.4  7.09 
 VIK             Viking Holdings Ltd  283.50    Hotels, Restaurants & Leisure  2025-11-24 63.75  2025-11-25 67.87  6.46 
ICLR                        ICON PLC  127.97   Life Sciences Tools & Services 2025-11-24 164.55 2025-11-25 174.53  6.07 
VLTO                    Veralto Corp  245.76   Commercial Services & Supplies  2025-11-24 98.14 2025-11-25 103.96  5.93 
 DHI                   DR Horton Inc  426.64                Consumer products 2025-11-24 146.08 2025-11-25 154.53  5.78 
 ADI              Analog Devices Inc 1177.74                   Semiconductors  2025-11-24 239.4 2025-11-25 252.02  5.27 
RVTY                     Revvity Inc  111.41   Life Sciences Tools & Services 2025-11-24 100.58 2025-11-25 105.57  4.96 
 CCJ                     Cameco Corp  345.89                           Energy  2025-11-24 83.34  2025-11-25 87.35  4.81 
LULU         Lululemon Athletica Inc  209.88 Textiles, Apparel & Luxury Goods 2025-11-24 169.67 2025-11-25 177.51  4.62 
CASY       Caseys General Stores Inc  208.33                           Retail 2025-11-24 540.79 2025-11-25 565.43  4.56 
CART                   Maplebear Inc  106.17                           Retail  2025-11-24 40.44  2025-11-25 42.19  4.33 
  NU                 Nu Holdings Ltd  762.67                          Banking  2025-11-24 15.92  2025-11-25 16.61  4.33 
CARR             Carrier Global Corp  441.40                         Building  2025-11-24 51.75  2025-11-25 53.95  4.25 
 RCL     Royal Caribbean Cruises Ltd  696.97    Hotels, Restaurants & Leisure 2025-11-24 255.57 2025-11-25 266.41  4.24 
  PM Philip Morris International Inc 2351.46                          Tobacco 2025-11-24 151.06 2025-11-25 157.41  4.20 
  RL               Ralph Lauren Corp  212.30 Textiles, Apparel & Luxury Goods 2025-11-24 349.98  2025-11-25 364.5  4.15 
DASH                    DoorDash Inc  810.62    Hotels, Restaurants & Leisure 2025-11-24 188.08 2025-11-25 195.49  3.94 

=== 市值超过200亿的涨幅榜前20名股票 ===
股票代码               公司名称               市值(亿)                 板块                       昨天收盘              今天收盘       涨跌幅(%)
KEYS       Keysight Technologies Inc  296.81             Electrical Equipment 2025-11-24 177.67 2025-11-25 195.46 10.01 
 RKT            Rocket Companies Inc  510.24               Financial Services  2025-11-24 18.12  2025-11-25 19.66  8.50 
 CMG      Chipotle Mexican Grill Inc  412.42    Hotels, Restaurants & Leisure  2025-11-24 31.19   2025-11-25 33.4  7.09 
 VIK             Viking Holdings Ltd  283.50    Hotels, Restaurants & Leisure  2025-11-24 63.75  2025-11-25 67.87  6.46 
VLTO                    Veralto Corp  245.76   Commercial Services & Supplies  2025-11-24 98.14 2025-11-25 103.96  5.93 
 DHI                   DR Horton Inc  426.64                Consumer products 2025-11-24 146.08 2025-11-25 154.53  5.78 
 ADI              Analog Devices Inc 1177.74                   Semiconductors  2025-11-24 239.4 2025-11-25 252.02  5.27 
 CCJ                     Cameco Corp  345.89                           Energy  2025-11-24 83.34  2025-11-25 87.35  4.81 
LULU         Lululemon Athletica Inc  209.88 Textiles, Apparel & Luxury Goods 2025-11-24 169.67 2025-11-25 177.51  4.62 
CASY       Caseys General Stores Inc  208.33                           Retail 2025-11-24 540.79 2025-11-25 565.43  4.56 
  NU                 Nu Holdings Ltd  762.67                          Banking  2025-11-24 15.92  2025-11-25 16.61  4.33 
CARR             Carrier Global Corp  441.40                         Building  2025-11-24 51.75  2025-11-25 53.95  4.25 
 RCL     Royal Caribbean Cruises Ltd  696.97    Hotels, Restaurants & Leisure 2025-11-24 255.57 2025-11-25 266.41  4.24 
  PM Philip Morris International Inc 2351.46                          Tobacco 2025-11-24 151.06 2025-11-25 157.41  4.20 
  RL               Ralph Lauren Corp  212.30 Textiles, Apparel & Luxury Goods 2025-11-24 349.98  2025-11-25 364.5  4.15 
DASH                    DoorDash Inc  810.62    Hotels, Restaurants & Leisure 2025-11-24 188.08 2025-11-25 195.49  3.94 
 CCL                   Carnival Corp  324.25    Hotels, Restaurants & Leisure  2025-11-24 24.76  2025-11-25 25.72  3.88 
 HUM                      Humana Inc  275.67                      Health Care  2025-11-24 229.2 2025-11-25 237.88  3.79 
 HLT   Hilton Worldwide Holdings Inc  637.99    Hotels, Restaurants & Leisure 2025-11-24 274.33 2025-11-25 284.73  3.79 
EXPE               Expedia Group Inc  305.28    Hotels, Restaurants & Leisure 2025-11-24 249.14 2025-11-25 258.14  3.61 

=== 市值超过1000亿的涨跌榜前20名股票 ===
股票代码               公司名称               市值(亿)             板块                 昨天收盘              今天收盘       涨跌幅(%)
 ADI              Analog Devices Inc  1177.74        Semiconductors  2025-11-24 239.4 2025-11-25 252.02  5.27 
  PM Philip Morris International Inc  2351.46               Tobacco 2025-11-24 151.06 2025-11-25 157.41  4.20 
 HCA              HCA Healthcare Inc  1143.34           Health Care 2025-11-24 501.04 2025-11-25 515.85  2.96 
 COF      Capital One Financial Corp  1327.67    Financial Services 2025-11-24 208.84 2025-11-25 214.45  2.69 
 KKR                    KKR & Co Inc  1057.77    Financial Services 2025-11-24 117.85 2025-11-25 120.81  2.51 
 ADP   Automatic Data Processing Inc  1011.53 Professional Services  2025-11-24 250.1 2025-11-25 256.31  2.48 
 TJX               TJX Companies Inc  1656.72                Retail 2025-11-24 148.86 2025-11-25 152.39  2.37 
ANET             Arista Networks Inc  1478.78        Communications 2025-11-24 122.17 2025-11-25 125.04  2.35 
 UNH          UnitedHealth Group Inc  2890.08           Health Care 2025-11-24 319.05 2025-11-25 326.28  2.27 
  DE                      Deere & Co  1317.15             Machinery 2025-11-24 487.23 2025-11-25 498.13  2.24 
 MDT                   Medtronic PLC  1323.73           Health Care  2025-11-24 103.2 2025-11-25 105.35  2.08 
  BN                 Brookfield Corp  1116.49    Financial Services  2025-11-24 45.11  2025-11-25 46.04  2.06 
 UNP              Union Pacific Corp  1331.65           Road & Rail  2025-11-24 224.5 2025-11-25 229.13  2.06 
AVGO                    Broadcom Inc 17848.65        Semiconductors 2025-11-24 377.96 2025-11-25 385.03  1.87 
ISRG          Intuitive Surgical Inc  2015.24           Health Care 2025-11-24 568.48 2025-11-25 578.87  1.83 
GOOG                    Alphabet Inc 36154.38                 Media 2025-11-24 318.47 2025-11-25 323.64  1.62 
  MA                  Mastercard Inc  4829.87    Financial Services 2025-11-24 537.85 2025-11-25 546.47  1.60 
   V                        Visa Inc  6303.11    Financial Services  2025-11-24 329.3 2025-11-25 334.53  1.59 
  GS         Goldman Sachs Group Inc  2371.56    Financial Services 2025-11-24 790.71 2025-11-25 802.32  1.47 
  PH            Parker-Hannifin Corp  1059.43             Machinery 2025-11-24 840.02 2025-11-25 852.04  1.43 
