
=== 涨幅榜前20名股票 ===
 股票代码                    公司名称                    市值(亿)               板块                     昨天收盘             今天收盘       涨跌幅(%)
 SLXN                 Silexion Therapeutics Corp  0.01                  Biotechnology  2026-05-19 0.27  2026-05-20 0.53 96.95 
  GCL                    GCL Global Holdings Ltd  0.87                          Media  2026-05-19 0.43  2026-05-20 0.74 72.34 
 PHGE                                  BiomX Inc  0.05                  Biotechnology  2026-05-19 0.37   2026-05-20 0.6 59.60 
 MTVA                                MetaVia Inc  0.11                  Biotechnology  2026-05-19 1.88  2026-05-20 2.89 53.72 
FAASF                              DigiAsia Corp  0.01             Financial Services  2026-05-19 0.02  2026-05-20 0.03 50.00 
 AREB                American Rebel Holdings Inc  0.01 Commercial Services & Supplies  2026-05-19 0.04  2026-05-20 0.06 47.56 
 PETZ                           TDH Holdings Inc  0.11                  Food Products  2026-05-19 0.81  2026-05-20 1.15 41.98 
 MLGO                              MicroAlgo Inc  0.50                     Technology  2026-05-19 3.83  2026-05-20 5.36 39.95 
 IMVT                             Immunovant Inc 65.13                  Biotechnology 2026-05-19 26.29 2026-05-20 35.56 35.26 
 RAIN   Rain Enhancement Technologies Holdco Inc  0.12                      Machinery   2026-05-19 1.5  2026-05-20 2.02 34.67 
 JDZG                                  JIADE Ltd  0.04  Diversified Consumer Services  2026-05-19 2.37  2026-05-20 3.14 32.49 
 CTEV                              Claritev Corp  3.07                    Health Care  2026-05-19 16.2 2026-05-20 21.24 31.11 
 QUCY                            Mainz Biomed NV  0.40                  Biotechnology  2026-05-19 2.52  2026-05-20 3.29 30.56 
 TNMG                              TNL Mediagene  0.02                          Media   2026-05-19 0.6  2026-05-20 0.78 30.00 
 CCTG CCSC Technology International Holdings Ltd  0.02           Electrical Equipment  2026-05-19 0.46  2026-05-20 0.59 28.07 
  BTM                          Bitcoin Depot Inc  0.06 Commercial Services & Supplies  2026-05-19 0.56  2026-05-20 0.72 27.53 
   TE                              T1 Energy Inc 22.63           Electrical Equipment  2026-05-19 6.88   2026-05-20 8.7 26.45 
 DMRC                              Digimarc Corp  2.13                     Technology  2026-05-19 9.54 2026-05-20 12.05 26.31 
 HYFT                     MindWalk Holdings Corp  0.69 Life Sciences Tools & Services  2026-05-19 1.26  2026-05-20 1.59 26.19 
 STFS          Star Fashion Culture Holdings Ltd  0.09                          Media  2026-05-19 7.51  2026-05-20 9.46 25.97 

=== 市值超过20亿的涨幅榜前20名股票 ===
股票代码             公司名称             市值(亿)           板块                 昨天收盘              今天收盘       涨跌幅(%)
IMVT               Immunovant Inc  65.13        Biotechnology  2026-05-19 26.29  2026-05-20 35.56 35.26 
  TE                T1 Energy Inc  22.63 Electrical Equipment   2026-05-19 6.88    2026-05-20 8.7 26.45 
NVTS   Navitas Semiconductor Corp  48.19       Semiconductors  2026-05-19 19.43  2026-05-20 22.99 18.32 
ALAB             Astera Labs, Inc 456.96       Semiconductors 2026-05-19 244.26 2026-05-20 287.48 17.69 
  GH          Guardant Health Inc 135.49          Health Care  2026-05-19 98.19 2026-05-20 114.97 17.09 
ROIV         Roivant Sciences Ltd 220.01        Biotechnology  2026-05-19 28.21  2026-05-20 32.41 14.89 
ENPH           Enphase Energy Inc  62.25       Semiconductors  2026-05-19 46.76  2026-05-20 53.15 13.67 
POET        POET Technologies Inc  22.57       Semiconductors  2026-05-19 13.07  2026-05-20 14.78 13.08 
USAR           USA Rare Earth Inc  44.53      Metals & Mining  2026-05-19 19.97  2026-05-20 22.57 13.05 
 RXO                      RXO Inc  35.60          Road & Rail  2026-05-19 21.13  2026-05-20 23.85 12.87 
SMMT      Summit Therapeutics Inc 129.62        Biotechnology  2026-05-19 15.85  2026-05-20 17.89 12.87 
OKLO                     Oklo Inc 100.27            Utilities  2026-05-19 55.88  2026-05-20 62.58 11.99 
LSCC   Lattice Semiconductor Corp 180.33       Semiconductors 2026-05-19 124.24 2026-05-20 138.74 11.67 
IREN                     IREN Ltd 174.48           Technology  2026-05-19 47.74  2026-05-20 52.71 10.41 
 DYN       Dyne Therapeutics, Inc  27.66        Biotechnology  2026-05-19 15.92  2026-05-20 17.56 10.30 
 ALK         Alaska Air Group Inc  40.86             Airlines  2026-05-19 36.21  2026-05-20 39.85 10.05 
COMP                  Compass Inc  56.83          Real Estate   2026-05-19 7.58   2026-05-20 8.34 10.03 
 UAL United Airlines Holdings Inc 292.17             Airlines  2026-05-19 89.12  2026-05-20 98.02  9.99 
 TOL            Toll Brothers Inc 123.69    Consumer products 2026-05-19 124.14 2026-05-20 136.31  9.80 
IMNM                 Immunome Inc  22.84        Biotechnology  2026-05-19 19.66  2026-05-20 21.53  9.51 

=== 市值超过50亿的涨幅榜前20名股票 ===
 股票代码             公司名称             市值(亿)                板块                     昨天收盘              今天收盘       涨跌幅(%)
 IMVT               Immunovant Inc  65.13                 Biotechnology  2026-05-19 26.29  2026-05-20 35.56 35.26 
 ALAB             Astera Labs, Inc 456.96                Semiconductors 2026-05-19 244.26 2026-05-20 287.48 17.69 
   GH          Guardant Health Inc 135.49                   Health Care  2026-05-19 98.19 2026-05-20 114.97 17.09 
 ROIV         Roivant Sciences Ltd 220.01                 Biotechnology  2026-05-19 28.21  2026-05-20 32.41 14.89 
 ENPH           Enphase Energy Inc  62.25                Semiconductors  2026-05-19 46.76  2026-05-20 53.15 13.67 
 SMMT      Summit Therapeutics Inc 129.62                 Biotechnology  2026-05-19 15.85  2026-05-20 17.89 12.87 
 OKLO                     Oklo Inc 100.27                     Utilities  2026-05-19 55.88  2026-05-20 62.58 11.99 
 LSCC   Lattice Semiconductor Corp 180.33                Semiconductors 2026-05-19 124.24 2026-05-20 138.74 11.67 
 IREN                     IREN Ltd 174.48                    Technology  2026-05-19 47.74  2026-05-20 52.71 10.41 
 COMP                  Compass Inc  56.83                   Real Estate   2026-05-19 7.58   2026-05-20 8.34 10.03 
  UAL United Airlines Holdings Inc 292.17                      Airlines  2026-05-19 89.12  2026-05-20 98.02  9.99 
  TOL            Toll Brothers Inc 123.69             Consumer products 2026-05-19 124.14 2026-05-20 136.31  9.80 
  TLN            Talen Energy Corp 152.16                     Utilities 2026-05-19 314.57 2026-05-20 344.46  9.50 
 SMCI     Super Micro Computer Inc 193.38                    Technology  2026-05-19 30.56  2026-05-20 33.46  9.49 
 RMBS                   Rambus Inc 135.46                Semiconductors 2026-05-19 122.03 2026-05-20 133.56  9.45 
  DAL          Delta Air Lines Inc 451.75                      Airlines  2026-05-19 67.76  2026-05-20 74.12  9.39 
SLOIF                    Soitec SA  51.20                Semiconductors 2026-05-19 167.93  2026-05-20 183.5  9.27 
  CCL                Carnival Corp 329.22 Hotels, Restaurants & Leisure  2026-05-19 23.89  2026-05-20 26.03  8.96 
 VICR                   Vicor Corp 110.96          Electrical Equipment 2026-05-19 243.43  2026-05-20 264.2  8.53 
 BURL        Burlington Stores Inc 186.71                        Retail  2026-05-19 286.1 2026-05-20 310.19  8.42 

=== 市值超过100亿的涨幅榜前20名股票 ===
股票代码                公司名称                 市值(亿)                板块                     昨天收盘              今天收盘       涨跌幅(%)
ALAB                   Astera Labs, Inc  456.96                Semiconductors 2026-05-19 244.26 2026-05-20 287.48 17.69 
  GH                Guardant Health Inc  135.49                   Health Care  2026-05-19 98.19 2026-05-20 114.97 17.09 
ROIV               Roivant Sciences Ltd  220.01                 Biotechnology  2026-05-19 28.21  2026-05-20 32.41 14.89 
SMMT            Summit Therapeutics Inc  129.62                 Biotechnology  2026-05-19 15.85  2026-05-20 17.89 12.87 
OKLO                           Oklo Inc  100.27                     Utilities  2026-05-19 55.88  2026-05-20 62.58 11.99 
LSCC         Lattice Semiconductor Corp  180.33                Semiconductors 2026-05-19 124.24 2026-05-20 138.74 11.67 
IREN                           IREN Ltd  174.48                    Technology  2026-05-19 47.74  2026-05-20 52.71 10.41 
 UAL       United Airlines Holdings Inc  292.17                      Airlines  2026-05-19 89.12  2026-05-20 98.02  9.99 
 TOL                  Toll Brothers Inc  123.69             Consumer products 2026-05-19 124.14 2026-05-20 136.31  9.80 
 TLN                  Talen Energy Corp  152.16                     Utilities 2026-05-19 314.57 2026-05-20 344.46  9.50 
SMCI           Super Micro Computer Inc  193.38                    Technology  2026-05-19 30.56  2026-05-20 33.46  9.49 
RMBS                         Rambus Inc  135.46                Semiconductors 2026-05-19 122.03 2026-05-20 133.56  9.45 
 DAL                Delta Air Lines Inc  451.75                      Airlines  2026-05-19 67.76  2026-05-20 74.12  9.39 
 CCL                      Carnival Corp  329.22 Hotels, Restaurants & Leisure  2026-05-19 23.89  2026-05-20 26.03  8.96 
VICR                         Vicor Corp  110.96          Electrical Equipment 2026-05-19 243.43  2026-05-20 264.2  8.53 
BURL              Burlington Stores Inc  186.71                        Retail  2026-05-19 286.1 2026-05-20 310.19  8.42 
IONQ                           IONQ Inc  182.79                    Technology  2026-05-19 48.44  2026-05-20 52.47  8.32 
 NRG                     NRG Energy Inc  270.74                     Utilities 2026-05-19 123.71 2026-05-20 133.98  8.30 
CRDO Credo Technology Group Holding Ltd  325.04                Semiconductors 2026-05-19 168.99 2026-05-20 182.98  8.28 
 AMD         Advanced Micro Devices Inc 7069.47                Semiconductors 2026-05-19 414.05 2026-05-20 447.58  8.10 

=== 市值超过200亿的涨幅榜前20名股票 ===
股票代码                公司名称                 市值(亿)                板块                     昨天收盘              今天收盘       涨跌幅(%)
ALAB                   Astera Labs, Inc  456.96                Semiconductors 2026-05-19 244.26 2026-05-20 287.48 17.69 
ROIV               Roivant Sciences Ltd  220.01                 Biotechnology  2026-05-19 28.21  2026-05-20 32.41 14.89 
 UAL       United Airlines Holdings Inc  292.17                      Airlines  2026-05-19 89.12  2026-05-20 98.02  9.99 
 DAL                Delta Air Lines Inc  451.75                      Airlines  2026-05-19 67.76  2026-05-20 74.12  9.39 
 CCL                      Carnival Corp  329.22 Hotels, Restaurants & Leisure  2026-05-19 23.89  2026-05-20 26.03  8.96 
 NRG                     NRG Energy Inc  270.74                     Utilities 2026-05-19 123.71 2026-05-20 133.98  8.30 
CRDO Credo Technology Group Holding Ltd  325.04                Semiconductors 2026-05-19 168.99 2026-05-20 182.98  8.28 
 AMD         Advanced Micro Devices Inc 7069.47                Semiconductors 2026-05-19 414.05 2026-05-20 447.58  8.10 
  BE                  Bloom Energy Corp  764.27          Electrical Equipment 2026-05-19 261.34 2026-05-20 282.31  8.02 
 CEG          Constellation Energy Corp  982.11                     Utilities 2026-05-19 260.67 2026-05-20 281.26  7.90 
 RKT               Rocket Companies Inc  356.77            Financial Services  2026-05-19 12.67  2026-05-20 13.63  7.58 
INTC                         Intel Corp 5897.51                Semiconductors  2026-05-19 110.8 2026-05-20 118.96  7.36 
FTAI                  FTAI Aviation Ltd  235.89           Aerospace & Defense 2026-05-19 223.49 2026-05-20 239.84  7.32 
FSLR                    First Solar Inc  239.47                Semiconductors 2026-05-19 221.71 2026-05-20 237.86  7.28 
 SYM                       Symbotic Inc  283.76                     Machinery  2026-05-19 46.61  2026-05-20 49.96  7.19 
 TER                       Teradyne Inc  518.22                Semiconductors 2026-05-19 321.52 2026-05-20 344.34  7.10 
 VST                        Vistra Corp  454.22                     Utilities 2026-05-19 134.71  2026-05-20 144.0  6.90 
LRCX                  Lam Research Corp 3540.85                Semiconductors 2026-05-19 273.38 2026-05-20 292.09  6.84 
DXCM                         Dexcom Inc  258.48                   Health Care  2026-05-19 66.95  2026-05-20 71.44  6.71 
 GFS                GlobalFoundries Inc  378.25                Semiconductors  2026-05-19 66.68  2026-05-20 70.79  6.16 

=== 市值超过1000亿的涨跌榜前20名股票 ===
 股票代码                 公司名称                 市值(亿)                 板块                       昨天收盘               今天收盘        涨跌幅(%)
  AMD          Advanced Micro Devices Inc 7069.47                   Semiconductors  2026-05-19 414.05  2026-05-20 447.58  8.10 
 INTC                          Intel Corp 5897.51                   Semiconductors   2026-05-19 110.8  2026-05-20 118.96  7.36 
 LRCX                   Lam Research Corp 3540.85                   Semiconductors  2026-05-19 273.38  2026-05-20 292.09  6.84 
 MRVL              Marvell Technology Inc 1666.18                   Semiconductors  2026-05-19 176.27   2026-05-20 186.8  5.97 
ASMLF                     ASML Holding NV 4770.99                   Semiconductors 2026-05-19 1463.98 2026-05-20 1550.91  5.94 
   GS             Goldman Sachs Group Inc 2792.27               Financial Services  2026-05-19 928.74  2026-05-20 982.12  5.75 
  TJX                   TJX Companies Inc 1759.39                           Retail  2026-05-19 150.68  2026-05-20 159.21  5.66 
   GE                 General Electric Co 3025.77              Aerospace & Defense  2026-05-19 285.28  2026-05-20 300.17  5.22 
 KLAC                            KLA Corp 2335.32                   Semiconductors 2026-05-19 1740.58 2026-05-20 1829.47  5.11 
 AMAT               Applied Materials Inc 3325.23                   Semiconductors  2026-05-19 406.91  2026-05-20 426.85  4.90 
   MU               Micron Technology Inc 8188.48                   Semiconductors  2026-05-19 698.74  2026-05-20 731.99  4.76 
SBGSF               Schneider Electric SE 1440.73             Electrical Equipment  2026-05-19 293.42  2026-05-20 306.29  4.39 
   MS                      Morgan Stanley 3026.34               Financial Services  2026-05-19 189.58  2026-05-20 197.77  4.32 
LVMHF LVMH Moet Hennessy Louis Vuitton SE 2287.89 Textiles, Apparel & Luxury Goods  2026-05-19 535.75   2026-05-20 557.6  4.08 
    C                       Citigroup Inc 2074.35                          Banking  2026-05-19 119.97  2026-05-20 124.82  4.04 
 SHOP                         Shopify Inc 1308.81                       Technology  2026-05-19 101.01  2026-05-20 105.01  3.96 
EADSF                           Airbus SE 1331.20              Aerospace & Defense  2026-05-19 196.28  2026-05-20 204.01  3.94 
 ORCL                         Oracle Corp 5188.82                       Technology  2026-05-19 181.46  2026-05-20 188.16  3.69 
 QCOM                        Qualcomm Inc 2088.40                   Semiconductors  2026-05-19 195.61  2026-05-20 202.51  3.53 
   BA                           Boeing Co 1731.55              Aerospace & Defense  2026-05-19 215.01   2026-05-20 222.2  3.34 
