
=== 涨幅榜前20名股票 ===
 股票代码              公司名称             市值(亿)                板块                      昨天收盘            今天收盘       涨跌幅(%)
 ELAB             PMGC Holdings Inc  0.01                Consumer products 2026-03-27 1.67  2026-03-30 3.56 113.17
 BFRG      Bullfrog AI Holdings Inc  0.06                      Health Care 2026-03-27 0.51  2026-03-30 1.05 106.69
 ASTC                Astrotech Corp  0.04             Electrical Equipment 2026-03-27 2.37  2026-03-30 4.65  96.20
 ITRM       Iterum Therapeutics PLC  0.02                  Pharmaceuticals 2026-03-27 0.04  2026-03-30 0.07  95.56
 PMNT            Perfect Moment Ltd  0.09 Textiles, Apparel & Luxury Goods 2026-03-27 0.19  2026-03-30 0.32  74.73
 JCSE     JE Cleantech Holdings Ltd  0.05                        Machinery  2026-03-27 1.0  2026-03-30 1.72  72.00
 SLND        Southland Holdings Inc  0.66                     Construction 2026-03-27 1.22   2026-03-30 1.8  47.54
 JFBR              Jeffs Brands Ltd  0.01                           Retail  2026-03-27 2.2  2026-03-30 3.08  40.00
  ICU  SeaStar Medical Holding Corp  0.11                      Health Care 2026-03-27 2.74  2026-03-30 3.62  32.12
 SXTC China SXT Pharmaceuticals Inc  0.01                  Pharmaceuticals  2026-03-27 1.3  2026-03-30 1.65  26.92
 XAGE Longevity Health Holdings Inc  0.01                    Biotechnology 2026-03-27 0.31  2026-03-30 0.39  26.21
CLSDQ     Clearside Biomedical, Inc  0.03                  Pharmaceuticals 2026-03-27 0.54  2026-03-30 0.68  25.91
 POLA               Polar Power Inc  0.04             Electrical Equipment 2026-03-27 1.55  2026-03-30 1.95  25.81
  IDN              Intellicheck Inc  1.04                       Technology 2026-03-27 5.12  2026-03-30 6.42  25.39
 FBYD    Falcon's Beyond Global Inc  5.29            Professional Services 2026-03-27 9.63 2026-03-30 11.94  23.99
IVEVF                  Inventiva SA 10.38                    Biotechnology 2026-03-27 4.44   2026-03-30 5.5  23.87
 BTTC              Black Titan Corp  0.11                       Technology 2026-03-27 1.26  2026-03-30 1.55  23.02
  AVD        American Vanguard Corp  0.59                        Chemicals 2026-03-27 2.06  2026-03-30 2.53  22.82
 CMND        Clearmind Medicine Inc  0.02                  Pharmaceuticals 2026-03-27 0.81   2026-03-30 1.0  22.65
 SYRA              Syra Health Corp  0.02                      Health Care 2026-03-27 0.16   2026-03-30 0.2  21.95

=== 市值超过20亿的涨幅榜前20名股票 ===
 股票代码                 公司名称                 市值(亿)                 板块                       昨天收盘              今天收盘       涨跌幅(%)
 UTHR            United Therapeutics Corp  230.66                    Biotechnology 2026-03-27 522.83 2026-03-30 588.36 12.53 
 CLMT                         Calumet Inc   27.82                           Energy  2026-03-27 32.06  2026-03-30 35.04  9.30 
 GRDN      Guardian Pharmacy Services Inc   21.63                      Health Care  2026-03-27 34.16  2026-03-30 37.25  9.05 
   AA                          Alcoa Corp  154.11                  Metals & Mining  2026-03-27 58.41  2026-03-30 63.22  8.23 
  ADV             Advantage Solutions Inc   73.93                            Media  2026-03-27 25.57  2026-03-30 27.49  7.51 
 CENX                 Century Aluminum Co   49.14                  Metals & Mining  2026-03-27 49.65  2026-03-30 53.25  7.25 
BICEF                      Societe BIC SA   21.26   Commercial Services & Supplies  2026-03-27 59.18  2026-03-30 63.08  6.59 
  VFS                    VinFast Auto Ltd   72.52                      Automobiles   2026-03-27 3.39   2026-03-30 3.61  6.49 
LBRDB              Liberty Broadband Corp   73.22                            Media   2026-03-27 49.0   2026-03-30 52.0  6.12 
 SAIL                       SailPoint Inc   66.36                       Technology  2026-03-27 11.77  2026-03-30 12.45  5.78 
    U                  Unity Software Inc   84.22                       Technology  2026-03-27 19.45  2026-03-30 20.54  5.60 
 INSM                          Insmed Inc  313.20                    Biotechnology  2026-03-27 145.3 2026-03-30 153.32  5.52 
 MORN                     Morningstar Inc   62.07               Financial Services 2026-03-27 156.81 2026-03-30 164.67  5.01 
  AJG           Arthur J. Gallagher & Co.  532.45                        Insurance  2026-03-27 207.1 2026-03-30 215.95  4.27 
 CART                       Maplebear Inc   85.95                           Retail  2026-03-27 35.72  2026-03-30 37.19  4.12 
TNIPF             Theon International Plc   22.41              Aerospace & Defense  2026-03-27 32.48  2026-03-30 33.78  4.00 
 RYAN         Ryan Specialty Holdings Inc   83.85                        Insurance  2026-03-27 31.74  2026-03-30 32.97  3.88 
 NTSK                        Netskope Inc   25.45                       Technology   2026-03-27 7.73   2026-03-30 8.03  3.88 
LVMHF LVMH Moet Hennessy Louis Vuitton SE 2265.49 Textiles, Apparel & Luxury Goods  2026-03-27 520.0  2026-03-30 540.0  3.85 
   BR  Broadridge Financial Solutions Inc  183.79            Professional Services 2026-03-27 157.42 2026-03-30 163.44  3.82 

=== 市值超过50亿的涨幅榜前20名股票 ===
 股票代码                 公司名称                 市值(亿)                 板块                       昨天收盘               今天收盘        涨跌幅(%)
 UTHR            United Therapeutics Corp  230.66                    Biotechnology  2026-03-27 522.83  2026-03-30 588.36 12.53 
   AA                          Alcoa Corp  154.11                  Metals & Mining   2026-03-27 58.41   2026-03-30 63.22  8.23 
  ADV             Advantage Solutions Inc   73.93                            Media   2026-03-27 25.57   2026-03-30 27.49  7.51 
  VFS                    VinFast Auto Ltd   72.52                      Automobiles    2026-03-27 3.39    2026-03-30 3.61  6.49 
LBRDB              Liberty Broadband Corp   73.22                            Media    2026-03-27 49.0    2026-03-30 52.0  6.12 
 SAIL                       SailPoint Inc   66.36                       Technology   2026-03-27 11.77   2026-03-30 12.45  5.78 
    U                  Unity Software Inc   84.22                       Technology   2026-03-27 19.45   2026-03-30 20.54  5.60 
 INSM                          Insmed Inc  313.20                    Biotechnology   2026-03-27 145.3  2026-03-30 153.32  5.52 
 MORN                     Morningstar Inc   62.07               Financial Services  2026-03-27 156.81  2026-03-30 164.67  5.01 
  AJG           Arthur J. Gallagher & Co.  532.45                        Insurance   2026-03-27 207.1  2026-03-30 215.95  4.27 
 CART                       Maplebear Inc   85.95                           Retail   2026-03-27 35.72   2026-03-30 37.19  4.12 
 RYAN         Ryan Specialty Holdings Inc   83.85                        Insurance   2026-03-27 31.74   2026-03-30 32.97  3.88 
LVMHF LVMH Moet Hennessy Louis Vuitton SE 2265.49 Textiles, Apparel & Luxury Goods   2026-03-27 520.0   2026-03-30 540.0  3.85 
   BR  Broadridge Financial Solutions Inc  183.79            Professional Services  2026-03-27 157.42  2026-03-30 163.44  3.82 
 FICO                     Fair Isaac Corp  239.85                       Technology 2026-03-27 1011.06 2026-03-30 1047.94  3.65 
ESLOF                 Essilorluxottica SA  900.15                      Health Care  2026-03-27 220.26  2026-03-30 227.99  3.51 
  TTD                      Trade Desk Inc  101.29                            Media   2026-03-27 21.28   2026-03-30 22.01  3.43 
   DT                       Dynatrace Inc  107.10                       Technology   2026-03-27 35.91   2026-03-30 37.13  3.40 
 PCVX                         Vaxcyte Inc   76.51                    Biotechnology   2026-03-27 53.16   2026-03-30 54.96  3.39 
  YOU                    Clear Secure Inc   59.50                       Technology   2026-03-27 47.44   2026-03-30 49.05  3.39 

=== 市值超过100亿的涨幅榜前20名股票 ===
 股票代码                 公司名称                 市值(亿)                 板块                       昨天收盘               今天收盘        涨跌幅(%)
 UTHR            United Therapeutics Corp  230.66                    Biotechnology  2026-03-27 522.83  2026-03-30 588.36 12.53 
   AA                          Alcoa Corp  154.11                  Metals & Mining   2026-03-27 58.41   2026-03-30 63.22  8.23 
 INSM                          Insmed Inc  313.20                    Biotechnology   2026-03-27 145.3  2026-03-30 153.32  5.52 
  AJG           Arthur J. Gallagher & Co.  532.45                        Insurance   2026-03-27 207.1  2026-03-30 215.95  4.27 
LVMHF LVMH Moet Hennessy Louis Vuitton SE 2265.49 Textiles, Apparel & Luxury Goods   2026-03-27 520.0   2026-03-30 540.0  3.85 
   BR  Broadridge Financial Solutions Inc  183.79            Professional Services  2026-03-27 157.42  2026-03-30 163.44  3.82 
 FICO                     Fair Isaac Corp  239.85                       Technology 2026-03-27 1011.06 2026-03-30 1047.94  3.65 
ESLOF                 Essilorluxottica SA  900.15                      Health Care  2026-03-27 220.26  2026-03-30 227.99  3.51 
  TTD                      Trade Desk Inc  101.29                            Media   2026-03-27 21.28   2026-03-30 22.01  3.43 
   DT                       Dynatrace Inc  107.10                       Technology   2026-03-27 35.91   2026-03-30 37.13  3.40 
  AON                             Aon PLC  672.03                        Insurance  2026-03-27 313.66  2026-03-30 324.06  3.32 
  QSR Restaurant Brands International Inc  325.58    Hotels, Restaurants & Leisure   2026-03-27 71.42   2026-03-30 73.76  3.28 
  TKO              TKO Group Holdings Inc  367.28                            Media   2026-03-27 189.2  2026-03-30 195.41  3.28 
 MRSH      Marsh & McLennan Companies Inc  818.99                        Insurance  2026-03-27 169.17  2026-03-30 174.72  3.28 
   BX                      Blackstone Inc 1320.90               Financial Services  2026-03-27 108.07   2026-03-30 111.6  3.27 
UMGNF            Universal Music Group NV  285.67                            Media   2026-03-27 17.97   2026-03-30 18.55  3.26 
  EFX                         Equifax Inc  206.68            Professional Services  2026-03-27 171.85   2026-03-30 177.4  3.23 
  CRM                      Salesforce Inc 1655.03                       Technology  2026-03-27 179.31  2026-03-30 185.03  3.19 
   ZS                         Zscaler Inc  247.23                       Technology  2026-03-27 133.16  2026-03-30 137.26  3.08 
 OKTA                            Okta Inc  129.54                       Technology   2026-03-27 73.23   2026-03-30 75.47  3.06 

=== 市值超过200亿的涨幅榜前20名股票 ===
 股票代码                 公司名称                 市值(亿)                 板块                       昨天收盘               今天收盘        涨跌幅(%)
 UTHR            United Therapeutics Corp  230.66                    Biotechnology  2026-03-27 522.83  2026-03-30 588.36 12.53 
 INSM                          Insmed Inc  313.20                    Biotechnology   2026-03-27 145.3  2026-03-30 153.32  5.52 
  AJG           Arthur J. Gallagher & Co.  532.45                        Insurance   2026-03-27 207.1  2026-03-30 215.95  4.27 
LVMHF LVMH Moet Hennessy Louis Vuitton SE 2265.49 Textiles, Apparel & Luxury Goods   2026-03-27 520.0   2026-03-30 540.0  3.85 
 FICO                     Fair Isaac Corp  239.85                       Technology 2026-03-27 1011.06 2026-03-30 1047.94  3.65 
ESLOF                 Essilorluxottica SA  900.15                      Health Care  2026-03-27 220.26  2026-03-30 227.99  3.51 
  AON                             Aon PLC  672.03                        Insurance  2026-03-27 313.66  2026-03-30 324.06  3.32 
  QSR Restaurant Brands International Inc  325.58    Hotels, Restaurants & Leisure   2026-03-27 71.42   2026-03-30 73.76  3.28 
  TKO              TKO Group Holdings Inc  367.28                            Media   2026-03-27 189.2  2026-03-30 195.41  3.28 
 MRSH      Marsh & McLennan Companies Inc  818.99                        Insurance  2026-03-27 169.17  2026-03-30 174.72  3.28 
   BX                      Blackstone Inc 1320.90               Financial Services  2026-03-27 108.07   2026-03-30 111.6  3.27 
UMGNF            Universal Music Group NV  285.67                            Media   2026-03-27 17.97   2026-03-30 18.55  3.26 
  EFX                         Equifax Inc  206.68            Professional Services  2026-03-27 171.85   2026-03-30 177.4  3.23 
  CRM                      Salesforce Inc 1655.03                       Technology  2026-03-27 179.31  2026-03-30 185.03  3.19 
   ZS                         Zscaler Inc  247.23                       Technology  2026-03-27 133.16  2026-03-30 137.26  3.08 
 MDLN                         Medline Inc  543.34                      Health Care   2026-03-27 41.36   2026-03-30 42.62  3.05 
 INTU                          Intuit Inc 1151.66                       Technology  2026-03-27 416.44  2026-03-30 429.03  3.02 
  BRO                   Brown & Brown Inc  215.93                        Insurance   2026-03-27 63.43   2026-03-30 65.26  2.89 
  ICE       Intercontinental Exchange Inc  867.01               Financial Services  2026-03-27 152.67  2026-03-30 156.94  2.80 
 SPGI                      S&P Global Inc 1213.85               Financial Services  2026-03-27 406.24  2026-03-30 417.59  2.79 

=== 市值超过1000亿的涨跌榜前20名股票 ===
 股票代码                 公司名称                 市值(亿)                  板块                       昨天收盘              今天收盘       涨跌幅(%)
LVMHF LVMH Moet Hennessy Louis Vuitton SE  2265.49 Textiles, Apparel & Luxury Goods  2026-03-27 520.0  2026-03-30 540.0  3.85 
   BX                      Blackstone Inc  1320.90               Financial Services 2026-03-27 108.07  2026-03-30 111.6  3.27 
  CRM                      Salesforce Inc  1655.03                       Technology 2026-03-27 179.31 2026-03-30 185.03  3.19 
 INTU                          Intuit Inc  1151.66                       Technology 2026-03-27 416.44 2026-03-30 429.03  3.02 
 SPGI                      S&P Global Inc  1213.85               Financial Services 2026-03-27 406.24 2026-03-30 417.59  2.79 
  PFE                          Pfizer Inc  1537.57                  Pharmaceuticals  2026-03-27 27.04  2026-03-30 27.77  2.70 
  ACN                       Accenture PLC  1182.45                       Technology  2026-03-27 192.6 2026-03-30 197.55  2.57 
  PEP                         PepsiCo Inc  2091.52                        Beverages 2026-03-27 153.04 2026-03-30 156.82  2.47 
 VRTX          Vertex Pharmaceuticals Inc  1192.28                    Biotechnology 2026-03-27 433.07 2026-03-30 443.16  2.33 
  DIS                      Walt Disney Co  1637.24                            Media  2026-03-27 92.42  2026-03-30 94.32  2.06 
  BMY             Bristol-Myers Squibb Co  1192.15                  Pharmaceuticals  2026-03-27 58.54  2026-03-30 59.73  2.03 
 META                  Meta Platforms Inc 13298.38                            Media 2026-03-27 525.72 2026-03-30 536.38  2.03 
   MA                      Mastercard Inc  4318.51               Financial Services 2026-03-27 484.24  2026-03-30 494.0  2.02 
CMCSA                        Comcast Corp  1019.27                Telecommunication  2026-03-27 28.33   2026-03-30 28.9  2.01 
   CB                           Chubb Ltd  1244.95                        Insurance 2026-03-27 319.09 2026-03-30 325.35  1.96 
  TTE                    TotalEnergies SE  1691.68                           Energy  2026-03-27 89.87  2026-03-30 91.55  1.87 
  AXP                 American Express Co  2006.77               Financial Services 2026-03-27 292.27 2026-03-30 297.49  1.79 
 ABBV                          AbbVie Inc  3702.55                    Biotechnology  2026-03-27 209.4 2026-03-30 213.12  1.78 
  LIN                           Linde PLC  2275.82                        Chemicals 2026-03-27 491.12 2026-03-30 499.26  1.66 
 GILD                 Gilead Sciences Inc  1666.61                    Biotechnology 2026-03-27 134.25 2026-03-30 136.34  1.56 
