
=== 涨幅榜前20名股票 ===
股票代码                  公司名称                 市值(亿)                板块                      昨天收盘             今天收盘       涨跌幅(%)
SBET                  SharpLink Gaming Inc  0.05    Hotels, Restaurants & Leisure  2025-05-23 6.72 2025-05-27 35.83 433.18
IMNN                            Imunon Inc  0.17                    Biotechnology  2025-05-23 1.16  2025-05-27 2.27  95.69
DGLY                      Digital Ally Inc  0.05             Electrical Equipment   2025-05-23 2.5  2025-05-27 4.15  66.00
IRBT                           iRobot Corp  0.83                Consumer products  2025-05-23 2.58  2025-05-27 3.98  54.26
NVTS            Navitas Semiconductor Corp  9.43                   Semiconductors  2025-05-23 4.41   2025-05-27 6.5  47.39
 EJH E-Home Household Service Holdings Ltd  0.26    Diversified Consumer Services   2025-05-23 0.1  2025-05-27 0.15  43.76
 GRO                    Brazil Potash Corp  0.57                        Chemicals  2025-05-23 1.35  2025-05-27 1.92  42.22
PSQH                      PSQ Holdings Inc  0.96                            Media  2025-05-23 1.99  2025-05-27 2.75  38.19
FBRX                 Forte Biosciences Inc  0.69                    Biotechnology  2025-05-23 8.49 2025-05-27 11.53  35.81
FAAS                         DigiAsia Corp  0.66               Financial Services  2025-05-23 0.66  2025-05-27 0.87  32.77
 AVR      Anteris Technologies Global Corp  1.39                      Health Care  2025-05-23 3.64   2025-05-27 4.8  31.87
 SGN                Signing Day Sports Inc  0.02                       Technology  2025-05-23 0.63  2025-05-27 0.83  31.54
  RR                 Richtech Robotics Inc  2.69                        Machinery   2025-05-23 2.2  2025-05-27 2.85  29.55
BROG                     Brooge Energy Ltd  2.31                           Energy  2025-05-23 2.47  2025-05-27 3.19  29.15
TNXP    Tonix Pharmaceuticals Holding Corp  2.25                    Biotechnology 2025-05-23 28.93 2025-05-27 36.99  27.86
AIMD                             Ainos Inc  0.11                    Biotechnology  2025-05-23 0.48  2025-05-27 0.61  25.41
IXHL               Incannex Healthcare Inc  0.17                  Pharmaceuticals  2025-05-23 0.22  2025-05-27 0.27  23.85
BGLC                BioNexus Gene Lab Corp  0.05 Trading Companies & Distributors  2025-05-23 2.94  2025-05-27 3.64  23.81
 AMC        AMC Entertainment Holdings Inc 15.16                            Media  2025-05-23 3.24  2025-05-27 4.01  23.77
BBAI               BigBear.ai Holdings Inc 11.24                       Technology  2025-05-23 3.64  2025-05-27 4.49  23.35

=== 市值超过20亿的涨幅榜前20名股票 ===
股票代码             公司名称             市值(亿)                 板块                       昨天收盘              今天收盘       涨跌幅(%)
 SMR          Nuscale Power Corp   86.24             Electrical Equipment  2025-05-23 30.24  2025-05-27 35.52 17.46 
SOUN           SoundHound AI Inc   40.90                       Technology   2025-05-23 9.58  2025-05-27 11.12 16.08 
HOLX                 Hologic Inc  122.19                      Health Care  2025-05-23 54.28  2025-05-27 62.17 14.54 
RKLB          Rocket Lab USA Inc  124.68              Aerospace & Defense  2025-05-23 25.42  2025-05-27 28.76 13.14 
 VFC                     VF Corp   49.85 Textiles, Apparel & Luxury Goods   2025-05-23 12.0  2025-05-27 13.55 12.92 
 LEU         Centrus Energy Corp   21.00                           Energy 2025-05-23 113.29 2025-05-27 127.86 12.86 
MARA           MARA Holdings Inc   54.53                       Technology  2025-05-23 14.73  2025-05-27 16.44 11.61 
LUNR      Intuitive Machines Inc   21.56              Aerospace & Defense  2025-05-23 11.34  2025-05-27 12.64 11.46 
LFST LifeStance Health Group Inc   22.28                      Health Care   2025-05-23 5.49   2025-05-27 6.06 10.38 
OKLO                    Oklo Inc   66.62                        Utilities  2025-05-23 48.87   2025-05-27 53.9 10.29 
ALVO                 Alvotech SA   32.96                    Biotechnology  2025-05-23 10.28  2025-05-27 11.33 10.21 
 ELF              elf Beauty Inc   48.44                Consumer products  2025-05-23 83.93  2025-05-27 91.72  9.28 
  VG          Venture Global Inc  286.63                           Energy  2025-05-23 11.39  2025-05-27 12.38  8.69 
NVMI                    Nova Ltd   56.00                   Semiconductors  2025-05-23 183.0 2025-05-27 198.09  8.25 
FIVE              Five Below Inc   61.00                           Retail 2025-05-23 107.27  2025-05-27 116.1  8.23 
KRMN         Karman Holdings Inc   55.76              Aerospace & Defense  2025-05-23 41.85  2025-05-27 45.29  8.22 
LUMN      Lumen Technologies Inc   39.81                Telecommunication   2025-05-23 3.72   2025-05-27 4.02  8.06 
DECK        Deckers Outdoor Corp  156.71 Textiles, Apparel & Luxury Goods 2025-05-23 101.05 2025-05-27 108.96  7.83 
NVST       Envista Holdings Corp   29.49                      Health Care  2025-05-23 16.72   2025-05-27 18.0  7.66 
 APP               Applovin Corp 1212.93                       Technology 2025-05-23 354.29 2025-05-27 380.91  7.51 

=== 市值超过50亿的涨幅榜前20名股票 ===
股票代码             公司名称             市值(亿)                  板块                       昨天收盘              今天收盘       涨跌幅(%)
 SMR          Nuscale Power Corp    86.24             Electrical Equipment  2025-05-23 30.24  2025-05-27 35.52 17.46 
HOLX                 Hologic Inc   122.19                      Health Care  2025-05-23 54.28  2025-05-27 62.17 14.54 
RKLB          Rocket Lab USA Inc   124.68              Aerospace & Defense  2025-05-23 25.42  2025-05-27 28.76 13.14 
MARA           MARA Holdings Inc    54.53                       Technology  2025-05-23 14.73  2025-05-27 16.44 11.61 
OKLO                    Oklo Inc    66.62                        Utilities  2025-05-23 48.87   2025-05-27 53.9 10.29 
  VG          Venture Global Inc   286.63                           Energy  2025-05-23 11.39  2025-05-27 12.38  8.69 
NVMI                    Nova Ltd    56.00                   Semiconductors  2025-05-23 183.0 2025-05-27 198.09  8.25 
FIVE              Five Below Inc    61.00                           Retail 2025-05-23 107.27  2025-05-27 116.1  8.23 
KRMN         Karman Holdings Inc    55.76              Aerospace & Defense  2025-05-23 41.85  2025-05-27 45.29  8.22 
DECK        Deckers Outdoor Corp   156.71 Textiles, Apparel & Luxury Goods 2025-05-23 101.05 2025-05-27 108.96  7.83 
 APP               Applovin Corp  1212.93                       Technology 2025-05-23 354.29 2025-05-27 380.91  7.51 
SHAK             Shake Shack Inc    52.09    Hotels, Restaurants & Leisure 2025-05-23 117.62 2025-05-27 126.35  7.42 
TSLA                   Tesla Inc 11346.64                      Automobiles 2025-05-23 339.34 2025-05-27 362.89  6.94 
 SYM                Symbotic Inc   175.79                        Machinery  2025-05-23 28.75  2025-05-27 30.71  6.80 
 RCL Royal Caribbean Cruises Ltd   672.44    Hotels, Restaurants & Leisure 2025-05-23 240.12 2025-05-27 255.54  6.42 
 TER                Teradyne Inc   127.13                   Semiconductors  2025-05-23 76.98  2025-05-27 81.74  6.18 
 FLR                  Fluor Corp    69.04                     Construction  2025-05-23 41.04  2025-05-27 43.54  6.09 
INFA             Informatica Inc    82.31                       Technology  2025-05-23 22.55  2025-05-27 23.92  6.08 
 CCL               Carnival Corp   298.40    Hotels, Restaurants & Leisure  2025-05-23 22.25   2025-05-27 23.6  6.07 
 RRR        Red Rock Resorts Inc    50.84    Hotels, Restaurants & Leisure   2025-05-23 47.0  2025-05-27 49.85  6.06 

=== 市值超过100亿的涨幅榜前20名股票 ===
股票代码             公司名称             市值(亿)                  板块                       昨天收盘              今天收盘       涨跌幅(%)
HOLX                 Hologic Inc   122.19                      Health Care  2025-05-23 54.28  2025-05-27 62.17 14.54 
RKLB          Rocket Lab USA Inc   124.68              Aerospace & Defense  2025-05-23 25.42  2025-05-27 28.76 13.14 
  VG          Venture Global Inc   286.63                           Energy  2025-05-23 11.39  2025-05-27 12.38  8.69 
DECK        Deckers Outdoor Corp   156.71 Textiles, Apparel & Luxury Goods 2025-05-23 101.05 2025-05-27 108.96  7.83 
 APP               Applovin Corp  1212.93                       Technology 2025-05-23 354.29 2025-05-27 380.91  7.51 
TSLA                   Tesla Inc 11346.64                      Automobiles 2025-05-23 339.34 2025-05-27 362.89  6.94 
 SYM                Symbotic Inc   175.79                        Machinery  2025-05-23 28.75  2025-05-27 30.71  6.80 
 RCL Royal Caribbean Cruises Ltd   672.44    Hotels, Restaurants & Leisure 2025-05-23 240.12 2025-05-27 255.54  6.42 
 TER                Teradyne Inc   127.13                   Semiconductors  2025-05-23 76.98  2025-05-27 81.74  6.18 
 CCL               Carnival Corp   298.40    Hotels, Restaurants & Leisure  2025-05-23 22.25   2025-05-27 23.6  6.07 
 GME               GameStop Corp   157.60                           Retail  2025-05-23 33.03  2025-05-27 35.01  5.99 
 XYZ                   Block Inc   380.90               Financial Services  2025-05-23 58.74  2025-05-27 62.15  5.81 
 LUV       Southwest Airlines Co   181.67                         Airlines  2025-05-23 30.95  2025-05-27 32.66  5.53 
 VRT          Vertiv Holdings Co   412.55             Electrical Equipment 2025-05-23 104.14 2025-05-27 109.79  5.43 
 TEM               Tempus AI Inc   113.65   Life Sciences Tools & Services  2025-05-23 62.56  2025-05-27 65.87  5.29 
  EL  Estee Lauder Companies Inc   234.74                Consumer products  2025-05-23 63.69  2025-05-27 67.06  5.29 
 TPR                Tapestry Inc   165.81 Textiles, Apparel & Luxury Goods  2025-05-23 76.87   2025-05-27 80.9  5.24 
  ON       ON Semiconductor Corp   176.51                   Semiconductors  2025-05-23 41.27   2025-05-27 43.4  5.16 
MRVL      Marvell Technology Inc   544.30                   Semiconductors  2025-05-23 60.69  2025-05-27 63.82  5.16 
TXRH         Texas Roadhouse Inc   128.44    Hotels, Restaurants & Leisure 2025-05-23 189.99  2025-05-27 199.8  5.16 

=== 市值超过200亿的涨幅榜前20名股票 ===
股票代码               公司名称                市值(亿)                  板块                       昨天收盘               今天收盘        涨跌幅(%)
  VG               Venture Global Inc   286.63                           Energy   2025-05-23 11.39   2025-05-27 12.38  8.69 
 APP                    Applovin Corp  1212.93                       Technology  2025-05-23 354.29  2025-05-27 380.91  7.51 
TSLA                        Tesla Inc 11346.64                      Automobiles  2025-05-23 339.34  2025-05-27 362.89  6.94 
 RCL      Royal Caribbean Cruises Ltd   672.44    Hotels, Restaurants & Leisure  2025-05-23 240.12  2025-05-27 255.54  6.42 
 CCL                    Carnival Corp   298.40    Hotels, Restaurants & Leisure   2025-05-23 22.25    2025-05-27 23.6  6.07 
 XYZ                        Block Inc   380.90               Financial Services   2025-05-23 58.74   2025-05-27 62.15  5.81 
 VRT               Vertiv Holdings Co   412.55             Electrical Equipment  2025-05-23 104.14  2025-05-27 109.79  5.43 
  EL       Estee Lauder Companies Inc   234.74                Consumer products   2025-05-23 63.69   2025-05-27 67.06  5.29 
MRVL           Marvell Technology Inc   544.30                   Semiconductors   2025-05-23 60.69   2025-05-27 63.82  5.16 
SHOP                      Shopify Inc  1358.73                       Technology  2025-05-23 101.51  2025-05-27 106.74  5.15 
 DRI           Darden Restaurants Inc   242.78    Hotels, Restaurants & Leisure  2025-05-23 204.02  2025-05-27 214.05  4.92 
 UAL     United Airlines Holdings Inc   252.30                         Airlines   2025-05-23 74.65   2025-05-27 78.18  4.73 
 NKE                         Nike Inc   902.43 Textiles, Apparel & Luxury Goods   2025-05-23 60.02   2025-05-27 62.83  4.68 
 LVS             Las Vegas Sands Corp   287.88    Hotels, Restaurants & Leisure    2025-05-23 39.8   2025-05-27 41.64  4.62 
HOOD            Robinhood Markets Inc   568.49               Financial Services   2025-05-23 63.17   2025-05-27 66.02  4.51 
MCHP         Microchip Technology Inc   309.51                   Semiconductors   2025-05-23 56.19   2025-05-27 58.68  4.43 
INTU                       Intuit Inc  2041.67                       Technology  2025-05-23 720.13  2025-05-27 751.96  4.42 
 LHX        L3Harris Technologies Inc   449.88              Aerospace & Defense  2025-05-23 237.49   2025-05-27 247.9  4.38 
 MTD Mettler-Toledo International Inc   238.42   Life Sciences Tools & Services 2025-05-23 1114.14 2025-05-27 1162.84  4.37 
KLAC                         KLA Corp  1026.37                   Semiconductors  2025-05-23 757.17  2025-05-27 789.06  4.21 

=== 市值超过1000亿的涨跌榜前20名股票 ===
股票代码            公司名称             市值(亿)            板块                 昨天收盘              今天收盘       涨跌幅(%)
 APP              Applovin Corp  1212.93           Technology 2025-05-23 354.29 2025-05-27 380.91  7.51 
TSLA                  Tesla Inc 11346.64          Automobiles 2025-05-23 339.34 2025-05-27 362.89  6.94 
SHOP                Shopify Inc  1358.73           Technology 2025-05-23 101.51 2025-05-27 106.74  5.15 
INTU                 Intuit Inc  2041.67           Technology 2025-05-23 720.13 2025-05-27 751.96  4.42 
KLAC                   KLA Corp  1026.37       Semiconductors 2025-05-23 757.17 2025-05-27 789.06  4.21 
 TXN      Texas Instruments Inc  1630.25       Semiconductors  2025-05-23 176.3 2025-05-27 183.24  3.94 
  GE               GE Aerospace  2532.19  Aerospace & Defense 2025-05-23 232.79 2025-05-27 241.78  3.86 
 AMD Advanced Micro Devices Inc  1836.89       Semiconductors 2025-05-23 110.31 2025-05-27 114.56  3.85 
ORCL                Oracle Corp  4481.45           Technology 2025-05-23 155.97 2025-05-27 161.91  3.81 
 COF Capital One Financial Corp  1200.83   Financial Services 2025-05-23 185.08 2025-05-27 192.05  3.77 
LRCX          Lam Research Corp  1061.41       Semiconductors  2025-05-23 81.06  2025-05-27 83.94  3.55 
   C              Citigroup Inc  1377.45              Banking  2025-05-23 73.09  2025-05-27 75.47  3.26 
 APH              Amphenol Corp  1061.23 Electrical Equipment  2025-05-23 85.55  2025-05-27 88.33  3.25 
  MU      Micron Technology Inc  1060.46       Semiconductors  2025-05-23 93.37  2025-05-27 96.38  3.22 
NVDA                NVIDIA Corp 32622.02       Semiconductors 2025-05-23 131.29  2025-05-27 135.5  3.21 
 KKR               KKR & Co Inc  1053.23   Financial Services 2025-05-23 117.18 2025-05-27 120.92  3.19 
 ADI         Analog Devices Inc  1064.11       Semiconductors 2025-05-23 210.47 2025-05-27 216.89  3.05 
AVGO               Broadcom Inc 10934.85       Semiconductors 2025-05-23 228.72 2025-05-27 235.65  3.03 
 AXP        American Express Co  2021.06   Financial Services 2025-05-23 285.22 2025-05-27 293.76  2.99 
  GS    Goldman Sachs Group Inc  1865.66   Financial Services 2025-05-23 598.54 2025-05-27 615.73  2.87 
