
=== 涨幅榜前20名股票 ===

股票代码             公司名称            市值(亿)                板块                    昨天收盘          今天收盘     涨跌幅(%)
   ZPTA    Zapata Computing Holdings Inc    0.00                         Technology    2025-01-28 0.0   2025-01-29 0.02   566.67 
   SLXN       Silexion Therapeutics Corp    0.02                      Biotechnology   2025-01-28 1.35   2025-01-29 3.14   132.59 
    SGN           Signing Day Sports Inc    0.02                         Technology   2025-01-28 1.94   2025-01-29 4.34   123.71 
  DLAPQ                Delta Apparel Inc    0.00   Textiles, Apparel & Luxury Goods    2025-01-28 0.0    2025-01-29 0.0   100.00 
  EGIOQ                        Edgio Inc    0.00                         Technology    2025-01-28 0.0    2025-01-29 0.0   100.00 
   SPGC           Sacks Parente Golf Inc    0.03                   Leisure Products   2025-01-28 0.38   2025-01-29 0.59    55.26 
   BNZI         Banzai International Inc    0.09                         Technology   2025-01-28 1.25   2025-01-29 1.93    54.40 
   XFOR           X4 Pharmaceuticals Inc    0.82                      Biotechnology   2025-01-28 0.48   2025-01-29 0.74    52.53 
   PACK             Ranpak Holdings Corp    4.61                          Packaging   2025-01-28 5.74   2025-01-29 8.43    46.86 
   SXTP   60 Degrees Pharmaceuticals Inc    0.02                    Pharmaceuticals   2025-01-28 0.77   2025-01-29 1.06    37.48 
   REBN                Reborn Coffee Inc    0.06                             Retail    2025-01-28 1.7   2025-01-29 2.29    34.71 
   LGCL                     Lucas GC Ltd    0.46              Professional Services   2025-01-28 0.57   2025-01-29 0.77    34.62 
  SAVEQ              Spirit Airlines Inc    0.48                           Airlines   2025-01-28 0.44   2025-01-29 0.59    34.09 
   SKYE              Skye Bioscience Inc    0.82                      Biotechnology    2025-01-28 2.7   2025-01-29 3.43    27.04 
   DXST               Decent Holding Inc    0.28     Commercial Services & Supplies   2025-01-28 1.72   2025-01-29 2.16    25.46 
   LRHC                 La Rosa Holdings    0.09                        Real Estate    2025-01-28 0.4    2025-01-29 0.5    25.06 
    NXT                   Nextracker Inc   57.67               Electrical Equipment  2025-01-28 39.62  2025-01-29 49.24    24.28 
    PBM           Psyence Biomedical Ltd    0.05                      Biotechnology   2025-01-28 1.34   2025-01-29 1.64    22.39 
   RFAC              RF Acquisition Corp    0.18                                N/A   2025-01-28 5.75   2025-01-29 6.96    21.04 
   ALPP            Alpine 4 Holdings Inc    0.00               Electrical Equipment    2025-01-28 0.0   2025-01-29 0.01    20.00 

=== 市值超过20亿的涨幅榜前20名股票 ===

股票代码                公司名称               市值(亿)              板块                   昨天收盘           今天收盘      涨跌幅(%)
   NXT                          Nextracker Inc    57.67           Electrical Equipment   2025-01-28 39.62   2025-01-29 49.24    24.28 
   EAT               Brinker International Inc    68.69  Hotels, Restaurants & Leisure  2025-01-28 154.61  2025-01-29 179.79    16.29 
  FFIV                                  F5 Inc   158.10                 Communications  2025-01-28 269.72  2025-01-29 300.46    11.40 
    BE                       Bloom Energy Corp    46.63           Electrical Equipment    2025-01-28 20.4   2025-01-29 22.38     9.71 
  SYNA                           Synaptics Inc    32.26                 Semiconductors   2025-01-28 80.53   2025-01-29 87.87     9.11 
  SBUX                          Starbucks Corp  1138.45  Hotels, Restaurants & Leisure  2025-01-28 100.41  2025-01-29 108.58     8.14 
  CAVA                          CAVA Group Inc   144.32  Hotels, Restaurants & Leisure  2025-01-28 125.96  2025-01-29 135.33     7.44 
   DJT     Trump Media & Technology Group Corp    65.16                          Media   2025-01-28 30.04   2025-01-29 32.07     6.76 
    LB                       LandBridge Co LLC    50.56                    Real Estate   2025-01-28 64.02    2025-01-29 68.1     6.37 
  TMUS                         T-Mobile US Inc  2566.30              Telecommunication  2025-01-28 221.14  2025-01-29 235.15     6.34 
   BHF               Brighthouse Financial Inc    34.62                      Insurance   2025-01-28 58.33    2025-01-29 62.0     6.29 
    SG                          Sweetgreen Inc    36.76  Hotels, Restaurants & Leisure   2025-01-28 31.78   2025-01-29 33.71     6.07 
   LRN                              Stride Inc    52.59  Diversified Consumer Services  2025-01-28 120.64  2025-01-29 127.87     5.99 
   ZIM    ZIM Integrated Shipping Services Ltd    20.33                         Marine   2025-01-28 16.89    2025-01-29 17.9     5.98 
   MIR                 Mirion Technologies Inc    34.24           Electrical Equipment   2025-01-28 14.74   2025-01-29 15.57     5.63 
  VERA                   Vera Therapeutics Inc    22.78                  Biotechnology   2025-01-28 35.98   2025-01-29 37.93     5.42 
  SLGN                     Silgan Holdings Inc    56.61                      Packaging   2025-01-28 53.01   2025-01-29 55.78     5.23 
   PAY                  Paymentus Holdings Inc    37.89             Financial Services    2025-01-28 30.4   2025-01-29 31.96     5.13 
  LFUS                          Littelfuse Inc    55.58           Electrical Equipment   2025-01-28 224.0  2025-01-29 235.24     5.02 
   SMR                      Nuscale Power Corp    57.37           Electrical Equipment   2025-01-28 20.95    2025-01-29 22.0     5.01 

=== 市值超过50亿的涨幅榜前20名股票 ===

股票代码                  公司名称                 市值(亿)              板块                   昨天收盘            今天收盘      涨跌幅(%)
    NXT                             Nextracker Inc    57.67           Electrical Equipment   2025-01-28 39.62    2025-01-29 49.24    24.28 
    EAT                  Brinker International Inc    68.69  Hotels, Restaurants & Leisure  2025-01-28 154.61   2025-01-29 179.79    16.29 
   FFIV                                     F5 Inc   158.10                 Communications  2025-01-28 269.72   2025-01-29 300.46    11.40 
   SBUX                             Starbucks Corp  1138.45  Hotels, Restaurants & Leisure  2025-01-28 100.41   2025-01-29 108.58     8.14 
   CAVA                             CAVA Group Inc   144.32  Hotels, Restaurants & Leisure  2025-01-28 125.96   2025-01-29 135.33     7.44 
    DJT        Trump Media & Technology Group Corp    65.16                          Media   2025-01-28 30.04    2025-01-29 32.07     6.76 
     LB                          LandBridge Co LLC    50.56                    Real Estate   2025-01-28 64.02     2025-01-29 68.1     6.37 
   TMUS                            T-Mobile US Inc  2566.30              Telecommunication  2025-01-28 221.14   2025-01-29 235.15     6.34 
    LRN                                 Stride Inc    52.59  Diversified Consumer Services  2025-01-28 120.64   2025-01-29 127.87     5.99 
   SLGN                        Silgan Holdings Inc    56.61                      Packaging   2025-01-28 53.01    2025-01-29 55.78     5.23 
   LFUS                             Littelfuse Inc    55.58           Electrical Equipment   2025-01-28 224.0   2025-01-29 235.24     5.02 
    SMR                         Nuscale Power Corp    57.37           Electrical Equipment   2025-01-28 20.95     2025-01-29 22.0     5.01 
   HSIC                           Henry Schein Inc    94.88                    Health Care    2025-01-28 76.1    2025-01-29 79.87     4.95 
  FCNCB   First Citizens BancShares Inc (Delaware)   301.00                        Banking  2025-01-28 1765.0  2025-01-29 1849.99     4.82 
   GRAB                          Grab Holdings Ltd   180.58                    Road & Rail    2025-01-28 4.56     2025-01-29 4.78     4.82 
    CEG                  Constellation Energy Corp   872.19                      Utilities   2025-01-28 278.8   2025-01-29 291.89     4.70 
    TLN                          Talen Energy Corp   103.96                      Utilities  2025-01-28 204.42    2025-01-29 214.0     4.69 
   ONTO                        Onto Innovation Inc    90.66                 Semiconductors  2025-01-28 183.56   2025-01-29 191.81     4.49 
   CRBG                   Corebridge Financial Inc   186.76             Financial Services    2025-01-28 32.8    2025-01-29 34.13     4.05 
    ATI                                    ATI Inc    82.63                Metals & Mining   2025-01-28 57.93    2025-01-29 60.22     3.95 

=== 市值超过100亿的涨幅榜前20名股票 ===

股票代码                  公司名称                 市值(亿)              板块                   昨天收盘            今天收盘      涨跌幅(%)
   FFIV                                     F5 Inc   158.10                 Communications  2025-01-28 269.72   2025-01-29 300.46    11.40 
   SBUX                             Starbucks Corp  1138.45  Hotels, Restaurants & Leisure  2025-01-28 100.41   2025-01-29 108.58     8.14 
   CAVA                             CAVA Group Inc   144.32  Hotels, Restaurants & Leisure  2025-01-28 125.96   2025-01-29 135.33     7.44 
   TMUS                            T-Mobile US Inc  2566.30              Telecommunication  2025-01-28 221.14   2025-01-29 235.15     6.34 
  FCNCB   First Citizens BancShares Inc (Delaware)   301.00                        Banking  2025-01-28 1765.0  2025-01-29 1849.99     4.82 
   GRAB                          Grab Holdings Ltd   180.58                    Road & Rail    2025-01-28 4.56     2025-01-29 4.78     4.82 
    CEG                  Constellation Energy Corp   872.19                      Utilities   2025-01-28 278.8   2025-01-29 291.89     4.70 
    TLN                          Talen Energy Corp   103.96                      Utilities  2025-01-28 204.42    2025-01-29 214.0     4.69 
   CRBG                   Corebridge Financial Inc   186.76             Financial Services    2025-01-28 32.8    2025-01-29 34.13     4.05 
   SNAP                                   Snap Inc   187.68                          Media   2025-01-28 11.19    2025-01-29 11.63     3.93 
   COHR                              Coherent Corp   127.58           Electrical Equipment   2025-01-28 82.49    2025-01-29 85.58     3.75 
   RDDT                                 Reddit Inc   341.94                          Media  2025-01-28 194.75    2025-01-29 202.0     3.72 
    VST                                Vistra Corp   509.11                      Utilities  2025-01-28 149.64   2025-01-29 155.21     3.72 
    VRT                         Vertiv Holdings Co   399.92           Electrical Equipment  2025-01-28 106.55   2025-01-29 110.46     3.67 
   FSLR                            First Solar Inc   171.55                 Semiconductors  2025-01-28 160.24   2025-01-29 166.01     3.60 
   HOOD                      Robinhood Markets Inc   436.68             Financial Services    2025-01-28 49.4    2025-01-29 51.15     3.54 
    MTZ                                 MasTec Inc   106.97                   Construction   2025-01-28 135.0   2025-01-29 139.57     3.39 
   PCAR                                 Paccar Inc   562.31                      Machinery  2025-01-28 107.25   2025-01-29 110.89     3.39 
   COIN                        Coinbase Global Inc   705.54             Financial Services  2025-01-28 281.82    2025-01-29 291.0     3.26 
  ASMLF                            ASML Holding NV  2526.04                 Semiconductors  2025-01-28 692.92    2025-01-29 715.0     3.19 

=== 市值超过200亿的涨幅榜前20名股票 ===

股票代码                  公司名称                 市值(亿)                板块                    昨天收盘            今天收盘      涨跌幅(%)
   SBUX                             Starbucks Corp  1138.45     Hotels, Restaurants & Leisure  2025-01-28 100.41   2025-01-29 108.58    8.14  
   TMUS                            T-Mobile US Inc  2566.30                 Telecommunication  2025-01-28 221.14   2025-01-29 235.15    6.34  
  FCNCB   First Citizens BancShares Inc (Delaware)   301.00                           Banking  2025-01-28 1765.0  2025-01-29 1849.99    4.82  
    CEG                  Constellation Energy Corp   872.19                         Utilities   2025-01-28 278.8   2025-01-29 291.89    4.70  
   RDDT                                 Reddit Inc   341.94                             Media  2025-01-28 194.75    2025-01-29 202.0    3.72  
    VST                                Vistra Corp   509.11                         Utilities  2025-01-28 149.64   2025-01-29 155.21    3.72  
    VRT                         Vertiv Holdings Co   399.92              Electrical Equipment  2025-01-28 106.55   2025-01-29 110.46    3.67  
   HOOD                      Robinhood Markets Inc   436.68                Financial Services    2025-01-28 49.4    2025-01-29 51.15    3.54  
   PCAR                                 Paccar Inc   562.31                         Machinery  2025-01-28 107.25   2025-01-29 110.89    3.39  
   COIN                        Coinbase Global Inc   705.54                Financial Services  2025-01-28 281.82    2025-01-29 291.0    3.26  
  ASMLF                            ASML Holding NV  2526.04                    Semiconductors  2025-01-28 692.92    2025-01-29 715.0    3.19  
    SYF                        Synchrony Financial   259.54                Financial Services   2025-01-28 66.66    2025-01-29 68.77    3.17  
    CCJ                                Cameco Corp   211.50                            Energy    2025-01-28 48.6    2025-01-29 50.07    3.02  
    NKE                                   Nike Inc  1100.33  Textiles, Apparel & Luxury Goods   2025-01-28 74.39    2025-01-29 76.58    2.94  
   MRVL                     Marvell Technology Inc   898.87                    Semiconductors  2025-01-28 103.88   2025-01-29 106.79    2.80  
    AMD                 Advanced Micro Devices Inc  1852.76                    Semiconductors  2025-01-28 114.17   2025-01-29 117.35    2.79  
    VIK                        Viking Holdings Ltd   211.74     Hotels, Restaurants & Leisure   2025-01-28 49.06    2025-01-29 50.27    2.47  
   RBLX                                Roblox Corp   449.05                             Media   2025-01-28 68.43    2025-01-29 70.08    2.41  
     GE                        General Electric Co  2104.30               Aerospace & Defense  2025-01-28 194.43    2025-01-29 199.1    2.40  
    ADM                  Archer-Daniels-Midland Co   242.09                     Food Products   2025-01-28 50.59    2025-01-29 51.66    2.12  

=== 市值超过1000亿的涨幅榜前20名股票 ===

股票代码                公司名称               市值(亿)                板块                     昨天收盘            今天收盘      涨跌幅(%)
   SBUX                         Starbucks Corp  1138.45     Hotels, Restaurants & Leisure   2025-01-28 100.41   2025-01-29 108.58    8.14  
   TMUS                        T-Mobile US Inc  2566.30                 Telecommunication   2025-01-28 221.14   2025-01-29 235.15    6.34  
  ASMLF                        ASML Holding NV  2526.04                    Semiconductors   2025-01-28 692.92    2025-01-29 715.0    3.19  
    NKE                               Nike Inc  1100.33  Textiles, Apparel & Luxury Goods    2025-01-28 74.39    2025-01-29 76.58    2.94  
    AMD             Advanced Micro Devices Inc  1852.76                    Semiconductors   2025-01-28 114.17   2025-01-29 117.35    2.79  
     GE                    General Electric Co  2104.30               Aerospace & Defense   2025-01-28 194.43    2025-01-29 199.1    2.40  
  BABAF              Alibaba Group Holding Ltd  2131.22                            Retail    2025-01-28 11.95     2025-01-29 12.2    2.09  
  SBGSF                  Schneider Electric SE  1374.73              Electrical Equipment    2025-01-28 240.0   2025-01-29 245.01    2.09  
   GILD                    Gilead Sciences Inc  1169.62                     Biotechnology    2025-01-28 93.85    2025-01-29 95.59    1.85  
    ETN                  Eaton Corporation PLC  1235.67              Electrical Equipment   2025-01-28 312.67    2025-01-29 317.6    1.58  
    APP                          Applovin Corp  1210.65                        Technology   2025-01-28 360.75   2025-01-29 366.34    1.55  
   SPOT                  Spotify Technology SA  1040.33                             Media    2025-01-28 530.8   2025-01-29 538.83    1.51  
   AMAT                  Applied Materials Inc  1404.75                    Semiconductors   2025-01-28 172.85   2025-01-29 175.28    1.41  
    IBM   International Business Machines Corp  2086.55                        Technology   2025-01-28 225.66   2025-01-29 228.63    1.32  
     CB                              Chubb Ltd  1097.51                         Insurance   2025-01-28 272.27   2025-01-29 275.83    1.31  
   ANET                    Arista Networks Inc  1342.15                    Communications   2025-01-28 106.54   2025-01-29 107.84    1.22  
    DIS                         Walt Disney Co  2028.01                             Media   2025-01-28 112.14   2025-01-29 113.19    0.94  
      C                          Citigroup Inc  1500.55                           Banking    2025-01-28 79.94    2025-01-29 80.63    0.86  
    MRK                         Merck & Co Inc  2465.13                   Pharmaceuticals    2025-01-28 97.45    2025-01-29 98.28    0.85  
   BKNG                   Booking Holdings Inc  1550.48     Hotels, Restaurants & Leisure  2025-01-28 4684.68  2025-01-29 4721.86    0.79  
