
=== 涨幅榜前20名股票 ===
 股票代码               公司名称               市值(亿)                板块                     昨天收盘              今天收盘       涨跌幅(%)
 CIGL Concorde International Group Ltd   0.33 Commercial Services & Supplies  2025-09-03 1.47   2025-09-04 2.91 97.96 
 INHD                Inno Holdings Inc   0.52                Metals & Mining  2025-09-03 4.76    2025-09-04 8.2 72.27 
  NBY      NovaBay Pharmaceuticals Inc   0.16                Pharmaceuticals  2025-09-03 2.68   2025-09-04 4.22 57.46 
 DLTH              Duluth Holdings Inc   0.89                         Retail  2025-09-03 2.36   2025-09-04 3.59 52.12 
 HOUR                    Hour Loop Inc   0.45                         Retail  2025-09-03 1.27   2025-09-04 1.89 48.82 
 BSLK       Bolt Projects Holdings Inc   0.06                      Chemicals  2025-09-03 2.89   2025-09-04 4.25 47.06 
 SUPX        Super X AI Technology Ltd  10.83  Diversified Consumer Services 2025-09-03 48.85   2025-09-04 68.0 39.20 
  AEO    American Eagle Outfitters Inc  23.60                         Retail 2025-09-03 13.62  2025-09-04 18.79 37.96 
 BBLG              Bone Biologics Corp   0.04                  Biotechnology  2025-09-03 2.07   2025-09-04 2.85 37.68 
 SMTK                     SmartKem Inc   0.05                 Semiconductors  2025-09-03 1.16   2025-09-04 1.55 33.62 
 POLA                  Polar Power Inc   0.06           Electrical Equipment  2025-09-03 2.19   2025-09-04 2.89 31.96 
 APLM                   Apollomics Inc   0.05                  Biotechnology  2025-09-03 4.19   2025-09-04 5.48 30.79 
  VHC             VirnetX Holding Corp   0.64                     Technology 2025-09-03 14.93   2025-09-04 19.5 30.61 
 NEGG              Newegg Commerce Inc   6.01                         Retail 2025-09-03 30.97  2025-09-04 40.25 29.96 
 AQST       Aquestive Therapeutics Inc   4.78                Pharmaceuticals  2025-09-03 3.95   2025-09-04 5.06 28.10 
 NKTR              Nektar Therapeutics   5.43                Pharmaceuticals 2025-09-03 28.55  2025-09-04 35.98 26.02 
  SMX       SMX (Security Matters) PLC   0.02           Electrical Equipment  2025-09-03 1.22   2025-09-04 1.51 23.77 
 CIEN                       Ciena Corp 134.04                 Communications 2025-09-03 94.82 2025-09-04 116.92 23.31 
QVCGA                    QVC Group Inc   0.68                         Retail  2025-09-03 8.15   2025-09-04 9.84 20.74 
 SCVL                Shoe Carnival Inc   5.89                         Retail 2025-09-03 21.53  2025-09-04 25.89 20.25 

=== 市值超过20亿的涨幅榜前20名股票 ===
股票代码                公司名称                市值(亿)                板块                      昨天收盘              今天收盘       涨跌幅(%)
 AEO      American Eagle Outfitters Inc  23.60                         Retail  2025-09-03 13.62  2025-09-04 18.79 37.96 
CIEN                         Ciena Corp 134.04                 Communications  2025-09-03 94.82 2025-09-04 116.92 23.31 
SNDK                       Sandisk Corp  77.29                     Technology  2025-09-03 53.01   2025-09-04 62.5 17.90 
OPEN          Opendoor Technologies Inc  37.75                    Real Estate   2025-09-03 5.13   2025-09-04 5.96 16.18 
MBLY                Mobileye Global Inc 112.51                Auto Components   2025-09-03 13.7  2025-09-04 14.85  8.39 
HIMS             Hims & Hers Health Inc 100.49                    Health Care  2025-09-03 44.46  2025-09-04 48.11  8.21 
 FUN       Six Flags Entertainment Corp  23.96  Hotels, Restaurants & Leisure  2025-09-03 23.66  2025-09-04 25.58  8.11 
COHR                      Coherent Corp 137.84           Electrical Equipment  2025-09-03 88.47  2025-09-04 95.62  8.08 
CGON                    CG Oncology Inc  21.86                  Biotechnology  2025-09-03 28.67  2025-09-04 30.94  7.92 
CRDO Credo Technology Group Holding Ltd 214.16                 Semiconductors 2025-09-03 124.77  2025-09-04 134.0  7.40 
  FN                           Fabrinet 120.60           Electrical Equipment 2025-09-03 337.53 2025-09-04 362.16  7.30 
 RKT               Rocket Companies Inc 376.29             Financial Services  2025-09-03 17.88  2025-09-04 19.15  7.10 
COOP                Mr Cooper Group Inc 121.10             Financial Services 2025-09-03 189.24 2025-09-04 202.61  7.07 
PTON            Peloton Interactive Inc  30.99               Leisure Products    2025-09-03 7.6   2025-09-04 8.12  6.84 
URBN               Urban Outfitters Inc  59.92                         Retail  2025-09-03 66.84  2025-09-04 71.35  6.75 
 BRC                         Brady Corp  36.76 Commercial Services & Supplies   2025-09-03 77.7  2025-09-04 82.75  6.50 
ALAB                    Astera Labs Inc 293.56                 Semiconductors 2025-09-03 176.61 2025-09-04 187.95  6.42 
  RH                                 RH  41.44                         Retail 2025-09-03 221.22 2025-09-04 235.24  6.34 
 MTH                Meritage Homes Corp  54.63              Consumer products  2025-09-03 76.78   2025-09-04 81.5  6.15 
BOOT             Boot Barn Holdings Inc  54.96                         Retail 2025-09-03 179.88 2025-09-04 190.88  6.12 

=== 市值超过50亿的涨幅榜前20名股票 ===
股票代码                公司名称                市值(亿)           板块                 昨天收盘              今天收盘       涨跌幅(%)
CIEN                         Ciena Corp 134.04       Communications  2025-09-03 94.82 2025-09-04 116.92 23.31 
SNDK                       Sandisk Corp  77.29           Technology  2025-09-03 53.01   2025-09-04 62.5 17.90 
MBLY                Mobileye Global Inc 112.51      Auto Components   2025-09-03 13.7  2025-09-04 14.85  8.39 
HIMS             Hims & Hers Health Inc 100.49          Health Care  2025-09-03 44.46  2025-09-04 48.11  8.21 
COHR                      Coherent Corp 137.84 Electrical Equipment  2025-09-03 88.47  2025-09-04 95.62  8.08 
CRDO Credo Technology Group Holding Ltd 214.16       Semiconductors 2025-09-03 124.77  2025-09-04 134.0  7.40 
  FN                           Fabrinet 120.60 Electrical Equipment 2025-09-03 337.53 2025-09-04 362.16  7.30 
 RKT               Rocket Companies Inc 376.29   Financial Services  2025-09-03 17.88  2025-09-04 19.15  7.10 
COOP                Mr Cooper Group Inc 121.10   Financial Services 2025-09-03 189.24 2025-09-04 202.61  7.07 
URBN               Urban Outfitters Inc  59.92               Retail  2025-09-03 66.84  2025-09-04 71.35  6.75 
ALAB                    Astera Labs Inc 293.56       Semiconductors 2025-09-03 176.61 2025-09-04 187.95  6.42 
 MTH                Meritage Homes Corp  54.63    Consumer products  2025-09-03 76.78   2025-09-04 81.5  6.15 
BOOT             Boot Barn Holdings Inc  54.96               Retail 2025-09-03 179.88 2025-09-04 190.88  6.12 
 GAP                            Gap Inc  83.82               Retail  2025-09-03 22.59  2025-09-04 23.93  5.93 
LITE              Lumentum Holdings Inc  93.75       Communications 2025-09-03 134.12 2025-09-04 141.91  5.81 
 DKS          DICK'S Sporting Goods Inc 168.36               Retail  2025-09-03 210.2 2025-09-04 222.03  5.63 
STRL        Sterling Infrastructure Inc  83.30         Construction 2025-09-03 273.82 2025-09-04 288.68  5.43 
 FND         Floor & Decor Holdings Inc  84.54               Retail   2025-09-03 78.5  2025-09-04 82.75  5.41 
SATS                      EchoStar Corp 183.88                Media  2025-09-03 63.91  2025-09-04 67.22  5.18 
AFRM                Affirm Holdings Inc 277.85   Financial Services  2025-09-03 85.31  2025-09-04 89.66  5.10 

=== 市值超过100亿的涨幅榜前20名股票 ===
股票代码                公司名称                 市值(亿)            板块                 昨天收盘              今天收盘       涨跌幅(%)
CIEN                         Ciena Corp   134.04       Communications  2025-09-03 94.82 2025-09-04 116.92 23.31 
MBLY                Mobileye Global Inc   112.51      Auto Components   2025-09-03 13.7  2025-09-04 14.85  8.39 
HIMS             Hims & Hers Health Inc   100.49          Health Care  2025-09-03 44.46  2025-09-04 48.11  8.21 
COHR                      Coherent Corp   137.84 Electrical Equipment  2025-09-03 88.47  2025-09-04 95.62  8.08 
CRDO Credo Technology Group Holding Ltd   214.16       Semiconductors 2025-09-03 124.77  2025-09-04 134.0  7.40 
  FN                           Fabrinet   120.60 Electrical Equipment 2025-09-03 337.53 2025-09-04 362.16  7.30 
 RKT               Rocket Companies Inc   376.29   Financial Services  2025-09-03 17.88  2025-09-04 19.15  7.10 
COOP                Mr Cooper Group Inc   121.10   Financial Services 2025-09-03 189.24 2025-09-04 202.61  7.07 
ALAB                    Astera Labs Inc   293.56       Semiconductors 2025-09-03 176.61 2025-09-04 187.95  6.42 
 DKS          DICK'S Sporting Goods Inc   168.36               Retail  2025-09-03 210.2 2025-09-04 222.03  5.63 
SATS                      EchoStar Corp   183.88                Media  2025-09-03 63.91  2025-09-04 67.22  5.18 
AFRM                Affirm Holdings Inc   277.85   Financial Services  2025-09-03 85.31  2025-09-04 89.66  5.10 
BLDR           Builders FirstSource Inc   150.71             Building 2025-09-03 136.33 2025-09-04 143.27  5.09 
  BE                  Bloom Energy Corp   122.73 Electrical Equipment  2025-09-03 52.45  2025-09-04 54.91  4.69 
  MU              Micron Technology Inc  1328.63       Semiconductors 2025-09-03 118.72 2025-09-04 124.21  4.62 
 CSL             Carlisle Companies Inc   160.50             Building 2025-09-03 375.43 2025-09-04 391.97  4.41 
 STX    Seagate Technology Holdings PLC   374.99           Technology 2025-09-03 176.32 2025-09-04 183.98  4.34 
AMZN                     Amazon.com Inc 24101.63               Retail 2025-09-03 225.99 2025-09-04 235.68  4.29 
 HAL                     Halliburton Co   184.08               Energy  2025-09-03 21.59  2025-09-04 22.47  4.08 
RDDT                         Reddit Inc   417.62                Media 2025-09-03 223.14 2025-09-04 232.11  4.02 

=== 市值超过200亿的涨幅榜前20名股票 ===
股票代码                公司名称                 市值(亿)                  板块                       昨天收盘              今天收盘       涨跌幅(%)
CRDO Credo Technology Group Holding Ltd   214.16                   Semiconductors 2025-09-03 124.77  2025-09-04 134.0  7.40 
 RKT               Rocket Companies Inc   376.29               Financial Services  2025-09-03 17.88  2025-09-04 19.15  7.10 
ALAB                    Astera Labs Inc   293.56                   Semiconductors 2025-09-03 176.61 2025-09-04 187.95  6.42 
AFRM                Affirm Holdings Inc   277.85               Financial Services  2025-09-03 85.31  2025-09-04 89.66  5.10 
  MU              Micron Technology Inc  1328.63                   Semiconductors 2025-09-03 118.72 2025-09-04 124.21  4.62 
 STX    Seagate Technology Holdings PLC   374.99                       Technology 2025-09-03 176.32 2025-09-04 183.98  4.34 
AMZN                     Amazon.com Inc 24101.63                           Retail 2025-09-03 225.99 2025-09-04 235.68  4.29 
RDDT                         Reddit Inc   417.62                            Media 2025-09-03 223.14 2025-09-04 232.11  4.02 
CPRT                         Copart Inc   465.29   Commercial Services & Supplies  2025-09-03 48.12  2025-09-04 49.97  3.84 
LULU            Lululemon Athletica Inc   248.09 Textiles, Apparel & Luxury Goods 2025-09-03 198.53 2025-09-04 206.09  3.81 
 GEV                     GE Vernova Inc  1570.84             Electrical Equipment 2025-09-03 577.04 2025-09-04 598.81  3.77 
  UI                       Ubiquiti Inc   329.70                   Communications 2025-09-03 544.97 2025-09-04 565.13  3.70 
SOFI              SoFi Technologies Inc   290.30               Financial Services  2025-09-03 24.49  2025-09-04 25.38  3.63 
FERG           Ferguson Enterprises Inc   453.36 Trading Companies & Distributors 2025-09-03 229.92 2025-09-04 238.17  3.59 
SHOP                        Shopify Inc  1822.47                       Technology 2025-09-03 140.22 2025-09-04 145.15  3.52 
KLAC                           KLA Corp  1113.62                   Semiconductors  2025-09-03 843.9 2025-09-04 873.29  3.48 
 FIX            Comfort Systems USA Inc   247.21                     Construction 2025-09-03 700.69 2025-09-04 723.95  3.32 
 PHM                     Pultegroup Inc   263.00                Consumer products  2025-09-03 133.3 2025-09-04 137.61  3.23 
EBAY                           eBay Inc   412.03                           Retail  2025-09-03 90.16  2025-09-04 93.03  3.18 
ISRG             Intuitive Surgical Inc  1581.53                      Health Care 2025-09-03 441.18 2025-09-04 454.52  3.02 

=== 市值超过1000亿的涨跌榜前20名股票 ===
股票代码            公司名称             市值(亿)            板块                 昨天收盘               今天收盘        涨跌幅(%)
  MU      Micron Technology Inc  1328.63       Semiconductors  2025-09-03 118.72  2025-09-04 124.21  4.62 
AMZN             Amazon.com Inc 24101.63               Retail  2025-09-03 225.99  2025-09-04 235.68  4.29 
 GEV             GE Vernova Inc  1570.84 Electrical Equipment  2025-09-03 577.04  2025-09-04 598.81  3.77 
SHOP                Shopify Inc  1822.47           Technology  2025-09-03 140.22  2025-09-04 145.15  3.52 
KLAC                   KLA Corp  1113.62       Semiconductors   2025-09-03 843.9  2025-09-04 873.29  3.48 
ISRG     Intuitive Surgical Inc  1581.53          Health Care  2025-09-03 441.18  2025-09-04 454.52  3.02 
ANET        Arista Networks Inc  1726.68       Communications  2025-09-03 137.38  2025-09-04 141.17  2.76 
LRCX          Lam Research Corp  1237.02       Semiconductors   2025-09-03 97.74  2025-09-04 100.42  2.74 
 APP              Applovin Corp  1648.46           Technology  2025-09-03 487.35  2025-09-04 499.97  2.59 
NFLX                Netflix Inc  5210.36                Media 2025-09-03 1226.18 2025-09-04 1257.48  2.55 
INTC                 Intel Corp  1050.48       Semiconductors    2025-09-03 24.0   2025-09-04 24.61  2.54 
  GS    Goldman Sachs Group Inc  2211.56   Financial Services  2025-09-03 730.56   2025-09-04 748.9  2.51 
  GE        General Electric Co  2926.07  Aerospace & Defense  2025-09-03 275.93  2025-09-04 282.27  2.30 
 COF Capital One Financial Corp  1415.44   Financial Services  2025-09-03 221.33  2025-09-04 226.32  2.25 
   C              Citigroup Inc  1749.41              Banking   2025-09-03 95.03   2025-09-04 97.08  2.16 
 AXP        American Express Co  2252.64   Financial Services  2025-09-03 323.71  2025-09-04 330.65  2.14 
MELI           MercadoLibre Inc  1203.11               Retail 2025-09-03 2373.12  2025-09-04 2417.8  1.88 
 KKR               KKR & Co Inc  1201.27   Financial Services  2025-09-03 134.83  2025-09-04 137.35  1.87 
  BN            Brookfield Corp  1077.51   Financial Services   2025-09-03 65.34   2025-09-04 66.56  1.87 
 APH              Amphenol Corp  1351.44 Electrical Equipment  2025-09-03 110.69  2025-09-04 112.75  1.86 
