
=== 涨幅榜前20名股票 ===
股票代码                           公司名称                          市值(亿)               板块                     昨天收盘             今天收盘       涨跌幅(%)
OCEA                                    Ocean Biomedical Inc  0.00                  Biotechnology   2026-05-15 0.0   2026-05-18 0.0 200.00
LIPO                             Lipella Pharmaceuticals Inc  0.00                  Biotechnology  2026-05-15 0.04  2026-05-18 0.09 150.00
HCAI Huachen AI Parking Management Technology Holding Co Ltd  0.06                      Machinery  2026-05-15 5.54  2026-05-18 11.0  98.56
GOVX                                         GeoVax Labs Inc  0.04                  Biotechnology  2026-05-15 1.23  2026-05-18 2.21  79.67
SBFM                                  Sunshine Biopharma Inc  0.01                  Biotechnology  2026-05-15 0.28  2026-05-18 0.51  79.58
 AIM                                      AIM ImmunoTech Inc  0.02                  Biotechnology  2026-05-15 0.25  2026-05-18 0.41  63.20
VRAX                                 Virax Biolabs Group Ltd  0.03                    Health Care  2026-05-15 0.15  2026-05-18 0.23  52.60
NXXT                                             NextNRG Inc  0.44                         Energy  2026-05-15 0.28  2026-05-18 0.41  46.43
GCTS                           GCT Semiconductor Holding Inc  1.52                 Semiconductors  2026-05-15 1.83  2026-05-18 2.58  40.98
AIIO                                             Robo.ai Inc  0.79                    Automobiles  2026-05-15 4.02   2026-05-18 5.6  39.30
 TOP                                 TOP Financial Group Ltd  0.30             Financial Services  2026-05-15 0.82  2026-05-18 1.07  30.65
CREG                                       Smart Powerr Corp  0.11 Commercial Services & Supplies  2026-05-15 0.48  2026-05-18 0.62  29.67
SEGG                 Sports Entertainment Gaming Global Corp  0.24  Hotels, Restaurants & Leisure  2026-05-15 1.87   2026-05-18 2.4  28.34
RAMP                                   Liveramp Holdings Inc 18.72                     Technology 2026-05-15 29.66 2026-05-18 37.77  27.34
  CD                            Chaince Digital Holdings Inc  6.59                     Technology  2026-05-15 8.29 2026-05-18 10.49  26.54
FATN                                             FatPipe Inc  0.57                     Technology   2026-05-15 4.1  2026-05-18 5.15  25.61
AMPG                                     Amplitech Group Inc  0.75           Electrical Equipment  2026-05-15 2.95   2026-05-18 3.7  25.42
 MPU                                         Mega Matrix Inc  0.34                          Media   2026-05-15 0.5  2026-05-18 0.62  24.66
SMTK                                            SmartKem Inc  0.05                 Semiconductors  2026-05-15 0.22  2026-05-18 0.28  24.50
 AIB                   Blockchain Digital Infrastructure Inc  0.54                     Technology  2026-05-15 1.44  2026-05-18 1.79  24.31

=== 市值超过20亿的涨幅榜前20名股票 ===
 股票代码                 公司名称                市值(亿)                板块                      昨天收盘              今天收盘       涨跌幅(%)
  BRC                          Brady Corp  33.51 Commercial Services & Supplies  2026-05-15 70.96  2026-05-18 84.43 18.98 
TKKHF                 Tikehau Capital SCA  31.65             Financial Services  2026-05-15 17.61  2026-05-18 20.75 17.83 
 AVEX                          AEVEX Corp  28.36            Aerospace & Defense  2026-05-15 24.87  2026-05-18 28.58 14.92 
  BIO            Bio Rad Laboratories Inc  66.92 Life Sciences Tools & Services 2026-05-15 247.53 2026-05-18 281.82 13.85 
 ZETA           Zeta Global Holdings Corp  39.55                     Technology  2026-05-15 17.19  2026-05-18 19.19 11.63 
  NIQ         NIQ Global Intelligence PLC  24.20                          Media    2026-05-15 8.2   2026-05-18 9.03 10.12 
 RBLX                         Roblox Corp 306.80                          Media  2026-05-15 42.85  2026-05-18 46.98  9.64 
 DRVN          Driven Brands Holdings Inc  21.38  Diversified Consumer Services   2026-05-15 13.0  2026-05-18 14.24  9.54 
    D                 Dominion Energy Inc 542.89                      Utilities  2026-05-15 61.73  2026-05-18 67.56  9.44 
 CMPR                        Cimpress PLC  22.83 Commercial Services & Supplies   2026-05-15 94.2 2026-05-18 102.88  9.21 
 CTSH Cognizant Technology Solutions Corp 223.33                     Technology  2026-05-15 47.13   2026-05-18 51.4  9.05 
 QLYS                          Qualys Inc  31.70                     Technology  2026-05-15 90.02  2026-05-18 97.98  8.84 
  FLY               Firefly Aerospace Inc  64.78            Aerospace & Defense  2026-05-15 40.43  2026-05-18 43.95  8.71 
 OSCR                    Oscar Health Inc  69.44                      Insurance  2026-05-15 23.32   2026-05-18 25.3  8.49 
   ZS                         Zscaler Inc 197.26                     Technology 2026-05-15 161.05 2026-05-18 174.69  8.47 
 MNDY                      monday.com Ltd  36.82                     Technology  2026-05-15 71.97  2026-05-18 78.04  8.43 
 TMDX               Transmedics Group Inc  21.84                    Health Care   2026-05-15 63.2  2026-05-18 68.34  8.13 
 SAIL                       SailPoint Inc  76.58                     Technology   2026-05-15 13.5  2026-05-18 14.59  8.07 
 EPAM                    Epam Systems Inc  48.60                     Technology  2026-05-15 93.02 2026-05-18 100.44  7.98 
  YSS              York Space Systems Inc  43.97            Aerospace & Defense  2026-05-15 24.02  2026-05-18 25.93  7.95 

=== 市值超过50亿的涨幅榜前20名股票 ===
股票代码                 公司名称                市值(亿)                板块                      昨天收盘               今天收盘        涨跌幅(%)
 BIO            Bio Rad Laboratories Inc  66.92 Life Sciences Tools & Services  2026-05-15 247.53  2026-05-18 281.82 13.85 
RBLX                         Roblox Corp 306.80                          Media   2026-05-15 42.85   2026-05-18 46.98  9.64 
   D                 Dominion Energy Inc 542.89                      Utilities   2026-05-15 61.73   2026-05-18 67.56  9.44 
CTSH Cognizant Technology Solutions Corp 223.33                     Technology   2026-05-15 47.13    2026-05-18 51.4  9.05 
 FLY               Firefly Aerospace Inc  64.78            Aerospace & Defense   2026-05-15 40.43   2026-05-18 43.95  8.71 
OSCR                    Oscar Health Inc  69.44                      Insurance   2026-05-15 23.32    2026-05-18 25.3  8.49 
  ZS                         Zscaler Inc 197.26                     Technology  2026-05-15 161.05  2026-05-18 174.69  8.47 
SAIL                       SailPoint Inc  76.58                     Technology    2026-05-15 13.5   2026-05-18 14.59  8.07 
 RIG                      Transocean Ltd  78.60                         Energy    2026-05-15 7.04    2026-05-18 7.58  7.67 
FICO                     Fair Isaac Corp 254.77                     Technology 2026-05-15 1098.59 2026-05-18 1181.82  7.58 
 VAL                         Valaris Ltd  69.15                         Energy  2026-05-15 105.43  2026-05-18 113.42  7.58 
TTAN                    ServiceTitan Inc  55.82                     Technology   2026-05-15 58.52   2026-05-18 62.52  6.84 
ESTC                          Elastic NV  52.37                     Technology    2026-05-15 50.6   2026-05-18 53.91  6.54 
  IT                         Gartner Inc  97.90                     Technology  2026-05-15 146.23  2026-05-18 155.43  6.29 
 FIG                           Figma Inc 120.78                     Technology   2026-05-15 22.92   2026-05-18 24.36  6.28 
CPAY                          Corpay Inc 214.54             Financial Services  2026-05-15 328.23   2026-05-18 348.5  6.18 
 BSX              Boston Scientific Corp 783.01                    Health Care   2026-05-15 52.68   2026-05-18 55.92  6.15 
CBRS               Cerebras Systems Inc. 601.71                            N/A  2026-05-15 279.96  2026-05-18 296.65  5.96 
RYAN         Ryan Specialty Holdings Inc  83.87                      Insurance   2026-05-15 31.81   2026-05-18 33.67  5.85 
 MDB                         MongoDB Inc 251.29                     Technology  2026-05-15 312.16   2026-05-18 330.0  5.72 

=== 市值超过100亿的涨幅榜前20名股票 ===
股票代码                 公司名称                 市值(亿)            板块                 昨天收盘               今天收盘        涨跌幅(%)
RBLX                         Roblox Corp  306.80                 Media   2026-05-15 42.85   2026-05-18 46.98  9.64 
   D                 Dominion Energy Inc  542.89             Utilities   2026-05-15 61.73   2026-05-18 67.56  9.44 
CTSH Cognizant Technology Solutions Corp  223.33            Technology   2026-05-15 47.13    2026-05-18 51.4  9.05 
  ZS                         Zscaler Inc  197.26            Technology  2026-05-15 161.05  2026-05-18 174.69  8.47 
FICO                     Fair Isaac Corp  254.77            Technology 2026-05-15 1098.59 2026-05-18 1181.82  7.58 
 FIG                           Figma Inc  120.78            Technology   2026-05-15 22.92   2026-05-18 24.36  6.28 
CPAY                          Corpay Inc  214.54    Financial Services  2026-05-15 328.23   2026-05-18 348.5  6.18 
 BSX              Boston Scientific Corp  783.01           Health Care   2026-05-15 52.68   2026-05-18 55.92  6.15 
CBRS               Cerebras Systems Inc.  601.71                   N/A  2026-05-15 279.96  2026-05-18 296.65  5.96 
 MDB                         MongoDB Inc  251.29            Technology  2026-05-15 312.16   2026-05-18 330.0  5.72 
DXCM                          Dexcom Inc  237.81           Health Care   2026-05-15 61.63   2026-05-18 65.09  5.61 
VRSK                Verisk Analytics Inc  223.97 Professional Services  2026-05-15 162.55  2026-05-18 171.52  5.52 
 TTD                      Trade Desk Inc  100.67                 Media   2026-05-15 21.15   2026-05-18 22.27  5.30 
 ACN                       Accenture PLC 1036.45            Technology  2026-05-15 168.82  2026-05-18 177.55  5.17 
OKTA                            Okta Inc  145.13            Technology   2026-05-15 82.77   2026-05-18 87.04  5.16 
RKLB                     Rocket Lab Corp  722.11   Aerospace & Defense  2026-05-15 124.77  2026-05-18 131.16  5.12 
HUBS                         HubSpot Inc  101.61            Technology  2026-05-15 198.38  2026-05-18 208.51  5.11 
GDDY                         GoDaddy Inc  115.43            Technology   2026-05-15 87.18   2026-05-18 91.39  4.83 
FFIV                              F5 Inc  204.56        Communications  2026-05-15 362.58  2026-05-18 379.74  4.73 
 ZTS                          Zoetis Inc  509.29       Pharmaceuticals   2026-05-15 74.22   2026-05-18 77.72  4.72 

=== 市值超过200亿的涨幅榜前20名股票 ===
 股票代码                 公司名称                 市值(亿)                板块                      昨天收盘               今天收盘        涨跌幅(%)
 RBLX                         Roblox Corp  306.80                          Media   2026-05-15 42.85   2026-05-18 46.98  9.64 
    D                 Dominion Energy Inc  542.89                      Utilities   2026-05-15 61.73   2026-05-18 67.56  9.44 
 CTSH Cognizant Technology Solutions Corp  223.33                     Technology   2026-05-15 47.13    2026-05-18 51.4  9.05 
 FICO                     Fair Isaac Corp  254.77                     Technology 2026-05-15 1098.59 2026-05-18 1181.82  7.58 
 CPAY                          Corpay Inc  214.54             Financial Services  2026-05-15 328.23   2026-05-18 348.5  6.18 
  BSX              Boston Scientific Corp  783.01                    Health Care   2026-05-15 52.68   2026-05-18 55.92  6.15 
 CBRS               Cerebras Systems Inc.  601.71                            N/A  2026-05-15 279.96  2026-05-18 296.65  5.96 
  MDB                         MongoDB Inc  251.29                     Technology  2026-05-15 312.16   2026-05-18 330.0  5.72 
 DXCM                          Dexcom Inc  237.81                    Health Care   2026-05-15 61.63   2026-05-18 65.09  5.61 
 VRSK                Verisk Analytics Inc  223.97          Professional Services  2026-05-15 162.55  2026-05-18 171.52  5.52 
  ACN                       Accenture PLC 1036.45                     Technology  2026-05-15 168.82  2026-05-18 177.55  5.17 
 RKLB                     Rocket Lab Corp  722.11            Aerospace & Defense  2026-05-15 124.77  2026-05-18 131.16  5.12 
 FFIV                              F5 Inc  204.56                 Communications  2026-05-15 362.58  2026-05-18 379.74  4.73 
  ZTS                          Zoetis Inc  509.29                Pharmaceuticals   2026-05-15 74.22   2026-05-18 77.72  4.72 
 ISRG              Intuitive Surgical Inc 1491.45                    Health Care  2026-05-15 421.12  2026-05-18 439.92  4.46 
  MMM                               3M Co  762.64       Industrial Conglomerates  2026-05-15 146.22  2026-05-18 152.53  4.32 
  MSI              Motorola Solutions Inc  652.83                 Communications  2026-05-15 393.28  2026-05-18 410.27  4.32 
UMGNF            Universal Music Group NV  377.45                          Media   2026-05-15 23.62   2026-05-18 24.63  4.26 
  MTD    Mettler-toledo International Inc  208.47 Life Sciences Tools & Services 2026-05-15 1031.64 2026-05-18 1074.84  4.19 
  ABT                 Abbott Laboratories 1471.31                    Health Care   2026-05-15 84.47   2026-05-18 87.91  4.07 

=== 市值超过1000亿的涨跌榜前20名股票 ===
 股票代码          公司名称           市值(亿)                板块                     昨天收盘               今天收盘        涨跌幅(%)
  ACN          Accenture PLC 1036.45                    Technology  2026-05-15 168.82  2026-05-18 177.55  5.17 
 ISRG Intuitive Surgical Inc 1491.45                   Health Care  2026-05-15 421.12  2026-05-18 439.92  4.46 
  ABT    Abbott Laboratories 1471.31                   Health Care   2026-05-15 84.47   2026-05-18 87.91  4.07 
 SPGI         S&P Global Inc 1193.32            Financial Services  2026-05-15 403.15  2026-05-18 417.41  3.54 
  CRM         Salesforce Inc 1419.41                    Technology  2026-05-15 173.51  2026-05-18 179.48  3.44 
 ADBE              Adobe Inc 1000.80                    Technology   2026-05-15 247.6  2026-05-18 255.64  3.25 
 NFLX            Netflix Inc 3664.24                         Media   2026-05-15 87.02   2026-05-18 89.65  3.02 
 TMUS        T-Mobile US Inc 2004.46             Telecommunication  2026-05-15 185.22  2026-05-18 190.65  2.93 
  RTX               RTX Corp 2305.25           Aerospace & Defense  2026-05-15 171.18  2026-05-18 175.95  2.79 
EADSF              Airbus SE 1320.02           Aerospace & Defense  2026-05-15 194.49   2026-05-18 199.9  2.78 
  CVX           Chevron Corp 3805.94                        Energy   2026-05-15 191.1  2026-05-18 196.12  2.63 
 COST  Costco Wholesale Corp 4653.69                        Retail 2026-05-15 1048.95 2026-05-18 1076.47  2.62 
 INTU             Intuit Inc 1086.84                    Technology   2026-05-15 393.0  2026-05-18 403.16  2.59 
  LMT   Lockheed Martin Corp 1189.73           Aerospace & Defense  2026-05-15 516.01  2026-05-18 528.31  2.38 
   MA         Mastercard Inc 4366.67            Financial Services   2026-05-15 494.2  2026-05-18 505.79  2.35 
  MCD        McDonald's Corp 1963.77 Hotels, Restaurants & Leisure  2026-05-15 276.39  2026-05-18 282.47  2.20 
  PGR       Progressive Corp 1167.10                     Insurance  2026-05-15 199.73   2026-05-18 204.0  2.14 
    V               Visa Inc 6054.82            Financial Services  2026-05-15 325.75  2026-05-18 332.64  2.12 
  SYK           Stryker Corp 1176.00                   Health Care  2026-05-15 306.76  2026-05-18 313.22  2.11 
 SHOP            Shopify Inc 1301.29                    Technology  2026-05-15 100.28  2026-05-18 102.39  2.10 
