
=== 涨幅榜前20名股票 ===
 股票代码              公司名称               市值(亿)                 板块                       昨天收盘              今天收盘       涨跌幅(%)
 SKLZ                     Skillz Inc    0.57                            Media   2026-04-22 3.68  2026-04-23 12.45 238.32
 EUDA       EUDA Health Holdings Ltd    0.15                      Health Care   2026-04-22 6.04  2026-04-23 11.46  89.74
  TRT        Trio-Tech International    0.72                   Semiconductors   2026-04-22 8.26  2026-04-23 13.78  66.83
 PAPL        Pineapple Financial Inc    0.16               Financial Services    2026-04-22 0.6   2026-04-23 0.87  45.00
 TDIC                  Dreamland Ltd    0.07                            Media   2026-04-22 1.01   2026-04-23 1.46  44.55
  SST                    System1 Inc    0.28                            Media    2026-04-22 2.8   2026-04-23 3.83  36.79
 NCEL                     NewcelX AG    0.17                    Biotechnology   2026-04-22 3.66   2026-04-23 4.91  34.15
 AMST                    Amesite Inc    0.05    Diversified Consumer Services   2026-04-22 1.08   2026-04-23 1.44  33.33
 AUUD                     Auddia Inc    0.02                       Technology   2026-04-22 3.87   2026-04-23 5.06  30.75
 CPIX Cumberland Pharmaceuticals Inc    0.46                  Pharmaceuticals   2026-04-22 3.05    2026-04-23 3.9  27.87
 TZOO                      Travelzoo    0.82                            Media   2026-04-22 7.49   2026-04-23 9.48  26.57
 REPL            Replimune Group Inc    1.87                    Biotechnology   2026-04-22 2.27   2026-04-23 2.85  25.55
  URI             United Rentals Inc  504.85 Trading Companies & Distributors 2026-04-22 802.79 2026-04-23 986.78  22.92
SRBEF                      Vusion SA   20.62             Electrical Equipment  2026-04-22 140.0  2026-04-23 170.0  21.43
 ADVB            Advanced Biomed Inc    0.07                      Health Care   2026-04-22 5.34   2026-04-23 6.47  21.16
 SORA                   AsiaStrategy    0.58                     Distributors   2026-04-22 2.32   2026-04-23 2.81  21.12
 HELE              Helen of Troy Ltd    4.56                Consumer products  2026-04-22 19.77  2026-04-23 23.82  20.49
 ONEG      OneConstruction Group Ltd    0.70                     Construction   2026-04-22 4.36   2026-04-23 5.22  19.72
  TXN          Texas Instruments Inc 2151.52                   Semiconductors 2026-04-22 236.31 2026-04-23 282.23  19.43
 RDCM                     Radcom Ltd    2.16                       Technology  2026-04-22 12.92  2026-04-23 15.38  19.04

=== 市值超过20亿的涨幅榜前20名股票 ===
 股票代码              公司名称              市值(亿)                 板块                       昨天收盘              今天收盘       涨跌幅(%)
  URI            United Rentals Inc  504.85 Trading Companies & Distributors 2026-04-22 802.79 2026-04-23 986.78 22.92 
SRBEF                     Vusion SA   20.62             Electrical Equipment  2026-04-22 140.0  2026-04-23 170.0 21.43 
  TXN         Texas Instruments Inc 2151.52                   Semiconductors 2026-04-22 236.31 2026-04-23 282.23 19.43 
 EQPT        Equipmentshare.Com Inc   57.15 Trading Companies & Distributors  2026-04-22 21.48  2026-04-23 24.53 14.20 
  MOH         Molina Healthcare Inc   79.70                      Health Care  2026-04-22 153.0  2026-04-23 174.7 14.18 
STMEF         STMicroelectronics NV  334.89                   Semiconductors  2026-04-22 44.33  2026-04-23 50.52 13.95 
  HRI             Herc Holdings Inc   35.99 Trading Companies & Distributors 2026-04-22 107.86 2026-04-23 121.46 12.61 
 APLD          Applied Digital Corp   92.68                       Technology  2026-04-22 32.43  2026-04-23 36.35 12.09 
 SEDG    Solaredge Technologies Inc   25.91                   Semiconductors   2026-04-22 42.6  2026-04-23 47.36 11.17 
 MBLY           Mobileye Global Inc   66.47                  Auto Components    2026-04-22 7.9    2026-04-23 8.7 10.13 
 CHDN           Churchill Downs Inc   61.99    Hotels, Restaurants & Leisure  2026-04-22 88.94  2026-04-23 97.91 10.09 
 MCHP      Microchip Technology Inc  446.33                   Semiconductors  2026-04-22 82.48  2026-04-23 90.64  9.89 
   ON         ON Semiconductor Corp  350.02                   Semiconductors  2026-04-22 88.99  2026-04-23 97.78  9.88 
 LBRT            Liberty Energy Inc   47.68                           Energy  2026-04-22 29.42  2026-04-23 32.32  9.86 
   VC                  Visteon Corp   26.82                  Auto Components  2026-04-22 99.99  2026-04-23 109.4  9.41 
 SUNB  Sunbelt Rentals Holdings Inc  289.02 Trading Companies & Distributors  2026-04-22 69.93  2026-04-23 76.35  9.18 
  UNP            Union Pacific Corp 1480.63                      Road & Rail  2026-04-22 249.4 2026-04-23 271.26  8.77 
 SIGI Selective Insurance Group Inc   46.47                        Insurance  2026-04-22 77.63  2026-04-23 84.38  8.70 
  AZZ                       AZZ Inc   40.28                         Building 2026-04-22 134.91 2026-04-23 146.59  8.66 
  NSC         Norfolk Southern Corp  730.39                      Road & Rail 2026-04-22 298.33 2026-04-23 321.44  7.75 

=== 市值超过50亿的涨幅榜前20名股票 ===
 股票代码             公司名称              市值(亿)                 板块                       昨天收盘              今天收盘       涨跌幅(%)
  URI           United Rentals Inc  504.85 Trading Companies & Distributors 2026-04-22 802.79 2026-04-23 986.78 22.92 
  TXN        Texas Instruments Inc 2151.52                   Semiconductors 2026-04-22 236.31 2026-04-23 282.23 19.43 
 EQPT       Equipmentshare.Com Inc   57.15 Trading Companies & Distributors  2026-04-22 21.48  2026-04-23 24.53 14.20 
  MOH        Molina Healthcare Inc   79.70                      Health Care  2026-04-22 153.0  2026-04-23 174.7 14.18 
STMEF        STMicroelectronics NV  334.89                   Semiconductors  2026-04-22 44.33  2026-04-23 50.52 13.95 
 APLD         Applied Digital Corp   92.68                       Technology  2026-04-22 32.43  2026-04-23 36.35 12.09 
 MBLY          Mobileye Global Inc   66.47                  Auto Components    2026-04-22 7.9    2026-04-23 8.7 10.13 
 CHDN          Churchill Downs Inc   61.99    Hotels, Restaurants & Leisure  2026-04-22 88.94  2026-04-23 97.91 10.09 
 MCHP     Microchip Technology Inc  446.33                   Semiconductors  2026-04-22 82.48  2026-04-23 90.64  9.89 
   ON        ON Semiconductor Corp  350.02                   Semiconductors  2026-04-22 88.99  2026-04-23 97.78  9.88 
 SUNB Sunbelt Rentals Holdings Inc  289.02 Trading Companies & Distributors  2026-04-22 69.93  2026-04-23 76.35  9.18 
  UNP           Union Pacific Corp 1480.63                      Road & Rail  2026-04-22 249.4 2026-04-23 271.26  8.77 
  NSC        Norfolk Southern Corp  730.39                      Road & Rail 2026-04-22 298.33 2026-04-23 321.44  7.75 
CMCSA                 Comcast Corp 1056.69                Telecommunication  2026-04-22 29.37  2026-04-23 31.64  7.73 
 IREN                     IREN Ltd  160.54                       Technology  2026-04-22 48.39  2026-04-23 52.02  7.50 
  KDP         Keurig Dr Pepper Inc  360.59                        Beverages  2026-04-22 26.54  2026-04-23 28.53  7.50 
 SEIC           SEI Investments Co  103.65               Financial Services  2026-04-22 84.79  2026-04-23 91.05  7.38 
  NXT                Nextpower Inc  172.51             Electrical Equipment 2026-04-22 116.19 2026-04-23 124.36  7.03 
  CSX                     CSX Corp  802.34                      Road & Rail  2026-04-22 43.18  2026-04-23 46.18  6.95 
  NEE           Nextera Energy Inc 1876.77                        Utilities   2026-04-22 90.0  2026-04-23 96.25  6.94 

=== 市值超过100亿的涨幅榜前20名股票 ===
 股票代码             公司名称              市值(亿)                 板块                       昨天收盘              今天收盘       涨跌幅(%)
  URI           United Rentals Inc  504.85 Trading Companies & Distributors 2026-04-22 802.79 2026-04-23 986.78 22.92 
  TXN        Texas Instruments Inc 2151.52                   Semiconductors 2026-04-22 236.31 2026-04-23 282.23 19.43 
STMEF        STMicroelectronics NV  334.89                   Semiconductors  2026-04-22 44.33  2026-04-23 50.52 13.95 
 MCHP     Microchip Technology Inc  446.33                   Semiconductors  2026-04-22 82.48  2026-04-23 90.64  9.89 
   ON        ON Semiconductor Corp  350.02                   Semiconductors  2026-04-22 88.99  2026-04-23 97.78  9.88 
 SUNB Sunbelt Rentals Holdings Inc  289.02 Trading Companies & Distributors  2026-04-22 69.93  2026-04-23 76.35  9.18 
  UNP           Union Pacific Corp 1480.63                      Road & Rail  2026-04-22 249.4 2026-04-23 271.26  8.77 
  NSC        Norfolk Southern Corp  730.39                      Road & Rail 2026-04-22 298.33 2026-04-23 321.44  7.75 
CMCSA                 Comcast Corp 1056.69                Telecommunication  2026-04-22 29.37  2026-04-23 31.64  7.73 
 IREN                     IREN Ltd  160.54                       Technology  2026-04-22 48.39  2026-04-23 52.02  7.50 
  KDP         Keurig Dr Pepper Inc  360.59                        Beverages  2026-04-22 26.54  2026-04-23 28.53  7.50 
 SEIC           SEI Investments Co  103.65               Financial Services  2026-04-22 84.79  2026-04-23 91.05  7.38 
  NXT                Nextpower Inc  172.51             Electrical Equipment 2026-04-22 116.19 2026-04-23 124.36  7.03 
  CSX                     CSX Corp  802.34                      Road & Rail  2026-04-22 43.18  2026-04-23 46.18  6.95 
  NEE           Nextera Energy Inc 1876.77                        Utilities   2026-04-22 90.0  2026-04-23 96.25  6.94 
 NXPI        NXP Semiconductors NV  570.45                   Semiconductors 2026-04-22 225.75 2026-04-23 241.16  6.83 
  HAS                   Hasbro Inc  127.48                 Leisure Products  2026-04-22 90.61  2026-04-23 96.58  6.59 
 SITM                  SiTime Corp  137.95                   Semiconductors 2026-04-22 524.51 2026-04-23 556.13  6.03 
  ADI           Analog Devices Inc 1862.11                   Semiconductors 2026-04-22 381.42 2026-04-23 403.88  5.89 
 OKLO                     Oklo Inc  125.68                        Utilities  2026-04-22 72.41  2026-04-23 76.46  5.59 

=== 市值超过200亿的涨幅榜前20名股票 ===
 股票代码             公司名称              市值(亿)                 板块                       昨天收盘              今天收盘       涨跌幅(%)
  URI           United Rentals Inc  504.85 Trading Companies & Distributors 2026-04-22 802.79 2026-04-23 986.78 22.92 
  TXN        Texas Instruments Inc 2151.52                   Semiconductors 2026-04-22 236.31 2026-04-23 282.23 19.43 
STMEF        STMicroelectronics NV  334.89                   Semiconductors  2026-04-22 44.33  2026-04-23 50.52 13.95 
 MCHP     Microchip Technology Inc  446.33                   Semiconductors  2026-04-22 82.48  2026-04-23 90.64  9.89 
   ON        ON Semiconductor Corp  350.02                   Semiconductors  2026-04-22 88.99  2026-04-23 97.78  9.88 
 SUNB Sunbelt Rentals Holdings Inc  289.02 Trading Companies & Distributors  2026-04-22 69.93  2026-04-23 76.35  9.18 
  UNP           Union Pacific Corp 1480.63                      Road & Rail  2026-04-22 249.4 2026-04-23 271.26  8.77 
  NSC        Norfolk Southern Corp  730.39                      Road & Rail 2026-04-22 298.33 2026-04-23 321.44  7.75 
CMCSA                 Comcast Corp 1056.69                Telecommunication  2026-04-22 29.37  2026-04-23 31.64  7.73 
  KDP         Keurig Dr Pepper Inc  360.59                        Beverages  2026-04-22 26.54  2026-04-23 28.53  7.50 
  CSX                     CSX Corp  802.34                      Road & Rail  2026-04-22 43.18  2026-04-23 46.18  6.95 
  NEE           Nextera Energy Inc 1876.77                        Utilities   2026-04-22 90.0  2026-04-23 96.25  6.94 
 NXPI        NXP Semiconductors NV  570.45                   Semiconductors 2026-04-22 225.75 2026-04-23 241.16  6.83 
  ADI           Analog Devices Inc 1862.11                   Semiconductors 2026-04-22 381.42 2026-04-23 403.88  5.89 
  DOV                   Dover Corp  291.39                        Machinery 2026-04-22 216.17 2026-04-23 228.15  5.54 
  ELV          Elevance Health Inc  720.94                      Health Care  2026-04-22 328.2 2026-04-23 346.29  5.51 
  VRT           Vertiv Holdings Co 1167.46             Electrical Equipment 2026-04-22 305.14 2026-04-23 321.75  5.44 
 MRVL       Marvell Technology Inc 1375.70                   Semiconductors 2026-04-22 157.32 2026-04-23 165.56  5.24 
   VG           Venture Global Inc  303.19                           Energy  2026-04-22 12.34  2026-04-23 12.95  4.94 
  RSG        Republic Services Inc  634.26   Commercial Services & Supplies 2026-04-22 205.29 2026-04-23 214.04  4.26 

=== 市值超过1000亿的涨跌榜前20名股票 ===
 股票代码               公司名称               市值(亿)           板块                 昨天收盘              今天收盘       涨跌幅(%)
  TXN           Texas Instruments Inc 2151.52       Semiconductors 2026-04-22 236.31 2026-04-23 282.23 19.43 
  UNP              Union Pacific Corp 1480.63          Road & Rail  2026-04-22 249.4 2026-04-23 271.26  8.77 
CMCSA                    Comcast Corp 1056.69    Telecommunication  2026-04-22 29.37  2026-04-23 31.64  7.73 
  NEE              Nextera Energy Inc 1876.77            Utilities   2026-04-22 90.0  2026-04-23 96.25  6.94 
  ADI              Analog Devices Inc 1862.11       Semiconductors 2026-04-22 381.42 2026-04-23 403.88  5.89 
  VRT              Vertiv Holdings Co 1167.46 Electrical Equipment 2026-04-22 305.14 2026-04-23 321.75  5.44 
 MRVL          Marvell Technology Inc 1375.70       Semiconductors 2026-04-22 157.32 2026-04-23 165.56  5.24 
  CAT                 Caterpillar Inc 3763.57            Machinery 2026-04-22 808.87 2026-04-23 835.24  3.26 
   PM Philip Morris International Inc 2555.21              Tobacco 2026-04-22 163.95 2026-04-23 169.19  3.20 
   MO                Altria Group Inc 1089.36              Tobacco  2026-04-22 65.18  2026-04-23 67.15  3.02 
 TMUS                 T-Mobile US Inc 2081.64    Telecommunication 2026-04-22 188.92 2026-04-23 194.07  2.73 
  LIN                       Linde PLC 2292.04            Chemicals 2026-04-22 494.62 2026-04-23 508.06  2.72 
   VZ      Verizon Communications Inc 1939.29    Telecommunication  2026-04-22 45.98  2026-04-23 47.22  2.70 
  ETN           Eaton Corporation PLC 1605.75 Electrical Equipment 2026-04-22 413.87  2026-04-23 424.5  2.57 
SAFRF                       Safran SA 1136.09  Aerospace & Defense 2026-04-22 320.84 2026-04-23 328.73  2.46 
    T                        AT&T Inc 1814.33    Telecommunication  2026-04-22 25.98  2026-04-23 26.61  2.42 
 INTC                      Intel Corp 3277.21       Semiconductors  2026-04-22 65.27  2026-04-23 66.78  2.31 
   CB                       Chubb Ltd 1269.92            Insurance 2026-04-22 325.43 2026-04-23 332.88  2.29 
   SO                     Southern Co 1035.65            Utilities  2026-04-22 91.87  2026-04-23 93.91  2.22 
   KO                    Coca-Cola Co 3212.19            Beverages  2026-04-22 74.63  2026-04-23 76.28  2.21 
