
=== 涨幅榜前20名股票 ===
股票代码               公司名称               市值(亿)                板块                    昨天收盘             今天收盘       涨跌幅(%)
LPTH       LightPath Technologies Inc   4.81          Electrical Equipment  2025-12-26 9.02 2025-12-29 10.29 14.08 
CMTL  Comtech Telecommunications Corp   1.40                Communications  2025-12-26 4.73  2025-12-29 5.27 11.42 
  AP            Ampco-Pittsburgh Corp   0.95               Metals & Mining  2025-12-26 4.65  2025-12-29 5.04  8.39 
 AIM               AIM ImmunoTech Inc   0.04                 Biotechnology  2025-12-26 1.25  2025-12-29 1.32  5.40 
DAIO                    Data I/O Corp   0.30          Electrical Equipment  2025-12-26 3.22  2025-12-29 3.38  4.97 
ALOT                    AstroNova Inc   0.63                    Technology   2025-12-26 8.2  2025-12-29 8.59  4.76 
SCHL                  Scholastic Corp   7.48                         Media 2025-12-26 29.42 2025-12-29 30.82  4.76 
CSTE                  Caesarstone Ltd   0.59                      Building  2025-12-26 1.71  2025-12-29 1.79  4.68 
PAMT                        PAMT Corp   2.62                   Road & Rail 2025-12-26 12.54 2025-12-29 13.12  4.63 
ATRA        Atara Biotherapeutics Inc   1.25                 Biotechnology 2025-12-26 17.27 2025-12-29 17.99  4.17 
  HE Hawaiian Electric Industries Inc  20.92                     Utilities 2025-12-26 12.12 2025-12-29 12.51  3.22 
EBAY                         eBay Inc 385.15                        Retail 2025-12-26 85.21 2025-12-29 87.74  2.97 
 FUN     Six Flags Entertainment Corp  15.11 Hotels, Restaurants & Leisure 2025-12-26 14.89 2025-12-29 15.33  2.96 
DAKT                   Daktronics Inc   9.04          Electrical Equipment 2025-12-26 18.55 2025-12-29 19.06  2.75 
 SNT        Senstar Technologies Corp   1.04          Electrical Equipment  2025-12-26 4.45  2025-12-29 4.57  2.70 
 CVU           CPI Aerostructures Inc   0.49           Aerospace & Defense  2025-12-26 3.75  2025-12-29 3.85  2.67 
INTT                      inTest Corp   0.94                Semiconductors  2025-12-26 7.52  2025-12-29 7.72  2.66 
 JOB                    GEE Group Inc   0.21         Professional Services  2025-12-26 0.19  2025-12-29 0.19  2.58 
  HP          Helmerich and Payne Inc  27.42                        Energy 2025-12-26 27.85 2025-12-29 28.56  2.55 
 ELA                      Envela Corp   3.25                        Retail  2025-12-26 12.5 2025-12-29 12.81  2.48 

=== 市值超过20亿的涨幅榜前20名股票 ===
股票代码               公司名称                市值(亿)                板块                      昨天收盘              今天收盘       涨跌幅(%)
  HE Hawaiian Electric Industries Inc   20.92                      Utilities  2025-12-26 12.12  2025-12-29 12.51  3.22 
EBAY                         eBay Inc  385.15                         Retail  2025-12-26 85.21  2025-12-29 87.74  2.97 
  HP          Helmerich and Payne Inc   27.42                         Energy  2025-12-26 27.85  2025-12-29 28.56  2.55 
 CRK           Comstock Resources Inc   69.01                         Energy  2025-12-26 23.55  2025-12-29 24.13  2.46 
 AEO    American Eagle Outfitters Inc   44.68                         Retail  2025-12-26 26.36  2025-12-29 26.93  2.16 
SYNA                    Synaptics Inc   28.64                 Semiconductors  2025-12-26 73.46  2025-12-29 75.03  2.14 
ERIE                Erie Indemnity Co  131.51                      Insurance  2025-12-26 282.4 2025-12-29 287.43  1.78 
 LNG              Cheniere Energy Inc  407.46                         Energy 2025-12-26 189.31  2025-12-29 192.6  1.74 
 FRO                    Frontline Plc   48.55                         Energy  2025-12-26 21.81  2025-12-29 22.13  1.47 
 PCG                        PG&E Corp  346.61                      Utilities  2025-12-26 15.77  2025-12-29 15.99  1.40 
INTC                       Intel Corp 1726.74                 Semiconductors   2025-12-26 36.2  2025-12-29 36.68  1.33 
 XOM                 Exxon Mobil Corp 4939.99                         Energy 2025-12-26 119.11 2025-12-29 120.53  1.19 
 EQT                         EQT Corp  336.56                         Energy  2025-12-26 53.93  2025-12-29 54.54  1.13 
 SON               Sonoco Products Co   42.91                      Packaging   2025-12-26 43.5  2025-12-29 43.96  1.06 
 HNI                         HNI Corp   30.27 Commercial Services & Supplies  2025-12-26 42.33  2025-12-29 42.74  0.97 
MRCY              Mercury Systems Inc   44.61            Aerospace & Defense  2025-12-26 74.22  2025-12-29 74.93  0.96 
BALL                        Ball Corp  141.12                      Packaging  2025-12-26 52.66  2025-12-29 53.16  0.95 
NVMI                         Nova Ltd  101.00                 Semiconductors 2025-12-26 330.92 2025-12-29 333.99  0.93 
UNFI         United Natural Foods Inc   20.36                         Retail  2025-12-26 33.41  2025-12-29 33.72  0.93 
VICR                       Vicor Corp   49.57           Electrical Equipment 2025-12-26 111.02  2025-12-29 112.0  0.88 

=== 市值超过50亿的涨幅榜前20名股票 ===
 股票代码              公司名称              市值(亿)                板块                      昨天收盘              今天收盘       涨跌幅(%)
 EBAY                      eBay Inc  385.15                         Retail  2025-12-26 85.21  2025-12-29 87.74  2.97 
  CRK        Comstock Resources Inc   69.01                         Energy  2025-12-26 23.55  2025-12-29 24.13  2.46 
 ERIE             Erie Indemnity Co  131.51                      Insurance  2025-12-26 282.4 2025-12-29 287.43  1.78 
  LNG           Cheniere Energy Inc  407.46                         Energy 2025-12-26 189.31  2025-12-29 192.6  1.74 
  PCG                     PG&E Corp  346.61                      Utilities  2025-12-26 15.77  2025-12-29 15.99  1.40 
 INTC                    Intel Corp 1726.74                 Semiconductors   2025-12-26 36.2  2025-12-29 36.68  1.33 
  XOM              Exxon Mobil Corp 4939.99                         Energy 2025-12-26 119.11 2025-12-29 120.53  1.19 
  EQT                      EQT Corp  336.56                         Energy  2025-12-26 53.93  2025-12-29 54.54  1.13 
 BALL                     Ball Corp  141.12                      Packaging  2025-12-26 52.66  2025-12-29 53.16  0.95 
 NVMI                      Nova Ltd  101.00                 Semiconductors 2025-12-26 330.92 2025-12-29 333.99  0.93 
 CSGP              CoStar Group Inc  284.00                    Real Estate  2025-12-26 67.01   2025-12-29 67.6  0.88 
  CLX                     Clorox Co  120.19              Consumer products  2025-12-26 98.53  2025-12-29 99.29  0.77 
CMCSA                  Comcast Corp 1080.78                          Media  2025-12-26 29.66  2025-12-29 29.87  0.71 
  BKH              Black Hills Corp   52.31                      Utilities  2025-12-26 69.31  2025-12-29 69.75  0.63 
 SIGI Selective Insurance Group Inc   50.76                      Insurance  2025-12-26 84.03  2025-12-29 84.54  0.61 
  IDA                   Idacorp Inc   68.61                      Utilities 2025-12-26 126.95 2025-12-29 127.68  0.58 
  TTE              TotalEnergies SE 1199.57                         Energy  2025-12-26 65.53   2025-12-29 65.9  0.56 
  AIZ                  Assurant Inc  120.26                      Insurance 2025-12-26 240.13 2025-12-29 241.44  0.55 
  RSG         Republic Services Inc  660.52 Commercial Services & Supplies 2025-12-26 213.37 2025-12-29 214.52  0.54 
 ACGL        Arch Capital Group Ltd  347.65                      Insurance  2025-12-26 95.87  2025-12-29 96.39  0.54 

=== 市值超过100亿的涨幅榜前20名股票 ===
 股票代码          公司名称           市值(亿)                板块                      昨天收盘              今天收盘       涨跌幅(%)
 EBAY               eBay Inc  385.15                         Retail  2025-12-26 85.21  2025-12-29 87.74  2.97 
 ERIE      Erie Indemnity Co  131.51                      Insurance  2025-12-26 282.4 2025-12-29 287.43  1.78 
  LNG    Cheniere Energy Inc  407.46                         Energy 2025-12-26 189.31  2025-12-29 192.6  1.74 
  PCG              PG&E Corp  346.61                      Utilities  2025-12-26 15.77  2025-12-29 15.99  1.40 
 INTC             Intel Corp 1726.74                 Semiconductors   2025-12-26 36.2  2025-12-29 36.68  1.33 
  XOM       Exxon Mobil Corp 4939.99                         Energy 2025-12-26 119.11 2025-12-29 120.53  1.19 
  EQT               EQT Corp  336.56                         Energy  2025-12-26 53.93  2025-12-29 54.54  1.13 
 BALL              Ball Corp  141.12                      Packaging  2025-12-26 52.66  2025-12-29 53.16  0.95 
 NVMI               Nova Ltd  101.00                 Semiconductors 2025-12-26 330.92 2025-12-29 333.99  0.93 
 CSGP       CoStar Group Inc  284.00                    Real Estate  2025-12-26 67.01   2025-12-29 67.6  0.88 
  CLX              Clorox Co  120.19              Consumer products  2025-12-26 98.53  2025-12-29 99.29  0.77 
CMCSA           Comcast Corp 1080.78                          Media  2025-12-26 29.66  2025-12-29 29.87  0.71 
  TTE       TotalEnergies SE 1199.57                         Energy  2025-12-26 65.53   2025-12-29 65.9  0.56 
  AIZ           Assurant Inc  120.26                      Insurance 2025-12-26 240.13 2025-12-29 241.44  0.55 
  RSG  Republic Services Inc  660.52 Commercial Services & Supplies 2025-12-26 213.37 2025-12-29 214.52  0.54 
 ACGL Arch Capital Group Ltd  347.65                      Insurance  2025-12-26 95.87  2025-12-29 96.39  0.54 
  CVS        CVS Health Corp 1010.60                    Health Care  2025-12-26 79.61  2025-12-29 80.02  0.52 
   NI           NiSource Inc  199.09                      Utilities  2025-12-26 41.72  2025-12-29 41.93  0.50 
  KHC         Kraft Heinz Co  285.62                  Food Products  2025-12-26 24.13  2025-12-29 24.25  0.50 
    T               AT&T Inc 1747.55              Telecommunication  2025-12-26 24.65  2025-12-29 24.77  0.49 

=== 市值超过200亿的涨幅榜前20名股票 ===
 股票代码          公司名称           市值(亿)                板块                      昨天收盘              今天收盘       涨跌幅(%)
 EBAY               eBay Inc  385.15                         Retail  2025-12-26 85.21  2025-12-29 87.74  2.97 
  LNG    Cheniere Energy Inc  407.46                         Energy 2025-12-26 189.31  2025-12-29 192.6  1.74 
  PCG              PG&E Corp  346.61                      Utilities  2025-12-26 15.77  2025-12-29 15.99  1.40 
 INTC             Intel Corp 1726.74                 Semiconductors   2025-12-26 36.2  2025-12-29 36.68  1.33 
  XOM       Exxon Mobil Corp 4939.99                         Energy 2025-12-26 119.11 2025-12-29 120.53  1.19 
  EQT               EQT Corp  336.56                         Energy  2025-12-26 53.93  2025-12-29 54.54  1.13 
 CSGP       CoStar Group Inc  284.00                    Real Estate  2025-12-26 67.01   2025-12-29 67.6  0.88 
CMCSA           Comcast Corp 1080.78                          Media  2025-12-26 29.66  2025-12-29 29.87  0.71 
  TTE       TotalEnergies SE 1199.57                         Energy  2025-12-26 65.53   2025-12-29 65.9  0.56 
  RSG  Republic Services Inc  660.52 Commercial Services & Supplies 2025-12-26 213.37 2025-12-29 214.52  0.54 
 ACGL Arch Capital Group Ltd  347.65                      Insurance  2025-12-26 95.87  2025-12-29 96.39  0.54 
  CVS        CVS Health Corp 1010.60                    Health Care  2025-12-26 79.61  2025-12-29 80.02  0.52 
  KHC         Kraft Heinz Co  285.62                  Food Products  2025-12-26 24.13  2025-12-29 24.25  0.50 
    T               AT&T Inc 1747.55              Telecommunication  2025-12-26 24.65  2025-12-29 24.77  0.49 
 CPRT             Copart Inc  380.43 Commercial Services & Supplies   2025-12-26 39.3  2025-12-29 39.49  0.48 
  UNP     Union Pacific Corp 1384.67                    Road & Rail 2025-12-26 233.44 2025-12-29 234.53  0.47 
  AEE            Ameren Corp  269.98                      Utilities  2025-12-26 99.81 2025-12-29 100.26  0.45 
  ALL          Allstate Corp  543.77                      Insurance  2025-12-26 207.8 2025-12-29 208.66  0.41 
   TT Trane Technologies PLC  870.53                       Building 2025-12-26 392.59 2025-12-29 394.19  0.41 
  PPL               PPL Corp  259.50                      Utilities  2025-12-26 35.08  2025-12-29 35.22  0.40 

=== 市值超过1000亿的涨跌榜前20名股票 ===
 股票代码                 公司名称                  市值(亿)             板块                   昨天收盘               今天收盘       涨跌幅(%)
 INTC                           Intel Corp 1726.74           Semiconductors    2025-12-26 36.2  2025-12-29 36.68  1.33 
  XOM                     Exxon Mobil Corp 4939.99                   Energy  2025-12-26 119.11 2025-12-29 120.53  1.19 
CMCSA                         Comcast Corp 1080.78                    Media   2025-12-26 29.66  2025-12-29 29.87  0.71 
  TTE                     TotalEnergies SE 1199.57                   Energy   2025-12-26 65.53   2025-12-29 65.9  0.56 
  CVS                      CVS Health Corp 1010.60              Health Care   2025-12-26 79.61  2025-12-29 80.02  0.52 
    T                             AT&T Inc 1747.55        Telecommunication   2025-12-26 24.65  2025-12-29 24.77  0.49 
  UNP                   Union Pacific Corp 1384.67              Road & Rail  2025-12-26 233.44 2025-12-29 234.53  0.47 
   CB                            Chubb Ltd 1233.66                Insurance  2025-12-26 313.47 2025-12-29 314.45  0.31 
  ADP        Automatic Data Processing Inc 1046.88    Professional Services  2025-12-26 258.84 2025-12-29 259.61  0.30 
  AMD           Advanced Micro Devices Inc 3500.13           Semiconductors  2025-12-26 214.99 2025-12-29 215.61  0.29 
   PH                 Parker-Hannifin Corp 1120.64                Machinery  2025-12-26 888.08 2025-12-29 890.55  0.28 
   DE                           Deere & Co 1268.20                Machinery  2025-12-26 468.93 2025-12-29 470.24  0.28 
  IBM International Business Machines Corp 2851.78               Technology  2025-12-26 305.09 2025-12-29 305.74  0.21 
  BLK                        BlackRock Inc 1775.13       Financial Services 2025-12-26 1088.11 2025-12-29 1088.4  0.03 
   BN                      Brookfield Corp 1157.32       Financial Services   2025-12-26 46.74  2025-12-29 46.74  0.00 
  HON          Honeywell International Inc 1253.08 Industrial Conglomerates  2025-12-26 197.37 2025-12-29 197.09 -0.14 
  NEE                   Nextera Energy Inc 1674.63                Utilities   2025-12-26 80.41  2025-12-29 80.27 -0.17 
  ABT                  Abbott Laboratories 2170.81              Health Care  2025-12-26 124.84 2025-12-29 124.57 -0.22 
  MDT                        Medtronic PLC 1237.40              Health Care   2025-12-26 96.52  2025-12-29 96.15 -0.38 
  TJX                    TJX Companies Inc 1744.65                   Retail  2025-12-26 157.11 2025-12-29 156.47 -0.41 
