
=== 涨幅榜前20名股票 ===
股票代码                   公司名称                  市值(亿)          板块                昨天收盘             今天收盘       涨跌幅(%)
LPTX                   Leap Therapeutics Inc  0.25        Biotechnology  2025-11-11 0.44  2025-11-12 2.05 368.04
FTCI                           FTC Solar Inc  1.11 Electrical Equipment  2025-11-11 7.44  2025-11-12 11.1  49.19
 PAL           Proficient Auto Logistics Inc  2.37          Road & Rail  2025-11-11 6.58  2025-11-12 8.55  29.94
HOUR                           Hour Loop Inc  0.68               Retail  2025-11-11 1.93  2025-11-12 2.36  22.28
ABEO                 Abeona Therapeutics Inc  2.14        Biotechnology  2025-11-11 4.17  2025-11-12 4.94  18.47
BBAI                 BigBear.ai Holdings Inc 26.46           Technology  2025-11-11 6.06  2025-11-12 7.17  18.32
RVYL                               Ryvyl Inc  0.09   Financial Services  2025-11-11 0.28  2025-11-12 0.33  16.36
SERA                    Sera Prognostics Inc  1.07        Biotechnology  2025-11-11 2.69  2025-11-12 3.12  15.99
CGTL Creative Global Technology Holdings Ltd  0.19 Electrical Equipment  2025-11-11 0.55  2025-11-12 0.64  15.80
GORV                   Lazydays Holdings Inc  0.04               Retail   2025-11-11 1.1  2025-11-12 1.27  15.45
NDRA                 ENDRA Life Sciences Inc  0.06          Health Care  2025-11-11 5.45  2025-11-12 6.26  14.86
SBEV               Splash Beverage Group Inc  0.03            Beverages   2025-11-11 1.1  2025-11-12 1.25  13.64
CLRO                            Clearone Inc  0.09       Communications  2025-11-11 5.27  2025-11-12 5.98  13.47
CHEK                           Check Cap Ltd  0.13          Health Care  2025-11-11 1.55  2025-11-12 1.75  12.90
 SGD         Safe and Green Development Corp  0.05          Real Estate  2025-11-11 1.03  2025-11-12 1.16  12.62
ERAS                              Erasca Inc  6.96        Biotechnology  2025-11-11 2.36  2025-11-12 2.65  12.29
PALI                        Palisade Bio Inc  2.86        Biotechnology  2025-11-11 1.82  2025-11-12 2.04  12.09
BKYI               BIO-Key International Inc  0.06           Technology  2025-11-11 0.82  2025-11-12 0.92  11.59
BILL                       BILL Holdings Inc 46.64           Technology 2025-11-11 46.57 2025-11-12 51.92  11.49
ARTV              Artiva Biotherapeutics Inc  0.80        Biotechnology  2025-11-11 3.59  2025-11-12 3.98  10.86

=== 市值超过20亿的涨幅榜前20名股票 ===
股票代码              公司名称              市值(亿)                 板块                       昨天收盘              今天收盘       涨跌幅(%)
BBAI       BigBear.ai Holdings Inc   26.46                       Technology   2025-11-11 6.06   2025-11-12 7.17 18.32 
BILL             BILL Holdings Inc   46.64                       Technology  2025-11-11 46.57  2025-11-12 51.92 11.49 
OPEN     Opendoor Technologies Inc   65.54                      Real Estate   2025-11-11 8.48   2025-11-12 9.37 10.50 
 AMD    Advanced Micro Devices Inc 3866.92                   Semiconductors 2025-11-11 237.52 2025-11-12 258.89  9.00 
 CLF          Cleveland-Cliffs Inc   58.11                  Metals & Mining   2025-11-11 10.2  2025-11-12 11.03  8.14 
  VG            Venture Global Inc  188.17                           Energy   2025-11-11 7.53   2025-11-12 8.13  7.97 
PLUG                Plug Power Inc   35.20             Electrical Equipment   2025-11-11 2.53   2025-11-12 2.73  7.91 
CELC                  Celcuity Inc   33.59                    Biotechnology  2025-11-11 79.17  2025-11-12 85.15  7.56 
GSAT                Globalstar Inc   75.90                Telecommunication  2025-11-11 59.92  2025-11-12 64.38  7.44 
  AU         Anglogold Ashanti PLC  400.51                  Metals & Mining  2025-11-11 79.35  2025-11-12 85.13  7.28 
OKLO                      Oklo Inc  153.84                        Utilities 2025-11-11 104.22 2025-11-12 111.17  6.67 
TSEM       Tower Semiconductor Ltd  117.09                   Semiconductors  2025-11-11 99.78 2025-11-12 106.42  6.65 
CENX           Century Aluminum Co   26.02                  Metals & Mining  2025-11-11 27.88  2025-11-12 29.57  6.06 
 LIF                   Life360 Inc   57.07                       Technology  2025-11-11 72.79  2025-11-12 76.93  5.69 
COTY                      Coty Inc   31.84                Consumer products   2025-11-11 3.57   2025-11-12 3.77  5.60 
 JEF Jefferies Financial Group Inc  116.12               Financial Services  2025-11-11 56.29  2025-11-12 59.41  5.54 
BIRK       Birkenstock Holding PLC   72.26 Textiles, Apparel & Luxury Goods  2025-11-11 39.29  2025-11-12 41.43  5.45 
AFRM           Affirm Holdings Inc  248.03               Financial Services  2025-11-11 75.14  2025-11-12 78.95  5.07 
 CMG    Chipotle Mexican Grill Inc  394.17    Hotels, Restaurants & Leisure  2025-11-11 29.81  2025-11-12 31.32  5.07 
 DAL           Delta Air Lines Inc  377.02                         Airlines  2025-11-11 57.74  2025-11-12 60.48  4.75 

=== 市值超过50亿的涨幅榜前20名股票 ===
股票代码              公司名称              市值(亿)                 板块                       昨天收盘              今天收盘       涨跌幅(%)
OPEN     Opendoor Technologies Inc   65.54                      Real Estate   2025-11-11 8.48   2025-11-12 9.37 10.50 
 AMD    Advanced Micro Devices Inc 3866.92                   Semiconductors 2025-11-11 237.52 2025-11-12 258.89  9.00 
 CLF          Cleveland-Cliffs Inc   58.11                  Metals & Mining   2025-11-11 10.2  2025-11-12 11.03  8.14 
  VG            Venture Global Inc  188.17                           Energy   2025-11-11 7.53   2025-11-12 8.13  7.97 
GSAT                Globalstar Inc   75.90                Telecommunication  2025-11-11 59.92  2025-11-12 64.38  7.44 
  AU         Anglogold Ashanti PLC  400.51                  Metals & Mining  2025-11-11 79.35  2025-11-12 85.13  7.28 
OKLO                      Oklo Inc  153.84                        Utilities 2025-11-11 104.22 2025-11-12 111.17  6.67 
TSEM       Tower Semiconductor Ltd  117.09                   Semiconductors  2025-11-11 99.78 2025-11-12 106.42  6.65 
 LIF                   Life360 Inc   57.07                       Technology  2025-11-11 72.79  2025-11-12 76.93  5.69 
 JEF Jefferies Financial Group Inc  116.12               Financial Services  2025-11-11 56.29  2025-11-12 59.41  5.54 
BIRK       Birkenstock Holding PLC   72.26 Textiles, Apparel & Luxury Goods  2025-11-11 39.29  2025-11-12 41.43  5.45 
AFRM           Affirm Holdings Inc  248.03               Financial Services  2025-11-11 75.14  2025-11-12 78.95  5.07 
 CMG    Chipotle Mexican Grill Inc  394.17    Hotels, Restaurants & Leisure  2025-11-11 29.81  2025-11-12 31.32  5.07 
 DAL           Delta Air Lines Inc  377.02                         Airlines  2025-11-11 57.74  2025-11-12 60.48  4.75 
 CNH             CNH Industrial NV  126.39                        Machinery   2025-11-11 9.88  2025-11-12 10.33  4.55 
 BIO      Bio Rad Laboratories Inc   84.57   Life Sciences Tools & Services 2025-11-11 313.33 2025-11-12 327.28  4.45 
SNDK                  Sandisk Corp  398.01                       Technology 2025-11-11 271.58  2025-11-12 283.1  4.24 
 VFC                       VF Corp   55.72 Textiles, Apparel & Luxury Goods  2025-11-11 14.82  2025-11-12 15.44  4.18 
SOFI         SoFi Technologies Inc  373.23               Financial Services  2025-11-11 30.95  2025-11-12 32.21  4.07 
  AS               Amer Sports Inc  167.15 Textiles, Apparel & Luxury Goods  2025-11-11 30.18  2025-11-12 31.38  3.98 

=== 市值超过100亿的涨幅榜前20名股票 ===
股票代码              公司名称              市值(亿)                 板块                       昨天收盘              今天收盘       涨跌幅(%)
 AMD    Advanced Micro Devices Inc 3866.92                   Semiconductors 2025-11-11 237.52 2025-11-12 258.89  9.00 
  VG            Venture Global Inc  188.17                           Energy   2025-11-11 7.53   2025-11-12 8.13  7.97 
  AU         Anglogold Ashanti PLC  400.51                  Metals & Mining  2025-11-11 79.35  2025-11-12 85.13  7.28 
OKLO                      Oklo Inc  153.84                        Utilities 2025-11-11 104.22 2025-11-12 111.17  6.67 
TSEM       Tower Semiconductor Ltd  117.09                   Semiconductors  2025-11-11 99.78 2025-11-12 106.42  6.65 
 JEF Jefferies Financial Group Inc  116.12               Financial Services  2025-11-11 56.29  2025-11-12 59.41  5.54 
AFRM           Affirm Holdings Inc  248.03               Financial Services  2025-11-11 75.14  2025-11-12 78.95  5.07 
 CMG    Chipotle Mexican Grill Inc  394.17    Hotels, Restaurants & Leisure  2025-11-11 29.81  2025-11-12 31.32  5.07 
 DAL           Delta Air Lines Inc  377.02                         Airlines  2025-11-11 57.74  2025-11-12 60.48  4.75 
 CNH             CNH Industrial NV  126.39                        Machinery   2025-11-11 9.88  2025-11-12 10.33  4.55 
SNDK                  Sandisk Corp  398.01                       Technology 2025-11-11 271.58  2025-11-12 283.1  4.24 
SOFI         SoFi Technologies Inc  373.23               Financial Services  2025-11-11 30.95  2025-11-12 32.21  4.07 
  AS               Amer Sports Inc  167.15 Textiles, Apparel & Luxury Goods  2025-11-11 30.18  2025-11-12 31.38  3.98 
 ELV           Elevance Health Inc  700.61                      Health Care 2025-11-11 315.25 2025-11-12 327.63  3.93 
SNAP                      Snap Inc  150.62                            Media   2025-11-11 8.76   2025-11-12 9.09  3.77 
 NRG                NRG Energy Inc  312.07                        Utilities 2025-11-11 162.84 2025-11-12 168.84  3.68 
STLD            Steel Dynamics Inc  222.53                  Metals & Mining 2025-11-11 152.38 2025-11-12 157.85  3.59 
 UNH        UnitedHealth Group Inc 2966.17                      Health Care 2025-11-11 327.45 2025-11-12 339.06  3.55 
  GS       Goldman Sachs Group Inc 2430.35               Financial Services 2025-11-11 810.31 2025-11-12 838.97  3.54 
 ADI            Analog Devices Inc 1148.27                   Semiconductors 2025-11-11 233.41 2025-11-12 241.44  3.44 

=== 市值超过200亿的涨幅榜前20名股票 ===
股票代码              公司名称              市值(亿)                板块                     昨天收盘              今天收盘       涨跌幅(%)
 AMD    Advanced Micro Devices Inc 3866.92                Semiconductors 2025-11-11 237.52 2025-11-12 258.89  9.00 
  AU         Anglogold Ashanti PLC  400.51               Metals & Mining  2025-11-11 79.35  2025-11-12 85.13  7.28 
AFRM           Affirm Holdings Inc  248.03            Financial Services  2025-11-11 75.14  2025-11-12 78.95  5.07 
 CMG    Chipotle Mexican Grill Inc  394.17 Hotels, Restaurants & Leisure  2025-11-11 29.81  2025-11-12 31.32  5.07 
 DAL           Delta Air Lines Inc  377.02                      Airlines  2025-11-11 57.74  2025-11-12 60.48  4.75 
SNDK                  Sandisk Corp  398.01                    Technology 2025-11-11 271.58  2025-11-12 283.1  4.24 
SOFI         SoFi Technologies Inc  373.23            Financial Services  2025-11-11 30.95  2025-11-12 32.21  4.07 
 ELV           Elevance Health Inc  700.61                   Health Care 2025-11-11 315.25 2025-11-12 327.63  3.93 
 NRG                NRG Energy Inc  312.07                     Utilities 2025-11-11 162.84 2025-11-12 168.84  3.68 
STLD            Steel Dynamics Inc  222.53               Metals & Mining 2025-11-11 152.38 2025-11-12 157.85  3.59 
 UNH        UnitedHealth Group Inc 2966.17                   Health Care 2025-11-11 327.45 2025-11-12 339.06  3.55 
  GS       Goldman Sachs Group Inc 2430.35            Financial Services 2025-11-11 810.31 2025-11-12 838.97  3.54 
 ADI            Analog Devices Inc 1148.27                Semiconductors 2025-11-11 233.41 2025-11-12 241.44  3.44 
EXPE             Expedia Group Inc  325.10 Hotels, Restaurants & Leisure 2025-11-11 265.32 2025-11-12 273.65  3.14 
 NUE                    Nucor Corp  330.62               Metals & Mining 2025-11-11 144.04 2025-11-12 148.38  3.01 
 HPE Hewlett Packard Enterprise Co  302.02                    Technology  2025-11-11 22.89  2025-11-12 23.48  2.58 
IBKR Interactive Brokers Group Inc 1204.66            Financial Services  2025-11-11 70.87   2025-11-12 72.7  2.58 
DXCM                    Dexcom Inc  226.72                   Health Care  2025-11-11 58.13  2025-11-12 59.61  2.55 
 HCA            HCA Healthcare Inc 1054.96                   Health Care 2025-11-11 462.31 2025-11-12 473.61  2.44 
ULTA               Ulta Beauty Inc  234.43                        Retail 2025-11-11 522.83  2025-11-12 535.4  2.40 

=== 市值超过1000亿的涨跌榜前20名股票 ===
 股票代码                 公司名称                 市值(亿)                  板块                       昨天收盘              今天收盘       涨跌幅(%)
  AMD          Advanced Micro Devices Inc  3866.92                   Semiconductors 2025-11-11 237.52 2025-11-12 258.89  9.00 
  UNH              UnitedHealth Group Inc  2966.17                      Health Care 2025-11-11 327.45 2025-11-12 339.06  3.55 
   GS             Goldman Sachs Group Inc  2430.35               Financial Services 2025-11-11 810.31 2025-11-12 838.97  3.54 
  ADI                  Analog Devices Inc  1148.27                   Semiconductors 2025-11-11 233.41 2025-11-12 241.44  3.44 
 IBKR       Interactive Brokers Group Inc  1204.66               Financial Services  2025-11-11 70.87   2025-11-12 72.7  2.58 
  HCA                  HCA Healthcare Inc  1054.96                      Health Care 2025-11-11 462.31 2025-11-12 473.61  2.44 
  TXN               Texas Instruments Inc  1451.34                   Semiconductors 2025-11-11 159.73 2025-11-12 163.09  2.10 
    T                            AT&T Inc  1785.12                Telecommunication  2025-11-11 25.18  2025-11-12 25.65  1.87 
LVMHF LVMH Moet Hennessy Louis Vuitton SE  3146.08 Textiles, Apparel & Luxury Goods  2025-11-11 737.3  2025-11-12 750.5  1.79 
CMCSA                        Comcast Corp  1000.25                            Media  2025-11-11 27.45  2025-11-12 27.89  1.60 
   BN                     Brookfield Corp  1158.32               Financial Services  2025-11-11 46.16  2025-11-12 46.89  1.58 
 QCOM                        Qualcomm Inc  1863.33                   Semiconductors 2025-11-11 173.98 2025-11-12 176.67  1.55 
  ABT                 Abbott Laboratories  2208.37                      Health Care  2025-11-11 127.0 2025-11-12 128.82  1.43 
 LRCX                   Lam Research Corp  1999.35                   Semiconductors 2025-11-11 159.18 2025-11-12 161.42  1.41 
  KKR                        KKR & Co Inc  1081.75               Financial Services 2025-11-11 121.36 2025-11-12 123.07  1.41 
 SPOT               Spotify Technology SA  1297.28                            Media 2025-11-11 639.58 2025-11-12 647.87  1.30 
  TJX                   TJX Companies Inc  1626.67                           Retail 2025-11-11 146.16 2025-11-12 147.63  1.01 
 AVGO                        Broadcom Inc 16620.84                   Semiconductors 2025-11-11 351.96 2025-11-12 355.22  0.93 
  BAC                Bank of America Corp  3916.33                          Banking  2025-11-11 53.63  2025-11-12 54.11  0.90 
   CB                           Chubb Ltd  1150.82                        Insurance 2025-11-11 292.42 2025-11-12 294.93  0.86 
