
=== 涨幅榜前20名股票 ===
 股票代码                公司名称               市值(亿)               板块                    昨天收盘             今天收盘       涨跌幅(%)
 MLGO                     MicroAlgo Inc  0.11                    Technology  2025-02-20 1.15  2025-02-21 6.36 453.04
SLNAF            Selina Hospitality PLC  0.00 Hotels, Restaurants & Leisure   2025-02-20 0.0   2025-02-21 0.0 100.00
 BOXL                     Boxlight Corp  0.06                    Technology  2025-02-20 2.05   2025-02-21 3.1  51.22
 GDEV                          GDEV Inc  3.78                         Media 2025-02-20 14.26  2025-02-21 20.9  46.56
 IVVD                       Invivyd Inc  2.12                 Biotechnology  2025-02-20 1.21  2025-02-21 1.77  46.28
  UPC      Universe Pharmaceuticals Inc  0.02               Pharmaceuticals  2025-02-20 0.14   2025-02-21 0.2  40.84
NCNCF                     noco-noco Inc  0.00          Electrical Equipment   2025-02-20 0.0   2025-02-21 0.0  40.00
 HOLO           MicroCloud Hologram Inc  0.32                    Technology  2025-02-20 1.19  2025-02-21 1.57  31.93
 ORGS                     Orgenesis Inc  0.11                 Biotechnology  2025-02-20 1.66  2025-02-21 2.15  29.52
 TXMD                TherapeuticsMD Inc  0.15               Pharmaceuticals  2025-02-20 1.01   2025-02-21 1.3  28.71
 CELH              Celsius Holdings Inc 76.67                     Beverages 2025-02-20 25.53 2025-02-21 32.62  27.77
 NKGN                 NKGen Biotech Inc  0.26                 Biotechnology  2025-02-20 0.45  2025-02-21 0.57  27.12
 VICR                        Vicor Corp 28.74          Electrical Equipment 2025-02-20 51.86 2025-02-21 63.67  22.77
  SEI Solaris Energy Infrastructure Inc 24.50                        Energy 2025-02-20 29.34 2025-02-21 35.96  22.56
  EAF        GrafTech International Ltd  3.22          Electrical Equipment  2025-02-20 1.02  2025-02-21 1.25  22.55
 ZBAO             Zhibao Technology Inc  0.45                     Insurance  2025-02-20 1.28  2025-02-21 1.56  21.87
 SLRN                      ACELYRIN Inc  2.62                 Biotechnology  2025-02-20 2.17   2025-02-21 2.6  19.82
 ABVC                ABVC Biopharma Inc  0.09                 Biotechnology  2025-02-20 0.58   2025-02-21 0.7  19.59
 AVTX            Avalo Therapeutics Inc  0.88                 Biotechnology  2025-02-20 7.16  2025-02-21 8.44  17.88
 CAPT                   Captivision Inc  0.18                      Building  2025-02-20 0.48  2025-02-21 0.56  17.54

=== 市值超过20亿的涨幅榜前20名股票 ===
 股票代码                公司名称                 市值(亿)           板块                 昨天收盘               今天收盘       涨跌幅(%)
 CELH               Celsius Holdings Inc   76.67            Beverages   2025-02-20 25.53  2025-02-21 32.62 27.77 
 VICR                         Vicor Corp   28.74 Electrical Equipment   2025-02-20 51.86  2025-02-21 63.67 22.77 
  SEI  Solaris Energy Infrastructure Inc   24.50               Energy   2025-02-20 29.34  2025-02-21 35.96 22.56 
 VKTX            Viking Therapeutics Inc   37.97        Biotechnology   2025-02-20 31.63  2025-02-21 34.07  7.71 
 MELI                   MercadoLibre Inc 1145.76               Retail 2025-02-20 2110.47 2025-02-21 2260.0  7.09 
LBRDB             Liberty Broadband Corp  116.35                Media   2025-02-20 74.93   2025-02-21 80.0  6.77 
 OLED             Universal Display Corp   74.66       Semiconductors  2025-02-20 147.34  2025-02-21 157.3  6.76 
 AXSM            Axsome Therapeutics Inc   67.17      Pharmaceuticals   2025-02-20 129.1 2025-02-21 137.75  6.70 
  AGM Federal Agricultural Mortgage Corp   22.13   Financial Services  2025-02-20 195.67 2025-02-21 208.09  6.35 
 IRTC           iRhythm Technologies Inc   37.38          Health Care  2025-02-20 112.67 2025-02-21 119.44  6.01 
  ELF                     elf Beauty Inc   42.25    Consumer products   2025-02-20 71.11  2025-02-21 74.92  5.36 
 MRNA                        Moderna Inc  136.73        Biotechnology   2025-02-20 33.73  2025-02-21 35.53  5.34 
  YOU                   Clear Secure Inc   32.83           Technology   2025-02-20 22.39  2025-02-21 23.55  5.18 
 EXEL                       Exelixis Inc  103.14        Biotechnology   2025-02-20 35.09  2025-02-21 36.85  5.02 
BABAF          Alibaba Group Holding Ltd 2954.34               Retail   2025-02-20 17.15   2025-02-21 18.0  4.96 
 ALVO                        Alvotech SA   37.02        Biotechnology    2025-02-20 11.7  2025-02-21 12.28  4.96 
   MP                  MP Materials Corp   39.66      Metals & Mining   2025-02-20 23.18   2025-02-21 24.3  4.83 
 APLD               Applied Digital Corp   23.74           Technology   2025-02-20 10.18  2025-02-21 10.65  4.62 
 AGIO          Agios Pharmaceuticals Inc   20.18        Biotechnology   2025-02-20 33.75  2025-02-21 35.22  4.36 
 JJSF             J & J Snack Foods Corp   25.20        Food Products  2025-02-20 123.96 2025-02-21 129.29  4.30 

=== 市值超过50亿的涨幅榜前20名股票 ===
 股票代码               公司名称               市值(亿)          板块                昨天收盘               今天收盘       涨跌幅(%)
 CELH            Celsius Holdings Inc   76.67          Beverages   2025-02-20 25.53  2025-02-21 32.62 27.77 
 MELI                MercadoLibre Inc 1145.76             Retail 2025-02-20 2110.47 2025-02-21 2260.0  7.09 
LBRDB          Liberty Broadband Corp  116.35              Media   2025-02-20 74.93   2025-02-21 80.0  6.77 
 OLED          Universal Display Corp   74.66     Semiconductors  2025-02-20 147.34  2025-02-21 157.3  6.76 
 AXSM         Axsome Therapeutics Inc   67.17    Pharmaceuticals   2025-02-20 129.1 2025-02-21 137.75  6.70 
 MRNA                     Moderna Inc  136.73      Biotechnology   2025-02-20 33.73  2025-02-21 35.53  5.34 
 EXEL                    Exelixis Inc  103.14      Biotechnology   2025-02-20 35.09  2025-02-21 36.85  5.02 
BABAF       Alibaba Group Holding Ltd 2954.34             Retail   2025-02-20 17.15   2025-02-21 18.0  4.96 
 KVUE                      Kenvue Inc  447.10  Consumer products   2025-02-20 22.39  2025-02-21 23.32  4.15 
  RKT            Rocket Companies Inc  264.30 Financial Services   2025-02-20 12.73  2025-02-21 13.25  4.08 
  HSY                      Hershey Co  349.89      Food Products   2025-02-20 166.1 2025-02-21 172.86  4.07 
 MDLZ      Mondelez International Inc  836.52      Food Products   2025-02-20 62.17  2025-02-21 64.67  4.02 
 NBIX      Neurocrine Biosciences Inc  120.33      Biotechnology  2025-02-20 116.11 2025-02-21 120.69  3.94 
  CAG              Conagra Brands Inc  123.10      Food Products   2025-02-20 24.84  2025-02-21 25.79  3.82 
  ADM       Archer-Daniels-Midland Co  230.61      Food Products   2025-02-20 46.55  2025-02-21 48.19  3.52 
 MNST           Monster Beverage Corp  515.44          Beverages   2025-02-20 51.21   2025-02-21 53.0  3.50 
  FNF Fidelity National Financial Inc  162.71          Insurance   2025-02-20 57.57  2025-02-21 59.46  3.28 
  KHC                  Kraft Heinz Co  372.00      Food Products   2025-02-20 30.16  2025-02-21 31.13  3.22 
  CPB                   Campbell's Co  121.00      Food Products   2025-02-20 39.34  2025-02-21 40.59  3.18 
  GIS               General Mills Inc  336.25      Food Products   2025-02-20 59.19   2025-02-21 61.0  3.06 

=== 市值超过100亿的涨幅榜前20名股票 ===
 股票代码               公司名称               市值(亿)          板块                昨天收盘               今天收盘       涨跌幅(%)
 MELI                MercadoLibre Inc 1145.76             Retail 2025-02-20 2110.47 2025-02-21 2260.0  7.09 
LBRDB          Liberty Broadband Corp  116.35              Media   2025-02-20 74.93   2025-02-21 80.0  6.77 
 MRNA                     Moderna Inc  136.73      Biotechnology   2025-02-20 33.73  2025-02-21 35.53  5.34 
 EXEL                    Exelixis Inc  103.14      Biotechnology   2025-02-20 35.09  2025-02-21 36.85  5.02 
BABAF       Alibaba Group Holding Ltd 2954.34             Retail   2025-02-20 17.15   2025-02-21 18.0  4.96 
 KVUE                      Kenvue Inc  447.10  Consumer products   2025-02-20 22.39  2025-02-21 23.32  4.15 
  RKT            Rocket Companies Inc  264.30 Financial Services   2025-02-20 12.73  2025-02-21 13.25  4.08 
  HSY                      Hershey Co  349.89      Food Products   2025-02-20 166.1 2025-02-21 172.86  4.07 
 MDLZ      Mondelez International Inc  836.52      Food Products   2025-02-20 62.17  2025-02-21 64.67  4.02 
 NBIX      Neurocrine Biosciences Inc  120.33      Biotechnology  2025-02-20 116.11 2025-02-21 120.69  3.94 
  CAG              Conagra Brands Inc  123.10      Food Products   2025-02-20 24.84  2025-02-21 25.79  3.82 
  ADM       Archer-Daniels-Midland Co  230.61      Food Products   2025-02-20 46.55  2025-02-21 48.19  3.52 
 MNST           Monster Beverage Corp  515.44          Beverages   2025-02-20 51.21   2025-02-21 53.0  3.50 
  FNF Fidelity National Financial Inc  162.71          Insurance   2025-02-20 57.57  2025-02-21 59.46  3.28 
  KHC                  Kraft Heinz Co  372.00      Food Products   2025-02-20 30.16  2025-02-21 31.13  3.22 
  CPB                   Campbell's Co  121.00      Food Products   2025-02-20 39.34  2025-02-21 40.59  3.18 
  GIS               General Mills Inc  336.25      Food Products   2025-02-20 59.19   2025-02-21 61.0  3.06 
  PEP                     PepsiCo Inc 2105.25          Beverages   2025-02-20 149.1  2025-02-21 153.5  2.95 
  SYY                      Sysco Corp  358.21             Retail   2025-02-20 71.22  2025-02-21 73.22  2.81 
  HRL               Hormel Foods Corp  162.78      Food Products   2025-02-20 28.85  2025-02-21 29.65  2.77 

=== 市值超过200亿的涨幅榜前20名股票 ===
 股票代码            公司名称             市值(亿)           板块                昨天收盘               今天收盘       涨跌幅(%)
 MELI           MercadoLibre Inc 1145.76              Retail 2025-02-20 2110.47 2025-02-21 2260.0  7.09 
BABAF  Alibaba Group Holding Ltd 2954.34              Retail   2025-02-20 17.15   2025-02-21 18.0  4.96 
 KVUE                 Kenvue Inc  447.10   Consumer products   2025-02-20 22.39  2025-02-21 23.32  4.15 
  RKT       Rocket Companies Inc  264.30  Financial Services   2025-02-20 12.73  2025-02-21 13.25  4.08 
  HSY                 Hershey Co  349.89       Food Products   2025-02-20 166.1 2025-02-21 172.86  4.07 
 MDLZ Mondelez International Inc  836.52       Food Products   2025-02-20 62.17  2025-02-21 64.67  4.02 
  ADM  Archer-Daniels-Midland Co  230.61       Food Products   2025-02-20 46.55  2025-02-21 48.19  3.52 
 MNST      Monster Beverage Corp  515.44           Beverages   2025-02-20 51.21   2025-02-21 53.0  3.50 
  KHC             Kraft Heinz Co  372.00       Food Products   2025-02-20 30.16  2025-02-21 31.13  3.22 
  GIS          General Mills Inc  336.25       Food Products   2025-02-20 59.19   2025-02-21 61.0  3.06 
  PEP                PepsiCo Inc 2105.25           Beverages   2025-02-20 149.1  2025-02-21 153.5  2.95 
  SYY                 Sysco Corp  358.21              Retail   2025-02-20 71.22  2025-02-21 73.22  2.81 
  KDP       Keurig Dr Pepper Inc  461.74           Beverages   2025-02-20 33.14  2025-02-21 34.04  2.72 
   ED    Consolidated Edison Inc  340.43           Utilities   2025-02-20 95.76  2025-02-21 98.26  2.61 
 BIIB                 Biogen Inc  205.86       Biotechnology  2025-02-20 137.08 2025-02-21 140.64  2.60 
LRLCF                 L'Oreal SA 1795.30   Consumer products  2025-02-20 350.65 2025-02-21 359.54  2.54 
  MDT              Medtronic PLC 1153.29         Health Care   2025-02-20 87.94  2025-02-21 89.94  2.27 
  TSN            Tyson Foods Inc  211.09       Food Products   2025-02-20 59.11  2025-02-21 60.45  2.27 
  NOC      Northrop Grumman Corp  648.45 Aerospace & Defense  2025-02-20 438.11 2025-02-21 447.96  2.25 
   FE           FirstEnergy Corp  243.72           Utilities   2025-02-20 41.38  2025-02-21 42.29  2.20 

=== 市值超过1000亿的涨跌榜前20名股票 ===
 股票代码               公司名称               市值(亿)                板块                      昨天收盘               今天收盘       涨跌幅(%)
 MELI                MercadoLibre Inc 1145.76                         Retail 2025-02-20 2110.47 2025-02-21 2260.0  7.09 
BABAF       Alibaba Group Holding Ltd 2954.34                         Retail   2025-02-20 17.15   2025-02-21 18.0  4.96 
  PEP                     PepsiCo Inc 2105.25                      Beverages   2025-02-20 149.1  2025-02-21 153.5  2.95 
LRLCF                      L'Oreal SA 1795.30              Consumer products  2025-02-20 350.65 2025-02-21 359.54  2.54 
  MDT                   Medtronic PLC 1153.29                    Health Care   2025-02-20 87.94  2025-02-21 89.94  2.27 
  MRK                  Merck & Co Inc 2264.02                Pharmaceuticals   2025-02-20 87.68   2025-02-21 89.5  2.08 
  NEE              Nextera Energy Inc 1472.42                      Utilities   2025-02-20 70.14  2025-02-21 71.58  2.05 
   PM Philip Morris International Inc 2400.70                        Tobacco  2025-02-20 151.57  2025-02-21 154.4  1.87 
   KO                    Coca-Cola Co 3073.61                      Beverages   2025-02-20 70.04  2025-02-21 71.35  1.87 
   PG             Procter & Gamble Co 3991.64              Consumer products  2025-02-20 167.21 2025-02-21 170.23  1.81 
    T                        AT&T Inc 1910.83              Telecommunication   2025-02-20 26.15  2025-02-21 26.62  1.80 
 AMGN                       Amgen Inc 1627.78                  Biotechnology  2025-02-20 297.93 2025-02-21 303.01  1.71 
  JNJ               Johnson & Johnson 3907.56                Pharmaceuticals  2025-02-20 159.68  2025-02-21 162.3  1.64 
  PFE                      Pfizer Inc 1490.42                Pharmaceuticals    2025-02-20 25.9   2025-02-21 26.3  1.54 
  ABT             Abbott Laboratories 2340.13                    Health Care  2025-02-20 133.17 2025-02-21 134.92  1.31 
ESLOF             EssilorLuxottica SA 1334.69                    Health Care  2025-02-20 306.32  2025-02-21 310.0  1.20 
  DHR                    Danaher Corp 1518.44 Life Sciences Tools & Services  2025-02-20 207.95 2025-02-21 210.23  1.10 
  LMT            Lockheed Martin Corp 1037.39            Aerospace & Defense  2025-02-20 436.29 2025-02-21 440.72  1.02 
 VRTX      Vertex Pharmaceuticals Inc 1243.48                  Biotechnology  2025-02-20 480.33 2025-02-21 484.24  0.81 
   VZ      Verizon Communications Inc 1800.07              Telecommunication   2025-02-20 42.49  2025-02-21 42.76  0.64 
