
=== 涨幅榜前20名股票 ===
股票代码              公司名称             市值(亿)               板块                     昨天收盘             今天收盘      涨跌幅(%)
RSLS      ReShape Lifesciences Inc  0.01                    Health Care  2025-03-31 0.36 2025-04-01 1.59 340.44
BIAF  bioAffinity Technologies Inc  0.04                  Biotechnology  2025-03-31 0.26 2025-04-01 1.09 319.23
ICCT              iCoreConnect Inc  0.01                    Health Care  2025-03-31 2.24 2025-04-01 4.72 110.71
SATX    Satixfy Communications Ltd  1.02                 Communications   2025-03-31 1.2 2025-04-01 1.97  64.17
NUTX              Nutex Health Inc  2.56                    Health Care 2025-03-31 47.03 2025-04-01 71.4  51.82
TCRT      Alaunos Therapeutics Inc  0.02                  Biotechnology  2025-03-31 1.47 2025-04-01 2.16  46.94
YCBD                     cbdMD Inc  0.02                Pharmaceuticals  2025-03-31 0.23 2025-04-01 0.33  44.78
SONM        Sonim Technologies Inc  0.13                     Technology  2025-03-31 2.14 2025-04-01 2.96  38.32
 LSE Leishen Energy Holding Co Ltd  0.76                         Energy  2025-03-31 4.48 2025-04-01 5.95  32.81
MVST        Microvast Holdings Inc  3.79                      Machinery  2025-03-31 1.17 2025-04-01 1.55  32.48
VERU                      Veru Inc  0.72                Pharmaceuticals  2025-03-31 0.49 2025-04-01 0.64  30.57
DGLY              Digital Ally Inc  0.02           Electrical Equipment  2025-03-31 0.02 2025-04-01 0.03  30.00
 NXU                       NXU Inc  1.35                         Retail  2025-03-31 2.67 2025-04-01 3.46  29.59
  EQ                 Equillium Inc  0.14                  Biotechnology  2025-03-31 0.39  2025-04-01 0.5  29.18
GCTK                GlucoTrack Inc  0.02                    Health Care  2025-03-31 0.17 2025-04-01 0.22  28.57
CSAI           Cloudastructure Inc  0.69                     Technology  2025-03-31 4.44  2025-04-01 5.7  28.38
PTIX   Protagenic Therapeutics Inc  0.01                  Biotechnology  2025-03-31 0.19 2025-04-01 0.25  28.21
NRGV     Energy Vault Holdings Inc  1.06           Electrical Equipment  2025-03-31 0.69 2025-04-01 0.88  26.98
LNZA          Lanzatech Global Inc  0.48 Commercial Services & Supplies  2025-03-31 0.24 2025-04-01 0.31  26.36
TNFA       TNF Pharmaceuticals Inc  0.01                Pharmaceuticals  2025-03-31 0.35 2025-04-01 0.44  26.26

=== 市值超过20亿的涨幅榜前20名股票 ===
股票代码              公司名称             市值(亿)                 板块                       昨天收盘              今天收盘       涨跌幅(%)
 PVH                      PVH Corp  35.96 Textiles, Apparel & Luxury Goods  2025-03-31 64.64  2025-04-01 76.43 18.24 
PRGS        Progress Software Corp  22.16                       Technology  2025-03-31 51.51  2025-04-01 57.76 12.13 
CORZ           Core Scientific Inc  21.29                       Technology   2025-03-31 7.24    2025-04-01 8.0 10.50 
 RUM                    Rumble Inc  30.70                            Media   2025-03-31 7.07    2025-04-01 7.7  8.91 
  BE             Bloom Energy Corp  45.32             Electrical Equipment  2025-03-31 19.66  2025-04-01 21.24  8.04 
MNDY                Monday.Com Ltd 123.46                       Technology 2025-03-31 243.16 2025-04-01 262.18  7.82 
NBIS               Nebius Group NV  49.70                       Technology  2025-03-31 21.11  2025-04-01 22.69  7.48 
 APP                 Applovin Corp 900.79                       Technology 2025-03-31 264.97  2025-04-01 282.7  6.69 
RIVN         Rivian Automotive Inc 140.77                      Automobiles  2025-03-31 12.45  2025-04-01 13.28  6.67 
  OS                 OneStream Inc  50.94                       Technology  2025-03-31 21.34  2025-04-01 22.68  6.28 
MSTR             Microstrategy Inc 750.82                       Technology 2025-03-31 288.27 2025-04-01 306.02  6.16 
RIOT            Riot Platforms Inc  24.93                       Technology   2025-03-31 7.12   2025-04-01 7.54  5.90 
DGNX                   Diginex Ltd  20.40                       Technology   2025-03-31 88.7   2025-04-01 93.9  5.86 
DUOL                  Duolingo Inc 140.50    Diversified Consumer Services 2025-03-31 310.54 2025-04-01 327.38  5.42 
HIMS        Hims & Hers Health Inc  65.65                      Health Care  2025-03-31 29.55  2025-04-01 31.05  5.08 
 AEO American Eagle Outfitters Inc  20.05                           Retail  2025-03-31 11.62  2025-04-01 12.21  5.08 
ASAN                     Asana Inc  33.96                       Technology  2025-03-31 14.57  2025-04-01 15.31  5.08 
LEVI             Levi Strauss & Co  61.72 Textiles, Apparel & Luxury Goods  2025-03-31 15.59  2025-04-01 16.38  5.07 
IONQ                      IONQ Inc  49.18                       Technology  2025-03-31 22.07  2025-04-01 23.19  5.07 
RDDT                    Reddit Inc 189.77                            Media  2025-03-31 104.9 2025-04-01 110.05  4.91 

=== 市值超过50亿的涨幅榜前20名股票 ===
股票代码              公司名称             市值(亿)                 板块                       昨天收盘              今天收盘       涨跌幅(%)
MNDY                Monday.Com Ltd 123.46                       Technology 2025-03-31 243.16 2025-04-01 262.18  7.82 
 APP                 Applovin Corp 900.79                       Technology 2025-03-31 264.97  2025-04-01 282.7  6.69 
RIVN         Rivian Automotive Inc 140.77                      Automobiles  2025-03-31 12.45  2025-04-01 13.28  6.67 
  OS                 OneStream Inc  50.94                       Technology  2025-03-31 21.34  2025-04-01 22.68  6.28 
MSTR             Microstrategy Inc 750.82                       Technology 2025-03-31 288.27 2025-04-01 306.02  6.16 
DUOL                  Duolingo Inc 140.50    Diversified Consumer Services 2025-03-31 310.54 2025-04-01 327.38  5.42 
HIMS        Hims & Hers Health Inc  65.65                      Health Care  2025-03-31 29.55  2025-04-01 31.05  5.08 
LEVI             Levi Strauss & Co  61.72 Textiles, Apparel & Luxury Goods  2025-03-31 15.59  2025-04-01 16.38  5.07 
RDDT                    Reddit Inc 189.77                            Media  2025-03-31 104.9 2025-04-01 110.05  4.91 
 QXO                       QXO Inc  55.44                       Technology  2025-03-31 13.54  2025-04-01 14.18  4.73 
RBLX                   Roblox Corp 388.97                            Media  2025-03-31 58.29  2025-04-01 60.99  4.63 
COOP           Mr Cooper Group Inc  76.06               Financial Services  2025-03-31 119.6 2025-04-01 125.08  4.58 
LCID               Lucid Group Inc  73.36                      Automobiles   2025-03-31 2.42   2025-04-01 2.53  4.55 
IBKR Interactive Brokers Group Inc 699.74               Financial Services 2025-03-31 165.59 2025-04-01 173.08  4.52 
 RKT          Rocket Companies Inc 240.97               Financial Services  2025-03-31 12.07   2025-04-01 12.6  4.39 
 TTD                Trade Desk Inc 271.46                            Media  2025-03-31 54.72   2025-04-01 57.1  4.35 
 VRT            Vertiv Holdings Co 274.92             Electrical Equipment   2025-03-31 72.2  2025-04-01 75.27  4.25 
 VST                   Vistra Corp 399.48                        Utilities 2025-03-31 117.44 2025-04-01 122.24  4.09 
ALAB               Astera Labs Inc  96.76                   Semiconductors  2025-03-31 59.67  2025-04-01 62.01  3.92 
 TLN             Talen Energy Corp  90.87                        Utilities 2025-03-31 199.67 2025-04-01 207.44  3.89 

=== 市值超过100亿的涨幅榜前20名股票 ===
股票代码              公司名称              市值(亿)                 板块                       昨天收盘              今天收盘       涨跌幅(%)
MNDY                Monday.Com Ltd  123.46                       Technology 2025-03-31 243.16 2025-04-01 262.18  7.82 
 APP                 Applovin Corp  900.79                       Technology 2025-03-31 264.97  2025-04-01 282.7  6.69 
RIVN         Rivian Automotive Inc  140.77                      Automobiles  2025-03-31 12.45  2025-04-01 13.28  6.67 
MSTR             Microstrategy Inc  750.82                       Technology 2025-03-31 288.27 2025-04-01 306.02  6.16 
DUOL                  Duolingo Inc  140.50    Diversified Consumer Services 2025-03-31 310.54 2025-04-01 327.38  5.42 
RDDT                    Reddit Inc  189.77                            Media  2025-03-31 104.9 2025-04-01 110.05  4.91 
RBLX                   Roblox Corp  388.97                            Media  2025-03-31 58.29  2025-04-01 60.99  4.63 
IBKR Interactive Brokers Group Inc  699.74               Financial Services 2025-03-31 165.59 2025-04-01 173.08  4.52 
 RKT          Rocket Companies Inc  240.97               Financial Services  2025-03-31 12.07   2025-04-01 12.6  4.39 
 TTD                Trade Desk Inc  271.46                            Media  2025-03-31 54.72   2025-04-01 57.1  4.35 
 VRT            Vertiv Holdings Co  274.92             Electrical Equipment   2025-03-31 72.2  2025-04-01 75.27  4.25 
 VST                   Vistra Corp  399.48                        Utilities 2025-03-31 117.44 2025-04-01 122.24  4.09 
  RL             Ralph Lauren Corp  136.38 Textiles, Apparel & Luxury Goods 2025-03-31 220.74 2025-04-01 228.92  3.71 
TSLA                     Tesla Inc 8335.93                      Automobiles 2025-03-31 259.16 2025-04-01 268.46  3.59 
 TPR                  Tapestry Inc  145.76 Textiles, Apparel & Luxury Goods  2025-03-31 70.41  2025-04-01 72.89  3.52 
 RBC              RBC Bearings Inc  101.18                        Machinery 2025-03-31 321.77 2025-04-01 332.93  3.47 
 BAP                 Credicorp Ltd  148.06                          Banking 2025-03-31 186.16 2025-04-01 192.54  3.43 
 SYM                  Symbotic Inc  118.91                        Machinery  2025-03-31 20.21   2025-04-01 20.9  3.41 
 GEV                GE Vernova Inc  842.27             Electrical Equipment 2025-03-31 305.28 2025-04-01 315.64  3.39 
TOST                     Toast Inc  190.73               Financial Services  2025-03-31 33.17  2025-04-01 34.26  3.29 

=== 市值超过200亿的涨幅榜前20名股票 ===
股票代码               公司名称               市值(亿)                板块                     昨天收盘              今天收盘       涨跌幅(%)
 APP                   Applovin Corp  900.79                    Technology 2025-03-31 264.97  2025-04-01 282.7  6.69 
MSTR               Microstrategy Inc  750.82                    Technology 2025-03-31 288.27 2025-04-01 306.02  6.16 
RBLX                     Roblox Corp  388.97                         Media  2025-03-31 58.29  2025-04-01 60.99  4.63 
IBKR   Interactive Brokers Group Inc  699.74            Financial Services 2025-03-31 165.59 2025-04-01 173.08  4.52 
 RKT            Rocket Companies Inc  240.97            Financial Services  2025-03-31 12.07   2025-04-01 12.6  4.39 
 TTD                  Trade Desk Inc  271.46                         Media  2025-03-31 54.72   2025-04-01 57.1  4.35 
 VRT              Vertiv Holdings Co  274.92          Electrical Equipment   2025-03-31 72.2  2025-04-01 75.27  4.25 
 VST                     Vistra Corp  399.48                     Utilities 2025-03-31 117.44 2025-04-01 122.24  4.09 
TSLA                       Tesla Inc 8335.93                   Automobiles 2025-03-31 259.16 2025-04-01 268.46  3.59 
 GEV                  GE Vernova Inc  842.27          Electrical Equipment 2025-03-31 305.28 2025-04-01 315.64  3.39 
 CMG      Chipotle Mexican Grill Inc  680.51 Hotels, Restaurants & Leisure  2025-03-31 50.21  2025-04-01 51.67  2.91 
AXON             Axon Enterprise Inc  403.00           Aerospace & Defense 2025-03-31 525.95  2025-04-01 541.2  2.90 
  EL      Estee Lauder Companies Inc  237.41             Consumer products   2025-03-31 66.0  2025-04-01 67.87  2.83 
 NET                  Cloudflare Inc  388.86                    Technology 2025-03-31 112.69 2025-04-01 115.66  2.64 
 CEG       Constellation Energy Corp  631.73                     Utilities 2025-03-31 201.63 2025-04-01 206.94  2.63 
SMCI        Super Micro Computer Inc  203.21                    Technology  2025-03-31 34.24  2025-04-01 35.05  2.37 
LPLA      LPL Financial Holdings Inc  243.99            Financial Services 2025-03-31 327.14 2025-04-01 334.82  2.35 
SHOP                     Shopify Inc 1236.29                    Technology  2025-03-31 95.48  2025-04-01 97.64  2.26 
 KDP            Keurig Dr Pepper Inc  464.28                     Beverages  2025-03-31 34.22  2025-04-01 34.97  2.19 
 BAM BROOKFIELD ASSET MANAGEMENT LTD  793.28            Financial Services  2025-03-31 48.45   2025-04-01 49.5  2.17 

=== 市值超过1000亿的涨跌榜前20名股票 ===
 股票代码             公司名称             市值(亿)                 板块                     昨天收盘               今天收盘        涨跌幅(%)
 TSLA                   Tesla Inc  8335.93                   Automobiles  2025-03-31 259.16  2025-04-01 268.46  3.59 
 SHOP                 Shopify Inc  1236.29                    Technology   2025-03-31 95.48   2025-04-01 97.64  2.26 
   BX              Blackstone Inc  1703.44            Financial Services  2025-03-31 139.78   2025-04-01 142.8  2.16 
   DE                  Deere & Co  1273.88                     Machinery  2025-03-31 469.35  2025-04-01 478.45  1.94 
  KKR                KKR & Co Inc  1026.91            Financial Services  2025-03-31 115.61  2025-04-01 117.84  1.93 
   GE         General Electric Co  2148.19           Aerospace & Defense  2025-03-31 200.15  2025-04-01 203.79  1.82 
 MSFT              Microsoft Corp 27906.42                    Technology  2025-03-31 375.39  2025-04-01 382.19  1.81 
  ETN       Eaton Corporation PLC  1064.95          Electrical Equipment  2025-03-31 271.83   2025-04-01 276.7  1.79 
 BKNG        Booking Holdings Inc  1511.77 Hotels, Restaurants & Leisure 2025-03-31 4606.91 2025-04-01 4685.75  1.71 
 GOOG                Alphabet Inc 18945.91                         Media  2025-03-31 156.23  2025-04-01 158.88  1.70 
 META          Meta Platforms Inc 14603.00                         Media  2025-03-31 576.36   2025-04-01 586.0  1.67 
 NVDA                 NVIDIA Corp 26444.72                Semiconductors  2025-03-31 108.38  2025-04-01 110.15  1.63 
GOOGL                Alphabet Inc 18945.91                         Media  2025-03-31 154.64  2025-04-01 157.07  1.57 
 ORCL                 Oracle Corp  3920.60                    Technology  2025-03-31 139.81  2025-04-01 141.94  1.52 
 AMZN              Amazon.com Inc 20163.24                        Retail  2025-03-31 190.26  2025-04-01 192.17  1.00 
 COST       Costco Wholesale Corp  4196.27                        Retail  2025-03-31 945.78   2025-04-01 954.4  0.91 
  HON Honeywell International Inc  1373.77      Industrial Conglomerates  2025-03-31 211.75  2025-04-01 213.45  0.80 
  TJX           TJX Companies Inc  1369.22                        Retail   2025-03-31 121.8  2025-04-01 122.72  0.76 
  CVX                Chevron Corp  2927.10                        Energy  2025-03-31 167.29  2025-04-01 168.51  0.73 
    T                    AT&T Inc  2029.99             Telecommunication   2025-03-31 28.28   2025-04-01 28.48  0.71 
