
=== 涨幅榜前20名股票 ===
股票代码                  公司名称                 市值(亿)         板块               昨天收盘             今天收盘       涨跌幅(%)
PSTV                 Plus Therapeutics Inc  0.02      Biotechnology  2025-03-05 0.35  2025-03-06 1.44 311.43
AGMH                AGM Group Holdings Inc  0.03 Financial Services   2025-03-05 0.1  2025-03-06 0.22 110.78
GORO                    Gold Resource Corp  0.42    Metals & Mining  2025-03-05 0.44   2025-03-06 0.6  36.36
TNXP    Tonix Pharmaceuticals Holding Corp  0.61      Biotechnology 2025-03-05 10.96 2025-03-06 14.63  33.49
 MYE                  Myers Industries Inc  3.63          Packaging  2025-03-05 9.74 2025-03-06 12.48  28.13
ALCE             Alternus Clean Energy Inc  0.00          Utilities  2025-03-05 0.03  2025-03-06 0.04  26.56
ALXO             ALX Oncology Holdings Inc  0.55      Biotechnology  2025-03-05 1.04  2025-03-06 1.31  25.96
ICCT                      iCoreConnect Inc  0.01        Health Care  2025-03-05 0.64  2025-03-06 0.79  23.85
IHRT                       iHeartMedia Inc  1.90              Media  2025-03-05 1.51  2025-03-06 1.86  23.18
TREE                       Lendingtree Inc  5.38 Financial Services 2025-03-05 40.27 2025-03-06 49.34  22.52
 RTC                   Baijiayun Group Ltd  0.09         Technology  2025-03-05 0.35  2025-03-06 0.43  22.29
NVOS          Novo Integrated Sciences Inc  0.01        Health Care  2025-03-05 0.05  2025-03-06 0.06  21.22
 SUP Superior Industries International Inc  0.48    Auto Components  2025-03-05 1.67  2025-03-06 2.02  20.96
 SAG                      SAG Holdings Ltd  0.06       Distributors  2025-03-05 0.64  2025-03-06 0.77  20.81
 SST                           System1 Inc  0.43              Media  2025-03-05 0.47  2025-03-06 0.56  19.17
YYAI       Connexa Sports Technologies Inc  0.11   Leisure Products  2025-03-05 0.82  2025-03-06 0.96  17.22
ANRO                 Alto Neuroscience Inc  0.91    Pharmaceuticals  2025-03-05 3.38  2025-03-06 3.95  16.86
 MFI              mF International Limited  0.08 Financial Services  2025-03-05 0.62  2025-03-06 0.72  16.16
VSTM                          Verastem Inc  2.67      Biotechnology   2025-03-05 6.0  2025-03-06 6.96  16.00
CRMT                America's CAR-MART Inc  3.17             Retail 2025-03-05 38.36 2025-03-06 44.47  15.93

=== 市值超过20亿的涨幅榜前20名股票 ===
股票代码                 公司名称                 市值(亿)                 板块                       昨天收盘              今天收盘       涨跌幅(%)
  BJ     BJ's Wholesale Club Holdings Inc 132.21                           Retail 2025-03-05 100.09 2025-03-06 112.33 12.23 
 PII                          Polaris Inc  23.13                 Leisure Products  2025-03-05 41.23  2025-03-06 44.97  9.07 
BURL                Burlington Stores Inc 150.42                           Retail 2025-03-05 236.95 2025-03-06 257.65  8.74 
STVN                  Stevanato Group SpA  51.97   Life Sciences Tools & Services  2025-03-05 19.06   2025-03-06 20.7  8.60 
VEEV                    Veeva Systems Inc 357.07                      Health Care 2025-03-05 219.94 2025-03-06 236.14  7.37 
 THO                  Thor Industries Inc  43.32                      Automobiles   2025-03-05 81.4  2025-03-06 86.43  6.18 
 CNH                    CNH Industrial NV 149.76                        Machinery   2025-03-05 12.0  2025-03-06 12.71  5.92 
 MAN                    ManpowerGroup Inc  27.37            Professional Services  2025-03-05 58.61  2025-03-06 62.02  5.82 
ALGM             Allegro Microsystems Inc  49.31                   Semiconductors  2025-03-05 26.78  2025-03-06 28.31  5.71 
AGCO                            AGCO Corp  68.30                        Machinery  2025-03-05 91.58  2025-03-06 96.75  5.65 
MKTX             Marketaxess Holdings Inc  73.82               Financial Services 2025-03-05 195.85 2025-03-06 206.15  5.26 
 ADM            Archer-Daniels-Midland Co 219.71                    Food Products   2025-03-05 45.8  2025-03-06 48.06  4.93 
 PBF                       PBF Energy Inc  23.13                           Energy  2025-03-05 20.06  2025-03-06 21.01  4.74 
ASGN                             ASGN Inc  28.53                       Technology  2025-03-05 65.44  2025-03-06 68.48  4.65 
 VFS                     VinFast Auto Ltd  75.77                      Automobiles   2025-03-05 3.24   2025-03-06 3.39  4.63 
NEOG                          Neogen Corp  20.70                      Health Care   2025-03-05 9.54   2025-03-06 9.98  4.61 
FAST                          Fastenal Co 427.16 Trading Companies & Distributors  2025-03-05 74.49  2025-03-06 77.85  4.51 
 ZIM ZIM Integrated Shipping Services Ltd  25.24                           Marine  2025-03-05 18.92  2025-03-06 19.77  4.49 
TIGO   Millicom International Cellular SA  46.28                Telecommunication  2025-03-05 27.03  2025-03-06 28.21  4.37 
BEAM                Beam Therapeutics Inc  21.85                    Biotechnology  2025-03-05 26.11  2025-03-06 27.25  4.37 

=== 市值超过50亿的涨幅榜前20名股票 ===
股票代码               公司名称               市值(亿)                 板块                       昨天收盘              今天收盘       涨跌幅(%)
  BJ BJ's Wholesale Club Holdings Inc 132.21                           Retail 2025-03-05 100.09 2025-03-06 112.33 12.23 
BURL            Burlington Stores Inc 150.42                           Retail 2025-03-05 236.95 2025-03-06 257.65  8.74 
STVN              Stevanato Group SpA  51.97   Life Sciences Tools & Services  2025-03-05 19.06   2025-03-06 20.7  8.60 
VEEV                Veeva Systems Inc 357.07                      Health Care 2025-03-05 219.94 2025-03-06 236.14  7.37 
 CNH                CNH Industrial NV 149.76                        Machinery   2025-03-05 12.0  2025-03-06 12.71  5.92 
AGCO                        AGCO Corp  68.30                        Machinery  2025-03-05 91.58  2025-03-06 96.75  5.65 
MKTX         Marketaxess Holdings Inc  73.82               Financial Services 2025-03-05 195.85 2025-03-06 206.15  5.26 
 ADM        Archer-Daniels-Midland Co 219.71                    Food Products   2025-03-05 45.8  2025-03-06 48.06  4.93 
 VFS                 VinFast Auto Ltd  75.77                      Automobiles   2025-03-05 3.24   2025-03-06 3.39  4.63 
FAST                      Fastenal Co 427.16 Trading Companies & Distributors  2025-03-05 74.49  2025-03-06 77.85  4.51 
  BG                  Bunge Global SA  96.07                    Food Products  2025-03-05 71.71  2025-03-06 74.65  4.10 
 BBY                  Best Buy Co Inc 161.48                           Retail  2025-03-05 75.53   2025-03-06 78.6  4.06 
 MOH            Molina Healthcare Inc 173.10                      Health Care 2025-03-05 311.89 2025-03-06 323.83  3.83 
PCAR                       Paccar Inc 540.39                        Machinery 2025-03-05 102.97 2025-03-06 106.89  3.81 
POOL                        Pool Corp 129.42                     Distributors 2025-03-05 343.92 2025-03-06 357.03  3.81 
 DHI                    DR Horton Inc 407.67                Consumer products 2025-03-05 129.37 2025-03-06 133.96  3.55 
 VLO               Valero Energy Corp 383.52                           Energy 2025-03-05 121.76  2025-03-06 126.0  3.48 
  DG              Dollar General Corp 162.09                           Retail   2025-03-05 73.7  2025-03-06 76.24  3.45 
QGEN                        Qiagen NV  83.92   Life Sciences Tools & Services  2025-03-05 38.55  2025-03-06 39.88  3.45 
LSTR              Landstar System Inc  54.59                      Road & Rail 2025-03-05 154.58 2025-03-06 159.88  3.43 

=== 市值超过100亿的涨幅榜前20名股票 ===
股票代码               公司名称                市值(亿)                 板块                       昨天收盘              今天收盘       涨跌幅(%)
  BJ BJ's Wholesale Club Holdings Inc  132.21                           Retail 2025-03-05 100.09 2025-03-06 112.33 12.23 
BURL            Burlington Stores Inc  150.42                           Retail 2025-03-05 236.95 2025-03-06 257.65  8.74 
VEEV                Veeva Systems Inc  357.07                      Health Care 2025-03-05 219.94 2025-03-06 236.14  7.37 
 CNH                CNH Industrial NV  149.76                        Machinery   2025-03-05 12.0  2025-03-06 12.71  5.92 
 ADM        Archer-Daniels-Midland Co  219.71                    Food Products   2025-03-05 45.8  2025-03-06 48.06  4.93 
FAST                      Fastenal Co  427.16 Trading Companies & Distributors  2025-03-05 74.49  2025-03-06 77.85  4.51 
 BBY                  Best Buy Co Inc  161.48                           Retail  2025-03-05 75.53   2025-03-06 78.6  4.06 
 MOH            Molina Healthcare Inc  173.10                      Health Care 2025-03-05 311.89 2025-03-06 323.83  3.83 
PCAR                       Paccar Inc  540.39                        Machinery 2025-03-05 102.97 2025-03-06 106.89  3.81 
POOL                        Pool Corp  129.42                     Distributors 2025-03-05 343.92 2025-03-06 357.03  3.81 
 DHI                    DR Horton Inc  407.67                Consumer products 2025-03-05 129.37 2025-03-06 133.96  3.55 
 VLO               Valero Energy Corp  383.52                           Energy 2025-03-05 121.76  2025-03-06 126.0  3.48 
  DG              Dollar General Corp  162.09                           Retail   2025-03-05 73.7  2025-03-06 76.24  3.45 
JKHY      Jack Henry & Associates Inc  129.49               Financial Services 2025-03-05 177.63 2025-03-06 183.51  3.31 
  DE                       Deere & Co 1268.86                        Machinery  2025-03-05 467.5 2025-03-06 482.84  3.28 
  VZ       Verizon Communications Inc 1803.44                Telecommunication  2025-03-05 42.84  2025-03-06 44.23  3.24 
  ZS                      Zscaler Inc  317.57                       Technology 2025-03-05 196.45 2025-03-06 202.16  2.91 
 STZ         Constellation Brands Inc  314.79                        Beverages 2025-03-05 174.18 2025-03-06 178.95  2.74 
AVTR                      Avantor Inc  107.24   Life Sciences Tools & Services  2025-03-05 15.75  2025-03-06 16.17  2.67 
 PSX                      Phillips 66  488.18                           Energy 2025-03-05 119.74 2025-03-06 122.79  2.55 

=== 市值超过200亿的涨幅榜前20名股票 ===
股票代码            公司名称             市值(亿)                 板块                       昨天收盘              今天收盘       涨跌幅(%)
VEEV          Veeva Systems Inc  357.07                      Health Care 2025-03-05 219.94 2025-03-06 236.14  7.37 
 ADM  Archer-Daniels-Midland Co  219.71                    Food Products   2025-03-05 45.8  2025-03-06 48.06  4.93 
FAST                Fastenal Co  427.16 Trading Companies & Distributors  2025-03-05 74.49  2025-03-06 77.85  4.51 
PCAR                 Paccar Inc  540.39                        Machinery 2025-03-05 102.97 2025-03-06 106.89  3.81 
 DHI              DR Horton Inc  407.67                Consumer products 2025-03-05 129.37 2025-03-06 133.96  3.55 
 VLO         Valero Energy Corp  383.52                           Energy 2025-03-05 121.76  2025-03-06 126.0  3.48 
  DE                 Deere & Co 1268.86                        Machinery  2025-03-05 467.5 2025-03-06 482.84  3.28 
  VZ Verizon Communications Inc 1803.44                Telecommunication  2025-03-05 42.84  2025-03-06 44.23  3.24 
  ZS                Zscaler Inc  317.57                       Technology 2025-03-05 196.45 2025-03-06 202.16  2.91 
 STZ   Constellation Brands Inc  314.79                        Beverages 2025-03-05 174.18 2025-03-06 178.95  2.74 
 PSX                Phillips 66  488.18                           Energy 2025-03-05 119.74 2025-03-06 122.79  2.55 
BIIB                 Biogen Inc  210.44                    Biotechnology 2025-03-05 143.77 2025-03-06 147.37  2.50 
 UNH     Unitedhealth Group Inc 4353.85                      Health Care 2025-03-05 475.98 2025-03-06 487.72  2.47 
 PHM             Pultegroup Inc  214.54                Consumer products 2025-03-05 105.97 2025-03-06 108.27  2.17 
 STE                 STERIS plc  223.45                      Health Care 2025-03-05 227.43 2025-03-06 232.25  2.12 
   T                   AT&T Inc 1879.25                Telecommunication  2025-03-05 26.18  2025-03-06 26.73  2.10 
 XOM           Exxon Mobil Corp 4556.32                           Energy 2025-03-05 105.44 2025-03-06 107.62  2.07 
 GIS          General Mills Inc  336.03                    Food Products  2025-03-05 60.96  2025-03-06 62.22  2.07 
  EA        Electronic Arts Inc  349.36                            Media 2025-03-05 134.05 2025-03-06 136.79  2.04 
 DHR               Danaher Corp 1504.89   Life Sciences Tools & Services 2025-03-05 210.56 2025-03-06 214.81  2.02 

=== 市值超过1000亿的涨跌榜前20名股票 ===
 股票代码             公司名称              市值(亿)                板块                      昨天收盘              今天收盘       涨跌幅(%)
   DE                   Deere & Co 1268.86                      Machinery  2025-03-05 467.5 2025-03-06 482.84  3.28 
   VZ   Verizon Communications Inc 1803.44              Telecommunication  2025-03-05 42.84  2025-03-06 44.23  3.24 
  UNH       Unitedhealth Group Inc 4353.85                    Health Care 2025-03-05 475.98 2025-03-06 487.72  2.47 
    T                     AT&T Inc 1879.25              Telecommunication  2025-03-05 26.18  2025-03-06 26.73  2.10 
  XOM             Exxon Mobil Corp 4556.32                         Energy 2025-03-05 105.44 2025-03-06 107.62  2.07 
  DHR                 Danaher Corp 1504.89 Life Sciences Tools & Services 2025-03-05 210.56 2025-03-06 214.81  2.02 
CMCSA                 Comcast Corp 1344.53                          Media  2025-03-05 35.56  2025-03-06 36.27  2.00 
  CVX                 Chevron Corp 2655.16                         Energy 2025-03-05 150.81 2025-03-06 152.95  1.42 
  UPS    United Parcel Service Inc 1016.64     Logistics & Transportation 2025-03-05 119.02  2025-03-06 120.5  1.24 
  PFE                   Pfizer Inc 1470.11                Pharmaceuticals  2025-03-05 25.94  2025-03-06 26.24  1.16 
  MCD              McDonald's Corp 2196.61  Hotels, Restaurants & Leisure 2025-03-05 307.45 2025-03-06 310.37  0.95 
  MRK               Merck & Co Inc 2354.01                Pharmaceuticals  2025-03-05 93.19   2025-03-06 94.0  0.87 
  HON  Honeywell International Inc 1362.36       Industrial Conglomerates 2025-03-05 209.62 2025-03-06 211.26  0.78 
  CAT              Caterpillar Inc 1617.75                      Machinery 2025-03-05 338.49 2025-03-06 341.01  0.74 
  UNP           Union Pacific Corp 1485.48                    Road & Rail 2025-03-05 243.61 2025-03-06 245.27  0.68 
  TMO Thermo Fisher Scientific Inc 1977.57 Life Sciences Tools & Services 2025-03-05 524.19 2025-03-06 527.64  0.66 
  BMY      Bristol-Myers Squibb Co 1213.93                Pharmaceuticals  2025-03-05 59.82  2025-03-06 60.18  0.60 
   KO                 Coca-Cola Co 3014.14                      Beverages  2025-03-05 70.08  2025-03-06 70.46  0.54 
 GILD          Gilead Sciences Inc 1437.63                  Biotechnology 2025-03-05 115.44 2025-03-06 116.04  0.52 
  PEP                  PepsiCo Inc 2110.46                      Beverages 2025-03-05 153.88 2025-03-06 154.61  0.47 
