
=== 涨幅榜前20名股票 ===
 股票代码                      公司名称                     市值(亿)               板块                    昨天收盘             今天收盘       涨跌幅(%)
 CPHI                     China Pharma Holdings Inc  0.37               Pharmaceuticals  2026-07-20 0.91   2026-07-21 8.1 790.11
  OMH                                  Ohmyhome Ltd  0.06                   Real Estate  2026-07-20 0.25  2026-07-21 0.81 222.44
BHATF Blue Hat Interactive Entertainment Technology  0.00                         Media  2026-07-20 0.03  2026-07-21 0.09 190.32
 SLGB                    Smart Logistics Global Ltd  0.22                   Road & Rail  2026-07-20 0.51  2026-07-21 0.98  92.51
  UTZ                                UTZ Brands Inc 10.72                 Food Products  2026-07-20 7.45 2026-07-21 14.06  88.72
 JZXN                            Jiuzi Holdings Inc  0.02                        Retail  2026-07-20 1.15  2026-07-21 1.93  67.83
 DFNS                                T3 Defense Inc  0.05                    Technology  2026-07-20 4.26  2026-07-21 6.57  54.23
 HEPA                    Hepion Pharmaceuticals Inc  0.01               Pharmaceuticals  2026-07-20 0.05  2026-07-21 0.07  53.67
MAXNQ                 Maxeon Solar Technologies Ltd  0.05                Semiconductors   2026-07-20 0.0   2026-07-21 0.0  50.00
 VIVK                                   Vivakor Inc  0.01                        Energy  2026-07-20 1.73  2026-07-21 2.58  49.13
 GREE             Greenidge Generation Holdings Inc  0.36                    Technology  2026-07-20 2.13  2026-07-21 2.91  36.62
 KIDZ                        Classover Holdings Inc  0.01 Diversified Consumer Services  2026-07-20 0.41  2026-07-21 0.56  35.92
 GRML                           Greenland Mines Ltd  0.29                 Biotechnology  2026-07-20 0.19  2026-07-21 0.25  31.02
 MLEC                             Moolec Science SA  0.05                 Food Products   2026-07-20 6.6  2026-07-21 8.45  28.03
 AEHR                             Aehr Test Systems 25.13                Semiconductors 2026-07-20 77.36 2026-07-21 98.91  27.86
 NXXT                                   NextNRG Inc  0.44                        Energy  2026-07-20 0.28  2026-07-21 0.35  25.79
 BANL                         CBL International Ltd  0.10                        Energy  2026-07-20 4.16  2026-07-21 5.16  24.04
 LPTH                    LightPath Technologies Inc  6.87          Electrical Equipment 2026-07-20 10.36 2026-07-21 12.66  22.20
 DYAI                      Dyadic International Inc  0.44                 Biotechnology  2026-07-20 1.21  2026-07-21 1.47  21.49
 HOVR                      New Horizon Aircraft Ltd  1.11           Aerospace & Defense  2026-07-20 1.65  2026-07-21 1.99  20.24

=== 市值超过20亿的涨幅榜前20名股票 ===
 股票代码                公司名称                市值(亿)           板块                 昨天收盘               今天收盘       涨跌幅(%)
 AEHR                 Aehr Test Systems   25.13       Semiconductors   2026-07-20 77.36  2026-07-21 98.91 27.86 
  RGC Regencell Bioscience Holdings Ltd   25.27      Pharmaceuticals     2026-07-20 5.1   2026-07-21 6.06 18.82 
 NBIS                   Nebius Group NV  459.56           Technology  2026-07-20 182.62 2026-07-21 216.92 18.78 
 CBRS              Cerebras Systems Inc  490.38       Semiconductors  2026-07-20 176.88 2026-07-21 208.57 17.92 
 OUST                        Ouster Inc   22.14 Electrical Equipment   2026-07-20 34.77  2026-07-21 40.68 17.00 
 AAOI       Applied Optoelectronics Inc   82.67       Communications  2026-07-20 103.02 2026-07-21 119.26 15.76 
 AXTI                           AXT Inc   31.95       Semiconductors   2026-07-20 48.83  2026-07-21 56.51 15.73 
 ACMR                  ACM Research Inc   57.03       Semiconductors   2026-07-20 82.52  2026-07-21 95.27 15.45 
   BE                 Bloom Energy Corp  560.53 Electrical Equipment  2026-07-20 197.06 2026-07-21 226.26 14.82 
  MXL                     Maxlinear Inc   67.17       Semiconductors   2026-07-20 75.01  2026-07-21 86.06 14.73 
 UCTT          Ultra Clean Holdings Inc   41.13       Semiconductors   2026-07-20 91.76 2026-07-21 105.15 14.59 
 DOCN         DigitalOcean Holdings Inc  124.29           Technology  2026-07-20 119.09 2026-07-21 136.45 14.58 
 ICHR                Ichor Holdings Ltd   29.18       Semiconductors   2026-07-20 83.69  2026-07-21 95.85 14.53 
 SNDK                      Sandisk Corp 2059.85           Technology 2026-07-20 1390.95 2026-07-21 1589.4 14.27 
 SHAZ             SharonAI Holdings Inc   21.93           Technology   2026-07-20 62.34   2026-07-21 71.0 13.89 
 EROC                         ERock Inc   25.85 Electrical Equipment   2026-07-20 11.78  2026-07-21 13.29 12.82 
SLOIF                         Soitec SA   31.24       Semiconductors   2026-07-20 97.01 2026-07-21 108.89 12.25 
   MU             Micron Technology Inc 9774.45       Semiconductors  2026-07-20 865.46 2026-07-21 970.82 12.17 
  TER                      Teradyne Inc  522.48       Semiconductors  2026-07-20 333.76 2026-07-21 374.04 12.07 
 PDFS                 PDF Solutions Inc   20.46       Semiconductors   2026-07-20 48.88  2026-07-21 54.52 11.54 

=== 市值超过50亿的涨幅榜前20名股票 ===
股票代码               公司名称               市值(亿)           板块                 昨天收盘               今天收盘       涨跌幅(%)
NBIS                 Nebius Group NV  459.56           Technology  2026-07-20 182.62 2026-07-21 216.92 18.78 
CBRS            Cerebras Systems Inc  490.38       Semiconductors  2026-07-20 176.88 2026-07-21 208.57 17.92 
AAOI     Applied Optoelectronics Inc   82.67       Communications  2026-07-20 103.02 2026-07-21 119.26 15.76 
ACMR                ACM Research Inc   57.03       Semiconductors   2026-07-20 82.52  2026-07-21 95.27 15.45 
  BE               Bloom Energy Corp  560.53 Electrical Equipment  2026-07-20 197.06 2026-07-21 226.26 14.82 
 MXL                   Maxlinear Inc   67.17       Semiconductors   2026-07-20 75.01  2026-07-21 86.06 14.73 
DOCN       DigitalOcean Holdings Inc  124.29           Technology  2026-07-20 119.09 2026-07-21 136.45 14.58 
SNDK                    Sandisk Corp 2059.85           Technology 2026-07-20 1390.95 2026-07-21 1589.4 14.27 
  MU           Micron Technology Inc 9774.45       Semiconductors  2026-07-20 865.46 2026-07-21 970.82 12.17 
 TER                    Teradyne Inc  522.48       Semiconductors  2026-07-20 333.76 2026-07-21 374.04 12.07 
MAAS                       Maase Inc   79.28            Insurance   2026-07-20 17.93  2026-07-21 19.99 11.49 
CIFR              Cipher Digital Inc   84.02           Technology   2026-07-20 20.54  2026-07-21 22.89 11.44 
COHR                   Coherent Corp  558.35 Electrical Equipment   2026-07-20 285.4 2026-07-21 317.22 11.15 
 STX Seagate Technology Holdings PLC 1799.33           Technology  2026-07-20 802.45 2026-07-21 891.83 11.14 
INIO                        Innio NV  206.02 Electrical Equipment   2026-07-20 27.47  2026-07-21 30.37 10.56 
TSEM         Tower Semiconductor Ltd  253.92       Semiconductors  2026-07-20 227.21 2026-07-21 250.91 10.43 
ASTS             AST SpaceMobile Inc  222.86    Telecommunication   2026-07-20 57.42  2026-07-21 63.34 10.31 
TTMI            TTM Technologies Inc  138.30 Electrical Equipment  2026-07-20 133.17 2026-07-21 146.85 10.27 
COIN             Coinbase Global Inc  431.74   Financial Services  2026-07-20 160.43 2026-07-21 175.85  9.61 
SMTC                    Semtech Corp  117.26       Semiconductors  2026-07-20 125.88 2026-07-21 137.84  9.50 

=== 市值超过100亿的涨幅榜前20名股票 ===
股票代码               公司名称               市值(亿)           板块                 昨天收盘               今天收盘       涨跌幅(%)
NBIS                 Nebius Group NV  459.56           Technology  2026-07-20 182.62 2026-07-21 216.92 18.78 
CBRS            Cerebras Systems Inc  490.38       Semiconductors  2026-07-20 176.88 2026-07-21 208.57 17.92 
  BE               Bloom Energy Corp  560.53 Electrical Equipment  2026-07-20 197.06 2026-07-21 226.26 14.82 
DOCN       DigitalOcean Holdings Inc  124.29           Technology  2026-07-20 119.09 2026-07-21 136.45 14.58 
SNDK                    Sandisk Corp 2059.85           Technology 2026-07-20 1390.95 2026-07-21 1589.4 14.27 
  MU           Micron Technology Inc 9774.45       Semiconductors  2026-07-20 865.46 2026-07-21 970.82 12.17 
 TER                    Teradyne Inc  522.48       Semiconductors  2026-07-20 333.76 2026-07-21 374.04 12.07 
COHR                   Coherent Corp  558.35 Electrical Equipment   2026-07-20 285.4 2026-07-21 317.22 11.15 
 STX Seagate Technology Holdings PLC 1799.33           Technology  2026-07-20 802.45 2026-07-21 891.83 11.14 
INIO                        Innio NV  206.02 Electrical Equipment   2026-07-20 27.47  2026-07-21 30.37 10.56 
TSEM         Tower Semiconductor Ltd  253.92       Semiconductors  2026-07-20 227.21 2026-07-21 250.91 10.43 
ASTS             AST SpaceMobile Inc  222.86    Telecommunication   2026-07-20 57.42  2026-07-21 63.34 10.31 
TTMI            TTM Technologies Inc  138.30 Electrical Equipment  2026-07-20 133.17 2026-07-21 146.85 10.27 
COIN             Coinbase Global Inc  431.74   Financial Services  2026-07-20 160.43 2026-07-21 175.85  9.61 
SMTC                    Semtech Corp  117.26       Semiconductors  2026-07-20 125.88 2026-07-21 137.84  9.50 
LITE           Lumentum Holdings Inc  595.60       Communications  2026-07-20 765.55 2026-07-21 837.56  9.41 
 HAS                      Hasbro Inc  115.44     Leisure Products   2026-07-20 81.59  2026-07-21 88.78  8.81 
SANM                    Sanmina Corp  108.20 Electrical Equipment  2026-07-20 201.87 2026-07-21 219.41  8.69 
INTC                      Intel Corp 4878.24       Semiconductors   2026-07-20 97.06 2026-07-21 105.45  8.64 
CRCL       Circle Internet Group Inc  162.69           Technology   2026-07-20 65.45  2026-07-21 71.08  8.60 

=== 市值超过200亿的涨幅榜前20名股票 ===
股票代码               公司名称               市值(亿)             板块                   昨天收盘               今天收盘       涨跌幅(%)
NBIS                 Nebius Group NV  459.56               Technology  2026-07-20 182.62 2026-07-21 216.92 18.78 
CBRS            Cerebras Systems Inc  490.38           Semiconductors  2026-07-20 176.88 2026-07-21 208.57 17.92 
  BE               Bloom Energy Corp  560.53     Electrical Equipment  2026-07-20 197.06 2026-07-21 226.26 14.82 
SNDK                    Sandisk Corp 2059.85               Technology 2026-07-20 1390.95 2026-07-21 1589.4 14.27 
  MU           Micron Technology Inc 9774.45           Semiconductors  2026-07-20 865.46 2026-07-21 970.82 12.17 
 TER                    Teradyne Inc  522.48           Semiconductors  2026-07-20 333.76 2026-07-21 374.04 12.07 
COHR                   Coherent Corp  558.35     Electrical Equipment   2026-07-20 285.4 2026-07-21 317.22 11.15 
 STX Seagate Technology Holdings PLC 1799.33               Technology  2026-07-20 802.45 2026-07-21 891.83 11.14 
INIO                        Innio NV  206.02     Electrical Equipment   2026-07-20 27.47  2026-07-21 30.37 10.56 
TSEM         Tower Semiconductor Ltd  253.92           Semiconductors  2026-07-20 227.21 2026-07-21 250.91 10.43 
ASTS             AST SpaceMobile Inc  222.86        Telecommunication   2026-07-20 57.42  2026-07-21 63.34 10.31 
COIN             Coinbase Global Inc  431.74       Financial Services  2026-07-20 160.43 2026-07-21 175.85  9.61 
LITE           Lumentum Holdings Inc  595.60           Communications  2026-07-20 765.55 2026-07-21 837.56  9.41 
INTC                      Intel Corp 4878.24           Semiconductors   2026-07-20 97.06 2026-07-21 105.45  8.64 
 AMD      Advanced Micro Devices Inc 8211.22           Semiconductors  2026-07-20 503.57 2026-07-21 544.43  8.11 
CIEN                      Ciena Corp  536.16           Communications  2026-07-20 378.77 2026-07-21 408.73  7.91 
SCCO            Southern Copper Corp 1460.66          Metals & Mining  2026-07-20 175.07 2026-07-21 188.01  7.39 
AMAT           Applied Materials Inc 4173.84           Semiconductors   2026-07-20 525.7 2026-07-21 564.55  7.39 
 MMM                           3M Co  829.87 Industrial Conglomerates  2026-07-20 159.11 2026-07-21 170.76  7.32 
HOOD           Robinhood Markets Inc  894.82       Financial Services   2026-07-20 99.28 2026-07-21 106.36  7.13 

=== 市值超过1000亿的涨跌榜前20名股票 ===
 股票代码               公司名称               市值(亿)           板块                 昨天收盘               今天收盘       涨跌幅(%)
 SNDK                    Sandisk Corp 2059.85           Technology 2026-07-20 1390.95 2026-07-21 1589.4 14.27 
   MU           Micron Technology Inc 9774.45       Semiconductors  2026-07-20 865.46 2026-07-21 970.82 12.17 
  STX Seagate Technology Holdings PLC 1799.33           Technology  2026-07-20 802.45 2026-07-21 891.83 11.14 
 INTC                      Intel Corp 4878.24       Semiconductors   2026-07-20 97.06 2026-07-21 105.45  8.64 
  AMD      Advanced Micro Devices Inc 8211.22       Semiconductors  2026-07-20 503.57 2026-07-21 544.43  8.11 
 SCCO            Southern Copper Corp 1460.66      Metals & Mining  2026-07-20 175.07 2026-07-21 188.01  7.39 
 AMAT           Applied Materials Inc 4173.84       Semiconductors   2026-07-20 525.7 2026-07-21 564.55  7.39 
 MRVL          Marvell Technology Inc 1707.22       Semiconductors  2026-07-20 194.94 2026-07-21 207.96  6.68 
 DELL           Dell Technologies Inc 2475.66           Technology  2026-07-20 381.88 2026-07-21 404.15  5.83 
 LRCX               Lam Research Corp 3836.25       Semiconductors  2026-07-20 306.76  2026-07-21 322.0  4.97 
  APH                   Amphenol Corp 1851.63 Electrical Equipment  2026-07-20 150.51 2026-07-21 157.81  4.85 
 KLAC                        KLA Corp 2711.83       Semiconductors   2026-07-20 207.6 2026-07-21 217.56  4.80 
 ORCL                     Oracle Corp 3496.32           Technology  2026-07-20 121.38 2026-07-21 127.05  4.67 
ASMLF                 ASML Holding NV 5871.11       Semiconductors 2026-07-20 1714.83 2026-07-21 1793.0  4.56 
  VRT              Vertiv Holdings Co 1120.33 Electrical Equipment  2026-07-20 291.67  2026-07-21 304.5  4.40 
  UNH          UnitedHealth Group Inc 3828.28          Health Care  2026-07-20 421.55 2026-07-21 436.35  3.51 
EADSF                       Airbus SE 1529.74  Aerospace & Defense  2026-07-20 220.05 2026-07-21 227.52  3.39 
  TTE                TotalEnergies SE 1573.92               Energy    2026-07-20 80.8  2026-07-21 83.53  3.38 
    C                   Citigroup Inc 2207.43              Banking  2026-07-20 128.72 2026-07-21 132.84  3.20 
 ANET             Arista Networks Inc 2132.46       Communications  2026-07-20 169.35 2026-07-21 174.58  3.09 
