
=== 涨幅榜前20名股票 ===
股票代码                公司名称               市值(亿)               板块                    昨天收盘             今天收盘       涨跌幅(%)
MULN             Mullen Automotive Inc  0.04                   Automobiles  2025-06-03 5.39  2025-06-04 16.1 198.70
  NA                     Nano Labs Ltd  0.65                Semiconductors  2025-06-03 3.79  2025-06-04 6.49  71.24
STSS             Sharps Technology Inc  0.04                   Health Care  2025-06-03 3.74  2025-06-04 6.31  68.72
LYEL            Lyell Immunopharma Inc  1.18                 Biotechnology  2025-06-03 7.99 2025-06-04 13.47  68.59
HOTH             Hoth Therapeutics Inc  0.12               Pharmaceuticals  2025-06-03 0.92  2025-06-04 1.53  66.30
CLRB         Cellectar Biosciences Inc  0.13                 Biotechnology  2025-06-03 0.28  2025-06-04 0.46  64.89
 MFI          mF International Limited  0.16            Financial Services   2025-06-03 1.2  2025-06-04 1.93  60.83
BAOS Baosheng Media Group Holdings Ltd  0.04                         Media  2025-06-03 2.37  2025-06-04 3.66  54.43
TOPS                     Top Ships Inc  0.25                        Energy  2025-06-03 5.48  2025-06-04 7.87  43.61
AGMH            AGM Group Holdings Inc  0.11            Financial Services  2025-06-03 2.81  2025-06-04 3.76  33.81
CAPT                   Captivision Inc  0.32                      Building  2025-06-03 0.99  2025-06-04 1.32  33.74
YEXT                          Yext Inc  8.50                    Technology  2025-06-03 6.82  2025-06-04 8.97  31.52
 MMA      Mixed Martial Arts Group Ltd  0.10 Diversified Consumer Services  2025-06-03 1.02  2025-06-04 1.34  31.37
APLD              Applied Digital Corp 23.03                    Technology 2025-06-03 10.25 2025-06-04 13.25  29.27
RLYB                     Rallybio Corp  0.12                 Biotechnology  2025-06-03 0.29  2025-06-04 0.38  27.89
SCLX                 Scilex Holding Co  0.38               Pharmaceuticals  2025-06-03 5.47  2025-06-04 6.97  27.42
LOOP               Loop Industries Inc  0.60                     Chemicals  2025-06-03 1.25  2025-06-04 1.57  25.60
ATLX                Atlas Lithium Corp  0.73               Metals & Mining  2025-06-03 4.09  2025-06-04 5.13  25.43
  NG            NovaGold Resources Inc 14.42               Metals & Mining  2025-06-03 3.77  2025-06-04 4.69  24.40
VVPR       VivoPower International PLC  0.52                     Utilities  2025-06-03 5.17  2025-06-04 6.43  24.37

=== 市值超过20亿的涨幅榜前20名股票 ===
股票代码                公司名称                市值(亿)                板块                     昨天收盘              今天收盘       涨跌幅(%)
APLD               Applied Digital Corp  23.03                    Technology  2025-06-03 10.25  2025-06-04 13.25 29.27 
SBET               SharpLink Gaming Inc  29.89 Hotels, Restaurants & Leisure  2025-06-03 50.29   2025-06-04 59.2 17.72 
ASTS                AST SpaceMobile Inc  82.64             Telecommunication  2025-06-03 25.18  2025-06-04 28.69 13.94 
PTON            Peloton Interactive Inc  26.54              Leisure Products   2025-06-03 6.66   2025-06-04 7.47 12.16 
  MP                  MP Materials Corp  35.96               Metals & Mining   2025-06-03 22.0  2025-06-04 24.58 11.73 
AIFU                           AIFU Inc  24.77                     Insurance   2025-06-03 2.47   2025-06-04 2.71  9.72 
 HQY                   Healthequity Inc  89.89                   Health Care 2025-06-03 103.76 2025-06-04 113.06  8.96 
IBRX                    Immunitybio Inc  23.92                 Biotechnology   2025-06-03 2.71   2025-06-04 2.93  8.12 
 LEU                Centrus Energy Corp  22.40                        Energy 2025-06-03 131.45  2025-06-04 141.0  7.27 
CAMT                         Camtek Ltd  31.03                Semiconductors  2025-06-03 68.04   2025-06-04 72.7  6.85 
RDDT                         Reddit Inc 204.56                         Media 2025-06-03 110.86 2025-06-04 118.21  6.63 
CORZ                Core Scientific Inc  35.14                    Technology   2025-06-03 11.8  2025-06-04 12.56  6.44 
MRVL             Marvell Technology Inc 537.67                Semiconductors  2025-06-03 62.36   2025-06-04 66.3  6.32 
CRDO Credo Technology Group Holding Ltd 122.12                Semiconductors  2025-06-03 71.92  2025-06-04 76.46  6.31 
NVMI                           Nova Ltd  61.45                Semiconductors 2025-06-03 209.72 2025-06-04 222.61  6.15 
  ON              ON Semiconductor Corp 197.95                Semiconductors  2025-06-03 47.37  2025-06-04 50.28  6.14 
IREN                           IREN Ltd  21.42                    Technology   2025-06-03 8.89   2025-06-04 9.43  6.07 
 CXM                       Sprinklr Inc  22.04                    Technology   2025-06-03 8.55   2025-06-04 9.06  5.96 
  HL                    Hecla Mining Co  36.50               Metals & Mining   2025-06-03 5.77   2025-06-04 6.11  5.89 
NBIS                    Nebius Group NV  88.74                    Technology  2025-06-03 37.27  2025-06-04 39.39  5.69 

=== 市值超过50亿的涨幅榜前20名股票 ===
股票代码                 公司名称                 市值(亿)                板块                      昨天收盘              今天收盘       涨跌幅(%)
ASTS                 AST SpaceMobile Inc   82.64              Telecommunication  2025-06-03 25.18  2025-06-04 28.69 13.94 
 HQY                    Healthequity Inc   89.89                    Health Care 2025-06-03 103.76 2025-06-04 113.06  8.96 
RDDT                          Reddit Inc  204.56                          Media 2025-06-03 110.86 2025-06-04 118.21  6.63 
MRVL              Marvell Technology Inc  537.67                 Semiconductors  2025-06-03 62.36   2025-06-04 66.3  6.32 
CRDO  Credo Technology Group Holding Ltd  122.12                 Semiconductors  2025-06-03 71.92  2025-06-04 76.46  6.31 
NVMI                            Nova Ltd   61.45                 Semiconductors 2025-06-03 209.72 2025-06-04 222.61  6.15 
  ON               ON Semiconductor Corp  197.95                 Semiconductors  2025-06-03 47.37  2025-06-04 50.28  6.14 
NBIS                     Nebius Group NV   88.74                     Technology  2025-06-03 37.27  2025-06-04 39.39  5.69 
NXPI               NXP Semiconductors NV  502.63                 Semiconductors 2025-06-03 198.96 2025-06-04 210.02  5.56 
 FMC                            FMC Corp   50.23                      Chemicals  2025-06-03 40.21  2025-06-04 42.24  5.05 
 ALB                      Albemarle Corp   67.08                      Chemicals  2025-06-03 57.01   2025-06-04 59.7  4.72 
 APP                       Applovin Corp 1348.51                     Technology 2025-06-03 398.51 2025-06-04 416.52  4.52 
SPOT               Spotify Technology SA 1347.40                          Media 2025-06-03 671.07 2025-06-04 701.08  4.47 
  VG                  Venture Global Inc  345.56                         Energy  2025-06-03 14.28  2025-06-04 14.91  4.41 
NTRA                          Natera Inc  218.68                  Biotechnology 2025-06-03 160.15 2025-06-04 167.22  4.41 
 DHI                       DR Horton Inc  363.55              Consumer products 2025-06-03 118.35 2025-06-04 123.53  4.38 
ICLR                            ICON PLC  108.02 Life Sciences Tools & Services 2025-06-03 133.76 2025-06-04 139.61  4.37 
  GH                 Guardant Health Inc   56.73                    Health Care  2025-06-03 45.79  2025-06-04 47.76  4.30 
 CMG          Chipotle Mexican Grill Inc  674.63  Hotels, Restaurants & Leisure  2025-06-03 50.07  2025-06-04 52.16  4.17 
OLLI Ollie's Bargain Outlet Holdings Inc   67.49                         Retail 2025-06-03 109.91 2025-06-04 114.41  4.09 

=== 市值超过100亿的涨幅榜前20名股票 ===
股票代码                公司名称                 市值(亿)                 板块                      昨天收盘              今天收盘       涨跌幅(%)
RDDT                         Reddit Inc   204.56                          Media 2025-06-03 110.86 2025-06-04 118.21  6.63 
MRVL             Marvell Technology Inc   537.67                 Semiconductors  2025-06-03 62.36   2025-06-04 66.3  6.32 
CRDO Credo Technology Group Holding Ltd   122.12                 Semiconductors  2025-06-03 71.92  2025-06-04 76.46  6.31 
  ON              ON Semiconductor Corp   197.95                 Semiconductors  2025-06-03 47.37  2025-06-04 50.28  6.14 
NXPI              NXP Semiconductors NV   502.63                 Semiconductors 2025-06-03 198.96 2025-06-04 210.02  5.56 
 APP                      Applovin Corp  1348.51                     Technology 2025-06-03 398.51 2025-06-04 416.52  4.52 
SPOT              Spotify Technology SA  1347.40                          Media 2025-06-03 671.07 2025-06-04 701.08  4.47 
  VG                 Venture Global Inc   345.56                         Energy  2025-06-03 14.28  2025-06-04 14.91  4.41 
NTRA                         Natera Inc   218.68                  Biotechnology 2025-06-03 160.15 2025-06-04 167.22  4.41 
 DHI                      DR Horton Inc   363.55              Consumer products 2025-06-03 118.35 2025-06-04 123.53  4.38 
ICLR                           ICON PLC   108.02 Life Sciences Tools & Services 2025-06-03 133.76 2025-06-04 139.61  4.37 
 CMG         Chipotle Mexican Grill Inc   674.63  Hotels, Restaurants & Leisure  2025-06-03 50.07  2025-06-04 52.16  4.17 
 IQV                 IQVIA Holdings Inc   247.01 Life Sciences Tools & Services 2025-06-03 142.78  2025-06-04 147.9  3.59 
 STX    Seagate Technology Holdings PLC   261.52                     Technology 2025-06-03 123.23 2025-06-04 127.64  3.58 
 PHM                     Pultegroup Inc   197.76              Consumer products  2025-06-03 98.67 2025-06-04 101.87  3.24 
META                 Meta Platforms Inc 16765.59                          Media 2025-06-03 666.85 2025-06-04 687.95  3.16 
 MDB                        MongoDB Inc   158.32                     Technology 2025-06-03 193.75 2025-06-04 199.73  3.09 
DASH                       DoorDash Inc   905.54  Hotels, Restaurants & Leisure  2025-06-03 213.7 2025-06-04 220.23  3.06 
AXON                Axon Enterprise Inc   590.94            Aerospace & Defense 2025-06-03 759.07  2025-06-04 780.0  2.76 
 TOL                  Toll Brothers Inc   103.56              Consumer products 2025-06-03 105.48 2025-06-04 108.22  2.60 

=== 市值超过200亿的涨幅榜前20名股票 ===
股票代码               公司名称               市值(亿)                  板块                       昨天收盘              今天收盘       涨跌幅(%)
RDDT                      Reddit Inc   204.56                            Media 2025-06-03 110.86 2025-06-04 118.21  6.63 
MRVL          Marvell Technology Inc   537.67                   Semiconductors  2025-06-03 62.36   2025-06-04 66.3  6.32 
NXPI           NXP Semiconductors NV   502.63                   Semiconductors 2025-06-03 198.96 2025-06-04 210.02  5.56 
 APP                   Applovin Corp  1348.51                       Technology 2025-06-03 398.51 2025-06-04 416.52  4.52 
SPOT           Spotify Technology SA  1347.40                            Media 2025-06-03 671.07 2025-06-04 701.08  4.47 
  VG              Venture Global Inc   345.56                           Energy  2025-06-03 14.28  2025-06-04 14.91  4.41 
NTRA                      Natera Inc   218.68                    Biotechnology 2025-06-03 160.15 2025-06-04 167.22  4.41 
 DHI                   DR Horton Inc   363.55                Consumer products 2025-06-03 118.35 2025-06-04 123.53  4.38 
 CMG      Chipotle Mexican Grill Inc   674.63    Hotels, Restaurants & Leisure  2025-06-03 50.07  2025-06-04 52.16  4.17 
 IQV              IQVIA Holdings Inc   247.01   Life Sciences Tools & Services 2025-06-03 142.78  2025-06-04 147.9  3.59 
 STX Seagate Technology Holdings PLC   261.52                       Technology 2025-06-03 123.23 2025-06-04 127.64  3.58 
META              Meta Platforms Inc 16765.59                            Media 2025-06-03 666.85 2025-06-04 687.95  3.16 
DASH                    DoorDash Inc   905.54    Hotels, Restaurants & Leisure  2025-06-03 213.7 2025-06-04 220.23  3.06 
AXON             Axon Enterprise Inc   590.94              Aerospace & Defense 2025-06-03 759.07  2025-06-04 780.0  2.76 
 LYV   Live Nation Entertainment Inc   316.69                            Media 2025-06-03 136.64 2025-06-04 140.17  2.58 
 GFS             GlobalFoundries Inc   203.86                   Semiconductors  2025-06-03 36.87  2025-06-04 37.71  2.28 
FERG        Ferguson Enterprises Inc   419.97 Trading Companies & Distributors 2025-06-03 211.36 2025-06-04 216.15  2.27 
 TTD                  Trade Desk Inc   365.63                            Media   2025-06-03 74.4  2025-06-04 76.05  2.22 
SMCI        Super Micro Computer Inc   257.77                       Technology  2025-06-03 43.19  2025-06-04 44.13  2.18 
PYPL             PayPal Holdings Inc   693.71               Financial Services  2025-06-03 71.33   2025-06-04 72.8  2.06 

=== 市值超过1000亿的涨跌榜前20名股票 ===
 股票代码                 公司名称                 市值(亿)                  板块                       昨天收盘               今天收盘        涨跌幅(%)
  APP                       Applovin Corp  1348.51                       Technology  2025-06-03 398.51  2025-06-04 416.52  4.52 
 SPOT               Spotify Technology SA  1347.40                            Media  2025-06-03 671.07  2025-06-04 701.08  4.47 
 META                  Meta Platforms Inc 16765.59                            Media  2025-06-03 666.85  2025-06-04 687.95  3.16 
 NFLX                         Netflix Inc  5183.20                            Media 2025-06-03 1217.94 2025-06-04 1239.66  1.78 
 AVGO                        Broadcom Inc 12076.96                   Semiconductors  2025-06-03 256.85  2025-06-04 261.08  1.65 
 BKNG                Booking Holdings Inc  1781.61    Hotels, Restaurants & Leisure 2025-06-03 5475.07  2025-06-04 5557.0  1.50 
  MRK                      Merck & Co Inc  1937.01                  Pharmaceuticals   2025-06-03 77.14   2025-06-04 78.27  1.46 
  TXN               Texas Instruments Inc  1708.65                   Semiconductors  2025-06-03 188.08  2025-06-04 190.72  1.40 
 LRCX                   Lam Research Corp  1070.11                   Semiconductors   2025-06-03 83.66   2025-06-04 84.77  1.33 
GOOGL                        Alphabet Inc 20249.47                            Media  2025-06-03 166.18  2025-06-04 168.05  1.13 
  ACN                       Accenture PLC  1958.83                       Technology   2025-06-03 312.9   2025-06-04 316.4  1.12 
LVMHF LVMH Moet Hennessy Louis Vuitton SE  2365.84 Textiles, Apparel & Luxury Goods   2025-06-03 542.0   2025-06-04 548.0  1.11 
 UBER               Uber Technologies Inc  1725.84                      Road & Rail   2025-06-03 82.53   2025-06-04 83.45  1.11 
 ISRG              Intuitive Surgical Inc  1977.93                      Health Care  2025-06-03 551.85  2025-06-04 557.95  1.11 
  AMD          Advanced Micro Devices Inc  1902.07                   Semiconductors  2025-06-03 117.31  2025-06-04 118.58  1.08 
 GOOG                        Alphabet Inc 20249.47                            Media  2025-06-03 167.71  2025-06-04 169.39  1.00 
   MU               Micron Technology Inc  1142.72                   Semiconductors  2025-06-03 102.25  2025-06-04 103.25  0.98 
  TMO        Thermo Fisher Scientific Inc  1509.71   Life Sciences Tools & Services  2025-06-03 399.93  2025-06-04 403.66  0.93 
 KLAC                            KLA Corp  1025.92                   Semiconductors  2025-06-03 775.79  2025-06-04 782.09  0.81 
   GE                        GE Aerospace  2653.92              Aerospace & Defense  2025-06-03 248.87  2025-06-04 250.88  0.81 
