
=== 涨幅榜前20名股票 ===
 股票代码                         公司名称                         市值(亿)                板块                      昨天收盘             今天收盘       涨跌幅(%)
 TPET                                  Trio Petroleum Corp  0.20                           Energy  2026-03-04 0.85  2026-03-05 1.59 87.28 
 STAK                                             STAK Inc  0.06                           Energy  2026-03-04 0.62   2026-03-05 1.0 62.07 
  IBO                                Impact Biomedical Inc  0.08                  Pharmaceuticals  2026-03-04 0.41  2026-03-05 0.64 55.57 
 ALTO                                 Alto Ingredients Inc  2.01                        Chemicals   2026-03-04 2.6  2026-03-05 4.02 54.62 
 ENFY                                       Enlightify Inc  0.00                        Chemicals  2026-03-04 0.01  2026-03-05 0.01 50.00 
APMSF                                            Aperam SA 27.48                  Metals & Mining  2026-03-04 30.5  2026-03-05 44.7 46.56 
 GXAI                                        Gaxos.ai Inc.  0.11                            Media  2026-03-04 1.24  2026-03-05 1.81 45.97 
 ECDA                            ECD Automotive Design Inc  0.00                      Automobiles  2026-03-04 0.01  2026-03-05 0.02 41.67 
 PMTS                                   CPI Card Group Inc  2.00                       Technology 2026-03-04 12.46  2026-03-05 17.6 41.25 
 TNYA                              Tenaya Therapeutics Inc  1.26                    Biotechnology  2026-03-04 0.58  2026-03-05 0.82 41.02 
 CDTG CDT Environmental Technology Investment Holdings Ltd  0.04   Commercial Services & Supplies  2026-03-04 0.32  2026-03-05 0.45 40.44 
 TMDE                                       TMD Energy Ltd  0.52                           Energy  2026-03-04 2.21  2026-03-05 3.04 37.56 
  NCI         Neo-Concept International Group Holdings Ltd  0.31 Textiles, Apparel & Luxury Goods  2026-03-04 7.64  2026-03-05 10.5 37.43 
  SOC                                  Sable Offshore Corp 14.86                           Energy 2026-03-04 10.09 2026-03-05 13.85 37.26 
 TNGX                               Tango Therapeutics Inc 16.63                    Biotechnology 2026-03-04 12.35 2026-03-05 16.83 36.28 
 PDYN                                    Palladyne AI Corp  3.12                        Machinery  2026-03-04 7.43  2026-03-05 9.96 34.05 
  GBR                               New Concept Energy Inc  0.04                      Real Estate  2026-03-04 0.84  2026-03-05 1.09 29.76 
  NPT                                   Texxon Holding Ltd  3.31 Trading Companies & Distributors  2026-03-04 14.9 2026-03-05 19.15 28.52 
 BHAT        Blue Hat Interactive Entertainment Technology  0.03                            Media  2026-03-04 0.03  2026-03-05 0.04 28.28 
 OLOX                                Olenox Industries Inc  0.09                     Construction   2026-03-04 0.9  2026-03-05 1.15 27.78 

=== 市值超过20亿的涨幅榜前20名股票 ===
 股票代码                公司名称                 市值(亿)                板块                      昨天收盘               今天收盘        涨跌幅(%)
APMSF                          Aperam SA   27.48                Metals & Mining    2026-03-04 30.5    2026-03-05 44.7 46.56 
  TTD                     Trade Desk Inc  121.68                          Media   2026-03-04 25.17   2026-03-05 29.79 18.36 
  UNF                      UniFirst Corp   40.19 Commercial Services & Supplies  2026-03-04 231.26  2026-03-05 262.76 13.62 
 EXPE                  Expedia Group Inc  271.70  Hotels, Restaurants & Leisure  2026-03-04 221.73  2026-03-05 251.54 13.44 
 CRDO Credo Technology Group Holding Ltd  185.22                 Semiconductors  2026-03-04 102.54  2026-03-05 114.74 11.90 
 OKTA                           Okta Inc  127.14                     Technology   2026-03-04 71.74   2026-03-05 79.65 11.03 
   VG                 Venture Global Inc  237.22                         Energy   2026-03-04 11.16   2026-03-05 12.28 10.04 
 SAIL                      SailPoint Inc   85.82                     Technology   2026-03-04 13.92   2026-03-05 15.28  9.77 
 NTSK                       Netskope Inc   41.65                     Technology   2026-03-04 10.59   2026-03-05 11.58  9.35 
 BKNG               Booking Holdings Inc 1347.25  Hotels, Restaurants & Leisure 2026-03-04 4253.58 2026-03-05 4613.28  8.46 
 KVYO                        Klaviyo Inc   59.52                     Technology   2026-03-04 19.53   2026-03-05 21.18  8.45 
 MMYT                     MakeMyTrip Ltd   46.53  Hotels, Restaurants & Leisure   2026-03-04 49.05   2026-03-05 52.94  7.93 
 BRZE                          Braze Inc   21.72                     Technology   2026-03-04 19.36   2026-03-05 20.88  7.85 
 TEAM                     Atlassian Corp  203.30                     Technology   2026-03-04 76.81   2026-03-05 82.51  7.42 
 CLBT                  Cellebrite DI Ltd   33.91                     Technology   2026-03-04 14.16   2026-03-05 15.19  7.27 
 BURL              Burlington Stores Inc  189.25                         Retail  2026-03-04 300.75  2026-03-05 321.47  6.89 
 NAVN                          Navan Inc   25.76  Hotels, Restaurants & Leisure   2026-03-04 10.36   2026-03-05 11.05  6.66 
  MDB                        MongoDB Inc  201.86                     Technology  2026-03-04 248.01  2026-03-05 263.93  6.42 
  LYB       LyondellBasell Industries NV  199.49                      Chemicals   2026-03-04 61.92   2026-03-05 65.88  6.40 
 OPEN          Opendoor Technologies Inc   46.77                    Real Estate    2026-03-04 4.88    2026-03-05 5.18  6.15 

=== 市值超过50亿的涨幅榜前20名股票 ===
股票代码                公司名称                 市值(亿)                 板块                     昨天收盘               今天收盘        涨跌幅(%)
 TTD                     Trade Desk Inc   121.68                         Media   2026-03-04 25.17   2026-03-05 29.79 18.36 
EXPE                  Expedia Group Inc   271.70 Hotels, Restaurants & Leisure  2026-03-04 221.73  2026-03-05 251.54 13.44 
CRDO Credo Technology Group Holding Ltd   185.22                Semiconductors  2026-03-04 102.54  2026-03-05 114.74 11.90 
OKTA                           Okta Inc   127.14                    Technology   2026-03-04 71.74   2026-03-05 79.65 11.03 
  VG                 Venture Global Inc   237.22                        Energy   2026-03-04 11.16   2026-03-05 12.28 10.04 
SAIL                      SailPoint Inc    85.82                    Technology   2026-03-04 13.92   2026-03-05 15.28  9.77 
BKNG               Booking Holdings Inc  1347.25 Hotels, Restaurants & Leisure 2026-03-04 4253.58 2026-03-05 4613.28  8.46 
KVYO                        Klaviyo Inc    59.52                    Technology   2026-03-04 19.53   2026-03-05 21.18  8.45 
TEAM                     Atlassian Corp   203.30                    Technology   2026-03-04 76.81   2026-03-05 82.51  7.42 
BURL              Burlington Stores Inc   189.25                        Retail  2026-03-04 300.75  2026-03-05 321.47  6.89 
 MDB                        MongoDB Inc   201.86                    Technology  2026-03-04 248.01  2026-03-05 263.93  6.42 
 LYB       LyondellBasell Industries NV   199.49                     Chemicals   2026-03-04 61.92   2026-03-05 65.88  6.40 
INTU                         Intuit Inc  1217.21                    Technology  2026-03-04 440.14  2026-03-05 466.79  6.05 
  CF         CF Industries Holdings Inc   160.91                     Chemicals  2026-03-04 104.71  2026-03-05 110.78  5.80 
ALAB                    Astera Labs Inc   193.65                Semiconductors  2026-03-04 113.77   2026-03-05 120.0  5.48 
 APP                      Applovin Corp  1628.41                    Technology  2026-03-04 482.81  2026-03-05 508.56  5.33 
  KR                          Kroger Co   430.27                        Retail   2026-03-04 67.99   2026-03-05 71.57  5.27 
  DT                      Dynatrace Inc   116.94                    Technology   2026-03-04 37.26   2026-03-05 39.21  5.23 
GDDY                        GoDaddy Inc   118.23                    Technology   2026-03-04 88.66   2026-03-05 93.13  5.04 
AVGO                       Broadcom Inc 15777.54                Semiconductors  2026-03-04 317.53  2026-03-05 332.77  4.80 

=== 市值超过100亿的涨幅榜前20名股票 ===
股票代码                公司名称                 市值(亿)                 板块                     昨天收盘               今天收盘        涨跌幅(%)
 TTD                     Trade Desk Inc   121.68                         Media   2026-03-04 25.17   2026-03-05 29.79 18.36 
EXPE                  Expedia Group Inc   271.70 Hotels, Restaurants & Leisure  2026-03-04 221.73  2026-03-05 251.54 13.44 
CRDO Credo Technology Group Holding Ltd   185.22                Semiconductors  2026-03-04 102.54  2026-03-05 114.74 11.90 
OKTA                           Okta Inc   127.14                    Technology   2026-03-04 71.74   2026-03-05 79.65 11.03 
  VG                 Venture Global Inc   237.22                        Energy   2026-03-04 11.16   2026-03-05 12.28 10.04 
BKNG               Booking Holdings Inc  1347.25 Hotels, Restaurants & Leisure 2026-03-04 4253.58 2026-03-05 4613.28  8.46 
TEAM                     Atlassian Corp   203.30                    Technology   2026-03-04 76.81   2026-03-05 82.51  7.42 
BURL              Burlington Stores Inc   189.25                        Retail  2026-03-04 300.75  2026-03-05 321.47  6.89 
 MDB                        MongoDB Inc   201.86                    Technology  2026-03-04 248.01  2026-03-05 263.93  6.42 
 LYB       LyondellBasell Industries NV   199.49                     Chemicals   2026-03-04 61.92   2026-03-05 65.88  6.40 
INTU                         Intuit Inc  1217.21                    Technology  2026-03-04 440.14  2026-03-05 466.79  6.05 
  CF         CF Industries Holdings Inc   160.91                     Chemicals  2026-03-04 104.71  2026-03-05 110.78  5.80 
ALAB                    Astera Labs Inc   193.65                Semiconductors  2026-03-04 113.77   2026-03-05 120.0  5.48 
 APP                      Applovin Corp  1628.41                    Technology  2026-03-04 482.81  2026-03-05 508.56  5.33 
  KR                          Kroger Co   430.27                        Retail   2026-03-04 67.99   2026-03-05 71.57  5.27 
  DT                      Dynatrace Inc   116.94                    Technology   2026-03-04 37.26   2026-03-05 39.21  5.23 
GDDY                        GoDaddy Inc   118.23                    Technology   2026-03-04 88.66   2026-03-05 93.13  5.04 
AVGO                       Broadcom Inc 15777.54                Semiconductors  2026-03-04 317.53  2026-03-05 332.77  4.80 
CVNA                         Carvana Co   692.12                        Retail  2026-03-04 316.26  2026-03-05 331.16  4.71 
HUBS                        HubSpot Inc   146.93                    Technology  2026-03-04 278.59  2026-03-05 291.47  4.62 

=== 市值超过200亿的涨幅榜前20名股票 ===
股票代码          公司名称          市值(亿)                 板块                     昨天收盘               今天收盘        涨跌幅(%)
EXPE     Expedia Group Inc   271.70 Hotels, Restaurants & Leisure  2026-03-04 221.73  2026-03-05 251.54 13.44 
  VG    Venture Global Inc   237.22                        Energy   2026-03-04 11.16   2026-03-05 12.28 10.04 
BKNG  Booking Holdings Inc  1347.25 Hotels, Restaurants & Leisure 2026-03-04 4253.58 2026-03-05 4613.28  8.46 
TEAM        Atlassian Corp   203.30                    Technology   2026-03-04 76.81   2026-03-05 82.51  7.42 
 MDB           MongoDB Inc   201.86                    Technology  2026-03-04 248.01  2026-03-05 263.93  6.42 
INTU            Intuit Inc  1217.21                    Technology  2026-03-04 440.14  2026-03-05 466.79  6.05 
 APP         Applovin Corp  1628.41                    Technology  2026-03-04 482.81  2026-03-05 508.56  5.33 
  KR             Kroger Co   430.27                        Retail   2026-03-04 67.99   2026-03-05 71.57  5.27 
AVGO          Broadcom Inc 15777.54                Semiconductors  2026-03-04 317.53  2026-03-05 332.77  4.80 
CVNA            Carvana Co   692.12                        Retail  2026-03-04 316.26  2026-03-05 331.16  4.71 
 CRM        Salesforce Inc  1782.13                    Technology  2026-03-04 193.08  2026-03-05 201.39  4.30 
VEEV     Veeva Systems Inc   299.19                   Health Care  2026-03-04 188.48  2026-03-05 196.06  4.02 
SHOP           Shopify Inc  1690.78                    Technology  2026-03-04 129.65  2026-03-05 134.79  3.96 
  ZS           Zscaler Inc   236.35                    Technology  2026-03-04 156.21  2026-03-05 161.96  3.68 
 NET        Cloudflare Inc   654.60                    Technology  2026-03-04 185.89  2026-03-05 192.31  3.45 
DDOG           Datadog Inc   417.20                    Technology  2026-03-04 118.33  2026-03-05 122.36  3.41 
ANET   Arista Networks Inc  1694.19                Communications  2026-03-04 134.83   2026-03-05 139.4  3.39 
SPOT Spotify Technology SA  1136.44                         Media  2026-03-04 534.09  2026-03-05 552.12  3.38 
 XYZ             Block Inc   383.52            Financial Services   2026-03-04 65.24   2026-03-05 67.38  3.28 
DASH          DoorDash Inc   772.19 Hotels, Restaurants & Leisure  2026-03-04 177.75  2026-03-05 183.48  3.22 

=== 市值超过1000亿的涨跌榜前20名股票 ===
股票代码                 公司名称                  市值(亿)                 板块                      昨天收盘               今天收盘        涨跌幅(%)
BKNG                 Booking Holdings Inc  1347.25  Hotels, Restaurants & Leisure 2026-03-04 4253.58 2026-03-05 4613.28  8.46 
INTU                           Intuit Inc  1217.21                     Technology  2026-03-04 440.14  2026-03-05 466.79  6.05 
 APP                        Applovin Corp  1628.41                     Technology  2026-03-04 482.81  2026-03-05 508.56  5.33 
AVGO                         Broadcom Inc 15777.54                 Semiconductors  2026-03-04 317.53  2026-03-05 332.77  4.80 
 CRM                       Salesforce Inc  1782.13                     Technology  2026-03-04 193.08  2026-03-05 201.39  4.30 
SHOP                          Shopify Inc  1690.78                     Technology  2026-03-04 129.65  2026-03-05 134.79  3.96 
ANET                  Arista Networks Inc  1694.19                 Communications  2026-03-04 134.83   2026-03-05 139.4  3.39 
SPOT                Spotify Technology SA  1136.44                          Media  2026-03-04 534.09  2026-03-05 552.12  3.38 
ADBE                            Adobe Inc  1121.16                     Technology  2026-03-04 273.12  2026-03-05 281.74  3.16 
 CEG            Constellation Energy Corp  1202.06                      Utilities  2026-03-04 322.85  2026-03-05 332.07  2.86 
 APH                        Amphenol Corp  1631.78           Electrical Equipment  2026-03-04 132.75  2026-03-05 136.24  2.63 
 IBM International Business Machines Corp  2345.65                     Technology  2026-03-04 250.06  2026-03-05 256.55  2.60 
 CVX                         Chevron Corp  3712.02                         Energy  2026-03-04 186.03   2026-03-05 189.9  2.08 
 ACN                        Accenture PLC  1292.14                     Technology   2026-03-04 210.0   2026-03-05 214.0  1.90 
ORCL                          Oracle Corp  4379.25                     Technology  2026-03-04 152.37  2026-03-05 154.79  1.59 
SBUX                       Starbucks Corp  1106.83  Hotels, Restaurants & Leisure   2026-03-04 97.15   2026-03-05 98.69  1.59 
MSFT                       Microsoft Corp 30088.65                     Technology   2026-03-04 405.2  2026-03-05 410.68  1.35 
SPGI                       S&P Global Inc  1331.15             Financial Services   2026-03-04 445.5  2026-03-05 451.11  1.26 
  BX                       Blackstone Inc  1395.09             Financial Services  2026-03-04 114.14  2026-03-05 115.55  1.24 
 TMO         Thermo Fisher Scientific Inc  1904.56 Life Sciences Tools & Services  2026-03-04 512.69  2026-03-05 518.84  1.20 
