
=== 涨幅榜前20名股票 ===
股票代码                 公司名称                市值(亿)               板块                     昨天收盘             今天收盘       涨跌幅(%)
SUGP               SU Group Holdings Ltd  0.09 Commercial Services & Supplies   2025-10-08 6.8 2025-10-09 10.49 54.26 
GLTO                         Galecto Inc  0.14                  Biotechnology 2025-10-08 10.65 2025-10-09 14.75 38.50 
PYXS                  Pyxis Oncology Inc  1.80                  Biotechnology  2025-10-08 2.91  2025-10-09 3.83 31.62 
  TE                       T1 Energy Inc  4.94           Electrical Equipment  2025-10-08 2.93  2025-10-09 3.83 30.72 
TLRY                   Tilray Brands Inc 19.08                Pharmaceuticals  2025-10-08 1.72   2025-10-09 2.1 22.09 
ABOS          Acumen Pharmaceuticals Inc  1.14                  Biotechnology  2025-10-08 1.88  2025-10-09 2.25 19.68 
GNLX                        Genelux Corp  1.79                  Biotechnology  2025-10-08 4.75  2025-10-09 5.67 19.37 
CABA                   Cabaletta Bio Inc  2.20                  Biotechnology  2025-10-08 2.41  2025-10-09 2.85 18.26 
PRSO                          Peraso Inc  0.09                 Semiconductors  2025-10-08 1.37  2025-10-09 1.62 18.25 
SGMT             Sagimet Biosciences Inc  2.27                  Biotechnology  2025-10-08 7.31  2025-10-09 8.62 17.92 
CRBP Corbus Pharmaceuticals Holdings Inc  1.64                  Biotechnology 2025-10-08 13.42  2025-10-09 15.7 16.99 
YGMZ      MingZhu Logistics Holdings Ltd  0.54                    Road & Rail  2025-10-08 0.72  2025-10-09 0.84 16.64 
ENTO             Entero Therapeutics Inc  0.06                  Biotechnology   2025-10-08 4.0  2025-10-09 4.66 16.50 
NEOG                         Neogen Corp 12.64                    Health Care  2025-10-08 5.82  2025-10-09 6.78 16.49 
SOBR                       Sobr Safe Inc  0.05           Electrical Equipment  2025-10-08 3.29  2025-10-09 3.81 15.81 
ENTX                      Entera Bio Ltd  0.99                  Biotechnology  2025-10-08 2.17  2025-10-09 2.51 15.67 
RVPH Reviva Pharmaceuticals Holdings Inc  0.65                Pharmaceuticals  2025-10-08 0.68  2025-10-09 0.79 15.44 
ACTU            Actuate Therapeutics Inc  1.63                  Biotechnology  2025-10-08 7.01  2025-10-09 8.09 15.41 
PHOE           Phoenix Asia Holdings Ltd  1.92                   Construction 2025-10-08 13.32 2025-10-09 15.34 15.13 
USAR                  USA Rare Earth Inc 26.32                Metals & Mining 2025-10-08 27.02 2025-10-09 31.07 14.99 

=== 市值超过20亿的涨幅榜前20名股票 ===
股票代码            公司名称            市值(亿)           板块                 昨天收盘              今天收盘       涨跌幅(%)
USAR         USA Rare Earth Inc  26.32      Metals & Mining  2025-10-08 27.02  2025-10-09 31.07 14.99 
APGE    Apogee Therapeutics Inc  28.15        Biotechnology  2025-10-08 47.24  2025-10-09 53.21 12.64 
UUUU           Energy Fuels Inc  41.52               Energy   2025-10-08 18.0   2025-10-09 19.7  9.44 
RGTI      Rigetti Computing Inc 140.14       Semiconductors  2025-10-08 43.23  2025-10-09 47.11  8.98 
SEDG Solaredge Technologies Inc  21.17       Semiconductors  2025-10-08 35.66  2025-10-09 38.61  8.27 
VKTX    Viking Therapeutics Inc  36.40        Biotechnology  2025-10-08 32.37  2025-10-09 34.98  8.06 
CFLT              Confluent Inc  76.88           Technology   2025-10-08 22.3  2025-10-09 24.08  7.98 
ASTS        AST SpaceMobile Inc 293.38    Telecommunication   2025-10-08 81.2  2025-10-09 86.79  6.88 
 NXT             Nextracker Inc 116.15 Electrical Equipment   2025-10-08 78.5  2025-10-09 83.85  6.82 
 SMR         Nuscale Power Corp 108.82 Electrical Equipment   2025-10-08 38.2  2025-10-09 40.61  6.31 
QURE                 Uniqure NV  36.94        Biotechnology  2025-10-08 59.97  2025-10-09 63.65  6.14 
XENE  Xenon Pharmaceuticals Inc  30.25        Biotechnology  2025-10-08 39.25  2025-10-09 41.28  5.17 
MLYS Mineralys Therapeutics Inc  29.08        Biotechnology  2025-10-08 37.49  2025-10-09 39.39  5.08 
COHR              Coherent Corp 181.78 Electrical Equipment 2025-10-08 116.67 2025-10-09 122.35  4.87 
 RUN                 Sunrun Inc  44.76 Electrical Equipment   2025-10-08 19.4  2025-10-09 20.32  4.74 
RDDT                 Reddit Inc 378.60                Media 2025-10-08 202.29  2025-10-09 211.7  4.65 
 KEN         Kenon Holdings Ltd  24.61            Utilities   2025-10-08 47.2  2025-10-09 49.34  4.53 
SLNO    Soleno Therapeutics Inc  33.34        Biotechnology  2025-10-08 62.74  2025-10-09 65.56  4.49 
DOCN  DigitalOcean Holdings Inc  34.45           Technology  2025-10-08 37.84  2025-10-09 39.54  4.49 
 DAL        Delta Air Lines Inc 372.96             Airlines  2025-10-08 57.12  2025-10-09 59.57  4.29 

=== 市值超过50亿的涨幅榜前20名股票 ===
股票代码              公司名称               市值(亿)                板块                     昨天收盘              今天收盘       涨跌幅(%)
RGTI          Rigetti Computing Inc  140.14                Semiconductors  2025-10-08 43.23  2025-10-09 47.11  8.98 
CFLT                  Confluent Inc   76.88                    Technology   2025-10-08 22.3  2025-10-09 24.08  7.98 
ASTS            AST SpaceMobile Inc  293.38             Telecommunication   2025-10-08 81.2  2025-10-09 86.79  6.88 
 NXT                 Nextracker Inc  116.15          Electrical Equipment   2025-10-08 78.5  2025-10-09 83.85  6.82 
 SMR             Nuscale Power Corp  108.82          Electrical Equipment   2025-10-08 38.2  2025-10-09 40.61  6.31 
COHR                  Coherent Corp  181.78          Electrical Equipment 2025-10-08 116.67 2025-10-09 122.35  4.87 
RDDT                     Reddit Inc  378.60                         Media 2025-10-08 202.29  2025-10-09 211.7  4.65 
 DAL            Delta Air Lines Inc  372.96                      Airlines  2025-10-08 57.12  2025-10-09 59.57  4.29 
SAIL                  SailPoint Inc  124.85                    Technology  2025-10-08 22.43   2025-10-09 23.3  3.88 
ETSY                       ETSY Inc   69.51                        Retail  2025-10-08 70.14  2025-10-09 72.86  3.88 
DKNG                 Draftkings Inc  168.70 Hotels, Restaurants & Leisure  2025-10-08 33.98   2025-10-09 35.2  3.59 
BROS                 Dutch Bros Inc   78.85 Hotels, Restaurants & Leisure  2025-10-08 47.93  2025-10-09 49.64  3.57 
GSAT                 Globalstar Inc   57.67             Telecommunication  2025-10-08 45.53  2025-10-09 47.06  3.36 
 CEG      Constellation Energy Corp 1159.02                     Utilities  2025-10-08 371.0 2025-10-09 383.23  3.30 
AXSM        Axsome Therapeutics Inc   59.24               Pharmaceuticals 2025-10-08 118.71 2025-10-09 122.52  3.21 
COST          Costco Wholesale Corp 4056.93                        Retail  2025-10-08 914.8 2025-10-09 942.89  3.07 
CAVA                 CAVA Group Inc   73.24 Hotels, Restaurants & Leisure  2025-10-08 63.16  2025-10-09 65.03  2.96 
AFRM            Affirm Holdings Inc  245.05            Financial Services  2025-10-08 75.25  2025-10-09 77.46  2.94 
AEIS Advanced Energy Industries Inc   65.87          Electrical Equipment 2025-10-08 174.92 2025-10-09 179.98  2.89 
ALAB                Astera Labs Inc  364.62                Semiconductors 2025-10-08 219.36 2025-10-09 225.43  2.77 

=== 市值超过100亿的涨幅榜前20名股票 ===
股票代码            公司名称            市值(亿)                板块                     昨天收盘              今天收盘       涨跌幅(%)
RGTI     Rigetti Computing Inc  140.14                Semiconductors  2025-10-08 43.23  2025-10-09 47.11  8.98 
ASTS       AST SpaceMobile Inc  293.38             Telecommunication   2025-10-08 81.2  2025-10-09 86.79  6.88 
 NXT            Nextracker Inc  116.15          Electrical Equipment   2025-10-08 78.5  2025-10-09 83.85  6.82 
 SMR        Nuscale Power Corp  108.82          Electrical Equipment   2025-10-08 38.2  2025-10-09 40.61  6.31 
COHR             Coherent Corp  181.78          Electrical Equipment 2025-10-08 116.67 2025-10-09 122.35  4.87 
RDDT                Reddit Inc  378.60                         Media 2025-10-08 202.29  2025-10-09 211.7  4.65 
 DAL       Delta Air Lines Inc  372.96                      Airlines  2025-10-08 57.12  2025-10-09 59.57  4.29 
SAIL             SailPoint Inc  124.85                    Technology  2025-10-08 22.43   2025-10-09 23.3  3.88 
DKNG            Draftkings Inc  168.70 Hotels, Restaurants & Leisure  2025-10-08 33.98   2025-10-09 35.2  3.59 
 CEG Constellation Energy Corp 1159.02                     Utilities  2025-10-08 371.0 2025-10-09 383.23  3.30 
COST     Costco Wholesale Corp 4056.93                        Retail  2025-10-08 914.8 2025-10-09 942.89  3.07 
AFRM       Affirm Holdings Inc  245.05            Financial Services  2025-10-08 75.25  2025-10-09 77.46  2.94 
ALAB           Astera Labs Inc  364.62                Semiconductors 2025-10-08 219.36 2025-10-09 225.43  2.77 
OKLO                  Oklo Inc  198.93                     Utilities 2025-10-08 134.77 2025-10-09 138.13  2.49 
CIEN                Ciena Corp  225.21                Communications 2025-10-08 159.66 2025-10-09 163.61  2.47 
  MP         MP Materials Corp  125.01               Metals & Mining  2025-10-08 70.59  2025-10-09 72.29  2.41 
RBRK                Rubrik Inc  166.36                    Technology  2025-10-08 84.25   2025-10-09 86.1  2.20 
CELH      Celsius Holdings Inc  162.29                     Beverages  2025-10-08 62.91  2025-10-09 64.26  2.15 
EXPE         Expedia Group Inc  262.78 Hotels, Restaurants & Leisure 2025-10-08 212.41 2025-10-09 216.81  2.07 
 CRM            Salesforce Inc 2288.89                    Technology 2025-10-08 240.43 2025-10-09 245.33  2.04 

=== 市值超过200亿的涨幅榜前20名股票 ===
 股票代码                   公司名称                    市值(亿)                 板块                      昨天收盘              今天收盘        涨跌幅(%)
 ASTS                      AST SpaceMobile Inc   293.38              Telecommunication   2025-10-08 81.2   2025-10-09 86.79  6.88 
 RDDT                               Reddit Inc   378.60                          Media 2025-10-08 202.29   2025-10-09 211.7  4.65 
  DAL                      Delta Air Lines Inc   372.96                       Airlines  2025-10-08 57.12   2025-10-09 59.57  4.29 
  CEG                Constellation Energy Corp  1159.02                      Utilities  2025-10-08 371.0  2025-10-09 383.23  3.30 
 COST                    Costco Wholesale Corp  4056.93                         Retail  2025-10-08 914.8  2025-10-09 942.89  3.07 
 AFRM                      Affirm Holdings Inc   245.05             Financial Services  2025-10-08 75.25   2025-10-09 77.46  2.94 
 ALAB                          Astera Labs Inc   364.62                 Semiconductors 2025-10-08 219.36  2025-10-09 225.43  2.77 
 CIEN                               Ciena Corp   225.21                 Communications 2025-10-08 159.66  2025-10-09 163.61  2.47 
 EXPE                        Expedia Group Inc   262.78  Hotels, Restaurants & Leisure 2025-10-08 212.41  2025-10-09 216.81  2.07 
  CRM                           Salesforce Inc  2288.89                     Technology 2025-10-08 240.43  2025-10-09 245.33  2.04 
  LYV            Live Nation Entertainment Inc   347.81                          Media 2025-10-08 149.95  2025-10-09 152.75  1.87 
 NVDA                              NVIDIA Corp 45953.73                 Semiconductors 2025-10-08 189.11  2025-10-09 192.57  1.83 
 SOFI                    SoFi Technologies Inc   332.15             Financial Services  2025-10-08 28.02   2025-10-09 28.45  1.53 
  CME                            CME Group Inc   954.79             Financial Services 2025-10-08 264.94  2025-10-09 268.84  1.47 
  MDB                              MongoDB Inc   265.86                     Technology 2025-10-08 326.78  2025-10-09 331.48  1.44 
  GEV                           GE Vernova Inc  1702.62           Electrical Equipment 2025-10-08 625.45  2025-10-09 634.27  1.41 
 ALNY              Alnylam Pharmaceuticals Inc   590.75                  Biotechnology 2025-10-08 450.68  2025-10-09 456.95  1.39 
  IQV                       IQVIA Holdings Inc   341.02 Life Sciences Tools & Services  2025-10-08 200.6   2025-10-09 203.0  1.20 
FCNCA First Citizens BancShares Inc (Delaware)   225.47                        Banking 2025-10-08 1756.2 2025-10-09 1776.47  1.15 
  COR                              Cencora Inc   602.20                    Health Care 2025-10-08 310.61  2025-10-09 314.12  1.13 

=== 市值超过1000亿的涨跌榜前20名股票 ===
股票代码               公司名称               市值(亿)            板块                 昨天收盘              今天收盘        涨跌幅(%)
 CEG       Constellation Energy Corp  1159.02            Utilities  2025-10-08 371.0  2025-10-09 383.23  3.30 
COST           Costco Wholesale Corp  4056.93               Retail  2025-10-08 914.8  2025-10-09 942.89  3.07 
 CRM                  Salesforce Inc  2288.89           Technology 2025-10-08 240.43  2025-10-09 245.33  2.04 
NVDA                     NVIDIA Corp 45953.73       Semiconductors 2025-10-08 189.11  2025-10-09 192.57  1.83 
 GEV                  GE Vernova Inc  1702.62 Electrical Equipment 2025-10-08 625.45  2025-10-09 634.27  1.41 
HOOD           Robinhood Markets Inc  1340.74   Financial Services 2025-10-08 150.87  2025-10-09 152.46  1.05 
PLTR       Palantir Technologies Inc  4354.68           Technology 2025-10-08 183.56  2025-10-09 185.47  1.04 
  PM Philip Morris International Inc  2416.92              Tobacco 2025-10-08 155.27  2025-10-09 156.85  1.02 
INTC                      Intel Corp  1748.08       Semiconductors  2025-10-08 37.43    2025-10-09 37.8  0.99 
IBKR   Interactive Brokers Group Inc  1224.72   Financial Services  2025-10-08 72.05   2025-10-09 72.62  0.79 
 MMC  Marsh & McLennan Companies Inc  1006.60            Insurance 2025-10-08 204.75   2025-10-09 206.0  0.61 
ANET             Arista Networks Inc  1977.80       Communications 2025-10-08 157.36  2025-10-09 158.23  0.55 
 JPM             JPMorgan Chase & Co  8360.08              Banking 2025-10-08 304.03  2025-10-09 305.53  0.49 
  MO                Altria Group Inc  1098.98              Tobacco  2025-10-08 65.42   2025-10-09 65.72  0.46 
  GS         Goldman Sachs Group Inc  2350.66   Financial Services 2025-10-08 776.51  2025-10-09 779.96  0.44 
  KO                    Coca-Cola Co  2845.58            Beverages  2025-10-08 66.12   2025-10-09 66.37  0.38 
 BLK                   BlackRock Inc  1901.11   Financial Services 2025-10-08 1165.0 2025-10-09 1167.43  0.21 
 ETN           Eaton Corporation PLC  1466.49 Electrical Equipment  2025-10-08 376.7  2025-10-09 377.19  0.13 
 ADI              Analog Devices Inc  1170.51       Semiconductors 2025-10-08 237.93  2025-10-09 237.88 -0.02 
 BAC            Bank of America Corp  3691.62              Banking  2025-10-08 49.84   2025-10-09 49.79 -0.10 
