
=== 涨幅榜前20名股票 ===
 股票代码               公司名称               市值(亿)            板块                 昨天收盘              今天收盘       涨跌幅(%)
FAASF                    DigiAsia Corp   0.01    Financial Services    2026-05-07 0.0   2026-05-08 0.02 500.00
 AEHL Antelope Enterprise Holdings Ltd   0.02                 Media   2026-05-07 0.51    2026-05-08 1.2 135.29
 YMAT            J-Star Holding Co Ltd   0.05      Leisure Products   2026-05-07 0.24   2026-05-08 0.51 110.33
 INOD                     Innodata Inc  14.88 Professional Services  2026-05-07 45.64  2026-05-08 84.89  86.00
  RXT         Rackspace Technology Inc   8.69            Technology   2026-05-07 3.52   2026-05-08 5.49  55.97
 AIIO                      Robo.ai Inc   0.12           Automobiles   2026-05-07 0.59   2026-05-08 0.86  46.01
 PTIX      Protagenic Therapeutics Inc   0.01         Biotechnology   2026-05-07 0.58   2026-05-08 0.79  36.21
 RKLB                  Rocket Lab Corp 452.44   Aerospace & Defense  2026-05-07 78.58 2026-05-08 105.47  34.22
 LGMK                    LogicMark Inc   0.00           Health Care   2026-05-07 0.53    2026-05-08 0.7  32.08
 CODX               Co-Diagnostics Inc   0.07           Health Care   2026-05-07 1.93   2026-05-08 2.53  31.09
 ARAY                      Accuray Inc   0.35           Health Care   2026-05-07 0.29   2026-05-08 0.38  31.03
  AMN      AMN Healthcare Services Inc   8.68           Health Care  2026-05-07 22.45  2026-05-08 28.97  29.04
 MASK 3 E Network Technology Group Ltd   0.04            Technology   2026-05-07 2.48   2026-05-08 3.18  28.23
  SIF             SIFCO Industries Inc   1.23   Aerospace & Defense  2026-05-07 15.55  2026-05-08 19.86  27.72
 FLNC               Fluence Energy Inc  34.89  Electrical Equipment  2026-05-07 18.97  2026-05-08 24.16  27.36
 VRAX          Virax Biolabs Group Ltd   0.03           Health Care   2026-05-07 0.14   2026-05-08 0.17  26.67
 AKAM          Akamai Technologies Inc 171.79            Technology 2026-05-07 116.69 2026-05-08 147.71  26.58
TPICQ               TPI Composites Inc   0.00  Electrical Equipment   2026-05-07 0.01   2026-05-08 0.01  26.36
 PHOE        Phoenix Asia Holdings Ltd   4.12          Construction  2026-05-07 19.06  2026-05-08 24.06  26.23
 EOSE       Eos Energy Enterprises Inc  21.59  Electrical Equipment   2026-05-07 6.36   2026-05-08 8.01  25.94

=== 市值超过20亿的涨幅榜前20名股票 ===
 股票代码            公司名称             市值(亿)                板块                     昨天收盘               今天收盘        涨跌幅(%)
 RKLB            Rocket Lab Corp  452.44           Aerospace & Defense   2026-05-07 78.58  2026-05-08 105.47 34.22 
 FLNC         Fluence Energy Inc   34.89          Electrical Equipment   2026-05-07 18.97   2026-05-08 24.16 27.36 
 AKAM    Akamai Technologies Inc  171.79                    Technology  2026-05-07 116.69  2026-05-08 147.71 26.58 
 EOSE Eos Energy Enterprises Inc   21.59          Electrical Equipment    2026-05-07 6.36    2026-05-08 8.01 25.94 
 FROG                  Jfrog Ltd   69.08                    Technology   2026-05-07 57.02   2026-05-08 70.55 23.73 
  FLY      Firefly Aerospace Inc   51.85           Aerospace & Defense   2026-05-07 32.36   2026-05-08 39.68 22.62 
  MXL              Maxlinear Inc   73.76                Semiconductors   2026-05-07 82.37   2026-05-08 99.83 21.20 
 LUNR     Intuitive Machines Inc   52.27           Aerospace & Defense   2026-05-07 24.11   2026-05-08 28.97 20.16 
 NSIT    Insight Enterprises Inc   25.20          Electrical Equipment   2026-05-07 70.37   2026-05-08 83.79 19.07 
 CALY           Callaway Golf Co   26.88              Leisure Products   2026-05-07 14.77   2026-05-08 17.52 18.62 
 SYNA              Synaptics Inc   40.98                Semiconductors   2026-05-07 105.8  2026-05-08 125.43 18.55 
SLOIF                  Soitec SA   52.52                Semiconductors  2026-05-07 174.54   2026-05-08 204.0 16.88 
 SNDK               Sandisk Corp 2313.67                    Technology 2026-05-07 1339.96 2026-05-08 1562.34 16.60 
   PS        Pershing Square Inc  143.76            Financial Services   2026-05-07 35.94   2026-05-08 41.62 15.80 
   MU      Micron Technology Inc 7292.27                Semiconductors  2026-05-07 646.63  2026-05-08 746.81 15.49 
 NVTS Navitas Semiconductor Corp   36.90                Semiconductors   2026-05-07 15.79    2026-05-08 18.2 15.26 
  DBX                Dropbox Inc   60.00                    Technology   2026-05-07 25.13    2026-05-08 28.9 15.00 
 ASTS        AST SpaceMobile Inc  253.60             Telecommunication   2026-05-07 65.35   2026-05-08 75.05 14.84 
 CVSA                Covista Inc   40.37 Diversified Consumer Services   2026-05-07 117.0  2026-05-08 133.73 14.30 
 PTCT       PTC Therapeutics Inc   53.47                 Biotechnology   2026-05-07 64.49   2026-05-08 73.69 14.27 

=== 市值超过50亿的涨幅榜前20名股票 ===
 股票代码           公司名称           市值(亿)                板块                     昨天收盘               今天收盘        涨跌幅(%)
 RKLB         Rocket Lab Corp  452.44           Aerospace & Defense   2026-05-07 78.58  2026-05-08 105.47 34.22 
 AKAM Akamai Technologies Inc  171.79                    Technology  2026-05-07 116.69  2026-05-08 147.71 26.58 
 FROG               Jfrog Ltd   69.08                    Technology   2026-05-07 57.02   2026-05-08 70.55 23.73 
  FLY   Firefly Aerospace Inc   51.85           Aerospace & Defense   2026-05-07 32.36   2026-05-08 39.68 22.62 
  MXL           Maxlinear Inc   73.76                Semiconductors   2026-05-07 82.37   2026-05-08 99.83 21.20 
 LUNR  Intuitive Machines Inc   52.27           Aerospace & Defense   2026-05-07 24.11   2026-05-08 28.97 20.16 
SLOIF               Soitec SA   52.52                Semiconductors  2026-05-07 174.54   2026-05-08 204.0 16.88 
 SNDK            Sandisk Corp 2313.67                    Technology 2026-05-07 1339.96 2026-05-08 1562.34 16.60 
   PS     Pershing Square Inc  143.76            Financial Services   2026-05-07 35.94   2026-05-08 41.62 15.80 
   MU   Micron Technology Inc 7292.27                Semiconductors  2026-05-07 646.63  2026-05-08 746.81 15.49 
  DBX             Dropbox Inc   60.00                    Technology   2026-05-07 25.13    2026-05-08 28.9 15.00 
 ASTS     AST SpaceMobile Inc  253.60             Telecommunication   2026-05-07 65.35   2026-05-08 75.05 14.84 
 PTCT    PTC Therapeutics Inc   53.47                 Biotechnology   2026-05-07 64.49   2026-05-08 73.69 14.27 
 INTC              Intel Corp 6278.48                Semiconductors  2026-05-07 109.62  2026-05-08 124.92 13.96 
BAIDF               Baidu Inc  464.08                         Media   2026-05-07 16.34    2026-05-08 18.6 13.80 
 MNST   Monster Beverage Corp  843.84                     Beverages   2026-05-07 75.97   2026-05-08 86.29 13.58 
 DELL   Dell Technologies Inc 1503.77                    Technology  2026-05-07 230.27  2026-05-08 260.46 13.11 
 CPAY              Corpay Inc  202.20            Financial Services  2026-05-07 305.75  2026-05-08 343.99 12.51 
  GEN         Gen Digital Inc  122.28                    Technology   2026-05-07 20.19   2026-05-08 22.68 12.33 
 TXRH     Texas Roadhouse Inc  104.12 Hotels, Restaurants & Leisure  2026-05-07 157.93  2026-05-08 177.38 12.32 

=== 市值超过100亿的涨幅榜前20名股票 ===
 股票代码            公司名称             市值(亿)                板块                     昨天收盘               今天收盘        涨跌幅(%)
 RKLB            Rocket Lab Corp  452.44           Aerospace & Defense   2026-05-07 78.58  2026-05-08 105.47 34.22 
 AKAM    Akamai Technologies Inc  171.79                    Technology  2026-05-07 116.69  2026-05-08 147.71 26.58 
 SNDK               Sandisk Corp 2313.67                    Technology 2026-05-07 1339.96 2026-05-08 1562.34 16.60 
   PS        Pershing Square Inc  143.76            Financial Services   2026-05-07 35.94   2026-05-08 41.62 15.80 
   MU      Micron Technology Inc 7292.27                Semiconductors  2026-05-07 646.63  2026-05-08 746.81 15.49 
 ASTS        AST SpaceMobile Inc  253.60             Telecommunication   2026-05-07 65.35   2026-05-08 75.05 14.84 
 INTC                 Intel Corp 6278.48                Semiconductors  2026-05-07 109.62  2026-05-08 124.92 13.96 
BAIDF                  Baidu Inc  464.08                         Media   2026-05-07 16.34    2026-05-08 18.6 13.80 
 MNST      Monster Beverage Corp  843.84                     Beverages   2026-05-07 75.97   2026-05-08 86.29 13.58 
 DELL      Dell Technologies Inc 1503.77                    Technology  2026-05-07 230.27  2026-05-08 260.46 13.11 
 CPAY                 Corpay Inc  202.20            Financial Services  2026-05-07 305.75  2026-05-08 343.99 12.51 
  GEN            Gen Digital Inc  122.28                    Technology   2026-05-07 20.19   2026-05-08 22.68 12.33 
 TXRH        Texas Roadhouse Inc  104.12 Hotels, Restaurants & Leisure  2026-05-07 157.93  2026-05-08 177.38 12.32 
 MRNA                Moderna Inc  192.60                 Biotechnology   2026-05-07 48.54   2026-05-08 54.35 11.97 
  AMD Advanced Micro Devices Inc 6659.28                Semiconductors  2026-05-07 408.46  2026-05-08 455.19 11.44 
  HUM                 Humana Inc  296.70                   Health Care  2026-05-07 247.12  2026-05-08 274.96 11.27 
  RKT       Rocket Companies Inc  399.00            Financial Services   2026-05-07 14.15   2026-05-08 15.69 10.88 
   PL            Planet Labs PBC  121.98         Professional Services   2026-05-07 35.24   2026-05-08 39.04 10.78 
BABAF  Alibaba Group Holding Ltd 3285.98                        Retail   2026-05-07 16.26   2026-05-08 17.85  9.78 
 DOCN  DigitalOcean Holdings Inc  157.00                    Technology  2026-05-07 150.43  2026-05-08 163.95  8.99 

=== 市值超过200亿的涨幅榜前20名股票 ===
 股票代码                公司名称                市值(亿)           板块                 昨天收盘               今天收盘        涨跌幅(%)
 RKLB                   Rocket Lab Corp  452.44  Aerospace & Defense   2026-05-07 78.58  2026-05-08 105.47 34.22 
 SNDK                      Sandisk Corp 2313.67           Technology 2026-05-07 1339.96 2026-05-08 1562.34 16.60 
   MU             Micron Technology Inc 7292.27       Semiconductors  2026-05-07 646.63  2026-05-08 746.81 15.49 
 ASTS               AST SpaceMobile Inc  253.60    Telecommunication   2026-05-07 65.35   2026-05-08 75.05 14.84 
 INTC                        Intel Corp 6278.48       Semiconductors  2026-05-07 109.62  2026-05-08 124.92 13.96 
BAIDF                         Baidu Inc  464.08                Media   2026-05-07 16.34    2026-05-08 18.6 13.80 
 MNST             Monster Beverage Corp  843.84            Beverages   2026-05-07 75.97   2026-05-08 86.29 13.58 
 DELL             Dell Technologies Inc 1503.77           Technology  2026-05-07 230.27  2026-05-08 260.46 13.11 
 CPAY                        Corpay Inc  202.20   Financial Services  2026-05-07 305.75  2026-05-08 343.99 12.51 
  AMD        Advanced Micro Devices Inc 6659.28       Semiconductors  2026-05-07 408.46  2026-05-08 455.19 11.44 
  HUM                        Humana Inc  296.70          Health Care  2026-05-07 247.12  2026-05-08 274.96 11.27 
  RKT              Rocket Companies Inc  399.00   Financial Services   2026-05-07 14.15   2026-05-08 15.69 10.88 
BABAF         Alibaba Group Holding Ltd 3285.98               Retail   2026-05-07 16.26   2026-05-08 17.85  9.78 
 QCOM                      Qualcomm Inc 2134.88       Semiconductors  2026-05-07 202.55  2026-05-08 219.09  8.17 
 FLEX                          Flex Ltd  489.04 Electrical Equipment  2026-05-07 133.01  2026-05-08 142.17  6.89 
   AU             Anglogold Ashanti PLC  506.17      Metals & Mining  2026-05-07 100.23  2026-05-08 107.03  6.78 
 TECK                Teck Resources Ltd  297.17      Metals & Mining   2026-05-07 60.76   2026-05-08 64.87  6.76 
  XYZ                         Block Inc  396.30   Financial Services   2026-05-07 70.14   2026-05-08 74.85  6.72 
 MRVL            Marvell Technology Inc 1399.22       Semiconductors  2026-05-07 160.01  2026-05-08 170.13  6.32 
 DDOG Datadog Inc (Pre-Reincorporation)  665.81           Technology  2026-05-07 188.73  2026-05-08 200.16  6.06 

=== 市值超过1000亿的涨跌榜前20名股票 ===
 股票代码            公司名称             市值(亿)            板块                 昨天收盘               今天收盘        涨跌幅(%)
 SNDK               Sandisk Corp  2313.67           Technology 2026-05-07 1339.96 2026-05-08 1562.34 16.60 
   MU      Micron Technology Inc  7292.27       Semiconductors  2026-05-07 646.63  2026-05-08 746.81 15.49 
 INTC                 Intel Corp  6278.48       Semiconductors  2026-05-07 109.62  2026-05-08 124.92 13.96 
 DELL      Dell Technologies Inc  1503.77           Technology  2026-05-07 230.27  2026-05-08 260.46 13.11 
  AMD Advanced Micro Devices Inc  6659.28       Semiconductors  2026-05-07 408.46  2026-05-08 455.19 11.44 
BABAF  Alibaba Group Holding Ltd  3285.98               Retail   2026-05-07 16.26   2026-05-08 17.85  9.78 
 QCOM               Qualcomm Inc  2134.88       Semiconductors  2026-05-07 202.55  2026-05-08 219.09  8.17 
 MRVL     Marvell Technology Inc  1399.22       Semiconductors  2026-05-07 160.01  2026-05-08 170.13  6.32 
 AMAT      Applied Materials Inc  3258.88       Semiconductors  2026-05-07 410.64  2026-05-08 435.44  6.04 
SBGSF      Schneider Electric SE  1592.24 Electrical Equipment  2026-05-07 317.82   2026-05-08 337.0  6.03 
 KLAC                   KLA Corp  2303.29       Semiconductors 2026-05-07 1763.25 2026-05-08 1869.19  6.01 
ASMLF            ASML Holding NV  4984.90       Semiconductors 2026-05-07 1494.89 2026-05-08 1582.52  5.86 
 CSCO          Cisco Systems Inc  3640.22       Communications   2026-05-07 92.16   2026-05-08 96.57  4.79 
 AVGO               Broadcom Inc 20359.07       Semiconductors  2026-05-07 412.56   2026-05-08 430.0  4.23 
 TSLA                  Tesla Inc 15465.69          Automobiles  2026-05-07 411.79  2026-05-08 428.35  4.02 
  CVS            CVS Health Corp  1119.61          Health Care   2026-05-07 87.36   2026-05-08 90.55  3.65 
 SCCO       Southern Copper Corp  1483.12      Metals & Mining  2026-05-07 179.54  2026-05-08 185.29  3.20 
  UNH     UnitedHealth Group Inc  3357.77          Health Care  2026-05-07 369.74  2026-05-08 379.98  2.77 
   BA                  Boeing Co  1821.21  Aerospace & Defense  2026-05-07 231.03  2026-05-08 237.36  2.74 
  NEM        Newmont Corporation  1211.57      Metals & Mining  2026-05-07 113.49  2026-05-08 116.51  2.66 
