
=== 涨幅榜前20名股票 ===
股票代码               公司名称              市值(亿)               板块                    昨天收盘            今天收盘       涨跌幅(%)
  EQ                   Equillium Inc  0.18                 Biotechnology  2025-08-08 0.5  2025-08-11 0.89 77.16 
ENTO         Entero Therapeutics Inc  0.02                 Biotechnology 2025-08-08 0.37  2025-08-11 0.61 66.41 
 TLS                      Telos Corp  1.75                    Technology 2025-08-08 2.38  2025-08-11 3.87 62.61 
IMXI International Money Express Inc  2.78            Financial Services 2025-08-08 9.28  2025-08-11 14.9 60.56 
BTAI        BioXcel Therapeutics Inc  0.24                 Biotechnology 2025-08-08 4.04   2025-08-11 6.4 58.42 
NAKA                   Kindly MD Inc  0.73                   Health Care 2025-08-08 9.57 2025-08-11 14.28 49.22 
 AGH    Aureus Greenway Holdings Inc  0.87 Hotels, Restaurants & Leisure 2025-08-08 2.64  2025-08-11 3.88 46.97 
ANTE           Airnet Technology Inc  0.70                         Media 2025-08-08 2.34   2025-08-11 3.4 45.51 
MTNB  Matinas BioPharma Holdings Inc  0.06                 Biotechnology 2025-08-08 1.13   2025-08-11 1.6 41.59 
TLRY               Tilray Brands Inc  7.14               Pharmaceuticals 2025-08-08 0.65  2025-08-11 0.92 41.54 
UGRO                   urban-gro Inc  0.04                     Machinery 2025-08-08 0.33  2025-08-11 0.46 40.03 
ONEG       OneConstruction Group Ltd  0.84                  Construction 2025-08-08 6.45   2025-08-11 8.9 37.98 
FEAM       5E Advanced Materials Inc  0.75               Metals & Mining 2025-08-08 3.77   2025-08-11 5.2 37.93 
 VFF Village Farms International Inc  1.93                 Food Products 2025-08-08 1.72  2025-08-11 2.31 34.30 
BJDX         Bluejay Diagnostics Inc  0.02                   Health Care  2025-08-08 1.4  2025-08-11 1.88 34.29 
 MTC                       MMTEC Inc  0.22                    Technology 2025-08-08 0.87  2025-08-11 1.16 32.88 
HURA          TuHURA Biosciences Inc  1.07                 Biotechnology  2025-08-08 2.3  2025-08-11 3.05 32.61 
PBYI          Puma Biotechnology Inc  1.83                 Biotechnology 2025-08-08 3.69  2025-08-11 4.85 31.44 
 LAR            Lithium Argentina AG  4.55               Metals & Mining 2025-08-08 2.81  2025-08-11 3.67 30.60 
ASST              Asset Entities Inc  0.55                         Media 2025-08-08 3.29  2025-08-11 4.27 29.79 

=== 市值超过20亿的涨幅榜前20名股票 ===
股票代码             公司名称              市值(亿)                板块                      昨天收盘              今天收盘       涨跌幅(%)
TGNA                    Tegna Inc   24.63                          Media  2025-08-08 15.31  2025-08-11 19.87 29.78 
SOUN            SoundHound AI Inc   54.44                     Technology  2025-08-08 13.55   2025-08-11 15.9 17.34 
RDNT                   RadNet Inc   41.03                    Health Care  2025-08-08 53.36   2025-08-11 62.0 16.19 
TMDX        Transmedics Group Inc   39.03                    Health Care  2025-08-08 114.5 2025-08-11 127.26 11.14 
 TKO       TKO Group Holdings Inc  323.16                          Media 2025-08-08 163.29  2025-08-11 180.0 10.23 
MIRM    Mirum Pharmaceuticals Inc   30.13                  Biotechnology  2025-08-08 59.97  2025-08-11 65.87  9.84 
 ELF               elf Beauty Inc   57.74              Consumer products 2025-08-08 101.77 2025-08-11 111.67  9.73 
GRND                   Grindr Inc   30.78                          Media  2025-08-08 15.69  2025-08-11 16.94  7.97 
IONQ                     IONQ Inc  124.23                     Technology  2025-08-08 41.85  2025-08-11 44.94  7.38 
 ALB               Albemarle Corp   88.83                      Chemicals  2025-08-08 75.48  2025-08-11 80.76  7.00 
LMND                 Lemonade Inc   36.19                      Insurance  2025-08-08 48.98  2025-08-11 52.37  6.92 
PTGX Protagonist Therapeutics Inc   31.77                  Biotechnology  2025-08-08 51.07  2025-08-11 53.75  5.25 
PTON      Peloton Interactive Inc   31.25               Leisure Products   2025-08-08 7.84   2025-08-11 8.25  5.23 
AVTR                  Avantor Inc   78.40 Life Sciences Tools & Services   2025-08-08 11.5   2025-08-11 12.1  5.22 
  EA          Electronic Arts Inc  419.45                          Media 2025-08-08 167.64 2025-08-11 176.11  5.05 
TARS   Tarsus Pharmaceuticals Inc   20.20                Pharmaceuticals  2025-08-08 47.85  2025-08-11 50.07  4.64 
CHYM          Chime Financial Inc  105.28             Financial Services  2025-08-08 28.89  2025-08-11 30.21  4.57 
SLNO      Soleno Therapeutics Inc   43.76                  Biotechnology  2025-08-08 82.35  2025-08-11 85.76  4.14 
TGLS               Tecnoglass Inc   34.93                       Building  2025-08-08 74.35  2025-08-11 77.37  4.06 
  MU        Micron Technology Inc 1330.53                 Semiconductors 2025-08-08 118.89 2025-08-11 123.72  4.06 

=== 市值超过50亿的涨幅榜前20名股票 ===
股票代码             公司名称              市值(亿)                板块                      昨天收盘              今天收盘       涨跌幅(%)
SOUN            SoundHound AI Inc   54.44                     Technology  2025-08-08 13.55   2025-08-11 15.9 17.34 
 TKO       TKO Group Holdings Inc  323.16                          Media 2025-08-08 163.29  2025-08-11 180.0 10.23 
 ELF               elf Beauty Inc   57.74              Consumer products 2025-08-08 101.77 2025-08-11 111.67  9.73 
IONQ                     IONQ Inc  124.23                     Technology  2025-08-08 41.85  2025-08-11 44.94  7.38 
 ALB               Albemarle Corp   88.83                      Chemicals  2025-08-08 75.48  2025-08-11 80.76  7.00 
AVTR                  Avantor Inc   78.40 Life Sciences Tools & Services   2025-08-08 11.5   2025-08-11 12.1  5.22 
  EA          Electronic Arts Inc  419.45                          Media 2025-08-08 167.64 2025-08-11 176.11  5.05 
CHYM          Chime Financial Inc  105.28             Financial Services  2025-08-08 28.89  2025-08-11 30.21  4.57 
  MU        Micron Technology Inc 1330.53                 Semiconductors 2025-08-08 118.89 2025-08-11 123.72  4.06 
CELH         Celsius Holdings Inc  134.00                      Beverages  2025-08-08 51.95   2025-08-11 54.0  3.95 
NXST      Nexstar Media Group Inc   56.32                          Media  2025-08-08 186.8 2025-08-11 194.07  3.89 
 USM  United States Cellular Corp   63.13              Telecommunication  2025-08-08 74.25  2025-08-11 77.01  3.72 
BBIO         BridgeBio Pharma Inc   89.05                  Biotechnology  2025-08-08 46.58  2025-08-11 48.24  3.56 
MEDP         Medpace Holdings Inc  122.02 Life Sciences Tools & Services 2025-08-08 434.35 2025-08-11 449.77  3.55 
INTC                   Intel Corp  873.21                 Semiconductors  2025-08-08 19.95  2025-08-11 20.65  3.51 
NTRA                   Natera Inc  207.48                  Biotechnology 2025-08-08 151.95 2025-08-11 157.04  3.35 
 LTH Life Time Group Holdings Inc   59.35  Hotels, Restaurants & Leisure  2025-08-08 26.98  2025-08-11 27.84  3.19 
INSM                   Insmed Inc  208.09                  Biotechnology 2025-08-08 109.55 2025-08-11 112.89  3.05 
VRNS          Varonis Systems Inc   59.53                     Technology  2025-08-08 52.79  2025-08-11 54.39  3.03 
COIN          Coinbase Global Inc  797.90             Financial Services 2025-08-08 310.54 2025-08-11 319.62  2.92 

=== 市值超过100亿的涨幅榜前20名股票 ===
股票代码                    公司名称                    市值(亿)                 板块                      昨天收盘              今天收盘       涨跌幅(%)
 TKO                    TKO Group Holdings Inc   323.16                          Media 2025-08-08 163.29  2025-08-11 180.0 10.23 
IONQ                                  IONQ Inc   124.23                     Technology  2025-08-08 41.85  2025-08-11 44.94  7.38 
  EA                       Electronic Arts Inc   419.45                          Media 2025-08-08 167.64 2025-08-11 176.11  5.05 
CHYM                       Chime Financial Inc   105.28             Financial Services  2025-08-08 28.89  2025-08-11 30.21  4.57 
  MU                     Micron Technology Inc  1330.53                 Semiconductors 2025-08-08 118.89 2025-08-11 123.72  4.06 
CELH                      Celsius Holdings Inc   134.00                      Beverages  2025-08-08 51.95   2025-08-11 54.0  3.95 
MEDP                      Medpace Holdings Inc   122.02 Life Sciences Tools & Services 2025-08-08 434.35 2025-08-11 449.77  3.55 
INTC                                Intel Corp   873.21                 Semiconductors  2025-08-08 19.95  2025-08-11 20.65  3.51 
NTRA                                Natera Inc   207.48                  Biotechnology 2025-08-08 151.95 2025-08-11 157.04  3.35 
INSM                                Insmed Inc   208.09                  Biotechnology 2025-08-08 109.55 2025-08-11 112.89  3.05 
COIN                       Coinbase Global Inc   797.90             Financial Services 2025-08-08 310.54 2025-08-11 319.62  2.92 
TSLA                                 Tesla Inc 10632.69                    Automobiles 2025-08-08 329.65 2025-08-11 339.03  2.85 
 EIX                      Edison International   206.93                      Utilities  2025-08-08 53.77  2025-08-11 55.25  2.75 
JOBY                         Joby Aviation Inc   131.76                       Airlines  2025-08-08 16.64  2025-08-11 17.07  2.58 
RDDT                                Reddit Inc   403.21                          Media 2025-08-08 215.44 2025-08-11 220.75  2.46 
KTOS Kratos Defense and Security Solutions Inc   106.32            Aerospace & Defense  2025-08-08 63.88  2025-08-11 65.41  2.40 
EBAY                                  eBay Inc   425.65                         Retail  2025-08-08 93.14   2025-08-11 95.3  2.32 
  MO                          Altria Group Inc  1078.32                        Tobacco  2025-08-08 64.19  2025-08-11 65.67  2.31 
CTVA                               Corteva Inc   483.73                      Chemicals  2025-08-08 70.91  2025-08-11 72.46  2.19 
 EQH                    Equitable Holdings Inc   156.80             Financial Services  2025-08-08 51.98  2025-08-11 53.11  2.17 

=== 市值超过200亿的涨幅榜前20名股票 ===
股票代码            公司名称             市值(亿)                 板块                     昨天收盘              今天收盘       涨跌幅(%)
 TKO     TKO Group Holdings Inc   323.16                         Media 2025-08-08 163.29  2025-08-11 180.0 10.23 
  EA        Electronic Arts Inc   419.45                         Media 2025-08-08 167.64 2025-08-11 176.11  5.05 
  MU      Micron Technology Inc  1330.53                Semiconductors 2025-08-08 118.89 2025-08-11 123.72  4.06 
INTC                 Intel Corp   873.21                Semiconductors  2025-08-08 19.95  2025-08-11 20.65  3.51 
NTRA                 Natera Inc   207.48                 Biotechnology 2025-08-08 151.95 2025-08-11 157.04  3.35 
INSM                 Insmed Inc   208.09                 Biotechnology 2025-08-08 109.55 2025-08-11 112.89  3.05 
COIN        Coinbase Global Inc   797.90            Financial Services 2025-08-08 310.54 2025-08-11 319.62  2.92 
TSLA                  Tesla Inc 10632.69                   Automobiles 2025-08-08 329.65 2025-08-11 339.03  2.85 
 EIX       Edison International   206.93                     Utilities  2025-08-08 53.77  2025-08-11 55.25  2.75 
RDDT                 Reddit Inc   403.21                         Media 2025-08-08 215.44 2025-08-11 220.75  2.46 
EBAY                   eBay Inc   425.65                        Retail  2025-08-08 93.14   2025-08-11 95.3  2.32 
  MO           Altria Group Inc  1078.32                       Tobacco  2025-08-08 64.19  2025-08-11 65.67  2.31 
CTVA                Corteva Inc   483.73                     Chemicals  2025-08-08 70.91  2025-08-11 72.46  2.19 
 VIK        Viking Holdings Ltd   250.74 Hotels, Restaurants & Leisure  2025-08-08 56.58   2025-08-11 57.8  2.16 
VRTX Vertex Pharmaceuticals Inc   963.08                 Biotechnology 2025-08-08 366.54 2025-08-11 374.46  2.16 
 APP              Applovin Corp  1542.35                    Technology 2025-08-08 455.98 2025-08-11 465.58  2.11 
 COR                Cencora Inc   552.80                   Health Care 2025-08-08 285.13  2025-08-11 290.7  1.95 
 RKT       Rocket Companies Inc   353.77            Financial Services  2025-08-08 16.81  2025-08-11 17.11  1.78 
 MSI     Motorola Solutions Inc   756.81                Communications 2025-08-08 453.41 2025-08-11 460.94  1.66 
TMUS            T-Mobile US Inc  2757.05             Telecommunication 2025-08-08 244.98 2025-08-11 248.87  1.59 

=== 市值超过1000亿的涨跌榜前20名股票 ===
股票代码              公司名称              市值(亿)           板块                昨天收盘               今天收盘        涨跌幅(%)
  MU         Micron Technology Inc  1330.53     Semiconductors  2025-08-08 118.89  2025-08-11 123.72  4.06 
TSLA                     Tesla Inc 10632.69        Automobiles  2025-08-08 329.65  2025-08-11 339.03  2.85 
  MO              Altria Group Inc  1078.32            Tobacco   2025-08-08 64.19   2025-08-11 65.67  2.31 
 APP                 Applovin Corp  1542.35         Technology  2025-08-08 455.98  2025-08-11 465.58  2.11 
TMUS               T-Mobile US Inc  2757.05  Telecommunication  2025-08-08 244.98  2025-08-11 248.87  1.59 
 LLY              Eli Lilly and Co  5929.51    Pharmaceuticals  2025-08-08 625.65  2025-08-11 635.22  1.53 
MSTR             Microstrategy Inc  1120.40         Technology  2025-08-08 395.13  2025-08-11 400.25  1.30 
 CME                 CME Group Inc  1017.03 Financial Services  2025-08-08 282.21  2025-08-11 285.75  1.25 
UBER         Uber Technologies Inc  1867.70        Road & Rail   2025-08-08 89.56   2025-08-11 90.58  1.14 
ORCL                   Oracle Corp  7023.49         Technology  2025-08-08 250.05  2025-08-11 252.68  1.05 
  PG           Procter & Gamble Co  3595.77  Consumer products  2025-08-08 153.51  2025-08-11 154.98  0.96 
GILD           Gilead Sciences Inc  1485.38      Biotechnology  2025-08-08 119.41  2025-08-11 120.47  0.89 
COST         Costco Wholesale Corp  4350.42             Retail  2025-08-08 980.98  2025-08-11 988.74  0.79 
 TJX             TJX Companies Inc  1465.58             Retail  2025-08-08 131.37   2025-08-11 132.4  0.78 
  BX                Blackstone Inc  2061.94 Financial Services  2025-08-08 168.91  2025-08-11 170.07  0.69 
 UNH        UnitedHealth Group Inc  2275.92        Health Care  2025-08-08 250.89  2025-08-11 252.37  0.59 
  KO                  Coca-Cola Co  3027.20          Beverages   2025-08-08 70.34   2025-08-11 70.75  0.58 
NFLX                   Netflix Inc  5148.58              Media 2025-08-08 1211.64 2025-08-11 1218.31  0.55 
  MS                Morgan Stanley  2285.63 Financial Services  2025-08-08 143.18  2025-08-11 143.88  0.49 
IBKR Interactive Brokers Group Inc  1114.08 Financial Services   2025-08-08 65.91   2025-08-11 66.18  0.41 
