
=== 涨幅榜前20名股票 ===
股票代码                 公司名称                  市值(亿)                板块                     昨天收盘               今天收盘        涨跌幅(%)
VRME                         VerifyMe Inc    0.13          Electrical Equipment    2026-01-14 1.07    2026-01-15 1.41 31.78 
RFIL                    RF Industries Ltd    0.77          Electrical Equipment    2026-01-14 7.21    2026-01-15 8.84 22.61 
SSYS                        Stratasys Ltd    8.61                     Machinery   2026-01-14 10.13   2026-01-15 11.62 14.71 
ULBI                       Ultralife Corp    1.04          Electrical Equipment    2026-01-14 6.24    2026-01-15 7.04 12.82 
SYPR                 Sypris Solutions Inc    0.69               Auto Components    2026-01-14 3.01    2026-01-15 3.34 10.96 
INSG                         Inseego Corp    1.64                Communications   2026-01-14 10.68   2026-01-15 11.68  9.36 
PLAB                       Photronics Inc   18.56                Semiconductors   2026-01-14 31.42   2026-01-15 34.22  8.91 
CBRL Cracker Barrel Old Country Store Inc    7.56 Hotels, Restaurants & Leisure   2026-01-14 33.86    2026-01-15 36.7  8.39 
AEIS       Advanced Energy Industries Inc   89.80          Electrical Equipment   2026-01-14 237.9  2026-01-15 257.29  8.15 
KLAC                             KLA Corp 1884.82                Semiconductors  2026-01-14 1434.5 2026-01-15 1544.96  7.70 
 XRX                  Xerox Holdings Corp    3.23                    Technology     2026-01-14 2.5    2026-01-15 2.69  7.60 
AAOI          Applied Optoelectronics Inc   23.54                Communications   2026-01-14 34.47    2026-01-15 37.0  7.34 
 ESP         Espey MFG & Electronics Corp    1.43          Electrical Equipment   2026-01-14 48.61   2026-01-15 51.93  6.83 
 AVD               American Vanguard Corp    1.15                     Chemicals    2026-01-14 4.03     2026-01-15 4.3  6.70 
COHR                        Coherent Corp  289.34          Electrical Equipment  2026-01-14 184.11  2026-01-15 195.96  6.44 
 CVV                   CVD Equipment Corp    0.27                Semiconductors    2026-01-14 3.86     2026-01-15 4.1  6.22 
CPSH                CPS Technologies Corp    0.81          Electrical Equipment    2026-01-14 4.53    2026-01-15 4.81  6.18 
EFOI                     Energy Focus Inc    0.13          Electrical Equipment     2026-01-14 2.3    2026-01-15 2.44  6.09 
 BLK                        BlackRock Inc 1781.23            Financial Services 2026-01-14 1091.85 2026-01-15 1156.65  5.93 
VIAV                  Viavi Solutions Inc   39.73                Communications    2026-01-14 17.8   2026-01-15 18.85  5.90 

=== 市值超过20亿的涨幅榜前20名股票 ===
股票代码               公司名称                市值(亿)           板块                 昨天收盘               今天收盘        涨跌幅(%)
AEIS   Advanced Energy Industries Inc   89.80 Electrical Equipment   2026-01-14 237.9  2026-01-15 257.29  8.15 
KLAC                         KLA Corp 1884.82       Semiconductors  2026-01-14 1434.5 2026-01-15 1544.96  7.70 
AAOI      Applied Optoelectronics Inc   23.54       Communications   2026-01-14 34.47    2026-01-15 37.0  7.34 
COHR                    Coherent Corp  289.34 Electrical Equipment  2026-01-14 184.11  2026-01-15 195.96  6.44 
 BLK                    BlackRock Inc 1781.23   Financial Services 2026-01-14 1091.85 2026-01-15 1156.65  5.93 
VIAV              Viavi Solutions Inc   39.73       Communications    2026-01-14 17.8   2026-01-15 18.85  5.90 
 NRG                   NRG Energy Inc  287.13            Utilities  2026-01-14 149.83   2026-01-15 158.5  5.79 
 MOD          Modine Manufacturing Co   65.84             Building  2026-01-14 125.05  2026-01-15 131.86  5.45 
 NPO                        Enpro Inc   48.39            Machinery  2026-01-14 229.69  2026-01-15 241.74  5.25 
NVMI                         Nova Ltd  126.07       Semiconductors  2026-01-14 413.04  2026-01-15 434.55  5.21 
 VSH       Vishay Intertechnology Inc   23.12 Electrical Equipment   2026-01-14 17.05   2026-01-15 17.87  4.81 
SNEX                 StoneX Group Inc   52.79   Financial Services  2026-01-14 101.04  2026-01-15 105.89  4.80 
LFUS                   Littelfuse Inc   69.81 Electrical Equipment  2026-01-14 280.34   2026-01-15 293.8  4.80 
 SIG              Signet Jewelers Ltd   36.36               Retail   2026-01-14 89.36   2026-01-15 93.54  4.68 
CALM              Cal-Maine Foods Inc   35.11        Food Products   2026-01-14 73.67   2026-01-15 77.12  4.68 
PATK           Patrick Industries Inc   39.99      Auto Components  2026-01-14 120.19  2026-01-15 125.82  4.68 
KLIC Kulicke and Soffa Industries Inc   29.60       Semiconductors   2026-01-14 56.53   2026-01-15 59.17  4.67 
  GS          Goldman Sachs Group Inc 2797.34   Financial Services  2026-01-14 932.67  2026-01-15 975.86  4.63 
FORM                   FormFactor Inc   55.80       Semiconductors   2026-01-14 71.99   2026-01-15 75.28  4.57 
SANM                     Sanmina Corp   91.12 Electrical Equipment  2026-01-14 166.99   2026-01-15 174.4  4.44 

=== 市值超过50亿的涨幅榜前20名股票 ===
股票代码              公司名称               市值(亿)           板块                 昨天收盘               今天收盘        涨跌幅(%)
AEIS Advanced Energy Industries Inc   89.80 Electrical Equipment   2026-01-14 237.9  2026-01-15 257.29  8.15 
KLAC                       KLA Corp 1884.82       Semiconductors  2026-01-14 1434.5 2026-01-15 1544.96  7.70 
COHR                  Coherent Corp  289.34 Electrical Equipment  2026-01-14 184.11  2026-01-15 195.96  6.44 
 BLK                  BlackRock Inc 1781.23   Financial Services 2026-01-14 1091.85 2026-01-15 1156.65  5.93 
 NRG                 NRG Energy Inc  287.13            Utilities  2026-01-14 149.83   2026-01-15 158.5  5.79 
 MOD        Modine Manufacturing Co   65.84             Building  2026-01-14 125.05  2026-01-15 131.86  5.45 
NVMI                       Nova Ltd  126.07       Semiconductors  2026-01-14 413.04  2026-01-15 434.55  5.21 
SNEX               StoneX Group Inc   52.79   Financial Services  2026-01-14 101.04  2026-01-15 105.89  4.80 
LFUS                 Littelfuse Inc   69.81 Electrical Equipment  2026-01-14 280.34   2026-01-15 293.8  4.80 
  GS        Goldman Sachs Group Inc 2797.34   Financial Services  2026-01-14 932.67  2026-01-15 975.86  4.63 
FORM                 FormFactor Inc   55.80       Semiconductors   2026-01-14 71.99   2026-01-15 75.28  4.57 
SANM                   Sanmina Corp   91.12 Electrical Equipment  2026-01-14 166.99   2026-01-15 174.4  4.44 
MRCY            Mercury Systems Inc   59.27  Aerospace & Defense   2026-01-14 98.62  2026-01-15 102.95  4.39 
 JLL         Jones Lang LaSalle Inc  160.36          Real Estate  2026-01-14 339.78  2026-01-15 354.01  4.19 
LRCX              Lam Research Corp 2622.47       Semiconductors  2026-01-14 208.79  2026-01-15 217.47  4.16 
 IVZ                    Invesco Ltd  125.74   Financial Services   2026-01-14 28.25   2026-01-15 29.39  4.04 
 ALK           Alaska Air Group Inc   55.43             Airlines   2026-01-14 47.79   2026-01-15 49.66  3.91 
BCPC                   Balchem Corp   51.82            Chemicals   2026-01-14 160.0  2026-01-15 166.01  3.76 
PIPR        Piper Sandler Companies   63.85   Financial Services  2026-01-14 360.96   2026-01-15 374.5  3.75 
 KMX                     Carmax Inc   66.36               Retail    2026-01-14 46.8   2026-01-15 48.52  3.68 

=== 市值超过100亿的涨幅榜前20名股票 ===
股票代码                     公司名称                      市值(亿)                板块                      昨天收盘               今天收盘        涨跌幅(%)
KLAC                                     KLA Corp 1884.82                 Semiconductors  2026-01-14 1434.5 2026-01-15 1544.96  7.70 
COHR                                Coherent Corp  289.34           Electrical Equipment  2026-01-14 184.11  2026-01-15 195.96  6.44 
 BLK                                BlackRock Inc 1781.23             Financial Services 2026-01-14 1091.85 2026-01-15 1156.65  5.93 
 NRG                               NRG Energy Inc  287.13                      Utilities  2026-01-14 149.83   2026-01-15 158.5  5.79 
NVMI                                     Nova Ltd  126.07                 Semiconductors  2026-01-14 413.04  2026-01-15 434.55  5.21 
  GS                      Goldman Sachs Group Inc 2797.34             Financial Services  2026-01-14 932.67  2026-01-15 975.86  4.63 
 JLL                       Jones Lang LaSalle Inc  160.36                    Real Estate  2026-01-14 339.78  2026-01-15 354.01  4.19 
LRCX                            Lam Research Corp 2622.47                 Semiconductors  2026-01-14 208.79  2026-01-15 217.47  4.16 
 IVZ                                  Invesco Ltd  125.74             Financial Services   2026-01-14 28.25   2026-01-15 29.39  4.04 
CBRE                               CBRE Group Inc  490.73                    Real Estate   2026-01-14 164.9  2026-01-15 170.83  3.60 
 HUM                                   Humana Inc  329.72                    Health Care  2026-01-14 274.14  2026-01-15 283.95  3.58 
CASY                    Caseys General Stores Inc  228.44                         Retail   2026-01-14 616.3  2026-01-15 637.37  3.42 
RVTY                                  Revvity Inc  126.44 Life Sciences Tools & Services  2026-01-14 111.52  2026-01-15 115.33  3.42 
 CRL Charles River Laboratories International Inc  106.50 Life Sciences Tools & Services  2026-01-14 216.39  2026-01-15 223.47  3.27 
  BG                              Bunge Global SA  203.92                  Food Products  2026-01-14 105.46  2026-01-15 108.83  3.20 
CPRT                                   Copart Inc  387.11 Commercial Services & Supplies   2026-01-14 39.99   2026-01-15 41.25  3.15 
 DRI                       Darden Restaurants Inc  239.34  Hotels, Restaurants & Leisure  2026-01-14 207.87  2026-01-15 214.33  3.11 
 JEF                Jefferies Financial Group Inc  128.90             Financial Services   2026-01-14 62.49   2026-01-15 64.25  2.82 
 SYY                                   Sysco Corp  369.25                         Retail   2026-01-14 77.11   2026-01-15 79.18  2.68 
 STX              Seagate Technology Holdings PLC  666.90                     Technology  2026-01-14 312.28  2026-01-15 320.32  2.57 

=== 市值超过200亿的涨幅榜前20名股票 ===
股票代码                    公司名称                    市值(亿)                板块                      昨天收盘               今天收盘        涨跌幅(%)
KLAC                                  KLA Corp 1884.82                 Semiconductors  2026-01-14 1434.5 2026-01-15 1544.96  7.70 
COHR                             Coherent Corp  289.34           Electrical Equipment  2026-01-14 184.11  2026-01-15 195.96  6.44 
 BLK                             BlackRock Inc 1781.23             Financial Services 2026-01-14 1091.85 2026-01-15 1156.65  5.93 
 NRG                            NRG Energy Inc  287.13                      Utilities  2026-01-14 149.83   2026-01-15 158.5  5.79 
  GS                   Goldman Sachs Group Inc 2797.34             Financial Services  2026-01-14 932.67  2026-01-15 975.86  4.63 
LRCX                         Lam Research Corp 2622.47                 Semiconductors  2026-01-14 208.79  2026-01-15 217.47  4.16 
CBRE                            CBRE Group Inc  490.73                    Real Estate   2026-01-14 164.9  2026-01-15 170.83  3.60 
 HUM                                Humana Inc  329.72                    Health Care  2026-01-14 274.14  2026-01-15 283.95  3.58 
CASY                 Caseys General Stores Inc  228.44                         Retail   2026-01-14 616.3  2026-01-15 637.37  3.42 
  BG                           Bunge Global SA  203.92                  Food Products  2026-01-14 105.46  2026-01-15 108.83  3.20 
CPRT                                Copart Inc  387.11 Commercial Services & Supplies   2026-01-14 39.99   2026-01-15 41.25  3.15 
 DRI                    Darden Restaurants Inc  239.34  Hotels, Restaurants & Leisure  2026-01-14 207.87  2026-01-15 214.33  3.11 
 SYY                                Sysco Corp  369.25                         Retail   2026-01-14 77.11   2026-01-15 79.18  2.68 
 STX           Seagate Technology Holdings PLC  666.90                     Technology  2026-01-14 312.28  2026-01-15 320.32  2.57 
 CVS                           CVS Health Corp 1007.04                    Health Care   2026-01-14 79.33   2026-01-15 81.36  2.56 
  CI                               Cigna Group  723.91                    Health Care   2026-01-14 271.0  2026-01-15 277.94  2.56 
KTOS Kratos Defense and Security Solutions Inc  205.14            Aerospace & Defense   2026-01-14 121.5  2026-01-15 124.56  2.52 
STLD                        Steel Dynamics Inc  249.43                Metals & Mining   2026-01-14 170.8  2026-01-15 175.11  2.52 
PCAR                                Paccar Inc  624.99                      Machinery   2026-01-14 119.0  2026-01-15 121.92  2.45 
 ELV                       Elevance Health Inc  828.60                    Health Care  2026-01-14 372.84  2026-01-15 381.93  2.44 

=== 市值超过1000亿的涨跌榜前20名股票 ===
股票代码              公司名称              市值(亿)              板块                   昨天收盘               今天收盘        涨跌幅(%)
KLAC                      KLA Corp  1884.82           Semiconductors  2026-01-14 1434.5 2026-01-15 1544.96  7.70 
 BLK                 BlackRock Inc  1781.23       Financial Services 2026-01-14 1091.85 2026-01-15 1156.65  5.93 
  GS       Goldman Sachs Group Inc  2797.34       Financial Services  2026-01-14 932.67  2026-01-15 975.86  4.63 
LRCX             Lam Research Corp  2622.47           Semiconductors  2026-01-14 208.79  2026-01-15 217.47  4.16 
 CVS               CVS Health Corp  1007.04              Health Care   2026-01-14 79.33   2026-01-15 81.36  2.56 
NVDA                   NVIDIA Corp 44503.02           Semiconductors  2026-01-14 183.14  2026-01-15 187.05  2.13 
 AMD    Advanced Micro Devices Inc  3640.30           Semiconductors   2026-01-14 223.6  2026-01-15 227.92  1.93 
 UNP            Union Pacific Corp  1347.31              Road & Rail  2026-01-14 227.14  2026-01-15 230.51  1.48 
 ADI            Analog Devices Inc  1459.12           Semiconductors  2026-01-14 297.99   2026-01-15 302.1  1.38 
 UNH        UnitedHealth Group Inc  3034.20              Health Care  2026-01-14 334.96  2026-01-15 338.96  1.19 
 COF    Capital One Financial Corp  1490.29       Financial Services  2026-01-14 234.42  2026-01-15 236.97  1.09 
 HON   Honeywell International Inc  1352.56 Industrial Conglomerates  2026-01-14 213.04  2026-01-15 215.02  0.93 
  PH          Parker-Hannifin Corp  1181.37                Machinery  2026-01-14 936.21  2026-01-15 944.58  0.89 
 ADP Automatic Data Processing Inc  1045.50    Professional Services   2026-01-14 258.5   2026-01-15 260.2  0.66 
 TJX             TJX Companies Inc  1722.67                   Retail  2026-01-14 155.13  2026-01-15 156.16  0.66 
COST         Costco Wholesale Corp  4221.11                   Retail  2026-01-14 950.98  2026-01-15 956.75  0.61 
  DE                    Deere & Co  1384.95                Machinery   2026-01-14 512.1  2026-01-15 515.04  0.57 
   T                      AT&T Inc  1673.82        Telecommunication   2026-01-14 23.61   2026-01-15 23.73  0.51 
  GE           General Electric Co  3363.59      Aerospace & Defense  2026-01-14 318.88  2026-01-15 319.94  0.33 
 MDT                 Medtronic PLC  1265.86              Health Care   2026-01-14 98.74    2026-01-15 99.0  0.26 
