
=== 涨幅榜前20名股票 ===
股票代码              公司名称             市值(亿)               板块                     昨天收盘             今天收盘       涨跌幅(%)
LIDR                      AEye Inc  0.22           Electrical Equipment  2025-07-23 1.13  2025-07-24 2.92 158.41
HCTI       Healthcare Triangle Inc  0.10                    Health Care  2025-07-23 0.03  2025-07-24 0.05 117.20
IXHL       Incannex Healthcare Inc  0.95                Pharmaceuticals  2025-07-23 1.01  2025-07-24 1.63  61.39
 MFH Mercurity Fintech Holding Inc  1.22                     Technology  2025-07-23 2.01  2025-07-24 3.07  53.12
LNZA          Lanzatech Global Inc  0.93 Commercial Services & Supplies   2025-07-23 0.4  2025-07-24 0.57  42.50
ATHR           Aether Holdings Inc  0.76             Financial Services  2025-07-23 6.32   2025-07-24 8.9  40.82
PTNT      Palatin Technologies Inc  0.06                  Biotechnology  2025-07-23 0.27  2025-07-24 0.38  40.74
YAAS         Youxin Technology Ltd  0.14                     Technology  2025-07-23 0.42  2025-07-24 0.58  38.42
PHOE     Phoenix Asia Holdings Ltd  1.77                            N/A   2025-07-23 8.0 2025-07-24 10.73  34.16
SUGP         SU Group Holdings Ltd  0.10 Commercial Services & Supplies  2025-07-23 0.75  2025-07-24 0.98  30.49
 IPA  Immunoprecise Antibodies Ltd  0.94 Life Sciences Tools & Services  2025-07-23 1.82  2025-07-24 2.31  26.92
AIRE             reAlpha Tech Corp  0.30                     Technology  2025-07-23 0.36  2025-07-24 0.45  26.83
FEAM     5E Advanced Materials Inc  0.78                Metals & Mining  2025-07-23 3.75  2025-07-24 4.74  26.43
OPTX    Syntec Optics Holdings Inc  0.66           Electrical Equipment   2025-07-23 1.8  2025-07-24 2.27  26.11
ASBP Aspire Biopharma Holdings Inc  0.21                Pharmaceuticals  2025-07-23 0.41  2025-07-24 0.52  25.13
KALA                  KALA BIO Inc  0.37                  Biotechnology  2025-07-23 5.65   2025-07-24 7.0  23.89
NMRA      Neumora Therapeutics Inc  3.06                Pharmaceuticals  2025-07-23 1.85  2025-07-24 2.29  23.78
SAIH                   SAIHEAT Ltd  1.01                     Technology  2025-07-23 9.71  2025-07-24 12.0  23.58
FTEL                   Fitell Corp  0.16                         Retail  2025-07-23 0.75  2025-07-24 0.92  23.31
  BE             Bloom Energy Corp 62.45           Electrical Equipment 2025-07-23 26.89 2025-07-24 33.06  22.95

=== 市值超过20亿的涨幅榜前20名股票 ===
股票代码                     公司名称                      市值(亿)                 板块                       昨天收盘              今天收盘       涨跌幅(%)
  BE                            Bloom Energy Corp   62.45             Electrical Equipment  2025-07-23 26.89  2025-07-24 33.06 22.95 
ICLR                                     ICON PLC  135.58   Life Sciences Tools & Services 2025-07-23 167.89 2025-07-24 195.01 16.15 
NNNN                          Anbio Biotechnology   64.02                    Biotechnology  2025-07-23 44.22  2025-07-24 49.71 12.42 
 FTI                               TechnipFMC PLC  140.82                           Energy  2025-07-23 33.59  2025-07-24 37.54 11.76 
OKLO                                     Oklo Inc   97.91                        Utilities  2025-07-23 66.97  2025-07-24 74.59 11.38 
ASGN                                     ASGN Inc   21.91                       Technology  2025-07-23 50.02  2025-07-24 55.65 11.26 
STVN                          Stevanato Group SpA   71.12   Life Sciences Tools & Services  2025-07-23 25.41  2025-07-24 27.95 10.00 
 URI                           United Rentals Inc  522.10 Trading Companies & Distributors 2025-07-23 803.25 2025-07-24 875.25  8.96 
 RPM                        RPM International Inc  145.05                        Chemicals 2025-07-23 112.95 2025-07-24 122.64  8.58 
  LH                         Labcorp Holdings Inc  209.60                      Health Care 2025-07-23 250.51 2025-07-24 267.69  6.86 
 ALB                               Albemarle Corp   92.71                        Chemicals  2025-07-23 78.79  2025-07-24 84.18  6.84 
 OII                Oceaneering International Inc   22.56                           Energy  2025-07-23 22.43  2025-07-24 23.95  6.78 
 SMR                           Nuscale Power Corp  136.08             Electrical Equipment  2025-07-23 47.85  2025-07-24 51.03  6.65 
 TMC                   TMC the metals company Inc   30.56                  Metals & Mining   2025-07-23 7.63    2025-07-24 8.1  6.16 
ALLE                                 Allegion PLC  132.83                         Building 2025-07-23 154.36 2025-07-24 163.67  6.03 
NDAQ                                   Nasdaq Inc  506.83               Financial Services  2025-07-23 88.28   2025-07-24 93.5  5.91 
TMUS                              T-Mobile US Inc 2656.15                Telecommunication 2025-07-23 233.93  2025-07-24 247.5  5.80 
TECH                              Bio-Techne Corp   86.71   Life Sciences Tools & Services  2025-07-23 55.31  2025-07-24 58.47  5.71 
 LEU                          Centrus Energy Corp   41.29                           Energy 2025-07-23 229.51 2025-07-24 242.33  5.59 
 CRL Charles River Laboratories International Inc   82.49   Life Sciences Tools & Services 2025-07-23 167.95  2025-07-24 177.1  5.45 

=== 市值超过50亿的涨幅榜前20名股票 ===
股票代码                     公司名称                      市值(亿)                 板块                       昨天收盘              今天收盘       涨跌幅(%)
  BE                            Bloom Energy Corp   62.45             Electrical Equipment  2025-07-23 26.89  2025-07-24 33.06 22.95 
ICLR                                     ICON PLC  135.58   Life Sciences Tools & Services 2025-07-23 167.89 2025-07-24 195.01 16.15 
NNNN                          Anbio Biotechnology   64.02                    Biotechnology  2025-07-23 44.22  2025-07-24 49.71 12.42 
 FTI                               TechnipFMC PLC  140.82                           Energy  2025-07-23 33.59  2025-07-24 37.54 11.76 
OKLO                                     Oklo Inc   97.91                        Utilities  2025-07-23 66.97  2025-07-24 74.59 11.38 
STVN                          Stevanato Group SpA   71.12   Life Sciences Tools & Services  2025-07-23 25.41  2025-07-24 27.95 10.00 
 URI                           United Rentals Inc  522.10 Trading Companies & Distributors 2025-07-23 803.25 2025-07-24 875.25  8.96 
 RPM                        RPM International Inc  145.05                        Chemicals 2025-07-23 112.95 2025-07-24 122.64  8.58 
  LH                         Labcorp Holdings Inc  209.60                      Health Care 2025-07-23 250.51 2025-07-24 267.69  6.86 
 ALB                               Albemarle Corp   92.71                        Chemicals  2025-07-23 78.79  2025-07-24 84.18  6.84 
 SMR                           Nuscale Power Corp  136.08             Electrical Equipment  2025-07-23 47.85  2025-07-24 51.03  6.65 
ALLE                                 Allegion PLC  132.83                         Building 2025-07-23 154.36 2025-07-24 163.67  6.03 
NDAQ                                   Nasdaq Inc  506.83               Financial Services  2025-07-23 88.28   2025-07-24 93.5  5.91 
TMUS                              T-Mobile US Inc 2656.15                Telecommunication 2025-07-23 233.93  2025-07-24 247.5  5.80 
TECH                              Bio-Techne Corp   86.71   Life Sciences Tools & Services  2025-07-23 55.31  2025-07-24 58.47  5.71 
 CRL Charles River Laboratories International Inc   82.49   Life Sciences Tools & Services 2025-07-23 167.95  2025-07-24 177.1  5.45 
  GL                               Globe Life Inc  103.02                        Insurance 2025-07-23 124.81 2025-07-24 131.52  5.38 
 ROL                                  Rollins Inc  272.66   Commercial Services & Supplies  2025-07-23 55.16  2025-07-24 58.03  5.20 
 LVS                         Las Vegas Sands Corp  344.06    Hotels, Restaurants & Leisure  2025-07-23 48.69  2025-07-24 50.79  4.31 
  BR           Broadridge Financial Solutions Inc  285.01            Professional Services 2025-07-23 242.64 2025-07-24 252.99  4.27 

=== 市值超过100亿的涨幅榜前20名股票 ===
股票代码                公司名称                 市值(亿)                 板块                       昨天收盘              今天收盘       涨跌幅(%)
ICLR                           ICON PLC  135.58   Life Sciences Tools & Services 2025-07-23 167.89 2025-07-24 195.01 16.15 
 FTI                     TechnipFMC PLC  140.82                           Energy  2025-07-23 33.59  2025-07-24 37.54 11.76 
 URI                 United Rentals Inc  522.10 Trading Companies & Distributors 2025-07-23 803.25 2025-07-24 875.25  8.96 
 RPM              RPM International Inc  145.05                        Chemicals 2025-07-23 112.95 2025-07-24 122.64  8.58 
  LH               Labcorp Holdings Inc  209.60                      Health Care 2025-07-23 250.51 2025-07-24 267.69  6.86 
 SMR                 Nuscale Power Corp  136.08             Electrical Equipment  2025-07-23 47.85  2025-07-24 51.03  6.65 
ALLE                       Allegion PLC  132.83                         Building 2025-07-23 154.36 2025-07-24 163.67  6.03 
NDAQ                         Nasdaq Inc  506.83               Financial Services  2025-07-23 88.28   2025-07-24 93.5  5.91 
TMUS                    T-Mobile US Inc 2656.15                Telecommunication 2025-07-23 233.93  2025-07-24 247.5  5.80 
  GL                     Globe Life Inc  103.02                        Insurance 2025-07-23 124.81 2025-07-24 131.52  5.38 
 ROL                        Rollins Inc  272.66   Commercial Services & Supplies  2025-07-23 55.16  2025-07-24 58.03  5.20 
 LVS               Las Vegas Sands Corp  344.06    Hotels, Restaurants & Leisure  2025-07-23 48.69  2025-07-24 50.79  4.31 
  BR Broadridge Financial Solutions Inc  285.01            Professional Services 2025-07-23 242.64 2025-07-24 252.99  4.27 
MEDP               Medpace Holdings Inc  127.78   Life Sciences Tools & Services 2025-07-23 437.41 2025-07-24 455.68  4.18 
 TPL            Texas Pacific Land Corp  214.08                           Energy 2025-07-23 931.28 2025-07-24 969.44  4.10 
 TRU                         TransUnion  184.54            Professional Services  2025-07-23 94.57  2025-07-24 98.43  4.08 
 EQT                           EQT Corp  324.16                           Energy  2025-07-23 51.96  2025-07-24 54.03  3.98 
 APH                      Amphenol Corp 1218.19             Electrical Equipment 2025-07-23 100.71 2025-07-24 104.46  3.72 
 RJF        Raymond James Financial Inc  324.56               Financial Services 2025-07-23 160.87 2025-07-24 166.84  3.71 
NTRS                Northern Trust Corp  241.68               Financial Services 2025-07-23 124.23 2025-07-24 128.76  3.65 

=== 市值超过200亿的涨幅榜前20名股票 ===
股票代码                公司名称                 市值(亿)                 板块                       昨天收盘              今天收盘       涨跌幅(%)
 URI                 United Rentals Inc  522.10 Trading Companies & Distributors 2025-07-23 803.25 2025-07-24 875.25  8.96 
  LH               Labcorp Holdings Inc  209.60                      Health Care 2025-07-23 250.51 2025-07-24 267.69  6.86 
NDAQ                         Nasdaq Inc  506.83               Financial Services  2025-07-23 88.28   2025-07-24 93.5  5.91 
TMUS                    T-Mobile US Inc 2656.15                Telecommunication 2025-07-23 233.93  2025-07-24 247.5  5.80 
 ROL                        Rollins Inc  272.66   Commercial Services & Supplies  2025-07-23 55.16  2025-07-24 58.03  5.20 
 LVS               Las Vegas Sands Corp  344.06    Hotels, Restaurants & Leisure  2025-07-23 48.69  2025-07-24 50.79  4.31 
  BR Broadridge Financial Solutions Inc  285.01            Professional Services 2025-07-23 242.64 2025-07-24 252.99  4.27 
 TPL            Texas Pacific Land Corp  214.08                           Energy 2025-07-23 931.28 2025-07-24 969.44  4.10 
 EQT                           EQT Corp  324.16                           Energy  2025-07-23 51.96  2025-07-24 54.03  3.98 
 APH                      Amphenol Corp 1218.19             Electrical Equipment 2025-07-23 100.71 2025-07-24 104.46  3.72 
 RJF        Raymond James Financial Inc  324.56               Financial Services 2025-07-23 160.87 2025-07-24 166.84  3.71 
NTRS                Northern Trust Corp  241.68               Financial Services 2025-07-23 124.23 2025-07-24 128.76  3.65 
  BX                     Blackstone Inc 2086.26               Financial Services 2025-07-23 171.96 2025-07-24 178.11  3.58 
 IQV                 IQVIA Holdings Inc  330.21   Life Sciences Tools & Services 2025-07-23 194.24 2025-07-24 200.82  3.39 
ORLY            O'Reilly Automotive Inc  815.69                           Retail  2025-07-23 95.42  2025-07-24 98.16  2.87 
SSNC     SS&C Technologies Holdings Inc  206.38            Professional Services  2025-07-23 83.67  2025-07-24 85.85  2.61 
 DHR                       Danaher Corp 1416.99   Life Sciences Tools & Services 2025-07-23 197.89 2025-07-24 202.81  2.49 
MSCI                           MSCI Inc  410.70               Financial Services 2025-07-23 530.86 2025-07-24 543.31  2.35 
 BKR                    Baker Hughes Co  442.67                           Energy  2025-07-23 44.68  2025-07-24 45.72  2.33 
 TPG                            TPG Inc  207.96               Financial Services  2025-07-23 56.27  2025-07-24 57.57  2.31 

=== 市值超过1000亿的涨跌榜前20名股票 ===
股票代码               公司名称               市值(亿)                 板块                      昨天收盘              今天收盘       涨跌幅(%)
TMUS                 T-Mobile US Inc  2656.15              Telecommunication 2025-07-23 233.93  2025-07-24 247.5  5.80 
 APH                   Amphenol Corp  1218.19           Electrical Equipment 2025-07-23 100.71 2025-07-24 104.46  3.72 
  BX                  Blackstone Inc  2086.26             Financial Services 2025-07-23 171.96 2025-07-24 178.11  3.58 
 DHR                    Danaher Corp  1416.99 Life Sciences Tools & Services 2025-07-23 197.89 2025-07-24 202.81  2.49 
 AMD      Advanced Micro Devices Inc  2572.36                 Semiconductors 2025-07-23 158.65 2025-07-24 162.12  2.19 
IBKR   Interactive Brokers Group Inc  1070.30             Financial Services  2025-07-23 63.32   2025-07-24 64.7  2.18 
  GE                    GE Aerospace  2790.86            Aerospace & Defense 2025-07-23 263.18 2025-07-24 268.01  1.84 
 TMO    Thermo Fisher Scientific Inc  1761.80 Life Sciences Tools & Services 2025-07-23 466.71 2025-07-24 475.03  1.78 
 CVX                    Chevron Corp  3134.97                         Energy 2025-07-23 153.12 2025-07-24 155.83  1.77 
AVGO                    Broadcom Inc 13343.28                 Semiconductors 2025-07-23 283.69 2025-07-24 288.71  1.77 
AMZN                  Amazon.com Inc 24236.07                         Retail 2025-07-23 228.29 2025-07-24 232.23  1.73 
NVDA                     NVIDIA Corp 41670.32                 Semiconductors 2025-07-23 170.78 2025-07-24 173.74  1.73 
  MU           Micron Technology Inc  1229.14                 Semiconductors 2025-07-23 109.83 2025-07-24 111.73  1.73 
 ICE   Intercontinental Exchange Inc  1038.26             Financial Services  2025-07-23 181.0 2025-07-24 183.58  1.43 
 KKR                    KKR & Co Inc  1320.47             Financial Services 2025-07-23 148.26 2025-07-24 150.19  1.30 
DASH                    DoorDash Inc  1019.36  Hotels, Restaurants & Leisure 2025-07-23 240.56 2025-07-24 243.69  1.30 
 ETN           Eaton Corporation PLC  1487.88           Electrical Equipment 2025-07-23 380.24  2025-07-24 384.9  1.23 
 BAM BROOKFIELD ASSET MANAGEMENT LTD  1006.72             Financial Services  2025-07-23 62.43  2025-07-24 63.19  1.22 
UBER           Uber Technologies Inc  1880.80                    Road & Rail  2025-07-23 89.94  2025-07-24 90.87  1.03 
SPOT           Spotify Technology SA  1354.21                          Media 2025-07-23 674.46 2025-07-24 681.42  1.03 
