
=== 涨幅榜前20名股票 ===
股票代码              公司名称             市值(亿)                板块                      昨天收盘              今天收盘       涨跌幅(%)
BENF                   Beneficient   0.53             Financial Services   2025-12-16 3.74   2025-12-17 4.45 18.98 
 INO    Inovio Pharmaceuticals Inc   1.59                  Biotechnology   2025-12-16 2.32    2025-12-17 2.6 12.07 
 GBR        New Concept Energy Inc   0.04                    Real Estate   2025-12-16 0.76   2025-12-17 0.85 11.84 
LFCR       Lifecore Biomedical Inc   2.89 Life Sciences Tools & Services   2025-12-16 7.71   2025-12-17 8.47  9.86 
 MPU               Mega Matrix Inc   0.77                          Media   2025-12-16 1.13   2025-12-17 1.23  8.85 
INBS Intelligent Bio Solutions Inc   0.05                    Health Care    2025-12-16 5.5   2025-12-17 5.91  7.36 
VRME                  VerifyMe Inc   0.09           Electrical Equipment   2025-12-16 0.66    2025-12-17 0.7  6.64 
 ABM            ABM Industries Inc  28.01 Commercial Services & Supplies  2025-12-16 45.74  2025-12-17 48.25  5.49 
GERN                    Geron Corp   8.55                  Biotechnology   2025-12-16 1.34    2025-12-17 1.4  4.48 
STAA             STAAR Surgical Co  12.34                    Health Care   2025-12-16 24.8  2025-12-17 25.89  4.40 
VICR                    Vicor Corp  40.83           Electrical Equipment  2025-12-16 93.45  2025-12-17 97.19  4.00 
 CRK        Comstock Resources Inc  62.36                         Energy  2025-12-16 21.28  2025-12-17 22.07  3.71 
 HNI                      HNI Corp  29.35 Commercial Services & Supplies  2025-12-16 41.05  2025-12-17 42.48  3.48 
 FCN            FTI Consulting Inc  52.76          Professional Services 2025-12-16 170.87  2025-12-17 176.7  3.41 
 GIS             General Mills Inc 250.81                  Food Products  2025-12-16 47.02  2025-12-17 48.61  3.38 
MNRO                     Monro Inc   6.23                         Retail  2025-12-16 20.76  2025-12-17 21.44  3.28 
 NYT             New York Times Co 109.26                          Media   2025-12-16 67.3   2025-12-17 69.5  3.27 
ZEUS             Olympic Steel Inc   4.56                Metals & Mining  2025-12-16 41.67  2025-12-17 42.97  3.12 
  TK               Teekay Corp Ltd   7.79                         Energy   2025-12-16 9.14   2025-12-17 9.42  3.06 
UFPT          UFP Technologies Inc  16.79                    Health Care 2025-12-16 217.74 2025-12-17 224.19  2.96 

=== 市值超过20亿的涨幅榜前20名股票 ===
股票代码            公司名称            市值(亿)                板块                      昨天收盘              今天收盘       涨跌幅(%)
 ABM        ABM Industries Inc   28.01 Commercial Services & Supplies  2025-12-16 45.74  2025-12-17 48.25  5.49 
VICR                Vicor Corp   40.83           Electrical Equipment  2025-12-16 93.45  2025-12-17 97.19  4.00 
 CRK    Comstock Resources Inc   62.36                         Energy  2025-12-16 21.28  2025-12-17 22.07  3.71 
 HNI                  HNI Corp   29.35 Commercial Services & Supplies  2025-12-16 41.05  2025-12-17 42.48  3.48 
 FCN        FTI Consulting Inc   52.76          Professional Services 2025-12-16 170.87  2025-12-17 176.7  3.41 
 GIS         General Mills Inc  250.81                  Food Products  2025-12-16 47.02  2025-12-17 48.61  3.38 
 NYT         New York Times Co  109.26                          Media   2025-12-16 67.3   2025-12-17 69.5  3.27 
 MSI    Motorola Solutions Inc  605.98                 Communications 2025-12-16 363.83 2025-12-17 374.49  2.93 
  KR                 Kroger Co  393.00                         Retail   2025-12-16 62.1  2025-12-17 63.81  2.75 
 PCG                 PG&E Corp  335.62                      Utilities  2025-12-16 15.27  2025-12-17 15.68  2.69 
 TTE          TotalEnergies SE 1197.20                         Energy  2025-12-16 63.85  2025-12-17 65.42  2.46 
  HP   Helmerich and Payne Inc   26.92                         Energy  2025-12-16 27.34  2025-12-17 28.01  2.45 
 MOS                 Mosaic Co   74.46                      Chemicals  2025-12-16 23.46  2025-12-17 24.03  2.43 
 XOM          Exxon Mobil Corp 4939.99                         Energy 2025-12-16 114.68 2025-12-17 117.41  2.38 
OMCL              Omnicell Inc   20.08                    Health Care  2025-12-16 44.74  2025-12-17 45.79  2.35 
 CHD    Church & Dwight Co Inc  203.03              Consumer products  2025-12-16 84.55  2025-12-17 86.52  2.33 
 DRI    Darden Restaurants Inc  215.80  Hotels, Restaurants & Leisure 2025-12-16 185.53 2025-12-17 189.53  2.16 
STLD        Steel Dynamics Inc  246.99                Metals & Mining 2025-12-16 169.13 2025-12-17 172.74  2.13 
VTRS               Viatris Inc  126.58                Pharmaceuticals  2025-12-16 11.46   2025-12-17 11.7  2.09 
HALO Halozyme Therapeutics Inc   75.81                  Biotechnology  2025-12-16 64.47  2025-12-17 65.77  2.02 

=== 市值超过50亿的涨幅榜前20名股票 ===
 股票代码            公司名称            市值(亿)                板块                     昨天收盘              今天收盘       涨跌幅(%)
  CRK    Comstock Resources Inc   62.36                        Energy  2025-12-16 21.28  2025-12-17 22.07  3.71 
  FCN        FTI Consulting Inc   52.76         Professional Services 2025-12-16 170.87  2025-12-17 176.7  3.41 
  GIS         General Mills Inc  250.81                 Food Products  2025-12-16 47.02  2025-12-17 48.61  3.38 
  NYT         New York Times Co  109.26                         Media   2025-12-16 67.3   2025-12-17 69.5  3.27 
  MSI    Motorola Solutions Inc  605.98                Communications 2025-12-16 363.83 2025-12-17 374.49  2.93 
   KR                 Kroger Co  393.00                        Retail   2025-12-16 62.1  2025-12-17 63.81  2.75 
  PCG                 PG&E Corp  335.62                     Utilities  2025-12-16 15.27  2025-12-17 15.68  2.69 
  TTE          TotalEnergies SE 1197.20                        Energy  2025-12-16 63.85  2025-12-17 65.42  2.46 
  MOS                 Mosaic Co   74.46                     Chemicals  2025-12-16 23.46  2025-12-17 24.03  2.43 
  XOM          Exxon Mobil Corp 4939.99                        Energy 2025-12-16 114.68 2025-12-17 117.41  2.38 
  CHD    Church & Dwight Co Inc  203.03             Consumer products  2025-12-16 84.55  2025-12-17 86.52  2.33 
  DRI    Darden Restaurants Inc  215.80 Hotels, Restaurants & Leisure 2025-12-16 185.53 2025-12-17 189.53  2.16 
 STLD        Steel Dynamics Inc  246.99               Metals & Mining 2025-12-16 169.13 2025-12-17 172.74  2.13 
 VTRS               Viatris Inc  126.58               Pharmaceuticals  2025-12-16 11.46   2025-12-17 11.7  2.09 
 HALO Halozyme Therapeutics Inc   75.81                 Biotechnology  2025-12-16 64.47  2025-12-17 65.77  2.02 
  FLG          Flagstar Bank NA   53.76                       Banking  2025-12-16 12.93  2025-12-17 13.19  2.01 
CMCSA              Comcast Corp 1083.33                         Media  2025-12-16 29.73  2025-12-17 30.32  1.98 
  FRO             Frontline Plc   50.07                        Energy  2025-12-16 22.49  2025-12-17 22.93  1.96 
  EQT                  EQT Corp  332.75                        Energy  2025-12-16 53.32  2025-12-17 54.36  1.95 
 RGLD            Royal Gold Inc  184.06               Metals & Mining 2025-12-16 218.09 2025-12-17 222.29  1.93 

=== 市值超过100亿的涨幅榜前20名股票 ===
 股票代码                  公司名称                   市值(亿)                板块                     昨天收盘              今天收盘       涨跌幅(%)
  GIS                      General Mills Inc  250.81                 Food Products  2025-12-16 47.02  2025-12-17 48.61  3.38 
  NYT                      New York Times Co  109.26                         Media   2025-12-16 67.3   2025-12-17 69.5  3.27 
  MSI                 Motorola Solutions Inc  605.98                Communications 2025-12-16 363.83 2025-12-17 374.49  2.93 
   KR                              Kroger Co  393.00                        Retail   2025-12-16 62.1  2025-12-17 63.81  2.75 
  PCG                              PG&E Corp  335.62                     Utilities  2025-12-16 15.27  2025-12-17 15.68  2.69 
  TTE                       TotalEnergies SE 1197.20                        Energy  2025-12-16 63.85  2025-12-17 65.42  2.46 
  XOM                       Exxon Mobil Corp 4939.99                        Energy 2025-12-16 114.68 2025-12-17 117.41  2.38 
  CHD                 Church & Dwight Co Inc  203.03             Consumer products  2025-12-16 84.55  2025-12-17 86.52  2.33 
  DRI                 Darden Restaurants Inc  215.80 Hotels, Restaurants & Leisure 2025-12-16 185.53 2025-12-17 189.53  2.16 
 STLD                     Steel Dynamics Inc  246.99               Metals & Mining 2025-12-16 169.13 2025-12-17 172.74  2.13 
 VTRS                            Viatris Inc  126.58               Pharmaceuticals  2025-12-16 11.46   2025-12-17 11.7  2.09 
CMCSA                           Comcast Corp 1083.33                         Media  2025-12-16 29.73  2025-12-17 30.32  1.98 
  EQT                               EQT Corp  332.75                        Energy  2025-12-16 53.32  2025-12-17 54.36  1.95 
 RGLD                         Royal Gold Inc  184.06               Metals & Mining 2025-12-16 218.09 2025-12-17 222.29  1.93 
 CSGP                       CoStar Group Inc  269.64                   Real Estate  2025-12-16 63.62  2025-12-17 64.83  1.90 
  GEN                        Gen Digital Inc  168.86                    Technology  2025-12-16 27.38   2025-12-17 27.9  1.88 
  CLX                              Clorox Co  121.76             Consumer products  2025-12-16 99.82 2025-12-17 101.52  1.70 
  IFF International Flavors & Fragrances Inc  165.39                     Chemicals  2025-12-16 64.58  2025-12-17 65.62  1.61 
   IT                            Gartner Inc  178.28                    Technology 2025-12-16 247.34 2025-12-17 251.29  1.60 
  AIZ                           Assurant Inc  116.85                     Insurance 2025-12-16 233.32 2025-12-17 237.04  1.59 

=== 市值超过200亿的涨幅榜前20名股票 ===
 股票代码              公司名称              市值(亿)                板块                     昨天收盘              今天收盘       涨跌幅(%)
  GIS             General Mills Inc  250.81                 Food Products  2025-12-16 47.02  2025-12-17 48.61  3.38 
  MSI        Motorola Solutions Inc  605.98                Communications 2025-12-16 363.83 2025-12-17 374.49  2.93 
   KR                     Kroger Co  393.00                        Retail   2025-12-16 62.1  2025-12-17 63.81  2.75 
  PCG                     PG&E Corp  335.62                     Utilities  2025-12-16 15.27  2025-12-17 15.68  2.69 
  TTE              TotalEnergies SE 1197.20                        Energy  2025-12-16 63.85  2025-12-17 65.42  2.46 
  XOM              Exxon Mobil Corp 4939.99                        Energy 2025-12-16 114.68 2025-12-17 117.41  2.38 
  CHD        Church & Dwight Co Inc  203.03             Consumer products  2025-12-16 84.55  2025-12-17 86.52  2.33 
  DRI        Darden Restaurants Inc  215.80 Hotels, Restaurants & Leisure 2025-12-16 185.53 2025-12-17 189.53  2.16 
 STLD            Steel Dynamics Inc  246.99               Metals & Mining 2025-12-16 169.13 2025-12-17 172.74  2.13 
CMCSA                  Comcast Corp 1083.33                         Media  2025-12-16 29.73  2025-12-17 30.32  1.98 
  EQT                      EQT Corp  332.75                        Energy  2025-12-16 53.32  2025-12-17 54.36  1.95 
 CSGP              CoStar Group Inc  269.64                   Real Estate  2025-12-16 63.62  2025-12-17 64.83  1.90 
   ED       Consolidated Edison Inc  356.97                     Utilities   2025-12-16 98.9 2025-12-17 100.21  1.32 
    D           Dominion Energy Inc  506.71                     Utilities  2025-12-16 59.34  2025-12-17 60.11  1.30 
 PAYX                   Paychex Inc  414.67         Professional Services 2025-12-16 115.22  2025-12-17 116.7  1.28 
 EBAY                      eBay Inc  369.15                        Retail  2025-12-16 81.67  2025-12-17 82.71  1.27 
  ADP Automatic Data Processing Inc 1060.34         Professional Services 2025-12-16 262.17 2025-12-17 265.47  1.26 
  RCL   Royal Caribbean Cruises Ltd  767.71 Hotels, Restaurants & Leisure 2025-12-16 281.51 2025-12-17 284.88  1.20 
    T                      AT&T Inc 1706.43             Telecommunication  2025-12-16 24.07  2025-12-17 24.36  1.20 
   FE              FirstEnergy Corp  254.35                     Utilities  2025-12-16 44.03   2025-12-17 44.5  1.07 

=== 市值超过1000亿的涨跌榜前20名股票 ===
 股票代码                 公司名称                  市值(亿)             板块                   昨天收盘               今天收盘       涨跌幅(%)
  TTE                     TotalEnergies SE 1197.20                   Energy   2025-12-16 63.85  2025-12-17 65.42  2.46 
  XOM                     Exxon Mobil Corp 4939.99                   Energy  2025-12-16 114.68 2025-12-17 117.41  2.38 
CMCSA                         Comcast Corp 1083.33                    Media   2025-12-16 29.73  2025-12-17 30.32  1.98 
  ADP        Automatic Data Processing Inc 1060.34    Professional Services  2025-12-16 262.17 2025-12-17 265.47  1.26 
    T                             AT&T Inc 1706.43        Telecommunication   2025-12-16 24.07  2025-12-17 24.36  1.20 
  HON          Honeywell International Inc 1258.73 Industrial Conglomerates  2025-12-16 198.26 2025-12-17 199.89  0.82 
   CB                            Chubb Ltd 1224.10                Insurance  2025-12-16 311.04 2025-12-17 312.96  0.62 
  MDT                        Medtronic PLC 1252.78              Health Care   2025-12-16 97.72   2025-12-17 98.3  0.59 
  TJX                    TJX Companies Inc 1722.22                   Retail  2025-12-16 155.09 2025-12-17 155.66  0.37 
  UNP                   Union Pacific Corp 1399.15              Road & Rail  2025-12-16 235.88 2025-12-17 236.74  0.36 
 COST                Costco Wholesale Corp 3819.77                   Retail  2025-12-16 860.39 2025-12-17 862.65  0.26 
  IBM International Business Machines Corp 2833.93               Technology  2025-12-16 303.18 2025-12-17 303.32  0.05 
  ABT                  Abbott Laboratories 2205.93              Health Care  2025-12-16 126.86 2025-12-17 126.71 -0.12 
  BLK                        BlackRock Inc 1742.55       Financial Services 2025-12-16 1068.14 2025-12-17 1065.0 -0.29 
  BAC                 Bank of America Corp 4002.50                  Banking   2025-12-16 54.81  2025-12-17 54.55 -0.47 
  UNH               UnitedHealth Group Inc 3027.31              Health Care   2025-12-16 334.2 2025-12-17 331.63 -0.77 
   GS              Goldman Sachs Group Inc 2636.82       Financial Services  2025-12-16 879.15 2025-12-17 872.33 -0.78 
  COF           Capital One Financial Corp 1536.00       Financial Services  2025-12-16 241.61  2025-12-17 239.5 -0.87 
   DE                           Deere & Co 1312.29                Machinery  2025-12-16 485.44  2025-12-17 481.0 -0.91 
   BN                      Brookfield Corp 1113.93       Financial Services   2025-12-16 44.99  2025-12-17 44.52 -1.04 
