
=== 涨幅榜前20名股票 ===
 股票代码                 公司名称                 市值(亿)                 板块                       昨天收盘              今天收盘       涨跌幅(%)
IHRTB                     iHeartMedia Inc    5.89                            Media   2026-05-28 1.51    2026-05-29 4.0 164.90
 HUBC              Hub Cyber Security Ltd    0.00                       Technology   2026-05-28 0.11   2026-05-29 0.26 137.36
 PRFX                PRF Technologies Ltd    0.01                  Pharmaceuticals   2026-05-28 1.37    2026-05-29 3.0 118.98
 REPL                 Replimune Group Inc    3.86                    Biotechnology   2026-05-28 4.68   2026-05-29 8.69  85.68
 OLOX               Olenox Industries Inc    0.08                     Construction   2026-05-28 4.92   2026-05-29 8.77  78.25
 ASTC                      Astrotech Corp    0.88             Electrical Equipment  2026-05-28 29.43   2026-05-29 49.8  69.22
 VCIG                      VCI Global Ltd    0.02            Professional Services   2026-05-28 5.79   2026-05-29 8.47  46.29
 CMND              Clearmind Medicine Inc    0.02                  Pharmaceuticals   2026-05-28 2.45   2026-05-29 3.58  46.12
 PRZO           Parazero Technologies Ltd    0.24             Electrical Equipment   2026-05-28 0.65   2026-05-29 0.93  42.50
ITRMF             Iterum Therapeutics PLC    0.04                  Pharmaceuticals   2026-05-28 0.05   2026-05-29 0.07  40.00
 IOTR                         iOThree Ltd    0.10                Telecommunication    2026-05-28 2.8   2026-05-29 3.91  39.64
 SPCE        Virgin Galactic Holdings Inc    4.56              Aerospace & Defense   2026-05-28 4.53   2026-05-29 6.18  36.42
 SPPL                         Simpple Ltd    0.26 Trading Companies & Distributors   2026-05-28 2.65   2026-05-29 3.59  35.47
 YMAT               J-Star Holding Co Ltd    0.14                 Leisure Products   2026-05-28 1.02   2026-05-29 1.37  34.31
   PD                       PagerDuty Inc    5.70                       Technology   2026-05-28 7.44   2026-05-29 9.95  33.74
AKZOF                       Akzo Nobel NV  112.44                        Chemicals  2026-05-28 57.78   2026-05-29 77.0  33.26
 DELL               Dell Technologies Inc 2068.51                       Technology 2026-05-28 317.05 2026-05-29 420.91  32.76
 STAI             Scantech AI Systems Inc    0.00             Electrical Equipment   2026-05-28 0.08    2026-05-29 0.1  31.58
 GITS Global Interactive Technologies Inc    0.08                            Media   2026-05-28 1.62   2026-05-29 2.13  31.48
   VS                  Versus Systems Inc    0.06                            Media   2026-05-28 1.13   2026-05-29 1.48  30.97

=== 市值超过20亿的涨幅榜前20名股票 ===
 股票代码                 公司名称                  市值(亿)           板块                 昨天收盘              今天收盘       涨跌幅(%)
AKZOF                        Akzo Nobel NV  112.44            Chemicals  2026-05-28 57.78   2026-05-29 77.0 33.26 
 DELL                Dell Technologies Inc 2068.51           Technology 2026-05-28 317.05 2026-05-29 420.91 32.76 
 OKTA                             Okta Inc  216.15           Technology  2026-05-28 94.72 2026-05-29 123.27 30.14 
KBAGF             Koninklijke BAM Groep NV   25.99         Construction  2026-05-28 10.42   2026-05-29 12.8 22.84 
 NTAP                           NetApp Inc  281.00           Technology  2026-05-28 142.4 2026-05-29 174.29 22.39 
 TEAM                       Atlassian Corp  236.74           Technology  2026-05-28 93.29 2026-05-29 107.61 15.35 
  FPS         Forgent Power Solutions, Inc  166.40 Electrical Equipment  2026-05-28 47.56  2026-05-29 54.66 14.93 
  NXT                        Nextpower Inc  206.13 Electrical Equipment 2026-05-28 137.17  2026-05-29 156.4 14.02 
 SAIL                        SailPoint Inc   93.88           Technology  2026-05-28 16.55  2026-05-29 18.83 13.78 
 ZETA            Zeta Global Holdings Corp   45.61           Technology  2026-05-28 20.18  2026-05-29 22.89 13.43 
  IBM International Business Machines Corp 2798.98           Technology 2026-05-28 264.22  2026-05-29 297.8 12.71 
 BAND                        Bandwidth Inc   20.80    Telecommunication  2026-05-28 57.66  2026-05-29 64.97 12.68 
  HPE        Hewlett Packard Enterprise Co  506.99           Technology  2026-05-28 38.21  2026-05-29 43.04 12.64 
 ESTC                           Elastic NV   59.63           Technology  2026-05-28 57.61   2026-05-29 64.7 12.31 
 RBRK                           Rubrik Inc  144.73           Technology  2026-05-28 70.32  2026-05-29 78.63 11.82 
 SMCI             Super Micro Computer Inc  248.39           Technology   2026-05-28 41.3  2026-05-29 46.09 11.60 
 CLBT                    Cellebrite DI Ltd   36.74           Technology   2026-05-28 13.2  2026-05-29 14.73 11.59 
 GTLB                           GitLab Inc   52.43           Technology  2026-05-28 27.93  2026-05-29 31.05 11.17 
 HOOD                Robinhood Markets Inc  764.67   Financial Services  2026-05-28 84.84   2026-05-29 94.3 11.15 
 HUBS                          HubSpot Inc  101.82           Technology  2026-05-28 198.8 2026-05-29 220.63 10.98 

=== 市值超过50亿的涨幅榜前20名股票 ===
 股票代码                 公司名称                  市值(亿)           板块                 昨天收盘              今天收盘       涨跌幅(%)
AKZOF                        Akzo Nobel NV  112.44            Chemicals  2026-05-28 57.78   2026-05-29 77.0 33.26 
 DELL                Dell Technologies Inc 2068.51           Technology 2026-05-28 317.05 2026-05-29 420.91 32.76 
 OKTA                             Okta Inc  216.15           Technology  2026-05-28 94.72 2026-05-29 123.27 30.14 
 NTAP                           NetApp Inc  281.00           Technology  2026-05-28 142.4 2026-05-29 174.29 22.39 
 TEAM                       Atlassian Corp  236.74           Technology  2026-05-28 93.29 2026-05-29 107.61 15.35 
  FPS         Forgent Power Solutions, Inc  166.40 Electrical Equipment  2026-05-28 47.56  2026-05-29 54.66 14.93 
  NXT                        Nextpower Inc  206.13 Electrical Equipment 2026-05-28 137.17  2026-05-29 156.4 14.02 
 SAIL                        SailPoint Inc   93.88           Technology  2026-05-28 16.55  2026-05-29 18.83 13.78 
  IBM International Business Machines Corp 2798.98           Technology 2026-05-28 264.22  2026-05-29 297.8 12.71 
  HPE        Hewlett Packard Enterprise Co  506.99           Technology  2026-05-28 38.21  2026-05-29 43.04 12.64 
 ESTC                           Elastic NV   59.63           Technology  2026-05-28 57.61   2026-05-29 64.7 12.31 
 RBRK                           Rubrik Inc  144.73           Technology  2026-05-28 70.32  2026-05-29 78.63 11.82 
 SMCI             Super Micro Computer Inc  248.39           Technology   2026-05-28 41.3  2026-05-29 46.09 11.60 
 GTLB                           GitLab Inc   52.43           Technology  2026-05-28 27.93  2026-05-29 31.05 11.17 
 HOOD                Robinhood Markets Inc  764.67   Financial Services  2026-05-28 84.84   2026-05-29 94.3 11.15 
 HUBS                          HubSpot Inc  101.82           Technology  2026-05-28 198.8 2026-05-29 220.63 10.98 
 ORCL                          Oracle Corp 6493.54           Technology  2026-05-28 203.7 2026-05-29 225.78 10.84 
  IOT                          Samsara Inc  183.96           Technology  2026-05-28 31.57  2026-05-29 34.99 10.83 
 TTAN                     ServiceTitan Inc   62.76           Technology  2026-05-28 65.79  2026-05-29 72.36  9.99 
 DDOG    Datadog Inc (Pre-Reincorporation)  880.47           Technology 2026-05-28 225.24 2026-05-29 247.35  9.82 

=== 市值超过100亿的涨幅榜前20名股票 ===
 股票代码                 公司名称                  市值(亿)           板块                 昨天收盘              今天收盘       涨跌幅(%)
AKZOF                        Akzo Nobel NV  112.44            Chemicals  2026-05-28 57.78   2026-05-29 77.0 33.26 
 DELL                Dell Technologies Inc 2068.51           Technology 2026-05-28 317.05 2026-05-29 420.91 32.76 
 OKTA                             Okta Inc  216.15           Technology  2026-05-28 94.72 2026-05-29 123.27 30.14 
 NTAP                           NetApp Inc  281.00           Technology  2026-05-28 142.4 2026-05-29 174.29 22.39 
 TEAM                       Atlassian Corp  236.74           Technology  2026-05-28 93.29 2026-05-29 107.61 15.35 
  FPS         Forgent Power Solutions, Inc  166.40 Electrical Equipment  2026-05-28 47.56  2026-05-29 54.66 14.93 
  NXT                        Nextpower Inc  206.13 Electrical Equipment 2026-05-28 137.17  2026-05-29 156.4 14.02 
  IBM International Business Machines Corp 2798.98           Technology 2026-05-28 264.22  2026-05-29 297.8 12.71 
  HPE        Hewlett Packard Enterprise Co  506.99           Technology  2026-05-28 38.21  2026-05-29 43.04 12.64 
 RBRK                           Rubrik Inc  144.73           Technology  2026-05-28 70.32  2026-05-29 78.63 11.82 
 SMCI             Super Micro Computer Inc  248.39           Technology   2026-05-28 41.3  2026-05-29 46.09 11.60 
 HOOD                Robinhood Markets Inc  764.67   Financial Services  2026-05-28 84.84   2026-05-29 94.3 11.15 
 HUBS                          HubSpot Inc  101.82           Technology  2026-05-28 198.8 2026-05-29 220.63 10.98 
 ORCL                          Oracle Corp 6493.54           Technology  2026-05-28 203.7 2026-05-29 225.78 10.84 
  IOT                          Samsara Inc  183.96           Technology  2026-05-28 31.57  2026-05-29 34.99 10.83 
 DDOG    Datadog Inc (Pre-Reincorporation)  880.47           Technology 2026-05-28 225.24 2026-05-29 247.35  9.82 
 PLTR            Palantir Technologies Inc 3436.31           Technology 2026-05-28 143.34 2026-05-29 156.54  9.21 
    P                         Everpure Inc  264.09           Technology  2026-05-28 73.04  2026-05-29 79.51  8.86 
  FIG                            Figma Inc  134.74           Technology  2026-05-28 23.46   2026-05-29 25.5  8.70 
 BMRN          BioMarin Pharmaceutical Inc  110.73        Biotechnology  2026-05-28 52.74  2026-05-29 57.29  8.63 

=== 市值超过200亿的涨幅榜前20名股票 ===
 股票代码                 公司名称                  市值(亿)           板块                 昨天收盘              今天收盘       涨跌幅(%)
 DELL                Dell Technologies Inc 2068.51           Technology 2026-05-28 317.05 2026-05-29 420.91 32.76 
 OKTA                             Okta Inc  216.15           Technology  2026-05-28 94.72 2026-05-29 123.27 30.14 
 NTAP                           NetApp Inc  281.00           Technology  2026-05-28 142.4 2026-05-29 174.29 22.39 
 TEAM                       Atlassian Corp  236.74           Technology  2026-05-28 93.29 2026-05-29 107.61 15.35 
  NXT                        Nextpower Inc  206.13 Electrical Equipment 2026-05-28 137.17  2026-05-29 156.4 14.02 
  IBM International Business Machines Corp 2798.98           Technology 2026-05-28 264.22  2026-05-29 297.8 12.71 
  HPE        Hewlett Packard Enterprise Co  506.99           Technology  2026-05-28 38.21  2026-05-29 43.04 12.64 
 SMCI             Super Micro Computer Inc  248.39           Technology   2026-05-28 41.3  2026-05-29 46.09 11.60 
 HOOD                Robinhood Markets Inc  764.67   Financial Services  2026-05-28 84.84   2026-05-29 94.3 11.15 
 ORCL                          Oracle Corp 6493.54           Technology  2026-05-28 203.7 2026-05-29 225.78 10.84 
 DDOG    Datadog Inc (Pre-Reincorporation)  880.47           Technology 2026-05-28 225.24 2026-05-29 247.35  9.82 
 PLTR            Palantir Technologies Inc 3436.31           Technology 2026-05-28 143.34 2026-05-29 156.54  9.21 
    P                         Everpure Inc  264.09           Technology  2026-05-28 73.04  2026-05-29 79.51  8.86 
  CRM                       Salesforce Inc 1441.17           Technology 2026-05-28 176.17  2026-05-29 191.1  8.47 
  HPQ                               HP Inc  228.73           Technology  2026-05-28 25.01  2026-05-29 27.04  8.12 
 BURL                Burlington Stores Inc  203.46               Retail 2026-05-28 300.52 2026-05-29 323.83  7.76 
   ZS                          Zscaler Inc  281.79           Technology 2026-05-28 130.04 2026-05-29 139.73  7.45 
THLEF                            Thales SA  492.42  Aerospace & Defense  2026-05-28 270.0  2026-05-29 290.0  7.41 
 SOFI                SoFi Technologies Inc  217.68   Financial Services  2026-05-28 16.97  2026-05-29 18.22  7.37 
 ADBE                            Adobe Inc 1047.73           Technology 2026-05-28 241.44 2026-05-29 259.21  7.36 

=== 市值超过1000亿的涨跌榜前20名股票 ===
 股票代码                 公司名称                  市值(亿)              板块                   昨天收盘               今天收盘        涨跌幅(%)
 DELL                Dell Technologies Inc  2068.51               Technology  2026-05-28 317.05  2026-05-29 420.91 32.76 
  IBM International Business Machines Corp  2798.98               Technology  2026-05-28 264.22   2026-05-29 297.8 12.71 
 ORCL                          Oracle Corp  6493.54               Technology   2026-05-28 203.7  2026-05-29 225.78 10.84 
 PLTR            Palantir Technologies Inc  3436.31               Technology  2026-05-28 143.34  2026-05-29 156.54  9.21 
  CRM                       Salesforce Inc  1441.17               Technology  2026-05-28 176.17   2026-05-29 191.1  8.47 
 ADBE                            Adobe Inc  1047.73               Technology  2026-05-28 241.44  2026-05-29 259.21  7.36 
 FTNT                         Fortinet Inc  1010.83               Technology   2026-05-28 129.7  2026-05-29 137.97  6.38 
 MSFT                       Microsoft Corp 31718.67               Technology  2026-05-28 426.99  2026-05-29 450.24  5.45 
   MU                Micron Technology Inc 10414.85           Semiconductors  2026-05-28 923.52   2026-05-29 971.0  5.14 
  ACN                        Accenture PLC  1095.27               Technology   2026-05-28 178.4  2026-05-29 187.07  4.86 
 AVGO                         Broadcom Inc 20197.15           Semiconductors  2026-05-28 426.58  2026-05-29 446.77  4.73 
 IBKR        Interactive Brokers Group Inc  1475.20       Financial Services   2026-05-28 83.11   2026-05-29 86.97  4.64 
 SNDK                         Sandisk Corp  2431.10               Technology 2026-05-28 1641.64 2026-05-29 1694.98  3.25 
 SHOP                          Shopify Inc  1492.69               Technology  2026-05-28 115.03  2026-05-29 118.71  3.20 
 QCOM                         Qualcomm Inc  2564.28           Semiconductors  2026-05-28 243.29  2026-05-29 251.02  3.18 
SBGSF                Schneider Electric SE  1505.22     Electrical Equipment   2026-05-28 310.4   2026-05-29 320.0  3.09 
EADSF                            Airbus SE  1398.90      Aerospace & Defense  2026-05-28 203.05   2026-05-29 209.0  2.93 
 ANET                  Arista Networks Inc  1955.16           Communications  2026-05-28 155.27  2026-05-29 159.47  2.70 
  APP                        Applovin Corp  2015.27               Technology  2026-05-28 599.89  2026-05-29 613.09  2.20 
  HON          Honeywell International Inc  1476.41 Industrial Conglomerates   2026-05-28 233.0  2026-05-29 237.86  2.09 
