
=== 涨幅榜前20名股票 ===
 股票代码               公司名称               市值(亿)               板块                     昨天收盘             今天收盘       涨跌幅(%)
NCNCF                    noco-noco Inc  0.01           Electrical Equipment   2025-02-27 0.0   2025-02-28 0.0 150.00
 ORGO       Organogenesis Holdings Inc  6.41                  Biotechnology  2025-02-27 3.07  2025-02-28 6.21 102.28
 TRNR         Interactive Strength Inc  0.03               Leisure Products  2025-02-27 1.53  2025-02-28 2.57  67.97
 PMAX                   Powell Max Ltd  0.07             Financial Services  2025-02-27 0.36  2025-02-28 0.51  43.54
  OMI                Owens & Minor Inc  6.96                    Health Care  2025-02-27 6.89  2025-02-28 9.58  39.04
 ARBB                ARB IOT Group Ltd  0.16                     Technology  2025-02-27 0.48  2025-02-28 0.65  35.83
  TPC                Tutor Perini Corp 14.18                   Construction 2025-02-27 21.87 2025-02-28 29.39  34.38
 HUBC           Hub Cyber Security Ltd  0.18                     Technology  2025-02-27 0.55  2025-02-28 0.72  32.52
 ENVB          Enveric Biosciences Inc  0.05                Pharmaceuticals  2025-02-27 2.12   2025-02-28 2.8  32.08
 PEPG                       PepGen Inc  0.89                  Biotechnology  2025-02-27 2.43  2025-02-28 3.15  29.63
 ACON                     Aclarion Inc  0.03                    Health Care  2025-02-27 2.63  2025-02-28 3.35  27.38
 RDZN                      Roadzen Inc  0.81                     Technology  2025-02-27 0.97  2025-02-28 1.23  26.81
 BTAI         BioXcel Therapeutics Inc  0.07                  Biotechnology  2025-02-27 1.73  2025-02-28 2.16  24.86
 XCUR                      Exicure Inc  0.21                  Biotechnology  2025-02-27 7.61  2025-02-28 9.45  24.18
 NEOV                     NeoVolta Inc  1.07           Electrical Equipment  2025-02-27 2.99  2025-02-28 3.69  23.41
 RITR      Reitar Logtech Holdings Ltd  1.46                    Real Estate  2025-02-27 2.41  2025-02-28 2.97  23.19
 KLXE KLX Energy Services Holdings Inc  0.76                         Energy   2025-02-27 3.8  2025-02-28 4.67  22.89
 GRRR     Gorilla Technology Group Inc  5.09                     Technology  2025-02-27 24.8 2025-02-28 30.28  22.10
 ESGL                ESGL Holdings Ltd  0.62 Commercial Services & Supplies  2025-02-27 1.31  2025-02-28 1.59  21.37
  DDC               DDC Enterprise Ltd  0.19                  Food Products  2025-02-27 0.23  2025-02-28 0.28  21.30

=== 市值超过20亿的涨幅榜前20名股票 ===
股票代码            公司名称            市值(亿)                板块                      昨天收盘              今天收盘       涨跌幅(%)
PRGO        Perrigo Company PLC  38.99                Pharmaceuticals  2025-02-27 24.13   2025-02-28 29.0 20.18 
SOUN          SoundHound AI Inc  41.63                     Technology   2025-02-27 9.21  2025-02-28 10.82 17.48 
ALHC   Alignment Healthcare Inc  29.41                    Health Care  2025-02-27 13.47  2025-02-28 15.69 16.48 
IBRX            Immunitybio Inc  23.91                  Biotechnology   2025-02-27 2.86   2025-02-28 3.29 15.03 
ESTC                 Elastic NV 117.74                     Technology 2025-02-27 101.28 2025-02-28 116.36 14.89 
NEXT            NextDecade Corp  20.06                         Energy   2025-02-27 7.26   2025-02-28 8.22 13.22 
 PAR        PAR Technology Corp  24.68           Electrical Equipment  2025-02-27 60.71  2025-02-28 68.71 13.18 
BTDR Bitdeer Technologies Group  22.66                     Technology  2025-02-27 10.89  2025-02-28 12.31 13.04 
ACHR        Archer Aviation Inc  39.65            Aerospace & Defense   2025-02-27 7.92   2025-02-28 8.88 12.12 
 AES                   AES Corp  83.01                      Utilities  2025-02-27 10.38  2025-02-28 11.59 11.66 
 LIF                Life360 Inc  32.67                     Technology  2025-02-27 40.58   2025-02-28 45.2 11.38 
 NNI                 Nelnet Inc  43.07             Financial Services 2025-02-27 111.97 2025-02-28 122.39  9.31 
PTCT       PTC Therapeutics Inc  41.44                  Biotechnology  2025-02-27 50.57  2025-02-28 55.26  9.27 
 RKT       Rocket Companies Inc 276.07             Financial Services  2025-02-27 12.83   2025-02-28 14.0  9.12 
HIMS     Hims & Hers Health Inc  96.31                    Health Care  2025-02-27 41.34  2025-02-28 45.09  9.07 
SMTC               Semtech Corp  32.10                 Semiconductors  2025-02-27 35.06  2025-02-28 38.19  8.93 
SLNO    Soleno Therapeutics Inc  20.27                  Biotechnology  2025-02-27 44.99  2025-02-28 48.82  8.51 
  VG         Venture Global Inc 339.70                         Energy  2025-02-27 13.92  2025-02-28 15.09  8.41 
DRVN Driven Brands Holdings Inc  27.74 Commercial Services & Supplies  2025-02-27 16.23  2025-02-28 17.53  8.01 
SRRK  Scholar Rock Holding Corp  34.83                  Biotechnology  2025-02-27 35.96  2025-02-28 38.82  7.95 

=== 市值超过50亿的涨幅榜前20名股票 ===
股票代码                公司名称                市值(亿)                 板块                       昨天收盘               今天收盘        涨跌幅(%)
ESTC                         Elastic NV 117.74                       Technology  2025-02-27 101.28  2025-02-28 116.36 14.89 
 AES                           AES Corp  83.01                        Utilities   2025-02-27 10.38   2025-02-28 11.59 11.66 
 RKT               Rocket Companies Inc 276.07               Financial Services   2025-02-27 12.83    2025-02-28 14.0  9.12 
HIMS             Hims & Hers Health Inc  96.31                      Health Care   2025-02-27 41.34   2025-02-28 45.09  9.07 
  VG                 Venture Global Inc 339.70                           Energy   2025-02-27 13.92   2025-02-28 15.09  8.41 
BPMC           Blueprint Medicines Corp  58.79                    Biotechnology   2025-02-27 90.42   2025-02-28 96.57  6.80 
LOAR                  Loar Holdings Inc  65.41              Aerospace & Defense   2025-02-27 68.15   2025-02-28 72.67  6.63 
  LB                  LandBridge Co LLC  52.54                      Real Estate   2025-02-27 64.89   2025-02-28 69.18  6.61 
MSTR                  Microstrategy Inc 652.65                       Technology  2025-02-27 240.05  2025-02-28 255.43  6.41 
 EIX               Edison International 212.54                        Utilities   2025-02-27 51.34   2025-02-28 54.44  6.04 
 EDR        Endeavor Group Holdings Inc 214.76                            Media   2025-02-27 30.76   2025-02-28 32.59  5.95 
IONS          Ionis Pharmaceuticals Inc  50.43                    Biotechnology   2025-02-27 31.35   2025-02-28 33.19  5.87 
ERIE                  Erie Indemnity Co 200.98                        Insurance  2025-02-27 404.98  2025-02-28 428.07  5.70 
CAVA                     CAVA Group Inc 108.58    Hotels, Restaurants & Leisure   2025-02-27 90.08   2025-02-28 95.03  5.50 
RBLX                        Roblox Corp 426.87                            Media   2025-02-27 60.43   2025-02-28 63.64  5.31 
 TPL            Texas Pacific Land Corp 319.49                           Energy 2025-02-27 1356.02 2025-02-28 1427.95  5.30 
MNST              Monster Beverage Corp 534.01                        Beverages   2025-02-27 51.92   2025-02-28 54.65  5.26 
CRDO Credo Technology Group Holding Ltd  91.56                   Semiconductors    2025-02-27 52.6   2025-02-28 55.18  4.90 
MRVL             Marvell Technology Inc 787.90                   Semiconductors   2025-02-27 87.65   2025-02-28 91.82  4.76 
  AS                    Amer Sports Inc 160.93 Textiles, Apparel & Luxury Goods   2025-02-27 28.56   2025-02-28 29.89  4.66 

=== 市值超过100亿的涨幅榜前20名股票 ===
股票代码               公司名称                市值(亿)                  板块                       昨天收盘               今天收盘        涨跌幅(%)
ESTC                       Elastic NV   117.74                       Technology  2025-02-27 101.28  2025-02-28 116.36 14.89 
 RKT             Rocket Companies Inc   276.07               Financial Services   2025-02-27 12.83    2025-02-28 14.0  9.12 
  VG               Venture Global Inc   339.70                           Energy   2025-02-27 13.92   2025-02-28 15.09  8.41 
MSTR                Microstrategy Inc   652.65                       Technology  2025-02-27 240.05  2025-02-28 255.43  6.41 
 EIX             Edison International   212.54                        Utilities   2025-02-27 51.34   2025-02-28 54.44  6.04 
 EDR      Endeavor Group Holdings Inc   214.76                            Media   2025-02-27 30.76   2025-02-28 32.59  5.95 
ERIE                Erie Indemnity Co   200.98                        Insurance  2025-02-27 404.98  2025-02-28 428.07  5.70 
CAVA                   CAVA Group Inc   108.58    Hotels, Restaurants & Leisure   2025-02-27 90.08   2025-02-28 95.03  5.50 
RBLX                      Roblox Corp   426.87                            Media   2025-02-27 60.43   2025-02-28 63.64  5.31 
 TPL          Texas Pacific Land Corp   319.49                           Energy 2025-02-27 1356.02 2025-02-28 1427.95  5.30 
MNST            Monster Beverage Corp   534.01                        Beverages   2025-02-27 51.92   2025-02-28 54.65  5.26 
MRVL           Marvell Technology Inc   787.90                   Semiconductors   2025-02-27 87.65   2025-02-28 91.82  4.76 
  AS                  Amer Sports Inc   160.93 Textiles, Apparel & Luxury Goods   2025-02-27 28.56   2025-02-28 29.89  4.66 
 BAC             Bank of America Corp  3441.12                          Banking   2025-02-27 44.12    2025-02-28 46.1  4.49 
CVNA                       Carvana Co   488.77                           Retail  2025-02-27 223.21   2025-02-28 233.1  4.43 
CRBG         Corebridge Financial Inc   190.73               Financial Services   2025-02-27 33.32   2025-02-28 34.68  4.08 
 AIG American International Group Inc   479.41                        Insurance   2025-02-27 79.69   2025-02-28 82.94  4.08 
ALNY      Alnylam Pharmaceuticals Inc   313.91                    Biotechnology   2025-02-27 237.1  2025-02-28 246.75  4.07 
NVDA                      NVIDIA Corp 29860.57                   Semiconductors  2025-02-27 120.15  2025-02-28 124.92  3.97 
AFRM              Affirm Holdings Inc   200.06               Financial Services   2025-02-27 61.71   2025-02-28 64.15  3.95 

=== 市值超过200亿的涨幅榜前20名股票 ===
股票代码               公司名称                市值(亿)           板块                昨天收盘               今天收盘        涨跌幅(%)
 RKT             Rocket Companies Inc   276.07 Financial Services   2025-02-27 12.83    2025-02-28 14.0  9.12 
  VG               Venture Global Inc   339.70             Energy   2025-02-27 13.92   2025-02-28 15.09  8.41 
MSTR                Microstrategy Inc   652.65         Technology  2025-02-27 240.05  2025-02-28 255.43  6.41 
 EIX             Edison International   212.54          Utilities   2025-02-27 51.34   2025-02-28 54.44  6.04 
 EDR      Endeavor Group Holdings Inc   214.76              Media   2025-02-27 30.76   2025-02-28 32.59  5.95 
ERIE                Erie Indemnity Co   200.98          Insurance  2025-02-27 404.98  2025-02-28 428.07  5.70 
RBLX                      Roblox Corp   426.87              Media   2025-02-27 60.43   2025-02-28 63.64  5.31 
 TPL          Texas Pacific Land Corp   319.49             Energy 2025-02-27 1356.02 2025-02-28 1427.95  5.30 
MNST            Monster Beverage Corp   534.01          Beverages   2025-02-27 51.92   2025-02-28 54.65  5.26 
MRVL           Marvell Technology Inc   787.90     Semiconductors   2025-02-27 87.65   2025-02-28 91.82  4.76 
 BAC             Bank of America Corp  3441.12            Banking   2025-02-27 44.12    2025-02-28 46.1  4.49 
CVNA                       Carvana Co   488.77             Retail  2025-02-27 223.21   2025-02-28 233.1  4.43 
 AIG American International Group Inc   479.41          Insurance   2025-02-27 79.69   2025-02-28 82.94  4.08 
ALNY      Alnylam Pharmaceuticals Inc   313.91      Biotechnology   2025-02-27 237.1  2025-02-28 246.75  4.07 
NVDA                      NVIDIA Corp 29860.57     Semiconductors  2025-02-27 120.15  2025-02-28 124.92  3.97 
AFRM              Affirm Holdings Inc   200.06 Financial Services   2025-02-27 61.71   2025-02-28 64.15  3.95 
 LNG              Cheniere Energy Inc   499.20             Energy  2025-02-27 219.93  2025-02-28 228.56  3.92 
TSLA                        Tesla Inc  9324.68        Automobiles  2025-02-27 281.95  2025-02-28 292.98  3.91 
 OKE                        ONEOK Inc   621.84             Energy   2025-02-27 96.64  2025-02-28 100.39  3.88 
COIN              Coinbase Global Inc   540.48 Financial Services  2025-02-27 208.37  2025-02-28 215.62  3.48 

=== 市值超过1000亿的涨跌榜前20名股票 ===
股票代码           公司名称           市值(亿)            板块                昨天收盘               今天收盘        涨跌幅(%)
 BAC    Bank of America Corp  3441.12             Banking   2025-02-27 44.12    2025-02-28 46.1  4.49 
NVDA             NVIDIA Corp 29860.57      Semiconductors  2025-02-27 120.15  2025-02-28 124.92  3.97 
TSLA               Tesla Inc  9324.68         Automobiles  2025-02-27 281.95  2025-02-28 292.98  3.91 
 BLK           BlackRock Inc  1472.27  Financial Services  2025-02-27 944.89  2025-02-28 977.78  3.48 
  MS          Morgan Stanley  2108.81  Financial Services  2025-02-27 129.24  2025-02-28 133.11  2.99 
 BSX  Boston Scientific Corp  1509.28         Health Care   2025-02-27 100.8  2025-02-28 103.79  2.97 
SPOT   Spotify Technology SA  1189.18               Media  2025-02-27 590.76  2025-02-28 608.01  2.92 
 ADI      Analog Devices Inc  1127.55      Semiconductors  2025-02-27 223.85  2025-02-28 230.06  2.77 
INTC              Intel Corp  1041.15      Semiconductors   2025-02-27 23.09   2025-02-28 23.73  2.77 
  GE     General Electric Co  2191.98 Aerospace & Defense  2025-02-27 201.43  2025-02-28 206.98  2.76 
COST   Costco Wholesale Corp  4563.10              Retail 2025-02-27 1021.71 2025-02-28 1048.61  2.63 
 KKR            KKR & Co Inc  1179.21  Financial Services   2025-02-27 132.2  2025-02-28 135.59  2.56 
 TXN   Texas Instruments Inc  1769.28      Semiconductors   2025-02-27 191.3  2025-02-28 195.99  2.45 
UBER   Uber Technologies Inc  1572.92         Road & Rail   2025-02-27 74.21   2025-02-28 76.01  2.43 
  BX          Blackstone Inc  1919.53  Financial Services  2025-02-27 157.39  2025-02-28 161.16  2.40 
  GS Goldman Sachs Group Inc  1909.09  Financial Services   2025-02-27 608.0  2025-02-28 622.29  2.35 
 AXP     American Express Co  2096.78  Financial Services   2025-02-27 294.2  2025-02-28 300.96  2.30 
 DIS          Walt Disney Co  2045.69               Media  2025-02-27 111.31   2025-02-28 113.8  2.24 
INTU              Intuit Inc  1678.86          Technology  2025-02-27 600.42  2025-02-28 613.84  2.24 
 JPM     JPMorgan Chase & Co  7291.68             Banking  2025-02-27 259.05  2025-02-28 264.65  2.16 
