
=== 涨幅榜前20名股票 ===
股票代码            公司名称            市值(亿)               板块                     昨天收盘            今天收盘       涨跌幅(%)
KLTO   Klotho Neurosciences Inc  0.07                  Biotechnology  2025-06-06 0.2  2025-06-09 1.82 787.80
 OMH               Ohmyhome Ltd  0.04                    Real Estate  2025-06-06 0.6  2025-06-09 2.41 299.01
  NA              Nano Labs Ltd  1.15                 Semiconductors 2025-06-06 6.69 2025-06-09 11.31  69.06
CTXR Citius Pharmaceuticals Inc  0.09                Pharmaceuticals 2025-06-06 0.85  2025-06-09 1.37  60.99
GUTS         Fractyl Health Inc  0.97                    Health Care 2025-06-06 1.99  2025-06-09 2.88  44.72
XTIA          XTI Aerospace Inc  0.12                     Technology 2025-06-06 1.86  2025-06-09 2.57  38.17
HBIO     Harvard Bioscience Inc  0.18 Life Sciences Tools & Services 2025-06-06 0.41  2025-06-09 0.56  36.17
NEGG        Newegg Commerce Inc  2.02                         Retail 2025-06-06 10.4 2025-06-09 13.69  31.63
BYSI           Beyondspring Inc  0.69                  Biotechnology  2025-06-06 1.7  2025-06-09 2.21  30.00
OBLG                 Oblong Inc  0.04                     Technology  2025-06-06 3.1  2025-06-09 4.02  29.68
COOK                Traeger Inc  1.99              Consumer products 2025-06-06 1.47  2025-06-09 1.86  26.53
PLUG             Plug Power Inc 10.45           Electrical Equipment 2025-06-06 0.97  2025-06-09 1.22  25.77
AREC    American Resources Corp  0.54                         Energy 2025-06-06 0.65  2025-06-09 0.82  25.04
UMAC       Unusual Machines Inc  1.84           Electrical Equipment 2025-06-06 7.42  2025-06-09 9.18  23.72
 BTM          Bitcoin Depot Inc  3.00 Commercial Services & Supplies 2025-06-06 4.67  2025-06-09 5.76  23.34
ANIX      Anixa Biosciences Inc  0.89                  Biotechnology 2025-06-06 2.76   2025-06-09 3.4  23.19
GMHS      Gamehaus Holdings Inc  0.81                          Media 2025-06-06 1.52  2025-06-09 1.87  23.03
PRSO                 Peraso Inc  0.06                 Semiconductors  2025-06-06 1.2  2025-06-09 1.47  22.50
 MFI   mF International Limited  0.29             Financial Services 2025-06-06 2.17  2025-06-09 2.65  22.12
DGLY           Digital Ally Inc  0.04           Electrical Equipment 2025-06-06 2.47  2025-06-09 3.01  21.86

=== 市值超过20亿的涨幅榜前20名股票 ===
股票代码            公司名称           市值(亿)                板块                     昨天收盘              今天收盘       涨跌幅(%)
JOBY         Joby Aviation Inc  64.29                       Airlines  2025-06-06 8.12   2025-06-09 9.23 13.67 
ASTS       AST SpaceMobile Inc 102.36              Telecommunication 2025-06-06 31.19  2025-06-09 34.82 11.64 
 CCJ               Cameco Corp 263.02                         Energy 2025-06-06 60.42  2025-06-09 66.91 10.74 
  GT Goodyear Tire & Rubber Co  30.40                Auto Components 2025-06-06 10.64  2025-06-09 11.78 10.71 
MTSR               Metsera Inc  28.88                  Biotechnology 2025-06-06 27.49  2025-06-09 30.39 10.55 
ACHR       Archer Aviation Inc  55.94            Aerospace & Defense 2025-06-06 10.19  2025-06-09 11.26 10.50 
SMTC              Semtech Corp  34.10                 Semiconductors 2025-06-06 37.85  2025-06-09 41.35  9.25 
IBRX           Immunitybio Inc  27.80                  Biotechnology  2025-06-06 3.15   2025-06-09 3.44  9.21 
NBIS           Nebius Group NV 114.96                     Technology 2025-06-06 48.28  2025-06-09 52.58  8.91 
AIFU                  AIFU Inc  31.19                      Insurance  2025-06-06 3.11   2025-06-09 3.37  8.36 
OKLO                  Oklo Inc  70.01                      Utilities 2025-06-06 50.29  2025-06-09 54.26  7.89 
 TEM             Tempus AI Inc 107.45 Life Sciences Tools & Services 2025-06-06 62.07  2025-06-09 66.94  7.85 
  MP         MP Materials Corp  42.01                Metals & Mining  2025-06-06 25.7  2025-06-09 27.69  7.74 
ENTG              Entegris Inc 110.40                 Semiconductors 2025-06-06 72.92  2025-06-09 78.47  7.61 
BEPC Brookfield Renewable Corp  42.90                      Utilities 2025-06-06 29.61  2025-06-09 31.83  7.50 
TTMI      TTM Technologies Inc  33.76           Electrical Equipment 2025-06-06 33.22   2025-06-09 35.7  7.47 
SLAB  Silicon Laboratories Inc  41.24                 Semiconductors 2025-06-06 126.6 2025-06-09 134.98  6.62 
LUMN    Lumen Technologies Inc  40.42              Telecommunication  2025-06-06 3.94    2025-06-09 4.2  6.60 
GSAT            Globalstar Inc  25.19              Telecommunication  2025-06-06 19.9  2025-06-09 21.19  6.48 
ACLS  Axcelis Technologies Inc  20.41                 Semiconductors 2025-06-06 63.51  2025-06-09 67.61  6.46 

=== 市值超过50亿的涨幅榜前20名股票 ===
股票代码              公司名称              市值(亿)                 板块                       昨天收盘              今天收盘       涨跌幅(%)
JOBY             Joby Aviation Inc   64.29                         Airlines   2025-06-06 8.12   2025-06-09 9.23 13.67 
ASTS           AST SpaceMobile Inc  102.36                Telecommunication  2025-06-06 31.19  2025-06-09 34.82 11.64 
 CCJ                   Cameco Corp  263.02                           Energy  2025-06-06 60.42  2025-06-09 66.91 10.74 
ACHR           Archer Aviation Inc   55.94              Aerospace & Defense  2025-06-06 10.19  2025-06-09 11.26 10.50 
NBIS               Nebius Group NV  114.96                       Technology  2025-06-06 48.28  2025-06-09 52.58  8.91 
OKLO                      Oklo Inc   70.01                        Utilities  2025-06-06 50.29  2025-06-09 54.26  7.89 
 TEM                 Tempus AI Inc  107.45   Life Sciences Tools & Services  2025-06-06 62.07  2025-06-09 66.94  7.85 
ENTG                  Entegris Inc  110.40                   Semiconductors  2025-06-06 72.92  2025-06-09 78.47  7.61 
 QXO                       QXO Inc  109.87 Trading Companies & Distributors   2025-06-06 19.0  2025-06-09 20.13  5.95 
UPST          Upstart Holdings Inc   51.69               Financial Services  2025-06-06 54.33  2025-06-09 57.42  5.69 
ENPH            Enphase Energy Inc   54.03                   Semiconductors  2025-06-06 41.18  2025-06-09 43.26  5.05 
REGN Regeneron Pharmaceuticals Inc  532.51                    Biotechnology 2025-06-06 493.22  2025-06-09 517.6  4.94 
 AMD    Advanced Micro Devices Inc 1883.91                   Semiconductors 2025-06-06 116.19 2025-06-09 121.73  4.77 
MSTR             Microstrategy Inc 1023.81                       Technology 2025-06-06 374.47 2025-06-09 392.12  4.71 
  CR                      Crane Co  102.17                        Machinery 2025-06-06 177.68 2025-06-09 185.99  4.68 
TSLA                     Tesla Inc 9493.23                      Automobiles 2025-06-06 295.14 2025-06-09 308.58  4.55 
 FND    Floor & Decor Holdings Inc   76.88                           Retail  2025-06-06 71.45  2025-06-09 74.61  4.42 
  ON         ON Semiconductor Corp  209.65                   Semiconductors  2025-06-06 50.17  2025-06-09 52.38  4.41 
 VFS              VinFast Auto Ltd   79.99                      Automobiles   2025-06-06 3.42   2025-06-09 3.57  4.39 
DOCU                  DocuSign Inc  152.44                       Technology  2025-06-06 75.28  2025-06-09 78.58  4.38 

=== 市值超过100亿的涨幅榜前20名股票 ===
股票代码              公司名称              市值(亿)                 板块                       昨天收盘              今天收盘       涨跌幅(%)
ASTS           AST SpaceMobile Inc  102.36                Telecommunication  2025-06-06 31.19  2025-06-09 34.82 11.64 
 CCJ                   Cameco Corp  263.02                           Energy  2025-06-06 60.42  2025-06-09 66.91 10.74 
NBIS               Nebius Group NV  114.96                       Technology  2025-06-06 48.28  2025-06-09 52.58  8.91 
 TEM                 Tempus AI Inc  107.45   Life Sciences Tools & Services  2025-06-06 62.07  2025-06-09 66.94  7.85 
ENTG                  Entegris Inc  110.40                   Semiconductors  2025-06-06 72.92  2025-06-09 78.47  7.61 
 QXO                       QXO Inc  109.87 Trading Companies & Distributors   2025-06-06 19.0  2025-06-09 20.13  5.95 
REGN Regeneron Pharmaceuticals Inc  532.51                    Biotechnology 2025-06-06 493.22  2025-06-09 517.6  4.94 
 AMD    Advanced Micro Devices Inc 1883.91                   Semiconductors 2025-06-06 116.19 2025-06-09 121.73  4.77 
MSTR             Microstrategy Inc 1023.81                       Technology 2025-06-06 374.47 2025-06-09 392.12  4.71 
  CR                      Crane Co  102.17                        Machinery 2025-06-06 177.68 2025-06-09 185.99  4.68 
TSLA                     Tesla Inc 9493.23                      Automobiles 2025-06-06 295.14 2025-06-09 308.58  4.55 
  ON         ON Semiconductor Corp  209.65                   Semiconductors  2025-06-06 50.17  2025-06-09 52.38  4.41 
DOCU                  DocuSign Inc  152.44                       Technology  2025-06-06 75.28  2025-06-09 78.58  4.38 
MCHP      Microchip Technology Inc  351.96                   Semiconductors  2025-06-06 65.25  2025-06-09 68.05  4.29 
 LVS          Las Vegas Sands Corp  284.21    Hotels, Restaurants & Leisure  2025-06-06 40.22   2025-06-09 41.9  4.18 
CELH          Celsius Holdings Inc  104.64                        Beverages   2025-06-06 40.6  2025-06-09 42.28  4.14 
QCOM                  Qualcomm Inc 1638.66                   Semiconductors 2025-06-06 149.24 2025-06-09 155.41  4.13 
AFRM           Affirm Holdings Inc  190.08               Financial Services  2025-06-06 58.92  2025-06-09 61.34  4.11 
SMCI      Super Micro Computer Inc  247.98                       Technology  2025-06-06 41.55  2025-06-09 43.12  3.78 
 TXN         Texas Instruments Inc 1748.08                   Semiconductors 2025-06-06 192.42 2025-06-09 199.21  3.53 

=== 市值超过200亿的涨幅榜前20名股票 ===
股票代码               公司名称               市值(亿)                板块                     昨天收盘              今天收盘       涨跌幅(%)
 CCJ                     Cameco Corp  263.02                        Energy  2025-06-06 60.42  2025-06-09 66.91 10.74 
REGN   Regeneron Pharmaceuticals Inc  532.51                 Biotechnology 2025-06-06 493.22  2025-06-09 517.6  4.94 
 AMD      Advanced Micro Devices Inc 1883.91                Semiconductors 2025-06-06 116.19 2025-06-09 121.73  4.77 
MSTR               Microstrategy Inc 1023.81                    Technology 2025-06-06 374.47 2025-06-09 392.12  4.71 
TSLA                       Tesla Inc 9493.23                   Automobiles 2025-06-06 295.14 2025-06-09 308.58  4.55 
  ON           ON Semiconductor Corp  209.65                Semiconductors  2025-06-06 50.17  2025-06-09 52.38  4.41 
MCHP        Microchip Technology Inc  351.96                Semiconductors  2025-06-06 65.25  2025-06-09 68.05  4.29 
 LVS            Las Vegas Sands Corp  284.21 Hotels, Restaurants & Leisure  2025-06-06 40.22   2025-06-09 41.9  4.18 
QCOM                    Qualcomm Inc 1638.66                Semiconductors 2025-06-06 149.24 2025-06-09 155.41  4.13 
SMCI        Super Micro Computer Inc  247.98                    Technology  2025-06-06 41.55  2025-06-09 43.12  3.78 
 TXN           Texas Instruments Inc 1748.08                Semiconductors 2025-06-06 192.42 2025-06-09 199.21  3.53 
  VG              Venture Global Inc  368.30                        Energy  2025-06-06 15.22  2025-06-09 15.74  3.42 
PLTR       Palantir Technologies Inc 3014.08                    Technology 2025-06-06 127.72 2025-06-09 132.06  3.40 
 HSY                      Hershey Co  327.71                 Food Products 2025-06-06 161.75 2025-06-09 166.91  3.19 
  BA                       Boeing Co 1589.44           Aerospace & Defense  2025-06-06 210.8 2025-06-09 217.51  3.18 
 SYF             Synchrony Financial  225.42            Financial Services  2025-06-06 59.22  2025-06-09 60.83  2.72 
 PFE                      Pfizer Inc 1327.53               Pharmaceuticals  2025-06-06 23.35  2025-06-09 23.97  2.66 
KLAC                        KLA Corp 1068.51                Semiconductors  2025-06-06 808.0 2025-06-09 829.29  2.63 
NXPI           NXP Semiconductors NV  524.66                Semiconductors 2025-06-06 207.68 2025-06-09 213.08  2.60 
 STX Seagate Technology Holdings PLC  269.45                    Technology 2025-06-06 126.97 2025-06-09 130.17  2.52 

=== 市值超过1000亿的涨跌榜前20名股票 ===
股票代码             公司名称              市值(亿)                 板块                      昨天收盘              今天收盘       涨跌幅(%)
 AMD   Advanced Micro Devices Inc  1883.91                 Semiconductors 2025-06-06 116.19 2025-06-09 121.73  4.77 
MSTR            Microstrategy Inc  1023.81                     Technology 2025-06-06 374.47 2025-06-09 392.12  4.71 
TSLA                    Tesla Inc  9493.23                    Automobiles 2025-06-06 295.14 2025-06-09 308.58  4.55 
QCOM                 Qualcomm Inc  1638.66                 Semiconductors 2025-06-06 149.24 2025-06-09 155.41  4.13 
 TXN        Texas Instruments Inc  1748.08                 Semiconductors 2025-06-06 192.42 2025-06-09 199.21  3.53 
PLTR    Palantir Technologies Inc  3014.08                     Technology 2025-06-06 127.72 2025-06-09 132.06  3.40 
  BA                    Boeing Co  1589.44            Aerospace & Defense  2025-06-06 210.8 2025-06-09 217.51  3.18 
 PFE                   Pfizer Inc  1327.53                Pharmaceuticals  2025-06-06 23.35  2025-06-09 23.97  2.66 
KLAC                     KLA Corp  1068.51                 Semiconductors  2025-06-06 808.0 2025-06-09 829.29  2.63 
 ADI           Analog Devices Inc  1102.96                 Semiconductors 2025-06-06 222.26 2025-06-09 227.66  2.43 
LRCX            Lam Research Corp  1104.52                 Semiconductors  2025-06-06 86.35   2025-06-09 88.3  2.26 
  MU        Micron Technology Inc  1213.24                 Semiconductors 2025-06-06 108.56 2025-06-09 110.95  2.20 
AMAT        Applied Materials Inc  1338.09                 Semiconductors 2025-06-06 166.74 2025-06-09 169.79  1.83 
ORCL                  Oracle Corp  4879.93                     Technology 2025-06-06 174.02 2025-06-09 177.15  1.80 
UBER        Uber Technologies Inc  1790.04                    Road & Rail   2025-06-06 85.6  2025-06-09 87.12  1.78 
 TMO Thermo Fisher Scientific Inc  1517.15 Life Sciences Tools & Services  2025-06-06 401.9 2025-06-09 408.53  1.65 
 DHR                 Danaher Corp  1402.86 Life Sciences Tools & Services 2025-06-06 196.02  2025-06-09 199.2  1.62 
AMZN               Amazon.com Inc 22673.34                         Retail 2025-06-06 213.57 2025-06-09 216.98  1.60 
 DIS               Walt Disney Co  2047.63                          Media  2025-06-06 113.9 2025-06-09 115.66  1.55 
GOOG                 Alphabet Inc 21143.76                          Media 2025-06-06 174.92 2025-06-09 177.63  1.55 
