
=== 涨幅榜前20名股票 ===
股票代码                公司名称                市值(亿)               板块                    昨天收盘             今天收盘       涨跌幅(%)
 PET                      Wag! Group Co  0.05 Diversified Consumer Services   2025-06-27 0.1  2025-06-30 0.23 120.19
ARTL             Artelo Biosciences Inc  0.04               Pharmaceuticals  2025-06-27 6.79 2025-06-30 13.27  95.43
IPDN Professional Diversity Network Inc  0.04         Professional Services  2025-06-27 1.75  2025-06-30 3.38  93.14
GNLN             Greenlane Holdings Inc  0.04                  Distributors  2025-06-27 3.08   2025-06-30 5.3  72.08
ONEG          OneConstruction Group Ltd  0.64                  Construction  2025-06-27 4.95   2025-06-30 7.8  57.58
KLTO           Klotho Neurosciences Inc  0.23                 Biotechnology  2025-06-27 0.72  2025-06-30 1.13  56.94
CIGL   Concorde International Group Ltd  1.33                           N/A  2025-06-27 9.62 2025-06-30 14.71  52.91
 VOR                  Vor Biopharma Inc  1.32                 Biotechnology  2025-06-27 1.06  2025-06-30 1.62  52.83
 MPU                    Mega Matrix Inc  0.28                         Media   2025-06-27 0.8  2025-06-30 1.16  45.00
 SDM            Smart Digital Group Ltd  1.69                         Media  2025-06-27 8.02  2025-06-30 11.4  42.14
 AEI                          Alset Inc  0.11                   Real Estate  2025-06-27 0.94   2025-06-30 1.3  38.30
 GNS                   Genius Group Ltd  0.71 Diversified Consumer Services  2025-06-27 0.99  2025-06-30 1.36  38.07
RITR        Reitar Logtech Holdings Ltd  1.39                   Real Estate  2025-06-27 3.31  2025-06-30 4.47  35.05
NEGG                Newegg Commerce Inc  2.34                        Retail 2025-06-27 12.08 2025-06-30 16.24  34.44
RYET        Ruanyun Edai Technology Inc  2.08 Diversified Consumer Services  2025-06-27 6.15   2025-06-30 8.2  33.33
 NFE            New Fortress Energy Inc  6.85                        Energy   2025-06-27 2.5  2025-06-30 3.32  32.80
ILLR                  Triller Group Inc  1.24            Financial Services  2025-06-27 0.71  2025-06-30 0.93  31.06
SNPX                   Synaptogenix Inc  0.08                 Biotechnology  2025-06-27 6.05  2025-06-30 7.85  29.86
CPIX     Cumberland Pharmaceuticals Inc  0.39               Pharmaceuticals   2025-06-27 2.6  2025-06-30 3.35  28.85
PLUG                     Plug Power Inc 13.30          Electrical Equipment  2025-06-27 1.16  2025-06-30 1.49  28.45

=== 市值超过20亿的涨幅榜前20名股票 ===
股票代码              公司名称             市值(亿)                 板块                       昨天收盘              今天收盘       涨跌幅(%)
MGNI                   Magnite Inc  29.77                            Media   2025-06-27 21.1  2025-06-30 24.12 14.31 
HOOD         Robinhood Markets Inc 732.71               Financial Services  2025-06-27 83.03  2025-06-30 93.63 12.77 
JOBY             Joby Aviation Inc  74.75                         Airlines   2025-06-27 9.44  2025-06-30 10.55 11.76 
 GMS                       GMS Inc  37.04 Trading Companies & Distributors  2025-06-27 97.33 2025-06-30 108.75 11.73 
HNGE              Hinge Health Inc  36.29                      Health Care  2025-06-27 46.51  2025-06-30 51.75 11.27 
 HPE Hewlett Packard Enterprise Co 241.58                       Technology  2025-06-27 18.41  2025-06-30 20.45 11.08 
QUBT         Quantum Computing Inc  24.36                       Technology  2025-06-27 17.29  2025-06-30 19.17 10.87 
BULL                   Webull Corp  49.99               Financial Services  2025-06-27 10.83  2025-06-30 11.96 10.43 
SOUN             SoundHound AI Inc  39.49                       Technology   2025-06-27 9.83  2025-06-30 10.73  9.16 
FSLR               First Solar Inc 163.16                   Semiconductors 2025-06-27 152.14 2025-06-30 165.54  8.81 
 LEU           Centrus Energy Corp  28.73                           Energy 2025-06-27 168.65 2025-06-30 183.18  8.62 
JNPR          Juniper Networks Inc 123.12                   Communications  2025-06-27 36.82  2025-06-30 39.93  8.45 
SEZL                    Sezzle Inc  55.06               Financial Services  2025-06-27 165.4 2025-06-30 179.25  8.37 
CAVA                CAVA Group Inc  90.09    Hotels, Restaurants & Leisure  2025-06-27 77.89  2025-06-30 84.23  8.14 
  BE             Bloom Energy Corp  51.51             Electrical Equipment  2025-06-27 22.18  2025-06-30 23.92  7.84 
DAVE                      Dave Inc  33.30               Financial Services 2025-06-27 249.64 2025-06-30 268.41  7.52 
RGTI         Rigetti Computing Inc  32.37                   Semiconductors  2025-06-27 11.07  2025-06-30 11.86  7.14 
RIOT            Riot Platforms Inc  37.69                       Technology  2025-06-27 10.55   2025-06-30 11.3  7.11 
IONQ                      IONQ Inc 105.31                       Technology  2025-06-27 40.25  2025-06-30 42.97  6.76 
NBIS               Nebius Group NV 123.44                       Technology  2025-06-27 51.84  2025-06-30 55.33  6.73 

=== 市值超过50亿的涨幅榜前20名股票 ===
股票代码              公司名称              市值(亿)                板块                     昨天收盘              今天收盘       涨跌幅(%)
HOOD         Robinhood Markets Inc  732.71            Financial Services  2025-06-27 83.03  2025-06-30 93.63 12.77 
JOBY             Joby Aviation Inc   74.75                      Airlines   2025-06-27 9.44  2025-06-30 10.55 11.76 
 HPE Hewlett Packard Enterprise Co  241.58                    Technology  2025-06-27 18.41  2025-06-30 20.45 11.08 
FSLR               First Solar Inc  163.16                Semiconductors 2025-06-27 152.14 2025-06-30 165.54  8.81 
JNPR          Juniper Networks Inc  123.12                Communications  2025-06-27 36.82  2025-06-30 39.93  8.45 
SEZL                    Sezzle Inc   55.06            Financial Services  2025-06-27 165.4 2025-06-30 179.25  8.37 
CAVA                CAVA Group Inc   90.09 Hotels, Restaurants & Leisure  2025-06-27 77.89  2025-06-30 84.23  8.14 
  BE             Bloom Energy Corp   51.51          Electrical Equipment  2025-06-27 22.18  2025-06-30 23.92  7.84 
IONQ                      IONQ Inc  105.31                    Technology  2025-06-27 40.25  2025-06-30 42.97  6.76 
NBIS               Nebius Group NV  123.44                    Technology  2025-06-27 51.84  2025-06-30 55.33  6.73 
SOFI         SoFi Technologies Inc  189.90            Financial Services  2025-06-27 17.18  2025-06-30 18.21  6.00 
CVNA                    Carvana Co  683.67                        Retail 2025-06-27 319.26 2025-06-30 336.96  5.54 
MSTR             Microstrategy Inc 1049.54                    Technology 2025-06-27 383.88 2025-06-30 404.23  5.30 
RDDT                    Reddit Inc  263.88                         Media 2025-06-27 143.01 2025-06-30 150.57  5.29 
 APP                 Applovin Corp 1129.47                    Technology 2025-06-27 333.78 2025-06-30 350.08  4.88 
URBN          Urban Outfitters Inc   62.21                        Retail   2025-06-27 69.4  2025-06-30 72.54  4.52 
CHYM           Chime Financial Inc  109.84            Financial Services  2025-06-27 33.06  2025-06-30 34.51  4.39 
MARA             MARA Holdings Inc   52.89                    Technology  2025-06-27 15.03  2025-06-30 15.68  4.32 
 SYM                  Symbotic Inc  219.63                     Machinery  2025-06-27 37.25  2025-06-30 38.85  4.30 
PLTR     Palantir Technologies Inc 3085.35                    Technology 2025-06-27 130.74 2025-06-30 136.32  4.27 

=== 市值超过100亿的涨幅榜前20名股票 ===
股票代码              公司名称              市值(亿)                 板块                       昨天收盘              今天收盘       涨跌幅(%)
HOOD         Robinhood Markets Inc  732.71               Financial Services  2025-06-27 83.03  2025-06-30 93.63 12.77 
 HPE Hewlett Packard Enterprise Co  241.58                       Technology  2025-06-27 18.41  2025-06-30 20.45 11.08 
FSLR               First Solar Inc  163.16                   Semiconductors 2025-06-27 152.14 2025-06-30 165.54  8.81 
JNPR          Juniper Networks Inc  123.12                   Communications  2025-06-27 36.82  2025-06-30 39.93  8.45 
IONQ                      IONQ Inc  105.31                       Technology  2025-06-27 40.25  2025-06-30 42.97  6.76 
NBIS               Nebius Group NV  123.44                       Technology  2025-06-27 51.84  2025-06-30 55.33  6.73 
SOFI         SoFi Technologies Inc  189.90               Financial Services  2025-06-27 17.18  2025-06-30 18.21  6.00 
CVNA                    Carvana Co  683.67                           Retail 2025-06-27 319.26 2025-06-30 336.96  5.54 
MSTR             Microstrategy Inc 1049.54                       Technology 2025-06-27 383.88 2025-06-30 404.23  5.30 
RDDT                    Reddit Inc  263.88                            Media 2025-06-27 143.01 2025-06-30 150.57  5.29 
 APP                 Applovin Corp 1129.47                       Technology 2025-06-27 333.78 2025-06-30 350.08  4.88 
CHYM           Chime Financial Inc  109.84               Financial Services  2025-06-27 33.06  2025-06-30 34.51  4.39 
 SYM                  Symbotic Inc  219.63                        Machinery  2025-06-27 37.25  2025-06-30 38.85  4.30 
PLTR     Palantir Technologies Inc 3085.35                       Technology 2025-06-27 130.74 2025-06-30 136.32  4.27 
ORCL                   Oracle Corp 5905.29                       Technology 2025-06-27 210.24 2025-06-30 218.63  3.99 
PSTG              Pure Storage Inc  181.06                       Technology   2025-06-27 55.4  2025-06-30 57.58  3.94 
 QXO                       QXO Inc  138.96 Trading Companies & Distributors  2025-06-27 20.73  2025-06-30 21.54  3.91 
  AU         Anglogold Ashanti PLC  233.44                  Metals & Mining  2025-06-27 43.88  2025-06-30 45.57  3.85 
 TTD                Trade Desk Inc  340.71                            Media  2025-06-27 69.33  2025-06-30 71.99  3.84 
 SMR            Nuscale Power Corp  108.64             Electrical Equipment   2025-06-27 38.2  2025-06-30 39.56  3.56 

=== 市值超过200亿的涨幅榜前20名股票 ===
股票代码              公司名称              市值(亿)                板块                     昨天收盘               今天收盘        涨跌幅(%)
HOOD         Robinhood Markets Inc  732.71            Financial Services   2025-06-27 83.03   2025-06-30 93.63 12.77 
 HPE Hewlett Packard Enterprise Co  241.58                    Technology   2025-06-27 18.41   2025-06-30 20.45 11.08 
CVNA                    Carvana Co  683.67                        Retail  2025-06-27 319.26  2025-06-30 336.96  5.54 
MSTR             Microstrategy Inc 1049.54                    Technology  2025-06-27 383.88  2025-06-30 404.23  5.30 
RDDT                    Reddit Inc  263.88                         Media  2025-06-27 143.01  2025-06-30 150.57  5.29 
 APP                 Applovin Corp 1129.47                    Technology  2025-06-27 333.78  2025-06-30 350.08  4.88 
 SYM                  Symbotic Inc  219.63                     Machinery   2025-06-27 37.25   2025-06-30 38.85  4.30 
PLTR     Palantir Technologies Inc 3085.35                    Technology  2025-06-27 130.74  2025-06-30 136.32  4.27 
ORCL                   Oracle Corp 5905.29                    Technology  2025-06-27 210.24  2025-06-30 218.63  3.99 
  AU         Anglogold Ashanti PLC  233.44               Metals & Mining   2025-06-27 43.88   2025-06-30 45.57  3.85 
 TTD                Trade Desk Inc  340.71                         Media   2025-06-27 69.33   2025-06-30 71.99  3.84 
  NU               Nu Holdings Ltd  638.47                       Banking   2025-06-27 13.25   2025-06-30 13.72  3.55 
 CCL                 Carnival Corp  353.74 Hotels, Restaurants & Leisure   2025-06-27 27.26   2025-06-30 28.12  3.15 
   T                      AT&T Inc 2020.53             Telecommunication   2025-06-27 28.08   2025-06-30 28.94  3.06 
SMCI      Super Micro Computer Inc  283.97                    Technology   2025-06-27 47.58   2025-06-30 49.01  3.01 
ANET           Arista Networks Inc 1248.26                Communications   2025-06-27 99.39  2025-06-30 102.31  2.94 
 AZO                  Autozone Inc  603.82                        Retail 2025-06-27 3609.49 2025-06-30 3712.23  2.85 
 ALL                 Allstate Corp  518.41                     Insurance  2025-06-27 195.76  2025-06-30 201.31  2.84 
 MCO                  Moody's Corp  877.97            Financial Services  2025-06-27 488.03  2025-06-30 501.59  2.78 
LPLA    LPL Financial Holdings Inc  291.88            Financial Services  2025-06-27 364.96  2025-06-30 374.97  2.74 

=== 市值超过1000亿的涨跌榜前20名股票 ===
股票代码             公司名称             市值(亿)              板块                   昨天收盘               今天收盘        涨跌幅(%)
MSTR           Microstrategy Inc  1049.54               Technology  2025-06-27 383.88  2025-06-30 404.23  5.30 
 APP               Applovin Corp  1129.47               Technology  2025-06-27 333.78  2025-06-30 350.08  4.88 
PLTR   Palantir Technologies Inc  3085.35               Technology  2025-06-27 130.74  2025-06-30 136.32  4.27 
ORCL                 Oracle Corp  5905.29               Technology  2025-06-27 210.24  2025-06-30 218.63  3.99 
   T                    AT&T Inc  2020.53        Telecommunication   2025-06-27 28.08   2025-06-30 28.94  3.06 
ANET         Arista Networks Inc  1248.26           Communications   2025-06-27 99.39  2025-06-30 102.31  2.94 
  GS     Goldman Sachs Group Inc  2119.69       Financial Services  2025-06-27 690.81  2025-06-30 707.75  2.45 
AVGO                Broadcom Inc 12668.80           Semiconductors  2025-06-27 269.35  2025-06-30 275.65  2.34 
  VZ  Verizon Communications Inc  1783.90        Telecommunication   2025-06-27 42.31   2025-06-30 43.27  2.27 
  MA              Mastercard Inc  4997.17       Financial Services  2025-06-27 550.32  2025-06-30 561.94  2.11 
MELI            MercadoLibre Inc  1297.88                   Retail 2025-06-27 2560.05 2025-06-30 2613.63  2.09 
AAPL                   Apple Inc 30032.96               Technology  2025-06-27 201.08  2025-06-30 205.17  2.03 
CHTR  Charter Communications Inc  1107.75                    Media  2025-06-27 400.97  2025-06-30 408.81  1.96 
UBER       Uber Technologies Inc  1914.05              Road & Rail   2025-06-27 91.53    2025-06-30 93.3  1.93 
   V                    Visa Inc  6760.10       Financial Services  2025-06-27 348.61  2025-06-30 355.05  1.85 
SPGI              S&P Global Inc  1587.82       Financial Services  2025-06-27 517.71  2025-06-30 527.29  1.85 
 GEV              GE Vernova Inc  1418.33     Electrical Equipment  2025-06-27 519.66  2025-06-30 529.15  1.83 
ABBV                  AbbVie Inc  3220.33            Biotechnology  2025-06-27 182.31  2025-06-30 185.62  1.82 
ISRG      Intuitive Surgical Inc  1912.91              Health Care  2025-06-27 533.71  2025-06-30 543.41  1.82 
 HON Honeywell International Inc  1470.78 Industrial Conglomerates  2025-06-27 228.85  2025-06-30 232.88  1.76 
