
=== 涨幅榜前20名股票 ===
股票代码                   公司名称                  市值(亿)               板块                    昨天收盘             今天收盘       涨跌幅(%)
 IMG                                CIMG Inc  0.07                 Food Products   2025-08-06 0.2  2025-08-07 0.43 113.50
AVAH         Aveanna Healthcare Holdings Inc  7.59                   Health Care  2025-08-06 3.89  2025-08-07 5.81  49.36
HEPA              Hepion Pharmaceuticals Inc  0.00               Pharmaceuticals  2025-08-06 0.04  2025-08-07 0.06  45.00
SKYT                 Skywater Technology Inc  4.26                Semiconductors  2025-08-06 8.87 2025-08-07 12.85  44.87
LZMH              LZ Technology Holdings Ltd  3.95                         Media   2025-08-06 2.6  2025-08-07 3.76  44.62
KAVL     Kaival Brands Innovations Group Inc  0.05                  Distributors  2025-08-06 0.47  2025-08-07 0.66  38.82
BRLT               Brilliant Earth Group Inc  1.37                        Retail  2025-08-06 1.38   2025-08-07 1.9  37.68
 EBS               Emergent BioSolutions Inc  3.27                 Biotechnology  2025-08-06 6.03  2025-08-07 8.24  36.65
MATV                      Mativ Holdings Inc  3.43                     Chemicals  2025-08-06 6.28  2025-08-07 8.46  34.71
CASK Heritage Distilling Holding Company Inc  0.08                     Beverages  2025-08-06 0.54  2025-08-07 0.72  34.22
IXHL                 Incannex Healthcare Inc  0.32               Pharmaceuticals  2025-08-06 0.34  2025-08-07 0.46  34.06
 RUN                              Sunrun Inc 20.72          Electrical Equipment  2025-08-06 9.07  2025-08-07 12.0  32.30
CCCC                     C4 Therapeutics Inc  1.39                 Biotechnology  2025-08-06 1.96  2025-08-07 2.58  31.63
SLDP                         Solid Power Inc  6.15               Auto Components  2025-08-06 3.43  2025-08-07 4.48  30.61
BTOG                          Bit Origin Ltd  0.19                    Technology  2025-08-06 0.33  2025-08-07 0.43  28.23
BLZE                           Backblaze Inc  2.94                    Technology  2025-08-06 5.35  2025-08-07 6.68  24.86
ASLE                            AerSale Corp  3.28           Aerospace & Defense  2025-08-06 6.16  2025-08-07 7.59  23.21
 ADV                 Advantage Solutions Inc  4.35                         Media  2025-08-06 1.34  2025-08-07 1.64  22.39
  ZD                          Ziff Davis Inc 13.09                         Media 2025-08-06 30.99 2025-08-07 37.69  21.62
BROS                          Dutch Bros Inc 95.05 Hotels, Restaurants & Leisure 2025-08-06 57.79 2025-08-07 70.27  21.60

=== 市值超过20亿的涨幅榜前20名股票 ===
股票代码               公司名称               市值(亿)                 板块                       昨天收盘              今天收盘       涨跌幅(%)
 RUN                      Sunrun Inc   20.72             Electrical Equipment   2025-08-06 9.07   2025-08-07 12.0 32.30 
BROS                  Dutch Bros Inc   95.05    Hotels, Restaurants & Leisure  2025-08-06 57.79  2025-08-07 70.27 21.60 
 IBP Installed Building Products Inc   58.50                Consumer products 2025-08-06 211.82 2025-08-07 255.21 20.48 
  MQ                     Marqeta Inc   26.60               Financial Services   2025-08-06 5.68   2025-08-07 6.83 20.25 
NBIS                 Nebius Group NV  131.29                       Technology  2025-08-06 55.09  2025-08-07 65.31 18.55 
  HL                 Hecla Mining Co   38.65                  Metals & Mining   2025-08-06 6.11   2025-08-07 7.22 18.17 
ELAN        Elanco Animal Health Inc   69.48                  Pharmaceuticals  2025-08-06 13.95  2025-08-07 16.48 18.14 
CELH            Celsius Holdings Inc  110.25                        Beverages  2025-08-06 42.74  2025-08-07 50.12 17.27 
 TPC               Tutor Perini Corp   24.92                     Construction  2025-08-06 47.28  2025-08-07 55.07 16.48 
RELY              Remitly Global Inc   33.58               Financial Services  2025-08-06 16.47  2025-08-07 18.95 15.06 
NATL                 NCR Atleos Corp   23.87               Financial Services   2025-08-06 32.5  2025-08-07 37.38 15.02 
 CDE                Coeur Mining Inc   63.27                  Metals & Mining   2025-08-06 9.89  2025-08-07 11.28 14.05 
DUOL                    Duolingo Inc  156.19    Diversified Consumer Services 2025-08-06 343.61 2025-08-07 390.84 13.75 
LOPE      Grand Canyon Education Inc   48.82    Diversified Consumer Services 2025-08-06 172.05 2025-08-07 194.68 13.15 
  GH             Guardant Health Inc   55.61                      Health Care  2025-08-06 44.59  2025-08-07 50.39 13.01 
 KTB              Kontoor Brands Inc   31.51 Textiles, Apparel & Luxury Goods  2025-08-06 56.72  2025-08-07 63.99 12.82 
MIRM       Mirum Pharmaceuticals Inc   26.45                    Biotechnology  2025-08-06 53.39  2025-08-07 59.82 12.04 
 APP                   Applovin Corp 1321.64                       Technology 2025-08-06 390.57 2025-08-07 437.34 11.97 
ROAD       Construction Partners Inc   52.35                     Construction  2025-08-06 93.43 2025-08-07 104.59 11.94 
  QS               Quantumscape Corp   46.87                  Auto Components   2025-08-06 8.28   2025-08-07 9.24 11.59 

=== 市值超过50亿的涨幅榜前20名股票 ===
股票代码                公司名称                 市值(亿)                板块                     昨天收盘              今天收盘       涨跌幅(%)
BROS                     Dutch Bros Inc   95.05 Hotels, Restaurants & Leisure  2025-08-06 57.79  2025-08-07 70.27 21.60 
 IBP    Installed Building Products Inc   58.50             Consumer products 2025-08-06 211.82 2025-08-07 255.21 20.48 
NBIS                    Nebius Group NV  131.29                    Technology  2025-08-06 55.09  2025-08-07 65.31 18.55 
ELAN           Elanco Animal Health Inc   69.48               Pharmaceuticals  2025-08-06 13.95  2025-08-07 16.48 18.14 
CELH               Celsius Holdings Inc  110.25                     Beverages  2025-08-06 42.74  2025-08-07 50.12 17.27 
 CDE                   Coeur Mining Inc   63.27               Metals & Mining   2025-08-06 9.89  2025-08-07 11.28 14.05 
DUOL                       Duolingo Inc  156.19 Diversified Consumer Services 2025-08-06 343.61 2025-08-07 390.84 13.75 
  GH                Guardant Health Inc   55.61                   Health Care  2025-08-06 44.59  2025-08-07 50.39 13.01 
 APP                      Applovin Corp 1321.64                    Technology 2025-08-06 390.57 2025-08-07 437.34 11.97 
ROAD          Construction Partners Inc   52.35                  Construction  2025-08-06 93.43 2025-08-07 104.59 11.94 
MKSI                MKS Instruments Inc   60.11                Semiconductors  2025-08-06 89.62  2025-08-07 98.77 10.21 
 CRH                            CRH PLC  659.78                  Construction   2025-08-06 97.6 2025-08-07 106.92  9.55 
PODD                       Insulet Corp  195.15                   Health Care  2025-08-06 277.3 2025-08-07 303.55  9.47 
 BDX            Becton Dickinson and Co  494.14                   Health Care 2025-08-06 172.41 2025-08-07 187.68  8.86 
 ZBH         Zimmer Biomet Holdings Inc  184.63                   Health Care  2025-08-06 91.15  2025-08-07 98.43  7.99 
 APA                      APA Corp (US)   65.17                        Energy  2025-08-06 18.06  2025-08-07 19.46  7.75 
ETSY                           ETSY Inc   55.70                        Retail   2025-08-06 56.2  2025-08-07 60.49  7.63 
TIGO Millicom International Cellular SA   68.74             Telecommunication  2025-08-06 39.94  2025-08-07 42.97  7.59 
VTRS                        Viatris Inc  102.70               Pharmaceuticals   2025-08-06 8.75   2025-08-07 9.39  7.31 
 STE                         STERIS plc  217.61                   Health Care 2025-08-06 221.21 2025-08-07 236.24  6.79 

=== 市值超过100亿的涨幅榜前20名股票 ===
股票代码            公司名称             市值(亿)                板块                     昨天收盘              今天收盘       涨跌幅(%)
NBIS            Nebius Group NV  131.29                    Technology  2025-08-06 55.09  2025-08-07 65.31 18.55 
CELH       Celsius Holdings Inc  110.25                     Beverages  2025-08-06 42.74  2025-08-07 50.12 17.27 
DUOL               Duolingo Inc  156.19 Diversified Consumer Services 2025-08-06 343.61 2025-08-07 390.84 13.75 
 APP              Applovin Corp 1321.64                    Technology 2025-08-06 390.57 2025-08-07 437.34 11.97 
 CRH                    CRH PLC  659.78                  Construction   2025-08-06 97.6 2025-08-07 106.92  9.55 
PODD               Insulet Corp  195.15                   Health Care  2025-08-06 277.3 2025-08-07 303.55  9.47 
 BDX    Becton Dickinson and Co  494.14                   Health Care 2025-08-06 172.41 2025-08-07 187.68  8.86 
 ZBH Zimmer Biomet Holdings Inc  184.63                   Health Care  2025-08-06 91.15  2025-08-07 98.43  7.99 
VTRS                Viatris Inc  102.70               Pharmaceuticals   2025-08-06 8.75   2025-08-07 9.39  7.31 
 STE                 STERIS plc  217.61                   Health Care 2025-08-06 221.21 2025-08-07 236.24  6.79 
COHR              Coherent Corp  166.55          Electrical Equipment 2025-08-06 107.15 2025-08-07 113.82  6.22 
 AMD Advanced Micro Devices Inc 2644.83                Semiconductors 2025-08-06 163.12  2025-08-07 172.4  5.69 
HOOD      Robinhood Markets Inc  938.89            Financial Services 2025-08-06 105.65 2025-08-07 111.23  5.28 
  MP          MP Materials Corp  119.54               Metals & Mining  2025-08-06 67.51  2025-08-07 71.07  5.27 
CACI     CACI International Inc  104.52         Professional Services 2025-08-06 475.29 2025-08-07 499.94  5.19 
   U         Unity Software Inc  132.69                    Technology  2025-08-06 31.92  2025-08-07 33.57  5.17 
DASH               DoorDash Inc 1093.60 Hotels, Restaurants & Leisure 2025-08-06 258.08 2025-08-07 270.99  5.00 
MSTR          Microstrategy Inc 1087.17                    Technology 2025-08-06 383.41 2025-08-07 402.01  4.85 
 BAX   Baxter International Inc  115.56                   Health Care   2025-08-06 22.5  2025-08-07 23.54  4.62 
PAYC        Paycom Software Inc  129.09         Professional Services 2025-08-06 223.26 2025-08-07 233.38  4.53 

=== 市值超过200亿的涨幅榜前20名股票 ===
股票代码            公司名称             市值(亿)                 板块                     昨天收盘              今天收盘       涨跌幅(%)
 APP              Applovin Corp  1321.64                    Technology 2025-08-06 390.57 2025-08-07 437.34 11.97 
 CRH                    CRH PLC   659.78                  Construction   2025-08-06 97.6 2025-08-07 106.92  9.55 
 BDX    Becton Dickinson and Co   494.14                   Health Care 2025-08-06 172.41 2025-08-07 187.68  8.86 
 STE                 STERIS plc   217.61                   Health Care 2025-08-06 221.21 2025-08-07 236.24  6.79 
 AMD Advanced Micro Devices Inc  2644.83                Semiconductors 2025-08-06 163.12  2025-08-07 172.4  5.69 
HOOD      Robinhood Markets Inc   938.89            Financial Services 2025-08-06 105.65 2025-08-07 111.23  5.28 
DASH               DoorDash Inc  1093.60 Hotels, Restaurants & Leisure 2025-08-06 258.08 2025-08-07 270.99  5.00 
MSTR          Microstrategy Inc  1087.17                    Technology 2025-08-06 383.41 2025-08-07 402.01  4.85 
DELL      Dell Technologies Inc   869.88                    Technology 2025-08-06 128.14 2025-08-07 133.93  4.52 
IDXX     IDEXX Laboratories Inc   499.38                   Health Care 2025-08-06 624.19 2025-08-07 650.06  4.14 
  PH       Parker-Hannifin Corp   890.78                     Machinery 2025-08-06 697.13 2025-08-07 725.36  4.05 
UBER      Uber Technologies Inc  1865.74                   Road & Rail  2025-08-06 89.22  2025-08-07 92.67  3.87 
  IP     International Paper Co   244.58                     Packaging  2025-08-06 46.33  2025-08-07 48.04  3.69 
 ATO          Atmos Energy Corp   249.41                     Utilities 2025-08-06 157.02 2025-08-07 162.72  3.63 
LRCX          Lam Research Corp  1227.19                Semiconductors  2025-08-06 95.94  2025-08-07 99.15  3.35 
 TKO     TKO Group Holdings Inc   307.96                         Media 2025-08-06 155.61 2025-08-07 160.74  3.30 
AAPL                  Apple Inc 31647.13                    Technology 2025-08-06 213.25 2025-08-07 220.03  3.18 
 NRG             NRG Energy Inc   290.45                     Utilities 2025-08-06 148.56 2025-08-07 153.22  3.14 
SPOT      Spotify Technology SA  1351.74                         Media 2025-08-06 666.81 2025-08-07 686.74  2.99 
SOFI      SoFi Technologies Inc   254.38            Financial Services  2025-08-06 21.46  2025-08-07 22.08  2.89 

=== 市值超过1000亿的涨跌榜前20名股票 ===
股票代码            公司名称             市值(亿)                 板块                      昨天收盘              今天收盘       涨跌幅(%)
 APP              Applovin Corp  1321.64                     Technology 2025-08-06 390.57 2025-08-07 437.34 11.97 
 AMD Advanced Micro Devices Inc  2644.83                 Semiconductors 2025-08-06 163.12  2025-08-07 172.4  5.69 
DASH               DoorDash Inc  1093.60  Hotels, Restaurants & Leisure 2025-08-06 258.08 2025-08-07 270.99  5.00 
MSTR          Microstrategy Inc  1087.17                     Technology 2025-08-06 383.41 2025-08-07 402.01  4.85 
UBER      Uber Technologies Inc  1865.74                    Road & Rail  2025-08-06 89.22  2025-08-07 92.67  3.87 
LRCX          Lam Research Corp  1227.19                 Semiconductors  2025-08-06 95.94  2025-08-07 99.15  3.35 
AAPL                  Apple Inc 31647.13                     Technology 2025-08-06 213.25 2025-08-07 220.03  3.18 
SPOT      Spotify Technology SA  1351.74                          Media 2025-08-06 666.81 2025-08-07 686.74  2.99 
 NEE         Nextera Energy Inc  1452.63                      Utilities  2025-08-06 70.54  2025-08-07 72.58  2.89 
  MU      Micron Technology Inc  1217.38                 Semiconductors 2025-08-06 108.78 2025-08-07 111.87  2.84 
AMAT      Applied Materials Inc  1429.57                 Semiconductors 2025-08-06 178.14 2025-08-07 183.15  2.81 
KLAC                   KLA Corp  1174.67                 Semiconductors 2025-08-06 888.28 2025-08-07 912.06  2.68 
SBUX             Starbucks Corp  1011.55  Hotels, Restaurants & Leisure  2025-08-06 88.99  2025-08-07 91.02  2.28 
 PEP                PepsiCo Inc  1927.66                      Beverages  2025-08-06 140.8 2025-08-07 143.92  2.22 
 MDT              Medtronic PLC  1144.94                    Health Care  2025-08-06 89.36  2025-08-07 91.24  2.10 
   T                   AT&T Inc  1965.64              Telecommunication  2025-08-06 27.49  2025-08-07 28.06  2.07 
 DHR               Danaher Corp  1397.52 Life Sciences Tools & Services 2025-08-06 195.17 2025-08-07 198.49  1.70 
TMUS            T-Mobile US Inc  2692.23              Telecommunication 2025-08-06 239.22 2025-08-07 242.93  1.55 
PLTR  Palantir Technologies Inc  4238.92                     Technology 2025-08-06 179.54  2025-08-07 182.2  1.48 
  VZ Verizon Communications Inc  1785.61              Telecommunication  2025-08-06 42.35  2025-08-07 42.95  1.42 
