2025-01-25 18:28:51,725 - INFO: 日志目录: logs/20250125_182851
2025-01-25 18:28:51,725 - INFO: 日志文件: logs/20250125_182851/execution.log
2025-01-25 18:28:51,725 - INFO: 开始获取和过滤股票列表...
2025-01-25 18:28:51,725 - INFO: 已加载 42 个非美股记录
2025-01-25 18:28:51,725 - INFO: 未找到需排除的股票列表文件
2025-01-25 18:28:51,725 - INFO: 未找到已验证的有效股票列表文件
2025-01-25 18:28:53,472 - INFO: 从 Finnhub 获取到总计 27487 个股票
2025-01-25 18:28:53,472 - INFO: 
=== 股票过滤结果 ===
2025-01-25 18:28:53,472 - INFO: 原始股票数量: 27487
2025-01-25 18:28:53,472 - INFO: 过滤后数量: 16
2025-01-25 18:28:53,473 - INFO: 
被排除的股票统计:
2025-01-25 18:28:53,482 - INFO: - 非普通股: 11 只
2025-01-25 18:28:53,482 - INFO: - 权证: 3 只
2025-01-25 18:28:53,482 - INFO: 开始处理 16 只股票...
2025-01-25 18:28:53,781 - INFO: 股票 OGCIF 数据不足
2025-01-25 18:28:54,744 - INFO: 跳过非美国主要交易所上市的股票 HLPMF (交易所: ATHENS EXCHANGE S.A. CASH MARKET)
2025-01-25 18:28:54,744 - INFO: 股票 HLPMF 无法获取详细信息
2025-01-25 18:28:54,771 - INFO: 跳过非美国主要交易所上市的股票 NPTH (交易所: OTC MARKETS)
2025-01-25 18:28:54,772 - INFO: 股票 NPTH 无法获取详细信息
2025-01-25 18:28:54,872 - INFO: 跳过非美国主要交易所上市的股票 DCLT (交易所: OTC MARKETS)
2025-01-25 18:28:54,872 - INFO: 股票 DCLT 无法获取详细信息
2025-01-25 18:28:55,089 - INFO: 进度: 10/16 (62.5%) 有效数据: 6
2025-01-25 18:28:55,806 - INFO: 跳过非美国主要交易所上市的股票 TTIRF (交易所: LONDON STOCK EXCHANGE)
2025-01-25 18:28:55,807 - INFO: 股票 TTIRF 无法获取详细信息
2025-01-25 18:28:56,048 - INFO: 跳过非美国主要交易所上市的股票 TSSJF (交易所: TOKYO STOCK EXCHANGE-TOKYO PRO MARKET)
2025-01-25 18:28:56,048 - INFO: 股票 TSSJF 无法获取详细信息
2025-01-25 18:28:56,059 - INFO: 跳过非美国主要交易所上市的股票 FRXIF (交易所: TSX VENTURE EXCHANGE - NEX)
2025-01-25 18:28:56,059 - INFO: 股票 FRXIF 无法获取详细信息
2025-01-25 18:28:56,091 - INFO: 跳过非美国主要交易所上市的股票 KDCXF (交易所: SWISS EXCHANGE)
2025-01-25 18:28:56,091 - INFO: 股票 KDCXF 无法获取详细信息
2025-01-25 18:28:56,209 - INFO: 跳过非美国主要交易所上市的股票 MGOM (交易所: OTC MARKETS)
2025-01-25 18:28:56,209 - INFO: 股票 MGOM 无法获取详细信息
2025-01-25 18:28:56,613 - INFO: 
处理完成!
2025-01-25 18:28:56,613 - INFO: 总计处理: 16 只股票
2025-01-25 18:28:56,613 - INFO: 有效数据: 7 只股票
2025-01-25 18:28:56,613 - INFO: 无效数据: 9 只股票
2025-01-25 18:28:56,617 - INFO: 日志目录: logs/20250125_182851
2025-01-25 18:28:56,617 - INFO: 日志文件: logs/20250125_182851/execution.log
2025-01-25 18:28:56,618 - INFO: 
=== 涨幅榜前20名股票 ===
2025-01-25 18:28:56,619 - INFO: 
=== 涨幅榜前20名股票 ===
2025-01-25 18:28:56,629 - INFO: 
股票代码          公司名称         市值(亿)          板块              昨天收盘           今天收盘      涨跌幅(%)
   RIOT         Riot Platforms Inc   46.57             Technology   2025-01-23 12.99   2025-01-24 13.54     4.23 
  CRARF         Credit Agricole SA  430.92                Banking   2025-01-23 14.98   2025-01-24 14.98     0.00 
   AVTX     Avalo Therapeutics Inc    0.79          Biotechnology    2025-01-23 7.58    2025-01-24 7.54    -0.53 
    TLN          Talen Energy Corp  124.63              Utilities  2025-01-23 247.12  2025-01-24 245.06    -0.83 
    BHM   Bluerock Homes Trust Inc    0.47            Real Estate   2025-01-23 12.04   2025-01-24 11.85    -1.58 
   ENTG               Entegris Inc  157.32         Semiconductors  2025-01-23 105.88  2025-01-24 104.19    -1.60 
   ULBI             Ultralife Corp    1.33   Electrical Equipment    2025-01-23 8.22    2025-01-24 8.02    -2.43 
2025-01-25 18:28:56,629 - INFO: 
股票代码          公司名称         市值(亿)          板块              昨天收盘           今天收盘      涨跌幅(%)
   RIOT         Riot Platforms Inc   46.57             Technology   2025-01-23 12.99   2025-01-24 13.54     4.23 
  CRARF         Credit Agricole SA  430.92                Banking   2025-01-23 14.98   2025-01-24 14.98     0.00 
   AVTX     Avalo Therapeutics Inc    0.79          Biotechnology    2025-01-23 7.58    2025-01-24 7.54    -0.53 
    TLN          Talen Energy Corp  124.63              Utilities  2025-01-23 247.12  2025-01-24 245.06    -0.83 
    BHM   Bluerock Homes Trust Inc    0.47            Real Estate   2025-01-23 12.04   2025-01-24 11.85    -1.58 
   ENTG               Entegris Inc  157.32         Semiconductors  2025-01-23 105.88  2025-01-24 104.19    -1.60 
   ULBI             Ultralife Corp    1.33   Electrical Equipment    2025-01-23 8.22    2025-01-24 8.02    -2.43 
2025-01-25 18:28:56,630 - INFO: 
=== 市值超过20亿的涨幅榜前20名股票 ===
2025-01-25 18:28:56,631 - INFO: 
=== 市值超过20亿的涨幅榜前20名股票 ===
2025-01-25 18:28:56,637 - INFO: 
股票代码       公司名称      市值(亿)       板块           昨天收盘           今天收盘      涨跌幅(%)
   RIOT   Riot Platforms Inc   46.57       Technology   2025-01-23 12.99   2025-01-24 13.54     4.23 
  CRARF   Credit Agricole SA  430.92          Banking   2025-01-23 14.98   2025-01-24 14.98     0.00 
    TLN    Talen Energy Corp  124.63        Utilities  2025-01-23 247.12  2025-01-24 245.06    -0.83 
   ENTG         Entegris Inc  157.32   Semiconductors  2025-01-23 105.88  2025-01-24 104.19    -1.60 
2025-01-25 18:28:56,637 - INFO: 
股票代码       公司名称      市值(亿)       板块           昨天收盘           今天收盘      涨跌幅(%)
   RIOT   Riot Platforms Inc   46.57       Technology   2025-01-23 12.99   2025-01-24 13.54     4.23 
  CRARF   Credit Agricole SA  430.92          Banking   2025-01-23 14.98   2025-01-24 14.98     0.00 
    TLN    Talen Energy Corp  124.63        Utilities  2025-01-23 247.12  2025-01-24 245.06    -0.83 
   ENTG         Entegris Inc  157.32   Semiconductors  2025-01-23 105.88  2025-01-24 104.19    -1.60 
2025-01-25 18:28:56,638 - INFO: 
=== 市值超过50亿的涨幅榜前20名股票 ===
2025-01-25 18:28:56,638 - INFO: 
=== 市值超过50亿的涨幅榜前20名股票 ===
2025-01-25 18:28:56,644 - INFO: 
股票代码       公司名称      市值(亿)       板块           昨天收盘           今天收盘      涨跌幅(%)
  CRARF   Credit Agricole SA  430.92          Banking   2025-01-23 14.98   2025-01-24 14.98     0.00 
    TLN    Talen Energy Corp  124.63        Utilities  2025-01-23 247.12  2025-01-24 245.06    -0.83 
   ENTG         Entegris Inc  157.32   Semiconductors  2025-01-23 105.88  2025-01-24 104.19    -1.60 
2025-01-25 18:28:56,644 - INFO: 
股票代码       公司名称      市值(亿)       板块           昨天收盘           今天收盘      涨跌幅(%)
  CRARF   Credit Agricole SA  430.92          Banking   2025-01-23 14.98   2025-01-24 14.98     0.00 
    TLN    Talen Energy Corp  124.63        Utilities  2025-01-23 247.12  2025-01-24 245.06    -0.83 
   ENTG         Entegris Inc  157.32   Semiconductors  2025-01-23 105.88  2025-01-24 104.19    -1.60 
2025-01-25 18:28:56,645 - INFO: 
=== 市值超过100亿的涨幅榜前20名股票 ===
2025-01-25 18:28:56,645 - INFO: 
=== 市值超过100亿的涨幅榜前20名股票 ===
2025-01-25 18:28:56,651 - INFO: 
股票代码       公司名称      市值(亿)       板块           昨天收盘           今天收盘      涨跌幅(%)
  CRARF   Credit Agricole SA  430.92          Banking   2025-01-23 14.98   2025-01-24 14.98     0.00 
    TLN    Talen Energy Corp  124.63        Utilities  2025-01-23 247.12  2025-01-24 245.06    -0.83 
   ENTG         Entegris Inc  157.32   Semiconductors  2025-01-23 105.88  2025-01-24 104.19    -1.60 
2025-01-25 18:28:56,651 - INFO: 
股票代码       公司名称      市值(亿)       板块           昨天收盘           今天收盘      涨跌幅(%)
  CRARF   Credit Agricole SA  430.92          Banking   2025-01-23 14.98   2025-01-24 14.98     0.00 
    TLN    Talen Energy Corp  124.63        Utilities  2025-01-23 247.12  2025-01-24 245.06    -0.83 
   ENTG         Entegris Inc  157.32   Semiconductors  2025-01-23 105.88  2025-01-24 104.19    -1.60 
2025-01-25 18:28:56,653 - INFO: 
=== 市值超过200亿的涨幅榜前20名股票 ===
2025-01-25 18:28:56,653 - INFO: 
=== 市值超过200亿的涨幅榜前20名股票 ===
2025-01-25 18:28:56,658 - INFO: 
股票代码       公司名称      市值(亿)   板块        昨天收盘          今天收盘     涨跌幅(%)
  CRARF   Credit Agricole SA  430.92   Banking  2025-01-23 14.98  2025-01-24 14.98    0.00  
2025-01-25 18:28:56,658 - INFO: 
股票代码       公司名称      市值(亿)   板块        昨天收盘          今天收盘     涨跌幅(%)
  CRARF   Credit Agricole SA  430.92   Banking  2025-01-23 14.98  2025-01-24 14.98    0.00  
2025-01-25 18:28:56,658 - INFO: 
没有市值超过1000亿的股票!
2025-01-25 18:28:56,658 - INFO: 
没有市值超过1000亿的股票!
2025-01-25 18:28:56,658 - INFO: 结果已保存到: logs/20250125_182851/top20_result.log
2025-01-25 18:28:56,659 - INFO: 日志目录: logs/20250125_182851
2025-01-25 18:28:56,659 - INFO: 日志文件: logs/20250125_182851/execution.log
2025-01-25 18:28:56,659 - INFO: 股票数据已保存到 logs/20250125_182851/stocks_data.json
2025-01-25 18:28:56,663 - INFO: 
=== 板块涨跌分析 ===
2025-01-25 18:28:56,666 - INFO: 
                   板块  平均涨跌幅  股票数量
5            Technology        4.23         1
0               Banking        0.00         1
1         Biotechnology       -0.53         1
6             Utilities       -0.83         1
3           Real Estate       -1.58         1
4        Semiconductors       -1.60         1
2  Electrical Equipment       -2.43         1
2025-01-25 18:28:56,667 - INFO: 板块分析已保存到 logs/20250125_182851/sector_analysis.json
