
=== 涨幅榜前20名股票 ===
 股票代码                     公司名称                    市值(亿)               板块                    昨天收盘             今天收盘       涨跌幅(%)
 EEIQ EpicQuest Education Group International Ltd  0.04 Diversified Consumer Services  2026-03-25 2.73  2026-03-26 8.44 209.16
 FCHL                 Fitness Champs Holdings Ltd  0.02 Diversified Consumer Services  2026-03-25 1.71  2026-03-26 3.55 107.60
 AIFF                    Firefly Neuroscience Inc  0.24                   Health Care  2026-03-25 1.68  2026-03-26 3.02  79.76
  KOD                         Kodiak Sciences Inc 13.89                 Biotechnology 2026-03-25 22.75 2026-03-26 39.76  74.77
 NDLS                                Noodles & Co  0.35 Hotels, Restaurants & Leisure  2026-03-25 6.06  2026-03-26 9.43  55.61
 OLPX                        Olaplex Holdings Inc  8.90             Consumer products  2026-03-25 1.33  2026-03-26 2.01  51.13
 SVRN                                Oceanpal Inc  0.06                        Marine   2026-03-25 0.2  2026-03-26 0.31  50.00
 NAVN                                   Navan Inc 22.75 Hotels, Restaurants & Leisure  2026-03-25 9.15 2026-03-26 13.11  43.28
TSEOF                                 Trinseo PLC  0.04                     Chemicals   2026-03-25 0.1  2026-03-26 0.15  42.86
 BZAI                         Blaize Holdings Inc  1.51                Semiconductors  2026-03-25 1.24  2026-03-26 1.75  41.13
 YDDL          One and one Green Technologies.INC  4.26               Metals & Mining  2026-03-25 10.3 2026-03-26 14.41  39.90
 FATN                                 FatPipe Inc  0.24                    Technology  2026-03-25 1.73  2026-03-26 2.38  37.57
 TRUG                        Trugolf Holdings Inc  0.02                         Media  2026-03-25 0.37  2026-03-26 0.49  32.79
 LIQT                   LiqTech International Inc  0.13                     Machinery  2026-03-25 1.35  2026-03-26 1.78  31.85
 SAFX                              XCF Global Inc  0.83                        Energy  2026-03-25 0.36  2026-03-26 0.45  26.91
 MSGY                              Masonglory Ltd  0.06                  Construction  2026-03-25 0.45  2026-03-26 0.57  26.84
CLSDQ                   Clearside Biomedical, Inc  0.03               Pharmaceuticals  2026-03-25 0.51  2026-03-26 0.65  26.80
 LICN                    Lichen International Ltd  0.70         Professional Services  2026-03-25 4.26  2026-03-26 5.39  26.64
 PGEN                                Precigen Inc 10.97                 Biotechnology   2026-03-25 3.1  2026-03-26 3.89  25.48
 BOXL                               Boxlight Corp  0.01                    Technology  2026-03-25 1.03  2026-03-26 1.28  24.27

=== 市值超过20亿的涨幅榜前20名股票 ===
 股票代码                   公司名称                   市值(亿)                板块                     昨天收盘              今天收盘       涨跌幅(%)
 NAVN                                Navan Inc  22.75 Hotels, Restaurants & Leisure   2026-03-25 9.15  2026-03-26 13.11 43.28 
  CAR                    Avis Budget Group Inc  43.57                   Road & Rail 2026-03-25 123.56 2026-03-26 139.58 12.97 
 MDGL             Madrigal Pharmaceuticals Inc 105.97                 Biotechnology 2026-03-25 461.93 2026-03-26 518.76 12.30 
 ELVN                 Enliven Therapeutics Inc  21.25               Pharmaceuticals  2026-03-25 35.53  2026-03-26 39.29 10.58 
VLOUF                             Vallourec SA  44.17                        Energy  2026-03-25 23.13  2026-03-26 25.03  8.21 
 BRZE                                Braze Inc  24.24                    Technology   2026-03-25 21.6  2026-03-26 23.31  7.92 
 NSIT                  Insight Enterprises Inc  20.12          Electrical Equipment  2026-03-25 64.91  2026-03-26 70.04  7.90 
 ALMS                               Alumis Inc  30.55               Pharmaceuticals  2026-03-25 24.81  2026-03-26 26.32  6.09 
  VLO                       Valero Energy Corp 689.52                        Energy 2026-03-25 234.54 2026-03-26 248.14  5.80 
  JBS                                   Jbs NV 168.29                 Food Products  2026-03-25 15.75  2026-03-26 16.64  5.65 
  HOG                      Harley-Davidson Inc  20.66                   Automobiles  2026-03-25 18.47  2026-03-26 19.49  5.52 
  RGC        Regencell Bioscience Holdings Ltd 119.42               Pharmaceuticals  2026-03-25 24.15   2026-03-26 25.4  5.18 
 MTDR                     Matador Resources Co  75.85                        Energy  2026-03-25 61.05   2026-03-26 64.2  5.16 
  RNG                          RingCentral Inc  30.01                    Technology  2026-03-25 35.69  2026-03-26 37.52  5.13 
  CVI                           CVR Energy Inc  32.86                        Energy  2026-03-25 32.69  2026-03-26 34.35  5.08 
  FIG                                Figma Inc 110.03                    Technology  2026-03-25 21.09  2026-03-26 22.15  5.03 
FCNCB First Citizens BancShares Inc (Delaware) 221.00                       Banking 2026-03-25 1600.0 2026-03-26 1680.0  5.00 
 KVYO                              Klaviyo Inc  55.32                    Technology  2026-03-25 18.15  2026-03-26 19.03  4.85 
  BBY                          Best Buy Co Inc 126.30                        Retail   2026-03-25 60.4  2026-03-26 63.21  4.65 
   DK                    Delek US Holdings Inc  26.55                        Energy  2026-03-25 44.39  2026-03-26 46.41  4.55 

=== 市值超过50亿的涨幅榜前20名股票 ===
 股票代码                   公司名称                   市值(亿)                板块                     昨天收盘              今天收盘       涨跌幅(%)
 MDGL             Madrigal Pharmaceuticals Inc 105.97                 Biotechnology 2026-03-25 461.93 2026-03-26 518.76 12.30 
  VLO                       Valero Energy Corp 689.52                        Energy 2026-03-25 234.54 2026-03-26 248.14  5.80 
  JBS                                   Jbs NV 168.29                 Food Products  2026-03-25 15.75  2026-03-26 16.64  5.65 
  RGC        Regencell Bioscience Holdings Ltd 119.42               Pharmaceuticals  2026-03-25 24.15   2026-03-26 25.4  5.18 
 MTDR                     Matador Resources Co  75.85                        Energy  2026-03-25 61.05   2026-03-26 64.2  5.16 
  FIG                                Figma Inc 110.03                    Technology  2026-03-25 21.09  2026-03-26 22.15  5.03 
FCNCB First Citizens BancShares Inc (Delaware) 221.00                       Banking 2026-03-25 1600.0 2026-03-26 1680.0  5.00 
 KVYO                              Klaviyo Inc  55.32                    Technology  2026-03-25 18.15  2026-03-26 19.03  4.85 
  BBY                          Best Buy Co Inc 126.30                        Retail   2026-03-25 60.4  2026-03-26 63.21  4.65 
  MUR                          Murphy Oil Corp  57.09                        Energy  2026-03-25 39.97  2026-03-26 41.75  4.45 
   IT                              Gartner Inc 105.84                    Technology 2026-03-25 150.23  2026-03-26 156.6  4.24 
  VFS                         VinFast Auto Ltd  72.52                   Automobiles   2026-03-25 3.09   2026-03-26 3.22  4.21 
STMEF                    STMicroelectronics NV 245.61                Semiconductors  2026-03-25 31.91  2026-03-26 33.25  4.20 
 CELC                             Celcuity Inc  51.00                 Biotechnology 2026-03-25 110.22 2026-03-26 114.81  4.16 
 CHRD                        Chord Energy Corp  78.59                        Energy 2026-03-25 138.26 2026-03-26 143.95  4.12 
  OXY                Occidental Petroleum Corp 610.01                        Energy  2026-03-25 61.85  2026-03-26 64.36  4.06 
  SCI        Service Corporation International 109.69 Diversified Consumer Services  2026-03-25 78.79  2026-03-26 81.84  3.87 
 DINO                         HF Sinclair Corp 109.79                        Energy   2026-03-25 60.9  2026-03-26 63.22  3.81 
 CRUS                         Cirrus Logic Inc  73.10                Semiconductors 2026-03-25 143.31 2026-03-26 148.69  3.75 
   SM                             SM Energy Co  75.08                        Energy   2026-03-25 31.5  2026-03-26 32.68  3.75 

=== 市值超过100亿的涨幅榜前20名股票 ===
 股票代码                   公司名称                    市值(亿)                 板块                       昨天收盘              今天收盘       涨跌幅(%)
 MDGL             Madrigal Pharmaceuticals Inc  105.97                    Biotechnology 2026-03-25 461.93 2026-03-26 518.76 12.30 
  VLO                       Valero Energy Corp  689.52                           Energy 2026-03-25 234.54 2026-03-26 248.14  5.80 
  JBS                                   Jbs NV  168.29                    Food Products  2026-03-25 15.75  2026-03-26 16.64  5.65 
  RGC        Regencell Bioscience Holdings Ltd  119.42                  Pharmaceuticals  2026-03-25 24.15   2026-03-26 25.4  5.18 
  FIG                                Figma Inc  110.03                       Technology  2026-03-25 21.09  2026-03-26 22.15  5.03 
FCNCB First Citizens BancShares Inc (Delaware)  221.00                          Banking 2026-03-25 1600.0 2026-03-26 1680.0  5.00 
  BBY                          Best Buy Co Inc  126.30                           Retail   2026-03-25 60.4  2026-03-26 63.21  4.65 
   IT                              Gartner Inc  105.84                       Technology 2026-03-25 150.23  2026-03-26 156.6  4.24 
STMEF                    STMicroelectronics NV  245.61                   Semiconductors  2026-03-25 31.91  2026-03-26 33.25  4.20 
  OXY                Occidental Petroleum Corp  610.01                           Energy  2026-03-25 61.85  2026-03-26 64.36  4.06 
  SCI        Service Corporation International  109.69    Diversified Consumer Services  2026-03-25 78.79  2026-03-26 81.84  3.87 
 DINO                         HF Sinclair Corp  109.79                           Energy   2026-03-25 60.9  2026-03-26 63.22  3.81 
PPRUF                                Kering SA  303.95 Textiles, Apparel & Luxury Goods  2026-03-25 289.6  2026-03-26 300.0  3.59 
  APA                            APA Corp (US)  145.96                           Energy  2026-03-25 41.32   2026-03-26 42.8  3.58 
   CF               CF Industries Holdings Inc  196.87                        Chemicals 2026-03-25 128.11 2026-03-26 132.56  3.47 
  COP                           ConocoPhillips 1575.96                           Energy 2026-03-25 128.93 2026-03-26 133.25  3.35 
  BSY                      Bentley Systems Inc  106.29                       Technology  2026-03-25 35.09   2026-03-26 36.2  3.16 
 FANG                   Diamondback Energy Inc  551.41                           Energy 2026-03-25 196.02 2026-03-26 202.19  3.15 
 ERIE                        Erie Indemnity Co  109.95                        Insurance 2026-03-25 236.09 2026-03-26 243.26  3.04 
  EOG                        EOG Resources Inc  768.31                           Energy 2026-03-25 143.21 2026-03-26 147.49  2.99 

=== 市值超过200亿的涨幅榜前20名股票 ===
 股票代码                   公司名称                    市值(亿)                 板块                       昨天收盘              今天收盘       涨跌幅(%)
  VLO                       Valero Energy Corp  689.52                           Energy 2026-03-25 234.54 2026-03-26 248.14  5.80 
FCNCB First Citizens BancShares Inc (Delaware)  221.00                          Banking 2026-03-25 1600.0 2026-03-26 1680.0  5.00 
STMEF                    STMicroelectronics NV  245.61                   Semiconductors  2026-03-25 31.91  2026-03-26 33.25  4.20 
  OXY                Occidental Petroleum Corp  610.01                           Energy  2026-03-25 61.85  2026-03-26 64.36  4.06 
PPRUF                                Kering SA  303.95 Textiles, Apparel & Luxury Goods  2026-03-25 289.6  2026-03-26 300.0  3.59 
  COP                           ConocoPhillips 1575.96                           Energy 2026-03-25 128.93 2026-03-26 133.25  3.35 
 FANG                   Diamondback Energy Inc  551.41                           Energy 2026-03-25 196.02 2026-03-26 202.19  3.15 
  EOG                        EOG Resources Inc  768.31                           Energy 2026-03-25 143.21 2026-03-26 147.49  2.99 
  MPC                  Marathon Petroleum Corp  711.06                           Energy 2026-03-25 241.25 2026-03-26 248.31  2.93 
 FTNT                             Fortinet Inc  583.73                       Technology  2026-03-25 78.89  2026-03-26 81.03  2.71 
  TSN                          Tyson Foods Inc  212.05                    Food Products  2026-03-25 61.45  2026-03-26 62.96  2.46 
  LNG                      Cheniere Energy Inc  597.80                           Energy 2026-03-25 284.39  2026-03-26 291.4  2.46 
  IQV                       IQVIA Holdings Inc  281.09   Life Sciences Tools & Services 2026-03-25 165.64  2026-03-26 169.4  2.27 
  ACN                            Accenture PLC 1180.54                       Technology 2026-03-25 192.29 2026-03-26 196.42  2.15 
 TRGP                     Targa Resources Corp  527.62                           Energy 2026-03-25 245.46  2026-03-26 250.5  2.05 
   KR                                Kroger Co  445.27                           Retail  2026-03-25 70.36  2026-03-26 71.79  2.03 
  CRM                           Salesforce Inc 1679.49                       Technology 2026-03-25 181.96 2026-03-26 185.64  2.02 
 ABBV                               AbbVie Inc 3663.29                    Biotechnology 2026-03-25 207.18 2026-03-26 211.12  1.90 
 ADSK                             Autodesk Inc  496.74                       Technology 2026-03-25 235.42 2026-03-26 239.83  1.87 
  DVN                        Devon Energy Corp  312.54                           Energy  2026-03-25 50.41  2026-03-26 51.35  1.86 

=== 市值超过1000亿的涨跌榜前20名股票 ===
股票代码            公司名称             市值(亿)          板块                昨天收盘              今天收盘       涨跌幅(%)
 COP             ConocoPhillips 1575.96             Energy 2026-03-25 128.93 2026-03-26 133.25  3.35 
 ACN              Accenture PLC 1180.54         Technology 2026-03-25 192.29 2026-03-26 196.42  2.15 
 CRM             Salesforce Inc 1679.49         Technology 2026-03-25 181.96 2026-03-26 185.64  2.02 
ABBV                 AbbVie Inc 3663.29      Biotechnology 2026-03-25 207.18 2026-03-26 211.12  1.90 
 SYK               Stryker Corp 1253.88        Health Care 2026-03-25 327.65 2026-03-26 332.68  1.54 
INTU                 Intuit Inc 1180.48         Technology 2026-03-25 426.86 2026-03-26 432.55  1.33 
 XOM           Exxon Mobil Corp 6505.15             Energy 2026-03-25 163.26 2026-03-26 165.43  1.33 
  MO           Altria Group Inc 1066.34            Tobacco  2026-03-25 63.78  2026-03-26 64.62  1.32 
 CVX               Chevron Corp 4093.53             Energy 2026-03-25 205.15 2026-03-26 207.79  1.29 
 CME              CME Group Inc 1054.11 Financial Services 2026-03-25 293.93 2026-03-26 297.58  1.24 
  BX             Blackstone Inc 1324.69 Financial Services 2026-03-25 108.38 2026-03-26 109.63  1.15 
NFLX                Netflix Inc 3896.21              Media  2026-03-25 92.28  2026-03-26 93.32  1.13 
 PFE                 Pfizer Inc 1551.21    Pharmaceuticals  2026-03-25 27.28  2026-03-26 27.57  1.06 
SPGI             S&P Global Inc 1220.54 Financial Services 2026-03-25 408.48 2026-03-26 412.45  0.97 
  SO                Southern Co 1059.06          Utilities  2026-03-25 94.61  2026-03-26 95.42  0.86 
 BMY    Bristol-Myers Squibb Co 1200.30    Pharmaceuticals  2026-03-25 58.94  2026-03-26 59.43  0.83 
 TTE           TotalEnergies SE 1651.47             Energy  2026-03-25 89.26  2026-03-26 89.95  0.77 
  VZ Verizon Communications Inc 2167.05  Telecommunication  2026-03-25 50.37  2026-03-26 50.74  0.73 
 LIN                  Linde PLC 2281.47          Chemicals 2026-03-25 492.34 2026-03-26 495.49  0.64 
 BSX     Boston Scientific Corp 1035.46        Health Care  2026-03-25 69.78  2026-03-26 70.17  0.56 
