
=== 涨幅榜前20名股票 ===
股票代码                 公司名称                市值(亿)           板块                昨天收盘             今天收盘       涨跌幅(%)
 LYT Lytus Technologies Holdings Ptv Ltd  0.03                 Media  2025-03-26 0.06  2025-03-27 0.12 90.32 
DRCT         Direct Digital Holdings Inc  0.05                 Media  2025-03-26 0.77  2025-03-27 1.33 71.61 
GTEC Greenland Technologies Holding Corp  0.29             Machinery  2025-03-26 1.31  2025-03-27 2.17 65.65 
  ME                 23andMe Holding Co.  0.21           Health Care  2025-03-26 0.53  2025-03-27 0.77 45.01 
NKTX                          Nkarta Inc  1.52         Biotechnology  2025-03-26 1.37  2025-03-27 1.97 43.80 
CNXC                     Concentrix Corp 40.60 Professional Services 2025-03-26 45.68 2025-03-27 65.04 42.38 
SLNO             Soleno Therapeutics Inc 32.03         Biotechnology 2025-03-26 48.97 2025-03-27 67.39 37.61 
MLGO                       MicroAlgo Inc  1.44            Technology 2025-03-26 11.86 2025-03-27 15.94 34.40 
PTLE                             PTL Ltd  0.20                Energy  2025-03-26 1.49  2025-03-27 1.85 24.16 
SISI                         Shineco Inc  0.18     Consumer products  2025-03-26 1.01  2025-03-27 1.25 23.76 
AGMH              AGM Group Holdings Inc  0.02    Financial Services  2025-03-26 0.08  2025-03-27 0.09 23.47 
 HTZ           Hertz Global Holdings Inc 12.73           Road & Rail  2025-03-26 3.45  2025-03-27 4.23 22.61 
KDLY                       Kindly MD Inc  0.12           Health Care  2025-03-26 1.71  2025-03-27 2.08 21.64 
IBRX                     Immunitybio Inc 25.94         Biotechnology  2025-03-26 2.78  2025-03-27 3.36 20.86 
 CAR               Avis Budget Group Inc 25.86           Road & Rail 2025-03-26 61.55 2025-03-27 74.16 20.49 
PAPL             Pineapple Financial Inc  0.02    Financial Services  2025-03-26 0.27  2025-03-27 0.33 20.44 
ONDS                  Ondas Holdings Inc  0.94        Communications  2025-03-26 0.85   2025-03-27 1.0 18.32 
MRKR             Marker Therapeutics Inc  0.13         Biotechnology  2025-03-26 1.16  2025-03-27 1.37 18.10 
ABAT      American Battery Technology Co  0.97       Metals & Mining  2025-03-26 1.01  2025-03-27 1.18 16.83 
YYAI     Connexa Sports Technologies Inc  0.10      Leisure Products  2025-03-26 0.77   2025-03-27 0.9 16.52 

=== 市值超过20亿的涨幅榜前20名股票 ===
 股票代码                 公司名称                市值(亿)                 板块                       昨天收盘               今天收盘        涨跌幅(%)
 CNXC                     Concentrix Corp  40.60            Professional Services   2025-03-26 45.68   2025-03-27 65.04 42.38 
 SLNO             Soleno Therapeutics Inc  32.03                    Biotechnology   2025-03-26 48.97   2025-03-27 67.39 37.61 
 IBRX                     Immunitybio Inc  25.94                    Biotechnology    2025-03-26 2.78    2025-03-27 3.36 20.86 
  CAR               Avis Budget Group Inc  25.86                      Road & Rail   2025-03-26 61.55   2025-03-27 74.16 20.49 
 DLTR                     Dollar Tree Inc 163.16                           Retail   2025-03-26 69.21   2025-03-27 76.95 11.18 
  ZGN                Ermenegildo Zegna NV  30.21 Textiles, Apparel & Luxury Goods    2025-03-26 7.08    2025-03-27 7.76  9.60 
 RIVN               Rivian Automotive Inc 144.34                      Automobiles    2025-03-26 12.1   2025-03-27 13.02  7.60 
  AAP              Advance Auto Parts Inc  24.29                           Retail   2025-03-26 37.82   2025-03-27 40.37  6.74 
  FUL                 H.B. Fuller Company  30.22                        Chemicals   2025-03-26 54.32   2025-03-27 57.61  6.06 
 LBRT                  Liberty Energy Inc  26.44                           Energy   2025-03-26 15.42   2025-03-27 16.22  5.19 
 IMVT                      Immunovant Inc  31.53                    Biotechnology   2025-03-26 17.89   2025-03-27 18.79  5.03 
  AUR               Aurora Innovation Inc 125.57                       Technology    2025-03-26 7.12    2025-03-27 7.46  4.78 
  DAR             Darling Ingredients Inc  50.17                    Food Products   2025-03-26 30.48   2025-03-27 31.91  4.69 
 OLLI Ollie's Bargain Outlet Holdings Inc  69.25                           Retail  2025-03-26 108.17  2025-03-27 113.07  4.53 
  DUO            Fangdd Network Group Ltd 102.01                            Media    2025-03-26 0.31    2025-03-27 0.32  4.28 
  UNF                       UniFirst Corp  31.11   Commercial Services & Supplies  2025-03-26 170.87  2025-03-27 178.01  4.18 
  AZO                        Autozone Inc 635.69                           Retail 2025-03-26 3681.68 2025-03-27 3828.11  3.98 
  EQX                   Equinox Gold Corp  32.36                  Metals & Mining    2025-03-26 6.83     2025-03-27 7.1  3.95 
PARAA                    Paramount Global  83.79                            Media   2025-03-26 22.72   2025-03-27 23.58  3.79 
 MLTX         MoonLake Immunotherapeutics  24.88                    Biotechnology   2025-03-26 38.39   2025-03-27 39.84  3.78 

=== 市值超过50亿的涨幅榜前20名股票 ===
 股票代码                 公司名称                  市值(亿)                板块                     昨天收盘               今天收盘        涨跌幅(%)
 DLTR                      Dollar Tree Inc  163.16                        Retail   2025-03-26 69.21   2025-03-27 76.95 11.18 
 RIVN                Rivian Automotive Inc  144.34                   Automobiles    2025-03-26 12.1   2025-03-27 13.02  7.60 
  AUR                Aurora Innovation Inc  125.57                    Technology    2025-03-26 7.12    2025-03-27 7.46  4.78 
  DAR              Darling Ingredients Inc   50.17                 Food Products   2025-03-26 30.48   2025-03-27 31.91  4.69 
 OLLI  Ollie's Bargain Outlet Holdings Inc   69.25                        Retail  2025-03-26 108.17  2025-03-27 113.07  4.53 
  DUO             Fangdd Network Group Ltd  102.01                         Media    2025-03-26 0.31    2025-03-27 0.32  4.28 
  AZO                         Autozone Inc  635.69                        Retail 2025-03-26 3681.68 2025-03-27 3828.11  3.98 
PARAA                     Paramount Global   83.79                         Media   2025-03-26 22.72   2025-03-27 23.58  3.79 
  ABT                  Abbott Laboratories 2263.12                   Health Care  2025-03-26 126.61  2025-03-27 131.35  3.74 
   DG                  Dollar General Corp  190.61                        Retail    2025-03-26 84.7   2025-03-27 87.54  3.35 
  QXO                              QXO Inc   56.46                    Technology   2025-03-26 13.56   2025-03-27 14.01  3.32 
 PCVX                          Vaxcyte Inc   89.59                 Biotechnology   2025-03-26 68.56   2025-03-27 70.77  3.22 
   BG                      Bunge Global SA  102.44                 Food Products   2025-03-26 74.19    2025-03-27 76.5  3.11 
 ORLY              O'Reilly Automotive Inc  813.02                        Retail 2025-03-26 1380.98 2025-03-27 1423.62  3.09 
 BFAM Bright Horizons Family Solutions Inc   72.96 Diversified Consumer Services  2025-03-26 125.18  2025-03-27 128.98  3.04 
 LOPE           Grand Canyon Education Inc   50.43 Diversified Consumer Services  2025-03-26 173.07  2025-03-27 178.18  2.95 
 NBIS                      Nebius Group NV   58.31                    Technology   2025-03-26 24.71   2025-03-27 25.41  2.83 
 LCID                      Lucid Group Inc   72.46                   Automobiles    2025-03-26 2.36    2025-03-27 2.42  2.76 
 VRSN                        VeriSign, Inc  238.39                    Technology  2025-03-26 248.13  2025-03-27 254.74  2.66 
  ADM            Archer-Daniels-Midland Co  230.95                 Food Products   2025-03-26 47.07   2025-03-27 48.28  2.57 

=== 市值超过100亿的涨幅榜前20名股票 ===
股票代码            公司名称            市值(亿)          板块               昨天收盘               今天收盘        涨跌幅(%)
DLTR           Dollar Tree Inc  163.16            Retail   2025-03-26 69.21   2025-03-27 76.95 11.18 
RIVN     Rivian Automotive Inc  144.34       Automobiles    2025-03-26 12.1   2025-03-27 13.02  7.60 
 AUR     Aurora Innovation Inc  125.57        Technology    2025-03-26 7.12    2025-03-27 7.46  4.78 
 DUO  Fangdd Network Group Ltd  102.01             Media    2025-03-26 0.31    2025-03-27 0.32  4.28 
 AZO              Autozone Inc  635.69            Retail 2025-03-26 3681.68 2025-03-27 3828.11  3.98 
 ABT       Abbott Laboratories 2263.12       Health Care  2025-03-26 126.61  2025-03-27 131.35  3.74 
  DG       Dollar General Corp  190.61            Retail    2025-03-26 84.7   2025-03-27 87.54  3.35 
  BG           Bunge Global SA  102.44     Food Products   2025-03-26 74.19    2025-03-27 76.5  3.11 
ORLY   O'Reilly Automotive Inc  813.02            Retail 2025-03-26 1380.98 2025-03-27 1423.62  3.09 
VRSN             VeriSign, Inc  238.39        Technology  2025-03-26 248.13  2025-03-27 254.74  2.66 
 ADM Archer-Daniels-Midland Co  230.95     Food Products   2025-03-26 47.07   2025-03-27 48.28  2.57 
  FE          FirstEnergy Corp  224.28         Utilities   2025-03-26 38.48   2025-03-27 39.45  2.52 
 HRL         Hormel Foods Corp  165.99     Food Products   2025-03-26 29.58   2025-03-27 30.32  2.50 
 KMX                Carmax Inc  117.59            Retail   2025-03-26 75.07   2025-03-27 76.93  2.48 
TMUS           T-Mobile US Inc 3049.14 Telecommunication  2025-03-26 262.51  2025-03-27 268.28  2.20 
 NEM       Newmont Corporation  545.09   Metals & Mining   2025-03-26 47.39   2025-03-27 48.39  2.11 
 XPO                   XPO Inc  130.15       Road & Rail  2025-03-26 110.87  2025-03-27 113.21  2.11 
 CAG        Conagra Brands Inc  125.51     Food Products   2025-03-26 25.92   2025-03-27 26.46  2.08 
MRNA               Moderna Inc  120.78     Biotechnology   2025-03-26 31.48   2025-03-27 32.12  2.03 
 CAH       Cardinal Health Inc  326.07       Health Care  2025-03-26 133.98  2025-03-27 136.65  1.99 

=== 市值超过200亿的涨幅榜前20名股票 ===
股票代码              公司名称               市值(亿)                板块                     昨天收盘               今天收盘        涨跌幅(%)
 AZO                   Autozone Inc  635.69                        Retail 2025-03-26 3681.68 2025-03-27 3828.11  3.98 
 ABT            Abbott Laboratories 2263.12                   Health Care  2025-03-26 126.61  2025-03-27 131.35  3.74 
ORLY        O'Reilly Automotive Inc  813.02                        Retail 2025-03-26 1380.98 2025-03-27 1423.62  3.09 
VRSN                  VeriSign, Inc  238.39                    Technology  2025-03-26 248.13  2025-03-27 254.74  2.66 
 ADM      Archer-Daniels-Midland Co  230.95                 Food Products   2025-03-26 47.07   2025-03-27 48.28  2.57 
  FE               FirstEnergy Corp  224.28                     Utilities   2025-03-26 38.48   2025-03-27 39.45  2.52 
TMUS                T-Mobile US Inc 3049.14             Telecommunication  2025-03-26 262.51  2025-03-27 268.28  2.20 
 NEM            Newmont Corporation  545.09               Metals & Mining   2025-03-26 47.39   2025-03-27 48.39  2.11 
 CAH            Cardinal Health Inc  326.07                   Health Care  2025-03-26 133.98  2025-03-27 136.65  1.99 
   T                       AT&T Inc 2026.40             Telecommunication   2025-03-26 27.65    2025-03-27 28.2  1.99 
 CHD         Church & Dwight Co Inc  264.99             Consumer products  2025-03-26 106.31  2025-03-27 108.39  1.96 
 MMC Marsh & McLennan Companies Inc 1186.77                     Insurance   2025-03-26 238.8  2025-03-27 243.41  1.93 
EBAY                       eBay Inc  312.22                        Retail   2025-03-26 65.58   2025-03-27 66.81  1.88 
  VZ     Verizon Communications Inc 1899.21             Telecommunication   2025-03-26 44.18   2025-03-27 44.96  1.77 
 SYY                     Sysco Corp  360.54                        Retail   2025-03-26 72.75   2025-03-27 74.04  1.77 
MDLZ     Mondelez International Inc  868.41                 Food Products   2025-03-26 66.33    2025-03-27 67.5  1.76 
GILD            Gilead Sciences Inc 1381.09                 Biotechnology  2025-03-26 109.27  2025-03-27 111.16  1.73 
 CMG     Chipotle Mexican Grill Inc  691.49 Hotels, Restaurants & Leisure   2025-03-26 50.07   2025-03-27 50.92  1.70 
 ROP         Roper Technologies Inc  632.04                    Technology  2025-03-26 582.71  2025-03-27 592.55  1.69 
VRSK           Verisk Analytics Inc  417.04         Professional Services  2025-03-26 292.03  2025-03-27 296.89  1.66 

=== 市值超过1000亿的涨跌榜前20名股票 ===
股票代码              公司名称               市值(亿)                 板块                     昨天收盘               今天收盘        涨跌幅(%)
 ABT            Abbott Laboratories  2263.12                   Health Care  2025-03-26 126.61  2025-03-27 131.35  3.74 
TMUS                T-Mobile US Inc  3049.14             Telecommunication  2025-03-26 262.51  2025-03-27 268.28  2.20 
   T                       AT&T Inc  2026.40             Telecommunication   2025-03-26 27.65    2025-03-27 28.2  1.99 
 MMC Marsh & McLennan Companies Inc  1186.77                     Insurance   2025-03-26 238.8  2025-03-27 243.41  1.93 
  VZ     Verizon Communications Inc  1899.21             Telecommunication   2025-03-26 44.18   2025-03-27 44.96  1.77 
GILD            Gilead Sciences Inc  1381.09                 Biotechnology  2025-03-26 109.27  2025-03-27 111.16  1.73 
   V                       Visa Inc  6800.89            Financial Services  2025-03-26 344.18  2025-03-27 349.86  1.65 
  MA                 Mastercard Inc  5081.45            Financial Services  2025-03-26 549.07  2025-03-27 557.57  1.55 
  PG            Procter & Gamble Co  3940.17             Consumer products  2025-03-26 166.58  2025-03-27 168.71  1.28 
AAPL                      Apple Inc 33515.00                    Technology  2025-03-26 221.53  2025-03-27 223.85  1.05 
  CB                      Chubb Ltd  1184.34                     Insurance  2025-03-26 295.32  2025-03-27 298.36  1.03 
  KO                   Coca-Cola Co  3043.27                     Beverages   2025-03-26 70.02   2025-03-27 70.74  1.03 
MELI               MercadoLibre Inc  1062.62                        Retail 2025-03-26 2074.97 2025-03-27 2095.85  1.01 
 ADP  Automatic Data Processing Inc  1235.24         Professional Services  2025-03-26 302.41  2025-03-27 305.43  1.00 
COST          Costco Wholesale Corp  4151.28                        Retail  2025-03-26 929.75  2025-03-27 938.75  0.97 
UBER          Uber Technologies Inc  1566.14                   Road & Rail   2025-03-26 74.18   2025-03-27 74.86  0.92 
SBUX                 Starbucks Corp  1129.53 Hotels, Restaurants & Leisure   2025-03-26 97.97   2025-03-27 98.85  0.90 
 JNJ              Johnson & Johnson  3950.70               Pharmaceuticals  2025-03-26 161.72  2025-03-27 163.13  0.87 
 MDT                  Medtronic PLC  1141.85                   Health Care   2025-03-26 88.23   2025-03-27 88.98  0.85 
 PGR               Progressive Corp  1603.66                     Insurance  2025-03-26 272.54  2025-03-27 274.67  0.78 
