
=== 涨幅榜前20名股票 ===
股票代码             公司名称             市值(亿)               板块                     昨天收盘             今天收盘       涨跌幅(%)
RZLT                 Rezolute Inc  2.24                  Biotechnology  2025-12-23 2.42  2025-12-24 2.74 13.22 
 HQI                Hirequest Inc  1.33          Professional Services  2025-12-23 9.41  2025-12-24 10.2  8.40 
TISI                     Team Inc  0.60 Commercial Services & Supplies 2025-12-23 13.25 2025-12-24 14.34  8.23 
SMSI     Smith Micro Software Inc  0.14                     Technology  2025-12-23 0.54  2025-12-24 0.57  6.30 
PAMT                    PAMT Corp  2.45                    Road & Rail 2025-12-23 11.72 2025-12-24 12.34  5.29 
GERN                   Geron Corp  8.49                  Biotechnology  2025-12-23 1.33   2025-12-24 1.4  5.26 
 INO   Inovio Pharmaceuticals Inc  1.48                  Biotechnology  2025-12-23 2.15  2025-12-24 2.25  4.65 
TTEC            TTEC Holdings Inc  1.68          Professional Services  2025-12-23 3.46  2025-12-24 3.62  4.62 
CASI     CASI Pharmaceuticals Inc  0.12                  Biotechnology  2025-12-23 0.75  2025-12-24 0.78  4.27 
 MPU              Mega Matrix Inc  0.68                          Media  2025-12-23 1.01  2025-12-24 1.05  3.96 
 FUN Six Flags Entertainment Corp 14.01  Hotels, Restaurants & Leisure 2025-12-23 13.81 2025-12-24 14.35  3.91 
PETS           Petmed Express Inc  0.73                         Retail  2025-12-23 3.42  2025-12-24 3.55  3.80 
  AP        Ampco-Pittsburgh Corp  0.86                Metals & Mining  2025-12-23 4.25  2025-12-24 4.41  3.76 
USAU                 US Gold Corp  3.12                Metals & Mining 2025-12-23 21.66 2025-12-24 22.47  3.74 
LPTH   LightPath Technologies Inc  4.64           Electrical Equipment  2025-12-23 8.71  2025-12-24 9.03  3.67 
ACHV    Achieve Life Sciences Inc  2.29                  Biotechnology  2025-12-23 4.31  2025-12-24 4.46  3.48 
NNBR                       NN Inc  0.58                      Machinery  2025-12-23 1.15  2025-12-24 1.19  3.48 
 SNT    Senstar Technologies Corp  0.97           Electrical Equipment  2025-12-23 4.16   2025-12-24 4.3  3.37 
NDLS                 Noodles & Co  0.30  Hotels, Restaurants & Leisure  2025-12-23 0.63  2025-12-24 0.65  3.35 
UEIC    Universal Electronics Inc  0.41              Consumer products  2025-12-23 3.04  2025-12-24 3.14  3.29 

=== 市值超过20亿的涨幅榜前20名股票 ===
 股票代码               公司名称                市值(亿)                板块                     昨天收盘              今天收盘       涨跌幅(%)
  TGT                      Target Corp  427.00                        Retail   2025-12-23 94.3  2025-12-24 96.53  2.36 
 COST            Costco Wholesale Corp 3794.15                        Retail 2025-12-23 854.79 2025-12-24 871.86  2.00 
 CORT         Corcept Therapeutics Inc   86.24               Pharmaceuticals  2025-12-23 81.99  2025-12-24 83.59  1.95 
  KMX                       Carmax Inc   56.46                        Retail  2025-12-23 38.45  2025-12-24 39.18  1.90 
 RIOT               Riot Platforms Inc   50.83                    Technology  2025-12-23 13.67  2025-12-24 13.92  1.83 
 VTRS                      Viatris Inc  126.58               Pharmaceuticals  2025-12-23 12.02  2025-12-24 12.24  1.83 
  DRI           Darden Restaurants Inc  217.51 Hotels, Restaurants & Leisure  2025-12-23 187.0 2025-12-24 189.91  1.56 
  NRG                   NRG Energy Inc  303.00                     Utilities 2025-12-23 158.11 2025-12-24 160.56  1.55 
    D              Dominion Energy Inc  496.47                     Utilities  2025-12-23 58.14  2025-12-24 59.01  1.50 
  DHI                    DR Horton Inc  421.94             Consumer products 2025-12-23 144.47 2025-12-24 146.63  1.50 
  ABG      Asbury Automotive Group Inc   46.15                        Retail 2025-12-23 237.38 2025-12-24 240.89  1.48 
   HE Hawaiian Electric Industries Inc   20.27                     Utilities  2025-12-23 11.74  2025-12-24 11.91  1.45 
 SRPT         Sarepta Therapeutics Inc   23.05                 Biotechnology   2025-12-23 22.0  2025-12-24 22.32  1.45 
  JLL           Jones Lang LaSalle Inc  161.45                   Real Estate 2025-12-23 342.09 2025-12-24 346.91  1.41 
  SIG              Signet Jewelers Ltd   34.92                        Retail  2025-12-23 85.82  2025-12-24 87.01  1.39 
  CVS                  CVS Health Corp  990.67                   Health Care  2025-12-23 78.04  2025-12-24 79.12  1.38 
CMCSA                     Comcast Corp 1070.58                         Media  2025-12-23 29.38  2025-12-24 29.78  1.36 
  KHC                   Kraft Heinz Co  280.53                 Food Products   2025-12-23 23.7  2025-12-24 24.02  1.35 
  GPC                 Genuine Parts Co  172.30                  Distributors 2025-12-23 123.86 2025-12-24 125.49  1.32 
  SJM                   J M Smucker Co  104.51                 Food Products  2025-12-23 97.95  2025-12-24 99.22  1.30 

=== 市值超过50亿的涨幅榜前20名股票 ===
 股票代码           公司名称            市值(亿)                板块                     昨天收盘              今天收盘       涨跌幅(%)
  TGT              Target Corp  427.00                        Retail   2025-12-23 94.3  2025-12-24 96.53  2.36 
 COST    Costco Wholesale Corp 3794.15                        Retail 2025-12-23 854.79 2025-12-24 871.86  2.00 
 CORT Corcept Therapeutics Inc   86.24               Pharmaceuticals  2025-12-23 81.99  2025-12-24 83.59  1.95 
  KMX               Carmax Inc   56.46                        Retail  2025-12-23 38.45  2025-12-24 39.18  1.90 
 RIOT       Riot Platforms Inc   50.83                    Technology  2025-12-23 13.67  2025-12-24 13.92  1.83 
 VTRS              Viatris Inc  126.58               Pharmaceuticals  2025-12-23 12.02  2025-12-24 12.24  1.83 
  DRI   Darden Restaurants Inc  217.51 Hotels, Restaurants & Leisure  2025-12-23 187.0 2025-12-24 189.91  1.56 
  NRG           NRG Energy Inc  303.00                     Utilities 2025-12-23 158.11 2025-12-24 160.56  1.55 
    D      Dominion Energy Inc  496.47                     Utilities  2025-12-23 58.14  2025-12-24 59.01  1.50 
  DHI            DR Horton Inc  421.94             Consumer products 2025-12-23 144.47 2025-12-24 146.63  1.50 
  JLL   Jones Lang LaSalle Inc  161.45                   Real Estate 2025-12-23 342.09 2025-12-24 346.91  1.41 
  CVS          CVS Health Corp  990.67                   Health Care  2025-12-23 78.04  2025-12-24 79.12  1.38 
CMCSA             Comcast Corp 1070.58                         Media  2025-12-23 29.38  2025-12-24 29.78  1.36 
  KHC           Kraft Heinz Co  280.53                 Food Products   2025-12-23 23.7  2025-12-24 24.02  1.35 
  GPC         Genuine Parts Co  172.30                  Distributors 2025-12-23 123.86 2025-12-24 125.49  1.32 
  SJM           J M Smucker Co  104.51                 Food Products  2025-12-23 97.95  2025-12-24 99.22  1.30 
  GPN      Global Payments Inc  189.84            Financial Services  2025-12-23 80.19  2025-12-24 81.19  1.25 
 LRCX        Lam Research Corp 2200.06                Semiconductors 2025-12-23 175.16 2025-12-24 177.33  1.24 
 URBN     Urban Outfitters Inc   69.27                        Retail  2025-12-23 77.24  2025-12-24 78.19  1.23 
 TSEM  Tower Semiconductor Ltd  135.33                Semiconductors 2025-12-23 121.09 2025-12-24 122.47  1.14 

=== 市值超过100亿的涨幅榜前20名股票 ===
 股票代码           公司名称           市值(亿)                板块                     昨天收盘              今天收盘       涨跌幅(%)
  TGT             Target Corp  427.00                        Retail   2025-12-23 94.3  2025-12-24 96.53  2.36 
 COST   Costco Wholesale Corp 3794.15                        Retail 2025-12-23 854.79 2025-12-24 871.86  2.00 
 VTRS             Viatris Inc  126.58               Pharmaceuticals  2025-12-23 12.02  2025-12-24 12.24  1.83 
  DRI  Darden Restaurants Inc  217.51 Hotels, Restaurants & Leisure  2025-12-23 187.0 2025-12-24 189.91  1.56 
  NRG          NRG Energy Inc  303.00                     Utilities 2025-12-23 158.11 2025-12-24 160.56  1.55 
    D     Dominion Energy Inc  496.47                     Utilities  2025-12-23 58.14  2025-12-24 59.01  1.50 
  DHI           DR Horton Inc  421.94             Consumer products 2025-12-23 144.47 2025-12-24 146.63  1.50 
  JLL  Jones Lang LaSalle Inc  161.45                   Real Estate 2025-12-23 342.09 2025-12-24 346.91  1.41 
  CVS         CVS Health Corp  990.67                   Health Care  2025-12-23 78.04  2025-12-24 79.12  1.38 
CMCSA            Comcast Corp 1070.58                         Media  2025-12-23 29.38  2025-12-24 29.78  1.36 
  KHC          Kraft Heinz Co  280.53                 Food Products   2025-12-23 23.7  2025-12-24 24.02  1.35 
  GPC        Genuine Parts Co  172.30                  Distributors 2025-12-23 123.86 2025-12-24 125.49  1.32 
  SJM          J M Smucker Co  104.51                 Food Products  2025-12-23 97.95  2025-12-24 99.22  1.30 
  GPN     Global Payments Inc  189.84            Financial Services  2025-12-23 80.19  2025-12-24 81.19  1.25 
 LRCX       Lam Research Corp 2200.06                Semiconductors 2025-12-23 175.16 2025-12-24 177.33  1.24 
 TSEM Tower Semiconductor Ltd  135.33                Semiconductors 2025-12-23 121.09 2025-12-24 122.47  1.14 
  NUE              Nucor Corp  374.62               Metals & Mining 2025-12-23 163.69 2025-12-24 165.49  1.10 
  BRO       Brown & Brown Inc  273.00                     Insurance  2025-12-23 79.96  2025-12-24 80.82  1.08 
  HRL       Hormel Foods Corp  132.52                 Food Products  2025-12-23 24.09  2025-12-24 24.35  1.08 
  TKO  TKO Group Holdings Inc  420.79                         Media  2025-12-23 215.7 2025-12-24 217.98  1.06 

=== 市值超过200亿的涨幅榜前20名股票 ===
 股票代码              公司名称               市值(亿)                板块                     昨天收盘              今天收盘       涨跌幅(%)
  TGT                    Target Corp  427.00                        Retail   2025-12-23 94.3  2025-12-24 96.53  2.36 
 COST          Costco Wholesale Corp 3794.15                        Retail 2025-12-23 854.79 2025-12-24 871.86  2.00 
  DRI         Darden Restaurants Inc  217.51 Hotels, Restaurants & Leisure  2025-12-23 187.0 2025-12-24 189.91  1.56 
  NRG                 NRG Energy Inc  303.00                     Utilities 2025-12-23 158.11 2025-12-24 160.56  1.55 
    D            Dominion Energy Inc  496.47                     Utilities  2025-12-23 58.14  2025-12-24 59.01  1.50 
  DHI                  DR Horton Inc  421.94             Consumer products 2025-12-23 144.47 2025-12-24 146.63  1.50 
  CVS                CVS Health Corp  990.67                   Health Care  2025-12-23 78.04  2025-12-24 79.12  1.38 
CMCSA                   Comcast Corp 1070.58                         Media  2025-12-23 29.38  2025-12-24 29.78  1.36 
  KHC                 Kraft Heinz Co  280.53                 Food Products   2025-12-23 23.7  2025-12-24 24.02  1.35 
 LRCX              Lam Research Corp 2200.06                Semiconductors 2025-12-23 175.16 2025-12-24 177.33  1.24 
  NUE                     Nucor Corp  374.62               Metals & Mining 2025-12-23 163.69 2025-12-24 165.49  1.10 
  BRO              Brown & Brown Inc  273.00                     Insurance  2025-12-23 79.96  2025-12-24 80.82  1.08 
  TKO         TKO Group Holdings Inc  420.79                         Media  2025-12-23 215.7 2025-12-24 217.98  1.06 
   KR                      Kroger Co  394.27                        Retail   2025-12-23 62.3  2025-12-24 62.93  1.01 
   GS        Goldman Sachs Group Inc 2704.49            Financial Services 2025-12-23 901.71 2025-12-24 910.78  1.01 
  KMB            Kimberly-Clark Corp  332.22             Consumer products 2025-12-23 100.11 2025-12-24 101.08  0.97 
  MMC Marsh & McLennan Companies Inc  910.74                     Insurance  2025-12-23 185.9  2025-12-24 187.6  0.91 
  STZ       Constellation Brands Inc  242.35                     Beverages 2025-12-23 139.23 2025-12-24 140.49  0.90 
  TJX              TJX Companies Inc 1731.44                        Retail 2025-12-23 155.92 2025-12-24 157.29  0.88 
 GRMN                     Garmin Ltd  390.86             Consumer products 2025-12-23 203.22  2025-12-24 205.0  0.88 

=== 市值超过1000亿的涨跌榜前20名股票 ===
 股票代码              公司名称              市值(亿)             板块                   昨天收盘               今天收盘        涨跌幅(%)
 COST         Costco Wholesale Corp 3794.15                   Retail  2025-12-23 854.79  2025-12-24 871.86  2.00 
CMCSA                  Comcast Corp 1070.58                    Media   2025-12-23 29.38   2025-12-24 29.78  1.36 
 LRCX             Lam Research Corp 2200.06           Semiconductors  2025-12-23 175.16  2025-12-24 177.33  1.24 
   GS       Goldman Sachs Group Inc 2704.49       Financial Services  2025-12-23 901.71  2025-12-24 910.78  1.01 
  TJX             TJX Companies Inc 1731.44                   Retail  2025-12-23 155.92  2025-12-24 157.29  0.88 
  UNH        UnitedHealth Group Inc 2942.16              Health Care   2025-12-23 324.8  2025-12-24 327.58  0.86 
  NEE            Nextera Energy Inc 1661.71                Utilities   2025-12-23 79.79   2025-12-24 80.45  0.83 
    T                      AT&T Inc 1734.08        Telecommunication   2025-12-23 24.46   2025-12-24 24.66  0.82 
  BMY       Bristol-Myers Squibb Co 1105.01          Pharmaceuticals   2025-12-23 54.28   2025-12-24 54.71  0.79 
  HON   Honeywell International Inc 1241.20 Industrial Conglomerates   2025-12-23 195.5  2025-12-24 196.93  0.73 
   BN               Brookfield Corp 1145.69       Financial Services   2025-12-23 46.27   2025-12-24 46.61  0.73 
 KLAC                      KLA Corp 1667.04           Semiconductors 2025-12-23 1268.75 2025-12-24 1276.99  0.65 
  BAC          Bank of America Corp 4087.21                  Banking   2025-12-23 55.97   2025-12-24 56.25  0.50 
  ADP Automatic Data Processing Inc 1039.45    Professional Services  2025-12-23 257.01   2025-12-24 258.1  0.42 
   GE           General Electric Co 3328.25      Aerospace & Defense  2025-12-23 315.53  2025-12-24 316.75  0.39 
  UNP            Union Pacific Corp 1388.89              Road & Rail  2025-12-23 234.15  2025-12-24 235.05  0.38 
  RTX                      RTX Corp 2490.62      Aerospace & Defense  2025-12-23 185.76  2025-12-24 186.38  0.33 
  ADI            Analog Devices Inc 1355.02           Semiconductors  2025-12-23 276.73  2025-12-24 277.56  0.30 
  COF    Capital One Financial Corp 1574.08       Financial Services   2025-12-23 247.6  2025-12-24 248.27  0.27 
   DE                    Deere & Co 1260.84                Machinery  2025-12-23 466.21  2025-12-24 467.44  0.26 
