
=== 涨幅榜前20名股票 ===
股票代码                   公司名称                  市值(亿)               板块                     昨天收盘            今天收盘       涨跌幅(%)
FOXX           Foxx Development Holdings Inc  0.14                     Technology 2025-11-20 2.02  2025-11-21 3.54 75.16 
MNDR         Mobile-health Network Solutions  0.04                    Health Care 2025-11-20 3.04  2025-11-21 4.75 56.25 
ZYXI                               Zynex Inc  0.41                    Health Care 2025-11-20 0.48  2025-11-21 0.62 28.73 
HTCO          High-Trend International Group  0.81                         Marine 2025-11-20 9.99 2025-11-21 12.43 24.42 
 ZJK                   ZJK Industrial Co Ltd  1.71                      Machinery 2025-11-20 1.94  2025-11-21 2.36 21.65 
 INV                          Innventure Inc  2.18             Financial Services 2025-11-20 3.49  2025-11-21 4.23 21.20 
CLPS                                CLPS Inc  0.25                     Technology 2025-11-20 0.85  2025-11-21 1.01 19.53 
MIMI                  Mint Incorporation Ltd  0.09 Commercial Services & Supplies 2025-11-20 0.37  2025-11-21 0.44 19.35 
JELD                    JELD-WEN Holding Inc  1.60                       Building 2025-11-20 1.87  2025-11-21 2.23 19.25 
SUGP                   SU Group Holdings Ltd  0.07 Commercial Services & Supplies 2025-11-20 5.18  2025-11-21 6.14 18.53 
CGTL Creative Global Technology Holdings Ltd  0.19           Electrical Equipment 2025-11-20 0.63  2025-11-21 0.75 18.48 
PACB   Pacific Biosciences of California Inc  5.68 Life Sciences Tools & Services 2025-11-20 1.88  2025-11-21 2.22 18.09 
ISPR                   Ispire Technology Inc  1.07                        Tobacco 2025-11-20 1.86  2025-11-21 2.18 17.20 
AZTA                              Azenta Inc 13.75 Life Sciences Tools & Services 2025-11-20 30.0 2025-11-21 34.89 16.30 
HCAT                     Health Catalyst Inc  1.44                    Health Care 2025-11-20 2.03  2025-11-21 2.36 16.26 
VEEA                                Veea Inc  0.21                     Technology 2025-11-20 0.41  2025-11-21 0.47 15.55 
CTXR              Citius Pharmaceuticals Inc  0.18                Pharmaceuticals 2025-11-20 0.99  2025-11-21 1.14 15.15 
FEMY                             Femasys Inc  0.47                    Health Care  2025-11-20 0.8  2025-11-21 0.92 15.00 
 JYD              Jayud Global Logistics Ltd  0.09     Logistics & Transportation 2025-11-20 3.31   2025-11-21 3.8 14.80 
BTBD                           Bt Brands Inc  0.07  Hotels, Restaurants & Leisure 2025-11-20 1.25  2025-11-21 1.43 14.40 

=== 市值超过20亿的涨幅榜前20名股票 ===
股票代码              公司名称             市值(亿)                 板块                       昨天收盘              今天收盘       涨跌幅(%)
ADPT Adaptive Biotechnologies Corp  24.91   Life Sciences Tools & Services  2025-11-20 16.32  2025-11-21 18.61 14.03 
CAVA                CAVA Group Inc  50.56    Hotels, Restaurants & Leisure  2025-11-20 43.59  2025-11-21 48.92 12.23 
 VFC                       VF Corp  57.77 Textiles, Apparel & Luxury Goods  2025-11-20 14.63  2025-11-21 16.21 10.80 
 HRI             Herc Holdings Inc  39.92 Trading Companies & Distributors  2025-11-20 120.0 2025-11-21 132.12 10.10 
LITE         Lumentum Holdings Inc 165.37                   Communications 2025-11-20 233.24 2025-11-21 255.59  9.58 
OPEN     Opendoor Technologies Inc  58.73                      Real Estate   2025-11-20 6.16   2025-11-21 6.75  9.58 
GRAL                     Grail Inc  33.39                    Biotechnology  2025-11-20 85.65  2025-11-21 93.55  9.22 
DOCS                  Doximity Inc  87.40                      Health Care  2025-11-20 46.42  2025-11-21 50.42  8.62 
COMP                   Compass Inc  52.43                      Real Estate   2025-11-20 9.18   2025-11-21 9.97  8.61 
VSCO        Victoria's Secret & Co  30.01                           Retail  2025-11-20 33.79   2025-11-21 36.7  8.61 
SAIA                      Saia Inc  66.73                      Road & Rail 2025-11-20 250.48 2025-11-21 271.46  8.38 
RXRX Recursion Pharmaceuticals Inc  20.07                    Biotechnology   2025-11-20 3.85   2025-11-21 4.17  8.31 
  BC                Brunswick Corp  38.59                 Leisure Products  2025-11-20 59.34  2025-11-21 64.22  8.22 
SYNA                 Synaptics Inc  22.82                   Semiconductors  2025-11-20 58.52  2025-11-21 63.17  7.95 
INSP   Inspire Medical Systems Inc  24.20                      Health Care  2025-11-20 83.27  2025-11-21 89.87  7.93 
 RKT          Rocket Companies Inc 455.33               Financial Services  2025-11-20 16.17  2025-11-21 17.44  7.85 
BROS                Dutch Bros Inc  83.69    Hotels, Restaurants & Leisure  2025-11-20 50.87  2025-11-21 54.84  7.80 
VCYT                  Veracyte Inc  32.29                    Biotechnology  2025-11-20 40.85  2025-11-21 44.01  7.74 
NMRK             Newmark Group Inc  27.64                      Real Estate  2025-11-20 15.32  2025-11-21 16.48  7.57 
ONDS            Ondas Holdings Inc  23.10                   Communications   2025-11-20 6.27   2025-11-21 6.74  7.42 

=== 市值超过50亿的涨幅榜前20名股票 ===
股票代码            公司名称           市值(亿)                 板块                       昨天收盘              今天收盘       涨跌幅(%)
CAVA            CAVA Group Inc  50.56    Hotels, Restaurants & Leisure  2025-11-20 43.59  2025-11-21 48.92 12.23 
 VFC                   VF Corp  57.77 Textiles, Apparel & Luxury Goods  2025-11-20 14.63  2025-11-21 16.21 10.80 
LITE     Lumentum Holdings Inc 165.37                   Communications 2025-11-20 233.24 2025-11-21 255.59  9.58 
OPEN Opendoor Technologies Inc  58.73                      Real Estate   2025-11-20 6.16   2025-11-21 6.75  9.58 
DOCS              Doximity Inc  87.40                      Health Care  2025-11-20 46.42  2025-11-21 50.42  8.62 
COMP               Compass Inc  52.43                      Real Estate   2025-11-20 9.18   2025-11-21 9.97  8.61 
SAIA                  Saia Inc  66.73                      Road & Rail 2025-11-20 250.48 2025-11-21 271.46  8.38 
 RKT      Rocket Companies Inc 455.33               Financial Services  2025-11-20 16.17  2025-11-21 17.44  7.85 
BROS            Dutch Bros Inc  83.69    Hotels, Restaurants & Leisure  2025-11-20 50.87  2025-11-21 54.84  7.80 
ALGN      Align Technology Inc  95.29                      Health Care 2025-11-20 132.81 2025-11-21 142.56  7.34 
 TEM             Tempus AI Inc 116.87   Life Sciences Tools & Services  2025-11-20 65.69  2025-11-21 70.29  7.00 
 DHI             DR Horton Inc 409.38                Consumer products 2025-11-20 137.32 2025-11-21 146.71  6.84 
CRCL Circle Internet Group Inc 157.60                       Technology  2025-11-20 66.93  2025-11-21 71.33  6.57 
  ZG          Zillow Group Inc 179.08                      Real Estate  2025-11-20 65.71  2025-11-21 69.98  6.50 
   Z          Zillow Group Inc 179.08                      Real Estate  2025-11-20 67.01  2025-11-21 71.17  6.21 
AMKR      Amkor Technology Inc  74.63                   Semiconductors  2025-11-20 30.19  2025-11-21 32.05  6.16 
   H         Hyatt Hotels Corp 141.90    Hotels, Restaurants & Leisure 2025-11-20 149.43 2025-11-21 158.48  6.06 
  OC             Owens Corning  80.78                         Building  2025-11-20 98.28 2025-11-21 104.21  6.03 
AGCO                 AGCO Corp  74.73                        Machinery 2025-11-20 100.14  2025-11-21 106.0  5.85 
 MGM MGM Resorts International  84.13    Hotels, Restaurants & Leisure  2025-11-20 30.76  2025-11-21 32.55  5.82 

=== 市值超过100亿的涨幅榜前20名股票 ===
股票代码               公司名称              市值(亿)                板块                      昨天收盘              今天收盘       涨跌幅(%)
LITE           Lumentum Holdings Inc 165.37                 Communications 2025-11-20 233.24 2025-11-21 255.59  9.58 
 RKT            Rocket Companies Inc 455.33             Financial Services  2025-11-20 16.17  2025-11-21 17.44  7.85 
 TEM                   Tempus AI Inc 116.87 Life Sciences Tools & Services  2025-11-20 65.69  2025-11-21 70.29  7.00 
 DHI                   DR Horton Inc 409.38              Consumer products 2025-11-20 137.32 2025-11-21 146.71  6.84 
CRCL       Circle Internet Group Inc 157.60                     Technology  2025-11-20 66.93  2025-11-21 71.33  6.57 
  ZG                Zillow Group Inc 179.08                    Real Estate  2025-11-20 65.71  2025-11-21 69.98  6.50 
   Z                Zillow Group Inc 179.08                    Real Estate  2025-11-20 67.01  2025-11-21 71.17  6.21 
   H               Hyatt Hotels Corp 141.90  Hotels, Restaurants & Leisure 2025-11-20 149.43 2025-11-21 158.48  6.06 
PCAR                      Paccar Inc 512.60                      Machinery   2025-11-20 97.6 2025-11-21 102.99  5.52 
APTV                       Aptiv PLC 151.86                Auto Components  2025-11-20 70.28  2025-11-21 74.13  5.48 
EXPE               Expedia Group Inc 287.67  Hotels, Restaurants & Leisure 2025-11-20 234.77 2025-11-21 247.49  5.42 
  IR              Ingersoll Rand Inc 294.52                      Machinery  2025-11-20 74.54  2025-11-21 78.54  5.37 
 LYB    LyondellBasell Industries NV 136.96                      Chemicals  2025-11-20 42.55   2025-11-21 44.8  5.29 
  GH             Guardant Health Inc 129.76                    Health Care  2025-11-20 100.3 2025-11-21 105.42  5.10 
 CCL                   Carnival Corp 329.09  Hotels, Restaurants & Leisure  2025-11-20 25.32  2025-11-21 26.56  4.90 
 CNC                    Centene Corp 171.20                    Health Care  2025-11-20 34.83   2025-11-21 36.5  4.79 
JBHT J B Hunt Transport Services Inc 151.32                    Road & Rail 2025-11-20 158.92 2025-11-21 166.43  4.73 
 TGT                     Target Corp 380.24                         Retail  2025-11-20 83.68  2025-11-21 87.62  4.71 
 IEX                       IDEX Corp 122.00                      Machinery  2025-11-20 163.0 2025-11-21 170.65  4.69 
 DAL             Delta Air Lines Inc 365.46                       Airlines  2025-11-20 55.97  2025-11-21 58.57  4.65 

=== 市值超过200亿的涨幅榜前20名股票 ===
股票代码              公司名称              市值(亿)                板块                     昨天收盘              今天收盘       涨跌幅(%)
 RKT          Rocket Companies Inc  455.33            Financial Services  2025-11-20 16.17  2025-11-21 17.44  7.85 
 DHI                 DR Horton Inc  409.38             Consumer products 2025-11-20 137.32 2025-11-21 146.71  6.84 
PCAR                    Paccar Inc  512.60                     Machinery   2025-11-20 97.6 2025-11-21 102.99  5.52 
EXPE             Expedia Group Inc  287.67 Hotels, Restaurants & Leisure 2025-11-20 234.77 2025-11-21 247.49  5.42 
  IR            Ingersoll Rand Inc  294.52                     Machinery  2025-11-20 74.54  2025-11-21 78.54  5.37 
 CCL                 Carnival Corp  329.09 Hotels, Restaurants & Leisure  2025-11-20 25.32  2025-11-21 26.56  4.90 
 TGT                   Target Corp  380.24                        Retail  2025-11-20 83.68  2025-11-21 87.62  4.71 
 DAL           Delta Air Lines Inc  365.46                      Airlines  2025-11-20 55.97  2025-11-21 58.57  4.65 
 RCL   Royal Caribbean Cruises Ltd  689.20 Hotels, Restaurants & Leisure 2025-11-20 252.72 2025-11-21 264.09  4.50 
PYPL           PayPal Holdings Inc  543.66            Financial Services   2025-11-20 58.1  2025-11-21 60.57  4.24 
 CMG    Chipotle Mexican Grill Inc  401.31 Hotels, Restaurants & Leisure  2025-11-20 30.35  2025-11-21 31.63  4.22 
 UPS     United Parcel Service Inc  770.93    Logistics & Transportation  2025-11-20 90.87  2025-11-21 94.66  4.17 
CARR           Carrier Global Corp  424.14                      Building  2025-11-20 50.36  2025-11-21 52.41  4.07 
 TXN         Texas Instruments Inc 1393.19                Semiconductors 2025-11-20 153.33  2025-11-21 159.4  3.96 
NTAP                    NetApp Inc  206.09                    Technology 2025-11-20 103.24  2025-11-21 107.3  3.93 
ULTA               Ulta Beauty Inc  222.60                        Retail 2025-11-20 496.44 2025-11-21 515.58  3.86 
 HLT Hilton Worldwide Holdings Inc  614.37 Hotels, Restaurants & Leisure 2025-11-20 264.32 2025-11-21 274.48  3.84 
MCHP      Microchip Technology Inc  264.93                Semiconductors  2025-11-20 49.02   2025-11-21 50.9  3.84 
  EL    Estee Lauder Companies Inc  312.11             Consumer products  2025-11-20 86.61   2025-11-21 89.9  3.80 
 VIK           Viking Holdings Ltd  282.83 Hotels, Restaurants & Leisure   2025-11-20 61.5  2025-11-21 63.81  3.76 

=== 市值超过1000亿的涨跌榜前20名股票 ===
 股票代码                 公司名称                  市值(亿)                  板块                       昨天收盘              今天收盘        涨跌幅(%)
  TXN                Texas Instruments Inc  1393.19                   Semiconductors 2025-11-20 153.33   2025-11-21 159.4  3.96 
  KKR                         KKR & Co Inc  1019.80               Financial Services 2025-11-20 114.41  2025-11-21 118.67  3.72 
  ABT                  Abbott Laboratories  2155.68                      Health Care 2025-11-20 123.97  2025-11-21 128.11  3.34 
 GOOG                         Alphabet Inc 34937.55                            Media 2025-11-20 289.98  2025-11-21 299.65  3.33 
  ADI                   Analog Devices Inc  1107.88                   Semiconductors  2025-11-20 225.2  2025-11-21 232.32  3.16 
  HCA                   HCA Healthcare Inc  1086.84                      Health Care 2025-11-20 476.28   2025-11-21 491.0  3.09 
   BX                       Blackstone Inc  1688.48               Financial Services 2025-11-20 138.42  2025-11-21 142.67  3.07 
  COF           Capital One Financial Corp  1285.58               Financial Services 2025-11-20 202.22  2025-11-21 207.87  2.79 
  UNH               UnitedHealth Group Inc  2822.05                      Health Care 2025-11-20 311.54  2025-11-21 319.97  2.71 
 INTC                           Intel Corp  1603.67                   Semiconductors  2025-11-20 33.62    2025-11-21 34.5  2.62 
   PH                 Parker-Hannifin Corp  1033.97                        Machinery  2025-11-20 819.4  2025-11-21 839.57  2.46 
  IBM International Business Machines Corp  2714.47                       Technology  2025-11-20 290.4  2025-11-21 297.44  2.42 
   MA                       Mastercard Inc  4740.34               Financial Services 2025-11-20 527.88   2025-11-21 540.4  2.37 
   BN                      Brookfield Corp  1081.59               Financial Services   2025-11-20 43.7   2025-11-21 44.72  2.33 
 QCOM                         Qualcomm Inc  1709.21                   Semiconductors 2025-11-20 159.59   2025-11-21 163.3  2.32 
LVMHF  LVMH Moet Hennessy Louis Vuitton SE  3030.26 Textiles, Apparel & Luxury Goods 2025-11-20 701.83   2025-11-21 718.0  2.30 
   DE                           Deere & Co  1287.66                        Machinery 2025-11-20 476.33  2025-11-21 487.24  2.29 
  TJX                    TJX Companies Inc  1647.93                           Retail 2025-11-20 148.07  2025-11-21 151.43  2.27 
  UNP                   Union Pacific Corp  1312.13                      Road & Rail 2025-11-20 221.21  2025-11-21 226.22  2.26 
  BLK                        BlackRock Inc  1619.19               Financial Services 2025-11-20 992.52 2025-11-21 1014.72  2.24 
