
=== 涨幅榜前20名股票 ===
股票代码               公司名称               市值(亿)          板块                昨天收盘             今天收盘       涨跌幅(%)
QURE                       Uniqure NV  7.49        Biotechnology 2025-09-23 13.66  2025-09-24 47.5 247.73
SHFS                 SHF Holdings Inc  0.10   Financial Services  2025-09-23 3.26  2025-09-24 7.27 123.01
CLPT             Clearpoint Neuro Inc  3.46          Health Care 2025-09-23 12.16 2025-09-24 19.28  58.55
PEPG                       PepGen Inc  0.64        Biotechnology  2025-09-23 1.95  2025-09-24 2.66  36.41
AIRE                reAlpha Tech Corp  0.63           Technology   2025-09-23 0.7  2025-09-24 0.95  36.01
 LUD        Luda Technology Group Ltd  4.31      Metals & Mining 2025-09-23 11.41 2025-09-24 14.72  29.01
CDLX                   Cardlytics Inc  1.11                Media  2025-09-23 2.09  2025-09-24 2.64  26.32
ABVE       Above Food Ingredients Inc  0.76        Food Products  2025-09-23 1.49  2025-09-24 1.88  26.17
SDST               Stardust Power Inc  0.23 Electrical Equipment  2025-09-23 2.75  2025-09-24 3.42  24.36
MTEN  Mingteng International Corp Inc  0.59      Auto Components  2025-09-23 8.65 2025-09-24 10.67  23.35
LINK        Interlink Electronics Inc  1.11 Electrical Equipment 2025-09-23 11.28 2025-09-24 13.91  23.32
ALXO        ALX Oncology Holdings Inc  0.67        Biotechnology  2025-09-23 1.26  2025-09-24 1.55  23.02
 IAS Integral Ad Science Holding Corp 14.06                Media  2025-09-23 8.46 2025-09-24 10.19  20.45
ZONE          CleanCore Solutions Inc  0.55            Machinery  2025-09-23 1.98  2025-09-24 2.38  20.20
  TE                    T1 Energy Inc  3.10 Electrical Equipment  2025-09-23 1.84   2025-09-24 2.2  19.57
REFR           Research Frontiers Inc  0.48 Electrical Equipment  2025-09-23 1.42  2025-09-24 1.69  19.01
SMTK                     SmartKem Inc  0.07       Semiconductors  2025-09-23 1.61  2025-09-24 1.91  18.63
AKAN                      Akanda Corp  0.03      Pharmaceuticals  2025-09-23 3.63   2025-09-24 4.3  18.60
BLNE             Beeline Holdings Inc  0.71            Beverages  2025-09-23 3.64  2025-09-24 4.31  18.41
PSQH                 PSQ Holdings Inc  1.11                Media  2025-09-23 2.41  2025-09-24 2.83  17.43

=== 市值超过20亿的涨幅榜前20名股票 ===
股票代码             公司名称              市值(亿)                 板块                     昨天收盘              今天收盘       涨跌幅(%)
OPEN    Opendoor Technologies Inc    52.18                   Real Estate   2025-09-23 7.09   2025-09-24 8.23 16.08 
SLNO      Soleno Therapeutics Inc    30.21                 Biotechnology  2025-09-23 56.85   2025-09-24 64.5 13.46 
 BTU          Peabody Energy Corp    29.00                        Energy  2025-09-23 23.85  2025-09-24 25.81  8.22 
 CNR   Core Natural Resources Inc    39.77                        Energy  2025-09-23 77.27  2025-09-24 82.95  7.35 
MRVL       Marvell Technology Inc   643.30                Semiconductors  2025-09-23 74.62  2025-09-24 80.09  7.33 
SMMT      Summit Therapeutics Inc   142.26                 Biotechnology  2025-09-23 19.15   2025-09-24 20.5  7.05 
VKTX      Viking Therapeutics Inc    28.08                 Biotechnology  2025-09-23 24.97  2025-09-24 26.63  6.65 
INTC                   Intel Corp  1370.25                Semiconductors  2025-09-23 29.34  2025-09-24 31.22  6.41 
 CNC                 Centene Corp   160.85                   Health Care  2025-09-23 32.75  2025-09-24 34.65  5.80 
 MOS                    Mosaic Co   107.81                     Chemicals  2025-09-23 33.97  2025-09-24 35.93  5.77 
BTDR   Bitdeer Technologies Group    35.08                    Technology  2025-09-23 16.57  2025-09-24 17.52  5.73 
RIOT           Riot Platforms Inc    63.09                    Technology  2025-09-23 17.07  2025-09-24 17.99  5.39 
  CF   CF Industries Holdings Inc   141.14                     Chemicals  2025-09-23 87.14  2025-09-24 91.65  5.18 
SEDG   Solaredge Technologies Inc    21.33                Semiconductors  2025-09-23 35.93  2025-09-24 37.47  4.29 
 EQT                     EQT Corp   317.96                        Energy  2025-09-23 50.95  2025-09-24 53.08  4.18 
 AIR                     AAR Corp    28.18           Aerospace & Defense  2025-09-23 78.35  2025-09-24 81.62  4.17 
TSLA                    Tesla Inc 13735.57                   Automobiles 2025-09-23 425.85 2025-09-24 442.79  3.98 
   G                  Genpact Ltd    71.56         Professional Services  2025-09-23 41.06  2025-09-24 42.69  3.97 
PLNT           Planet Fitness Inc    83.72 Hotels, Restaurants & Leisure  2025-09-23 99.39 2025-09-24 103.24  3.87 
 EYE National Vision Holdings Inc    21.64                        Retail  2025-09-23 27.33  2025-09-24 28.38  3.84 

=== 市值超过50亿的涨幅榜前20名股票 ===
股票代码              公司名称              市值(亿)                  板块                       昨天收盘              今天收盘       涨跌幅(%)
OPEN     Opendoor Technologies Inc    52.18                      Real Estate   2025-09-23 7.09   2025-09-24 8.23 16.08 
MRVL        Marvell Technology Inc   643.30                   Semiconductors  2025-09-23 74.62  2025-09-24 80.09  7.33 
SMMT       Summit Therapeutics Inc   142.26                    Biotechnology  2025-09-23 19.15   2025-09-24 20.5  7.05 
INTC                    Intel Corp  1370.25                   Semiconductors  2025-09-23 29.34  2025-09-24 31.22  6.41 
 CNC                  Centene Corp   160.85                      Health Care  2025-09-23 32.75  2025-09-24 34.65  5.80 
 MOS                     Mosaic Co   107.81                        Chemicals  2025-09-23 33.97  2025-09-24 35.93  5.77 
RIOT            Riot Platforms Inc    63.09                       Technology  2025-09-23 17.07  2025-09-24 17.99  5.39 
  CF    CF Industries Holdings Inc   141.14                        Chemicals  2025-09-23 87.14  2025-09-24 91.65  5.18 
 EQT                      EQT Corp   317.96                           Energy  2025-09-23 50.95  2025-09-24 53.08  4.18 
TSLA                     Tesla Inc 13735.57                      Automobiles 2025-09-23 425.85 2025-09-24 442.79  3.98 
   G                   Genpact Ltd    71.56            Professional Services  2025-09-23 41.06  2025-09-24 42.69  3.97 
PLNT            Planet Fitness Inc    83.72    Hotels, Restaurants & Leisure  2025-09-23 99.39 2025-09-24 103.24  3.87 
 KBR                       KBR Inc    61.64            Professional Services  2025-09-23 47.84  2025-09-24 49.51  3.49 
LULU       Lululemon Athletica Inc   214.41 Textiles, Apparel & Luxury Goods 2025-09-23 173.33 2025-09-24 179.22  3.40 
LCID               Lucid Group Inc    68.33                      Automobiles  2025-09-23 22.24  2025-09-24 22.98  3.33 
 NXT                Nextracker Inc   104.40             Electrical Equipment  2025-09-23 70.56  2025-09-24 72.76  3.12 
 TAP      Molson Coors Beverage Co    87.47                        Beverages  2025-09-23 44.09  2025-09-24 45.31  2.77 
ACGL        Arch Capital Group Ltd   330.15                        Insurance  2025-09-23 88.46  2025-09-24 90.76  2.60 
ROST               Ross Stores Inc   473.79                           Retail 2025-09-23 145.68 2025-09-24 149.43  2.57 
 UHS Universal Health Services Inc   123.89                      Health Care 2025-09-23 194.72  2025-09-24 199.7  2.56 

=== 市值超过100亿的涨幅榜前20名股票 ===
股票代码              公司名称              市值(亿)                  板块                       昨天收盘              今天收盘       涨跌幅(%)
MRVL        Marvell Technology Inc   643.30                   Semiconductors  2025-09-23 74.62  2025-09-24 80.09  7.33 
SMMT       Summit Therapeutics Inc   142.26                    Biotechnology  2025-09-23 19.15   2025-09-24 20.5  7.05 
INTC                    Intel Corp  1370.25                   Semiconductors  2025-09-23 29.34  2025-09-24 31.22  6.41 
 CNC                  Centene Corp   160.85                      Health Care  2025-09-23 32.75  2025-09-24 34.65  5.80 
 MOS                     Mosaic Co   107.81                        Chemicals  2025-09-23 33.97  2025-09-24 35.93  5.77 
  CF    CF Industries Holdings Inc   141.14                        Chemicals  2025-09-23 87.14  2025-09-24 91.65  5.18 
 EQT                      EQT Corp   317.96                           Energy  2025-09-23 50.95  2025-09-24 53.08  4.18 
TSLA                     Tesla Inc 13735.57                      Automobiles 2025-09-23 425.85 2025-09-24 442.79  3.98 
LULU       Lululemon Athletica Inc   214.41 Textiles, Apparel & Luxury Goods 2025-09-23 173.33 2025-09-24 179.22  3.40 
 NXT                Nextracker Inc   104.40             Electrical Equipment  2025-09-23 70.56  2025-09-24 72.76  3.12 
ACGL        Arch Capital Group Ltd   330.15                        Insurance  2025-09-23 88.46  2025-09-24 90.76  2.60 
ROST               Ross Stores Inc   473.79                           Retail 2025-09-23 145.68 2025-09-24 149.43  2.57 
 UHS Universal Health Services Inc   123.89                      Health Care 2025-09-23 194.72  2025-09-24 199.7  2.56 
EBAY                      eBay Inc   416.14                           Retail  2025-09-23 91.06  2025-09-24 93.36  2.53 
QCOM                  Qualcomm Inc  1829.23                   Semiconductors 2025-09-23 169.53 2025-09-24 173.55  2.37 
 EXE            Expand Energy Corp   239.86                           Energy 2025-09-23 100.72  2025-09-24 103.1  2.36 
 COP                ConocoPhillips  1167.39                           Energy  2025-09-23 93.47  2025-09-24 95.63  2.31 
  GM             General Motors Co   557.73                      Automobiles  2025-09-23 58.58  2025-09-24 59.92  2.29 
 OVV                   Ovintiv Inc   107.54                           Energy  2025-09-23 41.84  2025-09-24 42.79  2.27 
  EG             Everest Group Ltd   141.74                        Insurance 2025-09-23 337.93 2025-09-24 345.54  2.25 

=== 市值超过200亿的涨幅榜前20名股票 ===
股票代码              公司名称              市值(亿)                  板块                       昨天收盘              今天收盘       涨跌幅(%)
MRVL        Marvell Technology Inc   643.30                   Semiconductors  2025-09-23 74.62  2025-09-24 80.09  7.33 
INTC                    Intel Corp  1370.25                   Semiconductors  2025-09-23 29.34  2025-09-24 31.22  6.41 
 EQT                      EQT Corp   317.96                           Energy  2025-09-23 50.95  2025-09-24 53.08  4.18 
TSLA                     Tesla Inc 13735.57                      Automobiles 2025-09-23 425.85 2025-09-24 442.79  3.98 
LULU       Lululemon Athletica Inc   214.41 Textiles, Apparel & Luxury Goods 2025-09-23 173.33 2025-09-24 179.22  3.40 
ACGL        Arch Capital Group Ltd   330.15                        Insurance  2025-09-23 88.46  2025-09-24 90.76  2.60 
ROST               Ross Stores Inc   473.79                           Retail 2025-09-23 145.68 2025-09-24 149.43  2.57 
EBAY                      eBay Inc   416.14                           Retail  2025-09-23 91.06  2025-09-24 93.36  2.53 
QCOM                  Qualcomm Inc  1829.23                   Semiconductors 2025-09-23 169.53 2025-09-24 173.55  2.37 
 EXE            Expand Energy Corp   239.86                           Energy 2025-09-23 100.72  2025-09-24 103.1  2.36 
 COP                ConocoPhillips  1167.39                           Energy  2025-09-23 93.47  2025-09-24 95.63  2.31 
  GM             General Motors Co   557.73                      Automobiles  2025-09-23 58.58  2025-09-24 59.92  2.29 
ULTA               Ulta Beauty Inc   235.22                           Retail  2025-09-23 524.6 2025-09-24 535.61  2.10 
 NEE            Nextera Energy Inc  1489.28                        Utilities  2025-09-23 72.32  2025-09-24 73.83  2.09 
 LEN                   Lennar Corp   317.14                Consumer products 2025-09-23 123.25 2025-09-24 125.69  1.98 
 COR                   Cencora Inc   586.29                      Health Care  2025-09-23 302.4 2025-09-24 308.36  1.97 
MCHP      Microchip Technology Inc   349.23                   Semiconductors  2025-09-23 64.71  2025-09-24 65.85  1.76 
 HCA            HCA Healthcare Inc   958.09                      Health Care 2025-09-23 409.45 2025-09-24 416.62  1.75 
REGN Regeneron Pharmaceuticals Inc   601.89                    Biotechnology 2025-09-23 567.89 2025-09-24 576.98  1.60 
 NOC         Northrop Grumman Corp   826.28              Aerospace & Defense 2025-09-23 577.08 2025-09-24 586.27  1.59 

=== 市值超过1000亿的涨跌榜前20名股票 ===
股票代码              公司名称              市值(亿)             板块                 昨天收盘              今天收盘       涨跌幅(%)
INTC                    Intel Corp  1370.25        Semiconductors  2025-09-23 29.34  2025-09-24 31.22  6.41 
TSLA                     Tesla Inc 13735.57           Automobiles 2025-09-23 425.85 2025-09-24 442.79  3.98 
QCOM                  Qualcomm Inc  1829.23        Semiconductors 2025-09-23 169.53 2025-09-24 173.55  2.37 
 COP                ConocoPhillips  1167.39                Energy  2025-09-23 93.47  2025-09-24 95.63  2.31 
 NEE            Nextera Energy Inc  1489.28             Utilities  2025-09-23 72.32  2025-09-24 73.83  2.09 
 TXN         Texas Instruments Inc  1654.99        Semiconductors 2025-09-23 182.04 2025-09-24 184.43  1.32 
 UNH        UnitedHealth Group Inc  3148.94           Health Care 2025-09-23 347.69 2025-09-24 351.81  1.18 
 CVX                  Chevron Corp  3223.01                Energy 2025-09-23 157.42 2025-09-24 159.18  1.12 
 DIS                Walt Disney Co  2018.18                 Media 2025-09-23 112.25 2025-09-24 113.43  1.05 
 UNP            Union Pacific Corp  1352.01           Road & Rail 2025-09-23 227.98 2025-09-24 230.36  1.04 
 ETN         Eaton Corporation PLC  1434.65  Electrical Equipment 2025-09-23 368.52 2025-09-24 372.21  1.00 
  CB                     Chubb Ltd  1099.99             Insurance  2025-09-23 275.9 2025-09-24 278.26  0.86 
 MDT                 Medtronic PLC  1218.04           Health Care  2025-09-23 94.96  2025-09-24 95.74  0.82 
 ADP Automatic Data Processing Inc  1171.45 Professional Services 2025-09-23 289.21  2025-09-24 291.5  0.79 
 ADI            Analog Devices Inc  1214.05        Semiconductors 2025-09-23 246.78 2025-09-24 248.61  0.74 
 CEG     Constellation Energy Corp  1051.71             Utilities 2025-09-23 336.65 2025-09-24 339.13  0.74 
 COF    Capital One Financial Corp  1426.25    Financial Services 2025-09-23 223.02 2025-09-24 224.34  0.59 
 CRM                Salesforce Inc  2328.21            Technology 2025-09-23 244.56 2025-09-24 245.89  0.54 
 XOM              Exxon Mobil Corp  4780.81                Energy 2025-09-23 113.95 2025-09-24 114.56  0.54 
 TJX             TJX Companies Inc  1555.00                Retail 2025-09-23 139.72 2025-09-24 140.44  0.52 
