
=== 涨幅榜前20名股票 ===

股票代码                  公司名称                 市值(亿)               板块                   昨天收盘          今天收盘     涨跌幅(%)
   SLXN                 Silexion Therapeutics Corp    0.02                    Biotechnology   2025-01-27 0.58   2025-01-28 1.35   132.76 
  IDEXQ                             Ideanomics Inc    0.00                        Machinery   2025-01-27 0.01   2025-01-28 0.01   108.33 
  EGIOQ                                  Edgio Inc    0.00                       Technology    2025-01-27 0.0    2025-01-28 0.0   100.00 
  VINOQ                  Gaucho Group Holdings Inc    0.00         Industrial Conglomerates    2025-01-27 0.3   2025-01-28 0.55    82.97 
  NCNCF                              noco-noco Inc    0.01             Electrical Equipment    2025-01-27 0.0    2025-01-28 0.0    80.00 
   YIBO             Planet Image International Ltd    1.66   Commercial Services & Supplies   2025-01-27 3.08   2025-01-28 5.14    66.88 
    HAO                Haoxi Health Technology Ltd    0.91                            Media   2025-01-27 2.51    2025-01-28 3.7    47.41 
   BACK                          IMAC Holdings Inc    0.02                      Health Care   2025-01-27 0.83   2025-01-28 1.22    47.17 
   RNAZ                 Transcode Therapeutics Inc    0.05                    Biotechnology   2025-01-27 6.83   2025-01-28 9.94    45.53 
   HEPA                 Hepion Pharmaceuticals Inc    0.02                  Pharmaceuticals   2025-01-27 0.17   2025-01-28 0.22    34.97 
   SPGC                     Sacks Parente Golf Inc    0.03                 Leisure Products   2025-01-27 0.29   2025-01-28 0.38    31.03 
   INHD                          Inno Holdings Inc    0.16                  Metals & Mining   2025-01-27 3.69    2025-01-28 4.7    27.37 
   PHIO                  Phio Pharmaceuticals Corp    0.10                    Biotechnology   2025-01-27 2.02   2025-01-28 2.55    26.24 
   MNPR                   Monopar Therapeutics Inc    2.05                    Biotechnology  2025-01-27 33.52  2025-01-28 41.82    24.76 
   NRXP                    NRX Pharmaceuticals Inc    0.34                  Pharmaceuticals   2025-01-27 2.85   2025-01-28 3.55    24.56 
   ENGC                              ENGlobal Corp    0.02                           Energy   2025-01-27 0.35   2025-01-28 0.43    22.83 
   CELZ   Creative Medical Technology Holdings Inc    0.05                    Biotechnology   2025-01-27 2.59   2025-01-28 3.15    21.62 
   AENT        Alliance Entertainment Holding Corp    2.60                     Distributors   2025-01-27 5.11    2025-01-28 6.2    21.33 
   SGRY                       Surgery Partners Inc   27.01                      Health Care  2025-01-27 21.25  2025-01-28 25.75    21.18 
   NVNI                             Nvni Group Ltd    1.45                       Technology   2025-01-27 4.33   2025-01-28 5.22    20.55 

=== 市值超过20亿的涨幅榜前20名股票 ===

股票代码           公司名称           市值(亿)                 板块                    昨天收盘           今天收盘      涨跌幅(%)
   SGRY          Surgery Partners Inc     27.01                       Health Care   2025-01-27 21.25   2025-01-28 25.75    21.18 
   NBIS               Nebius Group NV     61.41                             Media   2025-01-27 26.08   2025-01-28 30.09    15.38 
    BHF     Brighthouse Financial Inc     30.32                         Insurance   2025-01-27 51.09   2025-01-28 58.33    14.17 
     CR                      Crane Co     89.53                         Machinery  2025-01-27 156.44  2025-01-28 175.81    12.38 
   GTLB                    GitLab Inc    105.11                        Technology   2025-01-27 64.76   2025-01-28 72.75    12.34 
    RCL   Royal Caribbean Cruises Ltd    636.75     Hotels, Restaurants & Leisure  2025-01-27 236.82  2025-01-28 265.25    12.00 
   ESTC                    Elastic NV    108.73                        Technology  2025-01-27 104.92  2025-01-28 117.25    11.75 
  VVVNF                    Vivendi SE     24.65                             Media     2025-01-27 2.8     2025-01-28 3.1    10.71 
    NET                Cloudflare Inc    434.04                        Technology  2025-01-27 126.47  2025-01-28 139.98    10.68 
   PATH                    UiPath Inc     75.62                        Technology   2025-01-27 13.76   2025-01-28 15.19    10.39 
   FRSH                Freshworks Inc     54.48                        Technology   2025-01-27 17.99   2025-01-28 19.75     9.78 
   TMDX         Transmedics Group Inc     20.50                       Health Care   2025-01-27 61.07   2025-01-28 67.03     9.75 
   OKLO                      Oklo Inc     37.98                         Utilities   2025-01-27 31.11   2025-01-28 34.12     9.68 
   ASAN                     Asana Inc     45.90                        Technology   2025-01-27 20.07   2025-01-28 21.98     9.52 
   SHOP                   Shopify Inc   1387.46                        Technology  2025-01-27 107.38  2025-01-28 117.45     9.38 
    VST                   Vistra Corp    466.38                         Utilities  2025-01-27 137.08  2025-01-28 149.64     9.16 
   FTAI             FTAI Aviation Ltd     93.99  Trading Companies & Distributors   2025-01-27 91.65  2025-01-28 100.02     9.13 
    IVZ                   Invesco Ltd     79.78                Financial Services   2025-01-27 17.75   2025-01-28 19.34     8.96 
   NVDA                   NVIDIA Corp  29001.06                    Semiconductors  2025-01-27 118.42  2025-01-28 128.99     8.93 
    KGS       Kodiak Gas Services Inc     38.42                            Energy    2025-01-27 44.0   2025-01-28 47.76     8.55 

=== 市值超过50亿的涨幅榜前20名股票 ===

股票代码               公司名称              市值(亿)                 板块                    昨天收盘           今天收盘      涨跌幅(%)
  NBIS                       Nebius Group NV     61.41                             Media   2025-01-27 26.08   2025-01-28 30.09    15.38 
    CR                              Crane Co     89.53                         Machinery  2025-01-27 156.44  2025-01-28 175.81    12.38 
  GTLB                            GitLab Inc    105.11                        Technology   2025-01-27 64.76   2025-01-28 72.75    12.34 
   RCL           Royal Caribbean Cruises Ltd    636.75     Hotels, Restaurants & Leisure  2025-01-27 236.82  2025-01-28 265.25    12.00 
  ESTC                            Elastic NV    108.73                        Technology  2025-01-27 104.92  2025-01-28 117.25    11.75 
   NET                        Cloudflare Inc    434.04                        Technology  2025-01-27 126.47  2025-01-28 139.98    10.68 
  PATH                            UiPath Inc     75.62                        Technology   2025-01-27 13.76   2025-01-28 15.19    10.39 
  FRSH                        Freshworks Inc     54.48                        Technology   2025-01-27 17.99   2025-01-28 19.75     9.78 
  SHOP                           Shopify Inc   1387.46                        Technology  2025-01-27 107.38  2025-01-28 117.45     9.38 
   VST                           Vistra Corp    466.38                         Utilities  2025-01-27 137.08  2025-01-28 149.64     9.16 
  FTAI                     FTAI Aviation Ltd     93.99  Trading Companies & Distributors   2025-01-27 91.65  2025-01-28 100.02     9.13 
   IVZ                           Invesco Ltd     79.78                Financial Services   2025-01-27 17.75   2025-01-28 19.34     8.96 
  NVDA                           NVIDIA Corp  29001.06                    Semiconductors  2025-01-27 118.42  2025-01-28 128.99     8.93 
  NTNX                           Nutanix Inc    168.71                        Technology   2025-01-27 62.97   2025-01-28 68.33     8.51 
   CCL                         Carnival Corp    321.67     Hotels, Restaurants & Leisure   2025-01-27 25.68   2025-01-28 27.77     8.14 
    ZM         Zoom Video Communications Inc    251.33                        Technology    2025-01-27 82.0   2025-01-28 88.64     8.10 
  MRNA                           Moderna Inc    160.28                     Biotechnology   2025-01-27 41.65   2025-01-28 44.94     7.90 
  ALAB                       Astera Labs Inc    131.90                    Semiconductors   2025-01-27 83.16   2025-01-28 89.63     7.78 
  NCLH    Norwegian Cruise Line Holdings Ltd    116.08     Hotels, Restaurants & Leisure   2025-01-27 26.39   2025-01-28 28.44     7.77 
  CFLT                         Confluent Inc     94.89                        Technology   2025-01-27 28.93   2025-01-28 31.16     7.71 

=== 市值超过100亿的涨幅榜前20名股票 ===

股票代码               公司名称              市值(亿)               板块                   昨天收盘           今天收盘      涨跌幅(%)
  GTLB                            GitLab Inc    105.11                     Technology   2025-01-27 64.76   2025-01-28 72.75    12.34 
   RCL           Royal Caribbean Cruises Ltd    636.75  Hotels, Restaurants & Leisure  2025-01-27 236.82  2025-01-28 265.25    12.00 
  ESTC                            Elastic NV    108.73                     Technology  2025-01-27 104.92  2025-01-28 117.25    11.75 
   NET                        Cloudflare Inc    434.04                     Technology  2025-01-27 126.47  2025-01-28 139.98    10.68 
  SHOP                           Shopify Inc   1387.46                     Technology  2025-01-27 107.38  2025-01-28 117.45     9.38 
   VST                           Vistra Corp    466.38                      Utilities  2025-01-27 137.08  2025-01-28 149.64     9.16 
  NVDA                           NVIDIA Corp  29001.06                 Semiconductors  2025-01-27 118.42  2025-01-28 128.99     8.93 
  NTNX                           Nutanix Inc    168.71                     Technology   2025-01-27 62.97   2025-01-28 68.33     8.51 
   CCL                         Carnival Corp    321.67  Hotels, Restaurants & Leisure   2025-01-27 25.68   2025-01-28 27.77     8.14 
    ZM         Zoom Video Communications Inc    251.33                     Technology    2025-01-27 82.0   2025-01-28 88.64     8.10 
  MRNA                           Moderna Inc    160.28                  Biotechnology   2025-01-27 41.65   2025-01-28 44.94     7.90 
  ALAB                       Astera Labs Inc    131.90                 Semiconductors   2025-01-27 83.16   2025-01-28 89.63     7.78 
  NCLH    Norwegian Cruise Line Holdings Ltd    116.08  Hotels, Restaurants & Leisure   2025-01-27 26.39   2025-01-28 28.44     7.77 
  MNDY                        Monday.Com Ltd    122.64                     Technology  2025-01-27 245.97  2025-01-28 264.92     7.70 
  RDDT                            Reddit Inc    317.50                          Media  2025-01-27 180.83  2025-01-28 194.75     7.70 
   GEV                        Ge Vernova Inc    909.64           Electrical Equipment   2025-01-27 330.0  2025-01-28 355.12     7.61 
   MDB                           MongoDB Inc    197.03                     Technology  2025-01-27 264.58   2025-01-28 284.0     7.34 
  DUOL                          Duolingo Inc    143.75  Diversified Consumer Services  2025-01-27 326.82  2025-01-28 350.72     7.31 
    ZS                           Zscaler Inc    293.44                     Technology  2025-01-27 191.24  2025-01-28 204.68     7.03 
  DDOG                           Datadog Inc    482.95                     Technology  2025-01-27 142.16  2025-01-28 151.89     6.84 

=== 市值超过200亿的涨幅榜前20名股票 ===

股票代码            公司名称            市值(亿)               板块                    昨天收盘           今天收盘      涨跌幅(%)
    RCL     Royal Caribbean Cruises Ltd    636.75  Hotels, Restaurants & Leisure   2025-01-27 236.82  2025-01-28 265.25    12.00 
    NET                  Cloudflare Inc    434.04                     Technology   2025-01-27 126.47  2025-01-28 139.98    10.68 
   SHOP                     Shopify Inc   1387.46                     Technology   2025-01-27 107.38  2025-01-28 117.45     9.38 
    VST                     Vistra Corp    466.38                      Utilities   2025-01-27 137.08  2025-01-28 149.64     9.16 
   NVDA                     NVIDIA Corp  29001.06                 Semiconductors   2025-01-27 118.42  2025-01-28 128.99     8.93 
    CCL                   Carnival Corp    321.67  Hotels, Restaurants & Leisure    2025-01-27 25.68   2025-01-28 27.77     8.14 
     ZM   Zoom Video Communications Inc    251.33                     Technology     2025-01-27 82.0   2025-01-28 88.64     8.10 
   RDDT                      Reddit Inc    317.50                          Media   2025-01-27 180.83  2025-01-28 194.75     7.70 
    GEV                  Ge Vernova Inc    909.64           Electrical Equipment    2025-01-27 330.0  2025-01-28 355.12     7.61 
     ZS                     Zscaler Inc    293.44                     Technology   2025-01-27 191.24  2025-01-28 204.68     7.03 
   DDOG                     Datadog Inc    482.95                     Technology   2025-01-27 142.16  2025-01-28 151.89     6.84 
   PLTR       Palantir Technologies Inc   1718.54                     Technology    2025-01-27 75.44   2025-01-28 80.23     6.35 
   ANET             Arista Networks Inc   1263.54                 Communications    2025-01-27 100.3  2025-01-28 106.54     6.22 
   AXON             Axon Enterprise Inc    461.10            Aerospace & Defense   2025-01-27 604.68  2025-01-28 637.53     5.43 
    APP                   Applovin Corp   1151.15                     Technology   2025-01-27 343.02  2025-01-28 360.75     5.17 
    IOT                     Samsara Inc    276.84                     Technology    2025-01-27 49.33   2025-01-28 51.82     5.05 
   HUBS                     HubSpot Inc    391.53                     Technology   2025-01-27 758.43  2025-01-28 794.57     4.77 
   GDDY                     GoDaddy Inc    287.70                     Technology   2025-01-27 204.93  2025-01-28 214.35     4.60 
  ADYYF                        Adyen NV    473.41             Financial Services  2025-01-27 1539.95  2025-01-28 1610.0     4.55 
  BABAF       Alibaba Group Holding Ltd   2131.22                         Retail     2025-01-27 11.5    2025-01-28 12.0     4.35 

=== 市值超过1000亿的涨幅榜前20名股票 ===

股票代码          公司名称          市值(亿)                 板块                     昨天收盘           今天收盘      涨跌幅(%)
   SHOP                 Shopify Inc   1387.46                        Technology   2025-01-27 107.38  2025-01-28 117.45    9.38  
   NVDA                 NVIDIA Corp  29001.06                    Semiconductors   2025-01-27 118.42  2025-01-28 128.99    8.93  
   PLTR   Palantir Technologies Inc   1718.54                        Technology    2025-01-27 75.44   2025-01-28 80.23    6.35  
   ANET         Arista Networks Inc   1263.54                    Communications    2025-01-27 100.3  2025-01-28 106.54    6.22  
    APP               Applovin Corp   1151.15                        Technology   2025-01-27 343.02  2025-01-28 360.75    5.17  
  BABAF   Alibaba Group Holding Ltd   2131.22                            Retail     2025-01-27 11.5    2025-01-28 12.0    4.35  
    CRM              Salesforce Inc   3321.75                        Technology    2025-01-27 347.1  2025-01-28 359.95    3.70  
   AAPL                   Apple Inc  34566.06                        Technology   2025-01-27 229.86  2025-01-28 238.26    3.65  
    KKR                KKR & Co Inc   1431.83                Financial Services    2025-01-27 161.2  2025-01-28 167.05    3.63  
   ORCL                 Oracle Corp   4427.02                        Technology   2025-01-27 158.28   2025-01-28 164.0    3.61  
  CHDRF           Christian Dior SE   1247.54  Textiles, Apparel & Luxury Goods    2025-01-27 700.0   2025-01-28 724.0    3.43  
   SPOT       Spotify Technology SA   1008.01                             Media   2025-01-27 513.98   2025-01-28 530.8    3.27  
   MSFT              Microsoft Corp  32309.02                        Technology   2025-01-27 434.56   2025-01-28 447.2    2.91  
    RTX                    RTX Corp   1664.44               Aerospace & Defense   2025-01-27 125.05  2025-01-28 128.35    2.64  
   AVGO                Broadcom Inc   9474.55                    Semiconductors   2025-01-27 202.13  2025-01-28 207.36    2.59  
   META          Meta Platforms Inc  16658.59                             Media   2025-01-27 659.88  2025-01-28 674.33    2.19  
    BLK               BlackRock Inc   1595.16                Financial Services  2025-01-27 1029.94  2025-01-28 1051.2    2.06  
  GOOGL                Alphabet Inc  23587.93                             Media   2025-01-27 191.81   2025-01-28 195.3    1.82  
   GOOG                Alphabet Inc  23587.93                             Media   2025-01-27 193.77  2025-01-28 197.07    1.70  
     BX              Blackstone Inc   2213.76                Financial Services   2025-01-27 182.52  2025-01-28 185.59    1.68  
