
=== 涨幅榜前20名股票 ===
股票代码               公司名称               市值(亿)               板块                    昨天收盘             今天收盘       涨跌幅(%)
TDIC                    Dreamland Ltd  0.17                         Media  2026-05-12 2.36 2026-05-13 23.05 876.69
QUCY                  Mainz Biomed NV  0.04                 Biotechnology  2026-05-12 0.32  2026-05-13 1.34 314.86
AIIO                      Robo.ai Inc  0.42                   Automobiles  2026-05-12 1.28  2026-05-13 2.61 103.91
AEHL Antelope Enterprise Holdings Ltd  0.14                         Media  2026-05-12 2.11  2026-05-13 3.62  71.56
YMAT            J-Star Holding Co Ltd  0.05              Leisure Products  2026-05-12 0.51  2026-05-13 0.85  66.23
FCHL      Fitness Champs Holdings Ltd  0.02 Diversified Consumer Services  2026-05-12 1.33  2026-05-13 2.03  52.63
VELO                       Velo3D Inc  4.37                     Machinery 2026-05-12 14.06 2026-05-13 21.01  49.43
 MEI          Methode Electronics Inc  4.99          Electrical Equipment  2026-05-12 9.36 2026-05-13 13.87  48.18
VIVO                    VivoPower PLC  0.50                     Utilities  2026-05-12 3.13  2026-05-13 4.23  35.14
HYLN            Hyliion Holdings Corp  6.03          Electrical Equipment  2026-05-12 2.68  2026-05-13 3.59  33.96
FNGR                 FingerMotion Inc  0.63             Telecommunication  2026-05-12 0.81  2026-05-13 1.07  32.10
FEAM        5E Advanced Materials Inc  0.81               Metals & Mining  2026-05-12 1.51  2026-05-13 1.99  31.79
PMAX                   Powell Max Ltd  0.03            Financial Services   2026-05-12 2.6  2026-05-13 3.41  31.15
REPL              Replimune Group Inc  4.36                 Biotechnology  2026-05-12 4.09   2026-05-13 5.3  29.58
GUTS               Fractyl Health Inc  1.44                   Health Care  2026-05-12 0.73  2026-05-13 0.95  29.20
MOVE                      Corvex, Inc  0.35                    Technology 2026-05-12 15.09 2026-05-13 19.25  27.57
KULR        KULR Technology Group Inc  1.78          Electrical Equipment  2026-05-12 3.19  2026-05-13 4.05  26.96
 OCG     Oriental Culture Holding Ltd  0.05                         Media  2026-05-12 1.86  2026-05-13 2.36  26.88
HEPA       Hepion Pharmaceuticals Inc  0.02               Pharmaceuticals  2026-05-12 0.07  2026-05-13 0.09  26.62
OUST                       Ouster Inc 21.29          Electrical Equipment  2026-05-12 27.1 2026-05-13 34.17  26.09

=== 市值超过20亿的涨幅榜前20名股票 ===
 股票代码             公司名称            市值(亿)           板块                 昨天收盘              今天收盘       涨跌幅(%)
 OUST                  Ouster Inc  21.29 Electrical Equipment   2026-05-12 27.1  2026-05-13 34.17 26.09 
 TSEM     Tower Semiconductor Ltd 295.38       Semiconductors 2026-05-12 220.83 2026-05-13 270.77 22.61 
 AAOI Applied Optoelectronics Inc 175.96       Communications 2026-05-12 188.28  2026-05-13 223.1 18.49 
  AUR       Aurora Innovation Inc 154.74           Technology   2026-05-12 7.22    2026-05-13 8.4 16.34 
 NBIS             Nebius Group NV 539.44           Technology 2026-05-12 179.11 2026-05-13 207.27 15.72 
  VSH  Vishay Intertechnology Inc  46.03 Electrical Equipment  2026-05-12 33.63   2026-05-13 38.5 14.48 
 MBLY         Mobileye Global Inc  87.63      Auto Components   2026-05-12 9.23  2026-05-13 10.53 14.08 
    F               Ford Motor Co 544.51          Automobiles  2026-05-12 11.99  2026-05-13 13.57 13.18 
BAIDF                   Baidu Inc 493.07                Media  2026-05-12 16.48  2026-05-13 18.65 13.17 
AFRAF           Air France KLM SA  26.64             Airlines   2026-05-12 11.0  2026-05-13 12.34 12.18 
 ENPH          Enphase Energy Inc  54.29       Semiconductors  2026-05-12 37.48   2026-05-13 42.0 12.06 
 CORT    Corcept Therapeutics Inc  60.58      Pharmaceuticals  2026-05-12 51.16  2026-05-13 57.08 11.57 
 PLUG              Plug Power Inc  54.20 Electrical Equipment   2026-05-12 3.56   2026-05-13 3.96 11.24 
 LUNR      Intuitive Machines Inc  78.43  Aerospace & Defense  2026-05-12 32.09  2026-05-13 35.68 11.19 
   ON       ON Semiconductor Corp 452.22       Semiconductors 2026-05-12 104.11 2026-05-13 115.71 11.14 
ATROB              Astronics Corp  28.05  Aerospace & Defense   2026-05-12 72.2   2026-05-13 80.0 10.80 
 NVTS  Navitas Semiconductor Corp  50.28       Semiconductors  2026-05-12 19.25  2026-05-13 21.17  9.97 
 ETOR             eToro Group Ltd  33.12   Financial Services  2026-05-12 37.61  2026-05-13 41.29  9.78 
   FN                    Fabrinet 249.61 Electrical Equipment 2026-05-12 634.48 2026-05-13 696.07  9.71 
 FRMI                   Fermi Inc  34.94          Real Estate   2026-05-12 5.47    2026-05-13 6.0  9.69 

=== 市值超过50亿的涨幅榜前20名股票 ===
 股票代码             公司名称            市值(亿)           板块                 昨天收盘              今天收盘       涨跌幅(%)
 TSEM     Tower Semiconductor Ltd 295.38       Semiconductors 2026-05-12 220.83 2026-05-13 270.77 22.61 
 AAOI Applied Optoelectronics Inc 175.96       Communications 2026-05-12 188.28  2026-05-13 223.1 18.49 
  AUR       Aurora Innovation Inc 154.74           Technology   2026-05-12 7.22    2026-05-13 8.4 16.34 
 NBIS             Nebius Group NV 539.44           Technology 2026-05-12 179.11 2026-05-13 207.27 15.72 
 MBLY         Mobileye Global Inc  87.63      Auto Components   2026-05-12 9.23  2026-05-13 10.53 14.08 
    F               Ford Motor Co 544.51          Automobiles  2026-05-12 11.99  2026-05-13 13.57 13.18 
BAIDF                   Baidu Inc 493.07                Media  2026-05-12 16.48  2026-05-13 18.65 13.17 
 ENPH          Enphase Energy Inc  54.29       Semiconductors  2026-05-12 37.48   2026-05-13 42.0 12.06 
 CORT    Corcept Therapeutics Inc  60.58      Pharmaceuticals  2026-05-12 51.16  2026-05-13 57.08 11.57 
 PLUG              Plug Power Inc  54.20 Electrical Equipment   2026-05-12 3.56   2026-05-13 3.96 11.24 
 LUNR      Intuitive Machines Inc  78.43  Aerospace & Defense  2026-05-12 32.09  2026-05-13 35.68 11.19 
   ON       ON Semiconductor Corp 452.22       Semiconductors 2026-05-12 104.11 2026-05-13 115.71 11.14 
 NVTS  Navitas Semiconductor Corp  50.28       Semiconductors  2026-05-12 19.25  2026-05-13 21.17  9.97 
   FN                    Fabrinet 249.61 Electrical Equipment 2026-05-12 634.48 2026-05-13 696.07  9.71 
 ALAB            Astera Labs, Inc 378.19       Semiconductors 2026-05-12 204.42 2026-05-13 224.09  9.62 
 SYNA               Synaptics Inc  50.61       Semiconductors 2026-05-12 119.59 2026-05-13 131.06  9.59 
  NXT               Nextpower Inc 203.48 Electrical Equipment 2026-05-12 125.37 2026-05-13 136.37  8.77 
NIOIF                     NIO Inc 141.01          Automobiles   2026-05-12 5.96   2026-05-13 6.47  8.56 
SHBBF                  Syensqo NV  58.16            Chemicals  2026-05-12 65.51  2026-05-13 71.08  8.49 
 LUMN      Lumen Technologies Inc  96.49    Telecommunication   2026-05-12 8.67    2026-05-13 9.4  8.42 

=== 市值超过100亿的涨幅榜前20名股票 ===
 股票代码              公司名称              市值(亿)           板块                 昨天收盘              今天收盘       涨跌幅(%)
 TSEM       Tower Semiconductor Ltd  295.38       Semiconductors 2026-05-12 220.83 2026-05-13 270.77 22.61 
 AAOI   Applied Optoelectronics Inc  175.96       Communications 2026-05-12 188.28  2026-05-13 223.1 18.49 
  AUR         Aurora Innovation Inc  154.74           Technology   2026-05-12 7.22    2026-05-13 8.4 16.34 
 NBIS               Nebius Group NV  539.44           Technology 2026-05-12 179.11 2026-05-13 207.27 15.72 
    F                 Ford Motor Co  544.51          Automobiles  2026-05-12 11.99  2026-05-13 13.57 13.18 
BAIDF                     Baidu Inc  493.07                Media  2026-05-12 16.48  2026-05-13 18.65 13.17 
   ON         ON Semiconductor Corp  452.22       Semiconductors 2026-05-12 104.11 2026-05-13 115.71 11.14 
   FN                      Fabrinet  249.61 Electrical Equipment 2026-05-12 634.48 2026-05-13 696.07  9.71 
 ALAB              Astera Labs, Inc  378.19       Semiconductors 2026-05-12 204.42 2026-05-13 224.09  9.62 
  NXT                 Nextpower Inc  203.48 Electrical Equipment 2026-05-12 125.37 2026-05-13 136.37  8.77 
NIOIF                       NIO Inc  141.01          Automobiles   2026-05-12 5.96   2026-05-13 6.47  8.56 
 MRVL        Marvell Technology Inc 1547.79       Semiconductors  2026-05-12 164.5 2026-05-13 177.95  8.18 
STMEF         STMicroelectronics NV  425.19       Semiconductors  2026-05-12 57.56  2026-05-13 62.25  8.15 
 COHR                 Coherent Corp  803.06 Electrical Equipment 2026-05-12 374.01 2026-05-13 403.71  7.94 
 AKAM       Akamai Technologies Inc  229.40           Technology 2026-05-12 149.56 2026-05-13 161.14  7.74 
BABAF     Alibaba Group Holding Ltd 3266.75               Retail   2026-05-12 16.9  2026-05-13 18.09  7.04 
  HPE Hewlett Packard Enterprise Co  420.88           Technology  2026-05-12 30.21  2026-05-13 32.07  6.16 
  FPS  Forgent Power Solutions, Inc  137.88 Electrical Equipment  2026-05-12 43.01  2026-05-13 45.52  5.84 
 SMTC                  Semtech Corp  132.19       Semiconductors 2026-05-12 132.08 2026-05-13 139.74  5.80 
DUAVF          Dassault Aviation SA  220.13  Aerospace & Defense  2026-05-12 322.0 2026-05-13 340.43  5.73 

=== 市值超过200亿的涨幅榜前20名股票 ===
 股票代码                   公司名称                   市值(亿)                 板块                       昨天收盘              今天收盘       涨跌幅(%)
 TSEM                 Tower Semiconductor Ltd  295.38                   Semiconductors 2026-05-12 220.83 2026-05-13 270.77 22.61 
 NBIS                         Nebius Group NV  539.44                       Technology 2026-05-12 179.11 2026-05-13 207.27 15.72 
    F                           Ford Motor Co  544.51                      Automobiles  2026-05-12 11.99  2026-05-13 13.57 13.18 
BAIDF                               Baidu Inc  493.07                            Media  2026-05-12 16.48  2026-05-13 18.65 13.17 
   ON                   ON Semiconductor Corp  452.22                   Semiconductors 2026-05-12 104.11 2026-05-13 115.71 11.14 
   FN                                Fabrinet  249.61             Electrical Equipment 2026-05-12 634.48 2026-05-13 696.07  9.71 
 ALAB                        Astera Labs, Inc  378.19                   Semiconductors 2026-05-12 204.42 2026-05-13 224.09  9.62 
  NXT                           Nextpower Inc  203.48             Electrical Equipment 2026-05-12 125.37 2026-05-13 136.37  8.77 
 MRVL                  Marvell Technology Inc 1547.79                   Semiconductors  2026-05-12 164.5 2026-05-13 177.95  8.18 
STMEF                   STMicroelectronics NV  425.19                   Semiconductors  2026-05-12 57.56  2026-05-13 62.25  8.15 
 COHR                           Coherent Corp  803.06             Electrical Equipment 2026-05-12 374.01 2026-05-13 403.71  7.94 
 AKAM                 Akamai Technologies Inc  229.40                       Technology 2026-05-12 149.56 2026-05-13 161.14  7.74 
BABAF               Alibaba Group Holding Ltd 3266.75                           Retail   2026-05-12 16.9  2026-05-13 18.09  7.04 
  HPE           Hewlett Packard Enterprise Co  420.88                       Technology  2026-05-12 30.21  2026-05-13 32.07  6.16 
DUAVF                    Dassault Aviation SA  220.13              Aerospace & Defense  2026-05-12 322.0 2026-05-13 340.43  5.73 
 RKLB                         Rocket Lab Corp  728.48              Aerospace & Defense 2026-05-12 117.56 2026-05-13 124.15  5.61 
 MTSI MACOM Technology Solutions Holdings Inc  291.39                   Semiconductors 2026-05-12 362.76 2026-05-13 381.55  5.18 
SBGSF                   Schneider Electric SE 1494.24             Electrical Equipment 2026-05-12 309.74  2026-05-13 325.0  4.93 
 SUNB            Sunbelt Rentals Holdings Inc  313.80 Trading Companies & Distributors   2026-05-12 72.5  2026-05-13 76.07  4.92 
   MU                   Micron Technology Inc 9012.79                   Semiconductors 2026-05-12 766.58 2026-05-13 803.63  4.83 

=== 市值超过1000亿的涨跌榜前20名股票 ===
 股票代码            公司名称            市值(亿)            板块                 昨天收盘               今天收盘        涨跌幅(%)
 MRVL    Marvell Technology Inc  1547.79       Semiconductors   2026-05-12 164.5  2026-05-13 177.95  8.18 
BABAF Alibaba Group Holding Ltd  3266.75               Retail    2026-05-12 16.9   2026-05-13 18.09  7.04 
SBGSF     Schneider Electric SE  1494.24 Electrical Equipment  2026-05-12 309.74   2026-05-13 325.0  4.93 
   MU     Micron Technology Inc  9012.79       Semiconductors  2026-05-12 766.58  2026-05-13 803.63  4.83 
  CME             CME Group Inc  1062.76   Financial Services  2026-05-12 285.75  2026-05-13 297.13  3.98 
ASMLF           ASML Holding NV  4835.16       Semiconductors 2026-05-12 1516.05 2026-05-13 1576.33  3.98 
 GOOG              Alphabet Inc 48800.00                Media  2026-05-12 383.82  2026-05-13 399.04  3.97 
GOOGL              Alphabet Inc 48800.00                Media  2026-05-12 387.35  2026-05-13 402.62  3.94 
  TXN     Texas Instruments Inc  2810.78       Semiconductors  2026-05-12 295.17  2026-05-13 306.34  3.78 
  CVS           CVS Health Corp  1241.22          Health Care   2026-05-12 95.15   2026-05-13 98.11  3.11 
  ADI        Analog Devices Inc  2123.13       Semiconductors  2026-05-12 419.65  2026-05-13 432.39  3.04 
  JNJ         Johnson & Johnson  5526.61      Pharmaceuticals  2026-05-12 224.26  2026-05-13 230.42  2.75 
 TSLA                 Tesla Inc 16823.20          Automobiles  2026-05-12 433.45  2026-05-13 445.27  2.73 
  LLY          Eli Lilly and Co  9589.56      Pharmaceuticals  2026-05-12 989.87 2026-05-13 1015.75  2.61 
 CSCO         Cisco Systems Inc  3973.85       Communications   2026-05-12 99.29  2026-05-13 101.87  2.60 
  SYK              Stryker Corp  1154.11          Health Care  2026-05-12 294.45  2026-05-13 302.09  2.59 
   MO          Altria Group Inc  1188.63              Tobacco   2026-05-12 69.89   2026-05-13 71.54  2.36 
 NVDA               NVIDIA Corp 54988.47       Semiconductors  2026-05-12 220.78  2026-05-13 225.83  2.29 
 META        Meta Platforms Inc 15626.36                Media   2026-05-12 603.0  2026-05-13 616.63  2.26 
 LRCX         Lam Research Corp  3714.88       Semiconductors  2026-05-12 289.24  2026-05-13 295.44  2.14 
