
=== 涨幅榜前20名股票 ===
股票代码              公司名称              市值(亿)               板块                     昨天收盘             今天收盘       涨跌幅(%)
INHD              Inno Holdings Inc  0.10                Metals & Mining  2025-08-22 1.31  2025-08-25 4.75 262.60
OPAD         Offerpad Solutions Inc  0.47                    Real Estate  2025-08-22 1.54  2025-08-25 3.64 136.36
HTCR      HeartCore Enterprises Inc  0.17                     Technology  2025-08-22 0.73  2025-08-25 1.28  76.55
THAR                 Tharimmune Inc  0.22                  Biotechnology  2025-08-22 4.72  2025-08-25 7.71  63.35
 DSS                        DSS Inc  0.08 Commercial Services & Supplies  2025-08-22 0.84  2025-08-25 1.25  49.34
STSS          Sharps Technology Inc  0.08                    Health Care  2025-08-22 7.36 2025-08-25 10.35  40.72
FTHM            Fathom Holdings Inc  0.42                    Real Estate   2025-08-22 1.5   2025-08-25 2.1  40.00
GPRO                      GoPro Inc  1.95              Consumer products  2025-08-22 1.21  2025-08-25 1.65  36.36
AEHR              Aehr Test Systems  5.41                 Semiconductors  2025-08-22 18.1 2025-08-25 24.59  35.86
SUPX      Super X AI Technology Ltd  9.50  Diversified Consumer Services 2025-08-22 42.84  2025-08-25 58.2  35.85
LEXX        Lexaria Bioscience Corp  0.16                Pharmaceuticals  2025-08-22 0.79  2025-08-25 1.05  32.41
LASE           Laser Photonics Corp  0.72                      Machinery  2025-08-22 5.07  2025-08-25 6.51  28.40
HTCO High-Trend International Group  0.64                         Marine  2025-08-22 7.89 2025-08-25 10.13  28.31
 DUO       Fangdd Network Group Ltd  0.06                          Media  2025-08-22 1.45  2025-08-25 1.86  28.28
 RAY            Raytech Holding Ltd  1.08                   Distributors  2025-08-22 2.48  2025-08-25 3.13  26.21
IXHL        Incannex Healthcare Inc  0.55                Pharmaceuticals  2025-08-22 0.59  2025-08-25 0.74  25.94
ZONE        CleanCore Solutions Inc  0.38                      Machinery   2025-08-22 4.8   2025-08-25 6.0  25.00
FORA                     Forian Inc  0.55                    Health Care  2025-08-22 1.77  2025-08-25 2.21  24.86
TROO                     TROOPS Inc  1.02           Electrical Equipment  2025-08-22 0.94  2025-08-25 1.16  23.40
FLNT                     Fluent Inc  0.45                          Media  2025-08-22 1.84  2025-08-25 2.26  22.83

=== 市值超过20亿的涨幅榜前20名股票 ===
股票代码           公司名称          市值(亿)                板块                      昨天收盘              今天收盘       涨跌幅(%)
 PRM Perimeter Solutions Inc  28.53                      Chemicals  2025-08-22 19.48  2025-08-25 21.21  8.88 
IREN                IREN Ltd  51.64                     Technology  2025-08-22 21.43  2025-08-25 23.12  7.89 
  MP       MP Materials Corp 120.21                Metals & Mining  2025-08-22 67.88  2025-08-25 72.31  6.53 
RKLB      Rocket Lab USA Inc 214.10            Aerospace & Defense  2025-08-22 44.38  2025-08-25 47.22  6.40 
BROS          Dutch Bros Inc 107.79  Hotels, Restaurants & Leisure  2025-08-22 65.52  2025-08-25 69.64  6.29 
ASTS     AST SpaceMobile Inc 168.75              Telecommunication  2025-08-22 47.07  2025-08-25 50.01  6.25 
RBLX             Roblox Corp 814.70                          Media 2025-08-22 117.52 2025-08-25 124.81  6.20 
  FN                Fabrinet 105.17           Electrical Equipment 2025-08-22 294.35 2025-08-25 312.28  6.09 
 PBF          PBF Energy Inc  28.14                         Energy  2025-08-22 24.32  2025-08-25 25.76  5.92 
  NN             NextNav Inc  20.68                     Technology  2025-08-22 15.53  2025-08-25 16.42  5.66 
TSEM Tower Semiconductor Ltd  61.16                 Semiconductors  2025-08-22 54.73  2025-08-25 57.57  5.19 
  NG  NovaGold Resources Inc  24.78                Metals & Mining   2025-08-22 6.09    2025-08-25 6.4  5.09 
MGNI             Magnite Inc  34.40                          Media  2025-08-22 24.16  2025-08-25 25.33  4.84 
 IHS         IHS Holding Ltd  23.64              Telecommunication   2025-08-22 7.09   2025-08-25 7.43  4.80 
 PBI        Pitney Bowes Inc  20.34 Commercial Services & Supplies  2025-08-22 11.82  2025-08-25 12.38  4.74 
SOFI   SoFi Technologies Inc 296.58             Financial Services  2025-08-22 25.02  2025-08-25 26.15  4.52 
 TTC                 Toro Co  78.07                      Machinery  2025-08-22 79.11  2025-08-25 82.43  4.20 
 CVI          CVR Energy Inc  27.42                         Energy  2025-08-22 27.28  2025-08-25 28.42  4.18 
CIFR       Cipher Mining Inc  25.09                     Technology   2025-08-22 6.38   2025-08-25 6.64  4.08 
  PL         Planet Labs PBC  20.63          Professional Services    2025-08-22 6.8   2025-08-25 7.06  3.82 

=== 市值超过50亿的涨幅榜前20名股票 ===
股票代码               公司名称              市值(亿)                 板块                       昨天收盘              今天收盘       涨跌幅(%)
IREN                        IREN Ltd  51.64                       Technology  2025-08-22 21.43  2025-08-25 23.12  7.89 
  MP               MP Materials Corp 120.21                  Metals & Mining  2025-08-22 67.88  2025-08-25 72.31  6.53 
RKLB              Rocket Lab USA Inc 214.10              Aerospace & Defense  2025-08-22 44.38  2025-08-25 47.22  6.40 
BROS                  Dutch Bros Inc 107.79    Hotels, Restaurants & Leisure  2025-08-22 65.52  2025-08-25 69.64  6.29 
ASTS             AST SpaceMobile Inc 168.75                Telecommunication  2025-08-22 47.07  2025-08-25 50.01  6.25 
RBLX                     Roblox Corp 814.70                            Media 2025-08-22 117.52 2025-08-25 124.81  6.20 
  FN                        Fabrinet 105.17             Electrical Equipment 2025-08-22 294.35 2025-08-25 312.28  6.09 
TSEM         Tower Semiconductor Ltd  61.16                   Semiconductors  2025-08-22 54.73  2025-08-25 57.57  5.19 
SOFI           SoFi Technologies Inc 296.58               Financial Services  2025-08-22 25.02  2025-08-25 26.15  4.52 
 TTC                         Toro Co  78.07                        Machinery  2025-08-22 79.11  2025-08-25 82.43  4.20 
  VG              Venture Global Inc 312.23                           Energy  2025-08-22 12.86  2025-08-25 13.35  3.81 
IESC                IES Holdings Inc  67.73                     Construction 2025-08-22 341.11 2025-08-25 353.97  3.77 
DECK            Deckers Outdoor Corp 161.84 Textiles, Apparel & Luxury Goods  2025-08-22 109.1 2025-08-25 113.03  3.60 
LITE           Lumentum Holdings Inc  83.42                   Communications 2025-08-22 119.34 2025-08-25 123.42  3.42 
 APA                   APA Corp (US)  77.42                           Energy  2025-08-22 21.64  2025-08-25 22.36  3.33 
 DAR         Darling Ingredients Inc  55.08                    Food Products  2025-08-22 34.82  2025-08-25 35.94  3.22 
 STX Seagate Technology Holdings PLC 338.60                       Technology 2025-08-22 159.21  2025-08-25 164.0  3.01 
  PR          Permian Resources Corp 110.06                           Energy  2025-08-22 13.76  2025-08-25 14.15  2.83 
STRL     Sterling Infrastructure Inc  85.05                     Construction 2025-08-22 279.58 2025-08-25 286.49  2.47 
LCID                 Lucid Group Inc  62.37                      Automobiles   2025-08-22 2.03   2025-08-25 2.08  2.46 

=== 市值超过100亿的涨幅榜前20名股票 ===
股票代码               公司名称               市值(亿)                  板块                       昨天收盘              今天收盘       涨跌幅(%)
  MP               MP Materials Corp   120.21                  Metals & Mining  2025-08-22 67.88  2025-08-25 72.31  6.53 
RKLB              Rocket Lab USA Inc   214.10              Aerospace & Defense  2025-08-22 44.38  2025-08-25 47.22  6.40 
BROS                  Dutch Bros Inc   107.79    Hotels, Restaurants & Leisure  2025-08-22 65.52  2025-08-25 69.64  6.29 
ASTS             AST SpaceMobile Inc   168.75                Telecommunication  2025-08-22 47.07  2025-08-25 50.01  6.25 
RBLX                     Roblox Corp   814.70                            Media 2025-08-22 117.52 2025-08-25 124.81  6.20 
  FN                        Fabrinet   105.17             Electrical Equipment 2025-08-22 294.35 2025-08-25 312.28  6.09 
SOFI           SoFi Technologies Inc   296.58               Financial Services  2025-08-22 25.02  2025-08-25 26.15  4.52 
  VG              Venture Global Inc   312.23                           Energy  2025-08-22 12.86  2025-08-25 13.35  3.81 
DECK            Deckers Outdoor Corp   161.84 Textiles, Apparel & Luxury Goods  2025-08-22 109.1 2025-08-25 113.03  3.60 
 STX Seagate Technology Holdings PLC   338.60                       Technology 2025-08-22 159.21  2025-08-25 164.0  3.01 
  PR          Permian Resources Corp   110.06                           Energy  2025-08-22 13.76  2025-08-25 14.15  2.83 
YUMC          Yum China Holdings Inc   165.00    Hotels, Restaurants & Leisure   2025-08-22 45.9  2025-08-25 47.03  2.46 
 QXO                         QXO Inc   137.34 Trading Companies & Distributors  2025-08-22 20.39  2025-08-25 20.89  2.45 
 DPZ              Domino's Pizza Inc   153.12    Hotels, Restaurants & Leisure 2025-08-22 450.99 2025-08-25 460.66  2.14 
 LVS            Las Vegas Sands Corp   377.89    Hotels, Restaurants & Leisure  2025-08-22 55.05  2025-08-25 56.22  2.13 
  NU                 Nu Holdings Ltd   671.72                          Banking  2025-08-22 13.94  2025-08-25 14.23  2.08 
 ADM       Archer-Daniels-Midland Co   302.31                    Food Products  2025-08-22 62.92  2025-08-25 64.21  2.05 
 APP                   Applovin Corp  1493.98                       Technology 2025-08-22 441.68 2025-08-25 450.68  2.04 
FLEX                        Flex Ltd   194.87             Electrical Equipment  2025-08-22 51.92  2025-08-25 52.98  2.04 
TSLA                       Tesla Inc 10966.85                      Automobiles 2025-08-22 340.01  2025-08-25 346.6  1.94 

=== 市值超过200亿的涨幅榜前20名股票 ===
 股票代码               公司名称               市值(亿)                 板块                     昨天收盘              今天收盘       涨跌幅(%)
 RKLB              Rocket Lab USA Inc   214.10           Aerospace & Defense  2025-08-22 44.38  2025-08-25 47.22  6.40 
 RBLX                     Roblox Corp   814.70                         Media 2025-08-22 117.52 2025-08-25 124.81  6.20 
 SOFI           SoFi Technologies Inc   296.58            Financial Services  2025-08-22 25.02  2025-08-25 26.15  4.52 
   VG              Venture Global Inc   312.23                        Energy  2025-08-22 12.86  2025-08-25 13.35  3.81 
  STX Seagate Technology Holdings PLC   338.60                    Technology 2025-08-22 159.21  2025-08-25 164.0  3.01 
  LVS            Las Vegas Sands Corp   377.89 Hotels, Restaurants & Leisure  2025-08-22 55.05  2025-08-25 56.22  2.13 
   NU                 Nu Holdings Ltd   671.72                       Banking  2025-08-22 13.94  2025-08-25 14.23  2.08 
  ADM       Archer-Daniels-Midland Co   302.31                 Food Products  2025-08-22 62.92  2025-08-25 64.21  2.05 
  APP                   Applovin Corp  1493.98                    Technology 2025-08-22 441.68 2025-08-25 450.68  2.04 
 TSLA                       Tesla Inc 10966.85                   Automobiles 2025-08-22 340.01  2025-08-25 346.6  1.94 
   UI                    Ubiquiti Inc   308.64                Communications 2025-08-22 510.23 2025-08-25 519.89  1.89 
  DVN               Devon Energy Corp   223.20                        Energy  2025-08-22 35.16  2025-08-25 35.77  1.73 
  COP                  ConocoPhillips  1208.73                        Energy  2025-08-22 96.78  2025-08-25 98.18  1.45 
 FANG          Diamondback Energy Inc   414.78                        Energy 2025-08-22 143.28 2025-08-25 145.27  1.39 
  OXY       Occidental Petroleum Corp   451.17                        Energy  2025-08-22 45.83   2025-08-25 46.4  1.24 
  VLO              Valero Energy Corp   451.59                        Energy 2025-08-22 145.37 2025-08-25 147.11  1.20 
 CVNA                      Carvana Co   770.02                        Retail 2025-08-22 357.81 2025-08-25 362.12  1.20 
 LRCX               Lam Research Corp  1266.63                Semiconductors 2025-08-22 100.08 2025-08-25 101.28  1.20 
 GOOG                    Alphabet Inc 24973.26                         Media 2025-08-22 206.72 2025-08-25 209.16  1.18 
GOOGL                    Alphabet Inc 24973.26                         Media 2025-08-22 206.09 2025-08-25 208.49  1.16 

=== 市值超过1000亿的涨跌榜前20名股票 ===
 股票代码              公司名称              市值(亿)                  板块                       昨天收盘               今天收盘        涨跌幅(%)
  APP                 Applovin Corp  1493.98                       Technology  2025-08-22 441.68  2025-08-25 450.68  2.04 
 TSLA                     Tesla Inc 10966.85                      Automobiles  2025-08-22 340.01   2025-08-25 346.6  1.94 
  COP                ConocoPhillips  1208.73                           Energy   2025-08-22 96.78   2025-08-25 98.18  1.45 
 LRCX             Lam Research Corp  1266.63                   Semiconductors  2025-08-22 100.08  2025-08-25 101.28  1.20 
 GOOG                  Alphabet Inc 24973.26                            Media  2025-08-22 206.72  2025-08-25 209.16  1.18 
GOOGL                  Alphabet Inc 24973.26                            Media  2025-08-22 206.09  2025-08-25 208.49  1.16 
 NFLX                   Netflix Inc  5118.87                            Media 2025-08-22 1204.65 2025-08-25 1218.07  1.11 
 KLAC                      KLA Corp  1148.43                   Semiconductors  2025-08-22 870.28  2025-08-25 879.55  1.07 
 NVDA                   NVIDIA Corp 43429.56                   Semiconductors  2025-08-22 177.99  2025-08-25 179.81  1.02 
  NKE                      Nike Inc  1157.60 Textiles, Apparel & Luxury Goods   2025-08-22 78.38   2025-08-25 79.17  1.01 
  ADI            Analog Devices Inc  1240.71                   Semiconductors   2025-08-22 252.2  2025-08-25 254.49  0.91 
 IBKR Interactive Brokers Group Inc  1060.69               Financial Services    2025-08-22 62.4   2025-08-25 62.76  0.58 
  XOM              Exxon Mobil Corp  4539.93                           Energy  2025-08-22 111.28  2025-08-25 111.74  0.41 
  LMT          Lockheed Martin Corp  1041.72              Aerospace & Defense   2025-08-22 446.2  2025-08-25 447.72  0.34 
  APH                 Amphenol Corp  1335.20             Electrical Equipment  2025-08-22 109.36  2025-08-25 109.73  0.34 
 ADBE                     Adobe Inc  1535.99                       Technology  2025-08-22 362.09  2025-08-25 363.21  0.31 
 SPOT         Spotify Technology SA  1404.81                            Media  2025-08-22 692.99  2025-08-25 694.79  0.26 
 AVGO                  Broadcom Inc 13828.21                   Semiconductors   2025-08-22 294.0  2025-08-25 294.23  0.08 
   GE                  GE Aerospace  2826.39              Aerospace & Defense  2025-08-22 266.53  2025-08-25 266.61  0.03 
  RTX                      RTX Corp  2091.34              Aerospace & Defense  2025-08-22 156.24  2025-08-25 156.27  0.02 
