
=== 涨幅榜前20名股票 ===
股票代码               公司名称              市值(亿)               板块                     昨天收盘             今天收盘       涨跌幅(%)
CARM        Carisma Therapeutics Inc  0.00                  Biotechnology   2026-06-09 0.0  2026-06-10 0.02 931.25
CPOP        Pop Culture Group Co Ltd  0.29                          Media  2026-06-09 0.36  2026-06-10 1.52 322.22
 DSY     Big Tree Cloud Holdings Ltd  0.15              Consumer products  2026-06-09 1.84   2026-06-10 7.2 291.30
VSME           VS Media Holdings Ltd  0.02                          Media  2026-06-09 0.82  2026-06-10 2.05 149.09
SDOT                 Sadot Group Inc  0.10                  Food Products  2026-06-09 13.5 2026-06-10 28.11 108.22
 IZM                ICZOOM Group Inc  0.06           Electrical Equipment  2026-06-09 0.41  2026-06-10 0.78  90.24
HXHX             Haoxin Holdings Ltd  0.12                    Road & Rail  2026-06-09 0.51  2026-06-10 0.88  73.23
HKIT                Hitek Global Inc  0.04                     Technology  2026-06-09 0.27  2026-06-10 0.44  59.71
BATL              Battalion Oil Corp  0.43                         Energy  2026-06-09 1.31  2026-06-10 2.06  57.25
 GLE Global Engine Group Holding Ltd  0.12                     Technology  2026-06-09 0.44  2026-06-10 0.67  51.55
OCEA            Ocean Biomedical Inc  0.00                  Biotechnology   2026-06-09 0.0   2026-06-10 0.0  50.00
CNET ZW Data Action Technologies Inc  0.03                          Media  2026-06-09 0.75  2026-06-10 1.08  44.00
BIYA   Baiya International Group Inc  0.08          Professional Services  2026-06-09 0.89  2026-06-10 1.21  36.41
 MPU                 Mega Matrix Inc  0.29                          Media  2026-06-09 0.35  2026-06-10 0.48  36.40
HKPD    Cellyan Biotechnology Co Ltd  0.05     Logistics & Transportation  2026-06-09 0.33  2026-06-10 0.45  35.14
 STI         Solidion Technology Inc  2.14           Electrical Equipment 2026-06-09 20.47 2026-06-10 27.59  34.78
STAK                        STAK Inc  0.63                         Energy  2026-06-09 5.65  2026-06-10 7.58  34.16
 DSS                         DSS Inc  0.07 Commercial Services & Supplies   2026-06-09 0.5  2026-06-10 0.67  33.90
YYGH            YY Group Holding Ltd  0.02 Commercial Services & Supplies  2026-06-09 0.12  2026-06-10 0.17  32.00
PETZ                TDH Holdings Inc  0.14                  Food Products  2026-06-09 1.22  2026-06-10 1.61  31.97

=== 市值超过20亿的涨幅榜前20名股票 ===
股票代码              公司名称              市值(亿)                板块                     昨天收盘              今天收盘       涨跌幅(%)
FRMI                      Fermi Inc  44.57                   Real Estate   2026-06-09 5.62   2026-06-10 6.89 22.60 
CASY      Caseys General Stores Inc 338.40                        Retail 2026-06-09 761.18  2026-06-10 915.6 20.29 
PLBL             Polibeli Group Ltd  22.28                  Distributors   2026-06-09 5.22   2026-06-10 6.08 16.36 
CLOV Clover Health Investments Corp  25.75                   Health Care   2026-06-09 4.29   2026-06-10 4.89 13.99 
GMRS              GMR Solutions Inc  23.96                           N/A  2026-06-09 11.62  2026-06-10 13.18 13.43 
BULL                    Webull Corp  32.52            Financial Services    2026-06-09 5.5   2026-06-10 6.12 11.27 
MUSA                 Murphy USA Inc 111.39                        Retail 2026-06-09 556.33 2026-06-10 612.16 10.04 
MAAS                      Maase Inc  50.65                     Insurance  2026-06-09 10.97   2026-06-10 12.0  9.39 
UNFI       United Natural Foods Inc  32.18                        Retail  2026-06-09 46.33  2026-06-10 50.59  9.19 
AXTI                        AXT Inc  57.19                Semiconductors  2026-06-09 78.36  2026-06-10 85.29  8.84 
AAOI    Applied Optoelectronics Inc 140.53                Communications 2026-06-09 162.88 2026-06-10 175.13  7.52 
TGTX            TG Therapeutics Inc  72.00                 Biotechnology  2026-06-09 43.37  2026-06-10 46.62  7.49 
  NP Neptune Insurance Holdings Inc  36.59                     Insurance  2026-06-09 25.15  2026-06-10 26.95  7.16 
ALHC       Alignment Healthcare Inc  42.46                   Health Care   2026-06-09 19.2  2026-06-10 20.56  7.08 
CAVA                 CAVA Group Inc  93.88 Hotels, Restaurants & Leisure  2026-06-09 76.28  2026-06-10 81.56  6.92 
  VG             Venture Global Inc 299.12                        Energy  2026-06-09 12.47  2026-06-10 13.29  6.58 
 BKH               Black Hills Corp  54.42                     Utilities  2026-06-09 67.78  2026-06-10 71.94  6.14 
COCO          Vita Coco Company Inc  44.97                     Beverages  2026-06-09 74.22  2026-06-10 78.74  6.09 
 DVN              Devon Energy Corp 537.49                        Energy  2026-06-09 44.07   2026-06-10 46.6  5.74 
  SM                   SM Energy Co  79.74                        Energy  2026-06-09 31.08  2026-06-10 32.83  5.63 

=== 市值超过50亿的涨幅榜前20名股票 ===
 股票代码             公司名称            市值(亿)                板块                     昨天收盘              今天收盘       涨跌幅(%)
 CASY   Caseys General Stores Inc 338.40                        Retail 2026-06-09 761.18  2026-06-10 915.6 20.29 
 MUSA              Murphy USA Inc 111.39                        Retail 2026-06-09 556.33 2026-06-10 612.16 10.04 
 MAAS                   Maase Inc  50.65                     Insurance  2026-06-09 10.97   2026-06-10 12.0  9.39 
 AXTI                     AXT Inc  57.19                Semiconductors  2026-06-09 78.36  2026-06-10 85.29  8.84 
 AAOI Applied Optoelectronics Inc 140.53                Communications 2026-06-09 162.88 2026-06-10 175.13  7.52 
 TGTX         TG Therapeutics Inc  72.00                 Biotechnology  2026-06-09 43.37  2026-06-10 46.62  7.49 
 CAVA              CAVA Group Inc  93.88 Hotels, Restaurants & Leisure  2026-06-09 76.28  2026-06-10 81.56  6.92 
   VG          Venture Global Inc 299.12                        Energy  2026-06-09 12.47  2026-06-10 13.29  6.58 
  BKH            Black Hills Corp  54.42                     Utilities  2026-06-09 67.78  2026-06-10 71.94  6.14 
  DVN           Devon Energy Corp 537.49                        Energy  2026-06-09 44.07   2026-06-10 46.6  5.74 
   SM                SM Energy Co  79.74                        Energy  2026-06-09 31.08  2026-06-10 32.83  5.63 
LLYVB           Formula One Group 221.45                         Media  2026-06-09 91.14  2026-06-10 96.24  5.60 
  PBF              PBF Energy Inc  51.33                        Energy  2026-06-09 40.36  2026-06-10 42.57  5.48 
LLYVK           Formula One Group 221.45                         Media  2026-06-09 94.66  2026-06-10 99.53  5.14 
LLYVA           Formula One Group 220.13                         Media  2026-06-09 91.75  2026-06-10 96.15  4.80 
 CBRS        Cerebras Systems Inc 521.20                Semiconductors 2026-06-09 226.82 2026-06-10 237.33  4.63 
  RNR  Renaissancere Holdings Ltd 126.01                     Insurance 2026-06-09 282.74 2026-06-10 295.75  4.60 
DSMFF            DSM-Firmenich AG 171.47                     Chemicals  2026-06-09 78.92  2026-06-10 82.51  4.55 
 KNTK        Kinetik Holdings Inc  79.67                        Energy  2026-06-09 45.55  2026-06-10 47.62  4.54 
  RSI Rush Street Interactive Inc  67.15 Hotels, Restaurants & Leisure  2026-06-09 27.59  2026-06-10 28.82  4.46 

=== 市值超过100亿的涨幅榜前20名股票 ===
 股票代码               公司名称                市值(亿)                板块                     昨天收盘              今天收盘       涨跌幅(%)
 CASY        Caseys General Stores Inc  338.40                        Retail 2026-06-09 761.18  2026-06-10 915.6 20.29 
 MUSA                   Murphy USA Inc  111.39                        Retail 2026-06-09 556.33 2026-06-10 612.16 10.04 
 AAOI      Applied Optoelectronics Inc  140.53                Communications 2026-06-09 162.88 2026-06-10 175.13  7.52 
   VG               Venture Global Inc  299.12                        Energy  2026-06-09 12.47  2026-06-10 13.29  6.58 
  DVN                Devon Energy Corp  537.49                        Energy  2026-06-09 44.07   2026-06-10 46.6  5.74 
LLYVB                Formula One Group  221.45                         Media  2026-06-09 91.14  2026-06-10 96.24  5.60 
LLYVK                Formula One Group  221.45                         Media  2026-06-09 94.66  2026-06-10 99.53  5.14 
LLYVA                Formula One Group  220.13                         Media  2026-06-09 91.75  2026-06-10 96.15  4.80 
 CBRS             Cerebras Systems Inc  521.20                Semiconductors 2026-06-09 226.82 2026-06-10 237.33  4.63 
  RNR       Renaissancere Holdings Ltd  126.01                     Insurance 2026-06-09 282.74 2026-06-10 295.75  4.60 
DSMFF                 DSM-Firmenich AG  171.47                     Chemicals  2026-06-09 78.92  2026-06-10 82.51  4.55 
 DKNG                   Draftkings Inc  142.84 Hotels, Restaurants & Leisure  2026-06-09 27.59  2026-06-10 28.79  4.35 
  SJM                  J.M. Smucker Co  123.65                 Food Products 2026-06-09 112.39 2026-06-10 117.05  4.15 
 LITE            Lumentum Holdings Inc  664.30                Communications 2026-06-09 821.76 2026-06-10 853.26  3.83 
  APA                    APA Corp (US)  135.80                        Energy  2026-06-09 36.61   2026-06-10 38.0  3.80 
 TMUS                  T-Mobile US Inc 1996.66             Telecommunication 2026-06-09 179.46 2026-06-10 185.55  3.39 
   BJ BJ's Wholesale Club Holdings Inc  117.91                        Retail  2026-06-09 89.57  2026-06-10 92.49  3.26 
 COKE       Coca-Cola Consolidated Inc  128.00                     Beverages 2026-06-09 185.09 2026-06-10 191.08  3.24 
 TRGP             Targa Resources Corp  586.66                        Energy 2026-06-09 264.17 2026-06-10 272.54  3.17 
  OKE                        ONEOK Inc  570.62                        Energy  2026-06-09 87.79  2026-06-10 90.57  3.17 

=== 市值超过200亿的涨幅榜前20名股票 ===
 股票代码               公司名称               市值(亿)          板块                昨天收盘              今天收盘       涨跌幅(%)
 CASY       Caseys General Stores Inc  338.40             Retail 2026-06-09 761.18  2026-06-10 915.6 20.29 
   VG              Venture Global Inc  299.12             Energy  2026-06-09 12.47  2026-06-10 13.29  6.58 
  DVN               Devon Energy Corp  537.49             Energy  2026-06-09 44.07   2026-06-10 46.6  5.74 
LLYVB               Formula One Group  221.45              Media  2026-06-09 91.14  2026-06-10 96.24  5.60 
LLYVK               Formula One Group  221.45              Media  2026-06-09 94.66  2026-06-10 99.53  5.14 
LLYVA               Formula One Group  220.13              Media  2026-06-09 91.75  2026-06-10 96.15  4.80 
 CBRS            Cerebras Systems Inc  521.20     Semiconductors 2026-06-09 226.82 2026-06-10 237.33  4.63 
 LITE           Lumentum Holdings Inc  664.30     Communications 2026-06-09 821.76 2026-06-10 853.26  3.83 
 TMUS                 T-Mobile US Inc 1996.66  Telecommunication 2026-06-09 179.46 2026-06-10 185.55  3.39 
 TRGP            Targa Resources Corp  586.66             Energy 2026-06-09 264.17 2026-06-10 272.54  3.17 
  OKE                       ONEOK Inc  570.62             Energy  2026-06-09 87.79  2026-06-10 90.57  3.17 
 HOOD           Robinhood Markets Inc  778.37 Financial Services  2026-06-09 83.77  2026-06-10 86.36  3.09 
  CME                   CME Group Inc  955.90 Financial Services 2026-06-09 255.94  2026-06-10 263.8  3.07 
  LYV   Live Nation Entertainment Inc  392.63              Media 2026-06-09 162.66  2026-06-10 167.5  2.98 
  ALL                   Allstate Corp  576.38          Insurance 2026-06-09 217.18 2026-06-10 223.34  2.84 
   KO                    Coca-Cola Co 3596.44          Beverages  2026-06-09 81.34  2026-06-10 83.59  2.77 
  COP                  ConocoPhillips 1476.08             Energy 2026-06-09 116.79 2026-06-10 119.92  2.68 
  KHC                  Kraft Heinz Co  284.76      Food Products  2026-06-09 23.43  2026-06-10 24.05  2.65 
   VZ      Verizon Communications Inc 1996.33  Telecommunication  2026-06-09 45.78  2026-06-10 46.95  2.56 
   PM Philip Morris International Inc 2851.38            Tobacco 2026-06-09 178.49 2026-06-10 182.95  2.50 

=== 市值超过1000亿的涨跌榜前20名股票 ===
股票代码               公司名称               市值(亿)                板块                     昨天收盘              今天收盘       涨跌幅(%)
TMUS                 T-Mobile US Inc 1996.66             Telecommunication 2026-06-09 179.46 2026-06-10 185.55  3.39 
  KO                    Coca-Cola Co 3596.44                     Beverages  2026-06-09 81.34  2026-06-10 83.59  2.77 
 COP                  ConocoPhillips 1476.08                        Energy 2026-06-09 116.79 2026-06-10 119.92  2.68 
  VZ      Verizon Communications Inc 1996.33             Telecommunication  2026-06-09 45.78  2026-06-10 46.95  2.56 
  PM Philip Morris International Inc 2851.38                       Tobacco 2026-06-09 178.49 2026-06-10 182.95  2.50 
   T                        AT&T Inc 1610.61             Telecommunication  2026-06-09 22.71  2026-06-10 23.21  2.20 
  MO                Altria Group Inc 1217.68                       Tobacco  2026-06-09 71.56  2026-06-10 73.13  2.19 
 PGR                Progressive Corp 1192.86                     Insurance 2026-06-09 200.13  2026-06-10 204.2  2.03 
 TJX               TJX Companies Inc 1832.54                        Retail 2026-06-09 164.87 2026-06-10 167.66  1.69 
  CB                   Chubb Limited 1282.19                     Insurance 2026-06-09 325.13 2026-06-10 330.58  1.68 
 CVX                    Chevron Corp 3780.05                        Energy 2026-06-09 186.76  2026-06-10 189.8  1.63 
COST           Costco Wholesale Corp 4330.17                        Retail 2026-06-09 968.59 2026-06-10 983.37  1.53 
SPOT           Spotify Technology SA 1035.54                         Media 2026-06-09 496.22  2026-06-10 503.1  1.39 
SBUX                  Starbucks Corp 1125.57 Hotels, Restaurants & Leisure  2026-06-09 97.41  2026-06-10 98.76  1.39 
  SO                     Southern Co 1059.89                     Utilities  2026-06-09 92.95  2026-06-10 94.02  1.15 
 XOM                Exxon Mobil Corp 6020.95                        Energy 2026-06-09 148.91 2026-06-10 150.62  1.15 
 PEP                     PepsiCo Inc 1965.96                     Beverages 2026-06-09 142.78 2026-06-10 144.32  1.08 
 CVS                 CVS Health Corp 1250.66                   Health Care  2026-06-09 97.06  2026-06-10 98.02  0.99 
NFLX                     Netflix Inc 3473.28                         Media  2026-06-09 81.41   2026-06-10 82.0  0.72 
 JNJ               Johnson & Johnson 5740.97               Pharmaceuticals  2026-06-09 237.0 2026-06-10 238.49  0.63 
