
=== 涨幅榜前20名股票 ===
股票代码               公司名称              市值(亿)            板块                 昨天收盘              今天收盘       涨跌幅(%)
 SMX      SMX (Security Matters) PLC   0.61  Electrical Equipment  2025-12-04 141.0 2025-12-05 331.98 135.45
DBRG         DigitalBridge Group Inc  18.58    Financial Services   2025-12-04 9.72  2025-12-05 14.12  45.27
ALMS                      Alumis Inc   8.66       Pharmaceuticals    2025-12-04 8.3  2025-12-05 11.12  33.98
SOBR                   Sobr Safe Inc   0.02  Electrical Equipment   2025-12-04 1.52    2025-12-05 2.0  31.58
PRAX  Praxis Precision Medicines Inc  47.51         Biotechnology 2025-12-04 189.97 2025-12-05 247.99  30.54
RIME         Algorhythm Holdings Inc   0.04     Consumer products   2025-12-04 1.47    2025-12-05 1.9  29.25
FOXX   Foxx Development Holdings Inc   0.28            Technology   2025-12-04 3.97   2025-12-05 4.92  23.93
YGMZ  MingZhu Logistics Holdings Ltd   0.05           Road & Rail   2025-12-04 0.06   2025-12-05 0.08  23.28
RBRK                      Rubrik Inc 139.07            Technology  2025-12-04 70.43  2025-12-05 86.27  22.49
CDIO Cardio Diagnostics Holdings Inc   0.06         Biotechnology   2025-12-04 3.04   2025-12-05 3.65  20.07
GLTO                     Galecto Inc   0.30         Biotechnology  2025-12-04 22.89  2025-12-05 27.46  19.97
 ULY                   Urgent.ly Inc   0.04            Technology   2025-12-04 1.87   2025-12-05 2.23  19.25
NVNI                  Nvni Group Ltd   0.12            Technology   2025-12-04 3.43   2025-12-05 4.05  18.08
VSCO          Victoria's Secret & Co  33.80                Retail  2025-12-04 41.57  2025-12-05 49.05  17.99
OKUR         Onkure Therapeutics Inc   0.36         Biotechnology   2025-12-04 2.63   2025-12-05 3.06  16.35
CLIK          Click Holdings Limited   0.07 Professional Services    2025-12-04 5.7   2025-12-05 6.55  14.91
CYCU                    Cycurion Inc   0.12 Professional Services   2025-12-04 3.62   2025-12-05 4.15  14.64
PMAX                  Powell Max Ltd   0.08    Financial Services   2025-12-04 2.93   2025-12-05 3.31  12.97
ULTA                 Ulta Beauty Inc 239.41                Retail 2025-12-04 533.95  2025-12-05 601.5  12.65
ZUMZ                      Zumiez Inc   4.03                Retail  2025-12-04 27.26  2025-12-05 30.62  12.33

=== 市值超过20亿的涨幅榜前20名股票 ===
股票代码               公司名称              市值(亿)          板块                昨天收盘              今天收盘       涨跌幅(%)
PRAX  Praxis Precision Medicines Inc  47.51      Biotechnology 2025-12-04 189.97 2025-12-05 247.99 30.54 
RBRK                      Rubrik Inc 139.07         Technology  2025-12-04 70.43  2025-12-05 86.27 22.49 
VSCO          Victoria's Secret & Co  33.80             Retail  2025-12-04 41.57  2025-12-05 49.05 17.99 
ULTA                 Ulta Beauty Inc 239.41             Retail 2025-12-04 533.95  2025-12-05 601.5 12.65 
SNDK                    Sandisk Corp 312.61         Technology 2025-12-04 213.31 2025-12-05 228.47  7.11 
  DG             Dollar General Corp 275.77             Retail 2025-12-04 125.29 2025-12-05 132.37  5.65 
KRYS             Krystal Biotech Inc  64.36      Biotechnology 2025-12-04 221.96 2025-12-05 234.13  5.48 
PEGA                 Pegasystems Inc  96.74         Technology   2025-12-04 57.0  2025-12-05 60.11  5.46 
VERA           Vera Therapeutics Inc  27.24      Biotechnology  2025-12-04 42.61   2025-12-05 44.9  5.37 
 STX Seagate Technology Holdings PLC 567.27         Technology 2025-12-04 265.63 2025-12-05 278.79  4.95 
 ALK            Alaska Air Group Inc  54.89           Airlines  2025-12-04 47.32  2025-12-05 49.65  4.92 
VIAV             Viavi Solutions Inc  39.06     Communications   2025-12-04 17.5  2025-12-05 18.32  4.69 
DOCN       DigitalOcean Holdings Inc  42.32         Technology  2025-12-04 46.25   2025-12-05 48.3  4.43 
FROG                       Jfrog Ltd  73.50         Technology  2025-12-04 62.12  2025-12-05 64.77  4.27 
 FDS    Factset Research Systems Inc 104.37 Financial Services 2025-12-04 278.92 2025-12-05 290.63  4.20 
 IVZ                     Invesco Ltd 112.21 Financial Services  2025-12-04 25.21  2025-12-05 26.24  4.09 
 EYE    National Vision Holdings Inc  22.33             Retail  2025-12-04 28.15  2025-12-05 29.28  4.01 
APPN                     Appian Corp  29.08         Technology  2025-12-04 39.39  2025-12-05 40.96  3.99 
LSCC      Lattice Semiconductor Corp 103.73     Semiconductors  2025-12-04 75.83  2025-12-05 78.85  3.98 
PIPR         Piper Sandler Companies  59.91 Financial Services 2025-12-04 338.67 2025-12-05 351.24  3.71 

=== 市值超过50亿的涨幅榜前20名股票 ===
股票代码               公司名称              市值(亿)                 板块                       昨天收盘              今天收盘       涨跌幅(%)
RBRK                      Rubrik Inc 139.07                       Technology  2025-12-04 70.43  2025-12-05 86.27 22.49 
ULTA                 Ulta Beauty Inc 239.41                           Retail 2025-12-04 533.95  2025-12-05 601.5 12.65 
SNDK                    Sandisk Corp 312.61                       Technology 2025-12-04 213.31 2025-12-05 228.47  7.11 
  DG             Dollar General Corp 275.77                           Retail 2025-12-04 125.29 2025-12-05 132.37  5.65 
KRYS             Krystal Biotech Inc  64.36                    Biotechnology 2025-12-04 221.96 2025-12-05 234.13  5.48 
PEGA                 Pegasystems Inc  96.74                       Technology   2025-12-04 57.0  2025-12-05 60.11  5.46 
 STX Seagate Technology Holdings PLC 567.27                       Technology 2025-12-04 265.63 2025-12-05 278.79  4.95 
 ALK            Alaska Air Group Inc  54.89                         Airlines  2025-12-04 47.32  2025-12-05 49.65  4.92 
FROG                       Jfrog Ltd  73.50                       Technology  2025-12-04 62.12  2025-12-05 64.77  4.27 
 FDS    Factset Research Systems Inc 104.37               Financial Services 2025-12-04 278.92 2025-12-05 290.63  4.20 
 IVZ                     Invesco Ltd 112.21               Financial Services  2025-12-04 25.21  2025-12-05 26.24  4.09 
LSCC      Lattice Semiconductor Corp 103.73                   Semiconductors  2025-12-04 75.83  2025-12-05 78.85  3.98 
PIPR         Piper Sandler Companies  59.91               Financial Services 2025-12-04 338.67 2025-12-05 351.24  3.71 
GEHC  GE Healthcare Technologies Inc 375.90                      Health Care  2025-12-04 82.52  2025-12-05 85.46  3.56 
 VRT              Vertiv Holdings Co 683.93             Electrical Equipment 2025-12-04 182.54 2025-12-05 189.02  3.55 
LULU         Lululemon Athletica Inc 227.11 Textiles, Apparel & Luxury Goods  2025-12-04 183.6 2025-12-05 190.01  3.49 
 LIF                     Life360 Inc  59.21                       Technology  2025-12-04 75.52   2025-12-05 78.0  3.28 
  RL               Ralph Lauren Corp 216.54 Textiles, Apparel & Luxury Goods 2025-12-04 356.97 2025-12-05 368.42  3.21 
 STZ        Constellation Brands Inc 240.26                        Beverages 2025-12-04 138.03 2025-12-05 142.37  3.14 
CIEN                      Ciena Corp 276.09                   Communications 2025-12-04 195.73 2025-12-05 201.71  3.06 

=== 市值超过100亿的涨幅榜前20名股票 ===
股票代码               公司名称               市值(亿)                  板块                       昨天收盘              今天收盘       涨跌幅(%)
RBRK                      Rubrik Inc   139.07                       Technology  2025-12-04 70.43  2025-12-05 86.27 22.49 
ULTA                 Ulta Beauty Inc   239.41                           Retail 2025-12-04 533.95  2025-12-05 601.5 12.65 
SNDK                    Sandisk Corp   312.61                       Technology 2025-12-04 213.31 2025-12-05 228.47  7.11 
  DG             Dollar General Corp   275.77                           Retail 2025-12-04 125.29 2025-12-05 132.37  5.65 
 STX Seagate Technology Holdings PLC   567.27                       Technology 2025-12-04 265.63 2025-12-05 278.79  4.95 
 FDS    Factset Research Systems Inc   104.37               Financial Services 2025-12-04 278.92 2025-12-05 290.63  4.20 
 IVZ                     Invesco Ltd   112.21               Financial Services  2025-12-04 25.21  2025-12-05 26.24  4.09 
LSCC      Lattice Semiconductor Corp   103.73                   Semiconductors  2025-12-04 75.83  2025-12-05 78.85  3.98 
GEHC  GE Healthcare Technologies Inc   375.90                      Health Care  2025-12-04 82.52  2025-12-05 85.46  3.56 
 VRT              Vertiv Holdings Co   683.93             Electrical Equipment 2025-12-04 182.54 2025-12-05 189.02  3.55 
LULU         Lululemon Athletica Inc   227.11 Textiles, Apparel & Luxury Goods  2025-12-04 183.6 2025-12-05 190.01  3.49 
  RL               Ralph Lauren Corp   216.54 Textiles, Apparel & Luxury Goods 2025-12-04 356.97 2025-12-05 368.42  3.21 
 STZ        Constellation Brands Inc   240.26                        Beverages 2025-12-04 138.03 2025-12-05 142.37  3.14 
CIEN                      Ciena Corp   276.09                   Communications 2025-12-04 195.73 2025-12-05 201.71  3.06 
RMBS                      Rambus Inc   106.37                   Semiconductors  2025-12-04 98.81  2025-12-05 101.6  2.82 
 AVY             Avery Dennison Corp   135.24                        Packaging 2025-12-04 174.96 2025-12-05 179.33  2.50 
COHR                   Coherent Corp   278.71             Electrical Equipment 2025-12-04 177.35 2025-12-05 181.79  2.50 
CART                   Maplebear Inc   113.23                           Retail  2025-12-04 43.13  2025-12-05 44.18  2.43 
AVGO                    Broadcom Inc 17993.63                   Semiconductors 2025-12-04 381.03 2025-12-05 390.24  2.42 
INTC                      Intel Corp  1931.85                   Semiconductors   2025-12-04 40.5  2025-12-05 41.41  2.25 

=== 市值超过200亿的涨幅榜前20名股票 ===
股票代码                 公司名称                 市值(亿)                  板块                       昨天收盘              今天收盘       涨跌幅(%)
ULTA                     Ulta Beauty Inc   239.41                           Retail 2025-12-04 533.95  2025-12-05 601.5 12.65 
SNDK                        Sandisk Corp   312.61                       Technology 2025-12-04 213.31 2025-12-05 228.47  7.11 
  DG                 Dollar General Corp   275.77                           Retail 2025-12-04 125.29 2025-12-05 132.37  5.65 
 STX     Seagate Technology Holdings PLC   567.27                       Technology 2025-12-04 265.63 2025-12-05 278.79  4.95 
GEHC      GE Healthcare Technologies Inc   375.90                      Health Care  2025-12-04 82.52  2025-12-05 85.46  3.56 
 VRT                  Vertiv Holdings Co   683.93             Electrical Equipment 2025-12-04 182.54 2025-12-05 189.02  3.55 
LULU             Lululemon Athletica Inc   227.11 Textiles, Apparel & Luxury Goods  2025-12-04 183.6 2025-12-05 190.01  3.49 
  RL                   Ralph Lauren Corp   216.54 Textiles, Apparel & Luxury Goods 2025-12-04 356.97 2025-12-05 368.42  3.21 
 STZ            Constellation Brands Inc   240.26                        Beverages 2025-12-04 138.03 2025-12-05 142.37  3.14 
CIEN                          Ciena Corp   276.09                   Communications 2025-12-04 195.73 2025-12-05 201.71  3.06 
COHR                       Coherent Corp   278.71             Electrical Equipment 2025-12-04 177.35 2025-12-05 181.79  2.50 
AVGO                        Broadcom Inc 17993.63                   Semiconductors 2025-12-04 381.03 2025-12-05 390.24  2.42 
INTC                          Intel Corp  1931.85                   Semiconductors   2025-12-04 40.5  2025-12-05 41.41  2.25 
 QSR Restaurant Brands International Inc   327.13    Hotels, Restaurants & Leisure  2025-12-04 71.93  2025-12-05 73.54  2.24 
PLTR           Palantir Technologies Inc  4240.61                       Technology 2025-12-04 177.92 2025-12-05 181.76  2.16 
FTNT                        Fortinet Inc   633.44                       Technology  2025-12-04 85.18  2025-12-05 86.92  2.04 
 RMD                          Resmed Inc   367.12                      Health Care 2025-12-04 251.51 2025-12-05 256.55  2.00 
  GS             Goldman Sachs Group Inc  2512.89               Financial Services 2025-12-04 837.83 2025-12-05 854.56  2.00 
 TJX                   TJX Companies Inc  1669.03                           Retail  2025-12-04 150.3 2025-12-05 153.28  1.98 
EXPE                   Expedia Group Inc   316.60    Hotels, Restaurants & Leisure 2025-12-04 258.38 2025-12-05 263.43  1.95 

=== 市值超过1000亿的涨跌榜前20名股票 ===
股票代码              公司名称              市值(亿)             板块                 昨天收盘               今天收盘        涨跌幅(%)
AVGO                  Broadcom Inc 17993.63        Semiconductors  2025-12-04 381.03  2025-12-05 390.24  2.42 
INTC                    Intel Corp  1931.85        Semiconductors    2025-12-04 40.5   2025-12-05 41.41  2.25 
PLTR     Palantir Technologies Inc  4240.61            Technology  2025-12-04 177.92  2025-12-05 181.76  2.16 
  GS       Goldman Sachs Group Inc  2512.89    Financial Services  2025-12-04 837.83  2025-12-05 854.56  2.00 
 TJX             TJX Companies Inc  1669.03                Retail   2025-12-04 150.3  2025-12-05 153.28  1.98 
 ADI            Analog Devices Inc  1357.61        Semiconductors  2025-12-04 277.26  2025-12-05 281.29  1.45 
 TXN         Texas Instruments Inc  1636.61        Semiconductors  2025-12-04 180.12  2025-12-05 182.54  1.34 
   V                      Visa Inc  6261.00    Financial Services   2025-12-04 327.1  2025-12-05 331.24  1.27 
 APP                 Applovin Corp  2310.87            Technology  2025-12-04 683.78  2025-12-05 691.94  1.19 
ISRG        Intuitive Surgical Inc  2015.77           Health Care  2025-12-04 568.63  2025-12-05 575.34  1.18 
GOOG                  Alphabet Inc 38380.40                 Media  2025-12-04 318.39  2025-12-05 322.09  1.16 
LRCX             Lam Research Corp  1973.10        Semiconductors  2025-12-04 157.09   2025-12-05 158.7  1.02 
 AMD    Advanced Micro Devices Inc  3516.24        Semiconductors  2025-12-04 215.98  2025-12-05 217.97  0.92 
 ADP Automatic Data Processing Inc  1049.14 Professional Services   2025-12-04 259.4  2025-12-05 261.63  0.86 
TMUS               T-Mobile US Inc  2326.61     Telecommunication  2025-12-04 208.01  2025-12-05 209.63  0.78 
 KKR                  KKR & Co Inc  1144.77    Financial Services  2025-12-04 128.43  2025-12-05 129.42  0.77 
  PH          Parker-Hannifin Corp  1102.44             Machinery  2025-12-04 873.66   2025-12-05 880.0  0.73 
SPOT         Spotify Technology SA  1155.00                 Media  2025-12-04 560.97  2025-12-05 564.93  0.71 
  MA                Mastercard Inc  4869.92    Financial Services  2025-12-04 542.31  2025-12-05 545.52  0.59 
KLAC                      KLA Corp  1587.32        Semiconductors 2025-12-04 1208.08 2025-12-05 1214.46  0.53 
