
=== 涨幅榜前20名股票 ===
股票代码                         公司名称                         市值(亿)               板块                     昨天收盘             今天收盘       涨跌幅(%)
VTAK                               Catheter Precision Inc  0.02                    Health Care  2025-06-10 0.23   2025-06-11 0.6 160.91
JUNS                            Jupiter Neurosciences Inc  0.32                Pharmaceuticals  2025-06-10 0.97  2025-06-11 1.99 105.79
XTIA                                    XTI Aerospace Inc  0.19                     Technology  2025-06-10 3.05  2025-06-11 5.05  65.57
NAOV                                     Nanovibronix Inc  0.02                    Health Care  2025-06-10 0.81   2025-06-11 1.2  47.42
 MFI                             mF International Limited  0.36             Financial Services  2025-06-10 2.72  2025-06-11 3.98  46.32
CNET                      ZW Data Action Technologies Inc  0.03                          Media  2025-06-10 1.26  2025-06-11 1.76  39.68
HCTI                              Healthcare Triangle Inc  0.03                    Health Care  2025-06-10 0.01  2025-06-11 0.01  31.43
HSDT                      Helius Medical Technologies Inc  0.00                    Health Care  2025-06-10 0.85  2025-06-11 1.11  31.36
OKLO                                             Oklo Inc 73.14                      Utilities 2025-06-10 52.54 2025-06-11 68.03  29.48
VXRT                                           Vaxart Inc  0.90                  Biotechnology  2025-06-10 0.39   2025-06-11 0.5  29.26
OUST                                           Ouster Inc  8.62           Electrical Equipment 2025-06-10 16.03 2025-06-11 20.36  27.01
SDOT                                      Sadot Group Inc  0.07                  Food Products  2025-06-10 1.16  2025-06-11 1.47  26.72
CHNR                          China Natural Resources Inc  0.06                Metals & Mining  2025-06-10 0.56   2025-06-11 0.7  25.89
QUBT                                Quantum Computing Inc 21.32                     Technology 2025-06-10 15.13 2025-06-11 18.97  25.38
HUSA                         Houston American Energy Corp  0.07                         Energy  2025-06-10 4.39  2025-06-11 5.46  24.37
ASST                                   Asset Entities Inc  0.88                          Media  2025-06-10 5.33   2025-06-11 6.6  23.83
CDTG CDT Environmental Technology Investment Holdings Ltd  0.08 Commercial Services & Supplies  2025-06-10 0.63  2025-06-11 0.77  22.71
YYGH                                 YY Group Holding Ltd  0.62 Commercial Services & Supplies  2025-06-10 1.44  2025-06-11 1.75  21.53
 BMR                                    Beamr Imaging Ltd  0.52                     Technology  2025-06-10 3.37  2025-06-11 4.09  21.36
 SMR                                   Nuscale Power Corp 98.26           Electrical Equipment 2025-06-10 34.55  2025-06-11 41.6  20.41

=== 市值超过20亿的涨幅榜前20名股票 ===
股票代码            公司名称            市值(亿)                板块                     昨天收盘              今天收盘       涨跌幅(%)
OKLO                   Oklo Inc  73.14                     Utilities  2025-06-10 52.54  2025-06-11 68.03 29.48 
QUBT      Quantum Computing Inc  21.32                    Technology  2025-06-10 15.13  2025-06-11 18.97 25.38 
 SMR         Nuscale Power Corp  98.26          Electrical Equipment  2025-06-10 34.55   2025-06-11 41.6 20.41 
RGTI      Rigetti Computing Inc  32.87                Semiconductors  2025-06-10 11.24  2025-06-11 12.52 11.39 
 FLR                 Fluor Corp  73.89                  Construction  2025-06-10 44.87  2025-06-11 49.79 10.97 
SBET       SharpLink Gaming Inc  20.19 Hotels, Restaurants & Leisure  2025-06-10 33.98  2025-06-11 37.07  9.09 
 LEU        Centrus Energy Corp  24.86                        Energy 2025-06-10 145.92 2025-06-11 158.13  8.37 
INSM                 Insmed Inc 165.62                 Biotechnology  2025-06-10 90.93  2025-06-11 97.98  7.75 
 TLN          Talen Energy Corp 116.09                     Utilities  2025-06-10 255.1 2025-06-11 274.82  7.73 
 AGX                  Argan Inc  28.57                  Construction 2025-06-10 209.45 2025-06-11 224.31  7.09 
ACHR        Archer Aviation Inc  62.48           Aerospace & Defense  2025-06-10 11.38  2025-06-11 12.17  6.94 
SEZL                 Sezzle Inc  40.89            Financial Services 2025-06-10 122.83  2025-06-11 131.2  6.81 
  QS          Quantumscape Corp  24.20               Auto Components   2025-06-10 4.33   2025-06-11 4.62  6.70 
  NU            Nu Holdings Ltd 576.79                       Banking  2025-06-10 11.97  2025-06-11 12.76  6.60 
PAGS      PagSeguro Digital Ltd  28.21            Financial Services   2025-06-10 8.56   2025-06-11 9.11  6.43 
 CNR Core Natural Resources Inc  35.48                        Energy  2025-06-10 67.38  2025-06-11 71.46  6.06 
 ELF             elf Beauty Inc  66.44             Consumer products 2025-06-10 117.96 2025-06-11 124.52  5.56 
COOP        Mr Cooper Group Inc  86.67            Financial Services 2025-06-10 135.45 2025-06-11 142.78  5.41 
ALHC   Alignment Healthcare Inc  28.98                   Health Care  2025-06-10 14.65  2025-06-11 15.44  5.39 
ADMA         ADMA Biologics Inc  49.80                 Biotechnology  2025-06-10 20.86  2025-06-11 21.87  4.84 

=== 市值超过50亿的涨幅榜前20名股票 ===
股票代码                公司名称                 市值(亿)                板块                     昨天收盘              今天收盘       涨跌幅(%)
OKLO                           Oklo Inc   73.14                     Utilities  2025-06-10 52.54  2025-06-11 68.03 29.48 
 SMR                 Nuscale Power Corp   98.26          Electrical Equipment  2025-06-10 34.55   2025-06-11 41.6 20.41 
 FLR                         Fluor Corp   73.89                  Construction  2025-06-10 44.87  2025-06-11 49.79 10.97 
INSM                         Insmed Inc  165.62                 Biotechnology  2025-06-10 90.93  2025-06-11 97.98  7.75 
 TLN                  Talen Energy Corp  116.09                     Utilities  2025-06-10 255.1 2025-06-11 274.82  7.73 
ACHR                Archer Aviation Inc   62.48           Aerospace & Defense  2025-06-10 11.38  2025-06-11 12.17  6.94 
  NU                    Nu Holdings Ltd  576.79                       Banking  2025-06-10 11.97  2025-06-11 12.76  6.60 
 ELF                     elf Beauty Inc   66.44             Consumer products 2025-06-10 117.96 2025-06-11 124.52  5.56 
COOP                Mr Cooper Group Inc   86.67            Financial Services 2025-06-10 135.45 2025-06-11 142.78  5.41 
SOFI              SoFi Technologies Inc  159.06            Financial Services  2025-06-10 14.39  2025-06-11 15.06  4.66 
 RKT               Rocket Companies Inc  261.83            Financial Services  2025-06-10 13.09  2025-06-11 13.69  4.58 
CRDO Credo Technology Group Holding Ltd  116.36                Semiconductors  2025-06-10 68.53  2025-06-11 71.64  4.54 
SBUX                     Starbucks Corp 1039.01 Hotels, Restaurants & Leisure  2025-06-10 91.43  2025-06-11 95.39  4.33 
MDGL       Madrigal Pharmaceuticals Inc   62.68                 Biotechnology 2025-06-10 282.32 2025-06-11 294.34  4.26 
HIMS             Hims & Hers Health Inc  123.67                   Health Care  2025-06-10 55.25  2025-06-11 57.56  4.18 
KRMN                Karman Holdings Inc   58.36           Aerospace & Defense  2025-06-10 44.15  2025-06-11 45.99  4.17 
  BE                  Bloom Energy Corp   50.23          Electrical Equipment  2025-06-10 21.63  2025-06-11 22.53  4.16 
AFRM                Affirm Holdings Inc  196.79            Financial Services   2025-06-10 61.0   2025-06-11 63.5  4.10 
 FTI                     TechnipFMC PLC  138.18                        Energy  2025-06-10 32.96  2025-06-11 34.27  3.97 
 CCJ                        Cameco Corp  277.86                        Energy  2025-06-10 63.83  2025-06-11 66.33  3.92 

=== 市值超过100亿的涨幅榜前20名股票 ===
股票代码                公司名称                 市值(亿)                 板块                     昨天收盘              今天收盘       涨跌幅(%)
INSM                         Insmed Inc   165.62                 Biotechnology  2025-06-10 90.93  2025-06-11 97.98  7.75 
 TLN                  Talen Energy Corp   116.09                     Utilities  2025-06-10 255.1 2025-06-11 274.82  7.73 
  NU                    Nu Holdings Ltd   576.79                       Banking  2025-06-10 11.97  2025-06-11 12.76  6.60 
SOFI              SoFi Technologies Inc   159.06            Financial Services  2025-06-10 14.39  2025-06-11 15.06  4.66 
 RKT               Rocket Companies Inc   261.83            Financial Services  2025-06-10 13.09  2025-06-11 13.69  4.58 
CRDO Credo Technology Group Holding Ltd   116.36                Semiconductors  2025-06-10 68.53  2025-06-11 71.64  4.54 
SBUX                     Starbucks Corp  1039.01 Hotels, Restaurants & Leisure  2025-06-10 91.43  2025-06-11 95.39  4.33 
HIMS             Hims & Hers Health Inc   123.67                   Health Care  2025-06-10 55.25  2025-06-11 57.56  4.18 
AFRM                Affirm Holdings Inc   196.79            Financial Services   2025-06-10 61.0   2025-06-11 63.5  4.10 
 FTI                     TechnipFMC PLC   138.18                        Energy  2025-06-10 32.96  2025-06-11 34.27  3.97 
 CCJ                        Cameco Corp   277.86                        Energy  2025-06-10 63.83  2025-06-11 66.33  3.92 
 GEV                     GE Vernova Inc  1269.99          Electrical Equipment 2025-06-10 465.31 2025-06-11 483.47  3.90 
SHOP                        Shopify Inc  1430.49                    Technology 2025-06-10 110.26 2025-06-11 114.13  3.51 
AVGO                       Broadcom Inc 11502.38                Semiconductors 2025-06-10 244.63 2025-06-11 252.91  3.38 
  CF         CF Industries Holdings Inc   149.26                     Chemicals  2025-06-10 92.13  2025-06-11 95.24  3.38 
ALAB                    Astera Labs Inc   150.83                Semiconductors  2025-06-10 91.46  2025-06-11 94.54  3.37 
  XP                             XP Inc   105.18            Financial Services  2025-06-10 19.96  2025-06-11 20.62  3.31 
HOOD              Robinhood Markets Inc   639.88            Financial Services  2025-06-10 72.51  2025-06-11 74.88  3.27 
 OVV                        Ovintiv Inc   102.29                        Energy  2025-06-10 39.37  2025-06-11 40.62  3.18 
 BEN             Franklin Resources Inc   114.88            Financial Services  2025-06-10 21.86  2025-06-11 22.54  3.11 

=== 市值超过200亿的涨幅榜前20名股票 ===
股票代码               公司名称               市值(亿)                 板块                     昨天收盘              今天收盘       涨跌幅(%)
  NU                 Nu Holdings Ltd   576.79                       Banking  2025-06-10 11.97  2025-06-11 12.76  6.60 
 RKT            Rocket Companies Inc   261.83            Financial Services  2025-06-10 13.09  2025-06-11 13.69  4.58 
SBUX                  Starbucks Corp  1039.01 Hotels, Restaurants & Leisure  2025-06-10 91.43  2025-06-11 95.39  4.33 
 CCJ                     Cameco Corp   277.86                        Energy  2025-06-10 63.83  2025-06-11 66.33  3.92 
 GEV                  GE Vernova Inc  1269.99          Electrical Equipment 2025-06-10 465.31 2025-06-11 483.47  3.90 
SHOP                     Shopify Inc  1430.49                    Technology 2025-06-10 110.26 2025-06-11 114.13  3.51 
AVGO                    Broadcom Inc 11502.38                Semiconductors 2025-06-10 244.63 2025-06-11 252.91  3.38 
HOOD           Robinhood Markets Inc   639.88            Financial Services  2025-06-10 72.51  2025-06-11 74.88  3.27 
 DVN               Devon Energy Corp   214.91                        Energy  2025-06-10 33.47  2025-06-11 34.47  2.99 
TRGP            Targa Resources Corp   358.22                        Energy 2025-06-10 165.13 2025-06-11 169.78  2.82 
PLTR       Palantir Technologies Inc  3134.20                    Technology 2025-06-10 132.81 2025-06-11 136.39  2.70 
RBLX                     Roblox Corp   635.69                         Media  2025-06-10 93.72  2025-06-11 96.17  2.61 
  PM Philip Morris International Inc  2786.63                       Tobacco 2025-06-10 179.03 2025-06-11 183.37  2.42 
 COP                  ConocoPhillips  1151.07                        Energy  2025-06-10 91.18  2025-06-11 93.35  2.38 
 RTX                        RTX Corp  1850.56           Aerospace & Defense 2025-06-10 138.52 2025-06-11 141.81  2.38 
 CMG      Chipotle Mexican Grill Inc   682.04 Hotels, Restaurants & Leisure  2025-06-10 50.62  2025-06-11 51.79  2.31 
  MO                Altria Group Inc   986.42                       Tobacco  2025-06-10 58.56  2025-06-11 59.91  2.31 
FANG          Diamondback Energy Inc   425.31                        Energy 2025-06-10 145.57 2025-06-11 148.92  2.30 
SPOT           Spotify Technology SA  1392.08                         Media 2025-06-10 693.32 2025-06-11 709.14  2.28 
 CVS                 CVS Health Corp   812.90                   Health Care  2025-06-10 64.26  2025-06-11 65.72  2.27 

=== 市值超过1000亿的涨跌榜前20名股票 ===
股票代码                 公司名称                  市值(亿)                 板块                     昨天收盘               今天收盘        涨跌幅(%)
SBUX                       Starbucks Corp  1039.01 Hotels, Restaurants & Leisure   2025-06-10 91.43   2025-06-11 95.39  4.33 
 GEV                       GE Vernova Inc  1269.99          Electrical Equipment  2025-06-10 465.31  2025-06-11 483.47  3.90 
SHOP                          Shopify Inc  1430.49                    Technology  2025-06-10 110.26  2025-06-11 114.13  3.51 
AVGO                         Broadcom Inc 11502.38                Semiconductors  2025-06-10 244.63  2025-06-11 252.91  3.38 
PLTR            Palantir Technologies Inc  3134.20                    Technology  2025-06-10 132.81  2025-06-11 136.39  2.70 
  PM      Philip Morris International Inc  2786.63                       Tobacco  2025-06-10 179.03  2025-06-11 183.37  2.42 
 COP                       ConocoPhillips  1151.07                        Energy   2025-06-10 91.18   2025-06-11 93.35  2.38 
 RTX                             RTX Corp  1850.56           Aerospace & Defense  2025-06-10 138.52  2025-06-11 141.81  2.38 
SPOT                Spotify Technology SA  1392.08                         Media  2025-06-10 693.32  2025-06-11 709.14  2.28 
 UNH               UnitedHealth Group Inc  2755.80                   Health Care  2025-06-10 303.79  2025-06-11 310.56  2.23 
 XOM                     Exxon Mobil Corp  4620.80                        Energy  2025-06-10 107.22  2025-06-11 109.31  1.95 
 IBM International Business Machines Corp  2567.36                    Technology  2025-06-10 276.24  2025-06-11 281.52  1.91 
KLAC                             KLA Corp  1132.77                Semiconductors  2025-06-10 856.59   2025-06-11 872.0  1.80 
  MU                Micron Technology Inc  1275.60                Semiconductors  2025-06-10 114.14  2025-06-11 116.03  1.66 
 KKR                         KKR & Co Inc  1104.57            Financial Services  2025-06-10 124.02   2025-06-11 126.0  1.60 
  GS              Goldman Sachs Group Inc  1886.67            Financial Services  2025-06-10 614.87  2025-06-11 624.17  1.51 
  GE                         GE Aerospace  2580.66           Aerospace & Defense   2025-06-10 242.0  2025-06-11 245.52  1.45 
NFLX                          Netflix Inc  5122.26                         Media 2025-06-10 1203.62 2025-06-11 1219.88  1.35 
 CAT                      Caterpillar Inc  1686.41                     Machinery  2025-06-10 358.57  2025-06-11 363.14  1.27 
 ICE        Intercontinental Exchange Inc  1006.89            Financial Services  2025-06-10 175.53   2025-06-11 177.5  1.12 
