
=== 涨幅榜前20名股票 ===
股票代码                公司名称               市值(亿)                板块                      昨天收盘             今天收盘        涨跌幅(%)
AEHL  Antelope Enterprise Holdings Ltd  0.02                            Media  2025-04-03 0.05  2025-04-04 4.25 8400.00
SOBR                     Sobr Safe Inc  0.00             Electrical Equipment  2025-04-03 0.35  2025-04-04 4.93 1320.75
FTFT          Future Fintech Group Inc  0.03               Financial Services  2025-04-03 0.13  2025-04-04 1.48 1038.46
CISS                          C3is Inc  0.02                           Marine  2025-04-03 0.58  2025-04-04 3.86  567.82
AREB       American Rebel Holdings Inc  0.02   Commercial Services & Supplies  2025-04-03 3.96  2025-04-04 19.5  392.42
 IBO             Impact Biomedical Inc  0.05                  Pharmaceuticals  2025-04-03 0.46  2025-04-04 0.96  107.48
CXAI                         CXApp Inc  0.15                       Technology  2025-04-03 0.81  2025-04-04 1.42   75.96
LOCL                 Local Bounti Corp  0.30                    Food Products  2025-04-03 2.82  2025-04-04 4.75   68.44
MHLD               Maiden Holdings Ltd  0.56                        Insurance  2025-04-03 0.56  2025-04-04 0.79   41.14
FORD            Forward Industries Inc  0.05 Textiles, Apparel & Luxury Goods  2025-04-03 4.92   2025-04-04 6.8   38.21
ICCT                  iCoreConnect Inc  0.04                      Health Care  2025-04-03 4.23  2025-04-04 5.71   34.99
ALDX          Aldeyra Therapeutics Inc  3.18                    Biotechnology  2025-04-03 1.42  2025-04-04 1.89   33.10
NTCL           NetClass Technology Inc  1.10    Diversified Consumer Services   2025-04-03 7.0  2025-04-04 9.31   33.00
 RGC Regencell Bioscience Holdings Ltd  3.16                  Pharmaceuticals  2025-04-03 24.3 2025-04-04 32.21   32.55
VRCA       Verrica Pharmaceuticals Inc  0.39                  Pharmaceuticals  2025-04-03 0.42  2025-04-04 0.53   26.21
PAMT                         PAMT Corp  2.42                      Road & Rail 2025-04-03 11.11 2025-04-04 13.58   22.23
AUUD                        Auddia Inc  0.02                       Technology  2025-04-03 4.01   2025-04-04 4.9   22.19
 INV                    Innventure Inc  1.87               Financial Services  2025-04-03 3.97  2025-04-04 4.82   21.41
LGCB                Linkage Global Inc  0.04                           Retail  2025-04-03 0.14  2025-04-04 0.16   21.19
RSLS          ReShape Lifesciences Inc  0.01                      Health Care  2025-04-03 0.38  2025-04-04 0.46   21.05

=== 市值超过20亿的涨幅榜前20名股票 ===
股票代码               公司名称              市值(亿)                 板块                       昨天收盘               今天收盘        涨跌幅(%)
 GME                   GameStop Corp  94.33                           Retail    2025-04-03 21.1   2025-04-04 23.49 11.33 
 RKT            Rocket Companies Inc 276.87               Financial Services   2025-04-03 13.85    2025-04-04 15.4 11.19 
 GAP                         Gap Inc  66.88                           Retail   2025-04-03 17.84   2025-04-04 19.13  7.23 
 BLD                   TopBuild Corp  83.12                Consumer products  2025-04-03 284.22  2025-04-04 303.09  6.64 
 IBP Installed Building Products Inc  45.47                Consumer products  2025-04-03 163.79  2025-04-04 173.25  5.78 
ONON                   On Holding AG 121.93 Textiles, Apparel & Luxury Goods   2025-04-03 37.65   2025-04-04 39.61  5.21 
DECK            Deckers Outdoor Corp 153.11 Textiles, Apparel & Luxury Goods  2025-04-03 100.88  2025-04-04 106.02  5.10 
CROX                       Crocs Inc  53.80 Textiles, Apparel & Luxury Goods   2025-04-03 95.97  2025-04-04 100.65  4.88 
 MHO                   M/I Homes Inc  29.58                Consumer products   2025-04-03 109.1  2025-04-04 114.29  4.76 
 DHI                   DR Horton Inc 385.43                Consumer products  2025-04-03 122.31  2025-04-04 127.87  4.55 
 ANF          Abercrombie & Fitch Co  34.34                           Retail   2025-04-03 70.26   2025-04-04 73.33  4.37 
 NVR                         NVR Inc 211.10                Consumer products 2025-04-03 7109.99 2025-04-04 7410.93  4.23 
MSTR               Microstrategy Inc 735.22                       Technology  2025-04-03 282.28  2025-04-04 293.61  4.01 
 TPH Tri Pointe Homes Inc (Delaware)  28.12                Consumer products   2025-04-03 30.66   2025-04-04 31.82  3.78 
 PHM                  Pultegroup Inc 197.05                Consumer products   2025-04-03 97.75  2025-04-04 101.24  3.57 
 KBH                         KB Home  39.73                Consumer products   2025-04-03 55.61   2025-04-04 57.54  3.47 
GRBK        Green Brick Partners Inc  24.87                Consumer products   2025-04-03 55.89   2025-04-04 57.83  3.47 
BLDR        Builders FirstSource Inc 136.14                         Building  2025-04-03 119.82  2025-04-04 123.96  3.46 
PCVX                     Vaxcyte Inc  39.35                    Biotechnology   2025-04-03 30.56    2025-04-04 31.6  3.40 
 PVH                        PVH Corp  34.54 Textiles, Apparel & Luxury Goods   2025-04-03 65.61   2025-04-04 67.72  3.22 

=== 市值超过50亿的涨幅榜前20名股票 ===
股票代码             公司名称             市值(亿)                 板块                       昨天收盘               今天收盘        涨跌幅(%)
 GME                GameStop Corp  94.33                           Retail    2025-04-03 21.1   2025-04-04 23.49 11.33 
 RKT         Rocket Companies Inc 276.87               Financial Services   2025-04-03 13.85    2025-04-04 15.4 11.19 
 GAP                      Gap Inc  66.88                           Retail   2025-04-03 17.84   2025-04-04 19.13  7.23 
 BLD                TopBuild Corp  83.12                Consumer products  2025-04-03 284.22  2025-04-04 303.09  6.64 
ONON                On Holding AG 121.93 Textiles, Apparel & Luxury Goods   2025-04-03 37.65   2025-04-04 39.61  5.21 
DECK         Deckers Outdoor Corp 153.11 Textiles, Apparel & Luxury Goods  2025-04-03 100.88  2025-04-04 106.02  5.10 
CROX                    Crocs Inc  53.80 Textiles, Apparel & Luxury Goods   2025-04-03 95.97  2025-04-04 100.65  4.88 
 DHI                DR Horton Inc 385.43                Consumer products  2025-04-03 122.31  2025-04-04 127.87  4.55 
 NVR                      NVR Inc 211.10                Consumer products 2025-04-03 7109.99 2025-04-04 7410.93  4.23 
MSTR            Microstrategy Inc 735.22                       Technology  2025-04-03 282.28  2025-04-04 293.61  4.01 
 PHM               Pultegroup Inc 197.05                Consumer products   2025-04-03 97.75  2025-04-04 101.24  3.57 
BLDR     Builders FirstSource Inc 136.14                         Building  2025-04-03 119.82  2025-04-04 123.96  3.46 
TMHC    Taylor Morrison Home Corp  58.59                Consumer products   2025-04-03 57.59   2025-04-04 59.42  3.18 
LULU      Lululemon Athletica Inc 321.49 Textiles, Apparel & Luxury Goods  2025-04-03 255.65   2025-04-04 263.7  3.15 
 NKE                     Nike Inc 822.10 Textiles, Apparel & Luxury Goods   2025-04-03 55.58   2025-04-04 57.25  3.00 
 SKX             Skechers USA Inc  73.12 Textiles, Apparel & Luxury Goods   2025-04-03 48.96    2025-04-04 50.2  2.53 
 TOL            Toll Brothers Inc  97.84                Consumer products   2025-04-03 98.39  2025-04-04 100.86  2.51 
UFPI           Ufp Industries Inc  63.46                         Building  2025-04-03 104.34  2025-04-04 106.44  2.01 
 SSD Simpson Manufacturing Co Inc  60.92                         Building  2025-04-03 145.13  2025-04-04 147.74  1.80 
 FND   Floor & Decor Holdings Inc  75.61                           Retail   2025-04-03 70.27    2025-04-04 71.5  1.75 

=== 市值超过100亿的涨幅榜前20名股票 ===
股票代码           公司名称           市值(亿)                 板块                       昨天收盘               今天收盘        涨跌幅(%)
 RKT     Rocket Companies Inc 276.87               Financial Services   2025-04-03 13.85    2025-04-04 15.4 11.19 
ONON            On Holding AG 121.93 Textiles, Apparel & Luxury Goods   2025-04-03 37.65   2025-04-04 39.61  5.21 
DECK     Deckers Outdoor Corp 153.11 Textiles, Apparel & Luxury Goods  2025-04-03 100.88  2025-04-04 106.02  5.10 
 DHI            DR Horton Inc 385.43                Consumer products  2025-04-03 122.31  2025-04-04 127.87  4.55 
 NVR                  NVR Inc 211.10                Consumer products 2025-04-03 7109.99 2025-04-04 7410.93  4.23 
MSTR        Microstrategy Inc 735.22                       Technology  2025-04-03 282.28  2025-04-04 293.61  4.01 
 PHM           Pultegroup Inc 197.05                Consumer products   2025-04-03 97.75  2025-04-04 101.24  3.57 
BLDR Builders FirstSource Inc 136.14                         Building  2025-04-03 119.82  2025-04-04 123.96  3.46 
LULU  Lululemon Athletica Inc 321.49 Textiles, Apparel & Luxury Goods  2025-04-03 255.65   2025-04-04 263.7  3.15 
 NKE                 Nike Inc 822.10 Textiles, Apparel & Luxury Goods   2025-04-03 55.58   2025-04-04 57.25  3.00 
 TGT              Target Corp 429.52                           Retail   2025-04-03 94.28   2025-04-04 95.72  1.53 
DLTR          Dollar Tree Inc 144.58                           Retail   2025-04-03 67.22   2025-04-04 67.55  0.49 
   F            Ford Motor Co 378.11                      Automobiles    2025-04-03 9.54    2025-04-04 9.58  0.42 
POOL                Pool Corp 118.10                     Distributors  2025-04-03 313.85  2025-04-04 315.05  0.38 
SNAP                 Snap Inc 136.05                            Media    2025-04-03 8.02    2025-04-04 8.05  0.37 
 CSL   Carlisle Companies Inc 144.41                         Building   2025-04-03 327.1  2025-04-04 327.29  0.06 
  RL        Ralph Lauren Corp 122.26 Textiles, Apparel & Luxury Goods  2025-04-03 197.89  2025-04-04 197.62 -0.14 
 CAG       Conagra Brands Inc 127.83                    Food Products   2025-04-03 26.78   2025-04-04 26.68 -0.37 
   K                Kellanova 284.98                    Food Products   2025-04-03 82.55   2025-04-04 82.24 -0.38 
ALGN     Align Technology Inc 112.92                      Health Care  2025-04-03 154.24  2025-04-04 153.51 -0.47 

=== 市值超过200亿的涨幅榜前20名股票 ===
 股票代码              公司名称              市值(亿)                 板块                       昨天收盘               今天收盘        涨跌幅(%)
  RKT          Rocket Companies Inc  276.87               Financial Services   2025-04-03 13.85    2025-04-04 15.4 11.19 
  DHI                 DR Horton Inc  385.43                Consumer products  2025-04-03 122.31  2025-04-04 127.87  4.55 
  NVR                       NVR Inc  211.10                Consumer products 2025-04-03 7109.99 2025-04-04 7410.93  4.23 
 MSTR             Microstrategy Inc  735.22                       Technology  2025-04-03 282.28  2025-04-04 293.61  4.01 
 LULU       Lululemon Athletica Inc  321.49 Textiles, Apparel & Luxury Goods  2025-04-03 255.65   2025-04-04 263.7  3.15 
  NKE                      Nike Inc  822.10 Textiles, Apparel & Luxury Goods   2025-04-03 55.58   2025-04-04 57.25  3.00 
  TGT                   Target Corp  429.52                           Retail   2025-04-03 94.28   2025-04-04 95.72  1.53 
    F                 Ford Motor Co  378.11                      Automobiles    2025-04-03 9.54    2025-04-04 9.58  0.42 
    K                     Kellanova  284.98                    Food Products   2025-04-03 82.55   2025-04-04 82.24 -0.38 
   HD                Home Depot Inc 3537.86                           Retail  2025-04-03 355.91   2025-04-04 353.9 -0.56 
 ROST               Ross Stores Inc  431.45                           Retail  2025-04-03 131.21  2025-04-04 130.31 -0.69 
 PCAR                    Paccar Inc  484.83                        Machinery   2025-04-03 92.36   2025-04-04 90.88 -1.60 
ASMLF               ASML Holding NV 2389.20                   Semiconductors  2025-04-03 625.01  2025-04-04 614.79 -1.64 
 FERG      Ferguson Enterprises Inc  314.76 Trading Companies & Distributors  2025-04-03 158.41  2025-04-04 155.56 -1.80 
   DG           Dollar General Corp  207.65                           Retail   2025-04-03 94.41   2025-04-04 92.62 -1.90 
 VRTX    Vertex Pharmaceuticals Inc 1242.89                    Biotechnology  2025-04-03 484.01  2025-04-04 474.62 -1.94 
  GIS             General Mills Inc  333.87                    Food Products   2025-04-03 60.97   2025-04-04 59.61 -2.23 
 MDLZ    Mondelez International Inc  878.30                    Food Products    2025-04-03 67.9   2025-04-04 66.31 -2.34 
 ODFL Old Dominion Freight Line Inc  331.04                      Road & Rail  2025-04-03 155.75  2025-04-04 152.06 -2.37 
  UPS     United Parcel Service Inc  849.00       Logistics & Transportation  2025-04-03 100.12   2025-04-04 97.71 -2.41 

=== 市值超过1000亿的涨跌榜前20名股票 ===
 股票代码                 公司名称                 市值(亿)                  板块                       昨天收盘               今天收盘        涨跌幅(%)
   HD                      Home Depot Inc  3537.86                           Retail  2025-04-03 355.91   2025-04-04 353.9 -0.56 
ASMLF                     ASML Holding NV  2389.20                   Semiconductors  2025-04-03 625.01  2025-04-04 614.79 -1.64 
 VRTX          Vertex Pharmaceuticals Inc  1242.89                    Biotechnology  2025-04-03 484.01  2025-04-04 474.62 -1.94 
  TJX                   TJX Companies Inc  1410.03                           Retail  2025-04-03 125.43  2025-04-04 122.16 -2.61 
  UNH              UnitedHealth Group Inc  4943.47                      Health Care  2025-04-03 540.44  2025-04-04 525.05 -2.85 
  PEP                         PepsiCo Inc  2076.04                        Beverages  2025-04-03 151.37  2025-04-04 146.61 -3.14 
 GOOG                        Alphabet Inc 18468.79                            Media  2025-04-03 152.63  2025-04-04 147.74 -3.20 
GOOGL                        Alphabet Inc 18468.79                            Media  2025-04-03 150.72   2025-04-04 145.6 -3.40 
 MSFT                      Microsoft Corp 27736.93                       Technology  2025-04-03 373.11  2025-04-04 359.84 -3.56 
 BKNG                Booking Holdings Inc  1460.45    Hotels, Restaurants & Leisure 2025-04-03 4450.53 2025-04-04 4284.02 -3.74 
   DE                          Deere & Co  1214.44                        Machinery  2025-04-03 447.45  2025-04-04 429.86 -3.93 
  JNJ                   Johnson & Johnson  3851.42                  Pharmaceuticals  2025-04-03 159.82  2025-04-04 153.24 -4.12 
 AMZN                      Amazon.com Inc 18907.41                           Retail  2025-04-03 178.41   2025-04-04 171.0 -4.15 
  BMY             Bristol-Myers Squibb Co  1176.50                  Pharmaceuticals   2025-04-03 57.82    2025-04-04 55.3 -4.36 
   KO                        Coca-Cola Co  3149.35                        Beverages   2025-04-03 73.18   2025-04-04 69.93 -4.44 
LVMHF LVMH Moet Hennessy Louis Vuitton SE  2873.38 Textiles, Apparel & Luxury Goods   2025-04-03 602.0   2025-04-04 575.0 -4.49 
 GILD                 Gilead Sciences Inc  1399.64                    Biotechnology  2025-04-03 112.39  2025-04-04 107.25 -4.57 
  UNP                  Union Pacific Corp  1342.29                      Road & Rail  2025-04-03 223.97  2025-04-04 213.26 -4.78 
 CSCO                   Cisco Systems Inc  2279.96                   Communications   2025-04-03 57.31   2025-04-04 54.54 -4.83 
 ADBE                           Adobe Inc  1565.22                       Technology  2025-04-03 367.25  2025-04-04 349.07 -4.95 
