2025-01-25 18:27:37,944 - INFO: 日志目录: logs/20250125_182737
2025-01-25 18:27:37,944 - INFO: 日志文件: logs/20250125_182737/execution.log
2025-01-25 18:27:37,944 - INFO: 开始获取和过滤股票列表...
2025-01-25 18:27:37,945 - INFO: 已加载 40 个非美股记录
2025-01-25 18:27:37,945 - INFO: 未找到需排除的股票列表文件
2025-01-25 18:27:37,945 - INFO: 未找到已验证的有效股票列表文件
2025-01-25 18:27:39,655 - INFO: 从 Finnhub 获取到总计 27487 个股票
2025-01-25 18:27:39,655 - INFO: 
=== 股票过滤结果 ===
2025-01-25 18:27:39,655 - INFO: 原始股票数量: 27487
2025-01-25 18:27:39,656 - INFO: 过滤后数量: 14
2025-01-25 18:27:39,656 - INFO: 
被排除的股票统计:
2025-01-25 18:27:39,665 - INFO: - 非普通股: 13 只
2025-01-25 18:27:39,665 - INFO: - 权证: 3 只
2025-01-25 18:27:39,665 - INFO: 开始处理 14 只股票...
2025-01-25 18:27:41,022 - INFO: 跳过非美国主要交易所上市的股票 UFMG (交易所: OTC MARKETS)
2025-01-25 18:27:41,022 - INFO: 股票 UFMG 无法获取详细信息
2025-01-25 18:27:41,056 - INFO: 跳过非美国主要交易所上市的股票 BTUMF (交易所: TSX VENTURE EXCHANGE - NEX)
2025-01-25 18:27:41,056 - INFO: 股票 BTUMF 无法获取详细信息
2025-01-25 18:27:41,203 - INFO: 跳过非美国主要交易所上市的股票 XERI (交易所: OTC MARKETS)
2025-01-25 18:27:41,203 - INFO: 股票 XERI 无法获取详细信息
2025-01-25 18:27:42,175 - INFO: 跳过非美国主要交易所上市的股票 BASA (交易所: OTC MARKETS)
2025-01-25 18:27:42,175 - INFO: 股票 BASA 无法获取详细信息
2025-01-25 18:27:42,175 - INFO: 进度: 10/14 (71.43%) 有效数据: 6
2025-01-25 18:27:42,360 - INFO: 跳过非美国主要交易所上市的股票 QIMCF (交易所: CANADIAN NATIONAL STOCK EXCHANGE)
2025-01-25 18:27:42,360 - INFO: 股票 QIMCF 无法获取详细信息
2025-01-25 18:27:42,399 - INFO: 
处理完成!
2025-01-25 18:27:42,399 - INFO: 总计处理: 14 只股票
2025-01-25 18:27:42,399 - INFO: 有效数据: 9 只股票
2025-01-25 18:27:42,400 - INFO: 无效数据: 5 只股票
2025-01-25 18:27:42,403 - INFO: 日志目录: logs/20250125_182737
2025-01-25 18:27:42,403 - INFO: 日志文件: logs/20250125_182737/execution.log
2025-01-25 18:27:42,403 - INFO: 
=== 涨幅榜前20名股票 ===
2025-01-25 18:27:42,403 - INFO: 
=== 涨幅榜前20名股票 ===
2025-01-25 18:27:42,409 - INFO:    股票代码                公司名称                市值(亿)                  板块                      昨天收盘                今天收盘          涨跌幅(%)  
   MIND        Mind Technology Inc          0.72                Energy              2025-01-23 8.59     2025-01-24 9.08      5.70   
   PSIG     PS International Group Ltd      0.12      Logistics & Transportation    2025-01-23 0.46     2025-01-24 0.48      5.49   
   GEVO              Gevo Inc               4.44                Energy              2025-01-23 1.78     2025-01-24 1.86      4.49   
   KZR       Kezar Life Sciences Inc        0.46            Biotechnology           2025-01-23 6.27     2025-01-24 6.34      1.12   
   TSHA     Taysha Gene Therapies Inc       3.12            Biotechnology           2025-01-23 1.53     2025-01-24 1.52     -0.65   
   XBIT            XBiotech Inc             1.11            Biotechnology            2025-01-23 3.7     2025-01-24 3.65     -1.35   
   COP            Conocophillips          1317.23               Energy             2025-01-23 103.99   2025-01-24 101.83    -2.08   
   RXRX   Recursion Pharmaceuticals Inc    28.64            Biotechnology           2025-01-23 7.53     2025-01-24 7.33     -2.66   
   SHPH   Shuttle Pharmaceuticals Holdings Inc    0.04            Biotechnology           2025-01-23 0.92     2025-01-24 0.89     -3.59   
2025-01-25 18:27:42,409 - INFO:    股票代码                公司名称                市值(亿)                  板块                      昨天收盘                今天收盘          涨跌幅(%)  
   MIND        Mind Technology Inc          0.72                Energy              2025-01-23 8.59     2025-01-24 9.08      5.70   
   PSIG     PS International Group Ltd      0.12      Logistics & Transportation    2025-01-23 0.46     2025-01-24 0.48      5.49   
   GEVO              Gevo Inc               4.44                Energy              2025-01-23 1.78     2025-01-24 1.86      4.49   
   KZR       Kezar Life Sciences Inc        0.46            Biotechnology           2025-01-23 6.27     2025-01-24 6.34      1.12   
   TSHA     Taysha Gene Therapies Inc       3.12            Biotechnology           2025-01-23 1.53     2025-01-24 1.52     -0.65   
   XBIT            XBiotech Inc             1.11            Biotechnology            2025-01-23 3.7     2025-01-24 3.65     -1.35   
   COP            Conocophillips          1317.23               Energy             2025-01-23 103.99   2025-01-24 101.83    -2.08   
   RXRX   Recursion Pharmaceuticals Inc    28.64            Biotechnology           2025-01-23 7.53     2025-01-24 7.33     -2.66   
   SHPH   Shuttle Pharmaceuticals Holdings Inc    0.04            Biotechnology           2025-01-23 0.92     2025-01-24 0.89     -3.59   
2025-01-25 18:27:42,410 - INFO: 
=== 市值超过20亿的涨幅榜前20名股票 ===
2025-01-25 18:27:42,410 - INFO: 
=== 市值超过20亿的涨幅榜前20名股票 ===
2025-01-25 18:27:42,414 - INFO:    股票代码                公司名称                市值(亿)                  板块                      昨天收盘                今天收盘          涨跌幅(%)  
   COP            Conocophillips          1317.23               Energy             2025-01-23 103.99   2025-01-24 101.83    -2.08   
   RXRX   Recursion Pharmaceuticals Inc    28.64            Biotechnology           2025-01-23 7.53     2025-01-24 7.33     -2.66   
2025-01-25 18:27:42,415 - INFO:    股票代码                公司名称                市值(亿)                  板块                      昨天收盘                今天收盘          涨跌幅(%)  
   COP            Conocophillips          1317.23               Energy             2025-01-23 103.99   2025-01-24 101.83    -2.08   
   RXRX   Recursion Pharmaceuticals Inc    28.64            Biotechnology           2025-01-23 7.53     2025-01-24 7.33     -2.66   
2025-01-25 18:27:42,415 - INFO: 
=== 市值超过50亿的涨幅榜前50名股票 ===
2025-01-25 18:27:42,415 - INFO: 
=== 市值超过50亿的涨幅榜前50名股票 ===
2025-01-25 18:27:42,420 - INFO:    股票代码                公司名称                市值(亿)                  板块                      昨天收盘                今天收盘          涨跌幅(%)  
   COP            Conocophillips          1317.23               Energy             2025-01-23 103.99   2025-01-24 101.83    -2.08   
2025-01-25 18:27:42,420 - INFO:    股票代码                公司名称                市值(亿)                  板块                      昨天收盘                今天收盘          涨跌幅(%)  
   COP            Conocophillips          1317.23               Energy             2025-01-23 103.99   2025-01-24 101.83    -2.08   
2025-01-25 18:27:42,421 - INFO: 
=== 市值超过100亿的涨幅榜前100名股票 ===
2025-01-25 18:27:42,421 - INFO: 
=== 市值超过100亿的涨幅榜前100名股票 ===
2025-01-25 18:27:42,425 - INFO:    股票代码                公司名称                市值(亿)                  板块                      昨天收盘                今天收盘          涨跌幅(%)  
   COP            Conocophillips          1317.23               Energy             2025-01-23 103.99   2025-01-24 101.83    -2.08   
2025-01-25 18:27:42,425 - INFO:    股票代码                公司名称                市值(亿)                  板块                      昨天收盘                今天收盘          涨跌幅(%)  
   COP            Conocophillips          1317.23               Energy             2025-01-23 103.99   2025-01-24 101.83    -2.08   
2025-01-25 18:27:42,426 - INFO: 
=== 市值超过200亿的涨幅榜前200名股票 ===
2025-01-25 18:27:42,426 - INFO: 
=== 市值超过200亿的涨幅榜前200名股票 ===
2025-01-25 18:27:42,430 - INFO:    股票代码                公司名称                市值(亿)                  板块                      昨天收盘                今天收盘          涨跌幅(%)  
   COP            Conocophillips          1317.23               Energy             2025-01-23 103.99   2025-01-24 101.83    -2.08   
2025-01-25 18:27:42,431 - INFO:    股票代码                公司名称                市值(亿)                  板块                      昨天收盘                今天收盘          涨跌幅(%)  
   COP            Conocophillips          1317.23               Energy             2025-01-23 103.99   2025-01-24 101.83    -2.08   
2025-01-25 18:27:42,431 - INFO: 
=== 市值超过1000亿的涨幅榜前1000名股票 ===
2025-01-25 18:27:42,431 - INFO: 
=== 市值超过1000亿的涨幅榜前1000名股票 ===
2025-01-25 18:27:42,436 - INFO:    股票代码                公司名称                市值(亿)                  板块                      昨天收盘                今天收盘          涨跌幅(%)  
   COP            Conocophillips          1317.23               Energy             2025-01-23 103.99   2025-01-24 101.83    -2.08   
2025-01-25 18:27:42,436 - INFO:    股票代码                公司名称                市值(亿)                  板块                      昨天收盘                今天收盘          涨跌幅(%)  
   COP            Conocophillips          1317.23               Energy             2025-01-23 103.99   2025-01-24 101.83    -2.08   
2025-01-25 18:27:42,436 - INFO: 结果已保存到: logs/20250125_182737/top20_result.log
2025-01-25 18:27:42,436 - INFO: 日志目录: logs/20250125_182737
2025-01-25 18:27:42,436 - INFO: 日志文件: logs/20250125_182737/execution.log
2025-01-25 18:27:42,437 - INFO: 股票数据已保存到 logs/20250125_182737/stocks_data.json
2025-01-25 18:27:42,441 - INFO: 
=== 板块涨跌分析 ===
2025-01-25 18:27:42,444 - INFO: 
                         板块  平均涨跌幅  股票数量
2  Logistics & Transportation    5.490000         1
1                      Energy    2.703333         3
0               Biotechnology   -1.426000         5
2025-01-25 18:27:42,445 - INFO: 板块分析已保存到 logs/20250125_182737/sector_analysis.json
