
=== 涨幅榜前20名股票 ===
   股票代码                公司名称                市值(亿)                  板块                      昨天收盘                今天收盘          涨跌幅(%)  
   MIND        Mind Technology Inc          0.72                Energy              2025-01-23 8.59     2025-01-24 9.08      5.70   
   PSIG     PS International Group Ltd      0.12      Logistics & Transportation    2025-01-23 0.46     2025-01-24 0.48      5.49   
   GEVO              Gevo Inc               4.44                Energy              2025-01-23 1.78     2025-01-24 1.86      4.49   
   KZR       Kezar Life Sciences Inc        0.46            Biotechnology           2025-01-23 6.27     2025-01-24 6.34      1.12   
   TSHA     Taysha Gene Therapies Inc       3.12            Biotechnology           2025-01-23 1.53     2025-01-24 1.52     -0.65   
   XBIT            XBiotech Inc             1.11            Biotechnology            2025-01-23 3.7     2025-01-24 3.65     -1.35   
   COP            Conocophillips          1317.23               Energy             2025-01-23 103.99   2025-01-24 101.83    -2.08   
   RXRX   Recursion Pharmaceuticals Inc    28.64            Biotechnology           2025-01-23 7.53     2025-01-24 7.33     -2.66   
   SHPH   Shuttle Pharmaceuticals Holdings Inc    0.04            Biotechnology           2025-01-23 0.92     2025-01-24 0.89     -3.59   

=== 市值超过20亿的涨幅榜前20名股票 ===
   股票代码                公司名称                市值(亿)                  板块                      昨天收盘                今天收盘          涨跌幅(%)  
   COP            Conocophillips          1317.23               Energy             2025-01-23 103.99   2025-01-24 101.83    -2.08   
   RXRX   Recursion Pharmaceuticals Inc    28.64            Biotechnology           2025-01-23 7.53     2025-01-24 7.33     -2.66   

=== 市值超过50亿的涨幅榜前50名股票 ===
   股票代码                公司名称                市值(亿)                  板块                      昨天收盘                今天收盘          涨跌幅(%)  
   COP            Conocophillips          1317.23               Energy             2025-01-23 103.99   2025-01-24 101.83    -2.08   

=== 市值超过100亿的涨幅榜前100名股票 ===
   股票代码                公司名称                市值(亿)                  板块                      昨天收盘                今天收盘          涨跌幅(%)  
   COP            Conocophillips          1317.23               Energy             2025-01-23 103.99   2025-01-24 101.83    -2.08   

=== 市值超过200亿的涨幅榜前200名股票 ===
   股票代码                公司名称                市值(亿)                  板块                      昨天收盘                今天收盘          涨跌幅(%)  
   COP            Conocophillips          1317.23               Energy             2025-01-23 103.99   2025-01-24 101.83    -2.08   

=== 市值超过1000亿的涨幅榜前1000名股票 ===
   股票代码                公司名称                市值(亿)                  板块                      昨天收盘                今天收盘          涨跌幅(%)  
   COP            Conocophillips          1317.23               Energy             2025-01-23 103.99   2025-01-24 101.83    -2.08   
