
=== 涨幅榜前20名股票 ===

股票代码                公司名称                市值(亿)              板块                   昨天收盘          今天收盘     涨跌幅(%)
   ATEK   Athena Technology Acquisition Corp II    0.11                             N/A    2025-02-11 1.0    2025-02-12 5.0   400.00 
   TIVC                Tivic Health Systems Inc    0.02                     Health Care   2025-02-11 0.23    2025-02-12 0.7   197.87 
   KDLY                           Kindly MD Inc    0.08                     Health Care   2025-02-11 1.42   2025-02-12 3.28   130.66 
    XLO                  Xilio Therapeutics Inc    0.30                   Biotechnology   2025-02-11 0.66   2025-02-12 1.48   125.27 
   NKGN                       NKGen Biotech Inc    0.17                   Biotechnology   2025-02-11 0.38   2025-02-12 0.84   121.53 
   SPGC                  Sacks Parente Golf Inc    0.04                Leisure Products    2025-02-11 0.4   2025-02-12 0.74    84.99 
   AIFF                Firefly Neuroscience Inc    0.68                     Health Care    2025-02-11 8.4  2025-02-12 12.97    54.40 
   YOSH                     Yoshiharu Global Co    0.13   Hotels, Restaurants & Leisure    2025-02-11 8.8  2025-02-12 13.45    52.84 
  EGIOQ                               Edgio Inc    0.00                      Technology    2025-02-11 0.0    2025-02-12 0.0    50.00 
    GNS                        Genius Group Ltd    0.44   Diversified Consumer Services   2025-02-11 0.32   2025-02-12 0.47    48.44 
    NXU                                NXU Inc.    0.07                          Retail   2025-02-11 0.27   2025-02-12 0.41    48.21 
    YHC                           LQR House Inc    0.19                           Media   2025-02-11 0.83   2025-02-12 1.15    37.89 
   OMGA                  Omega Therapeutics Inc    0.11                   Biotechnology   2025-02-11 0.19   2025-02-12 0.26    34.72 
   LTBR                        Lightbridge Corp    1.71                          Energy  2025-02-11 10.84   2025-02-12 14.6    34.69 
   UPST                    Upstart Holdings Inc   61.43              Financial Services  2025-02-11 67.34  2025-02-12 88.77    31.82 
   ANAB                          AnaptysBio Inc    3.77                   Biotechnology  2025-02-11 12.38  2025-02-12 16.15    30.51 
   QMCO                            Quantum Corp    1.04                      Technology  2025-02-11 17.81  2025-02-12 23.23    30.43 
   INLF                               INLIF Ltd    0.67                       Machinery   2025-02-11 4.63   2025-02-12 5.99    29.37 
   APTO                  Aptose Biosciences Inc    0.11                   Biotechnology   2025-02-11 0.18   2025-02-12 0.23    27.11 
   NTRP                            NextTrip Inc    0.08                      Technology   2025-02-11 4.95   2025-02-12 6.21    25.45 

=== 市值超过20亿的涨幅榜前20名股票 ===

股票代码              公司名称             市值(亿)                板块                    昨天收盘           今天收盘      涨跌幅(%)
   UPST               Upstart Holdings Inc    61.43                Financial Services   2025-02-11 67.34   2025-02-12 88.77    31.82 
   CFLT                      Confluent Inc    98.73                        Technology    2025-02-11 30.1   2025-02-12 37.65    25.08 
   BBAI            BigBear.ai Holdings Inc    20.12                        Technology     2025-02-11 8.0    2025-02-12 9.74    21.75 
    CVS                    CVS Health Corp   692.12                       Health Care    2025-02-11 55.0   2025-02-12 63.22    14.95 
  BAIDF                          Baidu Inc   319.42                             Media    2025-02-11 10.5    2025-02-12 11.9    13.33 
   CHEF               Chefs' Warehouse Inc    21.55                            Retail   2025-02-11 54.48   2025-02-12 59.61     9.42 
  TKAYF           Just Eat Takeaway.com NV    26.35     Hotels, Restaurants & Leisure   2025-02-11 11.61   2025-02-12 12.69     9.30 
   CRSP             CRISPR Therapeutics AG    33.82                     Biotechnology   2025-02-11 39.62    2025-02-12 43.3     9.29 
    MCY               Mercury General Corp    27.74                         Insurance   2025-02-11 50.09   2025-02-12 54.74     9.28 
    DUO           Fangdd Network Group Ltd   192.75                             Media    2025-02-11 0.57    2025-02-12 0.62     8.96 
   RXRX      Recursion Pharmaceuticals Inc    29.93                     Biotechnology    2025-02-11 7.66    2025-02-12 8.34     8.88 
    GFS                GlobalFoundries Inc   222.76                    Semiconductors    2025-02-11 40.1   2025-02-12 43.55     8.60 
   OKLO                           Oklo Inc    61.15                         Utilities   2025-02-11 50.08   2025-02-12 54.38     8.59 
     ST   Sensata Technologies Holding PLC    38.59              Electrical Equipment    2025-02-11 25.8   2025-02-12 28.01     8.57 
  HINKF                        Heineken NV   384.26                         Beverages   2025-02-11 71.74   2025-02-12 77.52     8.06 
   GNRC               Generac Holdings Inc    84.33              Electrical Equipment  2025-02-11 141.74  2025-02-12 152.45     7.56 
   GILD                Gilead Sciences Inc  1198.16                     Biotechnology   2025-02-11 96.14  2025-02-12 103.31     7.46 
   INTC                         Intel Corp   908.00                    Semiconductors   2025-02-11 20.97   2025-02-12 22.48     7.20 
  PPRUF                          Kering SA   303.28  Textiles, Apparel & Luxury Goods   2025-02-11 260.0   2025-02-12 277.4     6.69 
   LCID                    Lucid Group Inc    81.01                       Automobiles    2025-02-11 2.69    2025-02-12 2.87     6.69 

=== 市值超过50亿的涨幅榜前20名股票 ===

股票代码           公司名称          市值(亿)                板块                    昨天收盘           今天收盘      涨跌幅(%)
   UPST         Upstart Holdings Inc    61.43                Financial Services   2025-02-11 67.34   2025-02-12 88.77    31.82 
   CFLT                Confluent Inc    98.73                        Technology    2025-02-11 30.1   2025-02-12 37.65    25.08 
    CVS              CVS Health Corp   692.12                       Health Care    2025-02-11 55.0   2025-02-12 63.22    14.95 
  BAIDF                    Baidu Inc   319.42                             Media    2025-02-11 10.5    2025-02-12 11.9    13.33 
    DUO     Fangdd Network Group Ltd   192.75                             Media    2025-02-11 0.57    2025-02-12 0.62     8.96 
    GFS          GlobalFoundries Inc   222.76                    Semiconductors    2025-02-11 40.1   2025-02-12 43.55     8.60 
   OKLO                     Oklo Inc    61.15                         Utilities   2025-02-11 50.08   2025-02-12 54.38     8.59 
  HINKF                  Heineken NV   384.26                         Beverages   2025-02-11 71.74   2025-02-12 77.52     8.06 
   GNRC         Generac Holdings Inc    84.33              Electrical Equipment  2025-02-11 141.74  2025-02-12 152.45     7.56 
   GILD          Gilead Sciences Inc  1198.16                     Biotechnology   2025-02-11 96.14  2025-02-12 103.31     7.46 
   INTC                   Intel Corp   908.00                    Semiconductors   2025-02-11 20.97   2025-02-12 22.48     7.20 
  PPRUF                    Kering SA   303.28  Textiles, Apparel & Luxury Goods   2025-02-11 260.0   2025-02-12 277.4     6.69 
   LCID              Lucid Group Inc    81.01                       Automobiles    2025-02-11 2.69    2025-02-12 2.87     6.69 
   RBRK                   Rubrik Inc   135.04                        Technology    2025-02-11 72.9   2025-02-12 77.55     6.38 
   HIMS       Hims & Hers Health Inc    95.21                       Health Care   2025-02-11 43.58   2025-02-12 46.34     6.33 
   UTHR     United Therapeutics Corp   157.73                     Biotechnology  2025-02-11 353.31  2025-02-12 370.74     4.93 
   LSCC   Lattice Semiconductor Corp    80.91                    Semiconductors   2025-02-11 58.64   2025-02-12 61.52     4.91 
   HOOD        Robinhood Markets Inc   471.51                Financial Services   2025-02-11 53.34   2025-02-12 55.91     4.82 
   ALKS                 Alkermes Plc    51.71                     Biotechnology   2025-02-11 31.96    2025-02-12 33.5     4.82 
    TPR                 Tapestry Inc   168.43  Textiles, Apparel & Luxury Goods   2025-02-11 81.36   2025-02-12 85.13     4.63 

=== 市值超过100亿的涨幅榜前20名股票 ===

股票代码          公司名称          市值(亿)                板块                    昨天收盘           今天收盘      涨跌幅(%)
    CVS             CVS Health Corp   692.12                       Health Care    2025-02-11 55.0   2025-02-12 63.22    14.95 
  BAIDF                   Baidu Inc   319.42                             Media    2025-02-11 10.5    2025-02-12 11.9    13.33 
    DUO    Fangdd Network Group Ltd   192.75                             Media    2025-02-11 0.57    2025-02-12 0.62     8.96 
    GFS         GlobalFoundries Inc   222.76                    Semiconductors    2025-02-11 40.1   2025-02-12 43.55     8.60 
  HINKF                 Heineken NV   384.26                         Beverages   2025-02-11 71.74   2025-02-12 77.52     8.06 
   GILD         Gilead Sciences Inc  1198.16                     Biotechnology   2025-02-11 96.14  2025-02-12 103.31     7.46 
   INTC                  Intel Corp   908.00                    Semiconductors   2025-02-11 20.97   2025-02-12 22.48     7.20 
  PPRUF                   Kering SA   303.28  Textiles, Apparel & Luxury Goods   2025-02-11 260.0   2025-02-12 277.4     6.69 
   RBRK                  Rubrik Inc   135.04                        Technology    2025-02-11 72.9   2025-02-12 77.55     6.38 
   UTHR    United Therapeutics Corp   157.73                     Biotechnology  2025-02-11 353.31  2025-02-12 370.74     4.93 
   HOOD       Robinhood Markets Inc   471.51                Financial Services   2025-02-11 53.34   2025-02-12 55.91     4.82 
    TPR                Tapestry Inc   168.43  Textiles, Apparel & Luxury Goods   2025-02-11 81.36   2025-02-12 85.13     4.63 
   DKNG              Draftkings Inc   211.83     Hotels, Restaurants & Leisure   2025-02-11 43.44   2025-02-12 45.44     4.60 
   GRAB           Grab Holdings Ltd   189.29                       Road & Rail    2025-02-11 4.78     2025-02-12 5.0     4.60 
   ABNB                  Airbnb Inc   852.82     Hotels, Restaurants & Leisure  2025-02-11 134.52  2025-02-12 140.52     4.46 
     ON       ON Semiconductor Corp   201.99                    Semiconductors   2025-02-11 47.93   2025-02-12 50.06     4.44 
   PLTR   Palantir Technologies Inc  2565.51                        Technology  2025-02-11 112.62  2025-02-12 117.39     4.24 
   NXPI       NXP Semiconductors NV   536.19                    Semiconductors  2025-02-11 210.97  2025-02-12 219.79     4.18 
   INCY                 Incyte Corp   128.36                     Biotechnology   2025-02-11 66.33   2025-02-12 69.05     4.10 
   DASH                DoorDash Inc   802.09     Hotels, Restaurants & Leisure  2025-02-11 193.09  2025-02-12 200.89     4.04 

=== 市值超过200亿的涨幅榜前20名股票 ===

股票代码            公司名称            市值(亿)                板块                    昨天收盘           今天收盘      涨跌幅(%)
    CVS                 CVS Health Corp   692.12                       Health Care    2025-02-11 55.0   2025-02-12 63.22    14.95 
  BAIDF                       Baidu Inc   319.42                             Media    2025-02-11 10.5    2025-02-12 11.9    13.33 
    GFS             GlobalFoundries Inc   222.76                    Semiconductors    2025-02-11 40.1   2025-02-12 43.55     8.60 
  HINKF                     Heineken NV   384.26                         Beverages   2025-02-11 71.74   2025-02-12 77.52     8.06 
   GILD             Gilead Sciences Inc  1198.16                     Biotechnology   2025-02-11 96.14  2025-02-12 103.31     7.46 
   INTC                      Intel Corp   908.00                    Semiconductors   2025-02-11 20.97   2025-02-12 22.48     7.20 
  PPRUF                       Kering SA   303.28  Textiles, Apparel & Luxury Goods   2025-02-11 260.0   2025-02-12 277.4     6.69 
   HOOD           Robinhood Markets Inc   471.51                Financial Services   2025-02-11 53.34   2025-02-12 55.91     4.82 
   DKNG                  Draftkings Inc   211.83     Hotels, Restaurants & Leisure   2025-02-11 43.44   2025-02-12 45.44     4.60 
   ABNB                      Airbnb Inc   852.82     Hotels, Restaurants & Leisure  2025-02-11 134.52  2025-02-12 140.52     4.46 
     ON           ON Semiconductor Corp   201.99                    Semiconductors   2025-02-11 47.93   2025-02-12 50.06     4.44 
   PLTR       Palantir Technologies Inc  2565.51                        Technology  2025-02-11 112.62  2025-02-12 117.39     4.24 
   NXPI           NXP Semiconductors NV   536.19                    Semiconductors  2025-02-11 210.97  2025-02-12 219.79     4.18 
   DASH                    DoorDash Inc   802.09     Hotels, Restaurants & Leisure  2025-02-11 193.09  2025-02-12 200.89     4.04 
   IBKR   Interactive Brokers Group Inc   935.76                Financial Services  2025-02-11 221.47   2025-02-12 230.2     3.94 
     BA                       Boeing Co  1353.43               Aerospace & Defense  2025-02-11 180.44  2025-02-12 186.25     3.22 
   UBER           Uber Technologies Inc  1620.34                       Road & Rail   2025-02-11 76.95   2025-02-12 79.35     3.12 
   COIN             Coinbase Global Inc   668.18                Financial Services   2025-02-11 266.9   2025-02-12 274.9     3.00 
    CME                   CME Group Inc   871.14                Financial Services  2025-02-11 241.74  2025-02-12 248.96     2.99 
    NEM             Newmont Corporation   517.88                   Metals & Mining   2025-02-11 45.49   2025-02-12 46.81     2.90 

=== 市值超过1000亿的涨幅榜前20名股票 ===

股票代码               公司名称               市值(亿)                 板块                     昨天收盘            今天收盘      涨跌幅(%)
   GILD                   Gilead Sciences Inc   1198.16                     Biotechnology    2025-02-11 96.14   2025-02-12 103.31    7.46  
   PLTR             Palantir Technologies Inc   2565.51                        Technology   2025-02-11 112.62   2025-02-12 117.39    4.24  
     BA                             Boeing Co   1353.43               Aerospace & Defense   2025-02-11 180.44   2025-02-12 186.25    3.22  
   UBER                 Uber Technologies Inc   1620.34                       Road & Rail    2025-02-11 76.95    2025-02-12 79.35    3.12  
   SPOT                 Spotify Technology SA   1251.19                             Media   2025-02-11 623.15   2025-02-12 640.59    2.80  
  BABAF             Alibaba Group Holding Ltd   2558.17                            Retail     2025-02-11 14.4    2025-02-12 14.78    2.64  
   BKNG                  Booking Holdings Inc   1620.85     Hotels, Restaurants & Leisure  2025-02-11 4897.32  2025-02-12 5018.11    2.47  
   TSLA                             Tesla Inc  10566.26                       Automobiles    2025-02-11 328.5   2025-02-12 336.51    2.44  
  HESAF              Hermes International SCA   2876.65  Textiles, Apparel & Luxury Goods  2025-02-11 2836.05   2025-02-12 2900.0    2.25  
   NFLX                           Netflix Inc   4312.13                             Media  2025-02-11 1008.08  2025-02-12 1027.31    1.91  
   AAPL                             Apple Inc  34944.35                        Technology   2025-02-11 232.62   2025-02-12 236.87    1.83  
   SBUX                        Starbucks Corp   1261.19     Hotels, Restaurants & Leisure   2025-02-11 111.03   2025-02-12 113.04    1.81  
  LVMHF   LVMH Moet Hennessy Louis Vuitton SE   3422.88  Textiles, Apparel & Luxury Goods    2025-02-11 710.0    2025-02-12 722.0    1.69  
     KO                          Coca-Cola Co   2912.07                         Beverages     2025-02-11 67.6    2025-02-12 68.71    1.64  
    APP                         Applovin Corp   1259.31                        Technology   2025-02-11 375.25   2025-02-12 380.32    1.35  
     PM       Philip Morris International Inc   2300.88                           Tobacco   2025-02-11 147.98   2025-02-12 149.89    1.29  
    NKE                              Nike Inc   1055.22  Textiles, Apparel & Luxury Goods    2025-02-11 71.34    2025-02-12 72.26    1.29  
  EADSF                             Airbus SE   1323.55               Aerospace & Defense   2025-02-11 173.75    2025-02-12 176.0    1.29  
    LLY                      Eli Lilly and Co   8211.58                   Pharmaceuticals    2025-02-11 865.0   2025-02-12 872.97    0.92  
   ADBE                             Adobe Inc   1997.29                        Technology   2025-02-11 458.82   2025-02-12 462.76    0.86  
