
=== 涨幅榜前20名股票 ===
股票代码               公司名称              市值(亿)                板块                      昨天收盘             今天收盘       涨跌幅(%)
RZLT                    Rezolute Inc  1.90                    Biotechnology  2025-12-22 2.05  2025-12-23 2.42 18.05 
AIRI            Air Industries Group  0.14              Aerospace & Defense  2025-12-22 2.96  2025-12-23 3.49 17.91 
CMTL Comtech Telecommunications Corp  1.15                   Communications  2025-12-22 3.89  2025-12-23 4.43 13.88 
BMRA                   Biomerica Inc  0.07                      Health Care  2025-12-22 2.37  2025-12-23 2.62 10.55 
BENF                     Beneficient  1.15               Financial Services  2025-12-22 8.16  2025-12-23 8.83  8.21 
 GHM                     Graham Corp  7.12                        Machinery 2025-12-22 64.79  2025-12-23 69.5  7.27 
PAMT                       PAMT Corp  2.31                      Road & Rail 2025-12-22 11.05 2025-12-23 11.72  6.06 
  AP           Ampco-Pittsburgh Corp  0.82                  Metals & Mining  2025-12-22 4.01  2025-12-23 4.25  5.99 
 CRK          Comstock Resources Inc 63.92                           Energy 2025-12-22 21.81 2025-12-23 23.06  5.73 
USAU                    US Gold Corp  2.96                  Metals & Mining 2025-12-22 20.56 2025-12-23 21.66  5.35 
CENX             Century Aluminum Co 34.71                  Metals & Mining 2025-12-22 37.19 2025-12-23 38.97  4.79 
SCHL                 Scholastic Corp  6.94                            Media  2025-12-22 27.6 2025-12-23 28.86  4.57 
 MPU                 Mega Matrix Inc  0.66                            Media  2025-12-22 0.97  2025-12-23 1.01  4.12 
GTIM      Good Times Restaurants Inc  0.13    Hotels, Restaurants & Leisure  2025-12-22 1.25   2025-12-23 1.3  4.00 
AAOI     Applied Optoelectronics Inc 26.69                   Communications  2025-12-22 39.1 2025-12-23 40.64  3.95 
SRPT        Sarepta Therapeutics Inc 22.25                    Biotechnology 2025-12-22 21.23  2025-12-23 22.0  3.63 
DXLG        Destination XL Group Inc  0.47                           Retail  2025-12-22 0.87   2025-12-23 0.9  3.59 
CSTE                 Caesarstone Ltd  0.58                         Building  2025-12-22 1.68  2025-12-23 1.74  3.57 
TBRG                   TruBridge Inc  3.25                      Health Care 2025-12-22 21.68 2025-12-23 22.42  3.41 
 EVI              EVI Industries Inc  3.53 Trading Companies & Distributors  2025-12-22 24.5 2025-12-23 25.33  3.39 

=== 市值超过20亿的涨幅榜前20名股票 ===
 股票代码             公司名称             市值(亿)                 板块                      昨天收盘              今天收盘       涨跌幅(%)
  CRK      Comstock Resources Inc    63.92                         Energy  2025-12-22 21.81  2025-12-23 23.06  5.73 
 CENX         Century Aluminum Co    34.71                Metals & Mining  2025-12-22 37.19  2025-12-23 38.97  4.79 
 AAOI Applied Optoelectronics Inc    26.69                 Communications   2025-12-22 39.1  2025-12-23 40.64  3.95 
 SRPT    Sarepta Therapeutics Inc    22.25                  Biotechnology  2025-12-22 21.23   2025-12-23 22.0  3.63 
 BMRN BioMarin Pharmaceutical Inc   113.89                  Biotechnology  2025-12-22 59.28  2025-12-23 61.14  3.14 
 NVDA                 NVIDIA Corp 44636.67                 Semiconductors 2025-12-22 183.69 2025-12-23 189.21  3.01 
  FCX        Freeport-McMoRan Inc   727.16                Metals & Mining  2025-12-22 50.64   2025-12-23 51.9  2.49 
 TSEM     Tower Semiconductor Ltd   132.26                 Semiconductors 2025-12-22 118.35 2025-12-23 121.09  2.32 
 ICLR                    ICON PLC   136.79 Life Sciences Tools & Services 2025-12-22 179.14 2025-12-23 183.07  2.19 
 MRCY         Mercury Systems Inc    44.18            Aerospace & Defense  2025-12-22 73.51  2025-12-23 75.07  2.12 
 SEIC          SEI Investments Co   103.28             Financial Services  2025-12-22 84.35  2025-12-23 86.12  2.10 
  NPO                   Enpro Inc    46.09                      Machinery 2025-12-22 218.77 2025-12-23 223.06  1.96 
  EQT                    EQT Corp   333.88                         Energy   2025-12-22 53.5  2025-12-23 54.52  1.91 
BELFA                Bel Fuse Inc    22.01           Electrical Equipment 2025-12-22 154.65 2025-12-23 157.53  1.86 
  CCJ                 Cameco Corp   399.31                         Energy  2025-12-22 91.71  2025-12-23 93.41  1.85 
BELFB                Bel Fuse Inc    22.01           Electrical Equipment 2025-12-22 174.02 2025-12-23 177.23  1.84 
    D         Dominion Energy Inc   488.61                      Utilities  2025-12-22 57.22  2025-12-23 58.14  1.61 
  ESE       ESCO Technologies Inc    51.85                      Machinery 2025-12-22 200.41 2025-12-23 203.62  1.60 
 FELE    Franklin Electric Co Inc    43.66                      Machinery  2025-12-22 98.08  2025-12-23 99.58  1.53 
  MSI      Motorola Solutions Inc   620.75                 Communications  2025-12-22 372.7 2025-12-23 378.38  1.52 

=== 市值超过50亿的涨幅榜前20名股票 ===
股票代码             公司名称              市值(亿)                 板块                      昨天收盘               今天收盘        涨跌幅(%)
 CRK       Comstock Resources Inc    63.92                         Energy   2025-12-22 21.81   2025-12-23 23.06  5.73 
BMRN  BioMarin Pharmaceutical Inc   113.89                  Biotechnology   2025-12-22 59.28   2025-12-23 61.14  3.14 
NVDA                  NVIDIA Corp 44636.67                 Semiconductors  2025-12-22 183.69  2025-12-23 189.21  3.01 
 FCX         Freeport-McMoRan Inc   727.16                Metals & Mining   2025-12-22 50.64    2025-12-23 51.9  2.49 
TSEM      Tower Semiconductor Ltd   132.26                 Semiconductors  2025-12-22 118.35  2025-12-23 121.09  2.32 
ICLR                     ICON PLC   136.79 Life Sciences Tools & Services  2025-12-22 179.14  2025-12-23 183.07  2.19 
SEIC           SEI Investments Co   103.28             Financial Services   2025-12-22 84.35   2025-12-23 86.12  2.10 
 EQT                     EQT Corp   333.88                         Energy    2025-12-22 53.5   2025-12-23 54.52  1.91 
 CCJ                  Cameco Corp   399.31                         Energy   2025-12-22 91.71   2025-12-23 93.41  1.85 
   D          Dominion Energy Inc   488.61                      Utilities   2025-12-22 57.22   2025-12-23 58.14  1.61 
 ESE        ESCO Technologies Inc    51.85                      Machinery  2025-12-22 200.41  2025-12-23 203.62  1.60 
 MSI       Motorola Solutions Inc   620.75                 Communications   2025-12-22 372.7  2025-12-23 378.38  1.52 
PTGX Protagonist Therapeutics Inc    54.64                  Biotechnology   2025-12-22 87.41   2025-12-23 88.73  1.51 
CIEN                   Ciena Corp   333.47                 Communications  2025-12-22 236.75  2025-12-23 240.29  1.50 
 AZO                 Autozone Inc   567.81                         Retail 2025-12-22 3413.81 2025-12-23 3463.61  1.46 
 LNG          Cheniere Energy Inc   407.59                         Energy  2025-12-22 189.37   2025-12-23 191.7  1.23 
 CHD       Church & Dwight Co Inc   202.29              Consumer products   2025-12-22 84.24   2025-12-23 85.25  1.20 
  CL         Colgate-Palmolive Co   637.11              Consumer products   2025-12-22 79.04   2025-12-23 79.93  1.13 
HUBB                  Hubbell Inc   239.70           Electrical Equipment  2025-12-22 451.03  2025-12-23 455.92  1.08 
 ORA       Ormat Technologies Inc    68.15                      Utilities  2025-12-22 112.13  2025-12-23 113.34  1.08 

=== 市值超过100亿的涨幅榜前20名股票 ===
股票代码                    公司名称                    市值(亿)                 板块                      昨天收盘               今天收盘        涨跌幅(%)
BMRN               BioMarin Pharmaceutical Inc   113.89                  Biotechnology   2025-12-22 59.28   2025-12-23 61.14  3.14 
NVDA                               NVIDIA Corp 44636.67                 Semiconductors  2025-12-22 183.69  2025-12-23 189.21  3.01 
 FCX                      Freeport-McMoRan Inc   727.16                Metals & Mining   2025-12-22 50.64    2025-12-23 51.9  2.49 
TSEM                   Tower Semiconductor Ltd   132.26                 Semiconductors  2025-12-22 118.35  2025-12-23 121.09  2.32 
ICLR                                  ICON PLC   136.79 Life Sciences Tools & Services  2025-12-22 179.14  2025-12-23 183.07  2.19 
SEIC                        SEI Investments Co   103.28             Financial Services   2025-12-22 84.35   2025-12-23 86.12  2.10 
 EQT                                  EQT Corp   333.88                         Energy    2025-12-22 53.5   2025-12-23 54.52  1.91 
 CCJ                               Cameco Corp   399.31                         Energy   2025-12-22 91.71   2025-12-23 93.41  1.85 
   D                       Dominion Energy Inc   488.61                      Utilities   2025-12-22 57.22   2025-12-23 58.14  1.61 
 MSI                    Motorola Solutions Inc   620.75                 Communications   2025-12-22 372.7  2025-12-23 378.38  1.52 
CIEN                                Ciena Corp   333.47                 Communications  2025-12-22 236.75  2025-12-23 240.29  1.50 
 AZO                              Autozone Inc   567.81                         Retail 2025-12-22 3413.81 2025-12-23 3463.61  1.46 
 LNG                       Cheniere Energy Inc   407.59                         Energy  2025-12-22 189.37   2025-12-23 191.7  1.23 
 CHD                    Church & Dwight Co Inc   202.29              Consumer products   2025-12-22 84.24   2025-12-23 85.25  1.20 
  CL                      Colgate-Palmolive Co   637.11              Consumer products   2025-12-22 79.04   2025-12-23 79.93  1.13 
HUBB                               Hubbell Inc   239.70           Electrical Equipment  2025-12-22 451.03  2025-12-23 455.92  1.08 
 XOM                          Exxon Mobil Corp  4939.99                         Energy  2025-12-22 118.15  2025-12-23 119.42  1.07 
  TT                    Trane Technologies PLC   864.47                       Building  2025-12-22 389.86  2025-12-23 393.74  1.00 
 AYI                                Acuity Inc   112.56           Electrical Equipment  2025-12-22 367.85  2025-12-23 371.34  0.95 
KTOS Kratos Defense and Security Solutions Inc   137.66            Aerospace & Defense   2025-12-22 81.53    2025-12-23 82.3  0.94 

=== 市值超过200亿的涨幅榜前20名股票 ===
股票代码              公司名称              市值(亿)            板块                 昨天收盘               今天收盘        涨跌幅(%)
NVDA                   NVIDIA Corp 44636.67       Semiconductors  2025-12-22 183.69  2025-12-23 189.21  3.01 
 FCX          Freeport-McMoRan Inc   727.16      Metals & Mining   2025-12-22 50.64    2025-12-23 51.9  2.49 
 EQT                      EQT Corp   333.88               Energy    2025-12-22 53.5   2025-12-23 54.52  1.91 
 CCJ                   Cameco Corp   399.31               Energy   2025-12-22 91.71   2025-12-23 93.41  1.85 
   D           Dominion Energy Inc   488.61            Utilities   2025-12-22 57.22   2025-12-23 58.14  1.61 
 MSI        Motorola Solutions Inc   620.75       Communications   2025-12-22 372.7  2025-12-23 378.38  1.52 
CIEN                    Ciena Corp   333.47       Communications  2025-12-22 236.75  2025-12-23 240.29  1.50 
 AZO                  Autozone Inc   567.81               Retail 2025-12-22 3413.81 2025-12-23 3463.61  1.46 
 LNG           Cheniere Energy Inc   407.59               Energy  2025-12-22 189.37   2025-12-23 191.7  1.23 
 CHD        Church & Dwight Co Inc   202.29    Consumer products   2025-12-22 84.24   2025-12-23 85.25  1.20 
  CL          Colgate-Palmolive Co   637.11    Consumer products   2025-12-22 79.04   2025-12-23 79.93  1.13 
HUBB                   Hubbell Inc   239.70 Electrical Equipment  2025-12-22 451.03  2025-12-23 455.92  1.08 
 XOM              Exxon Mobil Corp  4939.99               Energy  2025-12-22 118.15  2025-12-23 119.42  1.07 
  TT        Trane Technologies PLC   864.47             Building  2025-12-22 389.86  2025-12-23 393.74  1.00 
 LHX     L3Harris Technologies Inc   551.99  Aerospace & Defense   2025-12-22 295.1  2025-12-23 297.83  0.93 
STLD            Steel Dynamics Inc   256.67      Metals & Mining  2025-12-22 175.76   2025-12-23 177.2  0.82 
  CB                     Chubb Ltd  1223.75            Insurance  2025-12-22 310.95   2025-12-23 313.3  0.76 
REGN Regeneron Pharmaceuticals Inc   819.10        Biotechnology  2025-12-22 779.36  2025-12-23 785.17  0.75 
 NRG                NRG Energy Inc   300.80            Utilities  2025-12-22 156.96  2025-12-23 158.11  0.73 
 SRE                        Sempra   574.95            Utilities   2025-12-22 88.09   2025-12-23 88.68  0.67 

=== 市值超过1000亿的涨跌榜前20名股票 ===
 股票代码                 公司名称                  市值(亿)            板块                昨天收盘               今天收盘        涨跌幅(%)
 NVDA                          NVIDIA Corp 44636.67      Semiconductors  2025-12-22 183.69  2025-12-23 189.21  3.01 
  XOM                     Exxon Mobil Corp  4939.99              Energy  2025-12-22 118.15  2025-12-23 119.42  1.07 
   CB                            Chubb Ltd  1223.75           Insurance  2025-12-22 310.95   2025-12-23 313.3  0.76 
    T                             AT&T Inc  1722.74   Telecommunication    2025-12-22 24.3   2025-12-23 24.46  0.66 
 COST                Costco Wholesale Corp  3772.89              Retail   2025-12-22 850.0  2025-12-23 854.79  0.56 
CMCSA                         Comcast Corp  1066.20               Media   2025-12-22 29.26   2025-12-23 29.38  0.41 
  COF           Capital One Financial Corp  1568.80  Financial Services  2025-12-22 246.77   2025-12-23 247.6  0.34 
  IBM International Business Machines Corp  2830.28          Technology  2025-12-22 302.79  2025-12-23 303.78  0.33 
  TTE                     TotalEnergies SE  1203.89              Energy   2025-12-22 65.79   2025-12-23 66.01  0.33 
  ADI                   Analog Devices Inc  1350.56      Semiconductors  2025-12-22 275.82  2025-12-23 276.73  0.33 
 QCOM                         Qualcomm Inc  1865.90      Semiconductors  2025-12-22 174.22  2025-12-23 174.75  0.30 
   GS              Goldman Sachs Group Inc  2696.36  Financial Services   2025-12-22 899.0  2025-12-23 901.71  0.30 
   GE                  General Electric Co  3319.82 Aerospace & Defense  2025-12-22 314.73  2025-12-23 315.53  0.25 
 KLAC                             KLA Corp  1662.98      Semiconductors 2025-12-22 1265.66 2025-12-23 1268.75  0.24 
   BN                      Brookfield Corp  1143.21  Financial Services   2025-12-22 46.17   2025-12-23 46.27  0.22 
  BAC                 Bank of America Corp  4080.63             Banking   2025-12-22 55.88   2025-12-23 55.97  0.16 
   PH                 Parker-Hannifin Corp  1118.61           Machinery  2025-12-22 886.47  2025-12-23 887.14  0.08 
  RTX                             RTX Corp  2489.55 Aerospace & Defense  2025-12-22 185.68  2025-12-23 185.76  0.04 
  AMD           Advanced Micro Devices Inc  3499.48      Semiconductors  2025-12-22 214.95   2025-12-23 214.9 -0.02 
 INTC                           Intel Corp  1734.85      Semiconductors   2025-12-22 36.37   2025-12-23 36.35 -0.05 
