
=== 涨幅榜前20名股票 ===
股票代码                 公司名称                市值(亿)               板块                     昨天收盘            今天收盘      涨跌幅(%)
TNON                   Tenon Medical Inc  0.03                    Health Care 2025-03-24 0.98 2025-03-25 3.75 283.44
  DM                   Desktop Metal Inc  0.76                      Machinery 2025-03-24 2.27 2025-03-25 4.52  99.12
GDHG    Golden Heaven Group Holdings Ltd  0.70  Hotels, Restaurants & Leisure 2025-03-24 1.96 2025-03-25 3.81  94.39
DATS                         DatChat Inc  0.14                     Technology 2025-03-24 2.16 2025-03-25 3.78  75.00
POAI             Predictive Oncology Inc  0.13                    Health Care 2025-03-24 1.12 2025-03-25 1.69  51.57
 RAY                 Raytech Holding Ltd  0.28                   Distributors  2025-03-24 1.3 2025-03-25 1.94  49.23
ZYBT   Zhengye Biotechnology Holding Ltd  2.12                Pharmaceuticals  2025-03-24 5.8  2025-03-25 8.2  41.38
FBRX               Forte Biosciences Inc  0.49                  Biotechnology 2025-03-24 6.32 2025-03-25 8.51  34.65
 SAG                    SAG Holdings Ltd  0.07                   Distributors 2025-03-24 0.77 2025-03-25 1.02  31.95
MKFG             Markforged Holding Corp  0.88                      Machinery 2025-03-24 3.28  2025-03-25 4.3  31.10
PSTV               Plus Therapeutics Inc  0.16                  Biotechnology 2025-03-24 1.14 2025-03-25 1.43  25.44
FUFU                         BitFuFu Inc  7.58                     Technology 2025-03-24 4.46  2025-03-25 5.5  23.32
SFHG Samfine Creation Holdings Group Ltd  0.13 Commercial Services & Supplies 2025-03-24 0.71 2025-03-25 0.87  23.07
SAIH                         SAIHEAT Ltd  0.80                     Technology  2025-03-24 7.4 2025-03-25 9.01  21.76
RHEP      Regional Health Properties Inc  0.02                    Health Care 2025-03-24 1.73  2025-03-25 2.1  21.39
ROLR        High Roller Technologies Inc  0.26  Hotels, Restaurants & Leisure 2025-03-24 2.95 2025-03-25 3.57  21.02
 HIT                  Health In Tech Inc  0.27                      Insurance 2025-03-24 0.64 2025-03-25 0.77  20.31
BHIL                     Benson Hill Inc  0.03                  Food Products 2025-03-24 0.35 2025-03-25 0.42  19.27
 AQB         AquaBounty Technologies Inc  0.02                  Biotechnology 2025-03-24 0.57 2025-03-25 0.68  18.51
MSPR                    MSP Recovery Inc  0.09                    Health Care 2025-03-24 1.29 2025-03-25 1.51  17.05

=== 市值超过20亿的涨幅榜前20名股票 ===
股票代码                 公司名称                 市值(亿)                板块                     昨天收盘              今天收盘       涨跌幅(%)
 DJT Trump Media & Technology Group Corp   52.30                         Media  2025-03-24 21.01  2025-03-25 22.87  8.85 
MBLY                 Mobileye Global Inc  129.35               Auto Components  2025-03-24 15.26  2025-03-25 16.58  8.65 
EPAC             Enerpac Tool Group Corp   25.15                     Machinery  2025-03-24 43.38  2025-03-25 47.02  8.39 
  IP              International Paper Co  287.79                     Packaging  2025-03-24 52.83  2025-03-25 56.26  6.49 
DGNX                         Diginex Ltd   21.66                    Technology  2025-03-24 91.42  2025-03-25 96.99  6.09 
   X            United States Steel Corp   93.60               Metals & Mining  2025-03-24 41.15   2025-03-25 43.0  4.50 
 TTD                      Trade Desk Inc  302.27                         Media  2025-03-24 59.34   2025-03-25 62.0  4.48 
APPF                        Appfolio Inc   80.75                    Technology  2025-03-24 220.6 2025-03-25 230.33  4.41 
ETSY                            ETSY Inc   50.34                        Retail  2025-03-24 45.86  2025-03-25 47.82  4.27 
INTA                          Intapp Inc   49.35                    Technology  2025-03-24 61.62  2025-03-25 64.18  4.15 
 YOU                    Clear Secure Inc   36.46                    Technology   2025-03-24 26.5  2025-03-25 27.51  3.81 
CVNA                          Carvana Co  461.59                        Retail 2025-03-24 213.63 2025-03-25 221.66  3.76 
QRVO                           Qorvo Inc   67.89                Semiconductors  2025-03-24 72.91  2025-03-25 75.63  3.73 
CLBT                   Cellebrite DI Ltd   48.40                    Technology  2025-03-24 19.88  2025-03-25 20.61  3.67 
TSLA                           Tesla Inc 8817.76                   Automobiles 2025-03-24 278.39 2025-03-25 288.14  3.50 
CAAP     Corporacion America Airports SA   30.12 Transportation Infrastructure   2025-03-24 18.4  2025-03-25 19.04  3.48 
 EQX                   Equinox Gold Corp   31.81               Metals & Mining   2025-03-24 6.77    2025-03-25 7.0  3.40 
 FCX                Freeport-McMoRan Inc  605.30               Metals & Mining  2025-03-24 41.61  2025-03-25 43.01  3.36 
TTAM                    Titan America SA   24.52                  Construction   2025-03-24 13.2  2025-03-25 13.63  3.26 
DUOL                        Duolingo Inc  149.22 Diversified Consumer Services  2025-03-24 330.0  2025-03-25 340.5  3.18 

=== 市值超过50亿的涨幅榜前20名股票 ===
股票代码                 公司名称                 市值(亿)                板块                     昨天收盘               今天收盘       涨跌幅(%)
 DJT Trump Media & Technology Group Corp   52.30                         Media   2025-03-24 21.01  2025-03-25 22.87  8.85 
MBLY                 Mobileye Global Inc  129.35               Auto Components   2025-03-24 15.26  2025-03-25 16.58  8.65 
  IP              International Paper Co  287.79                     Packaging   2025-03-24 52.83  2025-03-25 56.26  6.49 
   X            United States Steel Corp   93.60               Metals & Mining   2025-03-24 41.15   2025-03-25 43.0  4.50 
 TTD                      Trade Desk Inc  302.27                         Media   2025-03-24 59.34   2025-03-25 62.0  4.48 
APPF                        Appfolio Inc   80.75                    Technology   2025-03-24 220.6 2025-03-25 230.33  4.41 
ETSY                            ETSY Inc   50.34                        Retail   2025-03-24 45.86  2025-03-25 47.82  4.27 
CVNA                          Carvana Co  461.59                        Retail  2025-03-24 213.63 2025-03-25 221.66  3.76 
QRVO                           Qorvo Inc   67.89                Semiconductors   2025-03-24 72.91  2025-03-25 75.63  3.73 
TSLA                           Tesla Inc 8817.76                   Automobiles  2025-03-24 278.39 2025-03-25 288.14  3.50 
 FCX                Freeport-McMoRan Inc  605.30               Metals & Mining   2025-03-24 41.61  2025-03-25 43.01  3.36 
DUOL                        Duolingo Inc  149.22 Diversified Consumer Services   2025-03-24 330.0  2025-03-25 340.5  3.18 
FOXA                            Fox Corp  235.93                         Media   2025-03-24 53.39  2025-03-25 54.96  2.94 
 SFM          Sprouts Farmers Market Inc  143.09                        Retail  2025-03-24 145.42  2025-03-25 149.7  2.94 
 NET                      Cloudflare Inc  451.81                    Technology  2025-03-24 123.93  2025-03-25 127.5  2.88 
CVLT               Commvault Systems Inc   75.24                    Technology  2025-03-24 169.17 2025-03-25 173.99  2.85 
  ZS                         Zscaler Inc  320.73                    Technology  2025-03-24 209.87 2025-03-25 215.73  2.79 
 BAP                       Credicorp Ltd  153.02                       Banking  2025-03-24 192.16  2025-03-25 197.4  2.73 
MELI                    MercadoLibre Inc 1094.54                        Retail 2025-03-24 2134.31 2025-03-25 2191.3  2.67 
NFLX                         Netflix Inc 4194.12                         Media  2025-03-24 971.99 2025-03-25 997.28  2.60 

=== 市值超过100亿的涨幅榜前20名股票 ===
股票代码              公司名称              市值(亿)                板块                     昨天收盘               今天收盘       涨跌幅(%)
MBLY           Mobileye Global Inc  129.35               Auto Components   2025-03-24 15.26  2025-03-25 16.58  8.65 
  IP        International Paper Co  287.79                     Packaging   2025-03-24 52.83  2025-03-25 56.26  6.49 
 TTD                Trade Desk Inc  302.27                         Media   2025-03-24 59.34   2025-03-25 62.0  4.48 
CVNA                    Carvana Co  461.59                        Retail  2025-03-24 213.63 2025-03-25 221.66  3.76 
TSLA                     Tesla Inc 8817.76                   Automobiles  2025-03-24 278.39 2025-03-25 288.14  3.50 
 FCX          Freeport-McMoRan Inc  605.30               Metals & Mining   2025-03-24 41.61  2025-03-25 43.01  3.36 
DUOL                  Duolingo Inc  149.22 Diversified Consumer Services   2025-03-24 330.0  2025-03-25 340.5  3.18 
FOXA                      Fox Corp  235.93                         Media   2025-03-24 53.39  2025-03-25 54.96  2.94 
 SFM    Sprouts Farmers Market Inc  143.09                        Retail  2025-03-24 145.42  2025-03-25 149.7  2.94 
 NET                Cloudflare Inc  451.81                    Technology  2025-03-24 123.93  2025-03-25 127.5  2.88 
  ZS                   Zscaler Inc  320.73                    Technology  2025-03-24 209.87 2025-03-25 215.73  2.79 
 BAP                 Credicorp Ltd  153.02                       Banking  2025-03-24 192.16  2025-03-25 197.4  2.73 
MELI              MercadoLibre Inc 1094.54                        Retail 2025-03-24 2134.31 2025-03-25 2191.3  2.67 
NFLX                   Netflix Inc 4194.12                         Media  2025-03-24 971.99 2025-03-25 997.28  2.60 
 AUR         Aurora Innovation Inc  128.44                    Technology    2025-03-24 7.64   2025-03-25 7.83  2.49 
 UHS Universal Health Services Inc  121.36                   Health Care  2025-03-24 181.58 2025-03-25 185.91  2.38 
CART                 Maplebear Inc  109.38                        Retail   2025-03-24 40.91  2025-03-25 41.88  2.37 
 NOC         Northrop Grumman Corp  728.24           Aerospace & Defense  2025-03-24 495.08 2025-03-25 506.62  2.33 
ADBE                     Adobe Inc 1727.30                    Technology  2025-03-24 394.47 2025-03-25 403.64  2.32 
UHAL             U-Haul Holding Co  115.92                   Road & Rail   2025-03-24 63.72   2025-03-25 65.2  2.32 

=== 市值超过200亿的涨幅榜前20名股票 ===
股票代码            公司名称             市值(亿)           板块                昨天收盘               今天收盘       涨跌幅(%)
  IP     International Paper Co  287.79           Packaging   2025-03-24 52.83  2025-03-25 56.26  6.49 
 TTD             Trade Desk Inc  302.27               Media   2025-03-24 59.34   2025-03-25 62.0  4.48 
CVNA                 Carvana Co  461.59              Retail  2025-03-24 213.63 2025-03-25 221.66  3.76 
TSLA                  Tesla Inc 8817.76         Automobiles  2025-03-24 278.39 2025-03-25 288.14  3.50 
 FCX       Freeport-McMoRan Inc  605.30     Metals & Mining   2025-03-24 41.61  2025-03-25 43.01  3.36 
FOXA                   Fox Corp  235.93               Media   2025-03-24 53.39  2025-03-25 54.96  2.94 
 NET             Cloudflare Inc  451.81          Technology  2025-03-24 123.93  2025-03-25 127.5  2.88 
  ZS                Zscaler Inc  320.73          Technology  2025-03-24 209.87 2025-03-25 215.73  2.79 
MELI           MercadoLibre Inc 1094.54              Retail 2025-03-24 2134.31 2025-03-25 2191.3  2.67 
NFLX                Netflix Inc 4194.12               Media  2025-03-24 971.99 2025-03-25 997.28  2.60 
 NOC      Northrop Grumman Corp  728.24 Aerospace & Defense  2025-03-24 495.08 2025-03-25 506.62  2.33 
ADBE                  Adobe Inc 1727.30          Technology  2025-03-24 394.47 2025-03-25 403.64  2.32 
 FOX                   Fox Corp  235.93               Media   2025-03-24 49.71  2025-03-25 50.86  2.31 
FTNT               Fortinet Inc  779.36          Technology   2025-03-24 99.79 2025-03-25 102.09  2.30 
 OXY  Occidental Petroleum Corp  461.15              Energy   2025-03-24 47.92  2025-03-25 49.01  2.27 
ISRG     Intuitive Surgical Inc 1841.08         Health Care  2025-03-24 508.58 2025-03-25 519.81  2.21 
  GM          General Motors Co  514.66         Automobiles   2025-03-24 51.46  2025-03-25 52.59  2.20 
CHTR Charter Communications Inc  581.73               Media   2025-03-24 367.5 2025-03-25 375.01  2.04 
TECK         Teck Resources Ltd  213.30     Metals & Mining   2025-03-24 41.91  2025-03-25 42.73  1.96 
 APP              Applovin Corp 1145.29          Technology  2025-03-24 339.72 2025-03-25 346.29  1.93 

=== 市值超过1000亿的涨跌榜前20名股票 ===
 股票代码          公司名称           市值(亿)                 板块                     昨天收盘               今天收盘        涨跌幅(%)
 TSLA              Tesla Inc  8817.76                   Automobiles  2025-03-24 278.39  2025-03-25 288.14  3.50 
 MELI       MercadoLibre Inc  1094.54                        Retail 2025-03-24 2134.31  2025-03-25 2191.3  2.67 
 NFLX            Netflix Inc  4194.12                         Media  2025-03-24 971.99  2025-03-25 997.28  2.60 
 ADBE              Adobe Inc  1727.30                    Technology  2025-03-24 394.47  2025-03-25 403.64  2.32 
 ISRG Intuitive Surgical Inc  1841.08                   Health Care  2025-03-24 508.58  2025-03-25 519.81  2.21 
  APP          Applovin Corp  1145.29                    Technology  2025-03-24 339.72  2025-03-25 346.29  1.93 
 SPOT  Spotify Technology SA  1221.63                         Media  2025-03-24 604.71  2025-03-25 615.88  1.85 
 SPGI         S&P Global Inc  1563.89            Financial Services  2025-03-24 503.94  2025-03-25 513.16  1.83 
GOOGL           Alphabet Inc 20693.87                         Media  2025-03-24 167.68  2025-03-25 170.56  1.72 
 GOOG           Alphabet Inc 20693.87                         Media  2025-03-24 169.93  2025-03-25 172.79  1.68 
  LMT   Lockheed Martin Corp  1030.11           Aerospace & Defense  2025-03-24 434.98  2025-03-25 442.07  1.63 
 BKNG   Booking Holdings Inc  1564.57 Hotels, Restaurants & Leisure 2025-03-24 4709.72 2025-03-25 4777.91  1.45 
  DIS         Walt Disney Co  1825.32                         Media  2025-03-24 100.18  2025-03-25 101.61  1.43 
 AAPL              Apple Inc 33300.93                    Technology  2025-03-24 220.73  2025-03-25 223.75  1.37 
    T               AT&T Inc  1957.13             Telecommunication   2025-03-24 26.96   2025-03-25 27.31  1.30 
  JPM    JPMorgan Chase & Co  6944.69                       Banking  2025-03-24 248.06  2025-03-25 251.13  1.24 
 AMZN         Amazon.com Inc 21691.43                        Retail  2025-03-24 203.26  2025-03-25 205.71  1.21 
 META     Meta Platforms Inc 15824.48                         Media  2025-03-24 618.85  2025-03-25 626.31  1.21 
 GILD    Gilead Sciences Inc  1327.04                 Biotechnology  2025-03-24 106.74  2025-03-25 107.89  1.08 
  BLK          BlackRock Inc  1499.83            Financial Services   2025-03-24 963.5  2025-03-25 973.48  1.04 
