
=== 涨幅榜前20名股票 ===
股票代码                 公司名称                 市值(亿)               板块                     昨天收盘              今天收盘       涨跌幅(%)
SPRC                         Scisparc Ltd  0.01                Pharmaceuticals  2025-09-16 1.84   2025-09-17 4.47 142.93
  GV               Visionary Holdings Inc  0.07  Diversified Consumer Services  2025-09-16 1.66    2025-09-17 2.8  68.17
APLM                       Apollomics Inc  0.13                  Biotechnology 2025-09-16 12.18  2025-09-17 18.43  51.34
 CDT                       CDT Equity Inc  0.02 Life Sciences Tools & Services  2025-09-16 0.64    2025-09-17 0.9  40.02
ILLR                    Triller Group Inc  2.00             Financial Services  2025-09-16 1.14   2025-09-17 1.48  29.82
 SLE          Super League Enterprise Inc  0.04                          Media  2025-09-16 3.21   2025-09-17 4.04  25.86
TOMZ     TOMI Environmental Solutions Inc  0.17 Commercial Services & Supplies  2025-09-16 0.84   2025-09-17 1.03  22.62
LINK            Interlink Electronics Inc  0.87           Electrical Equipment  2025-09-16 8.87  2025-09-17 10.83  22.10
NVNI                       Nvni Group Ltd  0.23                     Technology  2025-09-16 0.66   2025-09-17 0.81  21.98
SHPH Shuttle Pharmaceuticals Holdings Inc  0.04                  Biotechnology  2025-09-16 3.58   2025-09-17 4.36  21.79
FBYD           Falcon's Beyond Global Inc 13.91          Professional Services 2025-09-16 11.49  2025-09-17 13.84  20.45
QMMM                    QMMM Holdings Ltd 15.14                          Media  2025-09-16 88.0 2025-09-17 105.64  20.05
LGMK                        LogicMark Inc  0.02                    Health Care   2025-09-16 0.0    2025-09-17 0.0  20.00
PLUG                       Plug Power Inc 19.40           Electrical Equipment  2025-09-16 1.68    2025-09-17 2.0  19.05
FCUV                  Focus Universal Inc  0.20           Electrical Equipment  2025-09-16 2.76   2025-09-17 3.25  17.75
ENTO              Entero Therapeutics Inc  0.06                  Biotechnology  2025-09-16 4.06   2025-09-17 4.78  17.73
YSXT                      YSX Tech Co Ltd  0.58  Diversified Consumer Services  2025-09-16 2.66   2025-09-17 3.12  17.29
MNPR             Monopar Therapeutics Inc  3.52                  Biotechnology  2025-09-16 57.0  2025-09-17 66.64  16.91
AEHL     Antelope Enterprise Holdings Ltd  0.11                          Media  2025-09-16 3.34   2025-09-17 3.89  16.47
AVTX               Avalo Therapeutics Inc  1.28                  Biotechnology  2025-09-16 9.76  2025-09-17 11.33  16.09

=== 市值超过20亿的涨幅榜前20名股票 ===
股票代码            公司名称            市值(亿)            板块                 昨天收盘              今天收盘       涨跌幅(%)
OPEN  Opendoor Technologies Inc  65.65           Real Estate   2025-09-16 8.92  2025-09-17 10.21 14.46 
RGTI      Rigetti Computing Inc  64.83        Semiconductors   2025-09-16 20.0  2025-09-17 21.99  9.95 
 PSN               Parsons Corp  80.54 Professional Services  2025-09-16 75.42  2025-09-17 82.88  9.89 
  BE          Bloom Energy Corp 171.50  Electrical Equipment  2025-09-16 73.29  2025-09-17 79.67  8.71 
GSAT             Globalstar Inc  40.65     Telecommunication  2025-09-16 32.09  2025-09-17 34.28  6.82 
COCO      Vita Coco Company Inc  22.72             Beverages  2025-09-16 39.98   2025-09-17 42.3  5.80 
CORT   Corcept Therapeutics Inc  75.15       Pharmaceuticals  2025-09-16 71.32  2025-09-17 75.18  5.41 
UUUU           Energy Fuels Inc  30.93                Energy  2025-09-16 13.41  2025-09-17 14.08  5.00 
HGTY                Hagerty Inc  42.44             Insurance  2025-09-16 12.41  2025-09-17 13.02  4.92 
  PL            Planet Labs PBC  30.02 Professional Services   2025-09-16 9.75  2025-09-17 10.23  4.92 
ALAB            Astera Labs Inc 396.91        Semiconductors 2025-09-16 238.79 2025-09-17 249.38  4.43 
TVTX   Travere Therapeutics Inc  20.30         Biotechnology  2025-09-16 22.77  2025-09-17 23.65  3.86 
PFGC  Performance Food Group Co 163.94                Retail 2025-09-16 104.74 2025-09-17 108.72  3.80 
 BTU        Peabody Energy Corp  24.93                Energy   2025-09-16 20.5  2025-09-17 21.27  3.76 
CVNA                 Carvana Co 784.61                Retail 2025-09-16 364.59 2025-09-17 378.06  3.69 
CAMT                 Camtek Ltd  41.03        Semiconductors  2025-09-16 85.84   2025-09-17 89.0  3.68 
DOCU               DocuSign Inc 164.32            Technology  2025-09-16 81.71  2025-09-17 84.52  3.44 
BTDR Bitdeer Technologies Group  32.23            Technology  2025-09-16 16.38  2025-09-17 16.94  3.42 
MBLY        Mobileye Global Inc 113.17       Auto Components  2025-09-16 13.78  2025-09-17 14.25  3.41 
MGNI                Magnite Inc  32.85                 Media  2025-09-16 23.07  2025-09-17 23.85  3.38 

=== 市值超过50亿的涨幅榜前20名股票 ===
股票代码            公司名称           市值(亿)            板块                 昨天收盘              今天收盘       涨跌幅(%)
OPEN Opendoor Technologies Inc  65.65           Real Estate   2025-09-16 8.92  2025-09-17 10.21 14.46 
RGTI     Rigetti Computing Inc  64.83        Semiconductors   2025-09-16 20.0  2025-09-17 21.99  9.95 
 PSN              Parsons Corp  80.54 Professional Services  2025-09-16 75.42  2025-09-17 82.88  9.89 
  BE         Bloom Energy Corp 171.50  Electrical Equipment  2025-09-16 73.29  2025-09-17 79.67  8.71 
CORT  Corcept Therapeutics Inc  75.15       Pharmaceuticals  2025-09-16 71.32  2025-09-17 75.18  5.41 
ALAB           Astera Labs Inc 396.91        Semiconductors 2025-09-16 238.79 2025-09-17 249.38  4.43 
PFGC Performance Food Group Co 163.94                Retail 2025-09-16 104.74 2025-09-17 108.72  3.80 
CVNA                Carvana Co 784.61                Retail 2025-09-16 364.59 2025-09-17 378.06  3.69 
DOCU              DocuSign Inc 164.32            Technology  2025-09-16 81.71  2025-09-17 84.52  3.44 
MBLY       Mobileye Global Inc 113.17       Auto Components  2025-09-16 13.78  2025-09-17 14.25  3.41 
LCID           Lucid Group Inc  60.59           Automobiles  2025-09-16 19.72  2025-09-17 20.36  3.25 
  GH       Guardant Health Inc  69.09           Health Care   2025-09-16 55.4  2025-09-17 57.19  3.23 
SNAP                  Snap Inc 130.79                 Media   2025-09-16 7.74   2025-09-17 7.99  3.23 
TSEM   Tower Semiconductor Ltd  73.44        Semiconductors  2025-09-16 65.71   2025-09-17 67.8  3.18 
KNTK      Kinetik Holdings Inc  69.29                Energy  2025-09-16 42.79  2025-09-17 44.13  3.13 
MRVL    Marvell Technology Inc 593.64        Semiconductors  2025-09-16 68.86  2025-09-17 70.98  3.08 
 FOX                  Fox Corp 242.94                 Media  2025-09-16 52.01  2025-09-17 53.57  3.00 
SOUN         SoundHound AI Inc  59.89            Technology  2025-09-16 14.69  2025-09-17 15.12  2.93 
SATS             EchoStar Corp 200.83                 Media   2025-09-16 69.8  2025-09-17 71.81  2.88 
 NXT            Nextracker Inc  98.91  Electrical Equipment  2025-09-16 66.85  2025-09-17 68.71  2.78 

=== 市值超过100亿的涨幅榜前20名股票 ===
股票代码             公司名称              市值(亿)           板块                 昨天收盘              今天收盘       涨跌幅(%)
  BE            Bloom Energy Corp  171.50 Electrical Equipment  2025-09-16 73.29  2025-09-17 79.67  8.71 
ALAB              Astera Labs Inc  396.91       Semiconductors 2025-09-16 238.79 2025-09-17 249.38  4.43 
PFGC    Performance Food Group Co  163.94               Retail 2025-09-16 104.74 2025-09-17 108.72  3.80 
CVNA                   Carvana Co  784.61               Retail 2025-09-16 364.59 2025-09-17 378.06  3.69 
DOCU                 DocuSign Inc  164.32           Technology  2025-09-16 81.71  2025-09-17 84.52  3.44 
MBLY          Mobileye Global Inc  113.17      Auto Components  2025-09-16 13.78  2025-09-17 14.25  3.41 
SNAP                     Snap Inc  130.79                Media   2025-09-16 7.74   2025-09-17 7.99  3.23 
MRVL       Marvell Technology Inc  593.64       Semiconductors  2025-09-16 68.86  2025-09-17 70.98  3.08 
 FOX                     Fox Corp  242.94                Media  2025-09-16 52.01  2025-09-17 53.57  3.00 
SATS                EchoStar Corp  200.83                Media   2025-09-16 69.8  2025-09-17 71.81  2.88 
 BAP                Credicorp Ltd  215.37              Banking 2025-09-16 270.79 2025-09-17 278.29  2.77 
 AXP          American Express Co 2275.81   Financial Services 2025-09-16 327.04  2025-09-17 336.0  2.74 
CHTR   Charter Communications Inc  398.00                Media 2025-09-16 261.08 2025-09-17 268.02  2.66 
PYPL          PayPal Holdings Inc  638.67   Financial Services  2025-09-16 66.85  2025-09-17 68.62  2.65 
SNDK                 Sandisk Corp  133.48           Technology  2025-09-16 91.55  2025-09-17 93.97  2.64 
AVAV            AeroVironment Inc  132.75  Aerospace & Defense 2025-09-16 265.87 2025-09-17 272.07  2.33 
 CFG Citizens Financial Group Inc  220.55              Banking  2025-09-16 51.13  2025-09-17 52.27  2.23 
 EXE           Expand Energy Corp  232.24               Energy  2025-09-16 97.52  2025-09-17 99.68  2.21 
TRGP         Targa Resources Corp  350.63               Energy 2025-09-16 162.94 2025-09-17 166.52  2.20 
COOP          Mr Cooper Group Inc  138.37   Financial Services 2025-09-16 216.22  2025-09-17 220.9  2.16 

=== 市值超过200亿的涨幅榜前20名股票 ===
股票代码               公司名称               市值(亿)          板块                昨天收盘              今天收盘       涨跌幅(%)
ALAB                 Astera Labs Inc  396.91     Semiconductors 2025-09-16 238.79 2025-09-17 249.38  4.43 
CVNA                      Carvana Co  784.61             Retail 2025-09-16 364.59 2025-09-17 378.06  3.69 
MRVL          Marvell Technology Inc  593.64     Semiconductors  2025-09-16 68.86  2025-09-17 70.98  3.08 
 FOX                        Fox Corp  242.94              Media  2025-09-16 52.01  2025-09-17 53.57  3.00 
SATS                   EchoStar Corp  200.83              Media   2025-09-16 69.8  2025-09-17 71.81  2.88 
 BAP                   Credicorp Ltd  215.37            Banking 2025-09-16 270.79 2025-09-17 278.29  2.77 
 AXP             American Express Co 2275.81 Financial Services 2025-09-16 327.04  2025-09-17 336.0  2.74 
CHTR      Charter Communications Inc  398.00              Media 2025-09-16 261.08 2025-09-17 268.02  2.66 
PYPL             PayPal Holdings Inc  638.67 Financial Services  2025-09-16 66.85  2025-09-17 68.62  2.65 
 CFG    Citizens Financial Group Inc  220.55            Banking  2025-09-16 51.13  2025-09-17 52.27  2.23 
 EXE              Expand Energy Corp  232.24             Energy  2025-09-16 97.52  2025-09-17 99.68  2.21 
TRGP            Targa Resources Corp  350.63             Energy 2025-09-16 162.94 2025-09-17 166.52  2.20 
  MA                  Mastercard Inc 5301.31 Financial Services 2025-09-16 586.42 2025-09-17 598.63  2.08 
DELL           Dell Technologies Inc  859.16         Technology 2025-09-16 127.68 2025-09-17 130.34  2.08 
MCHP        Microchip Technology Inc  347.82     Semiconductors  2025-09-16 64.45  2025-09-17 65.78  2.06 
  PM Philip Morris International Inc 2536.62            Tobacco 2025-09-16 162.96  2025-09-17 166.3  2.05 
MSCI                        MSCI Inc  438.68 Financial Services 2025-09-16 567.02 2025-09-17 578.64  2.05 
   Z                Zillow Group Inc  214.29        Real Estate  2025-09-16 88.55  2025-09-17 90.32  2.00 
 CCJ                     Cameco Corp  349.31             Energy  2025-09-16 80.23  2025-09-17 81.81  1.97 
  ZG                Zillow Group Inc  214.29        Real Estate   2025-09-16 85.1  2025-09-17 86.76  1.95 

=== 市值超过1000亿的涨跌榜前20名股票 ===
 股票代码                 公司名称                 市值(亿)                  板块                       昨天收盘               今天收盘        涨跌幅(%)
  AXP                 American Express Co  2275.81               Financial Services  2025-09-16 327.04   2025-09-17 336.0  2.74 
   MA                      Mastercard Inc  5301.31               Financial Services  2025-09-16 586.42  2025-09-17 598.63  2.08 
   PM     Philip Morris International Inc  2536.62                          Tobacco  2025-09-16 162.96   2025-09-17 166.3  2.05 
    V                            Visa Inc  6551.02               Financial Services  2025-09-16 340.03   2025-09-17 346.2  1.81 
  TXN               Texas Instruments Inc  1614.90                   Semiconductors  2025-09-16 177.63   2025-09-17 180.3  1.50 
  BAC                Bank of America Corp  3752.36                          Banking   2025-09-16 50.66    2025-09-17 51.4  1.46 
   KO                        Coca-Cola Co  2850.75                        Beverages   2025-09-16 66.24   2025-09-17 67.04  1.21 
  CRM                      Salesforce Inc  2278.23                       Technology  2025-09-16 239.31  2025-09-17 242.21  1.21 
 LRCX                   Lam Research Corp  1524.69                   Semiconductors  2025-09-16 120.47   2025-09-17 121.9  1.19 
 CSCO                   Cisco Systems Inc  2645.87                   Communications   2025-09-16 66.93   2025-09-17 67.72  1.18 
 COST               Costco Wholesale Corp  4222.21                           Retail  2025-09-16 952.07  2025-09-17 963.03  1.15 
  BLK                       BlackRock Inc  1825.87               Financial Services 2025-09-16 1118.89 2025-09-17 1131.78  1.15 
LVMHF LVMH Moet Hennessy Louis Vuitton SE  2518.70 Textiles, Apparel & Luxury Goods  2025-09-16 602.18   2025-09-17 609.0  1.13 
   GS             Goldman Sachs Group Inc  2377.97               Financial Services  2025-09-16 785.53  2025-09-17 794.22  1.11 
   MO                    Altria Group Inc  1088.74                          Tobacco   2025-09-16 64.81   2025-09-17 65.51  1.08 
 HOOD               Robinhood Markets Inc  1043.13               Financial Services  2025-09-16 117.38  2025-09-17 118.64  1.07 
  ABT                 Abbott Laboratories  2310.63                      Health Care  2025-09-16 132.76  2025-09-17 134.17  1.06 
 TSLA                           Tesla Inc 13599.14                      Automobiles  2025-09-16 421.62  2025-09-17 425.86  1.01 
  ADI                  Analog Devices Inc  1200.86                   Semiconductors   2025-09-16 244.1  2025-09-17 246.32  0.91 
  JPM                 JPMorgan Chase & Co  8501.96                          Banking  2025-09-16 309.19  2025-09-17 311.75  0.83 
