
=== 涨幅榜前20名股票 ===
 股票代码                公司名称               市值(亿)                板块                     昨天收盘              今天收盘       涨跌幅(%)
  GDC              GD Culture Group Ltd   1.94                         Media   2025-12-18 3.47   2025-12-19 5.26 51.59 
 BENF                       Beneficient   0.72            Financial Services   2025-12-18 5.13   2025-12-19 6.85 33.53 
UONEK                     Urban One Inc   0.43                         Media   2025-12-18 0.89   2025-12-19 1.09 22.47 
 BMRN       BioMarin Pharmaceutical Inc  99.80                 Biotechnology  2025-12-18 51.95  2025-12-19 61.15 17.71 
   AP             Ampco-Pittsburgh Corp   0.74               Metals & Mining   2025-12-18 3.64   2025-12-19 4.09 12.36 
 USAU                      US Gold Corp   2.43               Metals & Mining  2025-12-18 16.86  2025-12-19 18.87 11.92 
  SNT         Senstar Technologies Corp   0.81          Electrical Equipment   2025-12-18 3.49   2025-12-19 3.88 11.17 
 GREE Greenidge Generation Holdings Inc   0.24                    Technology   2025-12-18 1.53   2025-12-19 1.69 10.46 
  CCL                     Carnival Corp 369.65 Hotels, Restaurants & Leisure  2025-12-18 28.34  2025-12-19 31.12  9.81 
 CIEN                        Ciena Corp 296.80                Communications 2025-12-18 210.71 2025-12-19 230.34  9.32 
 CMTL   Comtech Telecommunications Corp   0.91                Communications   2025-12-18 3.08   2025-12-19 3.35  8.77 
 RIOT                Riot Platforms Inc  49.75                    Technology  2025-12-18 13.38   2025-12-19 14.5  8.37 
  ELA                       Envela Corp   3.50                        Retail  2025-12-18 13.48  2025-12-19 14.57  8.09 
 CENX               Century Aluminum Co  31.56               Metals & Mining  2025-12-18 33.81  2025-12-19 36.21  7.10 
 AAOI       Applied Optoelectronics Inc  19.97                Communications  2025-12-18 29.25  2025-12-19 31.32  7.08 
 OGEN                     Oragenics Inc   0.03                 Biotechnology   2025-12-18 0.82   2025-12-19 0.88  7.05 
 MGIC    Magic Software Enterprises Ltd  12.10                    Technology  2025-12-18 24.65  2025-12-19 26.29  6.65 
 NKTR               Nektar Therapeutics   8.95               Pharmaceuticals   2025-12-18 44.0  2025-12-19 46.84  6.45 
 LPTH        LightPath Technologies Inc   3.83          Electrical Equipment   2025-12-18 7.18   2025-12-19 7.64  6.41 
 VICR                        Vicor Corp  44.13          Electrical Equipment  2025-12-18 98.29  2025-12-19 104.4  6.22 

=== 市值超过20亿的涨幅榜前20名股票 ===
 股票代码                    公司名称                    市值(亿)                 板块                     昨天收盘              今天收盘       涨跌幅(%)
 BMRN               BioMarin Pharmaceutical Inc    99.80                 Biotechnology  2025-12-18 51.95  2025-12-19 61.15 17.71 
  CCL                             Carnival Corp   369.65 Hotels, Restaurants & Leisure  2025-12-18 28.34  2025-12-19 31.12  9.81 
 CIEN                                Ciena Corp   296.80                Communications 2025-12-18 210.71 2025-12-19 230.34  9.32 
 RIOT                        Riot Platforms Inc    49.75                    Technology  2025-12-18 13.38   2025-12-19 14.5  8.37 
 CENX                       Century Aluminum Co    31.56               Metals & Mining  2025-12-18 33.81  2025-12-19 36.21  7.10 
 VICR                                Vicor Corp    44.13          Electrical Equipment  2025-12-18 98.29  2025-12-19 104.4  6.22 
  AMD                Advanced Micro Devices Inc  3273.34                Semiconductors 2025-12-18 201.06 2025-12-19 213.43  6.15 
 COHR                             Coherent Corp   276.13          Electrical Equipment 2025-12-18 175.71 2025-12-19 185.83  5.76 
 KTOS Kratos Defense and Security Solutions Inc   120.55           Aerospace & Defense   2025-12-18 71.4  2025-12-19 75.39  5.59 
  FDS              Factset Research Systems Inc   102.30            Financial Services 2025-12-18 273.39 2025-12-19 288.54  5.54 
 INCY                               Incyte Corp   191.04                 Biotechnology  2025-12-18 97.31 2025-12-19 102.69  5.53 
BELFB                              Bel Fuse Inc    21.07          Electrical Equipment 2025-12-18 166.55 2025-12-19 175.69  5.49 
 RMBS                                Rambus Inc    98.49                Semiconductors  2025-12-18 91.49  2025-12-19 96.39  5.36 
 VSEC                                  VSE Corp    39.63           Aerospace & Defense 2025-12-18 167.66  2025-12-19 175.8  4.86 
 LRCX                         Lam Research Corp  2068.68                Semiconductors  2025-12-18 164.7 2025-12-19 172.27  4.60 
 SANM                              Sanmina Corp    79.11          Electrical Equipment 2025-12-18 144.99 2025-12-19 151.52  4.50 
 VSAT                                Viasat Inc    47.29                Communications  2025-12-18 32.38  2025-12-19 33.81  4.42 
 NVDA                               NVIDIA Corp 42316.02                Semiconductors 2025-12-18 174.14 2025-12-19 180.99  3.93 
 PEGA                           Pegasystems Inc    99.95                    Technology  2025-12-18 58.89  2025-12-19 61.17  3.87 
BELFA                              Bel Fuse Inc    21.07          Electrical Equipment 2025-12-18 147.45  2025-12-19 152.9  3.70 

=== 市值超过50亿的涨幅榜前20名股票 ===
股票代码                    公司名称                    市值(亿)                 板块                     昨天收盘              今天收盘       涨跌幅(%)
BMRN               BioMarin Pharmaceutical Inc    99.80                 Biotechnology  2025-12-18 51.95  2025-12-19 61.15 17.71 
 CCL                             Carnival Corp   369.65 Hotels, Restaurants & Leisure  2025-12-18 28.34  2025-12-19 31.12  9.81 
CIEN                                Ciena Corp   296.80                Communications 2025-12-18 210.71 2025-12-19 230.34  9.32 
 AMD                Advanced Micro Devices Inc  3273.34                Semiconductors 2025-12-18 201.06 2025-12-19 213.43  6.15 
COHR                             Coherent Corp   276.13          Electrical Equipment 2025-12-18 175.71 2025-12-19 185.83  5.76 
KTOS Kratos Defense and Security Solutions Inc   120.55           Aerospace & Defense   2025-12-18 71.4  2025-12-19 75.39  5.59 
 FDS              Factset Research Systems Inc   102.30            Financial Services 2025-12-18 273.39 2025-12-19 288.54  5.54 
INCY                               Incyte Corp   191.04                 Biotechnology  2025-12-18 97.31 2025-12-19 102.69  5.53 
RMBS                                Rambus Inc    98.49                Semiconductors  2025-12-18 91.49  2025-12-19 96.39  5.36 
LRCX                         Lam Research Corp  2068.68                Semiconductors  2025-12-18 164.7 2025-12-19 172.27  4.60 
SANM                              Sanmina Corp    79.11          Electrical Equipment 2025-12-18 144.99 2025-12-19 151.52  4.50 
NVDA                               NVIDIA Corp 42316.02                Semiconductors 2025-12-18 174.14 2025-12-19 180.99  3.93 
PEGA                           Pegasystems Inc    99.95                    Technology  2025-12-18 58.89  2025-12-19 61.17  3.87 
AEIS            Advanced Energy Industries Inc    78.80          Electrical Equipment 2025-12-18 208.77 2025-12-19 216.09  3.51 
HALO                 Halozyme Therapeutics Inc    76.57                 Biotechnology  2025-12-18 65.11  2025-12-19 67.35  3.44 
NVMI                                  Nova Ltd    95.47                Semiconductors 2025-12-18 312.78 2025-12-19 322.83  3.21 
 ATI                                   ATI Inc   149.12           Aerospace & Defense 2025-12-18 109.76 2025-12-19 113.28  3.21 
LSCC                Lattice Semiconductor Corp    99.90                Semiconductors  2025-12-18 73.03  2025-12-19 75.31  3.12 
AMKR                      Amkor Technology Inc    97.15                Semiconductors   2025-12-18 39.3  2025-12-19 40.39  2.77 
 FTI                            TechnipFMC PLC   176.05                        Energy  2025-12-18 43.52  2025-12-19 44.72  2.76 

=== 市值超过100亿的涨幅榜前20名股票 ===
股票代码                    公司名称                    市值(亿)                 板块                     昨天收盘              今天收盘       涨跌幅(%)
 CCL                             Carnival Corp   369.65 Hotels, Restaurants & Leisure  2025-12-18 28.34  2025-12-19 31.12  9.81 
CIEN                                Ciena Corp   296.80                Communications 2025-12-18 210.71 2025-12-19 230.34  9.32 
 AMD                Advanced Micro Devices Inc  3273.34                Semiconductors 2025-12-18 201.06 2025-12-19 213.43  6.15 
COHR                             Coherent Corp   276.13          Electrical Equipment 2025-12-18 175.71 2025-12-19 185.83  5.76 
KTOS Kratos Defense and Security Solutions Inc   120.55           Aerospace & Defense   2025-12-18 71.4  2025-12-19 75.39  5.59 
 FDS              Factset Research Systems Inc   102.30            Financial Services 2025-12-18 273.39 2025-12-19 288.54  5.54 
INCY                               Incyte Corp   191.04                 Biotechnology  2025-12-18 97.31 2025-12-19 102.69  5.53 
LRCX                         Lam Research Corp  2068.68                Semiconductors  2025-12-18 164.7 2025-12-19 172.27  4.60 
NVDA                               NVIDIA Corp 42316.02                Semiconductors 2025-12-18 174.14 2025-12-19 180.99  3.93 
 ATI                                   ATI Inc   149.12           Aerospace & Defense 2025-12-18 109.76 2025-12-19 113.28  3.21 
 FTI                            TechnipFMC PLC   176.05                        Energy  2025-12-18 43.52  2025-12-19 44.72  2.76 
 CCJ                               Cameco Corp   381.33                        Energy  2025-12-18 87.58  2025-12-19 89.99  2.75 
REGN             Regeneron Pharmaceuticals Inc   786.89                 Biotechnology 2025-12-18 748.71 2025-12-19 767.96  2.57 
 FCX                      Freeport-McMoRan Inc   688.10               Metals & Mining  2025-12-18 47.92  2025-12-19 49.15  2.57 
IONS                 Ionis Pharmaceuticals Inc   125.74                 Biotechnology  2025-12-18 77.63  2025-12-19 79.57  2.50 
 TER                              Teradyne Inc   298.26                Semiconductors 2025-12-18 190.45 2025-12-19 195.18  2.48 
 RCL               Royal Caribbean Cruises Ltd   781.95 Hotels, Restaurants & Leisure 2025-12-18 286.73 2025-12-19 293.59  2.39 
TSEM                   Tower Semiconductor Ltd   130.41                Semiconductors 2025-12-18 116.69 2025-12-19 119.16  2.12 
 RTX                                  RTX Corp  2390.46           Aerospace & Defense 2025-12-18 178.29 2025-12-19 182.01  2.09 
CASY                 Caseys General Stores Inc   202.96                        Retail 2025-12-18 547.54 2025-12-19 558.49  2.00 

=== 市值超过200亿的涨幅榜前20名股票 ===
股票代码              公司名称              市值(亿)                 板块                     昨天收盘               今天收盘        涨跌幅(%)
 CCL                 Carnival Corp   369.65 Hotels, Restaurants & Leisure   2025-12-18 28.34   2025-12-19 31.12  9.81 
CIEN                    Ciena Corp   296.80                Communications  2025-12-18 210.71  2025-12-19 230.34  9.32 
 AMD    Advanced Micro Devices Inc  3273.34                Semiconductors  2025-12-18 201.06  2025-12-19 213.43  6.15 
COHR                 Coherent Corp   276.13          Electrical Equipment  2025-12-18 175.71  2025-12-19 185.83  5.76 
LRCX             Lam Research Corp  2068.68                Semiconductors   2025-12-18 164.7  2025-12-19 172.27  4.60 
NVDA                   NVIDIA Corp 42316.02                Semiconductors  2025-12-18 174.14  2025-12-19 180.99  3.93 
 CCJ                   Cameco Corp   381.33                        Energy   2025-12-18 87.58   2025-12-19 89.99  2.75 
REGN Regeneron Pharmaceuticals Inc   786.89                 Biotechnology  2025-12-18 748.71  2025-12-19 767.96  2.57 
 FCX          Freeport-McMoRan Inc   688.10               Metals & Mining   2025-12-18 47.92   2025-12-19 49.15  2.57 
 TER                  Teradyne Inc   298.26                Semiconductors  2025-12-18 190.45  2025-12-19 195.18  2.48 
 RCL   Royal Caribbean Cruises Ltd   781.95 Hotels, Restaurants & Leisure  2025-12-18 286.73  2025-12-19 293.59  2.39 
 RTX                      RTX Corp  2390.46           Aerospace & Defense  2025-12-18 178.29  2025-12-19 182.01  2.09 
CASY     Caseys General Stores Inc   202.96                        Retail  2025-12-18 547.54  2025-12-19 558.49  2.00 
  GS       Goldman Sachs Group Inc  2628.27            Financial Services   2025-12-18 876.3  2025-12-19 893.48  1.96 
KLAC                      KLA Corp  1606.13                Semiconductors 2025-12-18 1222.39 2025-12-19 1245.67  1.90 
 BAC          Bank of America Corp  3962.33                       Banking   2025-12-18 54.26   2025-12-19 55.27  1.86 
  GE           General Electric Co  3182.27           Aerospace & Defense  2025-12-18 301.69  2025-12-19 307.21  1.83 
HUBB                   Hubbell Inc   231.10          Electrical Equipment  2025-12-18 434.85  2025-12-19 442.51  1.76 
 RJF   Raymond James Financial Inc   315.11            Financial Services  2025-12-18 160.22  2025-12-19 163.01  1.74 
 LHX     L3Harris Technologies Inc   528.84           Aerospace & Defense  2025-12-18 282.72  2025-12-19 287.45  1.67 

=== 市值超过1000亿的涨跌榜前20名股票 ===
股票代码                 公司名称                  市值(亿)              板块                   昨天收盘               今天收盘        涨跌幅(%)
 AMD           Advanced Micro Devices Inc  3273.34           Semiconductors  2025-12-18 201.06  2025-12-19 213.43  6.15 
LRCX                    Lam Research Corp  2068.68           Semiconductors   2025-12-18 164.7  2025-12-19 172.27  4.60 
NVDA                          NVIDIA Corp 42316.02           Semiconductors  2025-12-18 174.14  2025-12-19 180.99  3.93 
 RTX                             RTX Corp  2390.46      Aerospace & Defense  2025-12-18 178.29  2025-12-19 182.01  2.09 
  GS              Goldman Sachs Group Inc  2628.27       Financial Services   2025-12-18 876.3  2025-12-19 893.48  1.96 
KLAC                             KLA Corp  1606.13           Semiconductors 2025-12-18 1222.39 2025-12-19 1245.67  1.90 
 BAC                 Bank of America Corp  3962.33                  Banking   2025-12-18 54.26   2025-12-19 55.27  1.86 
  GE                  General Electric Co  3182.27      Aerospace & Defense  2025-12-18 301.69  2025-12-19 307.21  1.83 
 BMY              Bristol-Myers Squibb Co  1085.67          Pharmaceuticals   2025-12-18 53.33   2025-12-19 54.19  1.61 
INTC                           Intel Corp  1730.56           Semiconductors   2025-12-18 36.28   2025-12-19 36.82  1.49 
  BN                      Brookfield Corp  1108.48       Financial Services   2025-12-18 44.77   2025-12-19 45.28  1.14 
 TTE                     TotalEnergies SE  1189.22                   Energy   2025-12-18 65.12    2025-12-19 65.7  0.89 
  PH                 Parker-Hannifin Corp  1095.24                Machinery  2025-12-18 867.95  2025-12-19 874.81  0.79 
QCOM                         Qualcomm Inc  1865.57           Semiconductors  2025-12-18 174.19  2025-12-19 175.25  0.61 
 HON          Honeywell International Inc  1257.58 Industrial Conglomerates  2025-12-18 198.08  2025-12-19 199.11  0.52 
 COF           Capital One Financial Corp  1543.56       Financial Services   2025-12-18 242.8  2025-12-19 243.73  0.38 
 ABT                  Abbott Laboratories  2175.68              Health Care  2025-12-18 125.12  2025-12-19 125.45  0.26 
 IBM International Business Machines Corp  2808.41               Technology  2025-12-18 300.45  2025-12-19 300.98  0.18 
 MDT                        Medtronic PLC  1262.53              Health Care   2025-12-18 98.48   2025-12-19 98.63  0.15 
 XOM                     Exxon Mobil Corp  4939.99                   Energy  2025-12-18 116.54  2025-12-19 116.69  0.13 
