
=== 涨幅榜前20名股票 ===
 股票代码                公司名称               市值(亿)               板块                     昨天收盘             今天收盘       涨跌幅(%)
RTCJF               Baijiayun Group Ltd  0.00                     Technology  2026-03-16 0.22   2026-03-17 1.0 354.41
 LNAI                Lunai Bioworks Inc  0.05                  Biotechnology  2026-03-16 0.21  2026-03-17 0.56 162.64
 UCAR                       U Power Ltd  0.04                         Retail  2026-03-16 0.44  2026-03-17 0.72  62.66
 ENFY                    Enlightify Inc  0.00                      Chemicals  2026-03-16 0.02  2026-03-17 0.03  49.50
 ALUR         Allurion Technologies Inc  0.08  Diversified Consumer Services  2026-03-16 0.38  2026-03-17 0.56  47.37
 BIAF      bioAffinity Technologies Inc  0.12                  Biotechnology  2026-03-16 1.91  2026-03-17 2.74  43.46
 LNZA              Lanzatech Global Inc  0.45 Commercial Services & Supplies 2026-03-16 13.77 2026-03-17 18.85  36.89
 EDSA                 Edesa Biotech Inc  0.59                  Biotechnology  2026-03-16 5.12   2026-03-17 7.0  36.72
 INLF                         INLIF Ltd  0.02                      Machinery  2026-03-16 0.32  2026-03-17 0.43  34.69
 LONA                      LeonaBio Inc  0.92                Pharmaceuticals  2026-03-16 8.42  2026-03-17 11.3  34.20
 ISPR             Ispire Technology Inc  1.26                        Tobacco  2026-03-16 1.74   2026-03-17 2.3  32.56
  OCG      Oriental Culture Holding Ltd  0.02                          Media  2026-03-16 0.79  2026-03-17 1.03  31.04
 GAUZ                         Gauzy Ltd  0.11           Electrical Equipment  2026-03-16 0.53  2026-03-17 0.69  30.19
  JVA             Coffee Holding Co Inc  0.24                  Food Products  2026-03-16 3.17  2026-03-17 4.12  29.97
  ETS         Elite Express Holding Inc  0.06                    Road & Rail  2026-03-16 0.43  2026-03-17 0.54  26.12
  DCX Digital Currency X Technology Inc  0.01                    Automobiles  2026-03-16 1.71  2026-03-17 2.14  25.15
 YAAS             Youxin Technology Ltd  0.09                     Technology   2026-03-16 0.8   2026-03-17 1.0  24.84
 AMTX                       Aemetis Inc  1.69                         Energy   2026-03-16 2.2  2026-03-17 2.73  24.09
 CAPT                   Captivision Inc  0.16                       Building   2026-03-16 0.4  2026-03-17 0.49  23.74
 CHCI    Comstock Holding Companies Inc  1.44                    Real Estate  2026-03-16 11.6 2026-03-17 14.31  23.36

=== 市值超过20亿的涨幅榜前20名股票 ===
股票代码                公司名称               市值(亿)                板块                      昨天收盘              今天收盘       涨跌幅(%)
LMND                      Lemonade Inc  51.46                      Insurance  2026-03-16 57.74  2026-03-17 66.87 15.81 
BTDR        Bitdeer Technologies Group  21.50                     Technology    2026-03-16 8.2   2026-03-17 9.25 12.80 
 SEI Solaris Energy Infrastructure Inc  44.05                         Energy  2026-03-16 56.99  2026-03-17 63.19 10.88 
RKLB                   Rocket Lab Corp 431.26            Aerospace & Defense  2026-03-16 71.31  2026-03-17 78.59 10.21 
  PL                   Planet Labs PBC  88.67          Professional Services   2026-03-16 24.6  2026-03-17 27.08 10.08 
TGTX               TG Therapeutics Inc  49.41                  Biotechnology  2026-03-16 28.77  2026-03-17 31.51  9.52 
 MTN                  Vail Resorts Inc  50.55  Hotels, Restaurants & Leisure 2026-03-16 132.44 2026-03-17 144.39  9.02 
  LB                 LandBridge Co LLC  57.54                    Real Estate  2026-03-16 71.14  2026-03-17 77.41  8.81 
 RXO                           RXO Inc  21.44                    Road & Rail  2026-03-16 11.96   2026-03-17 13.0  8.70 
 TXG                  10X Genomics Inc  22.63 Life Sciences Tools & Services  2026-03-16 16.69  2026-03-17 18.09  8.39 
BTSG  Brightspring Health Services Inc  80.97                    Health Care  2026-03-16 39.05   2026-03-17 42.1  7.81 
DOCN         DigitalOcean Holdings Inc  70.37                     Technology  2026-03-16 72.01  2026-03-17 77.59  7.75 
  CC                       Chemours Co  28.73                      Chemicals  2026-03-16 17.64  2026-03-17 18.99  7.65 
ELAN          Elanco Animal Health Inc 124.57                Pharmaceuticals   2026-03-16 23.4  2026-03-17 25.18  7.61 
CARG                      CarGurus Inc  31.56                          Media  2026-03-16 31.06  2026-03-17 33.42  7.60 
ASTS               AST SpaceMobile Inc 364.15              Telecommunication  2026-03-16 89.11   2026-03-17 95.7  7.40 
OPEN         Opendoor Technologies Inc  53.00                    Real Estate   2026-03-16 5.18   2026-03-17 5.56  7.34 
  BL                     BlackLine Inc  22.50                     Technology  2026-03-16 35.58  2026-03-17 38.19  7.34 
  CE                     Celanese Corp  65.39                      Chemicals  2026-03-16 56.07  2026-03-17 60.18  7.33 
MANE                   Veradermics Inc  22.60                Pharmaceuticals  2026-03-16 56.95  2026-03-17 61.07  7.23 

=== 市值超过50亿的涨幅榜前20名股票 ===
 股票代码                    公司名称                   市值(亿)                板块                     昨天收盘              今天收盘       涨跌幅(%)
 LMND                              Lemonade Inc  51.46                     Insurance  2026-03-16 57.74  2026-03-17 66.87 15.81 
 RKLB                           Rocket Lab Corp 431.26           Aerospace & Defense  2026-03-16 71.31  2026-03-17 78.59 10.21 
   PL                           Planet Labs PBC  88.67         Professional Services   2026-03-16 24.6  2026-03-17 27.08 10.08 
  MTN                          Vail Resorts Inc  50.55 Hotels, Restaurants & Leisure 2026-03-16 132.44 2026-03-17 144.39  9.02 
   LB                         LandBridge Co LLC  57.54                   Real Estate  2026-03-16 71.14  2026-03-17 77.41  8.81 
 BTSG          Brightspring Health Services Inc  80.97                   Health Care  2026-03-16 39.05   2026-03-17 42.1  7.81 
 DOCN                 DigitalOcean Holdings Inc  70.37                    Technology  2026-03-16 72.01  2026-03-17 77.59  7.75 
 ELAN                  Elanco Animal Health Inc 124.57               Pharmaceuticals   2026-03-16 23.4  2026-03-17 25.18  7.61 
 ASTS                       AST SpaceMobile Inc 364.15             Telecommunication  2026-03-16 89.11   2026-03-17 95.7  7.40 
 OPEN                 Opendoor Technologies Inc  53.00                   Real Estate   2026-03-16 5.18   2026-03-17 5.56  7.34 
   CE                             Celanese Corp  65.39                     Chemicals  2026-03-16 56.07  2026-03-17 60.18  7.33 
BOIVF                                Bollore SE 122.87                        Energy    2026-03-16 5.0   2026-03-17 5.35  7.00 
    Z                          Zillow Group Inc 102.54                   Real Estate  2026-03-16 42.36  2026-03-17 45.23  6.78 
   ZG                          Zillow Group Inc 102.54                   Real Estate  2026-03-16 42.27  2026-03-17 45.05  6.58 
  DAL                       Delta Air Lines Inc 424.96                      Airlines  2026-03-16 60.84  2026-03-17 64.83  6.56 
 KTOS Kratos Defense and Security Solutions Inc 172.10           Aerospace & Defense  2026-03-16 89.53  2026-03-17 95.31  6.46 
  GPN                       Global Payments Inc 203.49            Financial Services  2026-03-16 68.05  2026-03-17 72.42  6.42 
  VAL                               Valaris Ltd  63.68                        Energy  2026-03-16 91.54  2026-03-17 97.28  6.27 
  RIG                            Transocean Ltd  71.85                        Energy    2026-03-16 6.2   2026-03-17 6.58  6.13 
 VICR                                Vicor Corp  78.30          Electrical Equipment 2026-03-16 185.42 2026-03-17 196.33  5.88 

=== 市值超过100亿的涨幅榜前20名股票 ===
 股票代码                    公司名称                    市值(亿)                板块                     昨天收盘              今天收盘       涨跌幅(%)
 RKLB                           Rocket Lab Corp  431.26           Aerospace & Defense  2026-03-16 71.31  2026-03-17 78.59 10.21 
 ELAN                  Elanco Animal Health Inc  124.57               Pharmaceuticals   2026-03-16 23.4  2026-03-17 25.18  7.61 
 ASTS                       AST SpaceMobile Inc  364.15             Telecommunication  2026-03-16 89.11   2026-03-17 95.7  7.40 
BOIVF                                Bollore SE  122.87                        Energy    2026-03-16 5.0   2026-03-17 5.35  7.00 
    Z                          Zillow Group Inc  102.54                   Real Estate  2026-03-16 42.36  2026-03-17 45.23  6.78 
   ZG                          Zillow Group Inc  102.54                   Real Estate  2026-03-16 42.27  2026-03-17 45.05  6.58 
  DAL                       Delta Air Lines Inc  424.96                      Airlines  2026-03-16 60.84  2026-03-17 64.83  6.56 
 KTOS Kratos Defense and Security Solutions Inc  172.10           Aerospace & Defense  2026-03-16 89.53  2026-03-17 95.31  6.46 
  GPN                       Global Payments Inc  203.49            Financial Services  2026-03-16 68.05  2026-03-17 72.42  6.42 
   VG                        Venture Global Inc  321.86                        Energy  2026-03-16 12.28  2026-03-17 12.97  5.62 
  STX           Seagate Technology Holdings PLC  908.78                    Technology 2026-03-16 398.78 2026-03-17 421.09  5.59 
  APO              Apollo Global Management Inc  629.42            Financial Services 2026-03-16 103.45 2026-03-17 108.89  5.26 
 CRCL                 Circle Internet Group Inc  332.15                    Technology 2026-03-16 125.83 2026-03-17 132.31  5.15 
 ARES                      Ares Management Corp  230.52            Financial Services 2026-03-16 100.51 2026-03-17 105.67  5.13 
 AVAV                         AeroVironment Inc  106.47           Aerospace & Defense 2026-03-16 211.88 2026-03-17 222.51  5.02 
   BX                            Blackstone Inc 1358.99            Financial Services 2026-03-16 107.12  2026-03-17 112.0  4.56 
   MU                     Micron Technology Inc 5126.92                Semiconductors  2026-03-16 441.8 2026-03-17 461.69  4.50 
    H                         Hyatt Hotels Corp  140.33 Hotels, Restaurants & Leisure 2026-03-16 141.33 2026-03-17 147.49  4.36 
  HAL                            Halliburton Co  299.09                        Energy  2026-03-16 34.16  2026-03-17 35.64  4.33 
 EXPE                         Expedia Group Inc  298.56 Hotels, Restaurants & Leisure 2026-03-16 231.46 2026-03-17 241.25  4.23 

=== 市值超过200亿的涨幅榜前20名股票 ===
股票代码               公司名称               市值(亿)                板块                     昨天收盘               今天收盘        涨跌幅(%)
RKLB                 Rocket Lab Corp  431.26           Aerospace & Defense   2026-03-16 71.31   2026-03-17 78.59 10.21 
ASTS             AST SpaceMobile Inc  364.15             Telecommunication   2026-03-16 89.11    2026-03-17 95.7  7.40 
 DAL             Delta Air Lines Inc  424.96                      Airlines   2026-03-16 60.84   2026-03-17 64.83  6.56 
 GPN             Global Payments Inc  203.49            Financial Services   2026-03-16 68.05   2026-03-17 72.42  6.42 
  VG              Venture Global Inc  321.86                        Energy   2026-03-16 12.28   2026-03-17 12.97  5.62 
 STX Seagate Technology Holdings PLC  908.78                    Technology  2026-03-16 398.78  2026-03-17 421.09  5.59 
 APO    Apollo Global Management Inc  629.42            Financial Services  2026-03-16 103.45  2026-03-17 108.89  5.26 
CRCL       Circle Internet Group Inc  332.15                    Technology  2026-03-16 125.83  2026-03-17 132.31  5.15 
ARES            Ares Management Corp  230.52            Financial Services  2026-03-16 100.51  2026-03-17 105.67  5.13 
  BX                  Blackstone Inc 1358.99            Financial Services  2026-03-16 107.12   2026-03-17 112.0  4.56 
  MU           Micron Technology Inc 5126.92                Semiconductors   2026-03-16 441.8  2026-03-17 461.69  4.50 
 HAL                  Halliburton Co  299.09                        Energy   2026-03-16 34.16   2026-03-17 35.64  4.33 
EXPE               Expedia Group Inc  298.56 Hotels, Restaurants & Leisure  2026-03-16 231.46  2026-03-17 241.25  4.23 
UBER           Uber Technologies Inc 1624.37                   Road & Rail   2026-03-16 74.66   2026-03-17 77.79  4.19 
  BE               Bloom Energy Corp  450.42          Electrical Equipment  2026-03-16 153.68  2026-03-17 160.05  4.14 
LITE           Lumentum Holdings Inc  469.39                Communications  2026-03-16 624.84  2026-03-17 649.56  3.96 
 TTE                TotalEnergies SE 1548.59                        Energy   2026-03-16 82.86   2026-03-17 86.04  3.84 
BKNG            Booking Holdings Inc 1414.77 Hotels, Restaurants & Leisure 2026-03-16 4293.02 2026-03-17 4442.33  3.48 
AXON             Axon Enterprise Inc  406.56           Aerospace & Defense  2026-03-16 489.64  2026-03-17 506.57  3.46 
LPLA      LPL Financial Holdings Inc  236.88            Financial Services  2026-03-16 284.05  2026-03-17 293.82  3.44 

=== 市值超过1000亿的涨跌榜前20名股票 ===
 股票代码                 公司名称                  市值(亿)                 板块                      昨天收盘               今天收盘        涨跌幅(%)
   BX                       Blackstone Inc  1358.99             Financial Services  2026-03-16 107.12   2026-03-17 112.0  4.56 
   MU                Micron Technology Inc  5126.92                 Semiconductors   2026-03-16 441.8  2026-03-17 461.69  4.50 
 UBER                Uber Technologies Inc  1624.37                    Road & Rail   2026-03-16 74.66   2026-03-17 77.79  4.19 
  TTE                     TotalEnergies SE  1548.59                         Energy   2026-03-16 82.86   2026-03-17 86.04  3.84 
 BKNG                 Booking Holdings Inc  1414.77  Hotels, Restaurants & Leisure 2026-03-16 4293.02 2026-03-17 4442.33  3.48 
 LRCX                    Lam Research Corp  2788.94                 Semiconductors   2026-03-16 219.4  2026-03-17 226.47  3.22 
  PFE                           Pfizer Inc  1542.97                Pharmaceuticals   2026-03-16 26.61   2026-03-17 27.45  3.16 
 KLAC                             KLA Corp  1917.21                 Semiconductors 2026-03-16 1438.24 2026-03-17 1481.35  3.00 
  BLK                        BlackRock Inc  1576.59             Financial Services  2026-03-16 943.26  2026-03-17 971.01  2.94 
  IBM International Business Machines Corp  2382.33                     Technology  2026-03-16 249.25  2026-03-17 256.11  2.75 
 SNDK                         Sandisk Corp  1038.28                     Technology  2026-03-16 703.63  2026-03-17 720.17  2.35 
  BSX               Boston Scientific Corp  1061.14                    Health Care   2026-03-16 69.79    2026-03-17 71.2  2.02 
  GEV                       GE Vernova Inc  2240.33           Electrical Equipment  2026-03-16 827.37  2026-03-17 844.05  2.02 
  DHR                         Danaher Corp  1382.39 Life Sciences Tools & Services  2026-03-16 191.39  2026-03-17 195.21  2.00 
 AMAT                Applied Materials Inc  2762.60                 Semiconductors  2026-03-16 346.18  2026-03-17 352.46  1.81 
GOOGL                         Alphabet Inc 37199.90                          Media  2026-03-16 305.56  2026-03-17 310.92  1.75 
 QCOM                         Qualcomm Inc  1406.09                 Semiconductors  2026-03-16 129.39  2026-03-17 131.59  1.70 
  DIS                       Walt Disney Co  1778.52                          Media   2026-03-16 98.66   2026-03-17 100.3  1.66 
 GOOG                         Alphabet Inc 37199.90                          Media  2026-03-16 304.42  2026-03-17 309.41  1.64 
 AMZN                       Amazon.com Inc 22968.44                         Retail  2026-03-16 211.74   2026-03-17 215.2  1.63 
