
=== 涨幅榜前20名股票 ===
股票代码              公司名称             市值(亿)                板块                      昨天收盘              今天收盘       涨跌幅(%)
NXTT   Next Technology Holding Inc  5.80                       Technology  2025-06-18 1.33   2025-06-20 3.44 158.65
 SST                   System1 Inc  0.60                            Media  2025-06-18 6.13   2025-06-20 9.55  55.79
LUCY        Innovative Eyewear Inc  0.07                      Health Care  2025-06-18 2.28   2025-06-20 3.53  54.82
MITQ Moving Image Technologies Inc  0.05                            Media  2025-06-18 0.55   2025-06-20 0.85  53.71
LGCL                  Lucas GC Ltd  0.54            Professional Services  2025-06-18 0.68   2025-06-20 1.03  51.47
INLF                     INLIF Ltd  0.13                        Machinery   2025-06-18 0.9   2025-06-20 1.28  41.75
VNRX                VolitionRX Ltd  0.69                      Health Care  2025-06-18 0.67   2025-06-20 0.92  37.31
GEOS    Geospace Technologies Corp  1.09                           Energy  2025-06-18 8.51  2025-06-20 11.49  35.02
 SRM         SRM Entertainment Inc  1.41                 Leisure Products   2025-06-18 8.2  2025-06-20 11.04  34.63
GRRR  Gorilla Technology Group Inc  3.80                       Technology 2025-06-18 18.81  2025-06-20 25.23  34.13
VIVK                   Vivakor Inc  0.35                           Energy  2025-06-18 0.73   2025-06-20 0.97  33.46
PCSA  Processa Pharmaceuticals Inc  0.03                  Pharmaceuticals  2025-06-18 0.24   2025-06-20 0.32  32.27
CTNM    Contineum Therapeutics Inc  0.94                  Pharmaceuticals  2025-06-18 3.65   2025-06-20 4.76  30.41
BASE                 Couchbase Inc 10.24                       Technology 2025-06-18 18.93  2025-06-20 24.49  29.37
VLCN                    Volcon Inc  0.03                      Automobiles  2025-06-18 5.13   2025-06-20 6.41  24.95
FLYE               Fly-E Group Inc  0.41                      Automobiles  2025-06-18 0.76   2025-06-20 0.95  24.67
ICCC                 ImmuCell Corp  0.55                    Biotechnology  2025-06-18 6.12    2025-06-20 7.6  24.18
SGMT       Sagimet Biosciences Inc  2.16                    Biotechnology  2025-06-18 7.04   2025-06-20 8.72  23.86
 GMS                       GMS Inc 31.10 Trading Companies & Distributors 2025-06-18 81.01 2025-06-20 100.27  23.77
NTCL       NetClass Technology Inc  0.23    Diversified Consumer Services  2025-06-18 1.47    2025-06-20 1.8  22.45

=== 市值超过20亿的涨幅榜前20名股票 ===
 股票代码                公司名称               市值(亿)                 板块                       昨天收盘              今天收盘       涨跌幅(%)
  GMS                           GMS Inc  31.10 Trading Companies & Distributors  2025-06-18 81.01 2025-06-20 100.27 23.77 
  UAA                  Under Armour Inc  25.66 Textiles, Apparel & Luxury Goods   2025-06-18 6.17   2025-06-20 7.03 13.94 
 OSCR                  Oscar Health Inc  41.14                        Insurance  2025-06-18 18.77  2025-06-20 21.22 13.05 
 ZETA         Zeta Global Holdings Corp  29.66                       Technology  2025-06-18 12.59  2025-06-20 14.18 12.63 
   UA                  Under Armour Inc  25.66 Textiles, Apparel & Luxury Goods   2025-06-18 5.86   2025-06-20 6.59 12.46 
  GXO                 GXO Logistics Inc  48.95       Logistics & Transportation  2025-06-18 42.78  2025-06-20 47.97 12.13 
   KR                         Kroger Co 436.27                           Retail  2025-06-18 65.52  2025-06-20 71.97  9.84 
 LMND                      Lemonade Inc  29.67                        Insurance   2025-06-18 40.5  2025-06-20 44.31  9.41 
 RKLB                Rocket Lab USA Inc 128.51              Aerospace & Defense  2025-06-18 27.85  2025-06-20 30.04  7.86 
 BLDR          Builders FirstSource Inc 118.09                         Building 2025-06-18 106.85 2025-06-20 114.82  7.46 
 IREN                          IREN Ltd  23.61                       Technology    2025-06-18 9.8  2025-06-20 10.47  6.84 
 MTSR                       Metsera Inc  29.11                    Biotechnology  2025-06-18 27.71   2025-06-20 29.6  6.82 
  KMX                        Carmax Inc  98.00                           Retail  2025-06-18 64.33  2025-06-20 68.57  6.59 
 MSGS Madison Square Garden Sports Corp  45.90                            Media 2025-06-18 191.11  2025-06-20 203.1  6.27 
  BLD                     TopBuild Corp  85.18                Consumer products 2025-06-18 297.97 2025-06-20 316.03  6.06 
BATRA       Atlanta Braves Holdings Inc  27.19                            Media  2025-06-18 46.32  2025-06-20 49.07  5.94 
  QXO                           QXO Inc 130.11 Trading Companies & Distributors   2025-06-18 22.5  2025-06-20 23.79  5.73 
BATRK       Atlanta Braves Holdings Inc  27.19                            Media  2025-06-18 43.68  2025-06-20 45.99  5.29 
 HIMS            Hims & Hers Health Inc 136.69                      Health Care  2025-06-18 61.07  2025-06-20 64.22  5.16 
 DAVE                          Dave Inc  26.80               Financial Services 2025-06-18 200.88  2025-06-20 211.0  5.04 

=== 市值超过50亿的涨幅榜前20名股票 ===
股票代码            公司名称            市值(亿)                 板块                       昨天收盘              今天收盘       涨跌幅(%)
  KR                  Kroger Co 436.27                           Retail  2025-06-18 65.52  2025-06-20 71.97  9.84 
RKLB         Rocket Lab USA Inc 128.51              Aerospace & Defense  2025-06-18 27.85  2025-06-20 30.04  7.86 
BLDR   Builders FirstSource Inc 118.09                         Building 2025-06-18 106.85 2025-06-20 114.82  7.46 
 KMX                 Carmax Inc  98.00                           Retail  2025-06-18 64.33  2025-06-20 68.57  6.59 
 BLD              TopBuild Corp  85.18                Consumer products 2025-06-18 297.97 2025-06-20 316.03  6.06 
 QXO                    QXO Inc 130.11 Trading Companies & Distributors   2025-06-18 22.5  2025-06-20 23.79  5.73 
HIMS     Hims & Hers Health Inc 136.69                      Health Care  2025-06-18 61.07  2025-06-20 64.22  5.16 
 APG             APi Group Corp 137.47                     Construction  2025-06-18 48.95  2025-06-20 51.23  4.66 
 RKT       Rocket Companies Inc 275.83               Financial Services  2025-06-18 13.79   2025-06-20 14.4  4.42 
BBIO       BridgeBio Pharma Inc  75.95                    Biotechnology   2025-06-18 40.0  2025-06-20 41.73  4.32 
  VG         Venture Global Inc 442.35                           Energy  2025-06-18 18.28  2025-06-20 19.01  3.99 
CVNA                 Carvana Co 659.37                           Retail 2025-06-18 307.91 2025-06-20 319.89  3.89 
ASTS        AST SpaceMobile Inc 145.55                Telecommunication  2025-06-18 44.35  2025-06-20 45.94  3.59 
SHAK            Shake Shack Inc  54.83    Hotels, Restaurants & Leisure 2025-06-18 128.52 2025-06-20 133.01  3.49 
KNSL  Kinsale Capital Group Inc 107.44                        Insurance 2025-06-18 460.87 2025-06-20 476.07  3.30 
INSM                 Insmed Inc 188.93                    Biotechnology  2025-06-18 99.46 2025-06-20 102.68  3.24 
COOP        Mr Cooper Group Inc  92.50               Financial Services 2025-06-18 144.57 2025-06-20 149.12  3.15 
NXST    Nexstar Media Group Inc  50.23                            Media 2025-06-18 166.59 2025-06-20 171.79  3.12 
MDLZ Mondelez International Inc 859.11                    Food Products  2025-06-18 66.35  2025-06-20 68.31  2.95 
 ACI   Albertsons Companies Inc 121.43                           Retail  2025-06-18 21.09  2025-06-20 21.68  2.80 

=== 市值超过100亿的涨幅榜前20名股票 ===
 股票代码            公司名称            市值(亿)                 板块                       昨天收盘               今天收盘        涨跌幅(%)
   KR                  Kroger Co 436.27                           Retail   2025-06-18 65.52   2025-06-20 71.97  9.84 
 RKLB         Rocket Lab USA Inc 128.51              Aerospace & Defense   2025-06-18 27.85   2025-06-20 30.04  7.86 
 BLDR   Builders FirstSource Inc 118.09                         Building  2025-06-18 106.85  2025-06-20 114.82  7.46 
  QXO                    QXO Inc 130.11 Trading Companies & Distributors    2025-06-18 22.5   2025-06-20 23.79  5.73 
 HIMS     Hims & Hers Health Inc 136.69                      Health Care   2025-06-18 61.07   2025-06-20 64.22  5.16 
  APG             APi Group Corp 137.47                     Construction   2025-06-18 48.95   2025-06-20 51.23  4.66 
  RKT       Rocket Companies Inc 275.83               Financial Services   2025-06-18 13.79    2025-06-20 14.4  4.42 
   VG         Venture Global Inc 442.35                           Energy   2025-06-18 18.28   2025-06-20 19.01  3.99 
 CVNA                 Carvana Co 659.37                           Retail  2025-06-18 307.91  2025-06-20 319.89  3.89 
 ASTS        AST SpaceMobile Inc 145.55                Telecommunication   2025-06-18 44.35   2025-06-20 45.94  3.59 
 KNSL  Kinsale Capital Group Inc 107.44                        Insurance  2025-06-18 460.87  2025-06-20 476.07  3.30 
 INSM                 Insmed Inc 188.93                    Biotechnology   2025-06-18 99.46  2025-06-20 102.68  3.24 
 MDLZ Mondelez International Inc 859.11                    Food Products   2025-06-18 66.35   2025-06-20 68.31  2.95 
  ACI   Albertsons Companies Inc 121.43                           Retail   2025-06-18 21.09   2025-06-20 21.68  2.80 
  TOL          Toll Brothers Inc 103.53                Consumer products  2025-06-18 105.45  2025-06-20 108.31  2.71 
LBRDA     Liberty Broadband Corp 128.94                            Media   2025-06-18 89.23   2025-06-20 91.54  2.59 
  NVR                    NVR Inc 204.07                Consumer products 2025-06-18 6979.67 2025-06-20 7157.94  2.55 
  SFM Sprouts Farmers Market Inc 158.39                           Retail  2025-06-18 161.86  2025-06-20 165.96  2.53 
LBRDK     Liberty Broadband Corp 128.94                            Media   2025-06-18 90.07   2025-06-20 92.25  2.42 
 DELL      Dell Technologies Inc 791.27                       Technology  2025-06-18 116.56  2025-06-20 119.37  2.41 

=== 市值超过200亿的涨幅榜前20名股票 ===
股票代码             公司名称             市值(亿)                 板块                     昨天收盘               今天收盘        涨跌幅(%)
  KR                   Kroger Co   436.27                        Retail   2025-06-18 65.52   2025-06-20 71.97  9.84 
 RKT        Rocket Companies Inc   275.83            Financial Services   2025-06-18 13.79    2025-06-20 14.4  4.42 
  VG          Venture Global Inc   442.35                        Energy   2025-06-18 18.28   2025-06-20 19.01  3.99 
CVNA                  Carvana Co   659.37                        Retail  2025-06-18 307.91  2025-06-20 319.89  3.89 
MDLZ  Mondelez International Inc   859.11                 Food Products   2025-06-18 66.35   2025-06-20 68.31  2.95 
 NVR                     NVR Inc   204.07             Consumer products 2025-06-18 6979.67 2025-06-20 7157.94  2.55 
DELL       Dell Technologies Inc   791.27                    Technology  2025-06-18 116.56  2025-06-20 119.37  2.41 
 DHI               DR Horton Inc   372.55             Consumer products  2025-06-18 121.28   2025-06-20 124.2  2.41 
CHTR  Charter Communications Inc  1042.72                         Media  2025-06-18 377.43  2025-06-20 386.37  2.37 
FICO             Fair Isaac Corp   429.30                    Technology 2025-06-18 1763.64 2025-06-20 1804.82  2.33 
AAPL                   Apple Inc 29360.85                    Technology  2025-06-18 196.58   2025-06-20 201.0  2.25 
 VST                 Vistra Corp   614.63                     Utilities  2025-06-18 181.13   2025-06-20 185.1  2.19 
PYPL         PayPal Holdings Inc   666.87            Financial Services   2025-06-18 68.57   2025-06-20 70.05  2.16 
 TDG         TransDigm Group Inc   794.47           Aerospace & Defense 2025-06-18 1414.48 2025-06-20 1442.44  1.98 
SMCI    Super Micro Computer Inc   265.40                    Technology   2025-06-18 44.47   2025-06-20 45.32  1.91 
 MTB               M&T Bank Corp   291.67                       Banking   2025-06-18 181.7  2025-06-20 185.06  1.85 
 CMG  Chipotle Mexican Grill Inc   698.34 Hotels, Restaurants & Leisure   2025-06-18 51.83   2025-06-20 52.78  1.83 
 EQT                    EQT Corp   355.40                        Energy   2025-06-18 59.37   2025-06-20 60.44  1.80 
 RCL Royal Caribbean Cruises Ltd   727.18 Hotels, Restaurants & Leisure  2025-06-18 267.78  2025-06-20 272.39  1.72 
 VIK         Viking Holdings Ltd   215.64 Hotels, Restaurants & Leisure   2025-06-18 48.66   2025-06-20 49.48  1.69 

=== 市值超过1000亿的涨跌榜前20名股票 ===
 股票代码              公司名称               市值(亿)                 板块                      昨天收盘               今天收盘        涨跌幅(%)
 CHTR     Charter Communications Inc  1042.72                          Media  2025-06-18 377.43  2025-06-20 386.37  2.37 
 AAPL                      Apple Inc 29360.85                     Technology  2025-06-18 196.58   2025-06-20 201.0  2.25 
   GE                   GE Aerospace  2515.50            Aerospace & Defense  2025-06-18 235.89  2025-06-20 239.37  1.48 
   MU          Micron Technology Inc  1361.43                 Semiconductors  2025-06-18 121.82   2025-06-20 123.6  1.46 
  TMO   Thermo Fisher Scientific Inc  1481.89 Life Sciences Tools & Services  2025-06-18 392.56  2025-06-20 397.88  1.36 
  XOM               Exxon Mobil Corp  4878.08                         Energy  2025-06-18 113.19   2025-06-20 114.7  1.33 
  AMD     Advanced Micro Devices Inc  2055.78                 Semiconductors  2025-06-18 126.79  2025-06-20 128.24  1.14 
  DHR                   Danaher Corp  1391.55 Life Sciences Tools & Services  2025-06-18 194.44  2025-06-20 196.39  1.00 
  BAC           Bank of America Corp  3393.86                        Banking   2025-06-18 45.06    2025-06-20 45.5  0.98 
  COP                 ConocoPhillips  1184.14                         Energy    2025-06-18 93.8   2025-06-20 94.69  0.95 
  CVX                   Chevron Corp  2587.98                         Energy  2025-06-18 148.19  2025-06-20 149.55  0.92 
 SBUX                 Starbucks Corp  1048.67  Hotels, Restaurants & Leisure   2025-06-18 92.28   2025-06-20 93.12  0.91 
  MMC Marsh & McLennan Companies Inc  1056.01                      Insurance  2025-06-18 214.32  2025-06-20 216.21  0.88 
   GS        Goldman Sachs Group Inc  1949.18             Financial Services  2025-06-18 635.24   2025-06-20 640.8  0.88 
 INTU                     Intuit Inc  2105.58                     Technology  2025-06-18 754.83  2025-06-20 761.14  0.84 
CMCSA                   Comcast Corp  1279.17                          Media   2025-06-18 34.26   2025-06-20 34.53  0.79 
  TJX              TJX Companies Inc  1367.08                         Retail  2025-06-18 122.54   2025-06-20 123.5  0.78 
   HD                 Home Depot Inc  3452.70                         Retail  2025-06-18 347.03  2025-06-20 349.62  0.75 
 NFLX                    Netflix Inc  5201.72                          Media 2025-06-18 1222.29 2025-06-20 1231.41  0.75 
 CSCO              Cisco Systems Inc  2607.26                 Communications   2025-06-18 65.84   2025-06-20 66.32  0.73 
