
=== 涨幅榜前20名股票 ===

股票代码           公司名称          市值(亿)               板块                   昨天收盘          今天收盘     涨跌幅(%)
  SEELQ      Seelos Therapeutics Inc    0.00                  Pharmaceuticals    2025-01-23 0.0    2025-01-24 0.0   900.00 
  IDEXQ               Ideanomics Inc    0.00                        Machinery    2025-01-23 0.0   2025-01-24 0.01   800.00 
   MOND          Mondee Holdings Inc    0.00    Hotels, Restaurants & Leisure    2025-01-23 0.0    2025-01-24 0.0   400.00 
   NVNI               Nvni Group Ltd    0.50                       Technology   2025-01-23 1.49    2025-01-24 4.4   195.30 
   ALUR    Allurion Technologies Inc    0.10    Diversified Consumer Services    2025-01-23 3.7   2025-01-24 8.69   134.86 
  ALLGF                    Allego NV    0.68                           Retail   2025-01-23 0.25   2025-01-24 0.49    94.00 
   PRST        Presto Automation Inc    0.00             Electrical Equipment    2025-01-23 0.0    2025-01-24 0.0    50.00 
   SMFL           Smart for Life Inc    0.00                Consumer products   2025-01-23 0.01   2025-01-24 0.01    48.51 
   GOEV                    Canoo Inc    0.07                      Automobiles   2025-01-23 0.33   2025-01-24 0.47    43.94 
    FPH      Five Point Holdings LLC    6.17                      Real Estate   2025-01-23 4.06   2025-01-24 5.75    41.63 
  EUZOF                   Eurazeo SE   57.63               Financial Services  2025-01-23 58.64   2025-01-24 82.0    39.84 
   AXIL              AXIL Brands Inc    0.43                Consumer products   2025-01-23 4.75    2025-01-24 6.6    39.01 
   TBIO              Telesis Bio Inc    0.01   Life Sciences Tools & Services   2025-01-23 0.29    2025-01-24 0.4    37.93 
   RIME      Algorhythm Holdings Inc    0.04                Consumer products   2025-01-23 0.03   2025-01-24 0.04    33.33 
   LTRN           Lantern Pharma Inc    0.58                    Biotechnology   2025-01-23 4.17    2025-01-24 5.4    29.50 
   NDLS                 Noodles & Co    0.63    Hotels, Restaurants & Leisure   2025-01-23 1.09   2025-01-24 1.39    27.52 
  TCSGQ    Container Store Group Inc    0.01                           Retail   2025-01-23 0.22   2025-01-24 0.28    27.27 
    DDD              3D Systems Corp    5.22                        Machinery   2025-01-23 3.04   2025-01-24 3.85    26.64 
   NEUP   Neuphoria Therapeutics Inc    0.07                    Biotechnology   2025-01-23 3.49   2025-01-24 4.39    25.79 
   BKSY      Blacksky Technology Inc    4.60            Professional Services  2025-01-23 11.94  2025-01-24 14.96    25.29 

=== 市值超过20亿的涨幅榜前20名股票 ===

股票代码                       公司名称                      市值(亿)              板块                   昨天收盘           今天收盘      涨跌幅(%)
  EUZOF                                           Eurazeo SE    57.63             Financial Services   2025-01-23 58.64    2025-01-24 82.0    39.84 
   MIDD                                        Middleby Corp    91.30                      Machinery  2025-01-23 145.65  2025-01-24 169.72    16.53 
   SGHC                                             SGHC Ltd    39.61  Hotels, Restaurants & Leisure    2025-01-23 6.81     2025-01-24 7.9    16.01 
   CTRI                                 Centuri Holdings Inc    21.62                   Construction   2025-01-23 21.69   2025-01-24 24.43    12.63 
  BAIDF                                            Baidu Inc   287.30                          Media   2025-01-23 10.28    2025-01-24 11.4    10.88 
    RUN                                           Sunrun Inc    22.95           Electrical Equipment    2025-01-23 9.34   2025-01-24 10.23     9.53 
   IREN                                      Iris Energy Ltd    26.06                     Technology   2025-01-23 12.28   2025-01-24 13.32     8.47 
   GRND                                           Grindr Inc    31.93                          Media   2025-01-23 16.73   2025-01-24 18.08     8.07 
   NBIS                                      Nebius Group NV    98.16                          Media   2025-01-23 38.64   2025-01-24 41.69     7.89 
   OKLO                                             Oklo Inc    51.06                      Utilities   2025-01-23 38.78   2025-01-24 41.82     7.84 
     BE                                    Bloom Energy Corp    68.14           Electrical Equipment   2025-01-23 27.67   2025-01-24 29.81     7.73 
   TGTX                                  TG Therapeutics Inc    48.66                  Biotechnology   2025-01-23 29.04   2025-01-24 31.26     7.64 
  BABAF                            Alibaba Group Holding Ltd  2024.65                         Retail   2025-01-23 10.61   2025-01-24 11.35     6.95 
   LION                               Lionsgate Studios Corp    21.51                          Media    2025-01-23 6.97    2025-01-24 7.45     6.89 
  MGDDF   Compagnie Generale des Etablissements Michelin SCA   235.86                Auto Components   2025-01-23 34.84   2025-01-24 37.15     6.63 
   CYTK                                     Cytokinetics Inc    59.89                  Biotechnology   2025-01-23 47.86   2025-01-24 50.75     6.04 
   BTSG                     Brightspring Health Services Inc    39.74                    Health Care   2025-01-23 21.55   2025-01-24 22.82     5.89 
   PRCT                             Procept Biorobotics Corp    39.96                    Health Care   2025-01-23 69.64   2025-01-24 73.46     5.49 
   IRDM                           Iridium Communications Inc    35.32              Telecommunication   2025-01-23 29.41   2025-01-24 31.02     5.47 
    NEE                                   Nextera Energy Inc  1497.68                      Utilities   2025-01-23 69.23   2025-01-24 72.83     5.20 

=== 市值超过50亿的涨幅榜前20名股票 ===

股票代码                       公司名称                      市值(亿)                板块                    昨天收盘           今天收盘      涨跌幅(%)
  EUZOF                                           Eurazeo SE    57.63                Financial Services   2025-01-23 58.64    2025-01-24 82.0    39.84 
   MIDD                                        Middleby Corp    91.30                         Machinery  2025-01-23 145.65  2025-01-24 169.72    16.53 
  BAIDF                                            Baidu Inc   287.30                             Media   2025-01-23 10.28    2025-01-24 11.4    10.88 
   NBIS                                      Nebius Group NV    98.16                             Media   2025-01-23 38.64   2025-01-24 41.69     7.89 
   OKLO                                             Oklo Inc    51.06                         Utilities   2025-01-23 38.78   2025-01-24 41.82     7.84 
     BE                                    Bloom Energy Corp    68.14              Electrical Equipment   2025-01-23 27.67   2025-01-24 29.81     7.73 
  BABAF                            Alibaba Group Holding Ltd  2024.65                            Retail   2025-01-23 10.61   2025-01-24 11.35     6.95 
  MGDDF   Compagnie Generale des Etablissements Michelin SCA   235.86                   Auto Components   2025-01-23 34.84   2025-01-24 37.15     6.63 
   CYTK                                     Cytokinetics Inc    59.89                     Biotechnology   2025-01-23 47.86   2025-01-24 50.75     6.04 
    NEE                                   Nextera Energy Inc  1497.68                         Utilities   2025-01-23 69.23   2025-01-24 72.83     5.20 
    SSB                                      SouthState Corp   104.91                           Banking   2025-01-23 98.59  2025-01-24 103.67     5.15 
   IBKR                        Interactive Brokers Group Inc   925.28                Financial Services  2025-01-23 208.55  2025-01-24 218.99     5.01 
    RUM                                           Rumble Inc    75.53                             Media   2025-01-23 12.98   2025-01-24 13.61     4.85 
     XP                                               XP Inc    69.09                Financial Services    2025-01-23 12.2   2025-01-24 12.79     4.84 
  NETTF                                          NetEase Inc   628.03                             Media   2025-01-23 18.11   2025-01-24 18.97     4.73 
  PPRUF                                            Kering SA   303.03  Textiles, Apparel & Luxury Goods  2025-01-23 257.26  2025-01-24 267.75     4.08 
    VLY                              Valley National Bancorp    56.81                           Banking    2025-01-23 9.78   2025-01-24 10.17     3.99 
   FIVE                                       Five Below Inc    52.67                            Retail    2025-01-23 92.1   2025-01-24 95.75     3.96 
  PGPEF                                   Publicis Groupe SA   253.32                             Media  2025-01-23 101.05   2025-01-24 105.0     3.91 
   FFIN                       First Financial Bankshares Inc    54.01                           Banking   2025-01-23 36.54   2025-01-24 37.79     3.42 

=== 市值超过100亿的涨幅榜前20名股票 ===

股票代码                       公司名称                      市值(亿)                板块                    昨天收盘           今天收盘      涨跌幅(%)
  BAIDF                                            Baidu Inc   287.30                             Media   2025-01-23 10.28    2025-01-24 11.4    10.88 
  BABAF                            Alibaba Group Holding Ltd  2024.65                            Retail   2025-01-23 10.61   2025-01-24 11.35     6.95 
  MGDDF   Compagnie Generale des Etablissements Michelin SCA   235.86                   Auto Components   2025-01-23 34.84   2025-01-24 37.15     6.63 
    NEE                                   Nextera Energy Inc  1497.68                         Utilities   2025-01-23 69.23   2025-01-24 72.83     5.20 
    SSB                                      SouthState Corp   104.91                           Banking   2025-01-23 98.59  2025-01-24 103.67     5.15 
   IBKR                        Interactive Brokers Group Inc   925.28                Financial Services  2025-01-23 208.55  2025-01-24 218.99     5.01 
  NETTF                                          NetEase Inc   628.03                             Media   2025-01-23 18.11   2025-01-24 18.97     4.73 
  PPRUF                                            Kering SA   303.03  Textiles, Apparel & Luxury Goods  2025-01-23 257.26  2025-01-24 267.75     4.08 
  PGPEF                                   Publicis Groupe SA   253.32                             Media  2025-01-23 101.05   2025-01-24 105.0     3.91 
   LULU                              Lululemon Athletica Inc   507.64  Textiles, Apparel & Luxury Goods  2025-01-23 387.85  2025-01-24 400.03     3.14 
   YUMC                               Yum China Holdings Inc   174.58     Hotels, Restaurants & Leisure   2025-01-23 44.66   2025-01-24 45.97     2.93 
    VFC                                              VF Corp   102.51  Textiles, Apparel & Luxury Goods   2025-01-23 25.63   2025-01-24 26.33     2.73 
  LBRDB                               Liberty Broadband Corp   116.11                             Media    2025-01-23 78.0    2025-01-24 80.0     2.56 
   CPNG                                          Coupang Inc   405.82                            Retail    2025-01-23 22.0   2025-01-24 22.56     2.55 
  GLPEF                                 Galp Energia SGPS SA   126.29                            Energy   2025-01-23 16.97    2025-01-24 17.4     2.53 
     BN                                      Brookfield Corp   921.22                Financial Services   2025-01-23 59.57   2025-01-24 61.07     2.52 
   ERIE                                    Erie Indemnity Co   180.22                         Insurance  2025-01-23 377.62  2025-01-24 386.98     2.48 
    LLY                                     Eli Lilly and Co  7456.02                   Pharmaceuticals   2025-01-23 766.6  2025-01-24 785.41     2.45 
    EDR                          Endeavor Group Holdings Inc   216.26                             Media    2025-01-23 30.9   2025-01-24 31.61     2.30 
  EADSF                                            Airbus SE  1319.12               Aerospace & Defense  2025-01-23 171.33  2025-01-24 175.25     2.29 

=== 市值超过200亿的涨幅榜前20名股票 ===

股票代码                       公司名称                      市值(亿)                 板块                    昨天收盘           今天收盘      涨跌幅(%)
  BAIDF                                            Baidu Inc    287.30                             Media   2025-01-23 10.28    2025-01-24 11.4    10.88 
  BABAF                            Alibaba Group Holding Ltd   2024.65                            Retail   2025-01-23 10.61   2025-01-24 11.35     6.95 
  MGDDF   Compagnie Generale des Etablissements Michelin SCA    235.86                   Auto Components   2025-01-23 34.84   2025-01-24 37.15     6.63 
    NEE                                   Nextera Energy Inc   1497.68                         Utilities   2025-01-23 69.23   2025-01-24 72.83     5.20 
   IBKR                        Interactive Brokers Group Inc    925.28                Financial Services  2025-01-23 208.55  2025-01-24 218.99     5.01 
  NETTF                                          NetEase Inc    628.03                             Media   2025-01-23 18.11   2025-01-24 18.97     4.73 
  PPRUF                                            Kering SA    303.03  Textiles, Apparel & Luxury Goods  2025-01-23 257.26  2025-01-24 267.75     4.08 
  PGPEF                                   Publicis Groupe SA    253.32                             Media  2025-01-23 101.05   2025-01-24 105.0     3.91 
   LULU                              Lululemon Athletica Inc    507.64  Textiles, Apparel & Luxury Goods  2025-01-23 387.85  2025-01-24 400.03     3.14 
   CPNG                                          Coupang Inc    405.82                            Retail    2025-01-23 22.0   2025-01-24 22.56     2.55 
     BN                                      Brookfield Corp    921.22                Financial Services   2025-01-23 59.57   2025-01-24 61.07     2.52 
    LLY                                     Eli Lilly and Co   7456.02                   Pharmaceuticals   2025-01-23 766.6  2025-01-24 785.41     2.45 
    EDR                          Endeavor Group Holdings Inc    216.26                             Media    2025-01-23 30.9   2025-01-24 31.61     2.30 
  EADSF                                            Airbus SE   1319.12               Aerospace & Defense  2025-01-23 171.33  2025-01-24 175.25     2.29 
  LRLCF                                           L'Oreal SA   1883.77                 Consumer products   2025-01-23 360.5   2025-01-24 368.0     2.08 
    STZ                             Constellation Brands Inc    330.91                         Beverages   2025-01-23 179.5   2025-01-24 183.1     2.01 
   VRSN                                        VeriSign, Inc    202.51                        Technology  2025-01-23 206.65  2025-01-24 210.73     1.97 
    UAL                         United Airlines Holdings Inc    345.32                          Airlines   2025-01-23 103.0   2025-01-24 105.0     1.94 
    PCG                                            PG&E Corp    362.81                         Utilities   2025-01-23 16.24   2025-01-24 16.54     1.85 
   AVGO                                         Broadcom Inc  11469.96                    Semiconductors  2025-01-23 240.28   2025-01-24 244.7     1.84 

=== 市值超过1000亿的涨幅榜前20名股票 ===

股票代码             公司名称             市值(亿)                 板块                    昨天收盘           今天收盘      涨跌幅(%)
  BABAF         Alibaba Group Holding Ltd   2024.65                            Retail   2025-01-23 10.61   2025-01-24 11.35    6.95  
    NEE                Nextera Energy Inc   1497.68                         Utilities   2025-01-23 69.23   2025-01-24 72.83    5.20  
    LLY                  Eli Lilly and Co   7456.02                   Pharmaceuticals   2025-01-23 766.6  2025-01-24 785.41    2.45  
  EADSF                         Airbus SE   1319.12               Aerospace & Defense  2025-01-23 171.33  2025-01-24 175.25    2.29  
  LRLCF                        L'Oreal SA   1883.77                 Consumer products   2025-01-23 360.5   2025-01-24 368.0    2.08  
   AVGO                      Broadcom Inc  11469.96                    Semiconductors  2025-01-23 240.28   2025-01-24 244.7    1.84  
   SPOT             Spotify Technology SA   1000.41                             Media   2025-01-23 501.5  2025-01-24 510.43    1.78  
   META                Meta Platforms Inc  16345.81                             Media  2025-01-23 636.45  2025-01-24 647.49    1.73  
  ESLOF               EssilorLuxottica SA   1161.30                       Health Care  2025-01-23 261.96  2025-01-24 265.98    1.53  
   SHOP                       Shopify Inc   1391.33                        Technology   2025-01-23 106.1  2025-01-24 107.68    1.49  
     PM   Philip Morris International Inc   1978.99                           Tobacco  2025-01-23 125.43  2025-01-24 127.28    1.47  
   TMUS                   T-Mobile US Inc   2536.48                 Telecommunication  2025-01-23 216.04  2025-01-24 218.57    1.17  
   GOOG                      Alphabet Inc  24597.25                             Media  2025-01-23 199.58   2025-01-24 201.9    1.16  
     FI                        Fiserv Inc   1188.13                Financial Services  2025-01-23 206.49  2025-01-24 208.84    1.14  
  GOOGL                      Alphabet Inc  24597.25                             Media  2025-01-23 197.98  2025-01-24 200.21    1.13  
    DIS                    Walt Disney Co   2031.15                             Media  2025-01-23 111.04  2025-01-24 112.16    1.01  
     VZ        Verizon Communications Inc   1664.49                 Telecommunication   2025-01-23 39.18   2025-01-24 39.54    0.92  
    BMY           Bristol-Myers Squibb Co   1210.21                   Pharmaceuticals   2025-01-23 59.14   2025-01-24 59.67    0.90  
     DE                        Deere & Co   1303.93                         Machinery  2025-01-23 474.72  2025-01-24 478.77    0.85  
  CHDRF                 Christian Dior SE   1199.73  Textiles, Apparel & Luxury Goods  2025-01-23 694.16   2025-01-24 700.0    0.84  
