
=== 涨幅榜前20名股票 ===
 股票代码               公司名称               市值(亿)       板块             昨天收盘            今天收盘       涨跌幅(%)
 PROK                   ProKidney Corp  1.78  Biotechnology 2025-07-07 0.61  2025-07-08 3.73 514.50
 NDRA          ENDRA Life Sciences Inc  0.03    Health Care 2025-07-07 3.46   2025-07-08 8.3 140.09
 BTCS                         BTCS Inc  0.59     Technology  2025-07-07 2.8  2025-07-08 5.91 111.07
 IROH     Iron Horse Acquisitions Corp  0.53            N/A 2025-07-07 5.97 2025-07-08 10.07  68.68
  MPU                  Mega Matrix Inc  0.53          Media 2025-07-07 1.51  2025-07-08 2.45  62.25
 GAME          GameSquare Holdings Inc  0.38          Media 2025-07-07 0.97  2025-07-08 1.54  58.76
 RLYB                    Rallybio Corp  0.14  Biotechnology 2025-07-07 0.34  2025-07-08 0.51  50.41
  ICU     SeaStar Medical Holding Corp  0.09    Health Care 2025-07-07 0.55  2025-07-08 0.81  47.54
 RYDE                   Ryde Group Ltd  0.08    Road & Rail 2025-07-07 0.32  2025-07-08 0.46  43.30
  LSB       LakeShore Biopharma Co Ltd  0.19  Biotechnology 2025-07-07 0.98  2025-07-08 1.38  40.67
 CLDI       Calidi Biotherapeutics Inc  0.08  Biotechnology 2025-07-07 0.24  2025-07-08 0.34  39.58
 BSLK       Bolt Projects Holdings Inc  0.05      Chemicals  2025-07-07 2.5  2025-07-08 3.38  35.20
 SRFM            Surf Air Mobility Inc  1.53       Airlines 2025-07-07 4.55   2025-07-08 6.1  34.07
 MBRX            Moleculin Biotech Inc  0.09  Biotechnology 2025-07-07 0.39  2025-07-08 0.52  34.04
 ENTO          Entero Therapeutics Inc  0.02  Biotechnology  2025-07-07 0.4  2025-07-08 0.53  33.53
 SABS          SAB Biotherapeutics Inc  0.18  Biotechnology 2025-07-07 1.96  2025-07-08 2.58  31.63
NOVAQ Sunnova Energy International Inc  0.28      Utilities  2025-07-07 0.0   2025-07-08 0.0  30.00
 GOVX                  GeoVax Labs Inc  0.13  Biotechnology  2025-07-07 0.5  2025-07-08 0.65  29.08
  OCC               Optical Cable Corp  0.30 Communications 2025-07-07 3.62  2025-07-08 4.66  28.73
 LGVN                   Longeveron Inc  0.19  Biotechnology 2025-07-07 1.29  2025-07-08 1.66  28.68

=== 市值超过20亿的涨幅榜前20名股票 ===
股票代码              公司名称             市值(亿)            板块                昨天收盘             今天收盘       涨跌幅(%)
  QS             Quantumscape Corp  39.18       Auto Components  2025-07-07 7.01  2025-07-08 8.18 16.69 
NNNN           Anbio Biotechnology  56.62         Biotechnology 2025-07-07 39.35 2025-07-08 45.25 14.99 
SOUN             SoundHound AI Inc  45.72            Technology 2025-07-07 11.38 2025-07-08 12.71 11.69 
  SM                  SM Energy Co  29.00                Energy 2025-07-07 25.34 2025-07-08 27.83  9.83 
VKTX       Viking Therapeutics Inc  30.90         Biotechnology 2025-07-07 27.51 2025-07-08 30.19  9.74 
CIVI         Civitas Resources Inc  27.00                Energy 2025-07-07 29.16 2025-07-08 31.83  9.16 
LCID               Lucid Group Inc  64.36           Automobiles  2025-07-07 2.11   2025-07-08 2.3  9.00 
MRNA                   Moderna Inc 115.64         Biotechnology  2025-07-07 29.9 2025-07-08 32.54  8.83 
RXRX Recursion Pharmaceuticals Inc  20.04         Biotechnology  2025-07-07 4.93  2025-07-08 5.36  8.72 
 MUR               Murphy Oil Corp  34.02                Energy 2025-07-07 23.84 2025-07-08 25.89  8.60 
 RIG                Transocean Ltd  23.94                Energy  2025-07-07 2.71  2025-07-08 2.93  8.12 
VOYG      Voyager Technologies Inc  20.45   Aerospace & Defense  2025-07-07 39.0 2025-07-08 42.14  8.05 
INTC                    Intel Corp 959.64        Semiconductors  2025-07-07 22.0 2025-07-08 23.59  7.23 
 ALB                Albemarle Corp  77.07             Chemicals  2025-07-07 65.5 2025-07-08 70.22  7.21 
CRSP        CRISPR Therapeutics AG  44.21         Biotechnology 2025-07-07 51.19 2025-07-08 54.82  7.09 
PTEN      Patterson-UTI Energy Inc  23.82                Energy  2025-07-07 6.17   2025-07-08 6.6  6.97 
 GFS           GlobalFoundries Inc 215.36        Semiconductors 2025-07-07 38.95 2025-07-08 41.66  6.96 
JOBY             Joby Aviation Inc  84.41              Airlines 2025-07-07 10.66 2025-07-08 11.39  6.85 
 DVN             Devon Energy Corp 209.84                Energy 2025-07-07 32.68 2025-07-08 34.92  6.85 
CNXC               Concentrix Corp  35.72 Professional Services 2025-07-07 56.68  2025-07-08 60.5  6.74 

=== 市值超过50亿的涨幅榜前20名股票 ===
股票代码                公司名称               市值(亿)         板块              昨天收盘              今天收盘       涨跌幅(%)
NNNN               Anbio Biotechnology  56.62   Biotechnology  2025-07-07 39.35  2025-07-08 45.25 14.99 
LCID                   Lucid Group Inc  64.36     Automobiles   2025-07-07 2.11    2025-07-08 2.3  9.00 
MRNA                       Moderna Inc 115.64   Biotechnology   2025-07-07 29.9  2025-07-08 32.54  8.83 
INTC                        Intel Corp 959.64  Semiconductors   2025-07-07 22.0  2025-07-08 23.59  7.23 
 ALB                    Albemarle Corp  77.07       Chemicals   2025-07-07 65.5  2025-07-08 70.22  7.21 
 GFS               GlobalFoundries Inc 215.36  Semiconductors  2025-07-07 38.95  2025-07-08 41.66  6.96 
JOBY                 Joby Aviation Inc  84.41        Airlines  2025-07-07 10.66  2025-07-08 11.39  6.85 
 DVN                 Devon Energy Corp 209.84          Energy  2025-07-07 32.68  2025-07-08 34.92  6.85 
MTDR              Matador Resources Co  61.41          Energy  2025-07-07 49.05  2025-07-08 52.35  6.73 
 HAL                    Halliburton Co 179.59          Energy  2025-07-07 20.89  2025-07-08 22.16  6.08 
 APA                     APA Corp (US)  70.04          Energy  2025-07-07 19.41   2025-07-08 20.5  5.62 
 OXY         Occidental Petroleum Corp 426.62          Energy  2025-07-07 43.35  2025-07-08 45.75  5.54 
   U                Unity Software Inc 115.81      Technology  2025-07-07 27.86   2025-07-08 29.4  5.53 
  ON             ON Semiconductor Corp 228.21  Semiconductors  2025-07-07 54.61  2025-07-08 57.62  5.50 
LSCC        Lattice Semiconductor Corp  69.96  Semiconductors  2025-07-07 50.88  2025-07-08 53.65  5.44 
CHRD                 Chord Energy Corp  59.56          Energy 2025-07-07 103.13  2025-07-08 108.2  4.92 
 LYB      LyondellBasell Industries NV 195.19       Chemicals  2025-07-07 60.73   2025-07-08 63.7  4.89 
ENTG                      Entegris Inc 125.66  Semiconductors   2025-07-07 83.0  2025-07-08 87.02  4.84 
 HES                         Hess Corp 443.25          Energy 2025-07-07 143.32 2025-07-08 150.23  4.82 
 RGC Regencell Bioscience Holdings Ltd  91.13 Pharmaceuticals  2025-07-07 18.43  2025-07-08 19.31  4.77 

=== 市值超过100亿的涨幅榜前20名股票 ===
股票代码             公司名称              市值(亿)                板块                     昨天收盘              今天收盘       涨跌幅(%)
MRNA                  Moderna Inc  115.64                 Biotechnology   2025-07-07 29.9  2025-07-08 32.54  8.83 
INTC                   Intel Corp  959.64                Semiconductors   2025-07-07 22.0  2025-07-08 23.59  7.23 
 GFS          GlobalFoundries Inc  215.36                Semiconductors  2025-07-07 38.95  2025-07-08 41.66  6.96 
 DVN            Devon Energy Corp  209.84                        Energy  2025-07-07 32.68  2025-07-08 34.92  6.85 
 HAL               Halliburton Co  179.59                        Energy  2025-07-07 20.89  2025-07-08 22.16  6.08 
 OXY    Occidental Petroleum Corp  426.62                        Energy  2025-07-07 43.35  2025-07-08 45.75  5.54 
   U           Unity Software Inc  115.81                    Technology  2025-07-07 27.86   2025-07-08 29.4  5.53 
  ON        ON Semiconductor Corp  228.21                Semiconductors  2025-07-07 54.61  2025-07-08 57.62  5.50 
 LYB LyondellBasell Industries NV  195.19                     Chemicals  2025-07-07 60.73   2025-07-08 63.7  4.89 
ENTG                 Entegris Inc  125.66                Semiconductors   2025-07-07 83.0  2025-07-08 87.02  4.84 
 HES                    Hess Corp  443.25                        Energy 2025-07-07 143.32 2025-07-08 150.23  4.82 
  PR       Permian Resources Corp  110.14                        Energy  2025-07-07 13.77  2025-07-08 14.42  4.72 
 OVV                  Ovintiv Inc  102.06                        Energy  2025-07-07 39.28  2025-07-08 41.12  4.68 
 SLB              Schlumberger NV  475.38                        Energy  2025-07-07 34.95  2025-07-08 36.54  4.55 
DKNG               Draftkings Inc  201.39 Hotels, Restaurants & Leisure  2025-07-07 40.58  2025-07-08 42.34  4.34 
MCHP     Microchip Technology Inc  385.56                Semiconductors  2025-07-07 71.48  2025-07-08 74.56  4.31 
SMCI     Super Micro Computer Inc  281.16                    Technology  2025-07-07 47.11  2025-07-08 49.11  4.25 
FANG       Diamondback Energy Inc  402.96                        Energy 2025-07-07 137.92 2025-07-08 143.76  4.23 
 CVX                 Chevron Corp 2574.18                        Energy  2025-07-07 147.4 2025-07-08 153.24  3.96 
  VG           Venture Global Inc  366.85                        Energy  2025-07-07 15.16  2025-07-08 15.76  3.96 

=== 市值超过200亿的涨幅榜前20名股票 ===
股票代码            公司名称            市值(亿)                板块                     昨天收盘              今天收盘       涨跌幅(%)
INTC                Intel Corp  959.64                Semiconductors   2025-07-07 22.0  2025-07-08 23.59  7.23 
 GFS       GlobalFoundries Inc  215.36                Semiconductors  2025-07-07 38.95  2025-07-08 41.66  6.96 
 DVN         Devon Energy Corp  209.84                        Energy  2025-07-07 32.68  2025-07-08 34.92  6.85 
 OXY Occidental Petroleum Corp  426.62                        Energy  2025-07-07 43.35  2025-07-08 45.75  5.54 
  ON     ON Semiconductor Corp  228.21                Semiconductors  2025-07-07 54.61  2025-07-08 57.62  5.50 
 HES                 Hess Corp  443.25                        Energy 2025-07-07 143.32 2025-07-08 150.23  4.82 
 SLB           Schlumberger NV  475.38                        Energy  2025-07-07 34.95  2025-07-08 36.54  4.55 
DKNG            Draftkings Inc  201.39 Hotels, Restaurants & Leisure  2025-07-07 40.58  2025-07-08 42.34  4.34 
MCHP  Microchip Technology Inc  385.56                Semiconductors  2025-07-07 71.48  2025-07-08 74.56  4.31 
SMCI  Super Micro Computer Inc  281.16                    Technology  2025-07-07 47.11  2025-07-08 49.11  4.25 
FANG    Diamondback Energy Inc  402.96                        Energy 2025-07-07 137.92 2025-07-08 143.76  4.23 
 CVX              Chevron Corp 2574.18                        Energy  2025-07-07 147.4 2025-07-08 153.24  3.96 
  VG        Venture Global Inc  366.85                        Energy  2025-07-07 15.16  2025-07-08 15.76  3.96 
  MU     Micron Technology Inc 1342.05                Semiconductors 2025-07-07 119.92 2025-07-08 124.42  3.75 
SOFI     SoFi Technologies Inc  212.67            Financial Services  2025-07-07 19.24  2025-07-08 19.95  3.69 
 EOG         EOG Resources Inc  652.82                        Energy 2025-07-07 119.61 2025-07-08 123.95  3.63 
 COP            ConocoPhillips 1168.36                        Energy  2025-07-07 92.55  2025-07-08 95.79  3.50 
 VLO        Valero Energy Corp  450.20                        Energy 2025-07-07 143.74 2025-07-08 148.67  3.43 
 PSX               Phillips 66  515.00                        Energy  2025-07-07 126.4  2025-07-08 130.0  2.85 
NXPI     NXP Semiconductors NV  570.94                Semiconductors  2025-07-07 226.0 2025-07-08 232.34  2.81 

=== 市值超过1000亿的涨跌榜前20名股票 ===
 股票代码                 公司名称                 市值(亿)                 板块                       昨天收盘              今天收盘       涨跌幅(%)
  CVX                        Chevron Corp 2574.18                           Energy  2025-07-07 147.4 2025-07-08 153.24  3.96 
   MU               Micron Technology Inc 1342.05                   Semiconductors 2025-07-07 119.92 2025-07-08 124.42  3.75 
  COP                      ConocoPhillips 1168.36                           Energy  2025-07-07 92.55  2025-07-08 95.79  3.50 
  XOM                    Exxon Mobil Corp 4788.44                           Energy 2025-07-07 111.11 2025-07-08 114.19  2.77 
  AMD          Advanced Micro Devices Inc 2185.65                   Semiconductors  2025-07-07 134.8 2025-07-08 137.82  2.24 
 AMAT               Applied Materials Inc 1531.01                   Semiconductors 2025-07-07 190.78 2025-07-08 194.99  2.21 
   BX                      Blackstone Inc 1856.11               Financial Services 2025-07-07 152.99 2025-07-08 156.35  2.20 
LVMHF LVMH Moet Hennessy Louis Vuitton SE 2384.58 Textiles, Apparel & Luxury Goods 2025-07-07 554.64  2025-07-08 566.8  2.19 
 ANET                 Arista Networks Inc 1274.38                   Communications 2025-07-07 101.47 2025-07-08 103.39  1.89 
  TMO        Thermo Fisher Scientific Inc 1580.57   Life Sciences Tools & Services  2025-07-07 418.7 2025-07-08 426.17  1.78 
  KKR                        KKR & Co Inc 1207.18               Financial Services 2025-07-07 135.54 2025-07-08 137.94  1.77 
 LRCX                   Lam Research Corp 1255.33                   Semiconductors  2025-07-07 98.14  2025-07-08 99.83  1.72 
CMCSA                        Comcast Corp 1323.22                            Media  2025-07-07 35.44   2025-07-08 36.0  1.58 
  PFE                          Pfizer Inc 1434.99                  Pharmaceuticals  2025-07-07 25.24  2025-07-08 25.62  1.51 
  TXN               Texas Instruments Inc 1938.77                   Semiconductors 2025-07-07 213.41 2025-07-08 216.63  1.51 
 VRTX          Vertex Pharmaceuticals Inc 1179.75                    Biotechnology 2025-07-07 459.41 2025-07-08 466.36  1.51 
  CRM                      Salesforce Inc 2579.29                       Technology  2025-07-07 269.8 2025-07-08 273.65  1.43 
 ADBE                           Adobe Inc 1598.94                       Technology 2025-07-07 376.93 2025-07-08 382.24  1.41 
 SBUX                      Starbucks Corp 1064.13    Hotels, Restaurants & Leisure  2025-07-07 93.64  2025-07-08 94.94  1.39 
 AMGN                           Amgen Inc 1575.21                    Biotechnology 2025-07-07 292.95  2025-07-08 297.0  1.38 
