
=== 涨幅榜前20名股票 ===
股票代码                公司名称               市值(亿)               板块                     昨天收盘             今天收盘       涨跌幅(%)
PLRZ                     Polyrizon Ltd  0.01                  Biotechnology  2025-05-01 0.25  2025-05-02 1.01 299.21
FRGT          Freight Technologies Inc  0.02     Logistics & Transportation  2025-05-01 0.99  2025-05-02 2.08 111.17
 IBO             Impact Biomedical Inc  0.06                Pharmaceuticals   2025-05-01 0.4  2025-05-02 0.75  87.00
CLIK            Click Holdings Limited  0.04          Professional Services  2025-05-01 0.22  2025-05-02 0.34  59.72
 CPS      Cooper-Standard Holdings Inc  3.39                Auto Components 2025-05-01 15.22 2025-05-02 21.88  43.76
BIVI                        BioVie Inc  0.17                  Biotechnology  2025-05-01 0.86  2025-05-02 1.21  40.37
INZY                Inozyme Pharma Inc  0.82                  Biotechnology  2025-05-01 1.21  2025-05-02 1.62  33.88
ADPT     Adaptive Biotechnologies Corp 14.12 Life Sciences Tools & Services  2025-05-01 7.36  2025-05-02 9.84  33.70
AGFY                       Agrify Corp  0.36                      Machinery 2025-05-01 16.89 2025-05-02 22.58  33.69
AIRS        AirSculpt Technologies Inc  1.53                    Health Care  2025-05-01 2.26  2025-05-02 3.02  33.63
ZYBT Zhengye Biotechnology Holding Ltd  5.35                Pharmaceuticals 2025-05-01 10.43 2025-05-02 13.48  29.24
FULC          Fulcrum Therapeutics Inc  2.44                Pharmaceuticals  2025-05-01 4.38  2025-05-02 5.62  28.31
 SSP                    E W Scripps Co  1.98                          Media  2025-05-01 1.93  2025-05-02 2.45  26.94
NPKI             NPK International Inc  6.40                         Energy  2025-05-01 6.04  2025-05-02 7.59  25.66
VCIG                    VCI Global Ltd  0.13          Professional Services  2025-05-01 4.49  2025-05-02 5.63  25.39
HYFM      Hydrofarm Holdings Group Inc  0.13                      Machinery  2025-05-01 2.81  2025-05-02 3.51  24.91
GUTS                Fractyl Health Inc  0.65                    Health Care  2025-05-01 1.27  2025-05-02 1.58  24.41
UAVS        Ageagle Aerial Systems Inc  0.10                      Machinery  2025-05-01 0.75  2025-05-02 0.93  24.00
ASMB          Assembly Biosciences Inc  0.98                  Biotechnology 2025-05-01 11.44 2025-05-02 14.18  23.95
RSLS          ReShape Lifesciences Inc  0.05                    Health Care  2025-05-01 0.34  2025-05-02 0.42  23.89

=== 市值超过20亿的涨幅榜前20名股票 ===
股票代码               公司名称                市值(亿)                板块                      昨天收盘              今天收盘       涨跌幅(%)
DUOL                     Duolingo Inc  206.26  Diversified Consumer Services  2025-05-01 400.0 2025-05-02 486.42 21.61 
IRTC         iRhythm Technologies Inc   40.37                    Health Care 2025-05-01 108.59 2025-05-02 131.12 20.75 
 AUR            Aurora Innovation Inc  131.02                     Technology   2025-05-01 6.88   2025-05-02 8.14 18.31 
BTSG Brightspring Health Services Inc   34.79                    Health Care   2025-05-01 17.9  2025-05-02 20.87 16.59 
RGTI            Rigetti Computing Inc   27.09                 Semiconductors   2025-05-01 9.14  2025-05-02 10.63 16.30 
DXCM                       Dexcom Inc  309.49                    Health Care  2025-05-01 70.26  2025-05-02 81.62 16.17 
ASTS              AST SpaceMobile Inc   87.07              Telecommunication  2025-05-01 23.02  2025-05-02 26.42 14.77 
CART                    Maplebear Inc  116.30                         Retail   2025-05-01 39.8  2025-05-02 45.22 13.62 
QBTS               D-Wave Quantum Inc   20.84                     Technology   2025-05-01 6.98   2025-05-02 7.91 13.32 
IONQ                         IONQ Inc   69.26                     Technology  2025-05-01 27.38  2025-05-02 30.92 12.93 
HIMS           Hims & Hers Health Inc   85.24                    Health Care  2025-05-01 36.16  2025-05-02 40.82 12.89 
IESC                 IES Holdings Inc   45.62                   Construction 2025-05-01 211.66 2025-05-02 238.23 12.55 
FIVE                   Five Below Inc   45.12                         Retail  2025-05-01 75.36  2025-05-02 84.31 11.88 
FTDR                    Frontdoor Inc   36.29  Diversified Consumer Services  2025-05-01 46.53   2025-05-02 51.5 10.68 
 TEM                    Tempus AI Inc   94.80 Life Sciences Tools & Services  2025-05-01 51.85  2025-05-02 57.06 10.05 
 APP                    Applovin Corp 1001.54                     Technology 2025-05-01 279.49 2025-05-02 307.58 10.05 
MTSR                      Metsera Inc   26.68                  Biotechnology  2025-05-01 23.36  2025-05-02 25.65  9.80 
ACHR              Archer Aviation Inc   48.58            Aerospace & Defense   2025-05-01 8.48   2025-05-02 9.29  9.55 
 TEX                       Terex Corp   25.91                      Machinery   2025-05-01 36.4  2025-05-02 39.83  9.42 
 ELF                   elf Beauty Inc   36.54              Consumer products  2025-05-01 62.25  2025-05-02 68.05  9.32 

=== 市值超过50亿的涨幅榜前20名股票 ===
股票代码             公司名称              市值(亿)                 板块                       昨天收盘              今天收盘       涨跌幅(%)
DUOL                 Duolingo Inc  206.26    Diversified Consumer Services  2025-05-01 400.0 2025-05-02 486.42 21.61 
 AUR        Aurora Innovation Inc  131.02                       Technology   2025-05-01 6.88   2025-05-02 8.14 18.31 
DXCM                   Dexcom Inc  309.49                      Health Care  2025-05-01 70.26  2025-05-02 81.62 16.17 
ASTS          AST SpaceMobile Inc   87.07                Telecommunication  2025-05-01 23.02  2025-05-02 26.42 14.77 
CART                Maplebear Inc  116.30                           Retail   2025-05-01 39.8  2025-05-02 45.22 13.62 
IONQ                     IONQ Inc   69.26                       Technology  2025-05-01 27.38  2025-05-02 30.92 12.93 
HIMS       Hims & Hers Health Inc   85.24                      Health Care  2025-05-01 36.16  2025-05-02 40.82 12.89 
 TEM                Tempus AI Inc   94.80   Life Sciences Tools & Services  2025-05-01 51.85  2025-05-02 57.06 10.05 
 APP                Applovin Corp 1001.54                       Technology 2025-05-01 279.49 2025-05-02 307.58 10.05 
EXAS          Exact Sciences Corp   98.69                    Biotechnology  2025-05-01 47.16  2025-05-02 51.55  9.31 
SAIA                     Saia Inc   66.31                      Road & Rail 2025-05-01 240.16 2025-05-02 262.33  9.23 
SNAP                     Snap Inc  133.03                            Media   2025-05-01 7.83   2025-05-02 8.45  7.92 
 QXO                      QXO Inc   60.19 Trading Companies & Distributors  2025-05-01 13.22  2025-05-02 14.26  7.87 
 CRK       Comstock Resources Inc   56.04                           Energy  2025-05-01 18.87  2025-05-02 20.27  7.42 
RBLX                  Roblox Corp  487.22                            Media   2025-05-01 69.0  2025-05-02 74.09  7.38 
 UAL United Airlines Holdings Inc  237.44                         Airlines  2025-05-01 69.16  2025-05-02 74.07  7.10 
 BEN       Franklin Resources Inc  102.19               Financial Services  2025-05-01 18.74  2025-05-02 20.06  7.04 
 ATI                      ATI Inc   89.16                  Metals & Mining  2025-05-01 62.24  2025-05-02 66.57  6.96 
PLTR    Palantir Technologies Inc 2849.68                       Technology  2025-05-01 116.2 2025-05-02 124.28  6.95 
SPOT        Spotify Technology SA 1276.37                            Media 2025-05-01 602.26  2025-05-02 644.0  6.93 

=== 市值超过100亿的涨幅榜前20名股票 ===
股票代码               公司名称                市值(亿)                 板块                       昨天收盘              今天收盘       涨跌幅(%)
DUOL                     Duolingo Inc  206.26    Diversified Consumer Services  2025-05-01 400.0 2025-05-02 486.42 21.61 
 AUR            Aurora Innovation Inc  131.02                       Technology   2025-05-01 6.88   2025-05-02 8.14 18.31 
DXCM                       Dexcom Inc  309.49                      Health Care  2025-05-01 70.26  2025-05-02 81.62 16.17 
CART                    Maplebear Inc  116.30                           Retail   2025-05-01 39.8  2025-05-02 45.22 13.62 
 APP                    Applovin Corp 1001.54                       Technology 2025-05-01 279.49 2025-05-02 307.58 10.05 
SNAP                         Snap Inc  133.03                            Media   2025-05-01 7.83   2025-05-02 8.45  7.92 
RBLX                      Roblox Corp  487.22                            Media   2025-05-01 69.0  2025-05-02 74.09  7.38 
 UAL     United Airlines Holdings Inc  237.44                         Airlines  2025-05-01 69.16  2025-05-02 74.07  7.10 
 BEN           Franklin Resources Inc  102.19               Financial Services  2025-05-01 18.74  2025-05-02 20.06  7.04 
PLTR        Palantir Technologies Inc 2849.68                       Technology  2025-05-01 116.2 2025-05-02 124.28  6.95 
SPOT            Spotify Technology SA 1276.37                            Media 2025-05-01 602.26  2025-05-02 644.0  6.93 
 DAL              Delta Air Lines Inc  284.82                         Airlines   2025-05-01 41.5   2025-05-02 44.2  6.51 
  AS                  Amer Sports Inc  139.68 Textiles, Apparel & Luxury Goods  2025-05-01 24.25  2025-05-02 25.71  6.02 
  ON            ON Semiconductor Corp  173.48                   Semiconductors   2025-05-01 39.6  2025-05-02 41.91  5.83 
 RGA Reinsurance Group of America Inc  132.81                        Insurance 2025-05-01 186.94 2025-05-02 197.76  5.79 
 XPO                          XPO Inc  127.57                      Road & Rail 2025-05-01 103.94 2025-05-02 109.74  5.58 
  SN                   Sharkninja Inc  116.94                Consumer products  2025-05-01 79.81  2025-05-02 84.14  5.43 
PINS                    Pinterest Inc  176.49                            Media  2025-05-01 25.49  2025-05-02 26.87  5.41 
 CRS        Carpenter Technology Corp  102.79                  Metals & Mining 2025-05-01 202.33 2025-05-02 213.01  5.28 
KNSL        Kinsale Capital Group Inc  100.21                        Insurance 2025-05-01 426.46  2025-05-02 448.8  5.24 

=== 市值超过200亿的涨幅榜前20名股票 ===
股票代码              公司名称               市值(亿)                 板块                     昨天收盘              今天收盘       涨跌幅(%)
DUOL                   Duolingo Inc   206.26 Diversified Consumer Services  2025-05-01 400.0 2025-05-02 486.42 21.61 
DXCM                     Dexcom Inc   309.49                   Health Care  2025-05-01 70.26  2025-05-02 81.62 16.17 
 APP                  Applovin Corp  1001.54                    Technology 2025-05-01 279.49 2025-05-02 307.58 10.05 
RBLX                    Roblox Corp   487.22                         Media   2025-05-01 69.0  2025-05-02 74.09  7.38 
 UAL   United Airlines Holdings Inc   237.44                      Airlines  2025-05-01 69.16  2025-05-02 74.07  7.10 
PLTR      Palantir Technologies Inc  2849.68                    Technology  2025-05-01 116.2 2025-05-02 124.28  6.95 
SPOT          Spotify Technology SA  1276.37                         Media 2025-05-01 602.26  2025-05-02 644.0  6.93 
 DAL            Delta Air Lines Inc   284.82                      Airlines   2025-05-01 41.5   2025-05-02 44.2  6.51 
 CCL                  Carnival Corp   250.18 Hotels, Restaurants & Leisure  2025-05-01 18.63  2025-05-02 19.57  5.05 
ODFL  Old Dominion Freight Line Inc   331.19                   Road & Rail 2025-05-01 150.56 2025-05-02 158.01  4.95 
 FDX                     FedEx Corp   519.09    Logistics & Transportation 2025-05-01 210.06 2025-05-02 219.72  4.60 
DASH                   DoorDash Inc   849.37 Hotels, Restaurants & Leisure  2025-05-01 196.2 2025-05-02 205.09  4.53 
  IP         International Paper Co   237.39                     Packaging  2025-05-01 43.89  2025-05-02 45.84  4.44 
META             Meta Platforms Inc 14702.12                         Media 2025-05-01 572.21 2025-05-02 597.02  4.34 
 DFS    Discover Financial Services   469.65            Financial Services 2025-05-01 182.55 2025-05-02 190.31  4.25 
HOOD          Robinhood Markets Inc   424.37            Financial Services  2025-05-01 46.62  2025-05-02 48.59  4.23 
 AJG      Arthur J. Gallagher & Co.   838.81                     Insurance 2025-05-01 317.64 2025-05-02 331.08  4.23 
GEHC GE Healthcare Technologies Inc   321.73                   Health Care  2025-05-01 67.67  2025-05-02 70.53  4.23 
 COF     Capital One Financial Corp   705.26            Financial Services 2025-05-01 180.22 2025-05-02 187.83  4.22 
MCHP       Microchip Technology Inc   256.27                Semiconductors  2025-05-01 45.98  2025-05-02 47.91  4.20 

=== 市值超过1000亿的涨跌榜前20名股票 ===
股票代码            公司名称            市值(亿)            板块                 昨天收盘              今天收盘       涨跌幅(%)
 APP             Applovin Corp  1001.54           Technology 2025-05-01 279.49 2025-05-02 307.58 10.05 
PLTR Palantir Technologies Inc  2849.68           Technology  2025-05-01 116.2 2025-05-02 124.28  6.95 
SPOT     Spotify Technology SA  1276.37                Media 2025-05-01 602.26  2025-05-02 644.0  6.93 
META        Meta Platforms Inc 14702.12                Media 2025-05-01 572.21 2025-05-02 597.02  4.34 
UBER     Uber Technologies Inc  1733.86          Road & Rail  2025-05-01 80.89  2025-05-02 84.28  4.19 
AMAT     Applied Materials Inc  1253.23       Semiconductors 2025-05-01 148.96  2025-05-02 155.1  4.12 
 TXN     Texas Instruments Inc  1491.12       Semiconductors 2025-05-01 158.26 2025-05-02 164.51  3.95 
 GEV            GE Vernova Inc  1067.08 Electrical Equipment 2025-05-01 382.29 2025-05-02 396.32  3.67 
ANET       Arista Networks Inc  1133.70       Communications  2025-05-01 87.84  2025-05-02 91.02  3.62 
   C             Citigroup Inc  1302.53              Banking  2025-05-01 68.14  2025-05-02 70.59  3.60 
ORCL               Oracle Corp  4232.64           Technology 2025-05-01 145.49 2025-05-02 150.73  3.60 
QCOM              Qualcomm Inc  1512.50       Semiconductors 2025-05-01 135.21 2025-05-02 139.81  3.40 
MSTR         Microstrategy Inc  1063.31           Technology  2025-05-01 381.6 2025-05-02 394.37  3.35 
AVGO              Broadcom Inc  9501.23       Semiconductors 2025-05-01 197.33 2025-05-02 203.64  3.20 
 CAT           Caterpillar Inc  1538.13            Machinery 2025-05-01 313.96 2025-05-02 323.68  3.10 
 AXP       American Express Co  1925.57   Financial Services 2025-05-01 268.54 2025-05-02 276.85  3.09 
  BX            Blackstone Inc  1664.83   Financial Services 2025-05-01 133.39 2025-05-02 137.42  3.02 
  MS            Morgan Stanley  1921.72   Financial Services 2025-05-01 116.76 2025-05-02 120.22  2.96 
ABBV                AbbVie Inc  3475.51        Biotechnology 2025-05-01 193.34 2025-05-02 198.47  2.65 
NVDA               NVIDIA Corp 27935.51       Semiconductors 2025-05-01 111.61  2025-05-02 114.5  2.59 
