
=== 涨幅榜前20名股票 ===
 股票代码                   公司名称                  市值(亿)               板块                     昨天收盘            今天收盘       涨跌幅(%)
 FUSE                        Fusemachines Inc  0.25                     Technology 2026-04-09 0.85  2026-04-10 1.83 115.29
 RAYA         Erayak Power Solution Group Inc  0.00           Electrical Equipment 2026-04-09 0.46  2026-04-10 0.95 107.99
 CREG                       Smart Powerr Corp  0.08 Commercial Services & Supplies 2026-04-09 0.34  2026-04-10 0.63  85.74
 SKYQ                          Sky Quarry Inc  0.27                         Energy 2026-04-09 7.29 2026-04-10 12.59  72.70
  CUE                       Cue Biopharma Inc  0.29                  Biotechnology 2026-04-09 0.29   2026-04-10 0.5  71.30
 ZNTL            Zentalis Pharmaceuticals Inc  1.87                  Biotechnology 2026-04-09 4.42  2026-04-10 6.61  49.55
 SAFX                          XCF Global Inc  1.50                         Energy 2026-04-09 0.55  2026-04-10 0.81  49.54
  RXT                Rackspace Technology Inc  2.18                     Technology 2026-04-09 0.88  2026-04-10 1.32  49.32
TSEOF                             Trinseo PLC  0.04                      Chemicals  2026-04-09 0.1  2026-04-10 0.15  47.06
 SBDS                         Solo Brands Inc  0.12               Leisure Products 2026-04-09 3.86  2026-04-10 5.55  43.78
 UCAR                             U Power Ltd  0.04                         Retail 2026-04-09 1.64  2026-04-10 2.33  42.07
 SQFT             Presidio Property Trust Inc  0.04                    Real Estate 2026-04-09 2.82  2026-04-10 3.89  37.94
 CIMG                                CIMG Inc  0.04                  Food Products 2026-04-09 0.03  2026-04-10 0.04  31.61
 IPST                IP Strategy Holdings Inc  0.03                      Beverages 2026-04-09 0.35  2026-04-10 0.46  30.86
 TPST                Tempest Therapeutics Inc  0.23                  Biotechnology 2026-04-09 1.58  2026-04-10 2.05  29.75
 MAXN           Maxeon Solar Technologies Ltd  0.22                 Semiconductors 2026-04-09 1.32  2026-04-10 1.71  29.55
  OGN                            Organon & Co 17.99                Pharmaceuticals 2026-04-09 6.91  2026-04-10 8.83  27.79
 SIDU                         Sidus Space Inc  2.22            Aerospace & Defense 2026-04-09 3.34  2026-04-10 4.25  27.25
 APRE                  Aprea Therapeutics Inc  0.08                  Biotechnology 2026-04-09 0.73  2026-04-10 0.92  24.90
 FFAI Faraday Future Intelligent Electric Inc  0.64                    Automobiles 2026-04-09 0.26  2026-04-10 0.32  24.44

=== 市值超过20亿的涨幅榜前20名股票 ===
股票代码                公司名称                 市值(亿)           板块                 昨天收盘              今天收盘       涨跌幅(%)
ALAB                    Astera Labs Inc  220.36       Semiconductors 2026-04-09 129.46 2026-04-10 149.05 15.13 
MANE                    Veradermics Inc   22.40      Pharmaceuticals  2026-04-09 59.98   2026-04-10 68.8 14.70 
TTMI               TTM Technologies Inc  111.19 Electrical Equipment 2026-04-09 107.53 2026-04-10 121.49 12.98 
AAOI        Applied Optoelectronics Inc  100.24       Communications  2026-04-09 133.3  2026-04-10 150.6 12.98 
CRDO Credo Technology Group Holding Ltd  199.08       Semiconductors 2026-04-09 107.93 2026-04-10 119.59 10.80 
CVLT              Commvault Systems Inc   35.45           Technology  2026-04-09 80.61  2026-04-10 88.87 10.25 
VERA             Vera Therapeutics, Inc   29.21        Biotechnology  2026-04-09 40.93  2026-04-10 45.04 10.04 
SMCI           Super Micro Computer Inc  139.09           Technology  2026-04-09 23.22  2026-04-10 25.26  8.79 
 TPL            Texas Pacific Land Corp  260.58               Energy 2026-04-09 377.97 2026-04-10 409.97  8.47 
COHR                      Coherent Corp  532.77 Electrical Equipment 2026-04-09 284.17  2026-04-10 307.5  8.21 
LUNR             Intuitive Machines Inc   47.63  Aerospace & Defense  2026-04-09 21.97  2026-04-10 23.57  7.28 
MRVL             Marvell Technology Inc 1048.74       Semiconductors 2026-04-09 119.93 2026-04-10 128.49  7.14 
  FN                           Fabrinet  221.50 Electrical Equipment 2026-04-09 618.26 2026-04-10 662.13  7.10 
SATS                      EchoStar Corp  346.91                Media 2026-04-09 120.09 2026-04-10 128.59  7.08 
AMPX           Amprius Technologies Inc   22.13 Electrical Equipment  2026-04-09 16.15  2026-04-10 17.22  6.63 
  LB                  LandBridge Co LLC   49.24          Real Estate  2026-04-09 63.88  2026-04-10 68.01  6.47 
NBIS                    Nebius Group NV  343.16           Technology 2026-04-09 136.33 2026-04-10 144.97  6.34 
IREN                           IREN Ltd  122.95           Technology  2026-04-09 37.06  2026-04-10 39.32  6.10 
INFQ                     Infleqtion Inc   25.74           Technology  2026-04-09 11.89  2026-04-10 12.59  5.89 
 LGN                       Legence Corp   64.55         Construction  2026-04-09 59.75   2026-04-10 63.2  5.77 

=== 市值超过50亿的涨幅榜前20名股票 ===
股票代码                   公司名称                   市值(亿)            板块                 昨天收盘              今天收盘       涨跌幅(%)
ALAB                         Astera Labs Inc   220.36       Semiconductors 2026-04-09 129.46 2026-04-10 149.05 15.13 
TTMI                    TTM Technologies Inc   111.19 Electrical Equipment 2026-04-09 107.53 2026-04-10 121.49 12.98 
AAOI             Applied Optoelectronics Inc   100.24       Communications  2026-04-09 133.3  2026-04-10 150.6 12.98 
CRDO      Credo Technology Group Holding Ltd   199.08       Semiconductors 2026-04-09 107.93 2026-04-10 119.59 10.80 
SMCI                Super Micro Computer Inc   139.09           Technology  2026-04-09 23.22  2026-04-10 25.26  8.79 
 TPL                 Texas Pacific Land Corp   260.58               Energy 2026-04-09 377.97 2026-04-10 409.97  8.47 
COHR                           Coherent Corp   532.77 Electrical Equipment 2026-04-09 284.17  2026-04-10 307.5  8.21 
MRVL                  Marvell Technology Inc  1048.74       Semiconductors 2026-04-09 119.93 2026-04-10 128.49  7.14 
  FN                                Fabrinet   221.50 Electrical Equipment 2026-04-09 618.26 2026-04-10 662.13  7.10 
SATS                           EchoStar Corp   346.91                Media 2026-04-09 120.09 2026-04-10 128.59  7.08 
NBIS                         Nebius Group NV   343.16           Technology 2026-04-09 136.33 2026-04-10 144.97  6.34 
IREN                                IREN Ltd   122.95           Technology  2026-04-09 37.06  2026-04-10 39.32  6.10 
 LGN                            Legence Corp    64.55         Construction  2026-04-09 59.75   2026-04-10 63.2  5.77 
OKLO                                Oklo Inc    82.88            Utilities  2026-04-09 47.75  2026-04-10 50.25  5.24 
AMKR                    Amkor Technology Inc   136.37       Semiconductors  2026-04-09 55.14  2026-04-10 57.96  5.11 
AVGO                            Broadcom Inc 16803.81       Semiconductors 2026-04-09 354.91 2026-04-10 371.55  4.69 
RMBS                              Rambus Inc   113.81       Semiconductors 2026-04-09 105.58 2026-04-10 110.44  4.60 
 MKC                 McCormick & Company Inc   138.30        Food Products  2026-04-09 51.44  2026-04-10 53.71  4.41 
MTSI MACOM Technology Solutions Holdings Inc   185.81       Semiconductors 2026-04-09 247.71 2026-04-10 258.11  4.20 
SANM                            Sanmina Corp    77.45 Electrical Equipment 2026-04-09 141.84 2026-04-10 147.76  4.17 

=== 市值超过100亿的涨幅榜前20名股票 ===
股票代码                   公司名称                   市值(亿)            板块                 昨天收盘              今天收盘       涨跌幅(%)
ALAB                         Astera Labs Inc   220.36       Semiconductors 2026-04-09 129.46 2026-04-10 149.05 15.13 
TTMI                    TTM Technologies Inc   111.19 Electrical Equipment 2026-04-09 107.53 2026-04-10 121.49 12.98 
AAOI             Applied Optoelectronics Inc   100.24       Communications  2026-04-09 133.3  2026-04-10 150.6 12.98 
CRDO      Credo Technology Group Holding Ltd   199.08       Semiconductors 2026-04-09 107.93 2026-04-10 119.59 10.80 
SMCI                Super Micro Computer Inc   139.09           Technology  2026-04-09 23.22  2026-04-10 25.26  8.79 
 TPL                 Texas Pacific Land Corp   260.58               Energy 2026-04-09 377.97 2026-04-10 409.97  8.47 
COHR                           Coherent Corp   532.77 Electrical Equipment 2026-04-09 284.17  2026-04-10 307.5  8.21 
MRVL                  Marvell Technology Inc  1048.74       Semiconductors 2026-04-09 119.93 2026-04-10 128.49  7.14 
  FN                                Fabrinet   221.50 Electrical Equipment 2026-04-09 618.26 2026-04-10 662.13  7.10 
SATS                           EchoStar Corp   346.91                Media 2026-04-09 120.09 2026-04-10 128.59  7.08 
NBIS                         Nebius Group NV   343.16           Technology 2026-04-09 136.33 2026-04-10 144.97  6.34 
IREN                                IREN Ltd   122.95           Technology  2026-04-09 37.06  2026-04-10 39.32  6.10 
AMKR                    Amkor Technology Inc   136.37       Semiconductors  2026-04-09 55.14  2026-04-10 57.96  5.11 
AVGO                            Broadcom Inc 16803.81       Semiconductors 2026-04-09 354.91 2026-04-10 371.55  4.69 
RMBS                              Rambus Inc   113.81       Semiconductors 2026-04-09 105.58 2026-04-10 110.44  4.60 
 MKC                 McCormick & Company Inc   138.30        Food Products  2026-04-09 51.44  2026-04-10 53.71  4.41 
MTSI MACOM Technology Solutions Holdings Inc   185.81       Semiconductors 2026-04-09 247.71 2026-04-10 258.11  4.20 
ONTO                     Onto Innovation Inc   122.74       Semiconductors 2026-04-09 246.96 2026-04-10 257.14  4.12 
  BE                       Bloom Energy Corp   449.24 Electrical Equipment 2026-04-09 160.13  2026-04-10 166.7  4.10 
 NXT                           Nextpower Inc   168.65 Electrical Equipment 2026-04-09 113.59 2026-04-10 117.97  3.86 

=== 市值超过200亿的涨幅榜前20名股票 ===
 股票代码            公司名称             市值(亿)                  板块                       昨天收盘              今天收盘       涨跌幅(%)
 ALAB            Astera Labs Inc   220.36                   Semiconductors 2026-04-09 129.46 2026-04-10 149.05 15.13 
  TPL    Texas Pacific Land Corp   260.58                           Energy 2026-04-09 377.97 2026-04-10 409.97  8.47 
 COHR              Coherent Corp   532.77             Electrical Equipment 2026-04-09 284.17  2026-04-10 307.5  8.21 
 MRVL     Marvell Technology Inc  1048.74                   Semiconductors 2026-04-09 119.93 2026-04-10 128.49  7.14 
   FN                   Fabrinet   221.50             Electrical Equipment 2026-04-09 618.26 2026-04-10 662.13  7.10 
 SATS              EchoStar Corp   346.91                            Media 2026-04-09 120.09 2026-04-10 128.59  7.08 
 NBIS            Nebius Group NV   343.16                       Technology 2026-04-09 136.33 2026-04-10 144.97  6.34 
 AVGO               Broadcom Inc 16803.81                   Semiconductors 2026-04-09 354.91 2026-04-10 371.55  4.69 
   BE          Bloom Energy Corp   449.24             Electrical Equipment 2026-04-09 160.13  2026-04-10 166.7  4.10 
 ASTS        AST SpaceMobile Inc   349.98                Telecommunication  2026-04-09 91.61   2026-04-10 94.9  3.59 
  AMD Advanced Micro Devices Inc  3858.20                   Semiconductors 2026-04-09 236.64 2026-04-10 245.04  3.55 
 CRCL  Circle Internet Group Inc   210.04                       Technology   2026-04-09 85.1  2026-04-10 88.04  3.45 
 TECK         Teck Resources Ltd   267.38                  Metals & Mining  2026-04-09 54.66  2026-04-10 56.51  3.38 
PPRUF                  Kering SA   339.87 Textiles, Apparel & Luxury Goods 2026-04-09 314.73  2026-04-10 325.0  3.26 
  APP              Applovin Corp  1278.76                       Technology 2026-04-09 379.14 2026-04-10 391.38  3.23 
 FSLR            First Solar Inc   211.67                   Semiconductors 2026-04-09 197.25 2026-04-10 203.47  3.15 
 CARR        Carrier Global Corp   513.46                         Building  2026-04-09 61.46  2026-04-10 63.34  3.06 
  TTE           TotalEnergies SE  1642.91                           Energy  2026-04-09 89.93  2026-04-10 92.65  3.02 
UMGNF   Universal Music Group NV   365.32                            Media  2026-04-09 22.16   2026-04-10 22.8  2.91 
 CVNA                 Carvana Co   716.31                           Retail 2026-04-09 326.93 2026-04-10 336.31  2.87 

=== 市值超过1000亿的涨跌榜前20名股票 ===
 股票代码            公司名称             市值(亿)            板块                 昨天收盘              今天收盘       涨跌幅(%)
 MRVL     Marvell Technology Inc  1048.74       Semiconductors 2026-04-09 119.93 2026-04-10 128.49  7.14 
 AVGO               Broadcom Inc 16803.81       Semiconductors 2026-04-09 354.91 2026-04-10 371.55  4.69 
  AMD Advanced Micro Devices Inc  3858.20       Semiconductors 2026-04-09 236.64 2026-04-10 245.04  3.55 
  APP              Applovin Corp  1278.76           Technology 2026-04-09 379.14 2026-04-10 391.38  3.23 
  TTE           TotalEnergies SE  1642.91               Energy  2026-04-09 89.93  2026-04-10 92.65  3.02 
  VRT         Vertiv Holdings Co  1100.51 Electrical Equipment 2026-04-09 287.64 2026-04-10 295.11  2.60 
 NVDA                NVIDIA Corp 44690.13       Semiconductors 2026-04-09 183.91 2026-04-10 188.63  2.57 
  GEV             GE Vernova Inc  2609.10 Electrical Equipment 2026-04-09 968.02 2026-04-10 991.32  2.41 
 SCCO       Southern Copper Corp  1540.32      Metals & Mining 2026-04-09 188.05 2026-04-10 192.56  2.40 
SBGSF      Schneider Electric SE  1441.58 Electrical Equipment 2026-04-09 296.06  2026-04-10 303.0  2.34 
  CEG  Constellation Energy Corp  1014.48            Utilities 2026-04-09 280.25  2026-04-10 286.5  2.23 
  APH              Amphenol Corp  1692.38 Electrical Equipment 2026-04-09 137.68 2026-04-10 140.75  2.23 
 AMZN             Amazon.com Inc 25082.14               Retail 2026-04-09 233.65 2026-04-10 238.38  2.02 
 LRCX          Lam Research Corp  3231.32       Semiconductors 2026-04-09 258.76 2026-04-10 263.66  1.89 
  NEM        Newmont Corporation  1294.68      Metals & Mining 2026-04-09 119.01  2026-04-10 120.9  1.59 
   TT     Trane Technologies PLC  1018.37             Building 2026-04-09 460.11 2026-04-10 465.71  1.22 
 INTC                 Intel Corp  3082.91       Semiconductors  2026-04-09 61.72  2026-04-10 62.38  1.07 
 TSLA                  Tesla Inc 12969.16          Automobiles 2026-04-09 345.62 2026-04-10 348.95  0.96 
 NFLX                Netflix Inc  4308.72                Media 2026-04-09 102.05 2026-04-10 103.01  0.94 
 ANET        Arista Networks Inc  1835.17       Communications 2026-04-09 146.05 2026-04-10 147.35  0.89 
