
=== 涨幅榜前20名股票 ===
股票代码                   公司名称                   市值(亿)          板块                 昨天收盘              今天收盘       涨跌幅(%)
INBX                  Inhibrx Biosciences Inc  4.11        Biotechnology  2025-10-23 28.36  2025-10-24 57.29 102.01
NEGG                      Newegg Commerce Inc  9.19               Retail  2025-10-23 47.37  2025-10-24 66.72  40.85
NTRP                             NextTrip Inc  0.28           Technology   2025-10-23 3.33   2025-10-24 4.53  36.04
ASST                               Strive Inc  6.31   Financial Services   2025-10-23 0.86    2025-10-24 1.1  27.31
SGMT                  Sagimet Biosciences Inc  2.27        Biotechnology   2025-10-23 7.33   2025-10-24 9.14  24.69
REFR                   Research Frontiers Inc  0.55 Electrical Equipment   2025-10-23 1.64    2025-10-24 2.0  21.95
FLNC                       Fluence Energy Inc 29.26 Electrical Equipment  2025-10-23 16.03  2025-10-24 19.52  21.77
CLOV           Clover Health Investments Corp 16.40          Health Care    2025-10-23 3.2   2025-10-24 3.82  19.37
RVYL                                Ryvyl Inc  0.10   Financial Services   2025-10-23 0.31   2025-10-24 0.37  19.35
FCUV                      Focus Universal Inc  0.30 Electrical Equipment   2025-10-23 4.09   2025-10-24 4.88  19.17
IRBT                              iRobot Corp  1.47    Consumer products   2025-10-23 4.69   2025-10-24 5.58  18.98
GRND                               Grindr Inc 24.32                Media  2025-10-23 12.67  2025-10-24 15.06  18.86
RVPH      Reviva Pharmaceuticals Holdings Inc  0.55      Pharmaceuticals   2025-10-23 0.57   2025-10-24 0.68  18.47
CELZ Creative Medical Technology Holdings Inc  0.11        Biotechnology   2025-10-23 4.13   2025-10-24 4.88  18.16
ATNM             Actinium Pharmaceuticals Inc  0.45        Biotechnology   2025-10-23 1.43   2025-10-24 1.67  16.78
KYTX                 Kyverna Therapeutics Inc  2.77        Biotechnology    2025-10-23 6.4   2025-10-24 7.44  16.25
DTCK                    Davis Commodities Ltd  0.24               Retail    2025-10-23 1.0   2025-10-24 1.15  15.35
IESC                         IES Holdings Inc 75.52         Construction 2025-10-23 380.38 2025-10-24 436.98  14.88
IFRX                               InflaRx NV  0.82        Biotechnology   2025-10-23 1.22    2025-10-24 1.4  14.75
  QS                        Quantumscape Corp 82.98      Auto Components  2025-10-23 14.66  2025-10-24 16.82  14.73

=== 市值超过20亿的涨幅榜前20名股票 ===
股票代码                 公司名称                  市值(亿)           板块                 昨天收盘              今天收盘       涨跌幅(%)
FLNC                   Fluence Energy Inc   29.26 Electrical Equipment  2025-10-23 16.03  2025-10-24 19.52 21.77 
GRND                           Grindr Inc   24.32                Media  2025-10-23 12.67  2025-10-24 15.06 18.86 
IESC                     IES Holdings Inc   75.52         Construction 2025-10-23 380.38 2025-10-24 436.98 14.88 
  QS                    Quantumscape Corp   82.98      Auto Components  2025-10-23 14.66  2025-10-24 16.82 14.73 
 GTX                   Garrett Motion Inc   30.10      Auto Components  2025-10-23 14.93  2025-10-24 16.99 13.80 
OPEN            Opendoor Technologies Inc   51.74          Real Estate   2025-10-23 7.03   2025-10-24 7.97 13.37 
   F                        Ford Motor Co  491.11          Automobiles  2025-10-23 12.34  2025-10-24 13.84 12.16 
SNDK                         Sandisk Corp  244.77           Technology 2025-10-23 167.05 2025-10-24 186.16 11.44 
 LEU                  Centrus Energy Corp   62.68               Energy 2025-10-23 344.23  2025-10-24 383.0 11.26 
COIN                  Coinbase Global Inc  829.29   Financial Services 2025-10-23 322.76 2025-10-24 354.46  9.82 
CRCL            Circle Internet Group Inc  300.53           Technology 2025-10-23 129.86 2025-10-24 142.05  9.39 
ENVA              Enova International Inc   28.52   Financial Services 2025-10-23 114.03  2025-10-24 124.7  9.36 
OKLO                             Oklo Inc  184.07            Utilities  2025-10-23 124.7 2025-10-24 136.05  9.10 
  BE                    Bloom Energy Corp  237.32 Electrical Equipment 2025-10-23 101.42 2025-10-24 110.38  8.83 
 NXT                       Nextracker Inc  133.73 Electrical Equipment  2025-10-23 90.38  2025-10-24 98.28  8.74 
NOVT                          Novanta Inc   42.74 Electrical Equipment 2025-10-23 118.82 2025-10-24 128.65  8.27 
GRAL                            Grail Inc   29.79        Biotechnology  2025-10-23 82.65  2025-10-24 89.39  8.15 
 IBM International Business Machines Corp 2654.83           Technology  2025-10-23 285.0 2025-10-24 307.46  7.88 
 AMD           Advanced Micro Devices Inc 3813.52       Semiconductors 2025-10-23 234.99 2025-10-24 252.92  7.63 
 EME                      EMCOR Group Inc  311.68         Construction 2025-10-23 696.28 2025-10-24 748.24  7.46 

=== 市值超过50亿的涨幅榜前20名股票 ===
股票代码                 公司名称                  市值(亿)           板块                 昨天收盘              今天收盘       涨跌幅(%)
IESC                     IES Holdings Inc   75.52         Construction 2025-10-23 380.38 2025-10-24 436.98 14.88 
  QS                    Quantumscape Corp   82.98      Auto Components  2025-10-23 14.66  2025-10-24 16.82 14.73 
OPEN            Opendoor Technologies Inc   51.74          Real Estate   2025-10-23 7.03   2025-10-24 7.97 13.37 
   F                        Ford Motor Co  491.11          Automobiles  2025-10-23 12.34  2025-10-24 13.84 12.16 
SNDK                         Sandisk Corp  244.77           Technology 2025-10-23 167.05 2025-10-24 186.16 11.44 
 LEU                  Centrus Energy Corp   62.68               Energy 2025-10-23 344.23  2025-10-24 383.0 11.26 
COIN                  Coinbase Global Inc  829.29   Financial Services 2025-10-23 322.76 2025-10-24 354.46  9.82 
CRCL            Circle Internet Group Inc  300.53           Technology 2025-10-23 129.86 2025-10-24 142.05  9.39 
OKLO                             Oklo Inc  184.07            Utilities  2025-10-23 124.7 2025-10-24 136.05  9.10 
  BE                    Bloom Energy Corp  237.32 Electrical Equipment 2025-10-23 101.42 2025-10-24 110.38  8.83 
 NXT                       Nextracker Inc  133.73 Electrical Equipment  2025-10-23 90.38  2025-10-24 98.28  8.74 
 IBM International Business Machines Corp 2654.83           Technology  2025-10-23 285.0 2025-10-24 307.46  7.88 
 AMD           Advanced Micro Devices Inc 3813.52       Semiconductors 2025-10-23 234.99 2025-10-24 252.92  7.63 
 EME                      EMCOR Group Inc  311.68         Construction 2025-10-23 696.28 2025-10-24 748.24  7.46 
RDDT                           Reddit Inc  375.85                Media 2025-10-23 200.82  2025-10-24 214.2  6.66 
COHR                        Coherent Corp  189.33 Electrical Equipment 2025-10-23 121.52 2025-10-24 129.34  6.44 
LITE                Lumentum Holdings Inc  119.49       Communications  2025-10-23 168.5  2025-10-24 179.3  6.41 
 CEG            Constellation Energy Corp 1142.78            Utilities  2025-10-23 365.8 2025-10-24 389.19  6.39 
 TLN                    Talen Energy Corp  175.35            Utilities 2025-10-23 383.82 2025-10-24 407.81  6.25 
 MOD              Modine Manufacturing Co   80.00      Auto Components  2025-10-23 152.4 2025-10-24 161.27  5.82 

=== 市值超过100亿的涨幅榜前20名股票 ===
股票代码                 公司名称                  市值(亿)            板块                 昨天收盘              今天收盘       涨跌幅(%)
   F                        Ford Motor Co  491.11           Automobiles  2025-10-23 12.34  2025-10-24 13.84 12.16 
SNDK                         Sandisk Corp  244.77            Technology 2025-10-23 167.05 2025-10-24 186.16 11.44 
COIN                  Coinbase Global Inc  829.29    Financial Services 2025-10-23 322.76 2025-10-24 354.46  9.82 
CRCL            Circle Internet Group Inc  300.53            Technology 2025-10-23 129.86 2025-10-24 142.05  9.39 
OKLO                             Oklo Inc  184.07             Utilities  2025-10-23 124.7 2025-10-24 136.05  9.10 
  BE                    Bloom Energy Corp  237.32  Electrical Equipment 2025-10-23 101.42 2025-10-24 110.38  8.83 
 NXT                       Nextracker Inc  133.73  Electrical Equipment  2025-10-23 90.38  2025-10-24 98.28  8.74 
 IBM International Business Machines Corp 2654.83            Technology  2025-10-23 285.0 2025-10-24 307.46  7.88 
 AMD           Advanced Micro Devices Inc 3813.52        Semiconductors 2025-10-23 234.99 2025-10-24 252.92  7.63 
 EME                      EMCOR Group Inc  311.68          Construction 2025-10-23 696.28 2025-10-24 748.24  7.46 
RDDT                           Reddit Inc  375.85                 Media 2025-10-23 200.82  2025-10-24 214.2  6.66 
COHR                        Coherent Corp  189.33  Electrical Equipment 2025-10-23 121.52 2025-10-24 129.34  6.44 
LITE                Lumentum Holdings Inc  119.49        Communications  2025-10-23 168.5  2025-10-24 179.3  6.41 
 CEG            Constellation Energy Corp 1142.78             Utilities  2025-10-23 365.8 2025-10-24 389.19  6.39 
 TLN                    Talen Energy Corp  175.35             Utilities 2025-10-23 383.82 2025-10-24 407.81  6.25 
 APP                        Applovin Corp 1994.66            Technology  2025-10-23 589.7  2025-10-24 620.0  5.14 
 CRS            Carpenter Technology Corp  149.68   Aerospace & Defense 2025-10-23 300.27 2025-10-24 314.21  4.64 
SSNC       SS&C Technologies Holdings Inc  197.53 Professional Services  2025-10-23 80.88  2025-10-24 84.63  4.64 
  GS              Goldman Sachs Group Inc 2272.77    Financial Services 2025-10-23 750.78 2025-10-24 783.88  4.41 
  GM                    General Motors Co  623.62           Automobiles  2025-10-23 66.85  2025-10-24 69.66  4.20 

=== 市值超过200亿的涨幅榜前20名股票 ===
股票代码                 公司名称                  市值(亿)           板块                 昨天收盘               今天收盘       涨跌幅(%)
   F                        Ford Motor Co  491.11          Automobiles   2025-10-23 12.34  2025-10-24 13.84 12.16 
SNDK                         Sandisk Corp  244.77           Technology  2025-10-23 167.05 2025-10-24 186.16 11.44 
COIN                  Coinbase Global Inc  829.29   Financial Services  2025-10-23 322.76 2025-10-24 354.46  9.82 
CRCL            Circle Internet Group Inc  300.53           Technology  2025-10-23 129.86 2025-10-24 142.05  9.39 
  BE                    Bloom Energy Corp  237.32 Electrical Equipment  2025-10-23 101.42 2025-10-24 110.38  8.83 
 IBM International Business Machines Corp 2654.83           Technology   2025-10-23 285.0 2025-10-24 307.46  7.88 
 AMD           Advanced Micro Devices Inc 3813.52       Semiconductors  2025-10-23 234.99 2025-10-24 252.92  7.63 
 EME                      EMCOR Group Inc  311.68         Construction  2025-10-23 696.28 2025-10-24 748.24  7.46 
RDDT                           Reddit Inc  375.85                Media  2025-10-23 200.82  2025-10-24 214.2  6.66 
 CEG            Constellation Energy Corp 1142.78            Utilities   2025-10-23 365.8 2025-10-24 389.19  6.39 
 APP                        Applovin Corp 1994.66           Technology   2025-10-23 589.7  2025-10-24 620.0  5.14 
  GS              Goldman Sachs Group Inc 2272.77   Financial Services  2025-10-23 750.78 2025-10-24 783.88  4.41 
  GM                    General Motors Co  623.62          Automobiles   2025-10-23 66.85  2025-10-24 69.66  4.20 
HOOD                Robinhood Markets Inc 1193.76   Financial Services  2025-10-23 134.33 2025-10-24 139.79  4.06 
 NRG                       NRG Energy Inc  316.86            Utilities  2025-10-23 163.81 2025-10-24 170.36  4.00 
CIEN                           Ciena Corp  243.43       Communications  2025-10-23 172.58 2025-10-24 179.05  3.75 
 DAL                  Delta Air Lines Inc  383.75             Airlines   2025-10-23 58.77  2025-10-24 60.95  3.71 
 STX      Seagate Technology Holdings PLC  482.18           Technology  2025-10-23 226.41 2025-10-24 234.12  3.41 
SOFI                SoFi Technologies Inc  332.86   Financial Services   2025-10-23 28.08  2025-10-24 29.01  3.31 
FICO                      Fair Isaac Corp  387.75           Technology 2025-10-23 1615.36 2025-10-24 1667.0  3.20 

=== 市值超过1000亿的涨跌榜前20名股票 ===
股票代码                 公司名称                  市值(亿)           板块                昨天收盘              今天收盘        涨跌幅(%)
 IBM International Business Machines Corp  2654.83         Technology  2025-10-23 285.0  2025-10-24 307.46  7.88 
 AMD           Advanced Micro Devices Inc  3813.52     Semiconductors 2025-10-23 234.99  2025-10-24 252.92  7.63 
 CEG            Constellation Energy Corp  1142.78          Utilities  2025-10-23 365.8  2025-10-24 389.19  6.39 
 APP                        Applovin Corp  1994.66         Technology  2025-10-23 589.7   2025-10-24 620.0  5.14 
  GS              Goldman Sachs Group Inc  2272.77 Financial Services 2025-10-23 750.78  2025-10-24 783.88  4.41 
HOOD                Robinhood Markets Inc  1193.76 Financial Services 2025-10-23 134.33  2025-10-24 139.79  4.06 
DELL                Dell Technologies Inc  1037.00         Technology 2025-10-23 154.23  2025-10-24 158.64  2.86 
AVGO                         Broadcom Inc 16258.63     Semiconductors 2025-10-23 344.29  2025-10-24 354.13  2.86 
LRCX                    Lam Research Corp  1860.53     Semiconductors 2025-10-23 147.54  2025-10-24 151.68  2.81 
GOOG                         Alphabet Inc 30653.36              Media 2025-10-23 253.73  2025-10-24 260.51  2.67 
IBKR        Interactive Brokers Group Inc  1141.77 Financial Services  2025-10-23 67.17   2025-10-24 68.75  2.35 
PLTR            Palantir Technologies Inc  4281.61         Technology 2025-10-23 180.48  2025-10-24 184.63  2.30 
 COF           Capital One Financial Corp  1407.19 Financial Services 2025-10-23 220.04  2025-10-24 225.01  2.26 
NVDA                          NVIDIA Corp 44264.88     Semiconductors 2025-10-23 182.16  2025-10-24 186.26  2.25 
   T                             AT&T Inc  1760.42  Telecommunication  2025-10-23 24.62   2025-10-24 25.14  2.11 
KLAC                             KLA Corp  1526.22     Semiconductors 2025-10-23 1159.0 2025-10-24 1182.82  2.06 
 JPM                  JPMorgan Chase & Co  8099.12            Banking 2025-10-23 294.54  2025-10-24 300.44  2.00 
 HCA                   HCA Healthcare Inc  1029.95        Health Care 2025-10-23 440.16  2025-10-24 447.04  1.56 
 BAC                 Bank of America Corp  3833.84            Banking  2025-10-23 51.76   2025-10-24 52.57  1.56 
  BN                      Brookfield Corp  1126.13 Financial Services   2025-10-23 45.5   2025-10-24 46.19  1.52 
