
=== 涨幅榜前20名股票 ===
 股票代码                  公司名称                 市值(亿)               板块                    昨天收盘             今天收盘       涨跌幅(%)
 ENFY                        Enlightify Inc  0.00                     Chemicals  2026-02-26 0.01  2026-02-27 0.02 100.00
 KORE               KORE Group Holdings Inc  0.88             Telecommunication  2026-02-26 5.01  2026-02-27 8.95  78.64
 ENSC               Ensysce Biosciences Inc  0.01                 Biotechnology   2026-02-26 0.4  2026-02-27 0.62  57.77
 AAOI           Applied Optoelectronics Inc 36.66                Communications 2026-02-26 53.69 2026-02-27 84.23  56.88
 ONMD                        Onemednet Corp  0.36                   Health Care   2026-02-26 0.7  2026-02-27 1.02  44.68
 INEO                  INNEOVA Holdings Ltd  0.09                  Distributors  2026-02-26 0.54  2026-02-27 0.77  43.93
 EDSA                     Edesa Biotech Inc  0.13                 Biotechnology  2026-02-26 1.55   2026-02-27 2.2  41.94
   CD          Chaince Digital Holdings Inc  2.90                    Technology  2026-02-26 4.15  2026-02-27 5.87  41.45
 ALBT                 Avalon Globocare Corp  0.02                   Real Estate  2026-02-26 1.09  2026-02-27 1.49  36.70
 BNAI          Brand Engagement Network Inc  1.53                    Technology 2026-02-26 26.21 2026-02-27 35.68  36.13
 BATL                    Battalion Oil Corp  0.68                        Energy  2026-02-26 4.15  2026-02-27 5.52  33.01
 BDMD Baird Medical Investment Holdings Ltd  0.84                   Health Care  2026-02-26 2.28  2026-02-27 2.98  30.70
 HUBC                Hub Cyber Security Ltd  0.03                    Technology  2026-02-26 1.14  2026-02-27 1.48  29.26
 SMJF        SMJ International Holdings Inc  0.55                  Distributors   2026-02-26 2.0  2026-02-27 2.55  27.50
 ARLO                 Arlo Technologies Inc 13.08          Electrical Equipment 2026-02-26 12.34 2026-02-27 15.69  27.15
TKKHF                   Tikehau Capital SCA 31.80            Financial Services 2026-02-26 17.61 2026-02-27 22.35  26.92
  MMA          Mixed Martial Arts Group Ltd  0.15 Diversified Consumer Services  2026-02-26 0.55   2026-02-27 0.7  26.83
 CDIO       Cardio Diagnostics Holdings Inc  0.10                 Biotechnology  2026-02-26 5.22  2026-02-27 6.55  25.48
 PRAA                         PRA Group Inc  4.94            Financial Services 2026-02-26 12.67 2026-02-27 15.75  24.31
 PMVP               PMV Pharmaceuticals Inc  0.73                 Biotechnology  2026-02-26 1.37   2026-02-27 1.7  24.09

=== 市值超过20亿的涨幅榜前20名股票 ===
 股票代码             公司名称             市值(亿)                 板块                       昨天收盘              今天收盘       涨跌幅(%)
 AAOI Applied Optoelectronics Inc   36.66                   Communications  2026-02-26 53.69  2026-02-27 84.23 56.88 
TKKHF         Tikehau Capital SCA   31.80               Financial Services  2026-02-26 17.61  2026-02-27 22.35 26.92 
 FIGS                    Figs Inc   20.51 Textiles, Apparel & Luxury Goods  2026-02-26 12.47  2026-02-27 15.45 23.90 
 DELL       Dell Technologies Inc  804.84                       Technology 2026-02-26 121.45 2026-02-27 148.08 21.93 
 PSKY     Paramount Skydance Corp  123.39                            Media  2026-02-26 11.18  2026-02-27 13.51 20.84 
  XYZ                   Block Inc  345.03               Financial Services  2026-02-26 54.53   2026-02-27 63.7 16.82 
 XRAY         DENTSPLY SIRONA Inc   27.34                      Health Care  2026-02-26 12.71  2026-02-27 14.68 15.50 
 NFLX                 Netflix Inc 3571.53                            Media  2026-02-26 84.59  2026-02-27 96.24 13.77 
  ARX         Accelerant Holdings   23.76                        Insurance  2026-02-26 10.71   2026-02-27 11.8 10.18 
   SM                SM Energy Co   50.34                           Energy  2026-02-26 21.13  2026-02-27 23.13  9.47 
 LION      Lionsgate Studios Corp   23.94                            Media   2026-02-26 8.25    2026-02-27 9.0  9.09 
 TMDX       Transmedics Group Inc   46.16                      Health Care 2026-02-26 134.57 2026-02-27 145.26  7.94 
 CRGY          Crescent Energy Co   35.53                           Energy  2026-02-26 10.82  2026-02-27 11.66  7.76 
 GSAT              Globalstar Inc   73.41                Telecommunication  2026-02-26 57.88  2026-02-27 62.27  7.58 
  NIQ NIQ Global Intelligence PLC   36.67                            Media  2026-02-26 12.43  2026-02-27 13.33  7.24 
   AR       Antero Resources Corp  106.07                           Energy  2026-02-26 34.38  2026-02-27 36.81  7.07 
 BLLN            BillionToOne Inc   32.68                      Health Care  2026-02-26 71.41  2026-02-27 76.33  6.89 
 SATS               EchoStar Corp  311.97                            Media 2026-02-26 108.37 2026-02-27 115.53  6.61 
 IRDM  Iridium Communications Inc   23.60                Telecommunication  2026-02-26 22.49  2026-02-27 23.95  6.49 
 FSLY                  Fastly Inc   26.83                       Technology  2026-02-26 17.96  2026-02-27 19.12  6.46 

=== 市值超过50亿的涨幅榜前20名股票 ===
 股票代码           公司名称            市值(亿)                板块                      昨天收盘              今天收盘       涨跌幅(%)
 DELL    Dell Technologies Inc  804.84                     Technology 2026-02-26 121.45 2026-02-27 148.08 21.93 
 PSKY  Paramount Skydance Corp  123.39                          Media  2026-02-26 11.18  2026-02-27 13.51 20.84 
  XYZ                Block Inc  345.03             Financial Services  2026-02-26 54.53   2026-02-27 63.7 16.82 
 NFLX              Netflix Inc 3571.53                          Media  2026-02-26 84.59  2026-02-27 96.24 13.77 
   SM             SM Energy Co   50.34                         Energy  2026-02-26 21.13  2026-02-27 23.13  9.47 
 GSAT           Globalstar Inc   73.41              Telecommunication  2026-02-26 57.88  2026-02-27 62.27  7.58 
   AR    Antero Resources Corp  106.07                         Energy  2026-02-26 34.38  2026-02-27 36.81  7.07 
 SATS            EchoStar Corp  311.97                          Media 2026-02-26 108.37 2026-02-27 115.53  6.61 
  AES                 AES Corp  115.72                      Utilities  2026-02-26 16.25  2026-02-27 17.28  6.34 
  RRC     Range Resources Corp   97.17                         Energy  2026-02-26 39.09  2026-02-27 41.28  5.60 
 ILMN             Illumina Inc  194.79 Life Sciences Tools & Services  2026-02-26 127.4 2026-02-27 134.46  5.54 
 ADSK             Autodesk Inc  494.91                     Technology 2026-02-26 233.45 2026-02-27 245.87  5.32 
 ROKU                 Roku Inc  145.08                          Media  2026-02-26 93.47  2026-02-27 98.41  5.29 
  CNX       CNX Resources Corp   56.51                         Energy  2026-02-26 39.69  2026-02-27 41.78  5.27 
  MOH    Molina Healthcare Inc   75.38                    Health Care 2026-02-26 146.36 2026-02-27 154.05  5.25 
   NG   NovaGold Resources Inc   55.50                Metals & Mining  2026-02-26 12.67  2026-02-27 13.32  5.13 
 SMMT  Summit Therapeutics Inc  122.51                  Biotechnology   2026-02-26 15.8  2026-02-27 16.59  5.00 
BMXMF            Biomerieux SA  113.82                    Health Care 2026-02-26 109.61  2026-02-27 115.0  4.92 
  IQV       IQVIA Holdings Inc  289.58 Life Sciences Tools & Services 2026-02-26 170.64 2026-02-27 178.81  4.79 
  LII Lennox International Inc  189.47                       Building 2026-02-26 544.41 2026-02-27 569.94  4.69 

=== 市值超过100亿的涨幅榜前20名股票 ===
 股票代码           公司名称            市值(亿)                板块                      昨天收盘              今天收盘       涨跌幅(%)
 DELL    Dell Technologies Inc  804.84                     Technology 2026-02-26 121.45 2026-02-27 148.08 21.93 
 PSKY  Paramount Skydance Corp  123.39                          Media  2026-02-26 11.18  2026-02-27 13.51 20.84 
  XYZ                Block Inc  345.03             Financial Services  2026-02-26 54.53   2026-02-27 63.7 16.82 
 NFLX              Netflix Inc 3571.53                          Media  2026-02-26 84.59  2026-02-27 96.24 13.77 
   AR    Antero Resources Corp  106.07                         Energy  2026-02-26 34.38  2026-02-27 36.81  7.07 
 SATS            EchoStar Corp  311.97                          Media 2026-02-26 108.37 2026-02-27 115.53  6.61 
  AES                 AES Corp  115.72                      Utilities  2026-02-26 16.25  2026-02-27 17.28  6.34 
 ILMN             Illumina Inc  194.79 Life Sciences Tools & Services  2026-02-26 127.4 2026-02-27 134.46  5.54 
 ADSK             Autodesk Inc  494.91                     Technology 2026-02-26 233.45 2026-02-27 245.87  5.32 
 ROKU                 Roku Inc  145.08                          Media  2026-02-26 93.47  2026-02-27 98.41  5.29 
 SMMT  Summit Therapeutics Inc  122.51                  Biotechnology   2026-02-26 15.8  2026-02-27 16.59  5.00 
BMXMF            Biomerieux SA  113.82                    Health Care 2026-02-26 109.61  2026-02-27 115.0  4.92 
  IQV       IQVIA Holdings Inc  289.58 Life Sciences Tools & Services 2026-02-26 170.64 2026-02-27 178.81  4.79 
  LII Lennox International Inc  189.47                       Building 2026-02-26 544.41 2026-02-27 569.94  4.69 
  CNC             Centene Corp  211.12                    Health Care  2026-02-26 42.93  2026-02-27 44.88  4.54 
  APA            APA Corp (US)  103.21                         Energy   2026-02-26 29.1  2026-02-27 30.37  4.36 
 FANG   Diamondback Energy Inc  478.44                         Energy 2026-02-26 166.98 2026-02-27 174.08  4.25 
 SPOT    Spotify Technology SA 1020.21                          Media 2026-02-26 495.65 2026-02-27 514.94  3.89 
  MRK           Merck & Co Inc 3061.32                Pharmaceuticals  2026-02-26 119.3 2026-02-27 123.82  3.79 
 INTU               Intuit Inc 1097.57                     Technology 2026-02-26 394.42 2026-02-27 409.03  3.70 

=== 市值超过200亿的涨幅榜前20名股票 ===
 股票代码            公司名称             市值(亿)                板块                      昨天收盘              今天收盘       涨跌幅(%)
 DELL      Dell Technologies Inc  804.84                     Technology 2026-02-26 121.45 2026-02-27 148.08 21.93 
  XYZ                  Block Inc  345.03             Financial Services  2026-02-26 54.53   2026-02-27 63.7 16.82 
 NFLX                Netflix Inc 3571.53                          Media  2026-02-26 84.59  2026-02-27 96.24 13.77 
 SATS              EchoStar Corp  311.97                          Media 2026-02-26 108.37 2026-02-27 115.53  6.61 
 ADSK               Autodesk Inc  494.91                     Technology 2026-02-26 233.45 2026-02-27 245.87  5.32 
  IQV         IQVIA Holdings Inc  289.58 Life Sciences Tools & Services 2026-02-26 170.64 2026-02-27 178.81  4.79 
  CNC               Centene Corp  211.12                    Health Care  2026-02-26 42.93  2026-02-27 44.88  4.54 
 FANG     Diamondback Energy Inc  478.44                         Energy 2026-02-26 166.98 2026-02-27 174.08  4.25 
 SPOT      Spotify Technology SA 1020.21                          Media 2026-02-26 495.65 2026-02-27 514.94  3.89 
  MRK             Merck & Co Inc 3061.32                Pharmaceuticals  2026-02-26 119.3 2026-02-27 123.82  3.79 
 INTU                 Intuit Inc 1097.57                     Technology 2026-02-26 394.42 2026-02-27 409.03  3.70 
 GILD        Gilead Sciences Inc 1784.79                  Biotechnology 2026-02-26 143.77 2026-02-27 148.95  3.60 
 MRNA                Moderna Inc  204.22                  Biotechnology  2026-02-26 51.71  2026-02-27 53.57  3.60 
BNPQF             BNP Paribas SA 1063.78                        Banking 2026-02-26 110.75 2026-02-27 114.69  3.56 
 LITE      Lumentum Holdings Inc  483.38                 Communications  2026-02-26 677.0 2026-02-27 700.91  3.53 
 COHR              Coherent Corp  468.97           Electrical Equipment 2026-02-26 250.14 2026-02-27 258.93  3.51 
 VRTX Vertex Pharmaceuticals Inc 1194.69                  Biotechnology 2026-02-26 480.13 2026-02-27 496.83  3.48 
 EBAY                   eBay Inc  393.79                         Retail   2026-02-26 87.9  2026-02-27 90.86  3.37 
 ABBV                 AbbVie Inc 3972.90                  Biotechnology 2026-02-26 224.69 2026-02-27 232.08  3.29 
  OXY  Occidental Petroleum Corp  507.24                         Energy  2026-02-26 51.43  2026-02-27 53.08  3.21 

=== 市值超过1000亿的涨跌榜前20名股票 ===
 股票代码            公司名称             市值(亿)           板块                昨天收盘               今天收盘        涨跌幅(%)
 NFLX                Netflix Inc 3571.53               Media   2026-02-26 84.59   2026-02-27 96.24 13.77 
 SPOT      Spotify Technology SA 1020.21               Media  2026-02-26 495.65  2026-02-27 514.94  3.89 
  MRK             Merck & Co Inc 3061.32     Pharmaceuticals   2026-02-26 119.3  2026-02-27 123.82  3.79 
 INTU                 Intuit Inc 1097.57          Technology  2026-02-26 394.42  2026-02-27 409.03  3.70 
 GILD        Gilead Sciences Inc 1784.79       Biotechnology  2026-02-26 143.77  2026-02-27 148.95  3.60 
BNPQF             BNP Paribas SA 1063.78             Banking  2026-02-26 110.75  2026-02-27 114.69  3.56 
 VRTX Vertex Pharmaceuticals Inc 1194.69       Biotechnology  2026-02-26 480.13  2026-02-27 496.83  3.48 
 ABBV                 AbbVie Inc 3972.90       Biotechnology  2026-02-26 224.69  2026-02-27 232.08  3.29 
  LLY           Eli Lilly and Co 9641.30     Pharmaceuticals 2026-02-26 1022.02 2026-02-27 1051.99  2.93 
  XOM           Exxon Mobil Corp 6319.07              Energy  2026-02-26 148.54   2026-02-27 152.5  2.67 
   VZ Verizon Communications Inc 1982.83   Telecommunication   2026-02-26 48.89   2026-02-27 50.14  2.56 
  LMT       Lockheed Martin Corp 1476.26 Aerospace & Defense  2026-02-26 641.63  2026-02-27 658.08  2.56 
  RTX                   RTX Corp 2652.76 Aerospace & Defense  2026-02-26 197.63  2026-02-27 202.62  2.52 
 ANET        Arista Networks Inc 1636.64      Communications  2026-02-26 130.25   2026-02-27 133.5  2.50 
  COP             ConocoPhillips 1353.13              Energy   2026-02-26 110.7  2026-02-27 113.46  2.49 
 COST      Costco Wholesale Corp 4379.84              Retail  2026-02-26 986.74 2026-02-27 1010.79  2.44 
 AMGN                  Amgen Inc 2044.85       Biotechnology  2026-02-26 379.33  2026-02-27 388.16  2.33 
  UNH     UnitedHealth Group Inc 2596.68         Health Care  2026-02-26 286.66  2026-02-27 293.27  2.31 
   PG        Procter & Gamble Co 3805.55   Consumer products  2026-02-26 163.75   2026-02-27 167.2  2.11 
  BMY    Bristol-Myers Squibb Co 1244.29     Pharmaceuticals    2026-02-26 61.1   2026-02-27 62.37  2.08 
