
=== 涨幅榜前20名股票 ===
股票代码               公司名称               市值(亿)                板块                      昨天收盘             今天收盘       涨跌幅(%)
BGLC           BioNexus Gene Lab Corp  0.06 Trading Companies & Distributors  2025-06-30 3.07 2025-07-01 11.14 262.87
MBIO                  Mustang Bio Inc  0.06                    Biotechnology  2025-06-30 0.95  2025-07-01 2.05 114.66
CLRO                     Clearone Inc  0.18                   Communications  2025-06-30 5.75 2025-07-01 10.48  82.26
 RCT            RedCloud Holdings PLC  1.71                              N/A   2025-06-30 3.0  2025-07-01 4.29  43.00
 YHC                    LQR House Inc  0.02                            Media  2025-06-30 1.47   2025-07-01 2.0  36.05
EPSM            Epsium Enterprise Ltd  2.14                     Distributors 2025-06-30 13.23  2025-07-01 17.5  32.28
SHOT                  Safety Shot Inc  0.36                Consumer products  2025-06-30 0.33  2025-07-01 0.43  31.09
LIXT Lixte Biotechnology Holdings Inc  0.03                    Biotechnology  2025-06-30 0.91  2025-07-01 1.18  29.67
CURR                CURRENC Group Inc  0.48               Financial Services  2025-06-30 0.81  2025-07-01 1.05  28.83
 MPU                  Mega Matrix Inc  0.52                            Media  2025-06-30 1.16  2025-07-01 1.49  28.45
NGNE                    Neurogene Inc  2.98                    Biotechnology 2025-06-30 14.95 2025-07-01 19.19  28.36
SOND              Sonder Holdings Inc  0.41    Hotels, Restaurants & Leisure   2025-06-30 2.7  2025-07-01 3.43  27.04
NCPL                   Netcapital Inc  0.17               Financial Services  2025-06-30 6.86  2025-07-01 8.64  25.95
ISPR            Ispire Technology Inc  1.76                          Tobacco  2025-06-30 2.56  2025-07-01 3.19  24.61
SCNX           Scienture Holdings Inc  0.15                      Health Care  2025-06-30 1.04  2025-07-01 1.29  24.04
SHLS    Shoals Technologies Group Inc  8.69             Electrical Equipment  2025-06-30 4.25  2025-07-01 5.26  23.88
ATAI            ATAI Life Sciences NV  5.48                  Pharmaceuticals  2025-06-30 2.19  2025-07-01 2.71  23.74
 NCT           Intercont (Cayman) Ltd  0.97                           Marine   2025-06-30 3.3  2025-07-01 4.08  23.64
VVOS           Vivos Therapeutics Inc  0.23                      Health Care  2025-06-30 3.16  2025-07-01 3.87  22.47
ANEB      Anebulo Pharmaceuticals Inc  0.56                  Pharmaceuticals  2025-06-30 1.44  2025-07-01 1.75  21.53

=== 市值超过20亿的涨幅榜前20名股票 ===
股票代码               公司名称              市值(亿)                 板块                       昨天收盘              今天收盘       涨跌幅(%)
 IHS                 IHS Holding Ltd  20.76                Telecommunication   2025-06-30 5.56   2025-07-01 6.34 14.03 
 RUN                      Sunrun Inc  20.48             Electrical Equipment   2025-06-30 8.18   2025-07-01 9.04 10.51 
 PII                     Polaris Inc  25.07                 Leisure Products  2025-06-30 40.65  2025-07-01 44.87 10.38 
 LVS            Las Vegas Sands Corp 333.74    Hotels, Restaurants & Leisure  2025-06-30 43.51  2025-07-01 47.38  8.89 
BLDR        Builders FirstSource Inc 140.95                         Building 2025-06-30 116.69 2025-07-01 126.91  8.76 
 IBP Installed Building Products Inc  53.68                Consumer products 2025-06-30 180.32 2025-07-01 194.67  7.96 
 DDS                   Dillard's Inc  69.19                           Retail 2025-06-30 417.83 2025-07-01 450.49  7.82 
 PKG       Packaging Corp of America 182.22                        Packaging 2025-06-30 188.45 2025-07-01 202.75  7.59 
SNAP                        Snap Inc 157.93                            Media   2025-06-30 8.69   2025-07-01 9.35  7.59 
 GEF                       Greif Inc  33.61                        Packaging  2025-06-30 64.99   2025-07-01 69.8  7.40 
 MGM       MGM Resorts International 100.29    Hotels, Restaurants & Leisure  2025-06-30 34.39  2025-07-01 36.89  7.27 
 FND      Floor & Decor Holdings Inc  87.46                           Retail  2025-06-30 75.96  2025-07-01 81.31  7.04 
CIVI           Civitas Resources Inc  27.26                           Energy  2025-06-30 27.52  2025-07-01 29.44  6.98 
 CLF            Cleveland-Cliffs Inc  39.05                  Metals & Mining    2025-06-30 7.6   2025-07-01 8.12  6.84 
 KTB              Kontoor Brands Inc  39.14 Textiles, Apparel & Luxury Goods  2025-06-30 65.97  2025-07-01 70.39  6.70 
 ANF          Abercrombie & Fitch Co  41.89                           Retail  2025-06-30 82.85  2025-07-01 88.27  6.54 
 DFH         Dream Finders Homes Inc  25.43                Consumer products  2025-06-30 25.13  2025-07-01 26.77  6.53 
 OLN                       Olin Corp  24.72                        Chemicals  2025-06-30 20.09  2025-07-01 21.39  6.47 
 AAP          Advance Auto Parts Inc  29.65                           Retail  2025-06-30 46.49  2025-07-01 49.47  6.41 
CNXC                 Concentrix Corp  35.63            Professional Services  2025-06-30 52.85  2025-07-01 56.23  6.39 

=== 市值超过50亿的涨幅榜前20名股票 ===
股票代码               公司名称              市值(亿)                 板块                       昨天收盘              今天收盘       涨跌幅(%)
 LVS            Las Vegas Sands Corp 333.74    Hotels, Restaurants & Leisure  2025-06-30 43.51  2025-07-01 47.38  8.89 
BLDR        Builders FirstSource Inc 140.95                         Building 2025-06-30 116.69 2025-07-01 126.91  8.76 
 IBP Installed Building Products Inc  53.68                Consumer products 2025-06-30 180.32 2025-07-01 194.67  7.96 
 DDS                   Dillard's Inc  69.19                           Retail 2025-06-30 417.83 2025-07-01 450.49  7.82 
 PKG       Packaging Corp of America 182.22                        Packaging 2025-06-30 188.45 2025-07-01 202.75  7.59 
SNAP                        Snap Inc 157.93                            Media   2025-06-30 8.69   2025-07-01 9.35  7.59 
 MGM       MGM Resorts International 100.29    Hotels, Restaurants & Leisure  2025-06-30 34.39  2025-07-01 36.89  7.27 
 FND      Floor & Decor Holdings Inc  87.46                           Retail  2025-06-30 75.96  2025-07-01 81.31  7.04 
CRCL       Circle Internet Group Inc 422.84                              N/A 2025-06-30 181.29 2025-07-01 192.53  6.20 
 LPX          Louisiana-Pacific Corp  63.45                   Paper & Forest  2025-06-30 85.99  2025-07-01 91.28  6.15 
UFPI              Ufp Industries Inc  63.78                         Building  2025-06-30 99.36 2025-07-01 105.47  6.15 
   R                Ryder System Inc  70.04                      Road & Rail  2025-06-30 159.0 2025-07-01 168.66  6.08 
TREX                Trex Company Inc  62.30                         Building  2025-06-30 54.38  2025-07-01 57.68  6.07 
 BLD                   TopBuild Corp  99.04                Consumer products 2025-06-30 323.74 2025-07-01 343.19  6.01 
 LEA                       Lear Corp  53.90                  Auto Components  2025-06-30 94.98 2025-07-01 100.65  5.97 
 MTH             Meritage Homes Corp  51.03                Consumer products  2025-06-30 66.97  2025-07-01 70.97  5.97 
 HSY                      Hershey Co 355.07                    Food Products 2025-06-30 165.95 2025-07-01 175.81  5.94 
 NXT                  Nextracker Inc  84.35             Electrical Equipment  2025-06-30 54.37  2025-07-01 57.52  5.79 
CROX                       Crocs Inc  59.35 Textiles, Apparel & Luxury Goods 2025-06-30 101.28 2025-07-01 107.13  5.78 
 LYB    LyondellBasell Industries NV 195.89                        Chemicals  2025-06-30 57.86   2025-07-01 61.2  5.77 

=== 市值超过100亿的涨幅榜前20名股票 ===
 股票代码                 公司名称                 市值(亿)                 板块                       昨天收盘              今天收盘       涨跌幅(%)
  LVS                Las Vegas Sands Corp  333.74    Hotels, Restaurants & Leisure  2025-06-30 43.51  2025-07-01 47.38  8.89 
 BLDR            Builders FirstSource Inc  140.95                         Building 2025-06-30 116.69 2025-07-01 126.91  8.76 
  PKG           Packaging Corp of America  182.22                        Packaging 2025-06-30 188.45 2025-07-01 202.75  7.59 
 SNAP                            Snap Inc  157.93                            Media   2025-06-30 8.69   2025-07-01 9.35  7.59 
  MGM           MGM Resorts International  100.29    Hotels, Restaurants & Leisure  2025-06-30 34.39  2025-07-01 36.89  7.27 
 CRCL           Circle Internet Group Inc  422.84                              N/A 2025-06-30 181.29 2025-07-01 192.53  6.20 
  HSY                          Hershey Co  355.07                    Food Products 2025-06-30 165.95 2025-07-01 175.81  5.94 
  LYB        LyondellBasell Industries NV  195.89                        Chemicals  2025-06-30 57.86   2025-07-01 61.2  5.77 
   GM                   General Motors Co  495.48                      Automobiles  2025-06-30 49.21  2025-07-01 52.03  5.73 
LVMHF LVMH Moet Hennessy Louis Vuitton SE 2220.97 Textiles, Apparel & Luxury Goods  2025-06-30 526.9  2025-07-01 557.0  5.71 
   IP              International Paper Co  260.41                        Packaging  2025-06-30 46.83  2025-07-01 49.45  5.59 
   EL          Estee Lauder Companies Inc  303.09                Consumer products   2025-06-30 80.8  2025-07-01 85.11  5.33 
  TGT                         Target Corp  473.31                           Retail  2025-06-30 98.65 2025-07-01 103.85  5.27 
  NEE                  Nextera Energy Inc 1478.92                        Utilities  2025-06-30 69.42  2025-07-01 73.06  5.24 
  BBY                     Best Buy Co Inc  149.50                           Retail  2025-06-30 67.13  2025-07-01 70.65  5.24 
 JBHT     J B Hunt Transport Services Inc  150.30                      Road & Rail  2025-06-30 143.6 2025-07-01 151.08  5.21 
 APTV                           Aptiv PLC  154.92                  Auto Components  2025-06-30 68.22  2025-07-01 71.67  5.06 
  SJM                      J M Smucker Co  109.61                    Food Products   2025-06-30 98.2 2025-07-01 102.95  4.84 
    F                       Ford Motor Co  449.37                      Automobiles  2025-06-30 10.85  2025-07-01 11.35  4.61 
  KMX                          Carmax Inc  105.26                           Retail  2025-06-30 67.21  2025-07-01 70.28  4.57 

=== 市值超过200亿的涨幅榜前20名股票 ===
 股票代码                   公司名称                    市值(亿)                 板块                       昨天收盘               今天收盘        涨跌幅(%)
  LVS                     Las Vegas Sands Corp  333.74    Hotels, Restaurants & Leisure   2025-06-30 43.51   2025-07-01 47.38  8.89 
 CRCL                Circle Internet Group Inc  422.84                              N/A  2025-06-30 181.29  2025-07-01 192.53  6.20 
  HSY                               Hershey Co  355.07                    Food Products  2025-06-30 165.95  2025-07-01 175.81  5.94 
   GM                        General Motors Co  495.48                      Automobiles   2025-06-30 49.21   2025-07-01 52.03  5.73 
LVMHF      LVMH Moet Hennessy Louis Vuitton SE 2220.97 Textiles, Apparel & Luxury Goods   2025-06-30 526.9   2025-07-01 557.0  5.71 
   IP                   International Paper Co  260.41                        Packaging   2025-06-30 46.83   2025-07-01 49.45  5.59 
   EL               Estee Lauder Companies Inc  303.09                Consumer products    2025-06-30 80.8   2025-07-01 85.11  5.33 
  TGT                              Target Corp  473.31                           Retail   2025-06-30 98.65  2025-07-01 103.85  5.27 
  NEE                       Nextera Energy Inc 1478.92                        Utilities   2025-06-30 69.42   2025-07-01 73.06  5.24 
    F                            Ford Motor Co  449.37                      Automobiles   2025-06-30 10.85   2025-07-01 11.35  4.61 
  UNH                   UnitedHealth Group Inc 2921.81                      Health Care  2025-06-30 311.97  2025-07-01 326.14  4.54 
FCNCA First Citizens BancShares Inc (Delaware)  266.77                          Banking 2025-06-30 1956.47 2025-07-01 2043.31  4.44 
  LII                 Lennox International Inc  212.53                         Building  2025-06-30 573.24  2025-07-01 598.66  4.43 
  LEN                              Lennar Corp  303.31                Consumer products  2025-06-30 110.61  2025-07-01 115.49  4.41 
  CNC                             Centene Corp  281.84                      Health Care   2025-06-30 54.28   2025-07-01 56.65  4.37 
  PHM                           Pultegroup Inc  221.55                Consumer products  2025-06-30 105.46  2025-07-01 109.94  4.25 
  HPQ                                   HP Inc  238.76                       Technology   2025-06-30 24.46    2025-07-01 25.5  4.25 
   DD                    Dupont De Nemours Inc  299.52                        Chemicals   2025-06-30 68.59   2025-07-01 71.45  4.17 
  SLB                          Schlumberger NV  480.41                           Energy    2025-06-30 33.8    2025-07-01 35.2  4.14 
 AMGN                                Amgen Inc 1561.18                    Biotechnology  2025-06-30 279.21  2025-07-01 290.52  4.05 

=== 市值超过1000亿的涨跌榜前20名股票 ===
 股票代码                 公司名称                 市值(亿)                 板块                       昨天收盘              今天收盘       涨跌幅(%)
LVMHF LVMH Moet Hennessy Louis Vuitton SE 2220.97 Textiles, Apparel & Luxury Goods  2025-06-30 526.9  2025-07-01 557.0  5.71 
  NEE                  Nextera Energy Inc 1478.92                        Utilities  2025-06-30 69.42  2025-07-01 73.06  5.24 
  UNH              UnitedHealth Group Inc 2921.81                      Health Care 2025-06-30 311.97 2025-07-01 326.14  4.54 
 AMGN                           Amgen Inc 1561.18                    Biotechnology 2025-06-30 279.21 2025-07-01 290.52  4.05 
  TMO        Thermo Fisher Scientific Inc 1590.31   Life Sciences Tools & Services 2025-06-30 405.46 2025-07-01 421.47  3.95 
 SBUX                      Starbucks Corp 1080.83    Hotels, Restaurants & Leisure  2025-06-30 91.63  2025-07-01 94.92  3.59 
  MRK                      Merck & Co Inc 2056.16                  Pharmaceuticals  2025-06-30 79.16  2025-07-01 81.81  3.35 
  NKE                            Nike Inc 1076.87 Textiles, Apparel & Luxury Goods  2025-06-30 71.04  2025-07-01 73.41  3.34 
  PFE                          Pfizer Inc 1422.75                  Pharmaceuticals  2025-06-30 24.24  2025-07-01 25.04  3.30 
  HON         Honeywell International Inc 1528.85         Industrial Conglomerates 2025-06-30 232.88 2025-07-01 238.77  2.53 
  COP                      ConocoPhillips 1160.91                           Energy  2025-06-30 89.74  2025-07-01 91.99  2.51 
  PEP                         PepsiCo Inc 1847.39                        Beverages 2025-06-30 132.04 2025-07-01 135.26  2.44 
  UNP                  Union Pacific Corp 1407.00                      Road & Rail 2025-06-30 230.08 2025-07-01 235.57  2.39 
 ABBV                          AbbVie Inc 3356.17                    Biotechnology 2025-06-30 185.62 2025-07-01 189.99  2.35 
 CHTR          Charter Communications Inc 1156.35                            Media 2025-06-30 408.81 2025-07-01 418.22  2.30 
   BX                      Blackstone Inc 1854.14               Financial Services 2025-06-30 149.58 2025-07-01 152.77  2.13 
  JNJ                   Johnson & Johnson 3738.48                  Pharmaceuticals 2025-06-30 152.75 2025-07-01 155.92  2.08 
 INTC                          Intel Corp 1002.17                   Semiconductors   2025-06-30 22.4  2025-07-01 22.85  2.01 
  MCD                     McDonald's Corp 2127.36    Hotels, Restaurants & Leisure 2025-06-30 292.17 2025-07-01 297.49  1.82 
  MDT                       Medtronic PLC 1130.46                      Health Care  2025-06-30 87.17  2025-07-01 88.75  1.81 
