
=== 涨幅榜前20名股票 ===
 股票代码              公司名称             市值(亿)                板块                    昨天收盘              今天收盘       涨跌幅(%)
 ACON                  Aclarion Inc   0.03                   Health Care  2025-02-28 3.35    2025-03-03 7.6 126.87
 BTOG                Bit Origin Ltd   0.02                    Technology  2025-02-28 0.18   2025-03-03 0.32  75.44
 BTAI      BioXcel Therapeutics Inc   0.07                 Biotechnology  2025-02-28 2.16   2025-03-03 3.75  73.61
 CLRO                  Clearone Inc   0.12                Communications  2025-02-28 0.52   2025-03-03 0.79  51.17
 CETY Clean Energy Technologies Inc   0.21                        Energy  2025-02-28 0.46   2025-03-03 0.59  29.80
THLEF                     Thales SA 393.87           Aerospace & Defense 2025-02-28 195.0 2025-03-03 250.94  28.69
 BCDA                 BioCardia Inc   0.09                 Biotechnology  2025-02-28 2.01   2025-03-03 2.56  27.36
 FTFT      Future Fintech Group Inc   0.04            Financial Services   2025-02-28 0.2   2025-03-03 0.25  26.00
 ALBT         Avalon Globocare Corp   0.08                   Real Estate  2025-02-28 7.25   2025-03-03 9.01  24.28
 SCLX             Scilex Holding Co   0.57               Pharmaceuticals  2025-02-28 0.24   2025-03-03 0.29  23.47
 ENTO       Entero Therapeutics Inc   0.02                 Biotechnology   2025-02-28 0.5   2025-03-03 0.61  23.23
GOEVQ                     Canoo Inc   0.02                   Automobiles  2025-02-28 0.12   2025-03-03 0.15  19.92
 SMTK                  SmartKem Inc   0.08                Semiconductors  2025-02-28 2.16   2025-03-03 2.59  19.91
 XCUR                   Exicure Inc   0.25                 Biotechnology  2025-02-28 9.45  2025-03-03 11.32  19.79
 ALDX      Aldeyra Therapeutics Inc   3.04                 Biotechnology  2025-02-28 5.11   2025-03-03 6.06  18.59
 ONEG     OneConstruction Group Ltd   0.26                           N/A  2025-02-28 2.03    2025-03-03 2.4  18.22
 SBET          SharpLink Gaming Inc   0.02 Hotels, Restaurants & Leisure  2025-02-28 0.37   2025-03-03 0.43  16.22
 MSEX            Middlesex Water Co   8.95                     Utilities 2025-02-28 50.13  2025-03-03 58.03  15.76
  CTM                 Castellum Inc   0.83                    Technology  2025-02-28 1.08   2025-03-03 1.25  15.74
 VERB   Verb Technology Company Inc   0.05                    Technology  2025-02-28 4.74   2025-03-03 5.49  15.72

=== 市值超过20亿的涨幅榜前20名股票 ===
 股票代码             公司名称              市值(亿)                 板块                       昨天收盘              今天收盘       涨跌幅(%)
THLEF                    Thales SA  393.87              Aerospace & Defense  2025-02-28 195.0 2025-03-03 250.94 28.69 
 ALGM     Allegro Microsystems Inc   41.06                   Semiconductors   2025-02-28 22.3  2025-03-03 25.62 14.89 
 TGTX          TG Therapeutics Inc   46.84                    Biotechnology  2025-02-28 30.09  2025-03-03 34.42 14.39 
   DV    DoubleVerify Holdings Inc   23.08                       Technology   2025-02-28 13.9   2025-03-03 14.9  7.19 
 KRMN          Karman Holdings Inc   41.69              Aerospace & Defense  2025-02-28 31.54  2025-03-03 33.43  5.99 
 ERIE            Erie Indemnity Co  199.35                        Insurance 2025-02-28 428.07 2025-03-03 449.69  5.05 
 NOMD              Nomad Foods Ltd   30.80                    Food Products   2025-02-28 18.9  2025-03-03 19.84  4.97 
 CPRI           Capri Holdings Ltd   25.92 Textiles, Apparel & Luxury Goods  2025-02-28 21.98  2025-03-03 22.83  3.87 
  APP                Applovin Corp 1107.38                       Technology 2025-02-28 325.74 2025-03-03 337.34  3.56 
  HSY                   Hershey Co  349.58                    Food Products 2025-02-28 172.71  2025-03-03 178.5  3.35 
 OSCR             Oscar Health Inc   31.42                        Insurance  2025-02-28 14.61  2025-03-03 15.09  3.29 
  LTH Life Time Group Holdings Inc   63.84    Hotels, Restaurants & Leisure  2025-02-28 30.46  2025-03-03 31.43  3.18 
  HRL            Hormel Foods Corp  157.18                    Food Products  2025-02-28 28.63  2025-03-03 29.48  2.97 
  AGO         Assured Guaranty Ltd   44.45                        Insurance  2025-02-28 87.33   2025-03-03 89.8  2.83 
 ARDT   Ardent Health Partners Inc   20.93                      Health Care  2025-02-28 14.66  2025-03-03 15.06  2.73 
   MO             Altria Group Inc  944.23                          Tobacco  2025-02-28 55.85  2025-03-03 57.31  2.61 
  MKC      McCormick & Company Inc  221.49                    Food Products  2025-02-28 82.61  2025-03-03 84.73  2.57 
   TR  Tootsie Roll Industries Inc   21.14                    Food Products  2025-02-28 30.99  2025-03-03 31.78  2.55 
 JKHY  Jack Henry & Associates Inc  126.54               Financial Services 2025-02-28 173.59  2025-03-03 178.0  2.54 
  NOC        Northrop Grumman Corp  668.39              Aerospace & Defense 2025-02-28 461.74 2025-03-03 473.41  2.53 

=== 市值超过50亿的涨幅榜前20名股票 ===
 股票代码               公司名称               市值(亿)                板块                     昨天收盘              今天收盘       涨跌幅(%)
THLEF                       Thales SA  393.87           Aerospace & Defense  2025-02-28 195.0 2025-03-03 250.94 28.69 
 ERIE               Erie Indemnity Co  199.35                     Insurance 2025-02-28 428.07 2025-03-03 449.69  5.05 
  APP                   Applovin Corp 1107.38                    Technology 2025-02-28 325.74 2025-03-03 337.34  3.56 
  HSY                      Hershey Co  349.58                 Food Products 2025-02-28 172.71  2025-03-03 178.5  3.35 
  LTH    Life Time Group Holdings Inc   63.84 Hotels, Restaurants & Leisure  2025-02-28 30.46  2025-03-03 31.43  3.18 
  HRL               Hormel Foods Corp  157.18                 Food Products  2025-02-28 28.63  2025-03-03 29.48  2.97 
   MO                Altria Group Inc  944.23                       Tobacco  2025-02-28 55.85  2025-03-03 57.31  2.61 
  MKC         McCormick & Company Inc  221.49                 Food Products  2025-02-28 82.61  2025-03-03 84.73  2.57 
 JKHY     Jack Henry & Associates Inc  126.54            Financial Services 2025-02-28 173.59  2025-03-03 178.0  2.54 
  NOC           Northrop Grumman Corp  668.39           Aerospace & Defense 2025-02-28 461.74 2025-03-03 473.41  2.53 
LBRDK          Liberty Broadband Corp  117.68                         Media  2025-02-28 82.26  2025-03-03 84.33  2.52 
  MDT                   Medtronic PLC 1180.20                   Health Care  2025-02-28 92.02   2025-03-03 94.3  2.48 
LBRDA          Liberty Broadband Corp  117.68                         Media  2025-02-28 81.53  2025-03-03 83.54  2.47 
   ED         Consolidated Edison Inc  351.98                     Utilities 2025-02-28 101.52 2025-03-03 104.02  2.46 
 MDLZ      Mondelez International Inc  830.83                 Food Products  2025-02-28 64.23  2025-03-03 65.78  2.41 
 ITCI    Intra-Cellular Therapies Inc  136.31               Pharmaceuticals  2025-02-28 128.2 2025-03-03 131.28  2.40 
  GIS               General Mills Inc  334.16                 Food Products  2025-02-28 60.62  2025-03-03 62.07  2.39 
  LNT             Alliant Energy Corp  165.64                     Utilities  2025-02-28 64.53  2025-03-03 66.04  2.34 
  DGX           Quest Diagnostics Inc  191.88                   Health Care  2025-02-28 172.9 2025-03-03 176.95  2.34 
   PM Philip Morris International Inc 2414.38                       Tobacco 2025-02-28 155.28 2025-03-03 158.79  2.26 

=== 市值超过100亿的涨幅榜前20名股票 ===
 股票代码               公司名称               市值(亿)           板块                昨天收盘              今天收盘       涨跌幅(%)
THLEF                       Thales SA  393.87 Aerospace & Defense  2025-02-28 195.0 2025-03-03 250.94 28.69 
 ERIE               Erie Indemnity Co  199.35           Insurance 2025-02-28 428.07 2025-03-03 449.69  5.05 
  APP                   Applovin Corp 1107.38          Technology 2025-02-28 325.74 2025-03-03 337.34  3.56 
  HSY                      Hershey Co  349.58       Food Products 2025-02-28 172.71  2025-03-03 178.5  3.35 
  HRL               Hormel Foods Corp  157.18       Food Products  2025-02-28 28.63  2025-03-03 29.48  2.97 
   MO                Altria Group Inc  944.23             Tobacco  2025-02-28 55.85  2025-03-03 57.31  2.61 
  MKC         McCormick & Company Inc  221.49       Food Products  2025-02-28 82.61  2025-03-03 84.73  2.57 
 JKHY     Jack Henry & Associates Inc  126.54  Financial Services 2025-02-28 173.59  2025-03-03 178.0  2.54 
  NOC           Northrop Grumman Corp  668.39 Aerospace & Defense 2025-02-28 461.74 2025-03-03 473.41  2.53 
LBRDK          Liberty Broadband Corp  117.68               Media  2025-02-28 82.26  2025-03-03 84.33  2.52 
  MDT                   Medtronic PLC 1180.20         Health Care  2025-02-28 92.02   2025-03-03 94.3  2.48 
LBRDA          Liberty Broadband Corp  117.68               Media  2025-02-28 81.53  2025-03-03 83.54  2.47 
   ED         Consolidated Edison Inc  351.98           Utilities 2025-02-28 101.52 2025-03-03 104.02  2.46 
 MDLZ      Mondelez International Inc  830.83       Food Products  2025-02-28 64.23  2025-03-03 65.78  2.41 
 ITCI    Intra-Cellular Therapies Inc  136.31     Pharmaceuticals  2025-02-28 128.2 2025-03-03 131.28  2.40 
  GIS               General Mills Inc  334.16       Food Products  2025-02-28 60.62  2025-03-03 62.07  2.39 
  LNT             Alliant Energy Corp  165.64           Utilities  2025-02-28 64.53  2025-03-03 66.04  2.34 
  DGX           Quest Diagnostics Inc  191.88         Health Care  2025-02-28 172.9 2025-03-03 176.95  2.34 
   PM Philip Morris International Inc 2414.38             Tobacco 2025-02-28 155.28 2025-03-03 158.79  2.26 
  SYK                    Stryker Corp 1473.62         Health Care 2025-02-28 386.19 2025-03-03 394.88  2.25 

=== 市值超过200亿的涨幅榜前20名股票 ===
 股票代码               公司名称               市值(亿)           板块                昨天收盘              今天收盘       涨跌幅(%)
THLEF                       Thales SA  393.87 Aerospace & Defense  2025-02-28 195.0 2025-03-03 250.94 28.69 
  APP                   Applovin Corp 1107.38          Technology 2025-02-28 325.74 2025-03-03 337.34  3.56 
  HSY                      Hershey Co  349.58       Food Products 2025-02-28 172.71  2025-03-03 178.5  3.35 
   MO                Altria Group Inc  944.23             Tobacco  2025-02-28 55.85  2025-03-03 57.31  2.61 
  MKC         McCormick & Company Inc  221.49       Food Products  2025-02-28 82.61  2025-03-03 84.73  2.57 
  NOC           Northrop Grumman Corp  668.39 Aerospace & Defense 2025-02-28 461.74 2025-03-03 473.41  2.53 
  MDT                   Medtronic PLC 1180.20         Health Care  2025-02-28 92.02   2025-03-03 94.3  2.48 
   ED         Consolidated Edison Inc  351.98           Utilities 2025-02-28 101.52 2025-03-03 104.02  2.46 
 MDLZ      Mondelez International Inc  830.83       Food Products  2025-02-28 64.23  2025-03-03 65.78  2.41 
  GIS               General Mills Inc  334.16       Food Products  2025-02-28 60.62  2025-03-03 62.07  2.39 
   PM Philip Morris International Inc 2414.38             Tobacco 2025-02-28 155.28 2025-03-03 158.79  2.26 
  SYK                    Stryker Corp 1473.62         Health Care 2025-02-28 386.19 2025-03-03 394.88  2.25 
   FE                FirstEnergy Corp  223.59           Utilities  2025-02-28 38.77  2025-03-03 39.61  2.17 
  AEE                     Ameren Corp  274.12           Utilities 2025-02-28 101.56 2025-03-03 103.67  2.08 
  NEE              Nextera Energy Inc 1443.42           Utilities  2025-02-28 70.17  2025-03-03 71.62  2.07 
  KHC                  Kraft Heinz Co  366.98       Food Products  2025-02-28 30.71  2025-03-03 31.32  1.99 
  ZTS                      Zoetis Inc  704.91     Pharmaceuticals 2025-02-28 167.24 2025-03-03 170.53  1.97 
 CHTR      Charter Communications Inc  576.07               Media 2025-02-28 363.57 2025-03-03 370.66  1.95 
  KDP            Keurig Dr Pepper Inc  454.78           Beverages  2025-02-28 33.52  2025-03-03 34.13  1.82 
   CL            Colgate-Palmolive Co  739.88   Consumer products  2025-02-28 91.17  2025-03-03 92.81  1.80 

=== 市值超过1000亿的涨跌榜前20名股票 ===
股票代码               公司名称               市值(亿)            板块                 昨天收盘              今天收盘       涨跌幅(%)
 APP                   Applovin Corp 1107.38            Technology 2025-02-28 325.74 2025-03-03 337.34  3.56 
 MDT                   Medtronic PLC 1180.20           Health Care  2025-02-28 92.02   2025-03-03 94.3  2.48 
  PM Philip Morris International Inc 2414.38               Tobacco 2025-02-28 155.28 2025-03-03 158.79  2.26 
 SYK                    Stryker Corp 1473.62           Health Care 2025-02-28 386.19 2025-03-03 394.88  2.25 
 NEE              Nextera Energy Inc 1443.42             Utilities  2025-02-28 70.17  2025-03-03 71.62  2.07 
  VZ      Verizon Communications Inc 1814.38     Telecommunication   2025-02-28 43.1  2025-03-03 43.87  1.79 
 PEP                     PepsiCo Inc 2104.84             Beverages 2025-02-28 153.47 2025-03-03 155.99  1.64 
 ABT             Abbott Laboratories 2393.54           Health Care 2025-02-28 138.01 2025-03-03 140.22  1.60 
  KO                    Coca-Cola Co 3062.74             Beverages  2025-02-28 71.21  2025-03-03 72.32  1.56 
GILD             Gilead Sciences Inc 1424.61         Biotechnology 2025-02-28 114.31 2025-03-03 115.99  1.47 
  CB                       Chubb Ltd 1143.10             Insurance 2025-02-28 285.48 2025-03-03 289.69  1.47 
 JNJ               Johnson & Johnson 3973.05       Pharmaceuticals 2025-02-28 165.02 2025-03-03 167.28  1.37 
ABBV                      AbbVie Inc 3690.12         Biotechnology 2025-02-28 209.03 2025-03-03 211.48  1.17 
TMUS                 T-Mobile US Inc 3079.17     Telecommunication 2025-02-28 269.69 2025-03-03 272.83  1.16 
   T                        AT&T Inc 1967.54     Telecommunication  2025-02-28 27.41  2025-03-03 27.72  1.13 
 ADP   Automatic Data Processing Inc 1282.38 Professional Services 2025-02-28 315.18 2025-03-03 318.64  1.10 
 PGR                Progressive Corp 1651.99             Insurance  2025-02-28 282.0 2025-03-03 285.08  1.09 
 BSX          Boston Scientific Corp 1531.71           Health Care 2025-02-28 103.79 2025-03-03 104.87  1.04 
  PG             Procter & Gamble Co 4076.29     Consumer products 2025-02-28 173.84 2025-03-03 175.59  1.01 
 MRK                  Merck & Co Inc 2330.27       Pharmaceuticals  2025-02-28 92.25  2025-03-03 93.15  0.98 
