
=== 涨幅榜前20名股票 ===
 股票代码                公司名称               市值(亿)               板块                     昨天收盘             今天收盘       涨跌幅(%)
 BNAI      Brand Engagement Network Inc  0.28                     Technology 2026-01-23 16.48 2026-01-26 62.08 276.70
 BATL                Battalion Oil Corp  0.21                         Energy  2026-01-23 1.28  2026-01-26 3.99 211.72
 MBAI                     Check Cap Ltd  0.10                    Health Care  2026-01-23 1.49  2026-01-26 3.16 112.08
 SLGB        Smart Logistics Global Ltd  0.50                    Road & Rail  2026-01-23 1.22  2026-01-26 2.48 103.28
 XTKG                X3 Holdings Co Ltd  0.05                     Technology  2026-01-23 0.14  2026-01-26 0.27  94.89
SISAF                          Sipef NV  8.79                  Food Products  2026-01-23 54.0 2026-01-26 100.0  85.19
 GAUZ                         Gauzy Ltd  0.20           Electrical Equipment  2026-01-23 1.09  2026-01-26 1.74  59.63
FAASF                     DigiAsia Corp  0.00             Financial Services  2026-01-23 0.01  2026-01-26 0.01  56.67
 SBDS                   Solo Brands Inc  0.22               Leisure Products  2026-01-23 6.22   2026-01-26 8.9  43.09
 DRMA          Dermata Therapeutics Inc  0.02                  Biotechnology  2026-01-23 2.17  2026-01-26 3.08  41.94
 KITT             Nauticus Robotics Inc  0.25                      Machinery  2026-01-23 0.91  2026-01-26 1.27  40.02
 ONEG         OneConstruction Group Ltd  0.37                   Construction  2026-01-23 2.34  2026-01-26 3.27  39.74
 EVTV           Envirotech Vehicles Inc  0.13                    Automobiles  2026-01-23 1.94  2026-01-26 2.62  34.79
 CNTM ConnectM Technology Solutions Inc  0.49           Electrical Equipment  2026-01-23 0.29  2026-01-26 0.39  34.02
 GXAI                     Gaxos.ai Inc.  0.08                          Media  2026-01-23 1.12   2026-01-26 1.5  33.93
   LE                    Lands' End Inc  4.29                         Retail 2026-01-23 14.05 2026-01-26 18.76  33.52
 NAMM                    Namib Minerals  1.66                Metals & Mining   2026-01-23 3.1  2026-01-26 4.07  31.29
  SGN            Signing Day Sports Inc  0.02                     Technology  2026-01-23 0.17  2026-01-26 0.23  29.71
 ROMA            Roma Green Finance Ltd  1.27 Commercial Services & Supplies  2026-01-23 2.13  2026-01-26 2.75  29.11
  XOS                           Xos Inc  0.24                      Machinery  2026-01-23 2.24  2026-01-26 2.85  27.23

=== 市值超过20亿的涨幅榜前20名股票 ===
 股票代码              公司名称               市值(亿)         板块              昨天收盘              今天收盘       涨跌幅(%)
 PTRN              Pattern Group Inc   25.15          Retail  2026-01-23 14.27  2026-01-26 16.06 12.54 
   ZM        Zoom Communications Inc  253.94      Technology  2026-01-23 85.78  2026-01-26 95.46 11.28 
 DOCN      DigitalOcean Holdings Inc   49.05      Technology  2026-01-23 53.61  2026-01-26 58.94  9.94 
  NET                 Cloudflare Inc  663.26      Technology 2026-01-23 173.44 2026-01-26 189.35  9.17 
 MICC    Magnum Ice Cream Company NV   87.06   Food Products  2026-01-23 16.84  2026-01-26 18.24  8.31 
 SRPT       Sarepta Therapeutics Inc   22.14   Biotechnology  2026-01-23 21.13   2026-01-26 22.8  7.90 
 USAR             USA Rare Earth Inc   36.58 Metals & Mining  2026-01-23 24.77  2026-01-26 26.72  7.87 
 ALMS                     Alumis Inc   30.57 Pharmaceuticals  2026-01-23 24.52  2026-01-26 26.31  7.30 
  VAL                    Valaris Ltd   40.26          Energy  2026-01-23 54.26  2026-01-26 57.87  6.65 
  BOH            Bank of Hawaii Corp   29.88         Banking   2026-01-23 70.8  2026-01-26 75.11  6.09 
 OCUL         Ocular Therapeutix Inc   21.88 Pharmaceuticals  2026-01-23 10.27  2026-01-26 10.89  6.04 
 VIAV            Viavi Solutions Inc   41.94  Communications  2026-01-23 18.79  2026-01-26 19.92  6.01 
 AGYS                   Agilysys Inc   30.18      Technology 2026-01-23 107.63 2026-01-26 113.55  5.50 
 ANET            Arista Networks Inc 1716.91  Communications 2026-01-23 136.34 2026-01-26 143.72  5.41 
   NG         NovaGold Resources Inc   42.45 Metals & Mining   2026-01-23 9.91  2026-01-26 10.43  5.25 
DSMFF               DSM-Firmenich AG  173.27       Chemicals  2026-01-23 76.22  2026-01-26 80.21  5.23 
   NP Neptune Insurance Holdings Inc   35.57       Insurance   2026-01-23 24.5  2026-01-26 25.77  5.18 
 TEAM                 Atlassian Corp  346.65      Technology 2026-01-23 131.75 2026-01-26 138.44  5.08 
 DDOG                    Datadog Inc  456.33      Technology 2026-01-23 130.13 2026-01-26 136.64  5.00 
 GTLB                     GitLab Inc   61.26      Technology  2026-01-23 36.38  2026-01-26 38.17  4.92 

=== 市值超过50亿的涨幅榜前20名股票 ===
 股票代码              公司名称               市值(亿)           板块                昨天收盘              今天收盘       涨跌幅(%)
   ZM        Zoom Communications Inc  253.94          Technology  2026-01-23 85.78  2026-01-26 95.46 11.28 
  NET                 Cloudflare Inc  663.26          Technology 2026-01-23 173.44 2026-01-26 189.35  9.17 
 MICC    Magnum Ice Cream Company NV   87.06       Food Products  2026-01-23 16.84  2026-01-26 18.24  8.31 
 ANET            Arista Networks Inc 1716.91      Communications 2026-01-23 136.34 2026-01-26 143.72  5.41 
DSMFF               DSM-Firmenich AG  173.27           Chemicals  2026-01-23 76.22  2026-01-26 80.21  5.23 
 TEAM                 Atlassian Corp  346.65          Technology 2026-01-23 131.75 2026-01-26 138.44  5.08 
 DDOG                    Datadog Inc  456.33          Technology 2026-01-23 130.13 2026-01-26 136.64  5.00 
 GTLB                     GitLab Inc   61.26          Technology  2026-01-23 36.38  2026-01-26 38.17  4.92 
 ESTC                     Elastic NV   75.64          Technology  2026-01-23 71.78  2026-01-26 75.16  4.71 
 CVLT          Commvault Systems Inc   57.04          Technology 2026-01-23 123.85 2026-01-26 129.36  4.45 
  GME                  GameStop Corp  103.00              Retail  2026-01-23 22.99  2026-01-26 24.01  4.44 
  BKR                Baker Hughes Co  532.07              Energy  2026-01-23 53.92  2026-01-26 56.29  4.40 
 PSTG               Pure Storage Inc  230.29          Technology  2026-01-23 69.75  2026-01-26 72.81  4.39 
   NE          Noble Corporation PLC   53.58              Energy  2026-01-23 33.73   2026-01-26 35.2  4.36 
 RBRK                     Rubrik Inc  131.44          Technology  2026-01-23 65.67  2026-01-26 68.32  4.04 
 MDGL   Madrigal Pharmaceuticals Inc  109.12       Biotechnology 2026-01-23 480.45 2026-01-26 499.17  3.90 
 AKAM        Akamai Technologies Inc  136.79          Technology  2026-01-23 95.08  2026-01-26 98.66  3.77 
  CRS      Carpenter Technology Corp  167.28 Aerospace & Defense 2026-01-23 335.77 2026-01-26 348.43  3.77 
BESVF BE Semiconductor Industries NV  141.31      Semiconductors 2026-01-23 200.65 2026-01-26 208.06  3.69 
 CELC                   Celcuity Inc   50.92       Biotechnology 2026-01-23 110.05 2026-01-26 114.01  3.60 

=== 市值超过100亿的涨幅榜前20名股票 ===
 股票代码               公司名称               市值(亿)                板块                      昨天收盘               今天收盘        涨跌幅(%)
   ZM         Zoom Communications Inc  253.94                     Technology   2026-01-23 85.78   2026-01-26 95.46 11.28 
  NET                  Cloudflare Inc  663.26                     Technology  2026-01-23 173.44  2026-01-26 189.35  9.17 
 ANET             Arista Networks Inc 1716.91                 Communications  2026-01-23 136.34  2026-01-26 143.72  5.41 
DSMFF                DSM-Firmenich AG  173.27                      Chemicals   2026-01-23 76.22   2026-01-26 80.21  5.23 
 TEAM                  Atlassian Corp  346.65                     Technology  2026-01-23 131.75  2026-01-26 138.44  5.08 
 DDOG                     Datadog Inc  456.33                     Technology  2026-01-23 130.13  2026-01-26 136.64  5.00 
  GME                   GameStop Corp  103.00                         Retail   2026-01-23 22.99   2026-01-26 24.01  4.44 
  BKR                 Baker Hughes Co  532.07                         Energy   2026-01-23 53.92   2026-01-26 56.29  4.40 
 PSTG                Pure Storage Inc  230.29                     Technology   2026-01-23 69.75   2026-01-26 72.81  4.39 
 RBRK                      Rubrik Inc  131.44                     Technology   2026-01-23 65.67   2026-01-26 68.32  4.04 
 MDGL    Madrigal Pharmaceuticals Inc  109.12                  Biotechnology  2026-01-23 480.45  2026-01-26 499.17  3.90 
 AKAM         Akamai Technologies Inc  136.79                     Technology   2026-01-23 95.08   2026-01-26 98.66  3.77 
  CRS       Carpenter Technology Corp  167.28            Aerospace & Defense  2026-01-23 335.77  2026-01-26 348.43  3.77 
BESVF  BE Semiconductor Industries NV  141.31                 Semiconductors  2026-01-23 200.65  2026-01-26 208.06  3.69 
  TEM                   Tempus AI Inc  116.21 Life Sciences Tools & Services   2026-01-23 65.32   2026-01-26 67.63  3.54 
  STX Seagate Technology Holdings PLC  739.12                     Technology   2026-01-23 346.1  2026-01-26 358.29  3.52 
 MELI                MercadoLibre Inc 1083.55                         Retail 2026-01-23 2137.29 2026-01-26 2212.62  3.52 
  TSN                 Tyson Foods Inc  213.43                  Food Products   2026-01-23 61.66   2026-01-26 63.73  3.36 
   AR           Antero Resources Corp  105.79                         Energy   2026-01-23 34.29   2026-01-26 35.43  3.32 
 TECK              Teck Resources Ltd  258.83                Metals & Mining   2026-01-23 53.01   2026-01-26 54.75  3.28 

=== 市值超过200亿的涨幅榜前20名股票 ===
 股票代码               公司名称               市值(亿)                 板块                     昨天收盘               今天收盘        涨跌幅(%)
   ZM         Zoom Communications Inc   253.94                    Technology   2026-01-23 85.78   2026-01-26 95.46 11.28 
  NET                  Cloudflare Inc   663.26                    Technology  2026-01-23 173.44  2026-01-26 189.35  9.17 
 ANET             Arista Networks Inc  1716.91                Communications  2026-01-23 136.34  2026-01-26 143.72  5.41 
 TEAM                  Atlassian Corp   346.65                    Technology  2026-01-23 131.75  2026-01-26 138.44  5.08 
 DDOG                     Datadog Inc   456.33                    Technology  2026-01-23 130.13  2026-01-26 136.64  5.00 
  BKR                 Baker Hughes Co   532.07                        Energy   2026-01-23 53.92   2026-01-26 56.29  4.40 
 PSTG                Pure Storage Inc   230.29                    Technology   2026-01-23 69.75   2026-01-26 72.81  4.39 
  STX Seagate Technology Holdings PLC   739.12                    Technology   2026-01-23 346.1  2026-01-26 358.29  3.52 
 MELI                MercadoLibre Inc  1083.55                        Retail 2026-01-23 2137.29 2026-01-26 2212.62  3.52 
  TSN                 Tyson Foods Inc   213.43                 Food Products   2026-01-23 61.66   2026-01-26 63.73  3.36 
 TECK              Teck Resources Ltd   258.83               Metals & Mining   2026-01-23 53.01   2026-01-26 54.75  3.28 
 CSCO               Cisco Systems Inc  3042.74                Communications   2026-01-23 74.59   2026-01-26 77.01  3.24 
  GFS             GlobalFoundries Inc   238.11                Semiconductors   2026-01-23 42.85   2026-01-26 44.22  3.20 
  MDB                     MongoDB Inc   334.72                    Technology  2026-01-23 398.69  2026-01-26 411.25  3.15 
  APH                   Amphenol Corp  1904.14          Electrical Equipment  2026-01-23 150.99  2026-01-26 155.56  3.03 
 ORCL                     Oracle Corp  5090.04                    Technology  2026-01-23 177.16  2026-01-26 182.44  2.98 
 AAPL                       Apple Inc 36456.73                    Technology  2026-01-23 248.04  2026-01-26 255.41  2.97 
ASMLF                 ASML Holding NV  4500.54                Semiconductors 2026-01-23 1384.74  2026-01-26 1425.0  2.91 
  EXE              Expand Energy Corp   260.77                        Energy  2026-01-23 109.49  2026-01-26 112.36  2.62 
  RCL     Royal Caribbean Cruises Ltd   780.26 Hotels, Restaurants & Leisure  2026-01-23 286.11  2026-01-26 293.15  2.46 

=== 市值超过1000亿的涨跌榜前20名股票 ===
 股票代码               公司名称               市值(亿)            板块                 昨天收盘               今天收盘        涨跌幅(%)
 ANET             Arista Networks Inc  1716.91       Communications  2026-01-23 136.34  2026-01-26 143.72  5.41 
 MELI                MercadoLibre Inc  1083.55               Retail 2026-01-23 2137.29 2026-01-26 2212.62  3.52 
 CSCO               Cisco Systems Inc  3042.74       Communications   2026-01-23 74.59   2026-01-26 77.01  3.24 
  APH                   Amphenol Corp  1904.14 Electrical Equipment  2026-01-23 150.99  2026-01-26 155.56  3.03 
 ORCL                     Oracle Corp  5090.04           Technology  2026-01-23 177.16  2026-01-26 182.44  2.98 
 AAPL                       Apple Inc 36456.73           Technology  2026-01-23 248.04  2026-01-26 255.41  2.97 
ASMLF                 ASML Holding NV  4500.54       Semiconductors 2026-01-23 1384.74  2026-01-26 1425.0  2.91 
 LRCX               Lam Research Corp  2737.39       Semiconductors  2026-01-23 217.94  2026-01-26 222.87  2.26 
 SCCO            Southern Copper Corp  1509.59      Metals & Mining   2026-01-23 184.3  2026-01-26 188.41  2.23 
  APP                   Applovin Corp  1772.27           Technology  2026-01-23 524.41  2026-01-26 535.44  2.10 
 META              Meta Platforms Inc 16604.23                Media  2026-01-23 658.76  2026-01-26 672.36  2.06 
 KLAC                        KLA Corp  1987.68       Semiconductors 2026-01-23 1512.78 2026-01-26 1543.03  2.00 
 VRTX      Vertex Pharmaceuticals Inc  1188.44        Biotechnology  2026-01-23 468.41  2026-01-26 476.84  1.80 
   MO                Altria Group Inc  1057.23              Tobacco   2026-01-23 61.91   2026-01-26 62.98  1.73 
  TTE                TotalEnergies SE  1227.40               Energy   2026-01-23 69.21    2026-01-26 70.4  1.72 
  TXN           Texas Instruments Inc  1786.26       Semiconductors  2026-01-23 193.31  2026-01-26 196.59  1.70 
GOOGL                    Alphabet Inc 39580.12                Media  2026-01-23 327.93  2026-01-26 333.26  1.63 
   MS                  Morgan Stanley  2844.23   Financial Services   2026-01-23 179.0  2026-01-26 181.88  1.61 
   PM Philip Morris International Inc  2693.30              Tobacco  2026-01-23 173.02  2026-01-26 175.76  1.58 
 GOOG                    Alphabet Inc 39580.12                Media  2026-01-23 328.43  2026-01-26 333.59  1.57 
