
=== 涨幅榜前20名股票 ===
 股票代码               公司名称              市值(亿)               板块                     昨天收盘             今天收盘       涨跌幅(%)
 ANNA                     AleAnna Inc  2.53                      Utilities  2026-03-19 3.79  2026-03-20 7.07 86.54 
RTCJF             Baijiayun Group Ltd  0.00                     Technology  2026-03-19 0.25  2026-03-20 0.46 79.96 
  IBO           Impact Biomedical Inc  0.48                Pharmaceuticals  2026-03-19 0.46  2026-03-20 0.78 68.47 
 AZTR                      Azitra Inc  0.03                  Biotechnology  2026-03-19 0.18  2026-03-20 0.28 60.68 
 ENFY                  Enlightify Inc  0.01                      Chemicals  2026-03-19 0.05  2026-03-20 0.08 50.00 
 RDGT                   Ridgetech Inc  0.40                         Retail  2026-03-19 2.19  2026-03-20 3.03 38.36 
 ROMA          Roma Green Finance Ltd  3.05 Commercial Services & Supplies  2026-03-19 5.12  2026-03-20 6.94 35.55 
 CSTE                 Caesarstone Ltd  0.29                       Building  2026-03-19 0.83  2026-03-20 1.09 31.33 
 RPGL        Republic Power Group Ltd  0.02                     Technology  2026-03-19 0.53  2026-03-20 0.69 30.93 
 MGLD          Marygold Companies Inc  0.42             Financial Services  2026-03-19 0.99  2026-03-20 1.28 29.55 
 ONCO                   Onconetix Inc  0.02                  Biotechnology  2026-03-19 0.48  2026-03-20 0.62 28.36 
FAASF                   DigiAsia Corp  0.00             Financial Services  2026-03-19 0.01  2026-03-20 0.01 28.21 
 CURV             Torrid Holdings Inc  1.24                         Retail  2026-03-19 1.25   2026-03-20 1.6 28.00 
 CMBM           Cambium Networks Corp  0.40                 Communications  2026-03-19 1.43  2026-03-20 1.81 26.57 
 BMGL         Basel Medical Group Ltd  0.11                    Health Care  2026-03-19 0.59  2026-03-20 0.74 25.90 
 MNDR Mobile-health Network Solutions  0.03                    Health Care  2026-03-19 0.97  2026-03-20 1.22 25.77 
   PL                 Planet Labs PBC 91.33          Professional Services 2026-03-19 26.96 2026-03-20 33.83 25.48 
 JDZG                       JIADE Ltd  0.03  Diversified Consumer Services  2026-03-19 0.08  2026-03-20 0.09 23.73 
 SLND          Southland Holdings Inc  0.40                   Construction  2026-03-19 0.75  2026-03-20 0.92 23.33 
 AIEV      Thunder Power Holdings Inc  0.14                    Automobiles  2026-03-19 0.27  2026-03-20 0.33 21.85 

=== 市值超过20亿的涨幅榜前20名股票 ===
 股票代码               公司名称              市值(亿)                 板块                       昨天收盘              今天收盘       涨跌幅(%)
   PL                 Planet Labs PBC  91.33            Professional Services  2026-03-19 26.96  2026-03-20 33.83 25.48 
  YSS          York Space Systems Inc  25.70              Aerospace & Defense  2026-03-19 17.68  2026-03-20 21.07 19.17 
LBTYB              Liberty Global Ltd  39.51                Telecommunication  2026-03-19 12.14  2026-03-20 14.17 16.72 
 SEDG      Solaredge Technologies Inc  27.56                   Semiconductors  2026-03-19 45.66  2026-03-20 51.73 13.29 
   VG              Venture Global Inc 321.86                           Energy  2026-03-19 14.29  2026-03-20 15.81 10.64 
 NNNN             Anbio Biotechnology  30.96                    Biotechnology  2026-03-19 21.51  2026-03-20 23.54  9.41 
   SM                    SM Energy Co  66.14                           Energy  2026-03-19 27.75  2026-03-20 30.04  8.25 
  ARX             Accelerant Holdings  27.02                        Insurance  2026-03-19 12.18  2026-03-20 12.95  6.32 
 PARR        Par Pacific Holdings Inc  28.43                           Energy  2026-03-19 58.02  2026-03-20 61.39  5.81 
 TALO                Talos Energy Inc  24.65                           Energy  2026-03-19 14.63  2026-03-20 15.48  5.81 
  PBF                  PBF Energy Inc  54.76                           Energy  2026-03-19 46.83  2026-03-20 49.32  5.32 
  CVI                  CVR Energy Inc  32.30                           Energy  2026-03-19 32.13  2026-03-20 33.82  5.26 
 VIRT             Virtu Financial Inc  60.46               Financial Services  2026-03-19 39.58  2026-03-20 41.63  5.18 
  ZGN            Ermenegildo Zegna NV  24.65 Textiles, Apparel & Luxury Goods   2026-03-19 9.25   2026-03-20 9.68  4.65 
 FIGR Figure Technology Solutions Inc  71.23               Financial Services  2026-03-19 33.08  2026-03-20 34.29  3.66 
 GRDN  Guardian Pharmacy Services Inc  21.78                      Health Care  2026-03-19 34.39  2026-03-20 35.62  3.58 
 MANE                 Veradermics Inc  21.25                  Pharmaceuticals  2026-03-19 56.91  2026-03-20 58.89  3.48 
 CRGY              Crescent Energy Co  40.17                           Energy  2026-03-19 12.25  2026-03-20 12.67  3.43 
 GLNG                   Golar LNG Ltd  53.32                           Energy  2026-03-19 50.96  2026-03-20 52.67  3.36 
 MRSH  Marsh & McLennan Companies Inc 827.42                        Insurance 2026-03-19 170.91 2026-03-20 176.48  3.26 

=== 市值超过50亿的涨幅榜前20名股票 ===
 股票代码                   公司名称                    市值(亿)            板块                 昨天收盘              今天收盘       涨跌幅(%)
   PL                          Planet Labs PBC   91.33 Professional Services  2026-03-19 26.96  2026-03-20 33.83 25.48 
   VG                       Venture Global Inc  321.86                Energy  2026-03-19 14.29  2026-03-20 15.81 10.64 
   SM                             SM Energy Co   66.14                Energy  2026-03-19 27.75  2026-03-20 30.04  8.25 
  PBF                           PBF Energy Inc   54.76                Energy  2026-03-19 46.83  2026-03-20 49.32  5.32 
 VIRT                      Virtu Financial Inc   60.46    Financial Services  2026-03-19 39.58  2026-03-20 41.63  5.18 
 FIGR          Figure Technology Solutions Inc   71.23    Financial Services  2026-03-19 33.08  2026-03-20 34.29  3.66 
 GLNG                            Golar LNG Ltd   53.32                Energy  2026-03-19 50.96  2026-03-20 52.67  3.36 
 MRSH           Marsh & McLennan Companies Inc  827.42             Insurance 2026-03-19 170.91 2026-03-20 176.48  3.26 
FCNCB First Citizens BancShares Inc (Delaware)  212.94               Banking 2026-03-19 1560.0 2026-03-20 1610.0  3.21 
  FCN                       FTI Consulting Inc   51.80 Professional Services 2026-03-19 169.37  2026-03-20 174.2  2.85 
  APA                            APA Corp (US)  134.45                Energy  2026-03-19 38.06  2026-03-20 39.11  2.76 
  AON                                  Aon PLC  679.17             Insurance 2026-03-19 316.99 2026-03-20 325.63  2.73 
 LPLA               LPL Financial Holdings Inc  228.50    Financial Services 2026-03-19 285.34 2026-03-20 293.08  2.71 
  TTD                           Trade Desk Inc  111.90                 Media  2026-03-19 23.51  2026-03-20 24.11  2.55 
 MTDR                     Matador Resources Co   70.91                Energy  2026-03-19 57.07   2026-03-20 58.5  2.51 
  AJG                Arthur J. Gallagher & Co.  539.09             Insurance 2026-03-19 209.68 2026-03-20 214.82  2.45 
 PSKY                  Paramount Skydance Corp   99.61                 Media   2026-03-19 8.96   2026-03-20 9.15  2.12 
  HUM                               Humana Inc  199.83           Health Care 2026-03-19 166.45  2026-03-20 169.9  2.07 
 VSNT                  Versant Media Group Inc   54.14                 Media   2026-03-19 35.5  2026-03-20 36.23  2.06 
    T                                 AT&T Inc 1941.96     Telecommunication  2026-03-19 27.74  2026-03-20 28.31  2.05 

=== 市值超过100亿的涨幅榜前20名股票 ===
 股票代码                   公司名称                    市值(亿)                板块                     昨天收盘              今天收盘       涨跌幅(%)
   VG                       Venture Global Inc  321.86                        Energy  2026-03-19 14.29  2026-03-20 15.81 10.64 
 MRSH           Marsh & McLennan Companies Inc  827.42                     Insurance 2026-03-19 170.91 2026-03-20 176.48  3.26 
FCNCB First Citizens BancShares Inc (Delaware)  212.94                       Banking 2026-03-19 1560.0 2026-03-20 1610.0  3.21 
  APA                            APA Corp (US)  134.45                        Energy  2026-03-19 38.06  2026-03-20 39.11  2.76 
  AON                                  Aon PLC  679.17                     Insurance 2026-03-19 316.99 2026-03-20 325.63  2.73 
 LPLA               LPL Financial Holdings Inc  228.50            Financial Services 2026-03-19 285.34 2026-03-20 293.08  2.71 
  TTD                           Trade Desk Inc  111.90                         Media  2026-03-19 23.51  2026-03-20 24.11  2.55 
  AJG                Arthur J. Gallagher & Co.  539.09                     Insurance 2026-03-19 209.68 2026-03-20 214.82  2.45 
  HUM                               Humana Inc  199.83                   Health Care 2026-03-19 166.45  2026-03-20 169.9  2.07 
    T                                 AT&T Inc 1941.96             Telecommunication  2026-03-19 27.74  2026-03-20 28.31  2.05 
  GEN                          Gen Digital Inc  124.52                    Technology  2026-03-19 20.56  2026-03-20 20.97  1.99 
  OXY                Occidental Petroleum Corp  587.62                        Energy  2026-03-19 59.58  2026-03-20 60.71  1.90 
   MS                           Morgan Stanley 2517.55            Financial Services 2026-03-19 158.55 2026-03-20 161.47  1.84 
  PGR                         Progressive Corp 1187.52                     Insurance 2026-03-19 202.68  2026-03-20 206.0  1.64 
 VNOM                         Viper Energy Inc  158.22                        Energy  2026-03-19 47.32  2026-03-20 48.09  1.63 
VCISF                                 Vinci SA  720.03                  Construction 2026-03-19 141.05 2026-03-20 143.15  1.49 
 GDDY                              GoDaddy Inc  111.56                    Technology  2026-03-19 83.66  2026-03-20 84.89  1.47 
   IT                              Gartner Inc  112.20                    Technology 2026-03-19 159.26 2026-03-20 161.41  1.35 
  RGC        Regencell Bioscience Holdings Ltd  133.56               Pharmaceuticals  2026-03-19 27.01  2026-03-20 27.37  1.33 
  CMG               Chipotle Mexican Grill Inc  429.02 Hotels, Restaurants & Leisure  2026-03-19 32.94  2026-03-20 33.37  1.31 

=== 市值超过200亿的涨幅榜前20名股票 ===
 股票代码                    公司名称                     市值(亿)                板块                      昨天收盘               今天收盘        涨跌幅(%)
   VG                         Venture Global Inc  321.86                         Energy   2026-03-19 14.29   2026-03-20 15.81 10.64 
 MRSH             Marsh & McLennan Companies Inc  827.42                      Insurance  2026-03-19 170.91  2026-03-20 176.48  3.26 
FCNCB   First Citizens BancShares Inc (Delaware)  212.94                        Banking  2026-03-19 1560.0  2026-03-20 1610.0  3.21 
  AON                                    Aon PLC  679.17                      Insurance  2026-03-19 316.99  2026-03-20 325.63  2.73 
 LPLA                 LPL Financial Holdings Inc  228.50             Financial Services  2026-03-19 285.34  2026-03-20 293.08  2.71 
  AJG                  Arthur J. Gallagher & Co.  539.09                      Insurance  2026-03-19 209.68  2026-03-20 214.82  2.45 
    T                                   AT&T Inc 1941.96              Telecommunication   2026-03-19 27.74   2026-03-20 28.31  2.05 
  OXY                  Occidental Petroleum Corp  587.62                         Energy   2026-03-19 59.58   2026-03-20 60.71  1.90 
   MS                             Morgan Stanley 2517.55             Financial Services  2026-03-19 158.55  2026-03-20 161.47  1.84 
  PGR                           Progressive Corp 1187.52                      Insurance  2026-03-19 202.68   2026-03-20 206.0  1.64 
VCISF                                   Vinci SA  720.03                   Construction  2026-03-19 141.05  2026-03-20 143.15  1.49 
  CMG                 Chipotle Mexican Grill Inc  429.02  Hotels, Restaurants & Leisure   2026-03-19 32.94   2026-03-20 33.37  1.31 
 FICO                            Fair Isaac Corp  264.07                     Technology 2026-03-19 1113.16 2026-03-20 1127.62  1.30 
 RDDT                                 Reddit Inc  263.86                          Media  2026-03-19 138.12  2026-03-20 139.85  1.25 
 FITB                        Fifth Third Bancorp  393.73                        Banking   2026-03-19 43.66   2026-03-20 44.19  1.21 
  MTD           Mettler-Toledo International Inc  241.97 Life Sciences Tools & Services 2026-03-19 1190.49 2026-03-20 1204.48  1.18 
 FANG                     Diamondback Energy Inc  535.35                         Energy  2026-03-19 190.31  2026-03-20 192.54  1.17 
  AMP                   Ameriprise Financial Inc  395.77             Financial Services  2026-03-19 434.06  2026-03-20 438.94  1.12 
  FIS Fidelity National Information Services Inc  253.40             Financial Services   2026-03-19 49.26   2026-03-20 49.79  1.08 
FCNCA   First Citizens BancShares Inc (Delaware)  212.94                        Banking 2026-03-19 1803.23 2026-03-20 1822.39  1.06 

=== 市值超过1000亿的涨跌榜前20名股票 ===
股票代码             公司名称              市值(亿)                板块                      昨天收盘               今天收盘        涨跌幅(%)
   T                     AT&T Inc 1941.96              Telecommunication   2026-03-19 27.74   2026-03-20 28.31  2.05 
  MS               Morgan Stanley 2517.55             Financial Services  2026-03-19 158.55  2026-03-20 161.47  1.84 
 PGR             Progressive Corp 1187.52                      Insurance  2026-03-19 202.68   2026-03-20 206.0  1.64 
  MA               Mastercard Inc 4380.05             Financial Services  2026-03-19 491.14  2026-03-20 496.32  1.05 
  VZ   Verizon Communications Inc 2167.05              Telecommunication   2026-03-19 49.48   2026-03-20 49.98  1.01 
 COF   Capital One Financial Corp 1117.80             Financial Services  2026-03-19 179.73  2026-03-20 181.46  0.96 
 XOM             Exxon Mobil Corp 6505.15                         Energy  2026-03-19 158.16  2026-03-20 159.67  0.95 
TMUS              T-Mobile US Inc 2276.34              Telecommunication  2026-03-19 206.59  2026-03-20 208.47  0.91 
 TMO Thermo Fisher Scientific Inc 1746.76 Life Sciences Tools & Services  2026-03-19 470.21  2026-03-20 474.39  0.89 
ADBE                    Adobe Inc 1009.79                     Technology  2026-03-19 245.99  2026-03-20 248.15  0.88 
 COP               ConocoPhillips 1540.39                         Energy  2026-03-19 126.02  2026-03-20 126.92  0.71 
BKNG         Booking Holdings Inc 1360.15  Hotels, Restaurants & Leisure 2026-03-19 4294.29 2026-03-20 4324.04  0.69 
   V                     Visa Inc 5847.83             Financial Services  2026-03-19 299.71  2026-03-20 301.62  0.64 
DELL        Dell Technologies Inc 1039.19                     Technology  2026-03-19 156.76  2026-03-20 157.67  0.58 
 APP                Applovin Corp 1483.75                     Technology  2026-03-19 439.92  2026-03-20 442.39  0.56 
  GS      Goldman Sachs Group Inc 2402.21             Financial Services   2026-03-19 809.5  2026-03-20 813.53  0.50 
 UNP           Union Pacific Corp 1403.79                    Road & Rail  2026-03-19 234.18  2026-03-20 234.92  0.32 
 BAC         Bank of America Corp 3373.76                        Banking   2026-03-19 47.01   2026-03-20 47.16  0.32 
 DIS               Walt Disney Co 1757.35                          Media    2026-03-19 99.2   2026-03-20 99.51  0.31 
 CRM               Salesforce Inc 1799.76                     Technology  2026-03-19 194.99  2026-03-20 195.38  0.20 
