
=== 涨幅榜前20名股票 ===
股票代码              公司名称             市值(亿)                板块                      昨天收盘            今天收盘       涨跌幅(%)
 TGL           Treasure Global Inc  0.03                            Media 2025-04-04 0.06  2025-04-07 2.8 4812.28
NEGG           Newegg Commerce Inc  0.94                           Retail 2025-04-04 0.24 2025-04-07 5.26 2093.75
BGLC        BioNexus Gene Lab Corp  0.04 Trading Companies & Distributors 2025-04-04 0.23 2025-04-07 2.92 1142.55
LGCB            Linkage Global Inc  0.05                           Retail 2025-04-04 0.16 2025-04-07 1.99 1113.41
JNVR                   Janover Inc  0.06               Financial Services  2025-04-04 4.0 2025-04-07 37.7  842.50
SPPL                   Simpple Ltd  0.06 Trading Companies & Distributors  2025-04-04 0.4 2025-04-07 2.78  603.80
BJDX       Bluejay Diagnostics Inc  0.02                      Health Care 2025-04-04 3.53  2025-04-07 7.5  112.46
CHSN Chanson International Holding  0.05                           Retail 2025-04-04 0.22 2025-04-07 0.42   89.95
STTK             Shattuck Labs Inc  0.33                    Biotechnology 2025-04-04 0.73  2025-04-07 1.3   77.35
MESA            Mesa Air Group Inc  0.42                         Airlines 2025-04-04 0.71  2025-04-07 1.1   54.93
SPAI            Safe Pro Group Inc  0.27              Aerospace & Defense 2025-04-04 1.63 2025-04-07 2.35   44.53
ARTV    Artiva Biotherapeutics Inc  0.55                    Biotechnology 2025-04-04 2.44 2025-04-07 3.31   35.66
STRO           Sutro Biopharma Inc  0.53                    Biotechnology 2025-04-04 0.54 2025-04-07 0.72   32.87
 PEV             Phoenix Motor Inc  0.12                      Automobiles 2025-04-04 0.25 2025-04-07 0.32   28.00
FRGE     Forge Global Holdings Inc  0.83               Financial Services  2025-04-04 0.5 2025-04-07 0.63   26.63
ATPC                Agape ATP Corp  0.61                      Health Care 2025-04-04 1.22 2025-04-07 1.54   26.23
ANRO         Alto Neuroscience Inc  0.46                  Pharmaceuticals  2025-04-04 1.8 2025-04-07 2.26   25.56
FAAS                 DigiAsia Corp  0.13               Financial Services 2025-04-04 0.26 2025-04-07 0.32   24.86
GLXG      Galaxy Payroll Group Ltd  0.14            Professional Services 2025-04-04 0.75 2025-04-07 0.94   24.81
NAOV              Nanovibronix Inc  0.02                      Health Care 2025-04-04 2.36 2025-04-07 2.94   24.58

=== 市值超过20亿的涨幅榜前20名股票 ===
股票代码                公司名称                市值(亿)           板块                 昨天收盘              今天收盘       涨跌幅(%)
RYTM         Rhythm Pharmaceuticals Inc  29.51        Biotechnology  2025-04-04 46.95  2025-04-07 54.96 17.06 
   X           United States Steel Corp  84.14      Metals & Mining  2025-04-04 38.29   2025-04-07 44.5 16.22 
  RH                                 RH  26.92               Retail 2025-04-04 145.66 2025-04-07 164.48 12.92 
 SMR                 Nuscale Power Corp  33.83 Electrical Equipment   2025-04-04 12.6   2025-04-07 14.1 11.90 
 FRO                      Frontline Plc  29.63               Energy  2025-04-04 12.83  2025-04-07 14.29 11.38 
RGTI              Rigetti Computing Inc  20.14       Semiconductors    2025-04-04 7.5   2025-04-07 8.33 11.07 
OKLO                           Oklo Inc  26.32            Utilities   2025-04-04 19.8  2025-04-07 21.93 10.76 
SMCI           Super Micro Computer Inc 169.08           Technology  2025-04-04 29.82   2025-04-07 33.0 10.66 
IONQ                           IONQ Inc  42.32           Technology  2025-04-04 20.68  2025-04-07 22.75 10.01 
CAMT                         Camtek Ltd  23.16       Semiconductors  2025-04-04 50.56  2025-04-07 55.17  9.12 
UPST               Upstart Holdings Inc  30.44   Financial Services   2025-04-04 34.8  2025-04-07 37.78  8.56 
CRDO Credo Technology Group Holding Ltd  51.64       Semiconductors   2025-04-04 33.3  2025-04-07 35.91  7.84 
DLTR                    Dollar Tree Inc 152.77               Retail  2025-04-04 67.55  2025-04-07 72.84  7.83 
LCID                    Lucid Group Inc  69.12          Automobiles   2025-04-04 2.28   2025-04-07 2.45  7.46 
ACHR                Archer Aviation Inc  30.70  Aerospace & Defense    2025-04-04 6.2   2025-04-07 6.66  7.42 
TSEM            Tower Semiconductor Ltd  34.09       Semiconductors  2025-04-04 29.65  2025-04-07 31.85  7.42 
 VRT                 Vertiv Holdings Co 209.73 Electrical Equipment  2025-04-04 59.41  2025-04-07 63.82  7.42 
FIVE                     Five Below Inc  31.36               Retail  2025-04-04 56.77  2025-04-07 60.88  7.24 
RKLB                 Rocket Lab USA Inc  67.90  Aerospace & Defense  2025-04-04 16.37  2025-04-07 17.52  7.03 
RDDT                         Reddit Inc 145.18                Media  2025-04-04 86.91   2025-04-07 93.0  7.01 

=== 市值超过50亿的涨幅榜前20名股票 ===
股票代码                公司名称                 市值(亿)                板块                      昨天收盘              今天收盘        涨跌幅(%)
   X           United States Steel Corp   84.14                Metals & Mining  2025-04-04 38.29    2025-04-07 44.5 16.22 
SMCI           Super Micro Computer Inc  169.08                     Technology  2025-04-04 29.82    2025-04-07 33.0 10.66 
CRDO Credo Technology Group Holding Ltd   51.64                 Semiconductors   2025-04-04 33.3   2025-04-07 35.91  7.84 
DLTR                    Dollar Tree Inc  152.77                         Retail  2025-04-04 67.55   2025-04-07 72.84  7.83 
LCID                    Lucid Group Inc   69.12                    Automobiles   2025-04-04 2.28    2025-04-07 2.45  7.46 
 VRT                 Vertiv Holdings Co  209.73           Electrical Equipment  2025-04-04 59.41   2025-04-07 63.82  7.42 
RKLB                 Rocket Lab USA Inc   67.90            Aerospace & Defense  2025-04-04 16.37   2025-04-07 17.52  7.03 
RDDT                         Reddit Inc  145.18                          Media  2025-04-04 86.91    2025-04-07 93.0  7.01 
 TPL            Texas Pacific Land Corp  226.84                         Energy 2025-04-04 1079.0 2025-04-07 1153.91  6.94 
HIMS             Hims & Hers Health Inc   54.28                    Health Care  2025-04-04 25.99   2025-04-07 27.77  6.85 
ASTS                AST SpaceMobile Inc   59.37              Telecommunication  2025-04-04 20.07   2025-04-07 21.33  6.28 
BRKR                        Bruker Corp   53.90 Life Sciences Tools & Services  2025-04-04 36.46    2025-04-07 38.7  6.14 
 SYM                       Symbotic Inc   97.50                      Machinery   2025-04-04 17.5   2025-04-07 18.56  6.06 
 TER                       Teradyne Inc  105.96                 Semiconductors  2025-04-04 68.72   2025-04-07 72.87  6.04 
ANET                Arista Networks Inc  771.30                 Communications  2025-04-04 64.37   2025-04-07 68.17  5.90 
 APP                      Applovin Corp  702.51                     Technology 2025-04-04 219.37  2025-04-07 232.22  5.86 
ARES               Ares Management Corp  227.70             Financial Services 2025-04-04 118.04  2025-04-07 124.73  5.67 
  MU              Micron Technology Inc  692.67                 Semiconductors  2025-04-04 64.72   2025-04-07 68.37  5.64 
CAVA                     CAVA Group Inc   81.55  Hotels, Restaurants & Leisure  2025-04-04 75.19    2025-04-07 79.3  5.47 
AVGO                       Broadcom Inc 6533.36                 Semiconductors 2025-04-04 146.29  2025-04-07 154.14  5.37 

=== 市值超过100亿的涨幅榜前20名股票 ===
股票代码            公司名称            市值(亿)           板块                 昨天收盘              今天收盘        涨跌幅(%)
SMCI  Super Micro Computer Inc  169.08           Technology  2025-04-04 29.82    2025-04-07 33.0 10.66 
DLTR           Dollar Tree Inc  152.77               Retail  2025-04-04 67.55   2025-04-07 72.84  7.83 
 VRT        Vertiv Holdings Co  209.73 Electrical Equipment  2025-04-04 59.41   2025-04-07 63.82  7.42 
RDDT                Reddit Inc  145.18                Media  2025-04-04 86.91    2025-04-07 93.0  7.01 
 TPL   Texas Pacific Land Corp  226.84               Energy 2025-04-04 1079.0 2025-04-07 1153.91  6.94 
 TER              Teradyne Inc  105.96       Semiconductors  2025-04-04 68.72   2025-04-07 72.87  6.04 
ANET       Arista Networks Inc  771.30       Communications  2025-04-04 64.37   2025-04-07 68.17  5.90 
 APP             Applovin Corp  702.51           Technology 2025-04-04 219.37  2025-04-07 232.22  5.86 
ARES      Ares Management Corp  227.70   Financial Services 2025-04-04 118.04  2025-04-07 124.73  5.67 
  MU     Micron Technology Inc  692.67       Semiconductors  2025-04-04 64.72   2025-04-07 68.37  5.64 
AVGO              Broadcom Inc 6533.36       Semiconductors 2025-04-04 146.29  2025-04-07 154.14  5.37 
 GEV            GE Vernova Inc  703.46 Electrical Equipment 2025-04-04 271.48  2025-04-07 286.07  5.37 
 FIX   Comfort Systems USA Inc  100.09         Construction 2025-04-04 296.51  2025-04-07 312.13  5.27 
LRCX         Lam Research Corp  730.28       Semiconductors  2025-04-04 59.09    2025-04-07 62.2  5.26 
PLTR Palantir Technologies Inc 1574.67           Technology  2025-04-04 74.01   2025-04-07 77.84  5.17 
 CEG Constellation Energy Corp  514.53            Utilities 2025-04-04 170.96  2025-04-07 179.79  5.16 
MCHP  Microchip Technology Inc  184.74       Semiconductors  2025-04-04 36.22   2025-04-07 38.09  5.16 
 KKR              KKR & Co Inc  769.47   Financial Services  2025-04-04 92.79   2025-04-07 97.54  5.12 
AFRM       Affirm Holdings Inc  104.10   Financial Services  2025-04-04 35.75   2025-04-07 37.57  5.09 
KLAC                  KLA Corp  736.96       Semiconductors 2025-04-04 576.53  2025-04-07 604.62  4.87 

=== 市值超过200亿的涨幅榜前20名股票 ===
股票代码            公司名称            市值(亿)           板块                 昨天收盘              今天收盘        涨跌幅(%)
 VRT        Vertiv Holdings Co  209.73 Electrical Equipment  2025-04-04 59.41   2025-04-07 63.82  7.42 
 TPL   Texas Pacific Land Corp  226.84               Energy 2025-04-04 1079.0 2025-04-07 1153.91  6.94 
ANET       Arista Networks Inc  771.30       Communications  2025-04-04 64.37   2025-04-07 68.17  5.90 
 APP             Applovin Corp  702.51           Technology 2025-04-04 219.37  2025-04-07 232.22  5.86 
ARES      Ares Management Corp  227.70   Financial Services 2025-04-04 118.04  2025-04-07 124.73  5.67 
  MU     Micron Technology Inc  692.67       Semiconductors  2025-04-04 64.72   2025-04-07 68.37  5.64 
AVGO              Broadcom Inc 6533.36       Semiconductors 2025-04-04 146.29  2025-04-07 154.14  5.37 
 GEV            GE Vernova Inc  703.46 Electrical Equipment 2025-04-04 271.48  2025-04-07 286.07  5.37 
LRCX         Lam Research Corp  730.28       Semiconductors  2025-04-04 59.09    2025-04-07 62.2  5.26 
PLTR Palantir Technologies Inc 1574.67           Technology  2025-04-04 74.01   2025-04-07 77.84  5.17 
 CEG Constellation Energy Corp  514.53            Utilities 2025-04-04 170.96  2025-04-07 179.79  5.16 
 KKR              KKR & Co Inc  769.47   Financial Services  2025-04-04 92.79   2025-04-07 97.54  5.12 
KLAC                  KLA Corp  736.96       Semiconductors 2025-04-04 576.53  2025-04-07 604.62  4.87 
 VST               Vistra Corp  313.90            Utilities  2025-04-04 98.07  2025-04-07 102.69  4.71 
DELL     Dell Technologies Inc  462.32           Technology  2025-04-04 71.63    2025-04-07 75.0  4.70 
AMAT     Applied Materials Inc 1012.71       Semiconductors 2025-04-04 126.95  2025-04-07 132.85  4.65 
CSGP          CoStar Group Inc  308.14          Real Estate  2025-04-04 72.62   2025-04-07 75.75  4.31 
 FCX      Freeport-McMoRan Inc  404.54      Metals & Mining  2025-04-04 29.15   2025-04-07 30.37  4.19 
 ADI        Analog Devices Inc  791.95       Semiconductors  2025-04-04 164.6  2025-04-07 171.34  4.09 
FTNT              Fortinet Inc  635.63           Technology  2025-04-04 84.71    2025-04-07 88.0  3.88 

=== 市值超过1000亿的涨跌榜前20名股票 ===
 股票代码            公司名称            市值(亿)           板块                昨天收盘              今天收盘       涨跌幅(%)
 AVGO              Broadcom Inc  6533.36     Semiconductors 2025-04-04 146.29 2025-04-07 154.14  5.37 
 PLTR Palantir Technologies Inc  1574.67         Technology  2025-04-04 74.01  2025-04-07 77.84  5.17 
 AMAT     Applied Materials Inc  1012.71     Semiconductors 2025-04-04 126.95 2025-04-07 132.85  4.65 
 NVDA               NVIDIA Corp 21279.02     Semiconductors  2025-04-04 94.31  2025-04-07 97.64  3.53 
  BAC      Bank of America Corp  2558.97            Banking  2025-04-04 34.39  2025-04-07 35.58  3.46 
 ISRG    Intuitive Surgical Inc  1546.19        Health Care 2025-04-04 451.58 2025-04-07 463.62  2.67 
 AMZN            Amazon.com Inc 17491.55             Retail  2025-04-04 171.0 2025-04-07 175.26  2.49 
 META        Meta Platforms Inc 12260.00              Media 2025-04-04 504.73 2025-04-07 516.25  2.28 
  BSX    Boston Scientific Corp  1277.25        Health Care   2025-04-04 89.7  2025-04-07 91.54  2.05 
  JPM       JPMorgan Chase & Co  5669.94            Banking 2025-04-04 210.28 2025-04-07 214.44  1.98 
 QCOM              Qualcomm Inc  1344.90     Semiconductors 2025-04-04 127.46 2025-04-07 129.72  1.77 
  TXN     Texas Instruments Inc  1326.27     Semiconductors 2025-04-04 151.39  2025-04-07 154.0  1.72 
 UBER     Uber Technologies Inc  1272.53        Road & Rail  2025-04-04 64.62  2025-04-07 65.64  1.58 
  CRM            Salesforce Inc  2228.46         Technology 2025-04-04 240.76 2025-04-07 244.21  1.43 
 NFLX               Netflix Inc  3526.41              Media 2025-04-04 855.86 2025-04-07 867.83  1.40 
    C             Citigroup Inc  1047.99            Banking  2025-04-04 58.13  2025-04-07 58.85  1.24 
   MS            Morgan Stanley  1523.91 Financial Services  2025-04-04 99.83 2025-04-07 100.92  1.09 
 GOOG              Alphabet Inc 17338.63              Media 2025-04-04 147.74 2025-04-07 149.24  1.02 
GOOGL              Alphabet Inc 17338.63              Media  2025-04-04 145.6 2025-04-07 146.75  0.79 
    T                  AT&T Inc  1848.74  Telecommunication  2025-04-04 26.64  2025-04-07 26.83  0.71 
