
=== 涨幅榜前20名股票 ===
 股票代码                公司名称                市值(亿)               板块                    昨天收盘             今天收盘       涨跌幅(%)
 IPDN Professional Diversity Network Inc  0.05         Professional Services  2025-08-28 1.93  2025-08-29 6.69 246.63
 MOVE                         Movano Inc  0.08                    Technology  2025-08-28 0.62  2025-08-29 1.07  73.14
  DUO           Fangdd Network Group Ltd  0.08                         Media  2025-08-28 1.56  2025-08-29 2.39  53.21
 NXTT        Next Technology Holding Inc  1.62                    Technology  2025-08-28 0.29  2025-08-29 0.44  52.17
 RLMD           Relmada Therapeutics Inc  0.31               Pharmaceuticals  2025-08-28 0.77  2025-08-29 1.12  44.52
 IFRX                         InflaRx NV  0.97                 Biotechnology  2025-08-28 1.17   2025-08-29 1.6  36.75
 NUKK                       Nukkleus Inc  0.36                    Technology  2025-08-28 3.69  2025-08-29 4.87  31.98
 VIVS                   VivoSim Labs Inc  0.06                 Biotechnology  2025-08-28 1.87  2025-08-29 2.44  30.48
  GVH             Globavend Holdings Ltd  0.06    Logistics & Transportation  2025-08-28 4.61  2025-08-29 5.94  28.99
 QMMM                  QMMM Holdings Ltd  0.80                         Media  2025-08-28 4.19   2025-08-29 5.3  26.49
  TBH            Brag House Holdings Inc  0.14                         Media  2025-08-28 1.18  2025-08-29 1.48  24.89
  RAY                Raytech Holding Ltd  0.31                  Distributors  2025-08-28 0.69  2025-08-29 0.85  23.04
 RNTX              Rein Therapeutics Inc  0.28                 Biotechnology  2025-08-28 1.13  2025-08-29 1.39  23.01
  NEO                    Neogenomics Inc 11.50                   Health Care  2025-08-28 7.21  2025-08-29 8.78  21.78
  AGH       Aureus Greenway Holdings Inc  0.52 Hotels, Restaurants & Leisure  2025-08-28 3.57  2025-08-29 4.34  21.57
QVCGA                      QVC Group Inc  0.65                        Retail  2025-08-28 7.11  2025-08-29 8.58  20.68
 VSME              VS Media Holdings Ltd  0.97                         Media   2025-08-28 1.9  2025-08-29 2.23  17.37
 SSKN           Strata Skin Sciences Inc  0.09                   Health Care  2025-08-28 2.03  2025-08-29 2.38  17.24
 AMBA                      Ambarella Inc 37.70                Semiconductors 2025-08-28 70.63 2025-08-29 82.48  16.78
 SKBL Skyline Builders Group Holding Ltd  0.34                  Construction  2025-08-28 0.91  2025-08-29 1.05  15.38

=== 市值超过20亿的涨幅榜前20名股票 ===
股票代码            公司名称            市值(亿)            板块                 昨天收盘             今天收盘       涨跌幅(%)
AMBA              Ambarella Inc  37.70        Semiconductors  2025-08-28 70.63 2025-08-29 82.48 16.78 
IREN                   IREN Ltd  68.82            Technology  2025-08-28 23.04 2025-08-29 26.48 14.93 
AFRM        Affirm Holdings Inc 307.86    Financial Services  2025-08-28 79.99 2025-08-29 88.46 10.59 
ADSK               Autodesk Inc 682.13            Technology 2025-08-28 288.49 2025-08-29 314.7  9.09 
CIFR          Cipher Mining Inc  28.27            Technology   2025-08-28 7.02  2025-08-29 7.64  8.83 
NNNN        Anbio Biotechnology  65.33         Biotechnology  2025-08-28 41.47 2025-08-29 45.04  8.60 
SATS              EchoStar Corp 164.95                 Media  2025-08-28 56.95 2025-08-29 61.79  8.50 
   S            SentinelOne Inc  61.74            Technology  2025-08-28 17.61 2025-08-29 18.86  7.10 
 EQX          Equinox Gold Corp  65.96       Metals & Mining   2025-08-28 8.27  2025-08-29 8.76  5.93 
  NG     NovaGold Resources Inc  27.81       Metals & Mining   2025-08-28 6.46  2025-08-29 6.84  5.88 
PRVA    Privia Health Group Inc  28.23           Health Care  2025-08-28 21.81 2025-08-29 23.04  5.64 
SSRM             SSR Mining Inc  38.43       Metals & Mining   2025-08-28 18.3 2025-08-29 19.31  5.52 
  HL            Hecla Mining Co  55.84       Metals & Mining   2025-08-28 8.07  2025-08-29 8.51  5.45 
CELH       Celsius Holdings Inc 159.02             Beverages  2025-08-28 59.69 2025-08-29 62.88  5.34 
  OS              OneStream Inc  50.78            Technology  2025-08-28 19.83 2025-08-29 20.79  4.84 
CNXC            Concentrix Corp  33.03 Professional Services  2025-08-28 50.36 2025-08-29 52.76  4.77 
 CDE           Coeur Mining Inc  82.36       Metals & Mining  2025-08-28 12.56 2025-08-29 13.15  4.70 
  GH        Guardant Health Inc  83.04           Health Care  2025-08-28 64.47 2025-08-29 67.42  4.58 
BTDR Bitdeer Technologies Group  26.60            Technology  2025-08-28 13.68 2025-08-29 14.29  4.46 
 COO       Cooper Companies Inc 131.04           Health Care  2025-08-28 64.58 2025-08-29 67.39  4.36 

=== 市值超过50亿的涨幅榜前20名股票 ===
股票代码          公司名称         市值(亿)                板块                      昨天收盘              今天收盘       涨跌幅(%)
IREN              IREN Ltd  68.82                     Technology  2025-08-28 23.04  2025-08-29 26.48 14.93 
AFRM   Affirm Holdings Inc 307.86             Financial Services  2025-08-28 79.99  2025-08-29 88.46 10.59 
ADSK          Autodesk Inc 682.13                     Technology 2025-08-28 288.49  2025-08-29 314.7  9.09 
NNNN   Anbio Biotechnology  65.33                  Biotechnology  2025-08-28 41.47  2025-08-29 45.04  8.60 
SATS         EchoStar Corp 164.95                          Media  2025-08-28 56.95  2025-08-29 61.79  8.50 
   S       SentinelOne Inc  61.74                     Technology  2025-08-28 17.61  2025-08-29 18.86  7.10 
 EQX     Equinox Gold Corp  65.96                Metals & Mining   2025-08-28 8.27   2025-08-29 8.76  5.93 
  HL       Hecla Mining Co  55.84                Metals & Mining   2025-08-28 8.07   2025-08-29 8.51  5.45 
CELH  Celsius Holdings Inc 159.02                      Beverages  2025-08-28 59.69  2025-08-29 62.88  5.34 
  OS         OneStream Inc  50.78                     Technology  2025-08-28 19.83  2025-08-29 20.79  4.84 
 CDE      Coeur Mining Inc  82.36                Metals & Mining  2025-08-28 12.56  2025-08-29 13.15  4.70 
  GH   Guardant Health Inc  83.04                    Health Care  2025-08-28 64.47  2025-08-29 67.42  4.58 
 COO  Cooper Companies Inc 131.04                    Health Care  2025-08-28 64.58  2025-08-29 67.39  4.36 
SOUN     SoundHound AI Inc  51.27                     Technology  2025-08-28 12.53  2025-08-29 13.02  3.91 
 SJM        J M Smucker Co 116.31                  Food Products 2025-08-28 106.72 2025-08-29 110.51  3.55 
 MOH Molina Healthcare Inc  96.93                    Health Care 2025-08-28 174.72 2025-08-29 180.83  3.50 
 EMN   Eastman Chemical Co  81.03                      Chemicals  2025-08-28 68.18  2025-08-29 70.34  3.17 
SNDK          Sandisk Corp  74.59                     Technology  2025-08-28 50.87  2025-08-29 52.47  3.15 
 TEM         Tempus AI Inc 128.71 Life Sciences Tools & Services  2025-08-28 73.66  2025-08-29 75.86  2.99 
 ELV   Elevance Health Inc 711.50                    Health Care 2025-08-28 310.41 2025-08-29 318.65  2.65 

=== 市值超过100亿的涨幅榜前20名股票 ===
股票代码          公司名称           市值(亿)                板块                      昨天收盘              今天收盘       涨跌幅(%)
AFRM    Affirm Holdings Inc  307.86             Financial Services  2025-08-28 79.99  2025-08-29 88.46 10.59 
ADSK           Autodesk Inc  682.13                     Technology 2025-08-28 288.49  2025-08-29 314.7  9.09 
SATS          EchoStar Corp  164.95                          Media  2025-08-28 56.95  2025-08-29 61.79  8.50 
CELH   Celsius Holdings Inc  159.02                      Beverages  2025-08-28 59.69  2025-08-29 62.88  5.34 
 COO   Cooper Companies Inc  131.04                    Health Care  2025-08-28 64.58  2025-08-29 67.39  4.36 
 SJM         J M Smucker Co  116.31                  Food Products 2025-08-28 106.72 2025-08-29 110.51  3.55 
 TEM          Tempus AI Inc  128.71 Life Sciences Tools & Services  2025-08-28 73.66  2025-08-29 75.86  2.99 
 ELV    Elevance Health Inc  711.50                    Health Care 2025-08-28 310.41 2025-08-29 318.65  2.65 
  AU  Anglogold Ashanti PLC  277.95                Metals & Mining   2025-08-28 55.2  2025-08-29 56.66  2.64 
 EIX   Edison International  215.58                      Utilities  2025-08-28 54.72  2025-08-29 56.13  2.58 
 UNH UnitedHealth Group Inc 2771.90                    Health Care 2025-08-28 302.29 2025-08-29 309.87  2.51 
 CNC           Centene Corp  140.96                    Health Care  2025-08-28 28.38  2025-08-29 29.04  2.33 
 HSY             Hershey Co  369.30                  Food Products 2025-08-28 179.99 2025-08-29 183.75  2.09 
 DPZ     Domino's Pizza Inc  154.88  Hotels, Restaurants & Leisure 2025-08-28 448.96  2025-08-29 458.3  2.08 
RGLD         Royal Gold Inc  118.04                Metals & Mining 2025-08-28 176.03 2025-08-29 179.58  2.02 
 NEM    Newmont Corporation  815.05                Metals & Mining  2025-08-28 72.97   2025-08-29 74.4  1.96 
 HUM             Humana Inc  362.55                    Health Care 2025-08-28 297.89 2025-08-29 303.66  1.94 
 PCG              PG&E Corp  336.75                      Utilities  2025-08-28 14.99  2025-08-29 15.28  1.93 
 PPC    Pilgrims Pride Corp  104.97                  Food Products  2025-08-28 43.63  2025-08-29 44.45  1.88 
 GIS      General Mills Inc  261.41                  Food Products  2025-08-28 48.44  2025-08-29 49.33  1.84 

=== 市值超过200亿的涨幅榜前20名股票 ===
股票代码               公司名称                市值(亿)                板块                      昨天收盘               今天收盘        涨跌幅(%)
AFRM              Affirm Holdings Inc  307.86             Financial Services   2025-08-28 79.99   2025-08-29 88.46 10.59 
ADSK                     Autodesk Inc  682.13                     Technology  2025-08-28 288.49   2025-08-29 314.7  9.09 
 ELV              Elevance Health Inc  711.50                    Health Care  2025-08-28 310.41  2025-08-29 318.65  2.65 
  AU            Anglogold Ashanti PLC  277.95                Metals & Mining    2025-08-28 55.2   2025-08-29 56.66  2.64 
 EIX             Edison International  215.58                      Utilities   2025-08-28 54.72   2025-08-29 56.13  2.58 
 UNH           UnitedHealth Group Inc 2771.90                    Health Care  2025-08-28 302.29  2025-08-29 309.87  2.51 
 HSY                       Hershey Co  369.30                  Food Products  2025-08-28 179.99  2025-08-29 183.75  2.09 
 NEM              Newmont Corporation  815.05                Metals & Mining   2025-08-28 72.97    2025-08-29 74.4  1.96 
 HUM                       Humana Inc  362.55                    Health Care  2025-08-28 297.89  2025-08-29 303.66  1.94 
 PCG                        PG&E Corp  336.75                      Utilities   2025-08-28 14.99   2025-08-29 15.28  1.93 
 GIS                General Mills Inc  261.41                  Food Products   2025-08-28 48.44   2025-08-29 49.33  1.84 
 STZ         Constellation Brands Inc  282.28                      Beverages  2025-08-28 159.09  2025-08-29 161.94  1.79 
 ACN                    Accenture PLC 1615.31                     Technology  2025-08-28 256.17  2025-08-29 259.97  1.48 
  IP           International Paper Co  260.48                      Packaging   2025-08-28 48.96   2025-08-29 49.68  1.47 
RKLB                  Rocket Lab Corp  228.37            Aerospace & Defense   2025-08-28 47.91    2025-08-29 48.6  1.44 
HUBS                      HubSpot Inc  254.14                     Technology  2025-08-28 476.34  2025-08-29 483.17  1.43 
 MTD Mettler-Toledo International Inc  265.60 Life Sciences Tools & Services 2025-08-28 1283.11 2025-08-29 1301.04  1.40 
 CVS                  CVS Health Corp  925.37                    Health Care   2025-08-28 72.14   2025-08-29 73.15  1.40 
  VG               Venture Global Inc  313.45                         Energy   2025-08-28 12.82    2025-08-29 13.0  1.40 
 SRE                           Sempra  535.81                      Utilities   2025-08-28 81.44   2025-08-29 82.56  1.38 

=== 市值超过1000亿的涨跌榜前20名股票 ===
 股票代码               公司名称               市值(亿)          板块                昨天收盘              今天收盘       涨跌幅(%)
  UNH          UnitedHealth Group Inc 2771.90        Health Care 2025-08-28 302.29 2025-08-29 309.87  2.51 
  ACN                   Accenture PLC 1615.31         Technology 2025-08-28 256.17 2025-08-29 259.97  1.48 
  AXP             American Express Co 2300.59 Financial Services 2025-08-28 326.99 2025-08-29 331.28  1.31 
    T                        AT&T Inc 2082.19  Telecommunication  2025-08-28 28.94  2025-08-29 29.29  1.21 
 ABBV                      AbbVie Inc 3693.43      Biotechnology 2025-08-28 207.92  2025-08-29 210.4  1.19 
   MO                Altria Group Inc 1120.07            Tobacco  2025-08-28 66.42  2025-08-29 67.21  1.19 
CMCSA                    Comcast Corp 1252.95              Media  2025-08-28 33.57  2025-08-29 33.97  1.19 
  PEP                     PepsiCo Inc 2028.97          Beverages 2025-08-28 146.98 2025-08-29 148.65  1.14 
  MRK                  Merck & Co Inc 2096.64    Pharmaceuticals  2025-08-28 83.21  2025-08-29 84.12  1.09 
  JNJ               Johnson & Johnson 4238.32    Pharmaceuticals 2025-08-28 175.45 2025-08-29 177.17  0.98 
  ABT             Abbott Laboratories 2298.62        Health Care 2025-08-28 131.37 2025-08-29 132.66  0.98 
   KO                    Coca-Cola Co 2954.25          Beverages  2025-08-28 68.36  2025-08-29 68.99  0.92 
  MDT                   Medtronic PLC 1186.81        Health Care  2025-08-28 91.96  2025-08-29 92.81  0.92 
   PG             Procter & Gamble Co 3670.03  Consumer products 2025-08-28 155.65 2025-08-29 157.04  0.89 
  XOM                Exxon Mobil Corp 4832.39             Energy 2025-08-28 113.35 2025-08-29 114.29  0.83 
   PM Philip Morris International Inc 2584.02            Tobacco 2025-08-28 165.77 2025-08-29 167.13  0.82 
   MA                  Mastercard Inc 5356.54 Financial Services 2025-08-28 590.48 2025-08-29 595.29  0.81 
  CVX                    Chevron Corp 3288.83             Energy 2025-08-28 159.32  2025-08-29 160.6  0.80 
 ADBE                       Adobe Inc 1512.82         Technology 2025-08-28 353.96  2025-08-29 356.7  0.77 
 AMGN                       Amgen Inc 1546.47      Biotechnology 2025-08-28 285.61 2025-08-29 287.71  0.74 
