
=== 涨幅榜前20名股票 ===
股票代码               公司名称              市值(亿)               板块                     昨天收盘             今天收盘       涨跌幅(%)
NXTS       Nexentis Technologies Inc  0.03                      Chemicals   2026-04-07 0.6  2026-04-08 3.71 520.40
UCAR                     U Power Ltd  0.01                         Retail  2026-04-07 0.55  2026-04-08 2.38 331.94
 JEM         707 Cayman Holdings Ltd  0.03                   Distributors  2026-04-07 0.11  2026-04-08 0.21  88.81
BBGI     Beasley Broadcast Group Inc  0.06                          Media  2026-04-07 3.14  2026-04-08 5.67  80.57
HUBC          Hub Cyber Security Ltd  0.00                     Technology  2026-04-07 0.12   2026-04-08 0.2  72.00
SAFX                  XCF Global Inc  1.14                         Energy  2026-04-07 0.41  2026-04-08 0.69  68.28
SNBR               Sleep Number Corp  0.25                         Retail   2026-04-07 1.1  2026-04-08 1.76  60.00
MGRT             Mega Fortune Co Ltd  3.80                     Technology 2026-04-07 27.65 2026-04-08 43.75  58.23
CLIK          Click Holdings Limited  0.04          Professional Services  2026-04-07 1.37   2026-04-08 2.1  53.28
OMEX  Odyssey Marine Exploration Inc  0.48 Commercial Services & Supplies  2026-04-07 0.83  2026-04-08 1.25  50.24
MIGI Mawson Infrastructure Group Inc  0.16                     Technology  2026-04-07 2.86  2026-04-08 4.26  48.95
 CUE               Cue Biopharma Inc  0.18                  Biotechnology  2026-04-07 0.19  2026-04-08 0.27  45.64
VSME           VS Media Holdings Ltd  0.02                          Media  2026-04-07 0.75  2026-04-08 1.08  43.62
SMTK                    SmartKem Inc  0.02                 Semiconductors  2026-04-07 0.25  2026-04-08 0.33  34.11
KPRX       Kiora Pharmaceuticals Inc  0.09                Pharmaceuticals  2026-04-07 2.16  2026-04-08 2.86  32.41
SPIR                Spire Global Inc  5.45          Professional Services 2026-04-07 15.57  2026-04-08 20.5  31.66
ELAB               PMGC Holdings Inc  0.07              Consumer products  2026-04-07 3.45   2026-04-08 4.5  30.43
FGNX                    FG Nexus Inc  0.28                      Insurance  2026-04-07 4.23  2026-04-08 5.42  28.13
AEHR               Aehr Test Systems 15.39                 Semiconductors 2026-04-07 50.25 2026-04-08 63.16  25.69
FTHM             Fathom Holdings Inc  0.23                    Real Estate   2026-04-07 0.7  2026-04-08 0.88  25.43

=== 市值超过20亿的涨幅榜前20名股票 ===
 股票代码               公司名称               市值(亿)                 板块                       昨天收盘              今天收盘       涨跌幅(%)
NETTF                     NetEase Inc  684.55                            Media   2026-04-07 19.4  2026-04-08 24.23 24.92 
 AXTI                         AXT Inc   25.26                   Semiconductors  2026-04-07 45.46  2026-04-08 53.18 16.98 
 USAR              USA Rare Earth Inc   31.91                  Metals & Mining  2026-04-07 14.64  2026-04-08 16.78 14.62 
SCGLF             Societe Generale SA  415.89                          Banking  2026-04-07 72.12   2026-04-08 82.0 13.70 
 RIOT              Riot Platforms Inc   53.80                       Technology  2026-04-07 14.19  2026-04-08 16.11 13.53 
 VSEC                        VSE Corp   52.15              Aerospace & Defense 2026-04-07 185.89  2026-04-08 210.9 13.45 
 OSCR                Oscar Health Inc   38.62                        Insurance  2026-04-07 12.97  2026-04-08 14.64 12.88 
 AAOI     Applied Optoelectronics Inc   88.46                   Communications 2026-04-07 117.64  2026-04-08 132.7 12.80 
 INFQ                  Infleqtion Inc   21.73                       Technology  2026-04-07 10.04  2026-04-08 11.32 12.75 
 VICR                      Vicor Corp   72.52             Electrical Equipment 2026-04-07 159.83 2026-04-08 179.99 12.61 
  RPM           RPM International Inc  123.86                        Chemicals  2026-04-07 96.71 2026-04-08 108.72 12.42 
 FORM                  FormFactor Inc   81.91                   Semiconductors 2026-04-07 105.12  2026-04-08 117.8 12.06 
  TER                    Teradyne Inc  501.73                   Semiconductors 2026-04-07 320.48 2026-04-08 358.29 11.80 
 FIGR Figure Technology Solutions Inc   66.25               Financial Services  2026-04-07 30.77  2026-04-08 34.34 11.60 
 INTC                      Intel Corp 2642.85                   Semiconductors  2026-04-07 52.91  2026-04-08 58.95 11.42 
 COMP                     Compass Inc   50.26                      Real Estate   2026-04-07 6.68   2026-04-08 7.44 11.38 
  CCL                   Carnival Corp  348.58    Hotels, Restaurants & Leisure   2026-04-07 25.2  2026-04-08 28.03 11.23 
 MMYT                  MakeMyTrip Ltd   36.31    Hotels, Restaurants & Leisure  2026-04-07 38.27  2026-04-08 42.49 11.03 
 STRL     Sterling Infrastructure Inc  117.13                     Construction 2026-04-07 382.22 2026-04-08 423.35 10.76 
 LEVI               Levi Strauss & Co   76.96 Textiles, Apparel & Luxury Goods  2026-04-07 19.71  2026-04-08 21.81 10.65 

=== 市值超过50亿的涨幅榜前20名股票 ===
 股票代码               公司名称               市值(亿)                 板块                       昨天收盘              今天收盘       涨跌幅(%)
NETTF                     NetEase Inc  684.55                            Media   2026-04-07 19.4  2026-04-08 24.23 24.92 
SCGLF             Societe Generale SA  415.89                          Banking  2026-04-07 72.12   2026-04-08 82.0 13.70 
 RIOT              Riot Platforms Inc   53.80                       Technology  2026-04-07 14.19  2026-04-08 16.11 13.53 
 VSEC                        VSE Corp   52.15              Aerospace & Defense 2026-04-07 185.89  2026-04-08 210.9 13.45 
 AAOI     Applied Optoelectronics Inc   88.46                   Communications 2026-04-07 117.64  2026-04-08 132.7 12.80 
 VICR                      Vicor Corp   72.52             Electrical Equipment 2026-04-07 159.83 2026-04-08 179.99 12.61 
  RPM           RPM International Inc  123.86                        Chemicals  2026-04-07 96.71 2026-04-08 108.72 12.42 
 FORM                  FormFactor Inc   81.91                   Semiconductors 2026-04-07 105.12  2026-04-08 117.8 12.06 
  TER                    Teradyne Inc  501.73                   Semiconductors 2026-04-07 320.48 2026-04-08 358.29 11.80 
 FIGR Figure Technology Solutions Inc   66.25               Financial Services  2026-04-07 30.77  2026-04-08 34.34 11.60 
 INTC                      Intel Corp 2642.85                   Semiconductors  2026-04-07 52.91  2026-04-08 58.95 11.42 
 COMP                     Compass Inc   50.26                      Real Estate   2026-04-07 6.68   2026-04-08 7.44 11.38 
  CCL                   Carnival Corp  348.58    Hotels, Restaurants & Leisure   2026-04-07 25.2  2026-04-08 28.03 11.23 
 STRL     Sterling Infrastructure Inc  117.13                     Construction 2026-04-07 382.22 2026-04-08 423.35 10.76 
 LEVI               Levi Strauss & Co   76.96 Textiles, Apparel & Luxury Goods  2026-04-07 19.71  2026-04-08 21.81 10.65 
 COHR                   Coherent Corp  478.27             Electrical Equipment  2026-04-07 255.1 2026-04-08 281.79 10.46 
 RMBS                      Rambus Inc   99.03                   Semiconductors  2026-04-07 91.87 2026-04-08 101.43 10.41 
 APLD            Applied Digital Corp   70.40                       Technology  2026-04-07 25.18  2026-04-08 27.79 10.37 
 CIEN                      Ciena Corp  633.30                   Communications 2026-04-07 447.88 2026-04-08 494.01 10.30 
  RRX              Regal Rexnord Corp  123.28             Electrical Equipment 2026-04-07 185.38 2026-04-08 204.15 10.13 

=== 市值超过100亿的涨幅榜前20名股票 ===
 股票代码             公司名称             市值(亿)                 板块                       昨天收盘              今天收盘       涨跌幅(%)
NETTF                 NetEase Inc  684.55                            Media   2026-04-07 19.4  2026-04-08 24.23 24.92 
SCGLF         Societe Generale SA  415.89                          Banking  2026-04-07 72.12   2026-04-08 82.0 13.70 
  RPM       RPM International Inc  123.86                        Chemicals  2026-04-07 96.71 2026-04-08 108.72 12.42 
  TER                Teradyne Inc  501.73                   Semiconductors 2026-04-07 320.48 2026-04-08 358.29 11.80 
 INTC                  Intel Corp 2642.85                   Semiconductors  2026-04-07 52.91  2026-04-08 58.95 11.42 
  CCL               Carnival Corp  348.58    Hotels, Restaurants & Leisure   2026-04-07 25.2  2026-04-08 28.03 11.23 
 STRL Sterling Infrastructure Inc  117.13                     Construction 2026-04-07 382.22 2026-04-08 423.35 10.76 
 COHR               Coherent Corp  478.27             Electrical Equipment  2026-04-07 255.1 2026-04-08 281.79 10.46 
 CIEN                  Ciena Corp  633.30                   Communications 2026-04-07 447.88 2026-04-08 494.01 10.30 
  RRX          Regal Rexnord Corp  123.28             Electrical Equipment 2026-04-07 185.38 2026-04-08 204.15 10.13 
 AMKR        Amkor Technology Inc  117.77                   Semiconductors  2026-04-07 47.62  2026-04-08 52.42 10.08 
 LSCC  Lattice Semiconductor Corp  132.54                   Semiconductors  2026-04-07 96.84 2026-04-08 106.56 10.04 
 LRCX           Lam Research Corp 2801.62                   Semiconductors 2026-04-07 224.35 2026-04-08 246.49  9.87 
 SNDK                Sandisk Corp 1049.15                       Technology  2026-04-07 710.8  2026-04-08 780.9  9.86 
 LITE       Lumentum Holdings Inc  582.45                   Communications 2026-04-07 815.75 2026-04-08 896.02  9.84 
 ONTO         Onto Innovation Inc  108.90                   Semiconductors 2026-04-07 219.11 2026-04-08 240.49  9.76 
  MOD     Modine Manufacturing Co  112.84                         Building  2026-04-07 214.0 2026-04-08 234.84  9.74 
   FN                    Fabrinet  199.81             Electrical Equipment 2026-04-07 557.72 2026-04-08 610.18  9.41 
 ENTG                Entegris Inc  180.20                   Semiconductors 2026-04-07 118.55  2026-04-08 129.6  9.32 
  QXO                     QXO Inc  133.35 Trading Companies & Distributors  2026-04-07 18.82  2026-04-08 20.52  9.03 

=== 市值超过200亿的涨幅榜前20名股票 ===
 股票代码             公司名称              市值(亿)                板块                     昨天收盘               今天收盘        涨跌幅(%)
NETTF                  NetEase Inc  684.55                         Media    2026-04-07 19.4   2026-04-08 24.23 24.92 
SCGLF          Societe Generale SA  415.89                       Banking   2026-04-07 72.12    2026-04-08 82.0 13.70 
  TER                 Teradyne Inc  501.73                Semiconductors  2026-04-07 320.48  2026-04-08 358.29 11.80 
 INTC                   Intel Corp 2642.85                Semiconductors   2026-04-07 52.91   2026-04-08 58.95 11.42 
  CCL                Carnival Corp  348.58 Hotels, Restaurants & Leisure    2026-04-07 25.2   2026-04-08 28.03 11.23 
 COHR                Coherent Corp  478.27          Electrical Equipment   2026-04-07 255.1  2026-04-08 281.79 10.46 
 CIEN                   Ciena Corp  633.30                Communications  2026-04-07 447.88  2026-04-08 494.01 10.30 
 LRCX            Lam Research Corp 2801.62                Semiconductors  2026-04-07 224.35  2026-04-08 246.49  9.87 
 SNDK                 Sandisk Corp 1049.15                    Technology   2026-04-07 710.8   2026-04-08 780.9  9.86 
 LITE        Lumentum Holdings Inc  582.45                Communications  2026-04-07 815.75  2026-04-08 896.02  9.84 
  VIK          Viking Holdings Ltd  318.65 Hotels, Restaurants & Leisure   2026-04-07 71.48   2026-04-08 77.89  8.97 
 AMAT        Applied Materials Inc 2811.84                Semiconductors  2026-04-07 354.31  2026-04-08 385.72  8.87 
  GFS          GlobalFoundries Inc  244.43                Semiconductors   2026-04-07 43.93    2026-04-08 47.8  8.81 
    Q        Qnity Electronics Inc  249.47                Semiconductors  2026-04-07 118.99  2026-04-08 129.34  8.70 
 ANET          Arista Networks Inc 1679.24                Communications  2026-04-07 133.64  2026-04-08 145.07  8.55 
  PPG           PPG Industries Inc  228.50                     Chemicals  2026-04-07 102.24  2026-04-08 110.47  8.05 
   BE            Bloom Energy Corp  381.29          Electrical Equipment  2026-04-07 135.91  2026-04-08 146.78  8.00 
 KLAC                     KLA Corp 2030.18                Semiconductors 2026-04-07 1548.85 2026-04-08 1672.34  7.97 
  UAL United Airlines Holdings Inc  288.79                      Airlines   2026-04-07 89.29    2026-04-08 96.3  7.85 
 FTAI            FTAI Aviation Ltd  247.22           Aerospace & Defense  2026-04-07 241.02  2026-04-08 259.63  7.72 

=== 市值超过1000亿的涨跌榜前20名股票 ===
 股票代码                 公司名称                 市值(亿)                  板块                       昨天收盘               今天收盘        涨跌幅(%)
 INTC                          Intel Corp  2642.85                   Semiconductors   2026-04-07 52.91   2026-04-08 58.95 11.42 
 LRCX                   Lam Research Corp  2801.62                   Semiconductors  2026-04-07 224.35  2026-04-08 246.49  9.87 
 SNDK                        Sandisk Corp  1049.15                       Technology   2026-04-07 710.8   2026-04-08 780.9  9.86 
 AMAT               Applied Materials Inc  2811.84                   Semiconductors  2026-04-07 354.31  2026-04-08 385.72  8.87 
 ANET                 Arista Networks Inc  1679.24                   Communications  2026-04-07 133.64  2026-04-08 145.07  8.55 
 KLAC                            KLA Corp  2030.18                   Semiconductors 2026-04-07 1548.85 2026-04-08 1672.34  7.97 
   MU               Micron Technology Inc  4258.10                   Semiconductors  2026-04-07 377.58  2026-04-08 406.73  7.72 
 SCCO                Southern Copper Corp  1424.99                  Metals & Mining  2026-04-07 173.97  2026-04-08 187.17  7.59 
HESAF            Hermes International SCA  1744.93 Textiles, Apparel & Luxury Goods 2026-04-07 1919.23  2026-04-08 2060.0  7.33 
  VRT                  Vertiv Holdings Co  1003.56             Electrical Equipment   2026-04-07 262.3  2026-04-08 281.03  7.14 
   GE                 General Electric Co  3026.88              Aerospace & Defense   2026-04-07 288.6  2026-04-08 308.06  6.74 
LVMHF LVMH Moet Hennessy Louis Vuitton SE  2341.54 Textiles, Apparel & Luxury Goods  2026-04-07 544.52   2026-04-08 580.0  6.52 
  CAT                     Caterpillar Inc  3370.73                        Machinery  2026-04-07 724.44  2026-04-08 771.58  6.51 
 META                  Meta Platforms Inc 14546.21                            Media  2026-04-07 575.05  2026-04-08 612.42  6.50 
ASMLF                     ASML Holding NV  4434.84                   Semiconductors 2026-04-07 1314.99  2026-04-08 1398.0  6.31 
  COF          Capital One Financial Corp  1126.63               Financial Services  2026-04-07 181.15  2026-04-08 192.46  6.24 
 IBKR       Interactive Brokers Group Inc  1155.38               Financial Services   2026-04-07 68.11   2026-04-08 72.31  6.17 
  STX     Seagate Technology Holdings PLC  1022.15                       Technology  2026-04-07 468.72   2026-04-08 496.3  5.88 
   PH                Parker-Hannifin Corp  1152.32                        Machinery  2026-04-07 912.97  2026-04-08 966.05  5.81 
   DE                          Deere & Co  1555.82                        Machinery   2026-04-07 576.0  2026-04-08 609.32  5.78 
