
=== 涨幅榜前20名股票 ===
 股票代码                     公司名称                     市值(亿)                 板块                       昨天收盘              今天收盘       涨跌幅(%)
  NCI Neo-Concept International Group Holdings Ltd   0.03 Textiles, Apparel & Luxury Goods   2026-02-10 0.78   2026-02-11 2.64 238.46
 DXST                           Decent Holding Inc   0.04   Commercial Services & Supplies   2026-02-10 0.17   2026-02-11 0.31  79.31
 COCH                            Envoy Medical Inc   0.19                      Health Care   2026-02-10 0.39   2026-02-11 0.66  69.15
 RENX                        RenX Enterprises Corp   0.01                      Real Estate   2026-02-10 0.14   2026-02-11 0.21  51.57
FAASF                                DigiAsia Corp   0.00               Financial Services   2026-02-10 0.01   2026-02-11 0.01  45.71
 SUNE                          Sunation Energy Inc   0.05             Electrical Equipment   2026-02-10 1.49   2026-02-11 2.12  42.28
 MNTN                                     MNTN Inc   5.95                            Media   2026-02-10 8.13  2026-02-11 11.15  37.15
 HTLM                              HomesToLife Ltd   1.90                           Retail   2026-02-10 2.12    2026-02-11 2.9  37.03
  SIF                         SIFCO Industries Inc   0.40              Aerospace & Defense   2026-02-10 6.52   2026-02-11 8.85  35.74
 ILLR                            Triller Group Inc   0.48               Financial Services   2026-02-10 0.25   2026-02-11 0.32  30.61
  TDC                                Teradata Corp  27.24                       Technology  2026-02-10 29.23  2026-02-11 37.88  29.59
 DIOD                                   Diodes Inc  28.62                   Semiconductors   2026-02-10 61.7   2026-02-11 78.0  26.42
 PTIX                  Protagenic Therapeutics Inc   0.01                    Biotechnology   2026-02-10 0.38   2026-02-11 0.48  26.32
 AEHR                            Aehr Test Systems   8.22                   Semiconductors  2026-02-10 26.83  2026-02-11 33.85  26.16
SLOIF                                    Soitec SA  11.62                   Semiconductors  2026-02-10 36.89  2026-02-11 46.45  25.91
 ENFY                               Enlightify Inc   0.00                        Chemicals   2026-02-10 0.04   2026-02-11 0.05  24.50
  VRT                           Vertiv Holdings Co 772.32             Electrical Equipment 2026-02-10 199.62 2026-02-11 248.51  24.49
 RBKB                        Rhinebeck Bancorp Inc   1.36                          Banking  2026-02-10 12.22  2026-02-11 15.13  23.81
 PMNT                           Perfect Moment Ltd   0.10 Textiles, Apparel & Luxury Goods    2026-02-10 0.3   2026-02-11 0.37  23.80
 TMDE                               TMD Energy Ltd   0.12                           Energy    2026-02-10 0.5   2026-02-11 0.62  23.55

=== 市值超过20亿的涨幅榜前20名股票 ===
 股票代码              公司名称               市值(亿)                 板块                       昨天收盘              今天收盘       涨跌幅(%)
  TDC                  Teradata Corp   27.24                       Technology  2026-02-10 29.23  2026-02-11 37.88 29.59 
 DIOD                     Diodes Inc   28.62                   Semiconductors   2026-02-10 61.7   2026-02-11 78.0 26.42 
  VRT             Vertiv Holdings Co  772.32             Electrical Equipment 2026-02-10 199.62 2026-02-11 248.51 24.49 
 GNRC           Generac Holdings Inc  106.98             Electrical Equipment  2026-02-10 182.3 2026-02-11 214.99 17.93 
 HNGE               Hinge Health Inc   25.96                      Health Care  2026-02-10 33.05  2026-02-11 38.76 17.28 
  THC          Tenet Healthcare Corp  169.65                      Health Care 2026-02-10 193.04 2026-02-11 226.35 17.26 
  QXO                        QXO Inc  163.91 Trading Companies & Distributors  2026-02-10 23.21  2026-02-11 27.06 16.59 
  TEX                     Terex Corp   67.57                        Machinery  2026-02-10 59.26  2026-02-11 69.08 16.57 
  GFS            GlobalFoundries Inc  232.83                   Semiconductors   2026-02-10 41.9  2026-02-11 48.74 16.32 
 LSCC     Lattice Semiconductor Corp  124.41                   Semiconductors  2026-02-10 90.95 2026-02-11 105.77 16.29 
 BETA          BETA Technologies Inc   38.41              Aerospace & Defense  2026-02-10 16.77  2026-02-11 19.39 15.62 
  AGX                      Argan Inc   51.54                     Construction 2026-02-10 371.47  2026-02-11 422.5 13.74 
   NG         NovaGold Resources Inc   45.73                  Metals & Mining  2026-02-10 10.44  2026-02-11 11.77 12.74 
 ACMR               ACM Research Inc   40.82                   Semiconductors  2026-02-10 62.92  2026-02-11 70.68 12.33 
ESLOF            EssilorLuxottica SA 1177.40                      Health Care 2026-02-10 296.65  2026-02-11 333.0 12.25 
  VAL                    Valaris Ltd   55.53                           Energy  2026-02-10 79.81  2026-02-11 88.42 10.79 
 AEIS Advanced Energy Industries Inc  105.33             Electrical Equipment 2026-02-10 279.04 2026-02-11 308.77 10.65 
 SNDK                   Sandisk Corp  799.28                       Technology 2026-02-10 541.64 2026-02-11 599.34 10.65 
  RIG                 Transocean Ltd   59.92                           Energy   2026-02-10 5.44    2026-02-11 6.0 10.29 
   MU          Micron Technology Inc 4618.41                   Semiconductors 2026-02-10 373.25 2026-02-11 410.34  9.94 

=== 市值超过50亿的涨幅榜前20名股票 ===
 股票代码              公司名称               市值(亿)                 板块                       昨天收盘              今天收盘       涨跌幅(%)
  VRT             Vertiv Holdings Co  772.32             Electrical Equipment 2026-02-10 199.62 2026-02-11 248.51 24.49 
 GNRC           Generac Holdings Inc  106.98             Electrical Equipment  2026-02-10 182.3 2026-02-11 214.99 17.93 
  THC          Tenet Healthcare Corp  169.65                      Health Care 2026-02-10 193.04 2026-02-11 226.35 17.26 
  QXO                        QXO Inc  163.91 Trading Companies & Distributors  2026-02-10 23.21  2026-02-11 27.06 16.59 
  TEX                     Terex Corp   67.57                        Machinery  2026-02-10 59.26  2026-02-11 69.08 16.57 
  GFS            GlobalFoundries Inc  232.83                   Semiconductors   2026-02-10 41.9  2026-02-11 48.74 16.32 
 LSCC     Lattice Semiconductor Corp  124.41                   Semiconductors  2026-02-10 90.95 2026-02-11 105.77 16.29 
  AGX                      Argan Inc   51.54                     Construction 2026-02-10 371.47  2026-02-11 422.5 13.74 
ESLOF            EssilorLuxottica SA 1177.40                      Health Care 2026-02-10 296.65  2026-02-11 333.0 12.25 
  VAL                    Valaris Ltd   55.53                           Energy  2026-02-10 79.81  2026-02-11 88.42 10.79 
 AEIS Advanced Energy Industries Inc  105.33             Electrical Equipment 2026-02-10 279.04 2026-02-11 308.77 10.65 
 SNDK                   Sandisk Corp  799.28                       Technology 2026-02-10 541.64 2026-02-11 599.34 10.65 
  RIG                 Transocean Ltd   59.92                           Energy   2026-02-10 5.44    2026-02-11 6.0 10.29 
   MU          Micron Technology Inc 4618.41                   Semiconductors 2026-02-10 373.25 2026-02-11 410.34  9.94 
 SITE   SiteOne Landscape Supply Inc   72.71 Trading Companies & Distributors 2026-02-10 148.78 2026-02-11 163.25  9.73 
  GXO              GXO Logistics Inc   66.41       Logistics & Transportation   2026-02-10 58.0  2026-02-11 63.35  9.22 
  UHS  Universal Health Services Inc  132.92                      Health Care 2026-02-10 212.78 2026-02-11 231.32  8.71 
  HCA             HCA Healthcare Inc 1145.32                      Health Care 2026-02-10 502.05 2026-02-11 531.47  5.86 
 GILD            Gilead Sciences Inc 1826.65                    Biotechnology 2026-02-10 147.23  2026-02-11 155.8  5.82 
   ON          ON Semiconductor Corp  271.12                   Semiconductors  2026-02-10 67.38  2026-02-11 71.18  5.64 

=== 市值超过100亿的涨幅榜前20名股票 ===
 股票代码              公司名称               市值(亿)                 板块                       昨天收盘               今天收盘        涨跌幅(%)
  VRT             Vertiv Holdings Co  772.32             Electrical Equipment  2026-02-10 199.62  2026-02-11 248.51 24.49 
 GNRC           Generac Holdings Inc  106.98             Electrical Equipment   2026-02-10 182.3  2026-02-11 214.99 17.93 
  THC          Tenet Healthcare Corp  169.65                      Health Care  2026-02-10 193.04  2026-02-11 226.35 17.26 
  QXO                        QXO Inc  163.91 Trading Companies & Distributors   2026-02-10 23.21   2026-02-11 27.06 16.59 
  GFS            GlobalFoundries Inc  232.83                   Semiconductors    2026-02-10 41.9   2026-02-11 48.74 16.32 
 LSCC     Lattice Semiconductor Corp  124.41                   Semiconductors   2026-02-10 90.95  2026-02-11 105.77 16.29 
ESLOF            EssilorLuxottica SA 1177.40                      Health Care  2026-02-10 296.65   2026-02-11 333.0 12.25 
 AEIS Advanced Energy Industries Inc  105.33             Electrical Equipment  2026-02-10 279.04  2026-02-11 308.77 10.65 
 SNDK                   Sandisk Corp  799.28                       Technology  2026-02-10 541.64  2026-02-11 599.34 10.65 
   MU          Micron Technology Inc 4618.41                   Semiconductors  2026-02-10 373.25  2026-02-11 410.34  9.94 
  UHS  Universal Health Services Inc  132.92                      Health Care  2026-02-10 212.78  2026-02-11 231.32  8.71 
  HCA             HCA Healthcare Inc 1145.32                      Health Care  2026-02-10 502.05  2026-02-11 531.47  5.86 
 GILD            Gilead Sciences Inc 1826.65                    Biotechnology  2026-02-10 147.23   2026-02-11 155.8  5.82 
   ON          ON Semiconductor Corp  271.12                   Semiconductors   2026-02-10 67.38   2026-02-11 71.18  5.64 
   SN                 Sharkninja Inc  167.46                Consumer products  2026-02-10 118.64  2026-02-11 125.31  5.62 
 NXPI          NXP Semiconductors NV  595.51                   Semiconductors  2026-02-10 236.62  2026-02-11 249.75  5.55 
 SITM                    SiTime Corp  107.99                   Semiconductors  2026-02-10 413.76  2026-02-11 436.28  5.44 
  FIX        Comfort Systems USA Inc  447.82                     Construction 2026-02-10 1269.63 2026-02-11 1338.65  5.44 
  TER                   Teradyne Inc  477.48                   Semiconductors  2026-02-10 304.89  2026-02-11 321.45  5.43 
  PAG    Penske Automotive Group Inc  108.27                           Retail   2026-02-10 164.4  2026-02-11 173.22  5.36 

=== 市值超过200亿的涨幅榜前20名股票 ===
 股票代码               公司名称                市值(亿)           板块                 昨天收盘               今天收盘        涨跌幅(%)
  VRT               Vertiv Holdings Co  772.32 Electrical Equipment  2026-02-10 199.62  2026-02-11 248.51 24.49 
  GFS              GlobalFoundries Inc  232.83       Semiconductors    2026-02-10 41.9   2026-02-11 48.74 16.32 
ESLOF              EssilorLuxottica SA 1177.40          Health Care  2026-02-10 296.65   2026-02-11 333.0 12.25 
 SNDK                     Sandisk Corp  799.28           Technology  2026-02-10 541.64  2026-02-11 599.34 10.65 
   MU            Micron Technology Inc 4618.41       Semiconductors  2026-02-10 373.25  2026-02-11 410.34  9.94 
  HCA               HCA Healthcare Inc 1145.32          Health Care  2026-02-10 502.05  2026-02-11 531.47  5.86 
 GILD              Gilead Sciences Inc 1826.65        Biotechnology  2026-02-10 147.23   2026-02-11 155.8  5.82 
   ON            ON Semiconductor Corp  271.12       Semiconductors   2026-02-10 67.38   2026-02-11 71.18  5.64 
 NXPI            NXP Semiconductors NV  595.51       Semiconductors  2026-02-10 236.62  2026-02-11 249.75  5.55 
  FIX          Comfort Systems USA Inc  447.82         Construction 2026-02-10 1269.63 2026-02-11 1338.65  5.44 
  TER                     Teradyne Inc  477.48       Semiconductors  2026-02-10 304.89  2026-02-11 321.45  5.43 
  NET                   Cloudflare Inc  630.44           Technology  2026-02-10 179.98  2026-02-11 189.41  5.24 
  BDX          Becton Dickinson and Co  489.13          Health Care  2026-02-10 171.68  2026-02-11 180.62  5.21 
 TMUS                  T-Mobile US Inc 2230.64    Telecommunication  2026-02-10 199.43  2026-02-11 209.54  5.07 
 MCHP         Microchip Technology Inc  415.92       Semiconductors   2026-02-10 76.86   2026-02-11 80.75  5.06 
  ETN            Eaton Corporation PLC 1466.09 Electrical Equipment  2026-02-10 377.47  2026-02-11 396.09  4.93 
  EOG                EOG Resources Inc  641.46               Energy   2026-02-10 112.7  2026-02-11 118.22  4.90 
    Q            Qnity Electronics Inc  228.94       Semiconductors   2026-02-10 109.3  2026-02-11 114.51  4.77 
   BE                Bloom Energy Corp  351.60 Electrical Equipment   2026-02-10 148.7  2026-02-11 155.54  4.60 
  AIG American International Group Inc  404.68            Insurance    2026-02-10 75.0   2026-02-11 78.44  4.59 

=== 市值超过1000亿的涨跌榜前20名股票 ===
 股票代码            公司名称             市值(亿)           板块                 昨天收盘               今天收盘       涨跌幅(%)
ESLOF        EssilorLuxottica SA 1177.40          Health Care  2026-02-10 296.65  2026-02-11 333.0 12.25 
   MU      Micron Technology Inc 4618.41       Semiconductors  2026-02-10 373.25 2026-02-11 410.34  9.94 
  HCA         HCA Healthcare Inc 1145.32          Health Care  2026-02-10 502.05 2026-02-11 531.47  5.86 
 GILD        Gilead Sciences Inc 1826.65        Biotechnology  2026-02-10 147.23  2026-02-11 155.8  5.82 
 TMUS            T-Mobile US Inc 2230.64    Telecommunication  2026-02-10 199.43 2026-02-11 209.54  5.07 
  ETN      Eaton Corporation PLC 1466.09 Electrical Equipment  2026-02-10 377.47 2026-02-11 396.09  4.93 
  CAT            Caterpillar Inc 3474.14            Machinery  2026-02-10 742.37  2026-02-11 775.0  4.40 
  GEV             GE Vernova Inc 2220.03 Electrical Equipment  2026-02-10 790.79 2026-02-11 823.67  4.16 
  TTE           TotalEnergies SE 1351.00               Energy   2026-02-10 74.63  2026-02-11 77.72  4.14 
    T                   AT&T Inc 1943.22    Telecommunication   2026-02-10 27.41  2026-02-11 28.47  3.87 
 SCCO       Southern Copper Corp 1705.97      Metals & Mining   2026-02-10 198.9 2026-02-11 206.52  3.83 
 LRCX          Lam Research Corp 2829.84       Semiconductors  2026-02-10 226.61 2026-02-11 235.12  3.76 
  ADI         Analog Devices Inc 1588.82       Semiconductors  2026-02-10 325.16  2026-02-11 337.0  3.64 
  COP             ConocoPhillips 1328.40               Energy   2026-02-10 107.5 2026-02-11 111.21  3.45 
 KLAC                   KLA Corp 1875.50       Semiconductors 2026-02-10 1430.84 2026-02-11 1479.5  3.40 
   VZ Verizon Communications Inc 1982.83    Telecommunication   2026-02-10 47.39  2026-02-11 48.97  3.33 
 AMAT      Applied Materials Inc 2695.06       Semiconductors  2026-02-10 329.07 2026-02-11 339.88  3.29 
   DE                 Deere & Co 1660.85            Machinery  2026-02-10 593.41 2026-02-11 612.69  3.25 
SBGSF      Schneider Electric SE 1446.65 Electrical Equipment   2026-02-10 308.0  2026-02-11 317.5  3.08 
  PGR           Progressive Corp 1188.04            Insurance   2026-02-10 202.6 2026-02-11 208.37  2.85 
