
=== 涨幅榜前20名股票 ===
股票代码                 公司名称                市值(亿)               板块                     昨天收盘            今天收盘      涨跌幅(%)
PTPI          Petros Pharmaceuticals Inc  0.02                Pharmaceuticals 2025-03-25 0.06 2025-03-26 0.14 132.76
VVPR         VivoPower International PLC  0.18                      Utilities 2025-03-25 2.26 2025-03-26 4.18  84.96
SURG                       Surgepays Inc  0.47              Telecommunication 2025-03-25 1.38 2025-03-26 2.35  70.29
 AQB         AquaBounty Technologies Inc  0.04                  Biotechnology 2025-03-25 0.68 2025-03-26 1.02  50.66
OCEA                Ocean Biomedical Inc  0.11                  Biotechnology 2025-03-25 0.06 2025-03-26 0.08  46.84
EDBL                Edible Garden AG Inc  0.04                  Food Products 2025-03-25 2.89 2025-03-26 3.84  32.70
HOUR                       Hour Loop Inc  0.54                         Retail 2025-03-25 1.58  2025-03-26 2.0  26.58
BNZI            Banzai International Inc  0.12                     Technology 2025-03-25 1.03  2025-03-26 1.3  26.21
 ULY                       Urgent.ly Inc  0.07                     Technology 2025-03-25 3.91 2025-03-26 4.84  23.79
AREB         American Rebel Holdings Inc  0.00 Commercial Services & Supplies 2025-03-25 0.11 2025-03-26 0.14  23.64
ALMS                          Alumis Inc  2.25                Pharmaceuticals  2025-03-25 4.0 2025-03-26 4.92  23.00
 LYT Lytus Technologies Holdings Ptv Ltd  0.02                          Media 2025-03-25 0.05 2025-03-26 0.06  22.16
 DMN                           Damon Inc  0.01                    Automobiles 2025-03-25 0.03 2025-03-26 0.04  21.56
LICN            Lichen International Ltd  0.03          Professional Services  2025-03-25 3.8  2025-03-26 4.6  21.05
PLTK               Playtika Holding Corp 20.25                          Media  2025-03-25 4.4  2025-03-26 5.3  20.45
NVFY                  Nova LifeStyle Inc  0.05              Consumer products  2025-03-25 0.6 2025-03-26 0.72  20.00
PITA                Heramba Electric PLC  0.12           Electrical Equipment 2025-03-25 0.24 2025-03-26 0.28  19.03
 BOF                  BranchOut Food Inc  0.21                  Food Products 2025-03-25 2.23 2025-03-26 2.65  18.83
DGLY                    Digital Ally Inc  0.03           Electrical Equipment 2025-03-25 0.04 2025-03-26 0.05  18.75
ATNM        Actinium Pharmaceuticals Inc  0.66                  Biotechnology 2025-03-25 1.58 2025-03-26 1.87  18.35

=== 市值超过20亿的涨幅榜前20名股票 ===
 股票代码              公司名称             市值(亿)                板块                      昨天收盘              今天收盘       涨跌幅(%)
 PLTK         Playtika Holding Corp  20.25                          Media    2025-03-25 4.4    2025-03-26 5.3 20.45 
  GME                 GameStop Corp 130.11                         Retail   2025-03-25 25.4  2025-03-26 28.36 11.65 
 DGNX                   Diginex Ltd  22.19                     Technology  2025-03-25 96.99 2025-03-26 107.29 10.62 
 CTAS                   Cintas Corp 835.32 Commercial Services & Supplies 2025-03-25 193.46 2025-03-26 204.71  5.82 
 GRAB             Grab Holdings Ltd 191.28                    Road & Rail   2025-03-25 4.54   2025-03-26 4.78  5.29 
  ASH                   Ashland Inc  28.24                      Chemicals  2025-03-25 56.93  2025-03-26 59.72  4.90 
 PAYX                   Paychex Inc 538.02          Professional Services 2025-03-25 144.13 2025-03-26 150.19  4.20 
  MOH         Molina Healthcare Inc 175.34                    Health Care 2025-03-25 310.53 2025-03-26 323.44  4.16 
THLEF                     Thales SA 510.09            Aerospace & Defense 2025-03-25 269.64  2025-03-26 280.0  3.84 
  CAR         Avis Budget Group Inc  20.92                    Road & Rail  2025-03-25 59.48  2025-03-26 61.55  3.48 
  SYY                    Sysco Corp 351.33                         Retail  2025-03-25 70.39  2025-03-26 72.75  3.35 
  PII                   Polaris Inc  23.69               Leisure Products  2025-03-25 41.62  2025-03-26 42.96  3.22 
  STZ      Constellation Brands Inc 328.92                      Beverages 2025-03-25 178.36 2025-03-26 184.11  3.22 
 DLTR               Dollar Tree Inc 149.16                         Retail  2025-03-25 67.14  2025-03-26 69.21  3.08 
  TAP      Molson Coors Beverage Co 122.09                      Beverages  2025-03-25 58.76  2025-03-26 60.56  3.06 
  PPC           Pilgrims Pride Corp 123.88                  Food Products  2025-03-25 51.07  2025-03-26 52.59  2.98 
  SFD          Smithfield Foods Inc  78.11                  Food Products  2025-03-25 19.14  2025-03-26 19.71  2.98 
 ACHC Acadia Healthcare Company Inc  27.39                    Health Care  2025-03-25 28.81  2025-03-26 29.66  2.95 
  EXC                   Exelon Corp 442.83                      Utilities  2025-03-25 42.76  2025-03-26 44.02  2.95 
  HRB               H & R Block Inc  71.23  Diversified Consumer Services  2025-03-25 52.56  2025-03-26 54.07  2.87 

=== 市值超过50亿的涨幅榜前20名股票 ===
 股票代码           公司名称           市值(亿)                板块                      昨天收盘              今天收盘       涨跌幅(%)
  GME            GameStop Corp 130.11                         Retail   2025-03-25 25.4  2025-03-26 28.36 11.65 
 CTAS              Cintas Corp 835.32 Commercial Services & Supplies 2025-03-25 193.46 2025-03-26 204.71  5.82 
 GRAB        Grab Holdings Ltd 191.28                    Road & Rail   2025-03-25 4.54   2025-03-26 4.78  5.29 
 PAYX              Paychex Inc 538.02          Professional Services 2025-03-25 144.13 2025-03-26 150.19  4.20 
  MOH    Molina Healthcare Inc 175.34                    Health Care 2025-03-25 310.53 2025-03-26 323.44  4.16 
THLEF                Thales SA 510.09            Aerospace & Defense 2025-03-25 269.64  2025-03-26 280.0  3.84 
  SYY               Sysco Corp 351.33                         Retail  2025-03-25 70.39  2025-03-26 72.75  3.35 
  STZ Constellation Brands Inc 328.92                      Beverages 2025-03-25 178.36 2025-03-26 184.11  3.22 
 DLTR          Dollar Tree Inc 149.16                         Retail  2025-03-25 67.14  2025-03-26 69.21  3.08 
  TAP Molson Coors Beverage Co 122.09                      Beverages  2025-03-25 58.76  2025-03-26 60.56  3.06 
  PPC      Pilgrims Pride Corp 123.88                  Food Products  2025-03-25 51.07  2025-03-26 52.59  2.98 
  SFD     Smithfield Foods Inc  78.11                  Food Products  2025-03-25 19.14  2025-03-26 19.71  2.98 
  EXC              Exelon Corp 442.83                      Utilities  2025-03-25 42.76  2025-03-26 44.02  2.95 
  HRB          H & R Block Inc  71.23  Diversified Consumer Services  2025-03-25 52.56  2025-03-26 54.07  2.87 
  SJM           J M Smucker Co 120.41                  Food Products 2025-03-25 111.35 2025-03-26 114.48  2.81 
LBRDA   Liberty Broadband Corp 125.98                          Media  2025-03-25 86.04  2025-03-26 88.43  2.78 
  TSN          Tyson Foods Inc 213.92                  Food Products  2025-03-25 59.95  2025-03-26 61.59  2.74 
   CL     Colgate-Palmolive Co 738.17              Consumer products  2025-03-25 89.59  2025-03-26 92.03  2.72 
  CNC             Centene Corp 301.15                    Health Care  2025-03-25 58.94  2025-03-26 60.54  2.71 
LBRDK   Liberty Broadband Corp 125.98                          Media  2025-03-25 86.31  2025-03-26 88.64  2.70 

=== 市值超过100亿的涨幅榜前20名股票 ===
 股票代码             公司名称            市值(亿)                板块                      昨天收盘              今天收盘       涨跌幅(%)
  GME               GameStop Corp 130.11                         Retail   2025-03-25 25.4  2025-03-26 28.36 11.65 
 CTAS                 Cintas Corp 835.32 Commercial Services & Supplies 2025-03-25 193.46 2025-03-26 204.71  5.82 
 GRAB           Grab Holdings Ltd 191.28                    Road & Rail   2025-03-25 4.54   2025-03-26 4.78  5.29 
 PAYX                 Paychex Inc 538.02          Professional Services 2025-03-25 144.13 2025-03-26 150.19  4.20 
  MOH       Molina Healthcare Inc 175.34                    Health Care 2025-03-25 310.53 2025-03-26 323.44  4.16 
THLEF                   Thales SA 510.09            Aerospace & Defense 2025-03-25 269.64  2025-03-26 280.0  3.84 
  SYY                  Sysco Corp 351.33                         Retail  2025-03-25 70.39  2025-03-26 72.75  3.35 
  STZ    Constellation Brands Inc 328.92                      Beverages 2025-03-25 178.36 2025-03-26 184.11  3.22 
 DLTR             Dollar Tree Inc 149.16                         Retail  2025-03-25 67.14  2025-03-26 69.21  3.08 
  TAP    Molson Coors Beverage Co 122.09                      Beverages  2025-03-25 58.76  2025-03-26 60.56  3.06 
  PPC         Pilgrims Pride Corp 123.88                  Food Products  2025-03-25 51.07  2025-03-26 52.59  2.98 
  EXC                 Exelon Corp 442.83                      Utilities  2025-03-25 42.76  2025-03-26 44.02  2.95 
  SJM              J M Smucker Co 120.41                  Food Products 2025-03-25 111.35 2025-03-26 114.48  2.81 
LBRDA      Liberty Broadband Corp 125.98                          Media  2025-03-25 86.04  2025-03-26 88.43  2.78 
  TSN             Tyson Foods Inc 213.92                  Food Products  2025-03-25 59.95  2025-03-26 61.59  2.74 
   CL        Colgate-Palmolive Co 738.17              Consumer products  2025-03-25 89.59  2025-03-26 92.03  2.72 
  CNC                Centene Corp 301.15                    Health Care  2025-03-25 58.94  2025-03-26 60.54  2.71 
LBRDK      Liberty Broadband Corp 125.98                          Media  2025-03-25 86.31  2025-03-26 88.64  2.70 
  HRL           Hormel Foods Corp 161.84                  Food Products  2025-03-25 28.81  2025-03-26 29.58  2.67 
 JKHY Jack Henry & Associates Inc 128.58             Financial Services 2025-03-25 174.78 2025-03-26 179.39  2.64 

=== 市值超过200亿的涨幅榜前20名股票 ===
 股票代码            公司名称             市值(亿)                板块                      昨天收盘              今天收盘       涨跌幅(%)
 CTAS                Cintas Corp  835.32 Commercial Services & Supplies 2025-03-25 193.46 2025-03-26 204.71  5.82 
 PAYX                Paychex Inc  538.02          Professional Services 2025-03-25 144.13 2025-03-26 150.19  4.20 
THLEF                  Thales SA  510.09            Aerospace & Defense 2025-03-25 269.64  2025-03-26 280.0  3.84 
  SYY                 Sysco Corp  351.33                         Retail  2025-03-25 70.39  2025-03-26 72.75  3.35 
  STZ   Constellation Brands Inc  328.92                      Beverages 2025-03-25 178.36 2025-03-26 184.11  3.22 
  EXC                Exelon Corp  442.83                      Utilities  2025-03-25 42.76  2025-03-26 44.02  2.95 
  TSN            Tyson Foods Inc  213.92                  Food Products  2025-03-25 59.95  2025-03-26 61.59  2.74 
   CL       Colgate-Palmolive Co  738.17              Consumer products  2025-03-25 89.59  2025-03-26 92.03  2.72 
  CNC               Centene Corp  301.15                    Health Care  2025-03-25 58.94  2025-03-26 60.54  2.71 
   KR                  Kroger Co  473.67                         Retail  2025-03-25 64.34  2025-03-26 66.03  2.63 
 CHTR Charter Communications Inc  606.09                          Media 2025-03-25 375.01 2025-03-26 384.77  2.60 
 MDLZ Mondelez International Inc  845.25                  Food Products  2025-03-25 64.69  2025-03-26 66.33  2.54 
  SRE                     Sempra  457.65                      Utilities  2025-03-25 69.11  2025-03-26 70.77  2.40 
 BIIB                 Biogen Inc  204.85                  Biotechnology 2025-03-25 139.16 2025-03-26 142.43  2.35 
   PG        Procter & Gamble Co 3871.23              Consumer products 2025-03-25 162.85 2025-03-26 166.58  2.29 
  ADM  Archer-Daniels-Midland Co  224.36                  Food Products  2025-03-25 46.05  2025-03-26 47.07  2.21 
  GIS          General Mills Inc  320.43                  Food Products  2025-03-25 57.79  2025-03-26 59.07  2.21 
 SBUX             Starbucks Corp 1109.66  Hotels, Restaurants & Leisure  2025-03-25 95.88  2025-03-26 97.97  2.18 
  MCD            McDonald's Corp 2229.46  Hotels, Restaurants & Leisure 2025-03-25 306.92 2025-03-26 313.58  2.17 
  PEP                PepsiCo Inc 2027.28                      Beverages 2025-03-25 145.54 2025-03-26 148.64  2.13 

=== 市值超过1000亿的涨跌榜前20名股票 ===
 股票代码               公司名称               市值(亿)                板块                     昨天收盘              今天收盘       涨跌幅(%)
   PG             Procter & Gamble Co 3871.23             Consumer products 2025-03-25 162.85 2025-03-26 166.58  2.29 
 SBUX                  Starbucks Corp 1109.66 Hotels, Restaurants & Leisure  2025-03-25 95.88  2025-03-26 97.97  2.18 
  MCD                 McDonald's Corp 2229.46 Hotels, Restaurants & Leisure 2025-03-25 306.92 2025-03-26 313.58  2.17 
  PEP                     PepsiCo Inc 2027.28                     Beverages 2025-03-25 145.54 2025-03-26 148.64  2.13 
   KO                    Coca-Cola Co 2993.99                     Beverages  2025-03-25 68.81  2025-03-26 70.02  1.76 
  NEE              Nextera Energy Inc 1419.28                     Utilities  2025-03-25 68.59  2025-03-26 69.73  1.66 
   VZ      Verizon Communications Inc 1850.80             Telecommunication  2025-03-25 43.49  2025-03-26 44.18  1.59 
 TMUS                 T-Mobile US Inc 2998.51             Telecommunication 2025-03-25 258.75 2025-03-26 262.51  1.45 
  XOM                Exxon Mobil Corp 5144.49                        Energy 2025-03-25 116.59 2025-03-26 118.27  1.44 
   PM Philip Morris International Inc 2389.66                       Tobacco 2025-03-25 152.21 2025-03-26 154.33  1.39 
   CB                       Chubb Ltd 1181.70                     Insurance  2025-03-25 291.4 2025-03-26 295.32  1.35 
 CSCO               Cisco Systems Inc 2446.45                Communications  2025-03-25 60.99   2025-03-26 61.8  1.33 
 GILD             Gilead Sciences Inc 1360.35                 Biotechnology 2025-03-25 107.89 2025-03-26 109.27  1.28 
    T                        AT&T Inc 1985.66             Telecommunication  2025-03-25 27.31  2025-03-26 27.65  1.24 
  CVX                    Chevron Corp 2959.92                        Energy 2025-03-25 165.94 2025-03-26 167.97  1.22 
CMCSA                    Comcast Corp 1421.66                         Media  2025-03-25 36.94  2025-03-26 37.37  1.16 
  ADP   Automatic Data Processing Inc 1237.07         Professional Services 2025-03-25 299.38 2025-03-26 302.41  1.01 
   DE                      Deere & Co 1309.79                     Machinery 2025-03-25 478.93 2025-03-26 483.62  0.98 
  UNP              Union Pacific Corp 1437.69                   Road & Rail 2025-03-25 235.79 2025-03-26 238.03  0.95 
  UNH          UnitedHealth Group Inc 4721.84                   Health Care 2025-03-25 513.43  2025-03-26 518.2  0.93 
