
=== 涨幅榜前20名股票 ===
股票代码            公司名称            市值(亿)               板块                    昨天收盘             今天收盘       涨跌幅(%)
NKTR        Nektar Therapeutics  1.06               Pharmaceuticals  2025-06-23 9.54 2025-06-24 24.45 156.29
ONMD             Onemednet Corp  0.17                   Health Care  2025-06-23 0.34  2025-06-24 0.68 100.65
YAAS      Youxin Technology Ltd  0.97                    Technology  2025-06-23 2.86  2025-06-24 5.58  95.45
SRFM      Surf Air Mobility Inc  0.45                      Airlines  2025-06-23 1.91   2025-06-24 3.6  88.48
EYEN               Eyenovia Inc  0.20               Pharmaceuticals  2025-06-23 5.48  2025-06-24 9.02  64.60
 INM  InMed Pharmaceuticals Inc  0.03               Pharmaceuticals  2025-06-23 2.45  2025-06-24 3.87  57.96
AIFU                   AIFU Inc  0.26                     Insurance  2025-06-23 4.23  2025-06-24 6.17  45.86
  NA              Nano Labs Ltd  2.09                Semiconductors 2025-06-23 10.89 2025-06-24 14.85  36.36
RZLV             Rezolve AI PLC  6.42                    Technology  2025-06-23 2.04  2025-06-24 2.78  36.27
CREV      Carbon Revolution PLC  0.05               Auto Components  2025-06-23 2.25  2025-06-24 3.02  34.22
VSME      VS Media Holdings Ltd  0.08                         Media  2025-06-23 0.81  2025-06-24 1.07  32.10
 GNS           Genius Group Ltd  0.40 Diversified Consumer Services  2025-06-23 0.53   2025-06-24 0.7  30.52
LMFA     LM Funding America Inc  0.09                    Technology  2025-06-23 1.72  2025-06-24 2.21  28.49
AMLX Amylyx Pharmaceuticals Inc  4.86               Pharmaceuticals  2025-06-23 5.02  2025-06-24 6.41  27.69
SKYE        Skye Bioscience Inc  0.98                 Biotechnology  2025-06-23 2.87  2025-06-24 3.62  26.13
RELI  Reliance Global Group Inc  0.06                     Insurance   2025-06-23 1.9  2025-06-24 2.39  25.79
CTXR Citius Pharmaceuticals Inc  0.12               Pharmaceuticals  2025-06-23 1.03  2025-06-24 1.29  25.24
BBAI    BigBear.ai Holdings Inc 13.70                    Technology  2025-06-23 4.18  2025-06-24 5.23  25.12
LRMR   Larimar Therapeutics Inc  1.74                 Biotechnology  2025-06-23 2.42  2025-06-24 2.99  23.55
  EQ              Equillium Inc  0.11                 Biotechnology  2025-06-23 0.29  2025-06-24 0.36  22.59

=== 市值超过20亿的涨幅榜前20名股票 ===
股票代码                公司名称                市值(亿)                 板块                       昨天收盘              今天收盘       涨跌幅(%)
AMBA                      Ambarella Inc  22.53                   Semiconductors  2025-06-23 51.57  2025-06-24 62.19 20.59 
 SMR                 Nuscale Power Corp 113.39             Electrical Equipment   2025-06-23 36.5  2025-06-24 43.24 18.47 
 CAR              Avis Budget Group Inc  54.22                      Road & Rail  2025-06-23 147.0 2025-06-24 171.86 16.91 
 HTZ          Hertz Global Holdings Inc  20.43                      Road & Rail   2025-06-23 6.42   2025-06-24 7.34 14.33 
CLSK                     CleanSpark Inc  25.82                       Technology   2025-06-23 8.85  2025-06-24 10.04 13.45 
NEXT                    NextDecade Corp  23.41                           Energy   2025-06-23 8.23    2025-06-24 9.2 11.79 
ENPH                 Enphase Energy Inc  46.43                   Semiconductors  2025-06-23 34.56  2025-06-24 38.38 11.05 
SEZL                         Sezzle Inc  50.58               Financial Services 2025-06-23 144.98 2025-06-24 160.12 10.44 
PAGS              PagSeguro Digital Ltd  31.07               Financial Services   2025-06-23 9.04   2025-06-24 9.96 10.18 
OKLO                           Oklo Inc  84.96                        Utilities  2025-06-23 55.11  2025-06-24 60.71 10.16 
 HRI                  Herc Holdings Inc  40.50 Trading Companies & Distributors 2025-06-23 117.09 2025-06-24 128.63  9.86 
UPST               Upstart Holdings Inc  59.31               Financial Services  2025-06-23 59.07  2025-06-24 64.85  9.78 
DXCM                         Dexcom Inc 313.57                      Health Care  2025-06-23 79.84  2025-06-24 87.57  9.68 
MBLY                Mobileye Global Inc 142.67                  Auto Components  2025-06-23 16.42  2025-06-24 17.95  9.32 
CAMT                         Camtek Ltd  35.93                   Semiconductors  2025-06-23 74.85  2025-06-24 81.55  8.95 
  NU                    Nu Holdings Ltd 623.29                          Banking  2025-06-23 12.34  2025-06-24 13.43  8.83 
 DLO                         Dlocal Ltd  31.53               Financial Services  2025-06-23 10.26  2025-06-24 11.16  8.77 
CRDO Credo Technology Group Holding Ltd 150.14                   Semiconductors  2025-06-23 84.57  2025-06-24 91.92  8.69 
VKTX            Viking Therapeutics Inc  28.14                    Biotechnology  2025-06-23 24.86  2025-06-24 26.95  8.41 
IREN                           IREN Ltd  27.36                       Technology  2025-06-23 10.66  2025-06-24 11.54  8.26 

=== 市值超过50亿的涨幅榜前20名股票 ===
股票代码                公司名称                 市值(亿)                板块                     昨天收盘              今天收盘       涨跌幅(%)
 SMR                 Nuscale Power Corp  113.39          Electrical Equipment   2025-06-23 36.5  2025-06-24 43.24 18.47 
 CAR              Avis Budget Group Inc   54.22                   Road & Rail  2025-06-23 147.0 2025-06-24 171.86 16.91 
SEZL                         Sezzle Inc   50.58            Financial Services 2025-06-23 144.98 2025-06-24 160.12 10.44 
OKLO                           Oklo Inc   84.96                     Utilities  2025-06-23 55.11  2025-06-24 60.71 10.16 
UPST               Upstart Holdings Inc   59.31            Financial Services  2025-06-23 59.07  2025-06-24 64.85  9.78 
DXCM                         Dexcom Inc  313.57                   Health Care  2025-06-23 79.84  2025-06-24 87.57  9.68 
MBLY                Mobileye Global Inc  142.67               Auto Components  2025-06-23 16.42  2025-06-24 17.95  9.32 
  NU                    Nu Holdings Ltd  623.29                       Banking  2025-06-23 12.34  2025-06-24 13.43  8.83 
CRDO Credo Technology Group Holding Ltd  150.14                Semiconductors  2025-06-23 84.57  2025-06-24 91.92  8.69 
ENTG                       Entegris Inc  120.01                Semiconductors  2025-06-23 75.97  2025-06-24 81.73  7.58 
UBER              Uber Technologies Inc 1859.68                   Road & Rail  2025-06-23 85.24  2025-06-24 91.65  7.52 
NBIS                    Nebius Group NV  119.65                    Technology  2025-06-23 47.48  2025-06-24 51.02  7.46 
HOOD              Robinhood Markets Inc  690.31            Financial Services  2025-06-23 76.35  2025-06-24 82.01  7.41 
ACHR                Archer Aviation Inc   64.80           Aerospace & Defense   2025-06-23 10.0  2025-06-24 10.73  7.30 
 SNX                     TD Synnex Corp  109.68          Electrical Equipment  2025-06-23 127.6 2025-06-24 136.88  7.27 
 CCL                      Carnival Corp  340.32 Hotels, Restaurants & Leisure  2025-06-23 24.04   2025-06-24 25.7  6.91 
 AMD         Advanced Micro Devices Inc 2176.25                Semiconductors 2025-06-23 129.58 2025-06-24 138.43  6.83 
INTC                         Intel Corp  947.21                Semiconductors  2025-06-23 21.19  2025-06-24 22.55  6.42 
MRVL             Marvell Technology Inc  633.03                Semiconductors  2025-06-23 70.78  2025-06-24 75.21  6.26 
MKSI                MKS Instruments Inc   64.27                Semiconductors  2025-06-23 92.07  2025-06-24 97.82  6.25 

=== 市值超过100亿的涨幅榜前20名股票 ===
股票代码                公司名称                 市值(亿)                板块                     昨天收盘              今天收盘       涨跌幅(%)
 SMR                 Nuscale Power Corp  113.39          Electrical Equipment   2025-06-23 36.5  2025-06-24 43.24 18.47 
DXCM                         Dexcom Inc  313.57                   Health Care  2025-06-23 79.84  2025-06-24 87.57  9.68 
MBLY                Mobileye Global Inc  142.67               Auto Components  2025-06-23 16.42  2025-06-24 17.95  9.32 
  NU                    Nu Holdings Ltd  623.29                       Banking  2025-06-23 12.34  2025-06-24 13.43  8.83 
CRDO Credo Technology Group Holding Ltd  150.14                Semiconductors  2025-06-23 84.57  2025-06-24 91.92  8.69 
ENTG                       Entegris Inc  120.01                Semiconductors  2025-06-23 75.97  2025-06-24 81.73  7.58 
UBER              Uber Technologies Inc 1859.68                   Road & Rail  2025-06-23 85.24  2025-06-24 91.65  7.52 
NBIS                    Nebius Group NV  119.65                    Technology  2025-06-23 47.48  2025-06-24 51.02  7.46 
HOOD              Robinhood Markets Inc  690.31            Financial Services  2025-06-23 76.35  2025-06-24 82.01  7.41 
 SNX                     TD Synnex Corp  109.68          Electrical Equipment  2025-06-23 127.6 2025-06-24 136.88  7.27 
 CCL                      Carnival Corp  340.32 Hotels, Restaurants & Leisure  2025-06-23 24.04   2025-06-24 25.7  6.91 
 AMD         Advanced Micro Devices Inc 2176.25                Semiconductors 2025-06-23 129.58 2025-06-24 138.43  6.83 
INTC                         Intel Corp  947.21                Semiconductors  2025-06-23 21.19  2025-06-24 22.55  6.42 
MRVL             Marvell Technology Inc  633.03                Semiconductors  2025-06-23 70.78  2025-06-24 75.21  6.26 
ASTS                AST SpaceMobile Inc  166.20             Telecommunication   2025-06-23 50.2  2025-06-24 53.22  6.02 
CELH               Celsius Holdings Inc  116.83                     Beverages  2025-06-23 42.83  2025-06-24 45.41  6.02 
AFRM                Affirm Holdings Inc  207.17            Financial Services  2025-06-23 62.19  2025-06-24 65.66  5.58 
EXEL                       Exelixis Inc  121.31                 Biotechnology  2025-06-23 43.37  2025-06-24 45.72  5.42 
SNAP                           Snap Inc  135.28                         Media   2025-06-23 7.91   2025-06-24 8.32  5.18 
CIEN                         Ciena Corp  110.17                Communications  2025-06-23 75.44  2025-06-24 79.35  5.18 

=== 市值超过200亿的涨幅榜前20名股票 ===
股票代码             公司名称              市值(亿)                板块                     昨天收盘              今天收盘       涨跌幅(%)
DXCM                   Dexcom Inc  313.57                   Health Care  2025-06-23 79.84  2025-06-24 87.57  9.68 
  NU              Nu Holdings Ltd  623.29                       Banking  2025-06-23 12.34  2025-06-24 13.43  8.83 
UBER        Uber Technologies Inc 1859.68                   Road & Rail  2025-06-23 85.24  2025-06-24 91.65  7.52 
HOOD        Robinhood Markets Inc  690.31            Financial Services  2025-06-23 76.35  2025-06-24 82.01  7.41 
 CCL                Carnival Corp  340.32 Hotels, Restaurants & Leisure  2025-06-23 24.04   2025-06-24 25.7  6.91 
 AMD   Advanced Micro Devices Inc 2176.25                Semiconductors 2025-06-23 129.58 2025-06-24 138.43  6.83 
INTC                   Intel Corp  947.21                Semiconductors  2025-06-23 21.19  2025-06-24 22.55  6.42 
MRVL       Marvell Technology Inc  633.03                Semiconductors  2025-06-23 70.78  2025-06-24 75.21  6.26 
AFRM          Affirm Holdings Inc  207.17            Financial Services  2025-06-23 62.19  2025-06-24 65.66  5.58 
PINS                Pinterest Inc  232.83                         Media   2025-06-23 34.0  2025-06-24 35.74  5.12 
RDDT                   Reddit Inc  262.98                         Media 2025-06-23 134.14 2025-06-24 140.79  4.96 
 VRT           Vertiv Holdings Co  453.48          Electrical Equipment 2025-06-23 116.54 2025-06-24 122.32  4.96 
  MU        Micron Technology Inc 1403.56                Semiconductors 2025-06-23 122.08 2025-06-24 127.91  4.78 
AMAT        Applied Materials Inc 1421.59                Semiconductors 2025-06-23 171.96 2025-06-24 180.18  4.78 
SMCI     Super Micro Computer Inc  249.53                    Technology  2025-06-23 40.89  2025-06-24 42.84  4.77 
 KKR                 KKR & Co Inc 1122.12            Financial Services 2025-06-23 122.14 2025-06-24 127.77  4.61 
 APO Apollo Global Management Inc  792.32            Financial Services 2025-06-23 134.03 2025-06-24 139.91  4.39 
LRCX            Lam Research Corp 1207.94                Semiconductors  2025-06-23 91.61  2025-06-24 95.63  4.39 
 TTD               Trade Desk Inc  345.46                         Media  2025-06-23 68.87  2025-06-24 71.84  4.31 
 APP                Applovin Corp 1173.53                    Technology  2025-06-23 335.4 2025-06-24 349.48  4.20 

=== 市值超过1000亿的涨跌榜前20名股票 ===
股票代码            公司名称             市值(亿)                 板块                     昨天收盘               今天收盘        涨跌幅(%)
UBER      Uber Technologies Inc  1859.68                   Road & Rail   2025-06-23 85.24   2025-06-24 91.65  7.52 
 AMD Advanced Micro Devices Inc  2176.25                Semiconductors  2025-06-23 129.58  2025-06-24 138.43  6.83 
  MU      Micron Technology Inc  1403.56                Semiconductors  2025-06-23 122.08  2025-06-24 127.91  4.78 
AMAT      Applied Materials Inc  1421.59                Semiconductors  2025-06-23 171.96  2025-06-24 180.18  4.78 
 KKR               KKR & Co Inc  1122.12            Financial Services  2025-06-23 122.14  2025-06-24 127.77  4.61 
LRCX          Lam Research Corp  1207.94                Semiconductors   2025-06-23 91.61   2025-06-24 95.63  4.39 
 APP              Applovin Corp  1173.53                    Technology   2025-06-23 335.4  2025-06-24 349.48  4.20 
  BX             Blackstone Inc  1724.60            Financial Services  2025-06-23 138.32  2025-06-24 144.05  4.14 
SHOP                Shopify Inc  1464.61                    Technology  2025-06-23 109.98  2025-06-24 114.42  4.04 
ORCL                Oracle Corp  5945.74                    Technology  2025-06-23 207.04  2025-06-24 215.27  3.98 
AVGO               Broadcom Inc 12390.12                Semiconductors  2025-06-23 253.77  2025-06-24 263.77  3.94 
KLAC                   KLA Corp  1157.74                Semiconductors  2025-06-23 856.28  2025-06-24 889.03  3.82 
 ABT        Abbott Laboratories  2307.37                   Health Care  2025-06-23 133.26  2025-06-24 138.08  3.62 
ANET        Arista Networks Inc  1173.85                Communications   2025-06-23 91.95   2025-06-24 94.97  3.28 
MELI           MercadoLibre Inc  1264.17                        Retail 2025-06-23 2452.89 2025-06-24 2528.95  3.10 
 ETN      Eaton Corporation PLC  1325.14          Electrical Equipment  2025-06-23 332.95  2025-06-24 343.26  3.10 
 CRM             Salesforce Inc  2563.32                    Technology  2025-06-23 263.41  2025-06-24 271.17  2.95 
 AXP        American Express Co  2135.82            Financial Services  2025-06-23 299.63  2025-06-24 308.38  2.92 
  MA             Mastercard Inc  5066.36            Financial Services  2025-06-23 542.35  2025-06-24 557.53  2.80 
BKNG       Booking Holdings Inc  1767.00 Hotels, Restaurants & Leisure 2025-06-23 5333.42 2025-06-24 5482.23  2.79 
