
=== 涨幅榜前20名股票 ===

股票代码             公司名称            市值(亿)              板块                   昨天收盘          今天收盘      涨跌幅(%)
  IDEXQ                   Ideanomics Inc     0.00                      Machinery    2025-02-03 0.0     2025-02-04 0.0   400.00 
   CAPT                  Captivision Inc     0.14                       Building   2025-02-03 0.44    2025-02-04 1.05   139.18 
  EGIOQ                        Edgio Inc     0.00                     Technology    2025-02-03 0.0     2025-02-04 0.0   100.00 
   LTRY                  Lottery.com Inc     0.04  Hotels, Restaurants & Leisure   2025-02-03 0.31    2025-02-04 0.59    88.33 
   CPIX   Cumberland Pharmaceuticals Inc     0.30                Pharmaceuticals   2025-02-03 2.13    2025-02-04 3.76    76.53 
   INKT            Mink Therapeutics Inc     0.31                  Biotechnology   2025-02-03 7.86   2025-02-04 12.03    53.05 
   YOSH              Yoshiharu Global Co     0.05  Hotels, Restaurants & Leisure   2025-02-03 3.68    2025-02-04 5.43    47.55 
  CTTOF      CTT Correios de Portugal SA     8.15     Logistics & Transportation   2025-02-03 4.57    2025-02-04 6.28    37.42 
   BYON                       Beyond Inc     3.34                         Retail   2025-02-03 7.26    2025-02-04 9.68    33.33 
   FLXS         Flexsteel Industries Inc     2.51              Consumer products   2025-02-03 48.2   2025-02-04 63.05    30.81 
    XGN                       Exagen Inc     0.68                  Biotechnology   2025-02-03 3.88    2025-02-04 5.02    29.38 
    IBO            Impact Biomedical Inc     0.18                Pharmaceuticals   2025-02-03 1.53    2025-02-04 1.97    28.43 
   CLDI       Calidi Biotherapeutics Inc     0.27                  Biotechnology   2025-02-03 1.05    2025-02-04 1.32    25.71 
   ZONE          CleanCore Solutions Inc     0.08                      Machinery   2025-02-03 1.02    2025-02-04 1.28    25.49 
   MODV                    ModivCare Inc     0.55                    Health Care   2025-02-03 3.84     2025-02-04 4.8    25.00 
   AOGO   Arogo Capital Acquisition Corp     0.57                            N/A   2025-02-03 12.6   2025-02-04 15.75    25.00 
   NVVE               Nuvve Holding Corp     0.02           Electrical Equipment   2025-02-03 2.65    2025-02-04 3.31    24.91 
   PLTR        Palantir Technologies Inc  1907.61                     Technology  2025-02-03 83.74  2025-02-04 103.83    23.99 
   VISL         Vislink Technologies Inc     0.05                 Communications   2025-02-03 2.03    2025-02-04 2.51    23.65 
    DDD                  3D Systems Corp     5.07                      Machinery   2025-02-03 3.74    2025-02-04 4.62    23.53 

=== 市值超过20亿的涨幅榜前20名股票 ===

股票代码            公司名称           市值(亿)              板块                   昨天收盘           今天收盘      涨跌幅(%)
  PLTR       Palantir Technologies Inc  1907.61                     Technology   2025-02-03 83.74  2025-02-04 103.83    23.99 
  SPOT           Spotify Technology SA  1076.16                          Media  2025-02-03 549.08  2025-02-04 621.77    13.24 
  GRAB               Grab Holdings Ltd   179.78                    Road & Rail    2025-02-03 4.54    2025-02-04 5.11    12.56 
  SOUN               SoundHound AI Inc    56.03                     Technology   2025-02-03 14.24   2025-02-04 15.71    10.32 
    MP               MP Materials Corp    36.28                Metals & Mining   2025-02-03 22.23   2025-02-04 24.47    10.08 
   ATI                         ATI Inc    82.68                Metals & Mining   2025-02-03 57.96   2025-02-04 63.72     9.94 
   PBF                  PBF Energy Inc    31.91                         Energy   2025-02-03 27.72   2025-02-04 30.35     9.49 
  LANC           Lancaster Colony Corp    45.90                  Food Products   2025-02-03 166.5  2025-02-04 180.96     8.68 
  SMCI        Super Micro Computer Inc   157.22                     Technology   2025-02-03 26.85   2025-02-04 29.16     8.60 
  AXTA      Axalta Coating Systems Ltd    76.56                      Chemicals   2025-02-03 35.11   2025-02-04 38.01     8.26 
    AI                       C3.ai Inc    39.19                     Technology   2025-02-03 31.21   2025-02-04 33.77     8.20 
   CLF            Cleveland-Cliffs Inc    48.11                Metals & Mining    2025-02-03 9.74   2025-02-04 10.52     8.01 
  GENI               Genius Sports Ltd    21.76  Hotels, Restaurants & Leisure     2025-02-03 8.8    2025-02-04 9.48     7.73 
  AVAV               AeroVironment Inc    48.79            Aerospace & Defense  2025-02-03 172.98  2025-02-04 186.12     7.60 
  ASTS             AST SpaceMobile Inc    62.21              Telecommunication   2025-02-03 21.47   2025-02-04 23.09     7.55 
  PAGS           PagSeguro Digital Ltd    24.03             Financial Services    2025-02-03 7.29    2025-02-04 7.84     7.54 
   FRO                   Frontline Plc    39.07                         Energy   2025-02-03 17.55   2025-02-04 18.87     7.52 
  HIMS          Hims & Hers Health Inc    85.05                    Health Care   2025-02-03 38.93   2025-02-04 41.85     7.50 
  CRVL                     CorVel Corp    59.58                    Health Care  2025-02-03 115.97  2025-02-04 124.63     7.47 
  SUPN    Supernus Pharmaceuticals Inc    20.63                Pharmaceuticals   2025-02-03 37.36    2025-02-04 40.0     7.07 

=== 市值超过50亿的涨幅榜前20名股票 ===

股票代码               公司名称              市值(亿)              板块                   昨天收盘           今天收盘      涨跌幅(%)
  PLTR             Palantir Technologies Inc  1907.61                     Technology   2025-02-03 83.74  2025-02-04 103.83    23.99 
  SPOT                 Spotify Technology SA  1076.16                          Media  2025-02-03 549.08  2025-02-04 621.77    13.24 
  GRAB                     Grab Holdings Ltd   179.78                    Road & Rail    2025-02-03 4.54    2025-02-04 5.11    12.56 
  SOUN                     SoundHound AI Inc    56.03                     Technology   2025-02-03 14.24   2025-02-04 15.71    10.32 
   ATI                               ATI Inc    82.68                Metals & Mining   2025-02-03 57.96   2025-02-04 63.72     9.94 
  SMCI              Super Micro Computer Inc   157.22                     Technology   2025-02-03 26.85   2025-02-04 29.16     8.60 
  AXTA            Axalta Coating Systems Ltd    76.56                      Chemicals   2025-02-03 35.11   2025-02-04 38.01     8.26 
  ASTS                   AST SpaceMobile Inc    62.21              Telecommunication   2025-02-03 21.47   2025-02-04 23.09     7.55 
  HIMS                Hims & Hers Health Inc    85.05                    Health Care   2025-02-03 38.93   2025-02-04 41.85     7.50 
  CRVL                           CorVel Corp    59.58                    Health Care  2025-02-03 115.97  2025-02-04 124.63     7.47 
  RMBS                            Rambus Inc    64.32                 Semiconductors   2025-02-03 60.35   2025-02-04 64.44     6.78 
   MPC               Marathon Petroleum Corp   472.44                         Energy   2025-02-03 147.0  2025-02-04 156.91     6.74 
  DINO                      HF Sinclair Corp    66.93                         Energy   2025-02-03 35.57   2025-02-04 37.96     6.72 
  RDDT                            Reddit Inc   355.21                          Media  2025-02-03 202.31  2025-02-04 215.31     6.43 
  BBIO                  BridgeBio Pharma Inc    58.64                  Biotechnology   2025-02-03 31.03   2025-02-04 32.98     6.28 
    AA                            Alcoa Corp    88.12                Metals & Mining   2025-02-03 34.11   2025-02-04 36.24     6.24 
  CRDO    Credo Technology Group Holding Ltd   120.09                 Semiconductors   2025-02-03 71.81   2025-02-04 76.25     6.18 
   CCJ                           Cameco Corp   206.50                         Energy   2025-02-03 47.45   2025-02-04 50.32     6.05 
  DUOL                          Duolingo Inc   160.30  Diversified Consumer Services  2025-02-03 364.44  2025-02-04 386.16     5.96 
   QXO                               QXO Inc    55.03                     Technology   2025-02-03 13.44   2025-02-04 14.19     5.58 

=== 市值超过100亿的涨幅榜前20名股票 ===

股票代码               公司名称              市值(亿)              板块                   昨天收盘           今天收盘      涨跌幅(%)
   PLTR            Palantir Technologies Inc  1907.61                     Technology   2025-02-03 83.74  2025-02-04 103.83    23.99 
   SPOT                Spotify Technology SA  1076.16                          Media  2025-02-03 549.08  2025-02-04 621.77    13.24 
   GRAB                    Grab Holdings Ltd   179.78                    Road & Rail    2025-02-03 4.54    2025-02-04 5.11    12.56 
   SMCI             Super Micro Computer Inc   157.22                     Technology   2025-02-03 26.85   2025-02-04 29.16     8.60 
    MPC              Marathon Petroleum Corp   472.44                         Energy   2025-02-03 147.0  2025-02-04 156.91     6.74 
   RDDT                           Reddit Inc   355.21                          Media  2025-02-03 202.31  2025-02-04 215.31     6.43 
   CRDO   Credo Technology Group Holding Ltd   120.09                 Semiconductors   2025-02-03 71.81   2025-02-04 76.25     6.18 
    CCJ                          Cameco Corp   206.50                         Energy   2025-02-03 47.45   2025-02-04 50.32     6.05 
   DUOL                         Duolingo Inc   160.30  Diversified Consumer Services  2025-02-03 364.44  2025-02-04 386.16     5.96 
    XYL                            Xylem Inc   298.34                      Machinery   2025-02-03 122.8  2025-02-04 129.24     5.24 
   FOXA                             Fox Corp   231.11                          Media   2025-02-03 51.95   2025-02-04 54.64     5.18 
   AMCR                            Amcor PLC   138.17                      Packaging    2025-02-03 9.56   2025-02-04 10.05     5.13 
    VLO                   Valero Energy Corp   431.13                         Energy  2025-02-03 136.18  2025-02-04 142.99     5.00 
    PSX                          Phillips 66   486.75                         Energy  2025-02-03 117.86  2025-02-04 123.61     4.88 
  ADYYF                             Adyen NV   494.32             Financial Services  2025-02-03 1575.0  2025-02-04 1651.0     4.83 
    FOX                             Fox Corp   231.11                          Media   2025-02-03 49.19   2025-02-04 51.55     4.80 
   TECK                   Teck Resources Ltd   203.03                Metals & Mining   2025-02-03 40.09   2025-02-04 41.95     4.64 
     UI                         Ubiquiti Inc   243.36                 Communications  2025-02-03 402.44   2025-02-04 421.0     4.61 
  BABAF            Alibaba Group Holding Ltd  2155.70                         Retail    2025-02-03 12.2   2025-02-04 12.76     4.59 
    AMD           Advanced Micro Devices Inc  1854.38                 Semiconductors  2025-02-03 114.27   2025-02-04 119.5     4.58 

=== 市值超过200亿的涨幅榜前20名股票 ===

股票代码            公司名称            市值(亿)         板块             昨天收盘           今天收盘      涨跌幅(%)
   PLTR       Palantir Technologies Inc  1907.61          Technology   2025-02-03 83.74  2025-02-04 103.83    23.99 
   SPOT           Spotify Technology SA  1076.16               Media  2025-02-03 549.08  2025-02-04 621.77    13.24 
    MPC         Marathon Petroleum Corp   472.44              Energy   2025-02-03 147.0  2025-02-04 156.91     6.74 
   RDDT                      Reddit Inc   355.21               Media  2025-02-03 202.31  2025-02-04 215.31     6.43 
    CCJ                     Cameco Corp   206.50              Energy   2025-02-03 47.45   2025-02-04 50.32     6.05 
    XYL                       Xylem Inc   298.34           Machinery   2025-02-03 122.8  2025-02-04 129.24     5.24 
   FOXA                        Fox Corp   231.11               Media   2025-02-03 51.95   2025-02-04 54.64     5.18 
    VLO              Valero Energy Corp   431.13              Energy  2025-02-03 136.18  2025-02-04 142.99     5.00 
    PSX                     Phillips 66   486.75              Energy  2025-02-03 117.86  2025-02-04 123.61     4.88 
  ADYYF                        Adyen NV   494.32  Financial Services  2025-02-03 1575.0  2025-02-04 1651.0     4.83 
    FOX                        Fox Corp   231.11               Media   2025-02-03 49.19   2025-02-04 51.55     4.80 
   TECK              Teck Resources Ltd   203.03     Metals & Mining   2025-02-03 40.09   2025-02-04 41.95     4.64 
     UI                    Ubiquiti Inc   243.36      Communications  2025-02-03 402.44   2025-02-04 421.0     4.61 
  BABAF       Alibaba Group Holding Ltd  2155.70              Retail    2025-02-03 12.2   2025-02-04 12.76     4.59 
    AMD      Advanced Micro Devices Inc  1854.38      Semiconductors  2025-02-03 114.27   2025-02-04 119.5     4.58 
   REGN   Regeneron Pharmaceuticals Inc   732.80       Biotechnology  2025-02-03 666.85  2025-02-04 697.05     4.53 
   RBLX                     Roblox Corp   463.82               Media   2025-02-03 70.68   2025-02-04 73.79     4.40 
    CMI                     Cummins Inc   477.68           Machinery  2025-02-03 348.21  2025-02-04 363.51     4.39 
   SHOP                     Shopify Inc  1478.03          Technology  2025-02-03 114.39   2025-02-04 119.2     4.20 
    APP                   Applovin Corp  1226.39          Technology  2025-02-03 365.44  2025-02-04 380.26     4.06 

=== 市值超过1000亿的涨幅榜前20名股票 ===

股票代码               公司名称               市值(亿)                 板块                    昨天收盘           今天收盘      涨跌幅(%)
   PLTR             Palantir Technologies Inc   1907.61                        Technology   2025-02-03 83.74  2025-02-04 103.83    23.99 
   SPOT                 Spotify Technology SA   1076.16                             Media  2025-02-03 549.08  2025-02-04 621.77    13.24 
  BABAF             Alibaba Group Holding Ltd   2155.70                            Retail    2025-02-03 12.2   2025-02-04 12.76     4.59 
    AMD            Advanced Micro Devices Inc   1854.38                    Semiconductors  2025-02-03 114.27   2025-02-04 119.5     4.58 
   SHOP                           Shopify Inc   1478.03                        Technology  2025-02-03 114.39   2025-02-04 119.2     4.20 
    APP                         Applovin Corp   1226.39                        Technology  2025-02-03 365.44  2025-02-04 380.26     4.06 
  ESLOF                   EssilorLuxottica SA   1212.40                       Health Care  2025-02-03 269.88   2025-02-04 280.0     3.75 
   UBER                 Uber Technologies Inc   1416.93                       Road & Rail   2025-02-03 67.29   2025-02-04 69.75     3.66 
    XOM                      Exxon Mobil Corp   4706.71                            Energy  2025-02-03 107.09  2025-02-04 109.96     2.68 
    CVX                          Chevron Corp   2683.78                            Energy  2025-02-03 149.34  2025-02-04 153.22     2.60 
  GOOGL                          Alphabet Inc  24718.81                             Media  2025-02-03 201.23  2025-02-04 206.38     2.56 
   VRTX            Vertex Pharmaceuticals Inc   1211.34                     Biotechnology  2025-02-03 470.37  2025-02-04 482.28     2.53 
   GOOG                          Alphabet Inc  24718.81                             Media  2025-02-03 202.64  2025-02-04 207.71     2.50 
   SBUX                        Starbucks Corp   1228.59     Hotels, Restaurants & Leisure  2025-02-03 108.16   2025-02-04 110.6     2.26 
   TSLA                             Tesla Inc  12341.13                       Automobiles  2025-02-03 383.68  2025-02-04 392.21     2.22 
   AVGO                          Broadcom Inc  10205.78                    Semiconductors  2025-02-03 217.73  2025-02-04 222.43     2.16 
    COP                        Conocophillips   1273.90                            Energy   2025-02-03 98.48  2025-02-04 100.58     2.13 
   AAPL                             Apple Inc  34287.86                        Technology  2025-02-03 228.01   2025-02-04 232.8     2.10 
  LVMHF   LVMH Moet Hennessy Louis Vuitton SE   3514.30  Textiles, Apparel & Luxury Goods  2025-02-03 708.28   2025-02-04 723.0     2.08 
   AMZN                        Amazon.com Inc  24964.74                            Retail  2025-02-03 237.42  2025-02-04 242.06     1.95 
