
=== 涨幅榜前20名股票 ===
 股票代码                  公司名称                  市值(亿)               板块                     昨天收盘             今天收盘       涨跌幅(%)
 HKIT                       Hitek Global Inc  0.13                     Technology  2026-05-29 1.46  2026-06-01 6.58 350.68
 TGHL                            Growhub Ltd  0.09                     Technology  2026-05-29 0.35  2026-06-01 1.35 287.93
IHRTB                        iHeartMedia Inc  5.85                          Media  2026-05-29 1.51   2026-06-01 4.0 164.90
  AIM                     AIM ImmunoTech Inc  0.06                  Biotechnology  2026-05-29 0.41   2026-06-01 0.9 119.17
 ABTS                        Abits Group Inc  0.03                     Technology  2026-05-29 0.99  2026-06-01 2.14 115.73
  ANY                         Sphere 3D Corp  0.08                     Technology   2026-05-29 1.9  2026-06-01 4.02 111.58
 AREB            American Rebel Holdings Inc  0.01 Commercial Services & Supplies  2026-05-29 0.05  2026-06-01 0.11 107.36
AFMDQ                             Affimed NV  0.01                  Biotechnology   2026-05-29 0.0   2026-06-01 0.0 100.00
 HUBC                 Hub Cyber Security Ltd  0.00                     Technology  2026-05-29 0.26  2026-06-01 0.51  97.32
 OPTU             Optimum Communications Inc  3.71                          Media  2026-05-29 0.66  2026-06-01 1.16  76.29
 MASK       3 E Network Technology Group Ltd  0.04                     Technology  2026-05-29 3.58  2026-06-01 5.45  52.23
 LIPO            Lipella Pharmaceuticals Inc  0.01                  Biotechnology   2026-05-29 0.1  2026-06-01 0.15  49.90
 RVPH    Reviva Pharmaceuticals Holdings Inc  0.08                Pharmaceuticals  2026-05-29 0.41   2026-06-01 0.6  46.62
 SOAR                       Volato Group Inc  0.08                       Airlines  2026-05-29 0.17  2026-06-01 0.25  45.59
  JYD             Jayud Global Logistics Ltd  0.08     Logistics & Transportation   2026-05-29 0.7  2026-06-01 1.01  44.91
 FLNC                     Fluence Energy Inc 34.00           Electrical Equipment 2026-05-29 18.88 2026-06-01 27.15  43.80
 FOFO Hang Feng Technology Innovation Co Ltd  0.22          Professional Services   2026-05-29 2.1  2026-06-01 2.97  41.43
  EGG                          Enigmatig Ltd  2.13          Professional Services  2026-05-29 7.59 2026-06-01 10.45  37.59
 NAMM                         Namib Minerals  1.13                Metals & Mining  2026-05-29 1.52  2026-06-01 2.08  36.84
 DAIC                         CID HoldCo Inc  0.04                     Technology   2026-05-29 3.5  2026-06-01 4.54  29.62

=== 市值超过20亿的涨幅榜前20名股票 ===
 股票代码                公司名称               市值(亿)                板块                     昨天收盘              今天收盘       涨跌幅(%)
 FLNC                Fluence Energy Inc  34.00          Electrical Equipment  2026-05-29 18.88  2026-06-01 27.15 43.80 
 TMHC         Taylor Morrison Home Corp  66.85             Consumer products   2026-05-29 58.5  2026-06-01 71.55 22.31 
  MDB                       MongoDB Inc 325.12                    Technology 2026-05-29 335.55 2026-06-01 403.88 20.36 
 HUBS                       HubSpot Inc 134.29                    Technology 2026-05-29 220.63  2026-06-01 262.2 18.84 
 AAOI       Applied Optoelectronics Inc 138.02                Communications 2026-05-29 158.41 2026-06-01 185.67 17.21 
  MGM         MGM Resorts International 129.69 Hotels, Restaurants & Leisure  2026-05-29 43.67  2026-06-01 50.69 16.08 
 KVYO                       Klaviyo Inc  47.41                    Technology  2026-05-29 15.84  2026-06-01 18.36 15.91 
 NBIS                   Nebius Group NV 556.87                    Technology 2026-05-29 231.09 2026-06-01 264.51 14.46 
 MNDY                    monday.com Ltd  48.84                    Technology  2026-05-29 83.62  2026-06-01 95.47 14.17 
 OKTA                          Okta Inc 224.57                    Technology 2026-05-29 123.27 2026-06-01 139.79 13.40 
  RNG                   RingCentral Inc  41.17                    Technology  2026-05-29 43.31   2026-06-01 49.1 13.37 
  LIF                       Life360 Inc  36.70                    Technology  2026-05-29 42.49  2026-06-01 48.14 13.30 
SRBEF                         Vusion SA  22.63          Electrical Equipment 2026-05-29 149.52 2026-06-01 168.31 12.57 
  HCC              Warrior Met Coal Inc  53.10               Metals & Mining  2026-05-29 94.54 2026-06-01 106.25 12.39 
 DDOG Datadog Inc (Pre-Reincorporation) 987.75                    Technology 2026-05-29 247.35 2026-06-01 277.49 12.19 
 VERX                        Vertex Inc  21.60                    Technology  2026-05-29 13.35  2026-06-01 14.96 12.06 
  NET                    Cloudflare Inc 794.04                    Technology 2026-05-29 241.82 2026-06-01 270.82 11.99 
 PATH                        UiPath Inc  56.29                    Technology  2026-05-29 11.72   2026-06-01 13.1 11.77 
 PCOR          Procore Technologies Inc  83.34                    Technology  2026-05-29 49.49  2026-06-01 55.23 11.60 
   ZS                       Zscaler Inc 225.96                    Technology 2026-05-29 139.73 2026-06-01 155.71 11.44 

=== 市值超过50亿的涨幅榜前20名股票 ===
股票代码                公司名称                市值(亿)                板块                     昨天收盘              今天收盘       涨跌幅(%)
TMHC         Taylor Morrison Home Corp   66.85             Consumer products   2026-05-29 58.5  2026-06-01 71.55 22.31 
 MDB                       MongoDB Inc  325.12                    Technology 2026-05-29 335.55 2026-06-01 403.88 20.36 
HUBS                       HubSpot Inc  134.29                    Technology 2026-05-29 220.63  2026-06-01 262.2 18.84 
AAOI       Applied Optoelectronics Inc  138.02                Communications 2026-05-29 158.41 2026-06-01 185.67 17.21 
 MGM         MGM Resorts International  129.69 Hotels, Restaurants & Leisure  2026-05-29 43.67  2026-06-01 50.69 16.08 
NBIS                   Nebius Group NV  556.87                    Technology 2026-05-29 231.09 2026-06-01 264.51 14.46 
OKTA                          Okta Inc  224.57                    Technology 2026-05-29 123.27 2026-06-01 139.79 13.40 
 HCC              Warrior Met Coal Inc   53.10               Metals & Mining  2026-05-29 94.54 2026-06-01 106.25 12.39 
DDOG Datadog Inc (Pre-Reincorporation)  987.75                    Technology 2026-05-29 247.35 2026-06-01 277.49 12.19 
 NET                    Cloudflare Inc  794.04                    Technology 2026-05-29 241.82 2026-06-01 270.82 11.99 
PATH                        UiPath Inc   56.29                    Technology  2026-05-29 11.72   2026-06-01 13.1 11.77 
PCOR          Procore Technologies Inc   83.34                    Technology  2026-05-29 49.49  2026-06-01 55.23 11.60 
  ZS                       Zscaler Inc  225.96                    Technology 2026-05-29 139.73 2026-06-01 155.71 11.44 
DOCN         DigitalOcean Holdings Inc  167.75                    Technology 2026-05-29 155.95 2026-06-01 173.45 11.22 
FROG                         Jfrog Ltd   98.90                    Technology  2026-05-29 79.48  2026-06-01 88.31 11.11 
  IT                       Gartner Inc  114.49                    Technology  2026-05-29 162.2 2026-06-01 179.59 10.72 
DELL             Dell Technologies Inc 1482.38                    Technology 2026-05-29 420.91 2026-06-01 465.96 10.70 
CDNS        Cadence Design Systems Inc 1142.32                    Technology 2026-05-29 374.93 2026-06-01 414.16 10.46 
 FDS      Factset Research Systems Inc   92.74            Financial Services 2026-05-29 245.47 2026-06-01 270.85 10.34 
ZETA         Zeta Global Holdings Corp   57.06                    Technology  2026-05-29 22.89  2026-06-01 25.22 10.18 

=== 市值超过100亿的涨幅榜前20名股票 ===
股票代码                公司名称                市值(亿)                板块                     昨天收盘              今天收盘       涨跌幅(%)
 MDB                       MongoDB Inc  325.12                    Technology 2026-05-29 335.55 2026-06-01 403.88 20.36 
HUBS                       HubSpot Inc  134.29                    Technology 2026-05-29 220.63  2026-06-01 262.2 18.84 
AAOI       Applied Optoelectronics Inc  138.02                Communications 2026-05-29 158.41 2026-06-01 185.67 17.21 
 MGM         MGM Resorts International  129.69 Hotels, Restaurants & Leisure  2026-05-29 43.67  2026-06-01 50.69 16.08 
NBIS                   Nebius Group NV  556.87                    Technology 2026-05-29 231.09 2026-06-01 264.51 14.46 
OKTA                          Okta Inc  224.57                    Technology 2026-05-29 123.27 2026-06-01 139.79 13.40 
DDOG Datadog Inc (Pre-Reincorporation)  987.75                    Technology 2026-05-29 247.35 2026-06-01 277.49 12.19 
 NET                    Cloudflare Inc  794.04                    Technology 2026-05-29 241.82 2026-06-01 270.82 11.99 
  ZS                       Zscaler Inc  225.96                    Technology 2026-05-29 139.73 2026-06-01 155.71 11.44 
DOCN         DigitalOcean Holdings Inc  167.75                    Technology 2026-05-29 155.95 2026-06-01 173.45 11.22 
  IT                       Gartner Inc  114.49                    Technology  2026-05-29 162.2 2026-06-01 179.59 10.72 
DELL             Dell Technologies Inc 1482.38                    Technology 2026-05-29 420.91 2026-06-01 465.96 10.70 
CDNS        Cadence Design Systems Inc 1142.32                    Technology 2026-05-29 374.93 2026-06-01 414.16 10.46 
 IOT                       Samsara Inc  224.63                    Technology  2026-05-29 34.99  2026-06-01 38.55 10.17 
ORCL                       Oracle Corp 7136.91                    Technology 2026-05-29 225.78 2026-06-01 248.15  9.91 
  ZM           Zoom Communications Inc  297.89                    Technology 2026-05-29 101.59 2026-06-01 111.62  9.87 
 CRM                    Salesforce Inc 1675.80                    Technology  2026-05-29 191.1  2026-06-01 209.6  9.68 
 HPE     Hewlett Packard Enterprise Co  596.15                    Technology  2026-05-29 43.04   2026-06-01 47.0  9.20 
DOCU                      DocuSign Inc  105.77                    Technology  2026-05-29 52.52  2026-06-01 57.02  8.57 
 HPQ                            HP Inc  260.55                    Technology  2026-05-29 27.04  2026-06-01 29.34  8.51 

=== 市值超过200亿的涨幅榜前20名股票 ===
股票代码                 公司名称                  市值(亿)        板块              昨天收盘              今天收盘       涨跌幅(%)
 MDB                          MongoDB Inc  325.12     Technology 2026-05-29 335.55 2026-06-01 403.88 20.36 
NBIS                      Nebius Group NV  556.87     Technology 2026-05-29 231.09 2026-06-01 264.51 14.46 
OKTA                             Okta Inc  224.57     Technology 2026-05-29 123.27 2026-06-01 139.79 13.40 
DDOG    Datadog Inc (Pre-Reincorporation)  987.75     Technology 2026-05-29 247.35 2026-06-01 277.49 12.19 
 NET                       Cloudflare Inc  794.04     Technology 2026-05-29 241.82 2026-06-01 270.82 11.99 
  ZS                          Zscaler Inc  225.96     Technology 2026-05-29 139.73 2026-06-01 155.71 11.44 
DELL                Dell Technologies Inc 1482.38     Technology 2026-05-29 420.91 2026-06-01 465.96 10.70 
CDNS           Cadence Design Systems Inc 1142.32     Technology 2026-05-29 374.93 2026-06-01 414.16 10.46 
 IOT                          Samsara Inc  224.63     Technology  2026-05-29 34.99  2026-06-01 38.55 10.17 
ORCL                          Oracle Corp 7136.91     Technology 2026-05-29 225.78 2026-06-01 248.15  9.91 
  ZM              Zoom Communications Inc  297.89     Technology 2026-05-29 101.59 2026-06-01 111.62  9.87 
 CRM                       Salesforce Inc 1675.80     Technology  2026-05-29 191.1  2026-06-01 209.6  9.68 
 HPE        Hewlett Packard Enterprise Co  596.15     Technology  2026-05-29 43.04   2026-06-01 47.0  9.20 
 HPQ                               HP Inc  260.55     Technology  2026-05-29 27.04  2026-06-01 29.34  8.51 
VEEV                    Veeva Systems Inc  284.52    Health Care 2026-05-29 174.34 2026-06-01 188.66  8.21 
TEAM                       Atlassian Corp  294.24     Technology 2026-05-29 107.61 2026-06-01 115.95  7.75 
 IBM International Business Machines Corp 2978.12     Technology  2026-05-29 297.8 2026-06-01 320.42  7.60 
 HUM                           Humana Inc  394.17    Health Care 2026-05-29 305.42 2026-06-01 328.31  7.49 
ADSK                         Autodesk Inc  523.98     Technology 2026-05-29 231.31 2026-06-01 248.16  7.28 
MRVL               Marvell Technology Inc 1919.57 Semiconductors  2026-05-29 205.0 2026-06-01 219.43  7.04 

=== 市值超过1000亿的涨跌榜前20名股票 ===
 股票代码                 公司名称                  市值(亿)            板块                 昨天收盘               今天收盘        涨跌幅(%)
 DELL                Dell Technologies Inc  1482.38           Technology  2026-05-29 420.91  2026-06-01 465.96 10.70 
 CDNS           Cadence Design Systems Inc  1142.32           Technology  2026-05-29 374.93  2026-06-01 414.16 10.46 
 ORCL                          Oracle Corp  7136.91           Technology  2026-05-29 225.78  2026-06-01 248.15  9.91 
  CRM                       Salesforce Inc  1675.80           Technology   2026-05-29 191.1   2026-06-01 209.6  9.68 
  IBM International Business Machines Corp  2978.12           Technology   2026-05-29 297.8  2026-06-01 320.42  7.60 
 MRVL               Marvell Technology Inc  1919.57       Semiconductors   2026-05-29 205.0  2026-06-01 219.43  7.04 
 ANET                  Arista Networks Inc  2149.21       Communications  2026-05-29 159.47  2026-06-01 170.68  7.03 
 FTNT                         Fortinet Inc  1078.02           Technology  2026-05-29 137.97  2026-06-01 147.14  6.65 
   MU                Micron Technology Inc 11620.36       Semiconductors   2026-05-29 971.0  2026-06-01 1035.5  6.64 
 NVDA                          NVIDIA Corp 54295.12       Semiconductors  2026-05-29 211.14  2026-06-01 224.36  6.26 
 ADBE                            Adobe Inc  1083.05           Technology  2026-05-29 259.21  2026-06-01 274.03  5.72 
  ACN                        Accenture PLC  1206.94           Technology  2026-05-29 187.07  2026-06-01 196.59  5.09 
 UBER                Uber Technologies Inc  1501.66          Road & Rail    2026-05-29 70.4   2026-06-01 73.77  4.79 
  STX      Seagate Technology Holdings PLC  2065.73           Technology   2026-05-29 879.8  2026-06-01 921.26  4.71 
 SHOP                          Shopify Inc  1610.65           Technology  2026-05-29 118.71  2026-06-01 124.12  4.56 
SBGSF                Schneider Electric SE  1520.43 Electrical Equipment  2026-05-29 313.28   2026-06-01 326.0  4.06 
 SNDK                         Sandisk Corp  2602.80           Technology 2026-05-29 1694.98 2026-06-01 1761.43  3.92 
 AVGO                         Broadcom Inc 21558.37       Semiconductors  2026-05-29 446.77  2026-06-01 459.97  2.95 
  XOM                     Exxon Mobil Corp  6020.95               Energy  2026-05-29 145.26  2026-06-01 149.38  2.84 
 PLTR            Palantir Technologies Inc  3851.28           Technology  2026-05-29 156.54  2026-06-01 160.65  2.63 
