
=== 涨幅榜前20名股票 ===
股票代码                   公司名称                   市值(亿)           板块                昨天收盘             今天收盘       涨跌幅(%)
CGTL Creative Global Technology Holdings Ltd    0.20 Electrical Equipment  2025-12-09 0.66  2025-12-10 0.97 47.38 
MIGI         Mawson Infrastructure Group Inc    0.05           Technology   2025-12-09 4.6   2025-12-10 6.7 45.65 
PLAB                          Photronics Inc   15.16       Semiconductors 2025-12-09 25.69 2025-12-10 37.35 45.39 
SIDU                         Sidus Space Inc    0.28  Aerospace & Defense   2025-12-09 0.8  2025-12-10 1.13 41.96 
 NBY             NovaBay Pharmaceuticals Inc    2.28      Pharmaceuticals  2025-12-09 1.81  2025-12-10 2.42 33.70 
CAMP                 CAMP4 Therapeutics Corp    2.16        Biotechnology   2025-12-09 4.6  2025-12-10 5.72 24.35 
DRTS                   Alpha Tau Medical Ltd    3.58          Health Care  2025-12-09 4.23  2025-12-10 5.06 19.62 
BRZE                               Braze Inc   34.07           Technology 2025-12-09 30.65 2025-12-10 36.19 18.08 
 DBI                     Designer Brands Inc    3.57               Retail   2025-12-09 7.2  2025-12-10 8.47 17.64 
DAKT                          Daktronics Inc    8.72 Electrical Equipment 2025-12-09 17.97  2025-12-10 20.9 16.30 
GIPR        Generation Income Properties Inc    0.06          Real Estate  2025-12-09 1.02  2025-12-10 1.18 15.69 
 GEV                          GE Vernova Inc 1696.57 Electrical Equipment 2025-12-09 625.3 2025-12-10 723.0 15.62 
AAOI             Applied Optoelectronics Inc   20.74       Communications 2025-12-09 30.38 2025-12-10 34.98 15.14 
 IGC                          IGC Pharma Inc    0.28      Pharmaceuticals   2025-12-09 0.3  2025-12-10 0.34 14.00 
COOK                             Traeger Inc    1.26    Consumer products  2025-12-09 0.92  2025-12-10 1.05 13.88 
JAGX                       Jaguar Health Inc    0.04      Pharmaceuticals  2025-12-09 1.17  2025-12-10 1.33 13.68 
ILLR                       Triller Group Inc    1.03   Financial Services  2025-12-09 0.59  2025-12-10 0.67 13.64 
SANA                  Sana Biotechnology Inc   11.59        Biotechnology  2025-12-09 4.35  2025-12-10 4.94 13.56 
VEEA                                Veea Inc    0.28           Technology  2025-12-09 0.57  2025-12-10 0.64 13.13 
ALOT                           AstroNova Inc    0.55           Technology  2025-12-09 7.18  2025-12-10 8.11 13.02 

=== 市值超过20亿的涨幅榜前20名股票 ===
股票代码              公司名称              市值(亿)                 板块                       昨天收盘              今天收盘       涨跌幅(%)
BRZE                     Braze Inc   34.07                       Technology  2025-12-09 30.65  2025-12-10 36.19 18.08 
 GEV                GE Vernova Inc 1696.57             Electrical Equipment  2025-12-09 625.3  2025-12-10 723.0 15.62 
AAOI   Applied Optoelectronics Inc   20.74                   Communications  2025-12-09 30.38  2025-12-10 34.98 15.14 
JBTM                JBT Marel Corp   71.62                        Machinery 2025-12-09 137.81  2025-12-10 153.8 11.60 
MIDD                 Middleby Corp   64.98                        Machinery  2025-12-09 129.0 2025-12-10 140.96  9.27 
CHYM           Chime Financial Inc   90.98               Financial Services  2025-12-09 24.29   2025-12-10 26.5  9.10 
BRBR           Bellring Brands Inc   36.56                Consumer products  2025-12-09 30.55   2025-12-10 33.3  9.00 
NVST         Envista Holdings Corp   33.90                      Health Care  2025-12-09 20.62   2025-12-10 22.1  7.18 
 BCC              Boise Cascade Co   26.67 Trading Companies & Distributors   2025-12-09 72.0  2025-12-10 77.01  6.96 
UHAL             U-Haul Holding Co   93.22                      Road & Rail  2025-12-09 50.88   2025-12-10 54.4  6.92 
 DYN         Dyne Therapeutics Inc   26.34                    Biotechnology  2025-12-09 18.44  2025-12-10 19.69  6.78 
  GT     Goodyear Tire & Rubber Co   24.01                  Auto Components   2025-12-09 8.39   2025-12-10 8.94  6.56 
 TEX                    Terex Corp   32.08                        Machinery  2025-12-09 48.91  2025-12-10 52.06  6.44 
 MOD       Modine Manufacturing Co   80.53                  Auto Components 2025-12-09 152.95 2025-12-10 162.66  6.35 
MMYT                MakeMyTrip Ltd   68.23    Hotels, Restaurants & Leisure  2025-12-09 71.71  2025-12-10 76.14  6.18 
 SIG           Signet Jewelers Ltd   35.50                           Retail  2025-12-09 87.25  2025-12-10 92.63  6.17 
SNDK                  Sandisk Corp  321.63                       Technology 2025-12-09 219.46 2025-12-10 232.86  6.11 
 OLN                     Olin Corp   23.24                        Chemicals  2025-12-09 20.36  2025-12-10 21.57  5.94 
ADPT Adaptive Biotechnologies Corp   22.69   Life Sciences Tools & Services  2025-12-09 14.86  2025-12-10 15.74  5.92 
 APG                APi Group Corp  158.30                     Construction   2025-12-09 37.7  2025-12-10 39.93  5.92 

=== 市值超过50亿的涨幅榜前20名股票 ===
股票代码               公司名称               市值(亿)                 板块                       昨天收盘              今天收盘       涨跌幅(%)
 GEV                  GE Vernova Inc 1696.57             Electrical Equipment  2025-12-09 625.3  2025-12-10 723.0 15.62 
JBTM                  JBT Marel Corp   71.62                        Machinery 2025-12-09 137.81  2025-12-10 153.8 11.60 
MIDD                   Middleby Corp   64.98                        Machinery  2025-12-09 129.0 2025-12-10 140.96  9.27 
CHYM             Chime Financial Inc   90.98               Financial Services  2025-12-09 24.29   2025-12-10 26.5  9.10 
UHAL               U-Haul Holding Co   93.22                      Road & Rail  2025-12-09 50.88   2025-12-10 54.4  6.92 
 MOD         Modine Manufacturing Co   80.53                  Auto Components 2025-12-09 152.95 2025-12-10 162.66  6.35 
MMYT                  MakeMyTrip Ltd   68.23    Hotels, Restaurants & Leisure  2025-12-09 71.71  2025-12-10 76.14  6.18 
SNDK                    Sandisk Corp  321.63                       Technology 2025-12-09 219.46 2025-12-10 232.86  6.11 
 APG                  APi Group Corp  158.30                     Construction   2025-12-09 37.7  2025-12-10 39.93  5.92 
 LYB    LyondellBasell Industries NV  137.70                        Chemicals  2025-12-09 42.78  2025-12-10 45.23  5.73 
SAIL                   SailPoint Inc  110.66                       Technology  2025-12-09 19.88  2025-12-10 21.02  5.73 
 STX Seagate Technology Holdings PLC  604.07                       Technology 2025-12-09 282.86 2025-12-10 298.92  5.68 
ESTC                      Elastic NV   78.70                       Technology  2025-12-09 74.69  2025-12-10 78.87  5.60 
 KMX                      Carmax Inc   57.31                           Retail  2025-12-09 39.03  2025-12-10 41.21  5.59 
SAIA                        Saia Inc   87.83                      Road & Rail 2025-12-09 329.65 2025-12-10 347.98  5.56 
 PEN                    Penumbra Inc  112.45                      Health Care 2025-12-09 287.14 2025-12-10 303.07  5.55 
 VFC                         VF Corp   70.99 Textiles, Apparel & Luxury Goods  2025-12-09 18.17  2025-12-10 19.17  5.50 
 ATI                         ATI Inc  135.08              Aerospace & Defense  2025-12-09 99.42 2025-12-10 104.73  5.34 
REZI        Resideo Technologies Inc   50.26                         Building  2025-12-09 33.57  2025-12-10 35.35  5.30 
 TKR                       Timken Co   57.93                        Machinery  2025-12-09 83.16  2025-12-10 87.53  5.25 

=== 市值超过100亿的涨幅榜前20名股票 ===
 股票代码                   公司名称                    市值(亿)                板块                      昨天收盘               今天收盘        涨跌幅(%)
  GEV                           GE Vernova Inc 1696.57           Electrical Equipment   2025-12-09 625.3   2025-12-10 723.0 15.62 
 SNDK                             Sandisk Corp  321.63                     Technology  2025-12-09 219.46  2025-12-10 232.86  6.11 
  APG                           APi Group Corp  158.30                   Construction    2025-12-09 37.7   2025-12-10 39.93  5.92 
  LYB             LyondellBasell Industries NV  137.70                      Chemicals   2025-12-09 42.78   2025-12-10 45.23  5.73 
 SAIL                            SailPoint Inc  110.66                     Technology   2025-12-09 19.88   2025-12-10 21.02  5.73 
  STX          Seagate Technology Holdings PLC  604.07                     Technology  2025-12-09 282.86  2025-12-10 298.92  5.68 
  PEN                             Penumbra Inc  112.45                    Health Care  2025-12-09 287.14  2025-12-10 303.07  5.55 
  ATI                                  ATI Inc  135.08            Aerospace & Defense   2025-12-09 99.42  2025-12-10 104.73  5.34 
 ALLY                       Ally Financial Inc  130.43             Financial Services   2025-12-09 42.34   2025-12-10 44.49  5.08 
 AMKR                     Amkor Technology Inc  110.27                 Semiconductors   2025-12-09 44.61   2025-12-10 46.85  5.02 
  CNH                        CNH Industrial NV  116.66                      Machinery    2025-12-09 9.36    2025-12-10 9.82  4.91 
 EXPE                        Expedia Group Inc  320.14  Hotels, Restaurants & Leisure  2025-12-09 261.27  2025-12-10 274.07  4.90 
 REGN            Regeneron Pharmaceuticals Inc  727.90                  Biotechnology  2025-12-09 692.58  2025-12-10 726.21  4.86 
  RCL              Royal Caribbean Cruises Ltd  677.20  Hotels, Restaurants & Leisure  2025-12-09 248.32  2025-12-10 260.38  4.86 
 RVTY                              Revvity Inc  111.99 Life Sciences Tools & Services   2025-12-09 98.78  2025-12-10 103.51  4.79 
  FHN                       First Horizon Corp  112.36                        Banking   2025-12-09 22.82   2025-12-10 23.87  4.60 
   EL               Estee Lauder Companies Inc  369.87              Consumer products  2025-12-09 102.64  2025-12-10 107.28  4.52 
 JBHT          J B Hunt Transport Services Inc  180.70                    Road & Rail  2025-12-09 189.77  2025-12-10 198.13  4.41 
  SYF                      Synchrony Financial  291.77             Financial Services   2025-12-09 81.01   2025-12-10 84.55  4.37 
FCNCA First Citizens BancShares Inc (Delaware)  242.16                        Banking 2025-12-09 1971.18 2025-12-10 2056.54  4.33 

=== 市值超过200亿的涨幅榜前20名股票 ===
 股票代码                   公司名称                    市值(亿)                板块                     昨天收盘               今天收盘        涨跌幅(%)
  GEV                           GE Vernova Inc 1696.57          Electrical Equipment   2025-12-09 625.3   2025-12-10 723.0 15.62 
 SNDK                             Sandisk Corp  321.63                    Technology  2025-12-09 219.46  2025-12-10 232.86  6.11 
  STX          Seagate Technology Holdings PLC  604.07                    Technology  2025-12-09 282.86  2025-12-10 298.92  5.68 
 EXPE                        Expedia Group Inc  320.14 Hotels, Restaurants & Leisure  2025-12-09 261.27  2025-12-10 274.07  4.90 
 REGN            Regeneron Pharmaceuticals Inc  727.90                 Biotechnology  2025-12-09 692.58  2025-12-10 726.21  4.86 
  RCL              Royal Caribbean Cruises Ltd  677.20 Hotels, Restaurants & Leisure  2025-12-09 248.32  2025-12-10 260.38  4.86 
   EL               Estee Lauder Companies Inc  369.87             Consumer products  2025-12-09 102.64  2025-12-10 107.28  4.52 
  SYF                      Synchrony Financial  291.77            Financial Services   2025-12-09 81.01   2025-12-10 84.55  4.37 
FCNCA First Citizens BancShares Inc (Delaware)  242.16                       Banking 2025-12-09 1971.18 2025-12-10 2056.54  4.33 
  KKR                             KKR & Co Inc 1210.28            Financial Services  2025-12-09 135.78  2025-12-10 141.54  4.24 
 PCAR                               Paccar Inc  572.00                     Machinery  2025-12-09 108.91  2025-12-10 113.48  4.20 
 GRMN                               Garmin Ltd  388.98             Consumer products  2025-12-09 202.24  2025-12-10 210.28  3.98 
 AXON                      Axon Enterprise Inc  431.36           Aerospace & Defense  2025-12-09 546.65  2025-12-10 568.39  3.98 
  DHI                            DR Horton Inc  436.19             Consumer products  2025-12-09 149.35  2025-12-10 155.27  3.96 
  NUE                               Nucor Corp  361.92               Metals & Mining  2025-12-09 158.14  2025-12-10 164.33  3.91 
  DAL                      Delta Air Lines Inc  440.16                      Airlines   2025-12-09 67.41   2025-12-10 69.93  3.74 
  FCX                     Freeport-McMoRan Inc  643.30               Metals & Mining    2025-12-09 44.8   2025-12-10 46.45  3.68 
  STZ                 Constellation Brands Inc  249.56                     Beverages  2025-12-09 143.37  2025-12-10 148.51  3.59 
 AFRM                      Affirm Holdings Inc  225.85            Financial Services   2025-12-09 68.42   2025-12-10 70.86  3.57 
   RF                   Regions Financial Corp  231.85                       Banking   2025-12-09 26.44   2025-12-10 27.38  3.56 

=== 市值超过1000亿的涨跌榜前20名股票 ===
股票代码              公司名称              市值(亿)            板块                 昨天收盘              今天收盘       涨跌幅(%)
 GEV                GE Vernova Inc  1696.57 Electrical Equipment  2025-12-09 625.3  2025-12-10 723.0 15.62 
 KKR                  KKR & Co Inc  1210.28   Financial Services 2025-12-09 135.78 2025-12-10 141.54  4.24 
QCOM                  Qualcomm Inc  1884.96       Semiconductors  2025-12-09 176.0 2025-12-10 182.21  3.53 
SPOT         Spotify Technology SA  1214.10                Media 2025-12-09 589.67 2025-12-10 609.41  3.35 
PLTR     Palantir Technologies Inc  4334.04           Technology 2025-12-09 181.84 2025-12-10 187.91  3.34 
  PH          Parker-Hannifin Corp  1088.90            Machinery 2025-12-09 862.93 2025-12-10 889.25  3.05 
 COF    Capital One Financial Corp  1467.34   Financial Services 2025-12-09 230.81 2025-12-10 237.76  3.01 
 NEE            Nextera Energy Inc  1658.59            Utilities  2025-12-09 79.64  2025-12-10 81.27  2.05 
 ADI            Analog Devices Inc  1352.62       Semiconductors 2025-12-09 276.24 2025-12-10 281.57  1.93 
ANET           Arista Networks Inc  1637.57       Communications 2025-12-09 130.04 2025-12-10 132.36  1.78 
IBKR Interactive Brokers Group Inc  1111.96   Financial Services  2025-12-09 65.56  2025-12-10 66.67  1.69 
 UNP            Union Pacific Corp  1373.52          Road & Rail 2025-12-09 231.56 2025-12-10 235.46  1.68 
AVGO                  Broadcom Inc 19186.50       Semiconductors 2025-12-09 406.29 2025-12-10 412.97  1.64 
 RTX                      RTX Corp  2305.19  Aerospace & Defense 2025-12-09 171.93 2025-12-10 174.72  1.62 
  BN               Brookfield Corp  1156.27   Financial Services   2025-12-09 46.7  2025-12-10 47.42  1.54 
LRCX             Lam Research Corp  2082.62       Semiconductors 2025-12-09 165.81 2025-12-10 168.26  1.48 
 UNH        UnitedHealth Group Inc  2931.29          Health Care  2025-12-09 323.6 2025-12-10 328.37  1.47 
  GS       Goldman Sachs Group Inc  2629.11   Financial Services 2025-12-09 876.58 2025-12-10 889.24  1.44 
TSLA                     Tesla Inc 14805.55          Automobiles 2025-12-09 445.17 2025-12-10 451.45  1.41 
  DE                    Deere & Co  1251.25            Machinery 2025-12-09 462.86  2025-12-10 468.9  1.30 
