
=== 涨幅榜前20名股票 ===
股票代码                公司名称                市值(亿)           板块                 昨天收盘              今天收盘       涨跌幅(%)
STAI           Scantech AI Systems Inc    0.09 Electrical Equipment   2025-12-31 2.46   2026-01-02 3.32 34.96 
AAOI       Applied Optoelectronics Inc   23.80       Communications  2025-12-31 34.86   2026-01-02 39.6 13.60 
SGRP                    SPAR Group Inc    0.19                Media   2025-12-31 0.79   2026-01-02 0.89 12.66 
VRME                      VerifyMe Inc    0.07 Electrical Equipment    2025-12-31 0.6   2026-01-02 0.67 12.28 
RIOT                Riot Platforms Inc   47.11           Technology  2025-12-31 12.67  2026-01-02 14.16 11.76 
FCEL               Fuelcell Energy Inc    3.49 Electrical Equipment   2025-12-31 7.31   2026-01-02 8.17 11.76 
GREE Greenidge Generation Holdings Inc    0.23           Technology   2025-12-31 1.48   2026-01-02 1.64 10.81 
CORT          Corcept Therapeutics Inc   36.61      Pharmaceuticals   2025-12-31 34.8   2026-01-02 38.2  9.77 
BKYI         BIO-Key International Inc    0.06           Technology   2025-12-31 0.54   2026-01-02 0.59  9.20 
VSAT                        Viasat Inc   46.61       Communications  2025-12-31 34.46  2026-01-02 37.63  9.20 
MLSS          Milestone Scientific Inc    0.21          Health Care   2025-12-31 0.27   2026-01-02 0.29  9.15 
AMKR              Amkor Technology Inc   97.59       Semiconductors  2025-12-31 39.48  2026-01-02 42.92  8.71 
LPTH        LightPath Technologies Inc    5.75 Electrical Equipment   2025-12-31 10.8  2026-01-02 11.72  8.52 
 GDC              GD Culture Group Ltd    2.44                Media   2025-12-31 4.26   2026-01-02 4.62  8.45 
LRCX                 Lam Research Corp 2150.07       Semiconductors 2025-12-31 171.18 2026-01-02 185.06  8.11 
RMBS                        Rambus Inc   98.92       Semiconductors  2025-12-31 91.89  2026-01-02 99.28  8.04 
UCTT          Ultra Clean Holdings Inc   11.50       Semiconductors  2025-12-31 25.33  2026-01-02 27.32  7.86 
 CCJ                       Cameco Corp  398.35               Energy  2025-12-31 91.49  2026-01-02 98.56  7.73 
 TER                      Teradyne Inc  303.13       Semiconductors 2025-12-31 193.56 2026-01-02 207.56  7.23 
OGEN                     Oragenics Inc    0.03        Biotechnology   2025-12-31 0.78   2026-01-02 0.83  7.05 

=== 市值超过20亿的涨幅榜前20名股票 ===
股票代码               公司名称                市值(亿)                 板块                       昨天收盘              今天收盘       涨跌幅(%)
AAOI      Applied Optoelectronics Inc   23.80                   Communications  2025-12-31 34.86   2026-01-02 39.6 13.60 
RIOT               Riot Platforms Inc   47.11                       Technology  2025-12-31 12.67  2026-01-02 14.16 11.76 
CORT         Corcept Therapeutics Inc   36.61                  Pharmaceuticals   2025-12-31 34.8   2026-01-02 38.2  9.77 
VSAT                       Viasat Inc   46.61                   Communications  2025-12-31 34.46  2026-01-02 37.63  9.20 
AMKR             Amkor Technology Inc   97.59                   Semiconductors  2025-12-31 39.48  2026-01-02 42.92  8.71 
LRCX                Lam Research Corp 2150.07                   Semiconductors 2025-12-31 171.18 2026-01-02 185.06  8.11 
RMBS                       Rambus Inc   98.92                   Semiconductors  2025-12-31 91.89  2026-01-02 99.28  8.04 
 CCJ                      Cameco Corp  398.35                           Energy  2025-12-31 91.49  2026-01-02 98.56  7.73 
 TER                     Teradyne Inc  303.13                   Semiconductors 2025-12-31 193.56 2026-01-02 207.56  7.23 
LSCC       Lattice Semiconductor Corp  100.65                   Semiconductors  2025-12-31 73.58  2026-01-02 78.65  6.89 
INTC                       Intel Corp 1760.13                   Semiconductors   2025-12-31 36.9  2026-01-02 39.38  6.72 
VICR                       Vicor Corp   48.94             Electrical Equipment  2025-12-31 109.6 2026-01-02 116.86  6.62 
 FTI                   TechnipFMC PLC  180.25                           Energy  2025-12-31 44.56  2026-01-02 47.31  6.17 
SANM                     Sanmina Corp   81.88             Electrical Equipment 2025-12-31 150.07 2026-01-02 159.29  6.14 
KLIC Kulicke and Soffa Industries Inc   23.86                   Semiconductors  2025-12-31 45.56  2026-01-02 48.35  6.12 
FORM                   FormFactor Inc   43.24                   Semiconductors  2025-12-31 55.78  2026-01-02 59.19  6.11 
AEIS   Advanced Energy Industries Inc   79.03             Electrical Equipment 2025-12-31 209.37 2026-01-02 221.99  6.03 
NVMI                         Nova Ltd  100.23                   Semiconductors 2025-12-31 328.39 2026-01-02 347.34  5.77 
  UA                 Under Armour Inc   20.73 Textiles, Apparel & Luxury Goods    2025-12-31 4.8   2026-01-02 5.07  5.62 
 MOD          Modine Manufacturing Co   70.29                         Building 2025-12-31 133.51 2026-01-02 140.81  5.47 

=== 市值超过50亿的涨幅榜前20名股票 ===
股票代码                    公司名称                    市值(亿)           板块                 昨天收盘               今天收盘        涨跌幅(%)
AMKR                      Amkor Technology Inc   97.59       Semiconductors   2025-12-31 39.48   2026-01-02 42.92  8.71 
LRCX                         Lam Research Corp 2150.07       Semiconductors  2025-12-31 171.18  2026-01-02 185.06  8.11 
RMBS                                Rambus Inc   98.92       Semiconductors   2025-12-31 91.89   2026-01-02 99.28  8.04 
 CCJ                               Cameco Corp  398.35               Energy   2025-12-31 91.49   2026-01-02 98.56  7.73 
 TER                              Teradyne Inc  303.13       Semiconductors  2025-12-31 193.56  2026-01-02 207.56  7.23 
LSCC                Lattice Semiconductor Corp  100.65       Semiconductors   2025-12-31 73.58   2026-01-02 78.65  6.89 
INTC                                Intel Corp 1760.13       Semiconductors    2025-12-31 36.9   2026-01-02 39.38  6.72 
 FTI                            TechnipFMC PLC  180.25               Energy   2025-12-31 44.56   2026-01-02 47.31  6.17 
SANM                              Sanmina Corp   81.88 Electrical Equipment  2025-12-31 150.07  2026-01-02 159.29  6.14 
AEIS            Advanced Energy Industries Inc   79.03 Electrical Equipment  2025-12-31 209.37  2026-01-02 221.99  6.03 
NVMI                                  Nova Ltd  100.23       Semiconductors  2025-12-31 328.39  2026-01-02 347.34  5.77 
 MOD                   Modine Manufacturing Co   70.29             Building  2025-12-31 133.51  2026-01-02 140.81  5.47 
COHR                             Coherent Corp  290.06 Electrical Equipment  2025-12-31 184.57  2026-01-02 194.33  5.29 
 OSK                              Oshkosh Corp   79.47            Machinery  2025-12-31 125.63  2026-01-02 132.22  5.25 
CIEN                                Ciena Corp  329.42       Communications  2025-12-31 233.87  2026-01-02 246.06  5.21 
KLAC                                  KLA Corp 1596.52       Semiconductors 2025-12-31 1215.08 2026-01-02 1274.47  4.89 
IESC                          IES Holdings Inc   77.24         Construction  2025-12-31 389.02  2026-01-02 406.91  4.60 
HALO                 Halozyme Therapeutics Inc   79.14        Biotechnology    2025-12-31 67.3   2026-01-02 70.31  4.47 
KTOS Kratos Defense and Security Solutions Inc  128.17  Aerospace & Defense   2025-12-31 75.91   2026-01-02 79.29  4.45 
 STX           Seagate Technology Holdings PLC  588.12           Technology  2025-12-31 275.39  2026-01-02 287.54  4.41 

=== 市值超过100亿的涨幅榜前20名股票 ===
股票代码                    公司名称                    市值(亿)           板块                 昨天收盘               今天收盘        涨跌幅(%)
LRCX                         Lam Research Corp 2150.07       Semiconductors  2025-12-31 171.18  2026-01-02 185.06  8.11 
 CCJ                               Cameco Corp  398.35               Energy   2025-12-31 91.49   2026-01-02 98.56  7.73 
 TER                              Teradyne Inc  303.13       Semiconductors  2025-12-31 193.56  2026-01-02 207.56  7.23 
LSCC                Lattice Semiconductor Corp  100.65       Semiconductors   2025-12-31 73.58   2026-01-02 78.65  6.89 
INTC                                Intel Corp 1760.13       Semiconductors    2025-12-31 36.9   2026-01-02 39.38  6.72 
 FTI                            TechnipFMC PLC  180.25               Energy   2025-12-31 44.56   2026-01-02 47.31  6.17 
NVMI                                  Nova Ltd  100.23       Semiconductors  2025-12-31 328.39  2026-01-02 347.34  5.77 
COHR                             Coherent Corp  290.06 Electrical Equipment  2025-12-31 184.57  2026-01-02 194.33  5.29 
CIEN                                Ciena Corp  329.42       Communications  2025-12-31 233.87  2026-01-02 246.06  5.21 
KLAC                                  KLA Corp 1596.52       Semiconductors 2025-12-31 1215.08 2026-01-02 1274.47  4.89 
KTOS Kratos Defense and Security Solutions Inc  128.17  Aerospace & Defense   2025-12-31 75.91   2026-01-02 79.29  4.45 
 STX           Seagate Technology Holdings PLC  588.12           Technology  2025-12-31 275.39  2026-01-02 287.54  4.41 
 NRG                            NRG Energy Inc  305.17            Utilities  2025-12-31 159.24  2026-01-02 166.16  4.35 
 AMD                Advanced Micro Devices Inc 3486.61       Semiconductors  2025-12-31 214.16  2026-01-02 223.47  4.35 
HUBB                               Hubbell Inc  236.02 Electrical Equipment  2025-12-31 444.11  2026-01-02 463.03  4.26 
  GE                       General Electric Co 3249.14  Aerospace & Defense  2025-12-31 308.03  2026-01-02 320.75  4.13 
  GS                   Goldman Sachs Group Inc 2636.37   Financial Services   2025-12-31 879.0  2026-01-02 914.34  4.02 
  BG                           Bunge Global SA  172.25        Food Products   2025-12-31 89.08   2026-01-02 92.64  4.00 
STLD                        Steel Dynamics Inc  247.46      Metals & Mining  2025-12-31 169.45  2026-01-02 176.06  3.90 
 ATI                                   ATI Inc  155.92  Aerospace & Defense  2025-12-31 114.76   2026-01-02 119.2  3.87 

=== 市值超过200亿的涨幅榜前20名股票 ===
股票代码               公司名称               市值(亿)                 板块                       昨天收盘               今天收盘        涨跌幅(%)
LRCX               Lam Research Corp 2150.07                   Semiconductors  2025-12-31 171.18  2026-01-02 185.06  8.11 
 CCJ                     Cameco Corp  398.35                           Energy   2025-12-31 91.49   2026-01-02 98.56  7.73 
 TER                    Teradyne Inc  303.13                   Semiconductors  2025-12-31 193.56  2026-01-02 207.56  7.23 
INTC                      Intel Corp 1760.13                   Semiconductors    2025-12-31 36.9   2026-01-02 39.38  6.72 
COHR                   Coherent Corp  290.06             Electrical Equipment  2025-12-31 184.57  2026-01-02 194.33  5.29 
CIEN                      Ciena Corp  329.42                   Communications  2025-12-31 233.87  2026-01-02 246.06  5.21 
KLAC                        KLA Corp 1596.52                   Semiconductors 2025-12-31 1215.08 2026-01-02 1274.47  4.89 
 STX Seagate Technology Holdings PLC  588.12                       Technology  2025-12-31 275.39  2026-01-02 287.54  4.41 
 NRG                  NRG Energy Inc  305.17                        Utilities  2025-12-31 159.24  2026-01-02 166.16  4.35 
 AMD      Advanced Micro Devices Inc 3486.61                   Semiconductors  2025-12-31 214.16  2026-01-02 223.47  4.35 
HUBB                     Hubbell Inc  236.02             Electrical Equipment  2025-12-31 444.11  2026-01-02 463.03  4.26 
  GE             General Electric Co 3249.14              Aerospace & Defense  2025-12-31 308.03  2026-01-02 320.75  4.13 
  GS         Goldman Sachs Group Inc 2636.37               Financial Services   2025-12-31 879.0  2026-01-02 914.34  4.02 
STLD              Steel Dynamics Inc  247.46                  Metals & Mining  2025-12-31 169.45  2026-01-02 176.06  3.90 
 NUE                      Nucor Corp  373.29                  Metals & Mining  2025-12-31 163.11   2026-01-02 169.4  3.86 
 LHX       L3Harris Technologies Inc  549.13              Aerospace & Defense  2025-12-31 293.57  2026-01-02 304.48  3.72 
 HUM                      Humana Inc  308.06                      Health Care  2025-12-31 256.13  2026-01-02 264.48  3.26 
 TGT                     Target Corp  442.62                           Retail   2025-12-31 97.75  2026-01-02 100.51  2.82 
 VMC             Vulcan Materials Co  376.86                     Construction  2025-12-31 285.22  2026-01-02 292.65  2.61 
  RL               Ralph Lauren Corp  214.50 Textiles, Apparel & Luxury Goods  2025-12-31 353.61  2026-01-02 362.53  2.52 

=== 市值超过1000亿的涨跌榜前20名股票 ===
股票代码            公司名称             市值(亿)            板块                昨天收盘               今天收盘        涨跌幅(%)
LRCX          Lam Research Corp  2150.07      Semiconductors  2025-12-31 171.18  2026-01-02 185.06  8.11 
INTC                 Intel Corp  1760.13      Semiconductors    2025-12-31 36.9   2026-01-02 39.38  6.72 
KLAC                   KLA Corp  1596.52      Semiconductors 2025-12-31 1215.08 2026-01-02 1274.47  4.89 
 AMD Advanced Micro Devices Inc  3486.61      Semiconductors  2025-12-31 214.16  2026-01-02 223.47  4.35 
  GE        General Electric Co  3249.14 Aerospace & Defense  2025-12-31 308.03  2026-01-02 320.75  4.13 
  GS    Goldman Sachs Group Inc  2636.37  Financial Services   2025-12-31 879.0  2026-01-02 914.34  4.02 
 TXN      Texas Instruments Inc  1576.37      Semiconductors  2025-12-31 173.49  2026-01-02 177.52  2.32 
 COF Capital One Financial Corp  1540.76  Financial Services  2025-12-31 242.36  2026-01-02 247.93  2.30 
 RTX                   RTX Corp  2458.98 Aerospace & Defense   2025-12-31 183.4  2026-01-02 187.25  2.10 
 XOM           Exxon Mobil Corp  5074.94              Energy  2025-12-31 120.34  2026-01-02 122.65  1.92 
 UNH     UnitedHealth Group Inc  2990.26         Health Care  2025-12-31 330.11   2026-01-02 336.4  1.91 
 BAC       Bank of America Corp  4016.37             Banking    2025-12-31 55.0   2026-01-02 55.95  1.73 
  PH       Parker-Hannifin Corp  1109.13           Machinery  2025-12-31 878.96  2026-01-02 893.98  1.71 
 TTE           TotalEnergies SE  1199.14              Energy   2025-12-31 65.42   2026-01-02 66.51  1.67 
  BN            Brookfield Corp  1136.28  Financial Services   2025-12-31 45.89   2026-01-02 46.63  1.61 
 BLK              BlackRock Inc  1746.14  Financial Services 2025-12-31 1070.34 2026-01-02 1085.06  1.38 
NVDA                NVIDIA Corp 45319.50      Semiconductors   2025-12-31 186.5  2026-01-02 188.85  1.26 
QCOM               Qualcomm Inc  1831.95      Semiconductors  2025-12-31 171.05  2026-01-02 172.98  1.13 
 CVS            CVS Health Corp  1007.42         Health Care   2025-12-31 79.36   2026-01-02 80.13  0.97 
 ADI         Analog Devices Inc  1327.94      Semiconductors   2025-12-31 271.2  2026-01-02 273.74  0.94 
