2025-01-25 12:43:20,672 - INFO: 日志目录: logs/20250125_124320
2025-01-25 12:43:20,673 - INFO: 日志文件: logs/20250125_124320/execution.log
2025-01-25 12:43:20,673 - INFO: 从 Finnhub 获取股票列表...
2025-01-25 12:43:34,798 - INFO: 获取到 18 个股票
2025-01-25 12:43:34,808 - INFO: 开始处理 18 只股票...
2025-01-25 12:43:35,053 - INFO: 股票 AHCD 数据不足
2025-01-25 12:43:35,053 - INFO: 股票 SBREF 数据不足
2025-01-25 12:43:36,144 - INFO: 股票 REOP 市值数据无效
2025-01-25 12:43:36,348 - INFO: 进度: 10/18 (55.56%) 有效数据: 7
2025-01-25 12:43:36,417 - INFO: 股票 RSEKS 数据不足
2025-01-25 12:43:38,966 - INFO: 
处理完成!
2025-01-25 12:43:38,966 - INFO: 总计处理: 18 只股票
2025-01-25 12:43:38,966 - INFO: 有效数据: 14 只股票
2025-01-25 12:43:38,966 - INFO: 无效数据: 4 只股票
2025-01-25 12:43:38,969 - INFO: 日志目录: logs/20250125_124320
2025-01-25 12:43:38,969 - INFO: 日志文件: logs/20250125_124320/execution.log
2025-01-25 12:43:38,970 - INFO: 
=== 涨幅榜前20名股票 ===
2025-01-25 12:43:38,970 - INFO: 
=== 涨幅榜前20名股票 ===
2025-01-25 12:43:38,981 - INFO: 
   股票代码                             公司名称  市值(亿)                            板块                          昨天收盘                          今天收盘  涨跌幅(%)
11      SRG           Seritage Growth Properties      2.17                     Real Estate     2025-01-23 3.8499999046325684     2025-01-24 3.9000000953674316       1.30
0     ABNAF                    Aben Minerals Ltd      0.01                 Metals & Mining    2025-01-23 0.05400000140070915    2025-01-24 0.05400000140070915       0.00
1     PRCXF               Green Cross Health Ltd      1.15                          Retail      2025-01-23 0.699999988079071      2025-01-24 0.699999988079071       0.00
2     SUNYF                Sunshine Oilsands Ltd      1.24                          Energy    2025-01-23 0.07249999791383743    2025-01-24 0.07249999791383743       0.00
3     MSUXF                     Misumi Group Inc   6539.27                       Machinery     2025-01-23 15.100000381469727     2025-01-24 15.100000381469727       0.00
4      SPGX       Sustainable Projects Group Inc      2.30                             N/A                   2025-01-23 0.75                   2025-01-24 0.75       0.00
8      HLFN             Home Loan Financial Corp      0.46                         Banking     2025-01-23 32.650001525878906     2025-01-24 32.650001525878906       0.00
9     PIGEF                          Pigeon Corp   1714.38               Consumer products      2025-01-23 10.53600025177002      2025-01-24 10.53600025177002       0.00
10    KVGOF                Kavango Resources PLC      0.13                 Metals & Mining    2025-01-23 0.01119999960064888    2025-01-24 0.01119999960064888       0.00
12    IDGXF  Integrated Diagnostics Holdings PLC      2.33                     Health Care      2025-01-23 0.419050008058548      2025-01-24 0.419050008058548       0.00
13    FPSUF            Capha Pharmaceuticals Inc      0.00                             N/A  2025-01-23 9.999999747378752e-05  2025-01-24 9.999999747378752e-05       0.00
6     ONTTF     Oxford Nanopore Technologies PLC     13.58  Life Sciences Tools & Services      2025-01-23 1.815000057220459     2025-01-24 1.7699999809265137      -2.48
5     TGIFF                  1933 Industries Inc      0.05                 Pharmaceuticals    2025-01-23 0.00419999985024333  2025-01-24 0.0038999998942017555      -7.14
7      XCRT                        Xcelerate Inc      0.06                     Health Care     2025-01-23 0.0173799991607666   2025-01-24 0.014530000276863575     -16.40
2025-01-25 12:43:38,981 - INFO: 
   股票代码                             公司名称  市值(亿)                            板块                          昨天收盘                          今天收盘  涨跌幅(%)
11      SRG           Seritage Growth Properties      2.17                     Real Estate     2025-01-23 3.8499999046325684     2025-01-24 3.9000000953674316       1.30
0     ABNAF                    Aben Minerals Ltd      0.01                 Metals & Mining    2025-01-23 0.05400000140070915    2025-01-24 0.05400000140070915       0.00
1     PRCXF               Green Cross Health Ltd      1.15                          Retail      2025-01-23 0.699999988079071      2025-01-24 0.699999988079071       0.00
2     SUNYF                Sunshine Oilsands Ltd      1.24                          Energy    2025-01-23 0.07249999791383743    2025-01-24 0.07249999791383743       0.00
3     MSUXF                     Misumi Group Inc   6539.27                       Machinery     2025-01-23 15.100000381469727     2025-01-24 15.100000381469727       0.00
4      SPGX       Sustainable Projects Group Inc      2.30                             N/A                   2025-01-23 0.75                   2025-01-24 0.75       0.00
8      HLFN             Home Loan Financial Corp      0.46                         Banking     2025-01-23 32.650001525878906     2025-01-24 32.650001525878906       0.00
9     PIGEF                          Pigeon Corp   1714.38               Consumer products      2025-01-23 10.53600025177002      2025-01-24 10.53600025177002       0.00
10    KVGOF                Kavango Resources PLC      0.13                 Metals & Mining    2025-01-23 0.01119999960064888    2025-01-24 0.01119999960064888       0.00
12    IDGXF  Integrated Diagnostics Holdings PLC      2.33                     Health Care      2025-01-23 0.419050008058548      2025-01-24 0.419050008058548       0.00
13    FPSUF            Capha Pharmaceuticals Inc      0.00                             N/A  2025-01-23 9.999999747378752e-05  2025-01-24 9.999999747378752e-05       0.00
6     ONTTF     Oxford Nanopore Technologies PLC     13.58  Life Sciences Tools & Services      2025-01-23 1.815000057220459     2025-01-24 1.7699999809265137      -2.48
5     TGIFF                  1933 Industries Inc      0.05                 Pharmaceuticals    2025-01-23 0.00419999985024333  2025-01-24 0.0038999998942017555      -7.14
7      XCRT                        Xcelerate Inc      0.06                     Health Care     2025-01-23 0.0173799991607666   2025-01-24 0.014530000276863575     -16.40
2025-01-25 12:43:38,982 - INFO: 
=== 市值超过20亿的涨幅榜前20名股票 ===
2025-01-25 12:43:38,982 - INFO: 
=== 市值超过20亿的涨幅榜前20名股票 ===
2025-01-25 12:43:38,987 - INFO: 
  股票代码          公司名称  市值(亿)               板块                       昨天收盘                       今天收盘  涨跌幅(%)
3    MSUXF  Misumi Group Inc   6539.27          Machinery  2025-01-23 15.100000381469727  2025-01-24 15.100000381469727        0.0
9    PIGEF       Pigeon Corp   1714.38  Consumer products   2025-01-23 10.53600025177002   2025-01-24 10.53600025177002        0.0
2025-01-25 12:43:38,987 - INFO: 
  股票代码          公司名称  市值(亿)               板块                       昨天收盘                       今天收盘  涨跌幅(%)
3    MSUXF  Misumi Group Inc   6539.27          Machinery  2025-01-23 15.100000381469727  2025-01-24 15.100000381469727        0.0
9    PIGEF       Pigeon Corp   1714.38  Consumer products   2025-01-23 10.53600025177002   2025-01-24 10.53600025177002        0.0
2025-01-25 12:43:38,988 - INFO: 
=== 市值超过50亿的涨幅榜前20名股票 ===
2025-01-25 12:43:38,988 - INFO: 
=== 市值超过50亿的涨幅榜前20名股票 ===
2025-01-25 12:43:38,992 - INFO: 
  股票代码          公司名称  市值(亿)               板块                       昨天收盘                       今天收盘  涨跌幅(%)
3    MSUXF  Misumi Group Inc   6539.27          Machinery  2025-01-23 15.100000381469727  2025-01-24 15.100000381469727        0.0
9    PIGEF       Pigeon Corp   1714.38  Consumer products   2025-01-23 10.53600025177002   2025-01-24 10.53600025177002        0.0
2025-01-25 12:43:38,992 - INFO: 
  股票代码          公司名称  市值(亿)               板块                       昨天收盘                       今天收盘  涨跌幅(%)
3    MSUXF  Misumi Group Inc   6539.27          Machinery  2025-01-23 15.100000381469727  2025-01-24 15.100000381469727        0.0
9    PIGEF       Pigeon Corp   1714.38  Consumer products   2025-01-23 10.53600025177002   2025-01-24 10.53600025177002        0.0
2025-01-25 12:43:38,993 - INFO: 
=== 市值超过100亿的涨幅榜前20名股票 ===
2025-01-25 12:43:38,993 - INFO: 
=== 市值超过100亿的涨幅榜前20名股票 ===
2025-01-25 12:43:38,997 - INFO: 
  股票代码          公司名称  市值(亿)               板块                       昨天收盘                       今天收盘  涨跌幅(%)
3    MSUXF  Misumi Group Inc   6539.27          Machinery  2025-01-23 15.100000381469727  2025-01-24 15.100000381469727        0.0
9    PIGEF       Pigeon Corp   1714.38  Consumer products   2025-01-23 10.53600025177002   2025-01-24 10.53600025177002        0.0
2025-01-25 12:43:38,997 - INFO: 
  股票代码          公司名称  市值(亿)               板块                       昨天收盘                       今天收盘  涨跌幅(%)
3    MSUXF  Misumi Group Inc   6539.27          Machinery  2025-01-23 15.100000381469727  2025-01-24 15.100000381469727        0.0
9    PIGEF       Pigeon Corp   1714.38  Consumer products   2025-01-23 10.53600025177002   2025-01-24 10.53600025177002        0.0
2025-01-25 12:43:38,998 - INFO: 
=== 市值超过200亿的涨幅榜前20名股票 ===
2025-01-25 12:43:38,998 - INFO: 
=== 市值超过200亿的涨幅榜前20名股票 ===
2025-01-25 12:43:39,002 - INFO: 
  股票代码          公司名称  市值(亿)               板块                       昨天收盘                       今天收盘  涨跌幅(%)
3    MSUXF  Misumi Group Inc   6539.27          Machinery  2025-01-23 15.100000381469727  2025-01-24 15.100000381469727        0.0
9    PIGEF       Pigeon Corp   1714.38  Consumer products   2025-01-23 10.53600025177002   2025-01-24 10.53600025177002        0.0
2025-01-25 12:43:39,002 - INFO: 
  股票代码          公司名称  市值(亿)               板块                       昨天收盘                       今天收盘  涨跌幅(%)
3    MSUXF  Misumi Group Inc   6539.27          Machinery  2025-01-23 15.100000381469727  2025-01-24 15.100000381469727        0.0
9    PIGEF       Pigeon Corp   1714.38  Consumer products   2025-01-23 10.53600025177002   2025-01-24 10.53600025177002        0.0
2025-01-25 12:43:39,003 - INFO: 
=== 市值超过1000亿的涨幅榜前20名股票 ===
2025-01-25 12:43:39,003 - INFO: 
=== 市值超过1000亿的涨幅榜前20名股票 ===
2025-01-25 12:43:39,008 - INFO: 
  股票代码          公司名称  市值(亿)               板块                       昨天收盘                       今天收盘  涨跌幅(%)
3    MSUXF  Misumi Group Inc   6539.27          Machinery  2025-01-23 15.100000381469727  2025-01-24 15.100000381469727        0.0
9    PIGEF       Pigeon Corp   1714.38  Consumer products   2025-01-23 10.53600025177002   2025-01-24 10.53600025177002        0.0
2025-01-25 12:43:39,008 - INFO: 
  股票代码          公司名称  市值(亿)               板块                       昨天收盘                       今天收盘  涨跌幅(%)
3    MSUXF  Misumi Group Inc   6539.27          Machinery  2025-01-23 15.100000381469727  2025-01-24 15.100000381469727        0.0
9    PIGEF       Pigeon Corp   1714.38  Consumer products   2025-01-23 10.53600025177002   2025-01-24 10.53600025177002        0.0
2025-01-25 12:43:39,008 - INFO: 结果已保存到: logs/20250125_124320/top20_result.log
2025-01-25 12:43:39,008 - INFO: 日志目录: logs/20250125_124320
2025-01-25 12:43:39,008 - INFO: 日志文件: logs/20250125_124320/execution.log
2025-01-25 12:43:39,009 - INFO: 股票数据已保存到 logs/20250125_124320/stocks_data.json
2025-01-25 12:43:39,013 - INFO: 
=== 板块涨跌分析 ===
2025-01-25 12:43:39,016 - INFO: 
                              板块  平均涨跌幅  股票数量
9                      Real Estate        1.30         1
0                          Banking        0.00         1
1                Consumer products        0.00         1
2                           Energy        0.00         1
5                        Machinery        0.00         1
6                  Metals & Mining        0.00         2
7                              N/A        0.00         2
10                          Retail        0.00         1
4   Life Sciences Tools & Services       -2.48         1
8                  Pharmaceuticals       -7.14         1
3                      Health Care       -8.20         2
2025-01-25 12:43:39,017 - INFO: 板块分析已保存到 logs/20250125_124320/sector_analysis.json
