
=== 涨幅榜前20名股票 ===
股票代码                  公司名称                 市值(亿)               板块                     昨天收盘             今天收盘       涨跌幅(%)
 RAY                   Raytech Holding Ltd  0.15                   Distributors  2025-03-10 0.87  2025-03-11 1.69 94.25 
TSVT                      2Seventy Bio Inc  1.44                  Biotechnology   2025-03-10 2.8  2025-03-11 4.95 76.79 
SYRS             Syros Pharmaceuticals Inc  0.02                  Biotechnology  2025-03-10 0.09  2025-03-11 0.14 47.83 
SPHL               Springview Holdings Ltd  0.88              Consumer products  2025-03-10 4.08   2025-03-11 6.0 47.06 
CYRX                          Cryoport Inc  2.35 Life Sciences Tools & Services   2025-03-10 4.7  2025-03-11 6.65 41.49 
 MYO                             Myomo Inc  1.39                    Health Care  2025-03-10 4.17  2025-03-11 5.87 40.77 
METC                  Ramaco Resources Inc  4.45                Metals & Mining   2025-03-10 8.4 2025-03-11 11.62 38.33 
MHLD                   Maiden Holdings Ltd  1.07                      Insurance  2025-03-10 0.74  2025-03-11 0.98 32.30 
BDMD Baird Medical Investment Holdings Ltd  1.25                    Health Care  2025-03-10 3.53  2025-03-11 4.62 30.88 
LFMD                            LifeMD Inc  1.85                    Health Care  2025-03-10 4.27  2025-03-11 5.57 30.56 
TSAT                          Telesat Corp  2.43              Telecommunication  2025-03-10 17.3 2025-03-11 21.88 26.47 
 PAY                Paymentus Holdings Inc 30.76             Financial Services 2025-03-10 24.68 2025-03-11 30.75 24.59 
MIGI       Mawson Infrastructure Group Inc  0.08                     Technology  2025-03-10 0.44  2025-03-11 0.55 24.30 
HLLY                            Holley Inc  2.88                Auto Components   2025-03-10 2.4  2025-03-11 2.98 24.17 
ANEB           Anebulo Pharmaceuticals Inc  0.46                Pharmaceuticals  2025-03-10 1.12  2025-03-11 1.39 24.11 
 BVS                         Bioventus Inc  7.11                    Health Care  2025-03-10 8.76  2025-03-11 10.8 23.29 
SNOA            Sonoma Pharmaceuticals Inc  0.05                Pharmaceuticals  2025-03-10 2.79   2025-03-11 3.4 21.86 
NUVB                      Nuvation Bio Inc  6.37                Pharmaceuticals  2025-03-10 1.88  2025-03-11 2.29 21.81 
TNON                     Tenon Medical Inc  0.04                    Health Care  2025-03-10 1.25  2025-03-11 1.51 20.80 
RAND                     Rand Capital Corp  0.50             Financial Services 2025-03-10 19.42 2025-03-11 23.38 20.37 

=== 市值超过20亿的涨幅榜前20名股票 ===
股票代码                公司名称                市值(亿)                 板块                       昨天收盘              今天收盘       涨跌幅(%)
 PAY             Paymentus Holdings Inc  30.76               Financial Services  2025-03-10 24.68  2025-03-11 30.75 24.59 
  GH                Guardant Health Inc  44.23                      Health Care  2025-03-10 35.84  2025-03-11 42.63 18.95 
RDDT                         Reddit Inc 194.09                            Media 2025-03-10 107.29 2025-03-11 122.73 14.39 
SMCI           Super Micro Computer Inc 218.99                       Technology   2025-03-10 36.9  2025-03-11 40.84 10.68 
  BE                  Bloom Energy Corp  52.12             Electrical Equipment  2025-03-10 22.62   2025-03-11 25.0 10.52 
 SMR                 Nuscale Power Corp  41.43             Electrical Equipment  2025-03-10 14.67  2025-03-11 16.21 10.50 
CRDO Credo Technology Group Holding Ltd  65.98                   Semiconductors  2025-03-10 39.45  2025-03-11 43.36  9.91 
MSTR                  Microstrategy Inc 617.75                       Technology 2025-03-10 239.27 2025-03-11 260.59  8.91 
 MDB                        MongoDB Inc 134.29                       Technology 2025-03-10 180.32  2025-03-11 195.7  8.53 
SARO                 StandardAero, Inc.  87.96              Aerospace & Defense   2025-03-10 26.3  2025-03-11 28.54  8.52 
 LUV              Southwest Airlines Co 167.01                         Airlines  2025-03-10 28.18  2025-03-11 30.53  8.34 
 APP                      Applovin Corp 809.37                       Technology 2025-03-10 238.08 2025-03-11 257.76  8.27 
LITE              Lumentum Holdings Inc  39.73                   Communications  2025-03-10 57.41  2025-03-11 62.05  8.08 
FTAI                  FTAI Aviation Ltd 100.18 Trading Companies & Distributors  2025-03-10 97.69 2025-03-11 105.58  8.08 
  VG                 Venture Global Inc 216.55                           Energy   2025-03-10 8.95   2025-03-11 9.67  8.04 
 NXT                     Nextracker Inc  60.74             Electrical Equipment  2025-03-10 41.71  2025-03-11 44.94  7.74 
CORZ                Core Scientific Inc  23.56                       Technology   2025-03-10 8.01   2025-03-11 8.63  7.74 
 MTN                   Vail Resorts Inc  57.50    Hotels, Restaurants & Leisure 2025-03-10 153.58 2025-03-11 165.42  7.71 
 KFY                         Korn Ferry  32.25            Professional Services  2025-03-10 62.52  2025-03-11 67.27  7.60 
OKLO                           Oklo Inc  28.92                        Utilities  2025-03-10 23.69  2025-03-11 25.47  7.51 

=== 市值超过50亿的涨幅榜前20名股票 ===
股票代码                公司名称                市值(亿)                 板块                       昨天收盘              今天收盘       涨跌幅(%)
RDDT                         Reddit Inc 194.09                            Media 2025-03-10 107.29 2025-03-11 122.73 14.39 
SMCI           Super Micro Computer Inc 218.99                       Technology   2025-03-10 36.9  2025-03-11 40.84 10.68 
  BE                  Bloom Energy Corp  52.12             Electrical Equipment  2025-03-10 22.62   2025-03-11 25.0 10.52 
CRDO Credo Technology Group Holding Ltd  65.98                   Semiconductors  2025-03-10 39.45  2025-03-11 43.36  9.91 
MSTR                  Microstrategy Inc 617.75                       Technology 2025-03-10 239.27 2025-03-11 260.59  8.91 
 MDB                        MongoDB Inc 134.29                       Technology 2025-03-10 180.32  2025-03-11 195.7  8.53 
SARO                 StandardAero, Inc.  87.96              Aerospace & Defense   2025-03-10 26.3  2025-03-11 28.54  8.52 
 LUV              Southwest Airlines Co 167.01                         Airlines  2025-03-10 28.18  2025-03-11 30.53  8.34 
 APP                      Applovin Corp 809.37                       Technology 2025-03-10 238.08 2025-03-11 257.76  8.27 
FTAI                  FTAI Aviation Ltd 100.18 Trading Companies & Distributors  2025-03-10 97.69 2025-03-11 105.58  8.08 
  VG                 Venture Global Inc 216.55                           Energy   2025-03-10 8.95   2025-03-11 9.67  8.04 
 NXT                     Nextracker Inc  60.74             Electrical Equipment  2025-03-10 41.71  2025-03-11 44.94  7.74 
 MTN                   Vail Resorts Inc  57.50    Hotels, Restaurants & Leisure 2025-03-10 153.58 2025-03-11 165.42  7.71 
RGEN                      Repligen Corp  76.75   Life Sciences Tools & Services 2025-03-10 136.99 2025-03-11 147.13  7.40 
ALAB                    Astera Labs Inc 100.05                   Semiconductors   2025-03-10 61.7  2025-03-11 66.05  7.05 
COIN                Coinbase Global Inc 455.03               Financial Services 2025-03-10 179.23 2025-03-11 191.69  6.95 
 VRT                 Vertiv Holdings Co 297.08             Electrical Equipment  2025-03-10 78.02  2025-03-11 83.12  6.54 
 TLN                  Talen Energy Corp  76.18                        Utilities 2025-03-10 165.75 2025-03-11 176.56  6.52 
ESTC                         Elastic NV  95.20                       Technology  2025-03-10 91.18  2025-03-11 97.09  6.48 
STEP                StepStone Group Inc  55.45               Financial Services  2025-03-10 47.81   2025-03-11 50.9  6.46 

=== 市值超过100亿的涨幅榜前20名股票 ===
股票代码            公司名称            市值(亿)                 板块                       昨天收盘              今天收盘        涨跌幅(%)
RDDT                 Reddit Inc 194.09                            Media 2025-03-10 107.29  2025-03-11 122.73 14.39 
SMCI   Super Micro Computer Inc 218.99                       Technology   2025-03-10 36.9   2025-03-11 40.84 10.68 
MSTR          Microstrategy Inc 617.75                       Technology 2025-03-10 239.27  2025-03-11 260.59  8.91 
 MDB                MongoDB Inc 134.29                       Technology 2025-03-10 180.32   2025-03-11 195.7  8.53 
 LUV      Southwest Airlines Co 167.01                         Airlines  2025-03-10 28.18   2025-03-11 30.53  8.34 
 APP              Applovin Corp 809.37                       Technology 2025-03-10 238.08  2025-03-11 257.76  8.27 
FTAI          FTAI Aviation Ltd 100.18 Trading Companies & Distributors  2025-03-10 97.69  2025-03-11 105.58  8.08 
  VG         Venture Global Inc 216.55                           Energy   2025-03-10 8.95    2025-03-11 9.67  8.04 
ALAB            Astera Labs Inc 100.05                   Semiconductors   2025-03-10 61.7   2025-03-11 66.05  7.05 
COIN        Coinbase Global Inc 455.03               Financial Services 2025-03-10 179.23  2025-03-11 191.69  6.95 
 VRT         Vertiv Holdings Co 297.08             Electrical Equipment  2025-03-10 78.02   2025-03-11 83.12  6.54 
COKE Coca-Cola Consolidated Inc 107.02                        Beverages 2025-03-10 1227.6 2025-03-11 1303.52  6.18 
CYBR      Cyberark Software Ltd 154.18                       Technology  2025-03-10 312.8  2025-03-11 330.95  5.80 
NTRA                 Natera Inc 179.30                    Biotechnology 2025-03-10 132.63  2025-03-11 140.02  5.57 
 VST                Vistra Corp 367.74                        Utilities 2025-03-10 108.49  2025-03-11 114.36  5.41 
 IOT                Samsara Inc 191.14                       Technology  2025-03-10 34.06    2025-03-11 35.9  5.40 
 GEV             Ge Vernova Inc 745.29             Electrical Equipment 2025-03-10 270.13  2025-03-11 284.21  5.21 
  NU            Nu Holdings Ltd 480.54                          Banking  2025-03-10 10.12    2025-03-11 10.6  4.74 
  AU      Anglogold Ashanti PLC 154.28                  Metals & Mining  2025-03-10 30.64   2025-03-11 32.09  4.73 
GRAB          Grab Holdings Ltd 163.03                      Road & Rail   2025-03-10 4.12    2025-03-11 4.31  4.61 

=== 市值超过200亿的涨幅榜前20名股票 ===
股票代码             公司名称              市值(亿)                板块                     昨天收盘              今天收盘       涨跌幅(%)
SMCI     Super Micro Computer Inc  218.99                    Technology   2025-03-10 36.9  2025-03-11 40.84 10.68 
MSTR            Microstrategy Inc  617.75                    Technology 2025-03-10 239.27 2025-03-11 260.59  8.91 
 APP                Applovin Corp  809.37                    Technology 2025-03-10 238.08 2025-03-11 257.76  8.27 
  VG           Venture Global Inc  216.55                        Energy   2025-03-10 8.95   2025-03-11 9.67  8.04 
COIN          Coinbase Global Inc  455.03            Financial Services 2025-03-10 179.23 2025-03-11 191.69  6.95 
 VRT           Vertiv Holdings Co  297.08          Electrical Equipment  2025-03-10 78.02  2025-03-11 83.12  6.54 
 VST                  Vistra Corp  367.74                     Utilities 2025-03-10 108.49 2025-03-11 114.36  5.41 
 GEV               Ge Vernova Inc  745.29          Electrical Equipment 2025-03-10 270.13 2025-03-11 284.21  5.21 
  NU              Nu Holdings Ltd  480.54                       Banking  2025-03-10 10.12   2025-03-11 10.6  4.74 
 FCX         Freeport-McMoRan Inc  495.79               Metals & Mining   2025-03-10 34.5  2025-03-11 35.88  4.00 
  BA                    Boeing Co 1111.24           Aerospace & Defense 2025-03-10 148.15 2025-03-11 154.06  3.99 
SPOT        Spotify Technology SA  982.32                         Media 2025-03-10 489.24 2025-03-11 508.44  3.92 
TEAM               Atlassian Corp  565.63                    Technology 2025-03-10 215.89  2025-03-11 224.1  3.80 
TSLA                    Tesla Inc 7145.49                   Automobiles 2025-03-10 222.15 2025-03-11 230.58  3.79 
 KKR                 KKR & Co Inc  960.82            Financial Services 2025-03-10 108.17 2025-03-11 112.11  3.64 
 APO Apollo Global Management Inc  718.86            Financial Services 2025-03-10 126.01 2025-03-11 130.42  3.50 
 EQT                     EQT Corp  283.72                        Energy  2025-03-10 47.49  2025-03-11 49.11  3.41 
DASH                 DoorDash Inc  747.18 Hotels, Restaurants & Leisure 2025-03-10 177.86 2025-03-11 183.73  3.30 
NFLX                  Netflix Inc 3707.29                         Media 2025-03-10 866.68  2025-03-11 895.1  3.28 
 CEG    Constellation Energy Corp  632.61                     Utilities 2025-03-10 202.21 2025-03-11 208.58  3.15 

=== 市值超过1000亿的涨跌榜前20名股票 ===
 股票代码                 公司名称                 市值(亿)                  板块                       昨天收盘              今天收盘       涨跌幅(%)
   BA                           Boeing Co  1111.24              Aerospace & Defense 2025-03-10 148.15 2025-03-11 154.06  3.99 
 TSLA                           Tesla Inc  7145.49                      Automobiles 2025-03-10 222.15 2025-03-11 230.58  3.79 
 NFLX                         Netflix Inc  3707.29                            Media 2025-03-10 866.68  2025-03-11 895.1  3.28 
 AVGO                        Broadcom Inc  8672.71                   Semiconductors 2025-03-10 184.45 2025-03-11 190.09  3.06 
  COP                      Conocophillips  1182.04                           Energy   2025-03-10 92.9  2025-03-11 95.41  2.70 
 ISRG              Intuitive Surgical Inc  1721.26                      Health Care 2025-03-10 482.61 2025-03-11 493.72  2.30 
 PLTR           Palantir Technologies Inc  1791.38                       Technology  2025-03-10 76.38  2025-03-11 78.05  2.19 
ASMLF                     ASML Holding NV  2477.20                   Semiconductors  2025-03-10 682.0 2025-03-11 693.91  1.75 
  ETN               Eaton Corporation PLC  1088.23             Electrical Equipment 2025-03-10 277.61 2025-03-11 282.31  1.69 
 NVDA                         NVIDIA Corp 26103.12                   Semiconductors 2025-03-10 106.98 2025-03-11 108.76  1.66 
  CRM                      Salesforce Inc  2622.57                       Technology  2025-03-10 272.9 2025-03-11 277.05  1.52 
  BSX              Boston Scientific Corp  1389.15                      Health Care  2025-03-10 94.13  2025-03-11 95.52  1.48 
 META                  Meta Platforms Inc 15151.03                            Media 2025-03-10 597.99 2025-03-11 605.71  1.29 
  UNH              Unitedhealth Group Inc  4392.63                      Health Care 2025-03-10 480.22 2025-03-11 486.04  1.21 
 INTU                          Intuit Inc  1620.84                       Technology 2025-03-10 579.78 2025-03-11 586.71  1.20 
 AMZN                      Amazon.com Inc 20616.82                           Retail 2025-03-10 194.54 2025-03-11 196.59  1.05 
LVMHF LVMH Moet Hennessy Louis Vuitton SE  3148.63 Textiles, Apparel & Luxury Goods  2025-03-10 681.0 2025-03-11 687.83  1.00 
   PM     Philip Morris International Inc  2341.46                          Tobacco 2025-03-10 150.59  2025-03-11 152.1  1.00 
   MS                      Morgan Stanley  1801.40               Financial Services 2025-03-10 111.69 2025-03-11 112.04  0.31 
 SHOP                         Shopify Inc  1200.95                       Technology  2025-03-10 92.75  2025-03-11 92.95  0.22 
