2025-01-25 10:43:20,283 - INFO: 日志目录: top20_stocks_everyday/20250125_104320
2025-01-25 10:43:20,284 - INFO: 日志文件: top20_stocks_everyday/20250125_104320/execution.log
2025-01-25 10:43:20,284 - INFO: 从 Finnhub 获取股票列表...
2025-01-25 10:43:21,954 - INFO: 获取到 15 个股票
2025-01-25 10:43:21,964 - INFO: 开始处理 15 只股票...
2025-01-25 10:43:26,974 - INFO: 股票 GARQF 市值数据无效
2025-01-25 10:43:27,162 - INFO: 进度: 10/15 (66.67%) 有效数据: 9
2025-01-25 10:43:33,732 - INFO: 股票 PLLVF 市值数据无效
2025-01-25 10:43:33,734 - INFO: 
处理完成!
2025-01-25 10:43:33,734 - INFO: 总计处理: 15 只股票
2025-01-25 10:43:33,734 - INFO: 有效数据: 13 只股票
2025-01-25 10:43:33,734 - INFO: 无效数据: 2 只股票
2025-01-25 10:43:33,738 - INFO: 日志目录: top20_stocks_everyday/20250125_104320
2025-01-25 10:43:33,738 - INFO: 日志文件: top20_stocks_everyday/20250125_104320/execution.log
2025-01-25 10:43:33,738 - INFO: 
=== 涨幅榜前20名股票 ===
2025-01-25 10:43:33,738 - INFO: 
=== 涨幅榜前20名股票 ===
2025-01-25 10:43:33,750 - INFO: 
   股票代码                               公司名称  市值(亿)                           板块                          昨天收盘                          今天收盘  涨跌幅(%)
3      TGNT                         Totaligent Inc      0.02                          Media   2025-01-23 0.013000000268220901   2025-01-24 0.014000000432133675       7.69
8      GRRR           Gorilla Technology Group Inc      2.86                     Technology      2025-01-23 15.15999984741211     2025-01-24 15.489999771118164       2.18
4       OGI                OrganiGram Holdings Inc      2.83                Pharmaceuticals     2025-01-23 1.5499999523162842     2025-01-24 1.5800000429153442       1.94
10     CKPT            Checkpoint Therapeutics Inc      1.46                  Biotechnology      2025-01-23 2.950000047683716                    2025-01-24 3.0       1.69
9       VVV                          Valvoline Inc     47.45                         Retail      2025-01-23 36.38999938964844       2025-01-24 36.9900016784668       1.65
12    ANNSF                            Aena SME SA    305.40  Transportation Infrastructure     2025-01-23 211.42999267578125     2025-01-24 212.55999755859375       0.53
11      NOA  North American Construction Group Ltd      7.84                         Energy     2025-01-23 20.299999237060547      2025-01-24 20.31999969482422       0.10
0      LGNC                 Logan Clay Products Co      0.32                   Construction                  2025-01-23 177.0                  2025-01-24 177.0       0.00
1     NMTRQ                 9 Meters Biopharma Inc      0.00                Pharmaceuticals  2025-01-23 9.999999747378752e-05  2025-01-24 9.999999747378752e-05       0.00
2      ADKT                    Adirondack Trust Co      0.46                        Banking                 2025-01-23 1150.0                 2025-01-24 1150.0       0.00
6     SRBZF                             Stratec Se      4.10                    Health Care       2025-01-23 72.9551010131836       2025-01-24 72.9551010131836       0.00
5      MOVE                             Movano Inc      0.32                     Technology      2025-01-23 4.920000076293945      2025-01-24 4.894999980926514      -0.51
7      VYST                            Vystar Corp      0.01                      Chemicals    2025-01-23 0.09589999914169312    2025-01-24 0.09399999678134918      -1.98
2025-01-25 10:43:33,750 - INFO: 
   股票代码                               公司名称  市值(亿)                           板块                          昨天收盘                          今天收盘  涨跌幅(%)
3      TGNT                         Totaligent Inc      0.02                          Media   2025-01-23 0.013000000268220901   2025-01-24 0.014000000432133675       7.69
8      GRRR           Gorilla Technology Group Inc      2.86                     Technology      2025-01-23 15.15999984741211     2025-01-24 15.489999771118164       2.18
4       OGI                OrganiGram Holdings Inc      2.83                Pharmaceuticals     2025-01-23 1.5499999523162842     2025-01-24 1.5800000429153442       1.94
10     CKPT            Checkpoint Therapeutics Inc      1.46                  Biotechnology      2025-01-23 2.950000047683716                    2025-01-24 3.0       1.69
9       VVV                          Valvoline Inc     47.45                         Retail      2025-01-23 36.38999938964844       2025-01-24 36.9900016784668       1.65
12    ANNSF                            Aena SME SA    305.40  Transportation Infrastructure     2025-01-23 211.42999267578125     2025-01-24 212.55999755859375       0.53
11      NOA  North American Construction Group Ltd      7.84                         Energy     2025-01-23 20.299999237060547      2025-01-24 20.31999969482422       0.10
0      LGNC                 Logan Clay Products Co      0.32                   Construction                  2025-01-23 177.0                  2025-01-24 177.0       0.00
1     NMTRQ                 9 Meters Biopharma Inc      0.00                Pharmaceuticals  2025-01-23 9.999999747378752e-05  2025-01-24 9.999999747378752e-05       0.00
2      ADKT                    Adirondack Trust Co      0.46                        Banking                 2025-01-23 1150.0                 2025-01-24 1150.0       0.00
6     SRBZF                             Stratec Se      4.10                    Health Care       2025-01-23 72.9551010131836       2025-01-24 72.9551010131836       0.00
5      MOVE                             Movano Inc      0.32                     Technology      2025-01-23 4.920000076293945      2025-01-24 4.894999980926514      -0.51
7      VYST                            Vystar Corp      0.01                      Chemicals    2025-01-23 0.09589999914169312    2025-01-24 0.09399999678134918      -1.98
2025-01-25 10:43:33,751 - INFO: 
=== 市值超过20亿的涨幅榜前20名股票 ===
2025-01-25 10:43:33,751 - INFO: 
=== 市值超过20亿的涨幅榜前20名股票 ===
2025-01-25 10:43:33,757 - INFO: 
   股票代码       公司名称  市值(亿)                           板块                       昨天收盘                       今天收盘  涨跌幅(%)
9       VVV  Valvoline Inc     47.45                         Retail   2025-01-23 36.38999938964844    2025-01-24 36.9900016784668       1.65
12    ANNSF    Aena SME SA    305.40  Transportation Infrastructure  2025-01-23 211.42999267578125  2025-01-24 212.55999755859375       0.53
2025-01-25 10:43:33,757 - INFO: 
   股票代码       公司名称  市值(亿)                           板块                       昨天收盘                       今天收盘  涨跌幅(%)
9       VVV  Valvoline Inc     47.45                         Retail   2025-01-23 36.38999938964844    2025-01-24 36.9900016784668       1.65
12    ANNSF    Aena SME SA    305.40  Transportation Infrastructure  2025-01-23 211.42999267578125  2025-01-24 212.55999755859375       0.53
2025-01-25 10:43:33,757 - INFO: 
=== 市值超过50亿的涨幅榜前20名股票 ===
2025-01-25 10:43:33,758 - INFO: 
=== 市值超过50亿的涨幅榜前20名股票 ===
2025-01-25 10:43:33,762 - INFO: 
   股票代码     公司名称  市值(亿)                           板块                       昨天收盘                       今天收盘  涨跌幅(%)
12    ANNSF  Aena SME SA     305.4  Transportation Infrastructure  2025-01-23 211.42999267578125  2025-01-24 212.55999755859375       0.53
2025-01-25 10:43:33,762 - INFO: 
   股票代码     公司名称  市值(亿)                           板块                       昨天收盘                       今天收盘  涨跌幅(%)
12    ANNSF  Aena SME SA     305.4  Transportation Infrastructure  2025-01-23 211.42999267578125  2025-01-24 212.55999755859375       0.53
2025-01-25 10:43:33,763 - INFO: 
=== 市值超过100亿的涨幅榜前20名股票 ===
2025-01-25 10:43:33,763 - INFO: 
=== 市值超过100亿的涨幅榜前20名股票 ===
2025-01-25 10:43:33,767 - INFO: 
   股票代码     公司名称  市值(亿)                           板块                       昨天收盘                       今天收盘  涨跌幅(%)
12    ANNSF  Aena SME SA     305.4  Transportation Infrastructure  2025-01-23 211.42999267578125  2025-01-24 212.55999755859375       0.53
2025-01-25 10:43:33,767 - INFO: 
   股票代码     公司名称  市值(亿)                           板块                       昨天收盘                       今天收盘  涨跌幅(%)
12    ANNSF  Aena SME SA     305.4  Transportation Infrastructure  2025-01-23 211.42999267578125  2025-01-24 212.55999755859375       0.53
2025-01-25 10:43:33,768 - INFO: 
=== 市值超过200亿的涨幅榜前20名股票 ===
2025-01-25 10:43:33,768 - INFO: 
=== 市值超过200亿的涨幅榜前20名股票 ===
2025-01-25 10:43:33,772 - INFO: 
   股票代码     公司名称  市值(亿)                           板块                       昨天收盘                       今天收盘  涨跌幅(%)
12    ANNSF  Aena SME SA     305.4  Transportation Infrastructure  2025-01-23 211.42999267578125  2025-01-24 212.55999755859375       0.53
2025-01-25 10:43:33,772 - INFO: 
   股票代码     公司名称  市值(亿)                           板块                       昨天收盘                       今天收盘  涨跌幅(%)
12    ANNSF  Aena SME SA     305.4  Transportation Infrastructure  2025-01-23 211.42999267578125  2025-01-24 212.55999755859375       0.53
2025-01-25 10:43:33,772 - INFO: 
没有市值超过1000亿的股票!
2025-01-25 10:43:33,773 - INFO: 
没有市值超过1000亿的股票!
2025-01-25 10:43:33,773 - INFO: 结果已保存到: top20_stocks_everyday/20250125_104320/top20_result.log
2025-01-25 10:43:33,773 - INFO: 日志目录: top20_stocks_everyday/20250125_104320
2025-01-25 10:43:33,773 - INFO: 日志文件: top20_stocks_everyday/20250125_104320/execution.log
2025-01-25 10:43:33,774 - INFO: 股票数据已保存到 top20_stocks_everyday/20250125_104320/stocks_data.json
2025-01-25 10:43:33,778 - INFO: 
=== 板块涨跌分析 ===
2025-01-25 10:43:33,781 - INFO: 
                             板块  平均涨跌幅  股票数量
6                           Media       7.690         1
1                   Biotechnology       1.690         1
8                          Retail       1.650         1
7                 Pharmaceuticals       0.970         2
9                      Technology       0.835         2
10  Transportation Infrastructure       0.530         1
4                          Energy       0.100         1
0                         Banking       0.000         1
3                    Construction       0.000         1
5                     Health Care       0.000         1
2                       Chemicals      -1.980         1
2025-01-25 10:43:33,782 - INFO: 板块分析已保存到 top20_stocks_everyday/20250125_104320/sector_analysis.json
2025-01-25 10:43:33,788 - ERROR: 执行git更新时发生未知错误: __init__() got an unexpected keyword argument 'capture_output'
