
=== 涨幅榜前20名股票 ===

   股票代码                               公司名称  市值(亿)                           板块                          昨天收盘                          今天收盘  涨跌幅(%)
3      TGNT                         Totaligent Inc      0.02                          Media   2025-01-23 0.013000000268220901   2025-01-24 0.014000000432133675       7.69
8      GRRR           Gorilla Technology Group Inc      2.86                     Technology      2025-01-23 15.15999984741211     2025-01-24 15.489999771118164       2.18
4       OGI                OrganiGram Holdings Inc      2.83                Pharmaceuticals     2025-01-23 1.5499999523162842     2025-01-24 1.5800000429153442       1.94
10     CKPT            Checkpoint Therapeutics Inc      1.46                  Biotechnology      2025-01-23 2.950000047683716                    2025-01-24 3.0       1.69
9       VVV                          Valvoline Inc     47.45                         Retail      2025-01-23 36.38999938964844       2025-01-24 36.9900016784668       1.65
12    ANNSF                            Aena SME SA    305.40  Transportation Infrastructure     2025-01-23 211.42999267578125     2025-01-24 212.55999755859375       0.53
11      NOA  North American Construction Group Ltd      7.84                         Energy     2025-01-23 20.299999237060547      2025-01-24 20.31999969482422       0.10
0      LGNC                 Logan Clay Products Co      0.32                   Construction                  2025-01-23 177.0                  2025-01-24 177.0       0.00
1     NMTRQ                 9 Meters Biopharma Inc      0.00                Pharmaceuticals  2025-01-23 9.999999747378752e-05  2025-01-24 9.999999747378752e-05       0.00
2      ADKT                    Adirondack Trust Co      0.46                        Banking                 2025-01-23 1150.0                 2025-01-24 1150.0       0.00
6     SRBZF                             Stratec Se      4.10                    Health Care       2025-01-23 72.9551010131836       2025-01-24 72.9551010131836       0.00
5      MOVE                             Movano Inc      0.32                     Technology      2025-01-23 4.920000076293945      2025-01-24 4.894999980926514      -0.51
7      VYST                            Vystar Corp      0.01                      Chemicals    2025-01-23 0.09589999914169312    2025-01-24 0.09399999678134918      -1.98

=== 市值超过20亿的涨幅榜前20名股票 ===

   股票代码       公司名称  市值(亿)                           板块                       昨天收盘                       今天收盘  涨跌幅(%)
9       VVV  Valvoline Inc     47.45                         Retail   2025-01-23 36.38999938964844    2025-01-24 36.9900016784668       1.65
12    ANNSF    Aena SME SA    305.40  Transportation Infrastructure  2025-01-23 211.42999267578125  2025-01-24 212.55999755859375       0.53

=== 市值超过50亿的涨幅榜前20名股票 ===

   股票代码     公司名称  市值(亿)                           板块                       昨天收盘                       今天收盘  涨跌幅(%)
12    ANNSF  Aena SME SA     305.4  Transportation Infrastructure  2025-01-23 211.42999267578125  2025-01-24 212.55999755859375       0.53

=== 市值超过100亿的涨幅榜前20名股票 ===

   股票代码     公司名称  市值(亿)                           板块                       昨天收盘                       今天收盘  涨跌幅(%)
12    ANNSF  Aena SME SA     305.4  Transportation Infrastructure  2025-01-23 211.42999267578125  2025-01-24 212.55999755859375       0.53

=== 市值超过200亿的涨幅榜前20名股票 ===

   股票代码     公司名称  市值(亿)                           板块                       昨天收盘                       今天收盘  涨跌幅(%)
12    ANNSF  Aena SME SA     305.4  Transportation Infrastructure  2025-01-23 211.42999267578125  2025-01-24 212.55999755859375       0.53

没有市值超过1000亿的股票!
