
=== 涨幅榜前20名股票 ===
股票代码                    公司名称                     市值(亿)                板块                     昨天收盘              今天收盘       涨跌幅(%)
CUPR              Cuprina Holdings (Cayman) Ltd    0.15                   Health Care    2025-09-09 0.7   2025-09-10 1.62 130.77
JBDI                          JBDI Holdings Ltd    0.21                     Packaging   2025-09-09 1.08   2025-09-10 2.37 120.47
EDHL             Everbright Digital Holding Ltd    0.12                         Media   2025-09-09 0.43   2025-09-10 0.82  89.95
ILAG   Intelligent Living Application Group Inc    0.11                      Building   2025-09-09 0.53   2025-09-10 0.87  66.01
VMEO                                  Vimeo Inc    7.97                         Media   2025-09-09 4.81   2025-09-10 7.74  60.91
KIDZ                     Classover Holdings Inc    0.33 Diversified Consumer Services   2025-09-09 1.33   2025-09-10 2.13  60.15
 TOP                    TOP Financial Group Ltd    0.34            Financial Services   2025-09-09 1.24   2025-09-10 1.85  49.19
SPHL                    Springview Holdings Ltd    0.09             Consumer products   2025-09-09 0.44   2025-09-10 0.65  48.86
CGTL    Creative Global Technology Holdings Ltd    0.12          Electrical Equipment   2025-09-09 0.58   2025-09-10 0.85  47.40
 GLE            Global Engine Group Holding Ltd    0.17                    Technology   2025-09-09 0.75   2025-09-10 1.08  44.00
CAMP                    CAMP4 Therapeutics Corp    0.40                 Biotechnology   2025-09-09 1.99   2025-09-10 2.79  40.20
AIRE                          reAlpha Tech Corp    0.42                    Technology    2025-09-09 0.5    2025-09-10 0.7  40.00
AXIL                            AXIL Brands Inc    0.34             Consumer products   2025-09-09 5.11   2025-09-10 7.13  39.58
FTEL                                Fitell Corp    0.09                        Retail   2025-09-09 0.41   2025-09-10 0.56  37.25
ORCL                                Oracle Corp 6783.61                    Technology 2025-09-09 241.51 2025-09-10 328.33  35.95
HUDI        Huadi International Group Co., Ltd.    0.19               Metals & Mining   2025-09-09 1.33    2025-09-10 1.8  35.34
SKBL         Skyline Builders Group Holding Ltd    0.54                  Construction    2025-09-09 1.8   2025-09-10 2.43  35.00
PBPB                              Potbelly Corp    3.91 Hotels, Restaurants & Leisure  2025-09-09 12.93  2025-09-10 16.98  31.32
CCTG CCSC Technology International Holdings Ltd    0.14          Electrical Equipment   2025-09-09 1.25   2025-09-10 1.64  31.20
 OMH                               Ohmyhome Ltd    0.26                   Real Estate   2025-09-09 1.11   2025-09-10 1.45  30.63

=== 市值超过20亿的涨幅榜前20名股票 ===
股票代码                公司名称                 市值(亿)            板块                 昨天收盘              今天收盘       涨跌幅(%)
ORCL                        Oracle Corp  6783.61           Technology 2025-09-09 241.51 2025-09-10 328.33 35.95 
  BE                  Bloom Energy Corp   128.70 Electrical Equipment   2025-09-09 55.0  2025-09-10 62.96 14.47 
APLD               Applied Digital Corp    39.75           Technology   2025-09-09 15.2  2025-09-10 16.98 11.71 
IREN                           IREN Ltd    81.84           Technology  2025-09-09 30.19  2025-09-10 33.63 11.39 
CIFR                  Cipher Mining Inc    36.26           Technology   2025-09-09 9.22  2025-09-10 10.25 11.17 
CORZ                Core Scientific Inc    44.38           Technology  2025-09-09 14.53  2025-09-10 15.99 10.05 
CRDO Credo Technology Group Holding Ltd   257.82       Semiconductors 2025-09-09 149.03 2025-09-10 163.96 10.02 
AVGO                       Broadcom Inc 15835.18       Semiconductors 2025-09-09 336.67 2025-09-10 369.57  9.77 
 MOD            Modine Manufacturing Co    72.71      Auto Components 2025-09-09 138.52  2025-09-10 151.5  9.37 
LUMN             Lumen Technologies Inc    57.77    Telecommunication   2025-09-09 5.63   2025-09-10 6.14  9.06 
 VRT                 Vertiv Holdings Co   469.39 Electrical Equipment 2025-09-09 125.58 2025-09-10 136.74  8.89 
AAON                           Aaon Inc    63.72             Building  2025-09-09 78.16  2025-09-10 84.99  8.74 
LITE              Lumentum Holdings Inc   106.06       Communications 2025-09-09 151.73 2025-09-10 164.88  8.67 
 MTZ                         MasTec Inc   138.08         Construction 2025-09-09 174.99 2025-09-10 190.12  8.65 
 GTM          Zoominfo Technologies Inc    33.62                Media  2025-09-09 10.55   2025-09-10 11.4  8.06 
 VST                        Vistra Corp   654.62            Utilities 2025-09-09 193.78 2025-09-10 209.21  7.96 
 EQX                  Equinox Gold Corp    75.66      Metals & Mining   2025-09-09 9.95  2025-09-10 10.74  7.94 
RDDT                         Reddit Inc   449.55                Media  2025-09-09 240.2 2025-09-10 259.03  7.84 
RIOT                 Riot Platforms Inc    56.22           Technology  2025-09-09 15.21   2025-09-10 16.4  7.82 
  HL                    Hecla Mining Co    68.20      Metals & Mining  2025-09-09 10.18  2025-09-10 10.97  7.76 

=== 市值超过50亿的涨幅榜前20名股票 ===
股票代码                公司名称                 市值(亿)            板块                 昨天收盘              今天收盘       涨跌幅(%)
ORCL                        Oracle Corp  6783.61           Technology 2025-09-09 241.51 2025-09-10 328.33 35.95 
  BE                  Bloom Energy Corp   128.70 Electrical Equipment   2025-09-09 55.0  2025-09-10 62.96 14.47 
IREN                           IREN Ltd    81.84           Technology  2025-09-09 30.19  2025-09-10 33.63 11.39 
CRDO Credo Technology Group Holding Ltd   257.82       Semiconductors 2025-09-09 149.03 2025-09-10 163.96 10.02 
AVGO                       Broadcom Inc 15835.18       Semiconductors 2025-09-09 336.67 2025-09-10 369.57  9.77 
 MOD            Modine Manufacturing Co    72.71      Auto Components 2025-09-09 138.52  2025-09-10 151.5  9.37 
LUMN             Lumen Technologies Inc    57.77    Telecommunication   2025-09-09 5.63   2025-09-10 6.14  9.06 
 VRT                 Vertiv Holdings Co   469.39 Electrical Equipment 2025-09-09 125.58 2025-09-10 136.74  8.89 
AAON                           Aaon Inc    63.72             Building  2025-09-09 78.16  2025-09-10 84.99  8.74 
LITE              Lumentum Holdings Inc   106.06       Communications 2025-09-09 151.73 2025-09-10 164.88  8.67 
 MTZ                         MasTec Inc   138.08         Construction 2025-09-09 174.99 2025-09-10 190.12  8.65 
 VST                        Vistra Corp   654.62            Utilities 2025-09-09 193.78 2025-09-10 209.21  7.96 
 EQX                  Equinox Gold Corp    75.66      Metals & Mining   2025-09-09 9.95  2025-09-10 10.74  7.94 
RDDT                         Reddit Inc   449.55                Media  2025-09-09 240.2 2025-09-10 259.03  7.84 
RIOT                 Riot Platforms Inc    56.22           Technology  2025-09-09 15.21   2025-09-10 16.4  7.82 
  HL                    Hecla Mining Co    68.20      Metals & Mining  2025-09-09 10.18  2025-09-10 10.97  7.76 
 APA                      APA Corp (US)    77.50               Energy  2025-09-09 21.66  2025-09-10 23.29  7.53 
ALAB                    Astera Labs Inc   356.52       Semiconductors 2025-09-09 214.49 2025-09-10 230.37  7.40 
AVAV                  AeroVironment Inc   115.34  Aerospace & Defense 2025-09-09 230.99 2025-09-10 247.05  6.95 
 CEG          Constellation Energy Corp   939.78            Utilities 2025-09-09 300.82  2025-09-10 320.0  6.38 

=== 市值超过100亿的涨幅榜前20名股票 ===
股票代码                公司名称                 市值(亿)                 板块                     昨天收盘              今天收盘       涨跌幅(%)
ORCL                        Oracle Corp  6783.61                    Technology 2025-09-09 241.51 2025-09-10 328.33 35.95 
  BE                  Bloom Energy Corp   128.70          Electrical Equipment   2025-09-09 55.0  2025-09-10 62.96 14.47 
CRDO Credo Technology Group Holding Ltd   257.82                Semiconductors 2025-09-09 149.03 2025-09-10 163.96 10.02 
AVGO                       Broadcom Inc 15835.18                Semiconductors 2025-09-09 336.67 2025-09-10 369.57  9.77 
 VRT                 Vertiv Holdings Co   469.39          Electrical Equipment 2025-09-09 125.58 2025-09-10 136.74  8.89 
LITE              Lumentum Holdings Inc   106.06                Communications 2025-09-09 151.73 2025-09-10 164.88  8.67 
 MTZ                         MasTec Inc   138.08                  Construction 2025-09-09 174.99 2025-09-10 190.12  8.65 
 VST                        Vistra Corp   654.62                     Utilities 2025-09-09 193.78 2025-09-10 209.21  7.96 
RDDT                         Reddit Inc   449.55                         Media  2025-09-09 240.2 2025-09-10 259.03  7.84 
ALAB                    Astera Labs Inc   356.52                Semiconductors 2025-09-09 214.49 2025-09-10 230.37  7.40 
AVAV                  AeroVironment Inc   115.34           Aerospace & Defense 2025-09-09 230.99 2025-09-10 247.05  6.95 
 CEG          Constellation Energy Corp   939.78                     Utilities 2025-09-09 300.82  2025-09-10 320.0  6.38 
CIEN                         Ciena Corp   172.36                Communications 2025-09-09 122.19 2025-09-10 129.86  6.28 
 GEV                     GE Vernova Inc  1648.86          Electrical Equipment  2025-09-09 605.7 2025-09-10 643.56  6.25 
ANET                Arista Networks Inc  1783.62                Communications 2025-09-09 141.91 2025-09-10 150.72  6.21 
 FIX            Comfort Systems USA Inc   250.33                  Construction 2025-09-09 709.53  2025-09-10 752.1  6.00 
 NRG                     NRG Energy Inc   294.52                     Utilities 2025-09-09 152.26 2025-09-10 161.21  5.88 
  VG                 Venture Global Inc   322.67                        Energy  2025-09-09 13.29  2025-09-10 13.97  5.12 
SNDK                       Sandisk Corp   102.81                    Technology  2025-09-09 70.51  2025-09-10 73.92  4.84 
DUOL                       Duolingo Inc   125.32 Diversified Consumer Services 2025-09-09 273.49 2025-09-10 285.91  4.54 

=== 市值超过200亿的涨幅榜前20名股票 ===
股票代码                公司名称                 市值(亿)            板块                 昨天收盘              今天收盘       涨跌幅(%)
ORCL                        Oracle Corp  6783.61           Technology 2025-09-09 241.51 2025-09-10 328.33 35.95 
CRDO Credo Technology Group Holding Ltd   257.82       Semiconductors 2025-09-09 149.03 2025-09-10 163.96 10.02 
AVGO                       Broadcom Inc 15835.18       Semiconductors 2025-09-09 336.67 2025-09-10 369.57  9.77 
 VRT                 Vertiv Holdings Co   469.39 Electrical Equipment 2025-09-09 125.58 2025-09-10 136.74  8.89 
 VST                        Vistra Corp   654.62            Utilities 2025-09-09 193.78 2025-09-10 209.21  7.96 
RDDT                         Reddit Inc   449.55                Media  2025-09-09 240.2 2025-09-10 259.03  7.84 
ALAB                    Astera Labs Inc   356.52       Semiconductors 2025-09-09 214.49 2025-09-10 230.37  7.40 
 CEG          Constellation Energy Corp   939.78            Utilities 2025-09-09 300.82  2025-09-10 320.0  6.38 
 GEV                     GE Vernova Inc  1648.86 Electrical Equipment  2025-09-09 605.7 2025-09-10 643.56  6.25 
ANET                Arista Networks Inc  1783.62       Communications 2025-09-09 141.91 2025-09-10 150.72  6.21 
 FIX            Comfort Systems USA Inc   250.33         Construction 2025-09-09 709.53  2025-09-10 752.1  6.00 
 NRG                     NRG Energy Inc   294.52            Utilities 2025-09-09 152.26 2025-09-10 161.21  5.88 
  VG                 Venture Global Inc   322.67               Energy  2025-09-09 13.29  2025-09-10 13.97  5.12 
  AU              Anglogold Ashanti PLC   313.14      Metals & Mining  2025-09-09 61.92   2025-09-10 64.6  4.33 
 TPL            Texas Pacific Land Corp   206.91               Energy 2025-09-09 900.12 2025-09-10 937.63  4.17 
 ETN              Eaton Corporation PLC  1355.66 Electrical Equipment 2025-09-09 348.23 2025-09-10 362.25  4.03 
NVDA                        NVIDIA Corp 41494.68       Semiconductors 2025-09-09 170.76 2025-09-10 177.33  3.85 
 DVN                  Devon Energy Corp   217.80               Energy  2025-09-09 34.31  2025-09-10 35.52  3.53 
  MU              Micron Technology Inc  1513.50       Semiconductors 2025-09-09 135.24  2025-09-10 140.0  3.52 
 NEM                Newmont Corporation   833.94      Metals & Mining  2025-09-09 75.92  2025-09-10 78.43  3.31 

=== 市值超过1000亿的涨跌榜前20名股票 ===
股票代码            公司名称             市值(亿)            板块                 昨天收盘              今天收盘       涨跌幅(%)
ORCL                Oracle Corp  6783.61           Technology 2025-09-09 241.51 2025-09-10 328.33 35.95 
AVGO               Broadcom Inc 15835.18       Semiconductors 2025-09-09 336.67 2025-09-10 369.57  9.77 
 GEV             GE Vernova Inc  1648.86 Electrical Equipment  2025-09-09 605.7 2025-09-10 643.56  6.25 
ANET        Arista Networks Inc  1783.62       Communications 2025-09-09 141.91 2025-09-10 150.72  6.21 
 ETN      Eaton Corporation PLC  1355.66 Electrical Equipment 2025-09-09 348.23 2025-09-10 362.25  4.03 
NVDA                NVIDIA Corp 41494.68       Semiconductors 2025-09-09 170.76 2025-09-10 177.33  3.85 
  MU      Micron Technology Inc  1513.50       Semiconductors 2025-09-09 135.24  2025-09-10 140.0  3.52 
  BX             Blackstone Inc  2126.84   Financial Services 2025-09-09 173.17 2025-09-10 178.23  2.92 
PLTR  Palantir Technologies Inc  3851.74           Technology 2025-09-09 162.36 2025-09-10 166.74  2.70 
 COP             ConocoPhillips  1147.28               Energy  2025-09-09 91.86  2025-09-10 94.32  2.68 
  GE        General Electric Co  2929.36  Aerospace & Defense 2025-09-09 276.24 2025-09-10 283.41  2.60 
 AMD Advanced Micro Devices Inc  2528.72       Semiconductors 2025-09-09 155.82 2025-09-10 159.54  2.39 
 RTX                   RTX Corp  2031.24  Aerospace & Defense 2025-09-09 151.75  2025-09-10 155.0  2.14 
 APH              Amphenol Corp  1425.91 Electrical Equipment 2025-09-09 116.79 2025-09-10 119.09  1.97 
 CVX               Chevron Corp  3170.39               Energy 2025-09-09 154.85 2025-09-10 157.79  1.90 
LRCX          Lam Research Corp  1336.12       Semiconductors 2025-09-09 105.57 2025-09-10 107.36  1.70 
 XOM           Exxon Mobil Corp  4872.47               Energy 2025-09-09 110.65  2025-09-10 112.5  1.67 
KLAC                   KLA Corp  1211.05       Semiconductors 2025-09-09 917.73 2025-09-10 932.63  1.62 
 APP              Applovin Corp  1888.01           Technology 2025-09-09 558.17 2025-09-10 567.12  1.60 
 LMT       Lockheed Martin Corp  1067.08  Aerospace & Defense 2025-09-09 457.06 2025-09-10 463.87  1.49 
