
=== 涨幅榜前20名股票 ===
股票代码                  公司名称                 市值(亿)               板块                    昨天收盘            今天收盘       涨跌幅(%)
 EJH E-Home Household Service Holdings Ltd  0.17 Diversified Consumer Services 2025-05-29 0.09 2025-05-30 3.85 4039.78
GITS   Global Interactive Technologies Inc  0.03                         Media 2025-05-29 0.95 2025-05-30 2.41  153.68
BSLK            Bolt Projects Holdings Inc  0.04                     Chemicals 2025-05-29 1.81 2025-05-30 3.38   86.74
RRGB         Red Robin Gourmet Burgers Inc  0.55 Hotels, Restaurants & Leisure 2025-05-29 3.13  2025-05-30 5.1   62.94
CAPT                       Captivision Inc  0.25                      Building 2025-05-29 0.77 2025-05-30 1.09   41.74
VIVK                           Vivakor Inc  0.40                        Energy 2025-05-29 0.85 2025-05-30 1.14   34.15
NCPL                        Netcapital Inc  0.04            Financial Services 2025-05-29 2.02 2025-05-30 2.67   32.18
TLYS                            Tillys Inc  0.33                        Retail 2025-05-29 1.09 2025-05-30 1.43   31.19
MRKR               Marker Therapeutics Inc  0.14                 Biotechnology 2025-05-29 1.21 2025-05-30 1.56   28.93
ECDA             ECD Automotive Design Inc  0.09                   Automobiles 2025-05-29 0.26 2025-05-30 0.34   28.45
 IVP       Inspire Veterinary Partners Inc  0.07                   Health Care 2025-05-29 1.44 2025-05-30 1.82   26.04
IMNN                            Imunon Inc  0.35                 Biotechnology 2025-05-29 1.99 2025-05-30 2.49   25.13
LMFA                LM Funding America Inc  0.08                    Technology 2025-05-29 1.55 2025-05-30 1.93   24.52
VERB           Verb Technology Company Inc  0.09                    Technology  2025-05-29 6.5 2025-05-30 8.09   24.46
FAAS                         DigiAsia Corp  0.65            Financial Services 2025-05-29 1.07 2025-05-30 1.33   24.30
 SLE           Super League Enterprise Inc  0.04                         Media 2025-05-29 0.16 2025-05-30 0.19   24.20
LOOP                   Loop Industries Inc  0.50                     Chemicals 2025-05-29 1.05  2025-05-30 1.3   23.81
BENF                           Beneficient  0.03            Financial Services 2025-05-29 0.36 2025-05-30 0.44   23.39
INTS            Intensity Therapeutics Inc  0.07                 Biotechnology 2025-05-29 0.39 2025-05-30 0.48   22.16
ATXG                   Addentax Group Corp  0.04    Logistics & Transportation 2025-05-29 0.74  2025-05-30 0.9   21.62

=== 市值超过20亿的涨幅榜前20名股票 ===
股票代码                公司名称                市值(亿)                 板块                       昨天收盘              今天收盘       涨跌幅(%)
 RGC Regencell Bioscience Holdings Ltd   96.42                  Pharmaceuticals 2025-05-29 740.98  2025-05-30 877.0 18.36 
ULTA                   Ulta Beauty Inc  190.43                           Retail 2025-05-29 421.79 2025-05-30 471.46 11.78 
  MP                 MP Materials Corp   32.32                  Metals & Mining  2025-05-29 19.77  2025-05-30 21.79 10.22 
  ZS                       Zscaler Inc  393.16                       Technology 2025-05-29 251.11  2025-05-30 275.7  9.79 
   U                Unity Software Inc   98.81                       Technology  2025-05-29 23.77  2025-05-30 26.08  9.72 
GATX                         GATX Corp   52.29 Trading Companies & Distributors 2025-05-29 146.47 2025-05-30 159.24  8.72 
NEXT                   NextDecade Corp   20.01                           Energy   2025-05-29 7.67   2025-05-30 8.28  7.95 
HIMS            Hims & Hers Health Inc  117.29                      Health Care   2025-05-29 52.4  2025-05-30 56.56  7.94 
PLTR         Palantir Technologies Inc 2886.65                       Technology 2025-05-29 122.32 2025-05-30 131.78  7.73 
ENPH                Enphase Energy Inc   51.49                   Semiconductors  2025-05-29 39.24  2025-05-30 41.39  5.48 
  GH               Guardant Health Inc   47.76                      Health Care  2025-05-29 38.55  2025-05-30 40.62  5.37 
 SOC               Sable Offshore Corp   26.99                           Energy  2025-05-29 27.51  2025-05-30 28.78  4.62 
PLMR              Palomar Holdings Inc   43.84                        Insurance 2025-05-29 163.93 2025-05-30 171.47  4.60 
ROOT                          Root Inc   20.17                        Insurance 2025-05-29 125.32 2025-05-30 130.99  4.52 
SPOT             Spotify Technology SA 1278.33                            Media 2025-05-29 636.67 2025-05-30 665.14  4.47 
ETSY                          ETSY Inc   55.26                           Retail  2025-05-29 52.99  2025-05-30 55.35  4.45 
SMTC                      Semtech Corp   30.98                   Semiconductors  2025-05-29 35.76  2025-05-30 37.33  4.39 
 FRO                     Frontline Plc   39.00                           Energy  2025-05-29 17.52  2025-05-30 18.28  4.34 
CELH              Celsius Holdings Inc   93.66                        Beverages  2025-05-29 36.34  2025-05-30 37.88  4.24 
RDNT                        RadNet Inc   41.41                      Health Care  2025-05-29 55.19  2025-05-30 57.49  4.17 

=== 市值超过50亿的涨幅榜前20名股票 ===
股票代码                公司名称                市值(亿)                 板块                       昨天收盘               今天收盘        涨跌幅(%)
 RGC Regencell Bioscience Holdings Ltd   96.42                  Pharmaceuticals  2025-05-29 740.98   2025-05-30 877.0 18.36 
ULTA                   Ulta Beauty Inc  190.43                           Retail  2025-05-29 421.79  2025-05-30 471.46 11.78 
  ZS                       Zscaler Inc  393.16                       Technology  2025-05-29 251.11   2025-05-30 275.7  9.79 
   U                Unity Software Inc   98.81                       Technology   2025-05-29 23.77   2025-05-30 26.08  9.72 
GATX                         GATX Corp   52.29 Trading Companies & Distributors  2025-05-29 146.47  2025-05-30 159.24  8.72 
HIMS            Hims & Hers Health Inc  117.29                      Health Care    2025-05-29 52.4   2025-05-30 56.56  7.94 
PLTR         Palantir Technologies Inc 2886.65                       Technology  2025-05-29 122.32  2025-05-30 131.78  7.73 
ENPH                Enphase Energy Inc   51.49                   Semiconductors   2025-05-29 39.24   2025-05-30 41.39  5.48 
SPOT             Spotify Technology SA 1278.33                            Media  2025-05-29 636.67  2025-05-30 665.14  4.47 
ETSY                          ETSY Inc   55.26                           Retail   2025-05-29 52.99   2025-05-30 55.35  4.45 
CELH              Celsius Holdings Inc   93.66                        Beverages   2025-05-29 36.34   2025-05-30 37.88  4.24 
ALNY       Alnylam Pharmaceuticals Inc  381.91                    Biotechnology   2025-05-29 292.9  2025-05-30 304.56  3.98 
BROS                    Dutch Bros Inc  114.69    Hotels, Restaurants & Leisure   2025-05-29 69.73    2025-05-30 72.2  3.54 
MASI                       Masimo Corp   85.11                      Health Care  2025-05-29 156.97   2025-05-30 162.5  3.52 
HOOD             Robinhood Markets Inc  564.34               Financial Services   2025-05-29 63.95   2025-05-30 66.15  3.44 
DOCU                      DocuSign Inc  173.56                       Technology   2025-05-29 85.71   2025-05-30 88.61  3.38 
CVLT             Commvault Systems Inc   78.27                       Technology  2025-05-29 177.37  2025-05-30 183.15  3.26 
 SFM        Sprouts Farmers Market Inc  163.84                           Retail  2025-05-29 167.43  2025-05-30 172.86  3.24 
AVAV                 AeroVironment Inc   78.73              Aerospace & Defense  2025-05-29 172.49  2025-05-30 178.03  3.21 
COST             Costco Wholesale Corp 4475.61                           Retail 2025-05-29 1008.74 2025-05-30 1040.18  3.12 

=== 市值超过100亿的涨幅榜前20名股票 ===
股票代码             公司名称             市值(亿)                板块                     昨天收盘               今天收盘        涨跌幅(%)
ULTA             Ulta Beauty Inc  190.43                        Retail  2025-05-29 421.79  2025-05-30 471.46 11.78 
  ZS                 Zscaler Inc  393.16                    Technology  2025-05-29 251.11   2025-05-30 275.7  9.79 
HIMS      Hims & Hers Health Inc  117.29                   Health Care    2025-05-29 52.4   2025-05-30 56.56  7.94 
PLTR   Palantir Technologies Inc 2886.65                    Technology  2025-05-29 122.32  2025-05-30 131.78  7.73 
SPOT       Spotify Technology SA 1278.33                         Media  2025-05-29 636.67  2025-05-30 665.14  4.47 
ALNY Alnylam Pharmaceuticals Inc  381.91                 Biotechnology   2025-05-29 292.9  2025-05-30 304.56  3.98 
BROS              Dutch Bros Inc  114.69 Hotels, Restaurants & Leisure   2025-05-29 69.73    2025-05-30 72.2  3.54 
HOOD       Robinhood Markets Inc  564.34            Financial Services   2025-05-29 63.95   2025-05-30 66.15  3.44 
DOCU                DocuSign Inc  173.56                    Technology   2025-05-29 85.71   2025-05-30 88.61  3.38 
 SFM  Sprouts Farmers Market Inc  163.84                        Retail  2025-05-29 167.43  2025-05-30 172.86  3.24 
COST       Costco Wholesale Corp 4475.61                        Retail 2025-05-29 1008.74 2025-05-30 1040.18  3.12 
RDDT                  Reddit Inc  201.18                         Media  2025-05-29 109.03  2025-05-30 112.35  3.05 
 PGR            Progressive Corp 1625.60                     Insurance   2025-05-29 277.3  2025-05-30 284.93  2.75 
AXON         Axon Enterprise Inc  568.54           Aerospace & Defense  2025-05-29 730.29  2025-05-30 750.36  2.75 
RBLX                 Roblox Corp  575.12                         Media   2025-05-29 84.79   2025-05-30 86.98  2.58 
FICO             Fair Isaac Corp  410.16                    Technology  2025-05-29 1685.0 2025-05-30 1726.28  2.45 
 NEE          Nextera Energy Inc 1420.25                     Utilities   2025-05-29 68.99   2025-05-30 70.64  2.39 
CVNA                  Carvana Co  684.51                        Retail  2025-05-29 319.65  2025-05-30 327.16  2.35 
RYAN Ryan Specialty Holdings Inc  183.54                     Insurance   2025-05-29 69.94   2025-05-30 71.57  2.33 
 APP               Applovin Corp 1300.18                    Technology  2025-05-29 384.23   2025-05-30 393.0  2.28 

=== 市值超过200亿的涨幅榜前20名股票 ===
股票代码                  公司名称                  市值(亿)           板块                昨天收盘               今天收盘        涨跌幅(%)
  ZS                           Zscaler Inc  393.16          Technology  2025-05-29 251.11   2025-05-30 275.7  9.79 
PLTR             Palantir Technologies Inc 2886.65          Technology  2025-05-29 122.32  2025-05-30 131.78  7.73 
SPOT                 Spotify Technology SA 1278.33               Media  2025-05-29 636.67  2025-05-30 665.14  4.47 
ALNY           Alnylam Pharmaceuticals Inc  381.91       Biotechnology   2025-05-29 292.9  2025-05-30 304.56  3.98 
HOOD                 Robinhood Markets Inc  564.34  Financial Services   2025-05-29 63.95   2025-05-30 66.15  3.44 
COST                 Costco Wholesale Corp 4475.61              Retail 2025-05-29 1008.74 2025-05-30 1040.18  3.12 
RDDT                            Reddit Inc  201.18               Media  2025-05-29 109.03  2025-05-30 112.35  3.05 
 PGR                      Progressive Corp 1625.60           Insurance   2025-05-29 277.3  2025-05-30 284.93  2.75 
AXON                   Axon Enterprise Inc  568.54 Aerospace & Defense  2025-05-29 730.29  2025-05-30 750.36  2.75 
RBLX                           Roblox Corp  575.12               Media   2025-05-29 84.79   2025-05-30 86.98  2.58 
FICO                       Fair Isaac Corp  410.16          Technology  2025-05-29 1685.0 2025-05-30 1726.28  2.45 
 NEE                    Nextera Energy Inc 1420.25           Utilities   2025-05-29 68.99   2025-05-30 70.64  2.39 
CVNA                            Carvana Co  684.51              Retail  2025-05-29 319.65  2025-05-30 327.16  2.35 
 APP                         Applovin Corp 1300.18          Technology  2025-05-29 384.23   2025-05-30 393.0  2.28 
 LNG                   Cheniere Energy Inc  514.12              Energy  2025-05-29 231.81  2025-05-30 236.99  2.23 
  GM                     General Motors Co  467.16         Automobiles   2025-05-29 48.59   2025-05-30 49.61  2.10 
 APD        Air Products and Chemicals Inc  607.92           Chemicals  2025-05-29 273.17  2025-05-30 278.91  2.10 
 CVS                       CVS Health Corp  794.18         Health Care   2025-05-29 62.78   2025-05-30 64.04  2.01 
HUBS                           HubSpot Inc  304.95          Technology  2025-05-29 578.25   2025-05-30 589.9  2.01 
CHKP Check Point Software Technologies Ltd  243.17          Technology  2025-05-29 224.39  2025-05-30 228.88  2.00 

=== 市值超过1000亿的涨跌榜前20名股票 ===
股票代码               公司名称               市值(亿)           板块                 昨天收盘               今天收盘        涨跌幅(%)
PLTR       Palantir Technologies Inc 2886.65           Technology  2025-05-29 122.32  2025-05-30 131.78  7.73 
SPOT           Spotify Technology SA 1278.33                Media  2025-05-29 636.67  2025-05-30 665.14  4.47 
COST           Costco Wholesale Corp 4475.61               Retail 2025-05-29 1008.74 2025-05-30 1040.18  3.12 
 PGR                Progressive Corp 1625.60            Insurance   2025-05-29 277.3  2025-05-30 284.93  2.75 
 NEE              Nextera Energy Inc 1420.25            Utilities   2025-05-29 68.99   2025-05-30 70.64  2.39 
 APP                   Applovin Corp 1300.18           Technology  2025-05-29 384.23   2025-05-30 393.0  2.28 
  MO                Altria Group Inc 1001.91              Tobacco   2025-05-29 59.48   2025-05-30 60.61  1.90 
NFLX                     Netflix Inc 5042.42                Media 2025-05-29 1184.86 2025-05-30 1207.23  1.89 
 LMT            Lockheed Martin Corp 1109.84  Aerospace & Defense  2025-05-29 473.69  2025-05-30 482.38  1.83 
AMGN                       Amgen Inc 1524.61        Biotechnology  2025-05-29 283.54  2025-05-30 288.18  1.64 
ORCL                     Oracle Corp 4568.10           Technology   2025-05-29 162.9  2025-05-30 165.53  1.61 
  PM Philip Morris International Inc 2768.58              Tobacco  2025-05-29 177.87  2025-05-30 180.59  1.53 
   T                        AT&T Inc 1970.16    Telecommunication   2025-05-29 27.38    2025-05-30 27.8  1.53 
  VZ      Verizon Communications Inc 1826.90    Telecommunication   2025-05-29 43.33   2025-05-30 43.96  1.45 
  MA                  Mastercard Inc 5246.52   Financial Services  2025-05-29 577.78   2025-05-30 585.6  1.35 
 UNH          UnitedHealth Group Inc 2704.82          Health Care  2025-05-29 298.17  2025-05-30 301.91  1.25 
 RTX                        RTX Corp 1800.87  Aerospace & Defense   2025-05-29 134.8  2025-05-30 136.48  1.25 
TMUS                 T-Mobile US Inc 2717.12    Telecommunication   2025-05-29 239.3   2025-05-30 242.2  1.21 
 APH                   Amphenol Corp 1075.58 Electrical Equipment   2025-05-29 88.92   2025-05-30 89.93  1.14 
 CME                   CME Group Inc 1030.16   Financial Services  2025-05-29 285.87   2025-05-30 289.0  1.09 
