
=== 涨幅榜前20名股票 ===
股票代码              公司名称              市值(亿)         板块              昨天收盘             今天收盘       涨跌幅(%)
 APM              Aptorum Group Ltd  0.09     Biotechnology  2025-08-20 1.27  2025-08-21 4.25 234.65
AEMD            Aethlon Medical Inc  0.03       Health Care  2025-08-20 1.11  2025-08-21 2.19  97.30
PTIX    Protagenic Therapeutics Inc  0.02     Biotechnology  2025-08-20 2.28  2025-08-21 4.26  86.84
GXAI                  Gaxos.ai Inc.  0.13             Media  2025-08-20 1.82  2025-08-21 2.76  51.65
 LUD      Luda Technology Group Ltd  1.00   Metals & Mining  2025-08-20 4.35  2025-08-21 6.52  49.89
SLQT                SelectQuote Inc  3.16         Insurance  2025-08-20 1.83  2025-08-21 2.59  41.53
THAR                 Tharimmune Inc  0.05     Biotechnology  2025-08-20 3.59  2025-08-21 4.97  38.44
  EQ                  Equillium Inc  0.68     Biotechnology  2025-08-20 1.14  2025-08-21 1.56  36.84
IMRX               Immuneering Corp  1.23     Biotechnology  2025-08-20 3.43  2025-08-21 4.63  34.99
CATO                      Cato Corp  0.56            Retail  2025-08-20 2.84  2025-08-21 3.81  34.15
 MSN             Emerson Radio Corp  0.07 Consumer products  2025-08-20 0.33  2025-08-21 0.44  33.97
CUPR  Cuprina Holdings (Cayman) Ltd  0.18       Health Care  2025-08-20 0.84  2025-08-21 1.12  33.33
STSS          Sharps Technology Inc  0.05       Health Care  2025-08-20 4.84  2025-08-21 6.32  30.68
 DDC             DDC Enterprise Ltd  0.96     Food Products 2025-08-20 10.44 2025-08-21 13.45  28.83
DRIO               DarioHealth Corp  0.20       Health Care  2025-08-20 0.43  2025-08-21 0.55  27.31
 GRO             Brazil Potash Corp  0.58         Chemicals  2025-08-20 1.51  2025-08-21 1.92  27.15
APUS Apimeds Pharmaceuticals US Inc  0.23     Biotechnology  2025-08-20 1.81  2025-08-21 2.27  25.41
RENT            Rent the Runway Inc  0.18            Retail  2025-08-20 4.49  2025-08-21 5.61  25.08
ALXO      ALX Oncology Holdings Inc  0.45     Biotechnology  2025-08-20 0.83  2025-08-21 1.03  23.80
CLGN  Collplant Biotechnologies Ltd  0.25     Biotechnology  2025-08-20 1.97   2025-08-21 2.4  22.01

=== 市值超过20亿的涨幅榜前20名股票 ===
股票代码                公司名称                市值(亿)                 板块                       昨天收盘              今天收盘       涨跌幅(%)
OPEN          Opendoor Technologies Inc  23.70                      Real Estate   2025-08-20 3.22    2025-08-21 3.6 11.80 
CAAP    Corporacion America Airports SA  33.94    Transportation Infrastructure  2025-08-20 20.81  2025-08-21 22.24  6.87 
 FRO                      Frontline Plc  42.39                           Energy  2025-08-20 19.04   2025-08-21 20.3  6.62 
ALKT              Alkami Technology Inc  23.20                       Technology  2025-08-20 22.29   2025-08-21 23.7  6.33 
 PKG          Packaging Corp of America 178.27                        Packaging 2025-08-20 198.12 2025-08-21 210.35  6.17 
LNTH              Lantheus Holdings Inc  38.17                      Health Care  2025-08-20 56.14  2025-08-21 59.16  5.38 
ALHC           Alignment Healthcare Inc  29.74                      Health Care  2025-08-20 15.02   2025-08-21 15.8  5.19 
FROG                          Jfrog Ltd  52.13                       Technology  2025-08-20 44.65  2025-08-21 46.89  5.02 
DNLI            Denali Therapeutics Inc  21.22                    Biotechnology  2025-08-20 14.51  2025-08-21 15.23  4.96 
  GH                Guardant Health Inc  72.95                      Health Care   2025-08-20 58.5  2025-08-21 61.28  4.75 
 TEM                      Tempus AI Inc 127.31   Life Sciences Tools & Services  2025-08-20 73.28  2025-08-21 76.71  4.68 
NEGG                Newegg Commerce Inc  21.46                           Retail 2025-08-20 110.64 2025-08-21 115.78  4.65 
CRDO Credo Technology Group Holding Ltd 181.92                   Semiconductors 2025-08-20 105.99 2025-08-21 110.86  4.59 
XMTR                        Xometry Inc  24.22 Trading Companies & Distributors  2025-08-20 44.53  2025-08-21 46.57  4.58 
STNG                Scorpio Tankers Inc  23.59                           Energy  2025-08-20 46.24  2025-08-21 48.33  4.52 
FTAI                  FTAI Aviation Ltd 144.01 Trading Companies & Distributors  2025-08-20 140.4 2025-08-21 146.09  4.05 
MDGL       Madrigal Pharmaceuticals Inc  87.30                    Biotechnology 2025-08-20 391.66 2025-08-21 407.09  3.94 
APLS        Apellis Pharmaceuticals Inc  33.57                    Biotechnology  2025-08-20 26.58  2025-08-21 27.62  3.91 
IPGP                 IPG Photonics Corp  31.97             Electrical Equipment  2025-08-20 75.72  2025-08-21 78.62  3.83 
GLNG                      Golar LNG Ltd  43.60                           Energy  2025-08-20 41.67  2025-08-21 43.26  3.82 

=== 市值超过50亿的涨幅榜前20名股票 ===
股票代码                公司名称                市值(亿)                 板块                       昨天收盘              今天收盘       涨跌幅(%)
 PKG          Packaging Corp of America 178.27                        Packaging 2025-08-20 198.12 2025-08-21 210.35  6.17 
FROG                          Jfrog Ltd  52.13                       Technology  2025-08-20 44.65  2025-08-21 46.89  5.02 
  GH                Guardant Health Inc  72.95                      Health Care   2025-08-20 58.5  2025-08-21 61.28  4.75 
 TEM                      Tempus AI Inc 127.31   Life Sciences Tools & Services  2025-08-20 73.28  2025-08-21 76.71  4.68 
CRDO Credo Technology Group Holding Ltd 181.92                   Semiconductors 2025-08-20 105.99 2025-08-21 110.86  4.59 
FTAI                  FTAI Aviation Ltd 144.01 Trading Companies & Distributors  2025-08-20 140.4 2025-08-21 146.09  4.05 
MDGL       Madrigal Pharmaceuticals Inc  87.30                    Biotechnology 2025-08-20 391.66 2025-08-21 407.09  3.94 
 HPE      Hewlett Packard Enterprise Co 276.09                       Technology  2025-08-20 21.04  2025-08-21 21.82  3.71 
SOFI              SoFi Technologies Inc 266.95               Financial Services  2025-08-20 22.52  2025-08-21 23.33  3.60 
ENTG                       Entegris Inc 120.39                   Semiconductors  2025-08-20 79.41  2025-08-21 82.09  3.37 
RYTM         Rhythm Pharmaceuticals Inc  65.56                    Biotechnology   2025-08-20 98.7 2025-08-21 101.68  3.02 
NDSN                       Nordson Corp 120.66                        Machinery 2025-08-20 213.52 2025-08-21 219.93  3.00 
RGLD                     Royal Gold Inc 111.72                  Metals & Mining 2025-08-20 169.71 2025-08-21 174.75  2.97 
ALAB                    Astera Labs Inc 286.64                   Semiconductors 2025-08-20 172.45 2025-08-21 177.53  2.95 
KRMN                Karman Holdings Inc  67.17              Aerospace & Defense  2025-08-20 50.76  2025-08-21 52.23  2.90 
SRAD                Sportradar Group AG  94.28    Hotels, Restaurants & Leisure  2025-08-20 30.32  2025-08-21 31.17  2.80 
BBIO               BridgeBio Pharma Inc  93.44                    Biotechnology  2025-08-20 48.88  2025-08-21 50.23  2.76 
 LRN                         Stride Inc  71.26    Diversified Consumer Services 2025-08-20 163.33 2025-08-21 167.77  2.72 
SNDK                       Sandisk Corp  64.51                       Technology   2025-08-20 44.4   2025-08-21 45.5  2.48 
INSM                         Insmed Inc 273.62                    Biotechnology 2025-08-20 129.45  2025-08-21 132.6  2.43 

=== 市值超过100亿的涨幅榜前20名股票 ===
股票代码                公司名称                市值(亿)                 板块                       昨天收盘              今天收盘       涨跌幅(%)
 PKG          Packaging Corp of America 178.27                        Packaging 2025-08-20 198.12 2025-08-21 210.35  6.17 
 TEM                      Tempus AI Inc 127.31   Life Sciences Tools & Services  2025-08-20 73.28  2025-08-21 76.71  4.68 
CRDO Credo Technology Group Holding Ltd 181.92                   Semiconductors 2025-08-20 105.99 2025-08-21 110.86  4.59 
FTAI                  FTAI Aviation Ltd 144.01 Trading Companies & Distributors  2025-08-20 140.4 2025-08-21 146.09  4.05 
 HPE      Hewlett Packard Enterprise Co 276.09                       Technology  2025-08-20 21.04  2025-08-21 21.82  3.71 
SOFI              SoFi Technologies Inc 266.95               Financial Services  2025-08-20 22.52  2025-08-21 23.33  3.60 
ENTG                       Entegris Inc 120.39                   Semiconductors  2025-08-20 79.41  2025-08-21 82.09  3.37 
NDSN                       Nordson Corp 120.66                        Machinery 2025-08-20 213.52 2025-08-21 219.93  3.00 
RGLD                     Royal Gold Inc 111.72                  Metals & Mining 2025-08-20 169.71 2025-08-21 174.75  2.97 
ALAB                    Astera Labs Inc 286.64                   Semiconductors 2025-08-20 172.45 2025-08-21 177.53  2.95 
INSM                         Insmed Inc 273.62                    Biotechnology 2025-08-20 129.45  2025-08-21 132.6  2.43 
ROKU                           Roku Inc 130.34                            Media  2025-08-20 88.47  2025-08-21 90.61  2.42 
 DAY                       Dayforce Inc 107.63            Professional Services   2025-08-20 67.4   2025-08-21 69.0  2.37 
EXEL                       Exelixis Inc 101.92                    Biotechnology  2025-08-20 37.86  2025-08-21 38.71  2.25 
  IP             International Paper Co 248.20                        Packaging  2025-08-20 47.01  2025-08-21 48.03  2.17 
AFRM                Affirm Holdings Inc 235.43               Financial Services  2025-08-20 72.98  2025-08-21 74.49  2.07 
  AU              Anglogold Ashanti PLC 262.59                  Metals & Mining  2025-08-20 53.72  2025-08-21 54.83  2.07 
RKLB                 Rocket Lab USA Inc 196.29              Aerospace & Defense  2025-08-20 40.69  2025-08-21 41.53  2.06 
ALNY        Alnylam Pharmaceuticals Inc 600.75                    Biotechnology 2025-08-20 458.31 2025-08-21 467.55  2.02 
 AER                 AerCap Holdings NV 204.34 Trading Companies & Distributors 2025-08-20 115.73 2025-08-21 118.04  2.00 

=== 市值超过200亿的涨幅榜前20名股票 ===
股票代码              公司名称              市值(亿)                 板块                       昨天收盘              今天收盘       涨跌幅(%)
 HPE Hewlett Packard Enterprise Co  276.09                       Technology  2025-08-20 21.04  2025-08-21 21.82  3.71 
SOFI         SoFi Technologies Inc  266.95               Financial Services  2025-08-20 22.52  2025-08-21 23.33  3.60 
ALAB               Astera Labs Inc  286.64                   Semiconductors 2025-08-20 172.45 2025-08-21 177.53  2.95 
INSM                    Insmed Inc  273.62                    Biotechnology 2025-08-20 129.45  2025-08-21 132.6  2.43 
  IP        International Paper Co  248.20                        Packaging  2025-08-20 47.01  2025-08-21 48.03  2.17 
AFRM           Affirm Holdings Inc  235.43               Financial Services  2025-08-20 72.98  2025-08-21 74.49  2.07 
  AU         Anglogold Ashanti PLC  262.59                  Metals & Mining  2025-08-20 53.72  2025-08-21 54.83  2.07 
ALNY   Alnylam Pharmaceuticals Inc  600.75                    Biotechnology 2025-08-20 458.31 2025-08-21 467.55  2.02 
 AER            AerCap Holdings NV  204.34 Trading Companies & Distributors 2025-08-20 115.73 2025-08-21 118.04  2.00 
 LNG           Cheniere Energy Inc  518.67                           Energy 2025-08-20 236.01 2025-08-21 240.61  1.95 
 FIX       Comfort Systems USA Inc  240.29                     Construction 2025-08-20 681.08  2025-08-21 694.0  1.90 
 MRK                Merck & Co Inc 2114.62                  Pharmaceuticals  2025-08-20 84.66  2025-08-21 86.08  1.68 
  VG            Venture Global Inc  304.95                           Energy  2025-08-20 12.56  2025-08-21 12.77  1.67 
LPLA    LPL Financial Holdings Inc  284.25               Financial Services  2025-08-20 355.3 2025-08-21 361.24  1.67 
 NEM           Newmont Corporation  757.93                  Metals & Mining   2025-08-20 69.0  2025-08-21 70.09  1.58 
  CG             Carlyle Group Inc  221.87               Financial Services  2025-08-20 61.34   2025-08-21 62.3  1.57 
 APP                 Applovin Corp 1394.88                       Technology 2025-08-20 412.38 2025-08-21 418.76  1.55 
 HUM                    Humana Inc  348.79                      Health Care  2025-08-20 290.0 2025-08-21 294.47  1.54 
 EXE            Expand Energy Corp  223.86                           Energy   2025-08-20 94.0  2025-08-21 95.45  1.54 
 CVX                  Chevron Corp 3137.02                           Energy 2025-08-20 153.22 2025-08-21 155.55  1.52 

=== 市值超过1000亿的涨跌榜前20名股票 ===
 股票代码               公司名称               市值(亿)                 板块                     昨天收盘               今天收盘        涨跌幅(%)
  MRK                  Merck & Co Inc  2114.62               Pharmaceuticals   2025-08-20 84.66   2025-08-21 86.08  1.68 
  APP                   Applovin Corp  1394.88                    Technology  2025-08-20 412.38  2025-08-21 418.76  1.55 
  CVX                    Chevron Corp  3137.02                        Energy  2025-08-20 153.22  2025-08-21 155.55  1.52 
  PFE                      Pfizer Inc  1442.99               Pharmaceuticals   2025-08-20 25.38   2025-08-21 25.74  1.42 
 BKNG            Booking Holdings Inc  1827.85 Hotels, Restaurants & Leisure 2025-08-20 5639.78 2025-08-21 5710.74  1.26 
  UNH          UnitedHealth Group Inc  2715.57                   Health Care  2025-08-20 299.84  2025-08-21 303.35  1.17 
   PM Philip Morris International Inc  2690.56                       Tobacco  2025-08-20 172.85  2025-08-21 174.49  0.95 
CMCSA                    Comcast Corp  1229.14                         Media   2025-08-20 33.29    2025-08-21 33.6  0.93 
   GE                    GE Aerospace  2825.43           Aerospace & Defense  2025-08-20 266.44  2025-08-21 268.71  0.85 
  ADI              Analog Devices Inc  1215.16                Semiconductors  2025-08-20 244.87  2025-08-21 246.95  0.85 
 VRTX      Vertex Pharmaceuticals Inc  1011.10                 Biotechnology  2025-08-20 394.36  2025-08-21 397.46  0.79 
  XOM                Exxon Mobil Corp  4539.93                        Energy  2025-08-20 108.53  2025-08-21 109.23  0.64 
  LLY                Eli Lilly and Co  6676.68               Pharmaceuticals  2025-08-20 705.44  2025-08-21 709.82  0.62 
 DASH                    DoorDash Inc  1041.59 Hotels, Restaurants & Leisure  2025-08-20 243.82  2025-08-21 245.18  0.56 
    T                        AT&T Inc  2093.63             Telecommunication   2025-08-20 29.28   2025-08-21 29.44  0.55 
 UBER           Uber Technologies Inc  1954.66                   Road & Rail   2025-08-20 93.73   2025-08-21 94.23  0.53 
 ANET             Arista Networks Inc  1652.40                Communications  2025-08-20 131.47  2025-08-21 132.03  0.43 
  LMT            Lockheed Martin Corp  1041.25           Aerospace & Defense   2025-08-20 446.0   2025-08-21 447.2  0.27 
  GEV                  GE Vernova Inc  1645.84          Electrical Equipment  2025-08-20 604.59   2025-08-21 606.0  0.23 
GOOGL                    Alphabet Inc 24155.16                         Media  2025-08-20 199.32  2025-08-21 199.75  0.22 
