2025-01-25 11:42:25,916 - INFO: 日志目录: logs/20250125_114225
2025-01-25 11:42:25,916 - INFO: 日志文件: logs/20250125_114225/execution.log
2025-01-25 11:42:25,916 - INFO: 从 Finnhub 获取股票列表...
2025-01-25 11:42:47,081 - INFO: 获取到 20 个股票
2025-01-25 11:42:47,091 - INFO: 开始处理 20 只股票...
2025-01-25 11:42:47,301 - INFO: 股票 VIVYS 数据不足
2025-01-25 11:42:47,429 - INFO: 股票 CSYS 数据不足
2025-01-25 11:42:47,440 - INFO: 股票 LTUC 数据不足
2025-01-25 11:42:48,540 - INFO: 进度: 10/20 (50.0%) 有效数据: 7
2025-01-25 11:42:49,966 - INFO: 股票 KBSX 市值数据无效
2025-01-25 11:42:49,967 - INFO: 进度: 20/20 (100.0%) 有效数据: 16
2025-01-25 11:42:49,970 - INFO: 
处理完成!
2025-01-25 11:42:49,970 - INFO: 总计处理: 20 只股票
2025-01-25 11:42:49,970 - INFO: 有效数据: 16 只股票
2025-01-25 11:42:49,970 - INFO: 无效数据: 4 只股票
2025-01-25 11:42:49,973 - INFO: 日志目录: logs/20250125_114225
2025-01-25 11:42:49,973 - INFO: 日志文件: logs/20250125_114225/execution.log
2025-01-25 11:42:49,974 - INFO: 
=== 涨幅榜前20名股票 ===
2025-01-25 11:42:49,974 - INFO: 
=== 涨幅榜前20名股票 ===
2025-01-25 11:42:49,986 - INFO: 
   股票代码                             公司名称  市值(亿)                           板块                           昨天收盘                           今天收盘  涨跌幅(%)
2      NXMH              Next Meats Holdings Inc      0.01                  Food Products    2025-01-23 0.002300000051036477    2025-01-24 0.002300000051036477       0.00
3     CGUIF         Casino Guichard Perrachon SA      4.28                         Retail    2025-01-23 0.032999999821186066    2025-01-24 0.032999999821186066       0.00
5     MPGPF                        Pagegroup PLC      9.85          Professional Services       2025-01-23 5.016499996185303       2025-01-24 5.016499996185303       0.00
6      TYTN                   Tytan Holdings Inc      0.02                            N/A  2025-01-23 0.00039999998989515007  2025-01-24 0.00039999998989515007       0.00
9     SYXXF                          Synodon Inc      0.00           Electrical Equipment   2025-01-23 0.0005499999970197678   2025-01-24 0.0005499999970197678       0.00
10    GYYMF                        GYM Group PLC      2.61  Hotels, Restaurants & Leisure      2025-01-23 1.9600000381469727      2025-01-24 1.9600000381469727       0.00
11     MDMN                 Medinah Minerals Inc      0.00                Metals & Mining   2025-01-23 9.999999747378752e-05   2025-01-24 9.999999747378752e-05       0.00
12    OPTGF                 Optimus Group Co Ltd    251.04                   Distributors       2025-01-23 2.799999952316284       2025-01-24 2.799999952316284       0.00
13     MSTH                  Mystic Holdings Inc      0.09                Pharmaceuticals     2025-01-23 0.08500000089406967     2025-01-24 0.08500000089406967       0.00
14     BSPA             Ballston Spa Bancorp Inc      0.43                        Banking       2025-01-23 58.15999984741211       2025-01-24 58.15999984741211       0.00
15     RPFG  Rainier Pacific Financial Group Inc      0.00                            N/A   2025-01-23 0.0015999999595806003   2025-01-24 0.0015999999595806003       0.00
4      POST                    Post Holdings Inc     62.09                  Food Products      2025-01-23 107.08999633789062      2025-01-24 106.72000122070312      -0.35
0     HBCYF                    HSBC Holdings PLC   1480.72                        Banking      2025-01-23 10.199999809265137       2025-01-24 10.15999984741211      -0.39
7      SYNX                        Silynxcom Ltd      0.22            Aerospace & Defense       2025-01-23 4.309999942779541       2025-01-24 4.269999980926514      -0.93
8      NKTX                           Nkarta Inc      1.76                  Biotechnology      2025-01-23 2.5299999713897705       2025-01-24 2.490000009536743      -1.58
1      ICFI                ICF International Inc     23.16          Professional Services       2025-01-23 126.6500015258789      2025-01-24 123.41000366210938      -2.56
2025-01-25 11:42:49,987 - INFO: 
   股票代码                             公司名称  市值(亿)                           板块                           昨天收盘                           今天收盘  涨跌幅(%)
2      NXMH              Next Meats Holdings Inc      0.01                  Food Products    2025-01-23 0.002300000051036477    2025-01-24 0.002300000051036477       0.00
3     CGUIF         Casino Guichard Perrachon SA      4.28                         Retail    2025-01-23 0.032999999821186066    2025-01-24 0.032999999821186066       0.00
5     MPGPF                        Pagegroup PLC      9.85          Professional Services       2025-01-23 5.016499996185303       2025-01-24 5.016499996185303       0.00
6      TYTN                   Tytan Holdings Inc      0.02                            N/A  2025-01-23 0.00039999998989515007  2025-01-24 0.00039999998989515007       0.00
9     SYXXF                          Synodon Inc      0.00           Electrical Equipment   2025-01-23 0.0005499999970197678   2025-01-24 0.0005499999970197678       0.00
10    GYYMF                        GYM Group PLC      2.61  Hotels, Restaurants & Leisure      2025-01-23 1.9600000381469727      2025-01-24 1.9600000381469727       0.00
11     MDMN                 Medinah Minerals Inc      0.00                Metals & Mining   2025-01-23 9.999999747378752e-05   2025-01-24 9.999999747378752e-05       0.00
12    OPTGF                 Optimus Group Co Ltd    251.04                   Distributors       2025-01-23 2.799999952316284       2025-01-24 2.799999952316284       0.00
13     MSTH                  Mystic Holdings Inc      0.09                Pharmaceuticals     2025-01-23 0.08500000089406967     2025-01-24 0.08500000089406967       0.00
14     BSPA             Ballston Spa Bancorp Inc      0.43                        Banking       2025-01-23 58.15999984741211       2025-01-24 58.15999984741211       0.00
15     RPFG  Rainier Pacific Financial Group Inc      0.00                            N/A   2025-01-23 0.0015999999595806003   2025-01-24 0.0015999999595806003       0.00
4      POST                    Post Holdings Inc     62.09                  Food Products      2025-01-23 107.08999633789062      2025-01-24 106.72000122070312      -0.35
0     HBCYF                    HSBC Holdings PLC   1480.72                        Banking      2025-01-23 10.199999809265137       2025-01-24 10.15999984741211      -0.39
7      SYNX                        Silynxcom Ltd      0.22            Aerospace & Defense       2025-01-23 4.309999942779541       2025-01-24 4.269999980926514      -0.93
8      NKTX                           Nkarta Inc      1.76                  Biotechnology      2025-01-23 2.5299999713897705       2025-01-24 2.490000009536743      -1.58
1      ICFI                ICF International Inc     23.16          Professional Services       2025-01-23 126.6500015258789      2025-01-24 123.41000366210938      -2.56
2025-01-25 11:42:49,987 - INFO: 
=== 市值超过20亿的涨幅榜前20名股票 ===
2025-01-25 11:42:49,987 - INFO: 
=== 市值超过20亿的涨幅榜前20名股票 ===
2025-01-25 11:42:49,993 - INFO: 
   股票代码               公司名称  市值(亿)                   板块                       昨天收盘                       今天收盘  涨跌幅(%)
12    OPTGF   Optimus Group Co Ltd    251.04           Distributors   2025-01-23 2.799999952316284   2025-01-24 2.799999952316284       0.00
4      POST      Post Holdings Inc     62.09          Food Products  2025-01-23 107.08999633789062  2025-01-24 106.72000122070312      -0.35
0     HBCYF      HSBC Holdings PLC   1480.72                Banking  2025-01-23 10.199999809265137   2025-01-24 10.15999984741211      -0.39
1      ICFI  ICF International Inc     23.16  Professional Services   2025-01-23 126.6500015258789  2025-01-24 123.41000366210938      -2.56
2025-01-25 11:42:49,993 - INFO: 
   股票代码               公司名称  市值(亿)                   板块                       昨天收盘                       今天收盘  涨跌幅(%)
12    OPTGF   Optimus Group Co Ltd    251.04           Distributors   2025-01-23 2.799999952316284   2025-01-24 2.799999952316284       0.00
4      POST      Post Holdings Inc     62.09          Food Products  2025-01-23 107.08999633789062  2025-01-24 106.72000122070312      -0.35
0     HBCYF      HSBC Holdings PLC   1480.72                Banking  2025-01-23 10.199999809265137   2025-01-24 10.15999984741211      -0.39
1      ICFI  ICF International Inc     23.16  Professional Services   2025-01-23 126.6500015258789  2025-01-24 123.41000366210938      -2.56
2025-01-25 11:42:49,994 - INFO: 
=== 市值超过50亿的涨幅榜前20名股票 ===
2025-01-25 11:42:49,994 - INFO: 
=== 市值超过50亿的涨幅榜前20名股票 ===
2025-01-25 11:42:49,999 - INFO: 
   股票代码              公司名称  市值(亿)           板块                       昨天收盘                       今天收盘  涨跌幅(%)
12    OPTGF  Optimus Group Co Ltd    251.04   Distributors   2025-01-23 2.799999952316284   2025-01-24 2.799999952316284       0.00
4      POST     Post Holdings Inc     62.09  Food Products  2025-01-23 107.08999633789062  2025-01-24 106.72000122070312      -0.35
0     HBCYF     HSBC Holdings PLC   1480.72        Banking  2025-01-23 10.199999809265137   2025-01-24 10.15999984741211      -0.39
2025-01-25 11:42:49,999 - INFO: 
   股票代码              公司名称  市值(亿)           板块                       昨天收盘                       今天收盘  涨跌幅(%)
12    OPTGF  Optimus Group Co Ltd    251.04   Distributors   2025-01-23 2.799999952316284   2025-01-24 2.799999952316284       0.00
4      POST     Post Holdings Inc     62.09  Food Products  2025-01-23 107.08999633789062  2025-01-24 106.72000122070312      -0.35
0     HBCYF     HSBC Holdings PLC   1480.72        Banking  2025-01-23 10.199999809265137   2025-01-24 10.15999984741211      -0.39
2025-01-25 11:42:50,000 - INFO: 
=== 市值超过100亿的涨幅榜前20名股票 ===
2025-01-25 11:42:50,000 - INFO: 
=== 市值超过100亿的涨幅榜前20名股票 ===
2025-01-25 11:42:50,004 - INFO: 
   股票代码              公司名称  市值(亿)          板块                       昨天收盘                      今天收盘  涨跌幅(%)
12    OPTGF  Optimus Group Co Ltd    251.04  Distributors   2025-01-23 2.799999952316284  2025-01-24 2.799999952316284       0.00
0     HBCYF     HSBC Holdings PLC   1480.72       Banking  2025-01-23 10.199999809265137  2025-01-24 10.15999984741211      -0.39
2025-01-25 11:42:50,004 - INFO: 
   股票代码              公司名称  市值(亿)          板块                       昨天收盘                      今天收盘  涨跌幅(%)
12    OPTGF  Optimus Group Co Ltd    251.04  Distributors   2025-01-23 2.799999952316284  2025-01-24 2.799999952316284       0.00
0     HBCYF     HSBC Holdings PLC   1480.72       Banking  2025-01-23 10.199999809265137  2025-01-24 10.15999984741211      -0.39
2025-01-25 11:42:50,005 - INFO: 
=== 市值超过200亿的涨幅榜前20名股票 ===
2025-01-25 11:42:50,005 - INFO: 
=== 市值超过200亿的涨幅榜前20名股票 ===
2025-01-25 11:42:50,010 - INFO: 
   股票代码              公司名称  市值(亿)          板块                       昨天收盘                      今天收盘  涨跌幅(%)
12    OPTGF  Optimus Group Co Ltd    251.04  Distributors   2025-01-23 2.799999952316284  2025-01-24 2.799999952316284       0.00
0     HBCYF     HSBC Holdings PLC   1480.72       Banking  2025-01-23 10.199999809265137  2025-01-24 10.15999984741211      -0.39
2025-01-25 11:42:50,010 - INFO: 
   股票代码              公司名称  市值(亿)          板块                       昨天收盘                      今天收盘  涨跌幅(%)
12    OPTGF  Optimus Group Co Ltd    251.04  Distributors   2025-01-23 2.799999952316284  2025-01-24 2.799999952316284       0.00
0     HBCYF     HSBC Holdings PLC   1480.72       Banking  2025-01-23 10.199999809265137  2025-01-24 10.15999984741211      -0.39
2025-01-25 11:42:50,010 - INFO: 
=== 市值超过1000亿的涨幅榜前20名股票 ===
2025-01-25 11:42:50,011 - INFO: 
=== 市值超过1000亿的涨幅榜前20名股票 ===
2025-01-25 11:42:50,015 - INFO: 
  股票代码           公司名称  市值(亿)     板块                       昨天收盘                      今天收盘  涨跌幅(%)
0    HBCYF  HSBC Holdings PLC   1480.72  Banking  2025-01-23 10.199999809265137  2025-01-24 10.15999984741211      -0.39
2025-01-25 11:42:50,015 - INFO: 
  股票代码           公司名称  市值(亿)     板块                       昨天收盘                      今天收盘  涨跌幅(%)
0    HBCYF  HSBC Holdings PLC   1480.72  Banking  2025-01-23 10.199999809265137  2025-01-24 10.15999984741211      -0.39
2025-01-25 11:42:50,015 - INFO: 结果已保存到: logs/20250125_114225/top20_result.log
2025-01-25 11:42:50,015 - INFO: 日志目录: logs/20250125_114225
2025-01-25 11:42:50,015 - INFO: 日志文件: logs/20250125_114225/execution.log
2025-01-25 11:42:50,017 - INFO: 股票数据已保存到 logs/20250125_114225/stocks_data.json
2025-01-25 11:42:50,021 - INFO: 
=== 板块涨跌分析 ===
2025-01-25 11:42:50,024 - INFO: 
                             板块  平均涨跌幅  股票数量
3                    Distributors       0.000         1
4            Electrical Equipment       0.000         1
6   Hotels, Restaurants & Leisure       0.000         1
7                 Metals & Mining       0.000         1
8                             N/A       0.000         2
9                 Pharmaceuticals       0.000         1
11                         Retail       0.000         1
5                   Food Products      -0.175         2
1                         Banking      -0.195         2
0             Aerospace & Defense      -0.930         1
10          Professional Services      -1.280         2
2                   Biotechnology      -1.580         1
2025-01-25 11:42:50,025 - INFO: 板块分析已保存到 logs/20250125_114225/sector_analysis.json
