
=== 涨幅榜前20名股票 ===

   股票代码                             公司名称  市值(亿)                           板块                           昨天收盘                           今天收盘  涨跌幅(%)
2      NXMH              Next Meats Holdings Inc      0.01                  Food Products    2025-01-23 0.002300000051036477    2025-01-24 0.002300000051036477       0.00
3     CGUIF         Casino Guichard Perrachon SA      4.28                         Retail    2025-01-23 0.032999999821186066    2025-01-24 0.032999999821186066       0.00
5     MPGPF                        Pagegroup PLC      9.85          Professional Services       2025-01-23 5.016499996185303       2025-01-24 5.016499996185303       0.00
6      TYTN                   Tytan Holdings Inc      0.02                            N/A  2025-01-23 0.00039999998989515007  2025-01-24 0.00039999998989515007       0.00
9     SYXXF                          Synodon Inc      0.00           Electrical Equipment   2025-01-23 0.0005499999970197678   2025-01-24 0.0005499999970197678       0.00
10    GYYMF                        GYM Group PLC      2.61  Hotels, Restaurants & Leisure      2025-01-23 1.9600000381469727      2025-01-24 1.9600000381469727       0.00
11     MDMN                 Medinah Minerals Inc      0.00                Metals & Mining   2025-01-23 9.999999747378752e-05   2025-01-24 9.999999747378752e-05       0.00
12    OPTGF                 Optimus Group Co Ltd    251.04                   Distributors       2025-01-23 2.799999952316284       2025-01-24 2.799999952316284       0.00
13     MSTH                  Mystic Holdings Inc      0.09                Pharmaceuticals     2025-01-23 0.08500000089406967     2025-01-24 0.08500000089406967       0.00
14     BSPA             Ballston Spa Bancorp Inc      0.43                        Banking       2025-01-23 58.15999984741211       2025-01-24 58.15999984741211       0.00
15     RPFG  Rainier Pacific Financial Group Inc      0.00                            N/A   2025-01-23 0.0015999999595806003   2025-01-24 0.0015999999595806003       0.00
4      POST                    Post Holdings Inc     62.09                  Food Products      2025-01-23 107.08999633789062      2025-01-24 106.72000122070312      -0.35
0     HBCYF                    HSBC Holdings PLC   1480.72                        Banking      2025-01-23 10.199999809265137       2025-01-24 10.15999984741211      -0.39
7      SYNX                        Silynxcom Ltd      0.22            Aerospace & Defense       2025-01-23 4.309999942779541       2025-01-24 4.269999980926514      -0.93
8      NKTX                           Nkarta Inc      1.76                  Biotechnology      2025-01-23 2.5299999713897705       2025-01-24 2.490000009536743      -1.58
1      ICFI                ICF International Inc     23.16          Professional Services       2025-01-23 126.6500015258789      2025-01-24 123.41000366210938      -2.56

=== 市值超过20亿的涨幅榜前20名股票 ===

   股票代码               公司名称  市值(亿)                   板块                       昨天收盘                       今天收盘  涨跌幅(%)
12    OPTGF   Optimus Group Co Ltd    251.04           Distributors   2025-01-23 2.799999952316284   2025-01-24 2.799999952316284       0.00
4      POST      Post Holdings Inc     62.09          Food Products  2025-01-23 107.08999633789062  2025-01-24 106.72000122070312      -0.35
0     HBCYF      HSBC Holdings PLC   1480.72                Banking  2025-01-23 10.199999809265137   2025-01-24 10.15999984741211      -0.39
1      ICFI  ICF International Inc     23.16  Professional Services   2025-01-23 126.6500015258789  2025-01-24 123.41000366210938      -2.56

=== 市值超过50亿的涨幅榜前20名股票 ===

   股票代码              公司名称  市值(亿)           板块                       昨天收盘                       今天收盘  涨跌幅(%)
12    OPTGF  Optimus Group Co Ltd    251.04   Distributors   2025-01-23 2.799999952316284   2025-01-24 2.799999952316284       0.00
4      POST     Post Holdings Inc     62.09  Food Products  2025-01-23 107.08999633789062  2025-01-24 106.72000122070312      -0.35
0     HBCYF     HSBC Holdings PLC   1480.72        Banking  2025-01-23 10.199999809265137   2025-01-24 10.15999984741211      -0.39

=== 市值超过100亿的涨幅榜前20名股票 ===

   股票代码              公司名称  市值(亿)          板块                       昨天收盘                      今天收盘  涨跌幅(%)
12    OPTGF  Optimus Group Co Ltd    251.04  Distributors   2025-01-23 2.799999952316284  2025-01-24 2.799999952316284       0.00
0     HBCYF     HSBC Holdings PLC   1480.72       Banking  2025-01-23 10.199999809265137  2025-01-24 10.15999984741211      -0.39

=== 市值超过200亿的涨幅榜前20名股票 ===

   股票代码              公司名称  市值(亿)          板块                       昨天收盘                      今天收盘  涨跌幅(%)
12    OPTGF  Optimus Group Co Ltd    251.04  Distributors   2025-01-23 2.799999952316284  2025-01-24 2.799999952316284       0.00
0     HBCYF     HSBC Holdings PLC   1480.72       Banking  2025-01-23 10.199999809265137  2025-01-24 10.15999984741211      -0.39

=== 市值超过1000亿的涨幅榜前20名股票 ===

  股票代码           公司名称  市值(亿)     板块                       昨天收盘                      今天收盘  涨跌幅(%)
0    HBCYF  HSBC Holdings PLC   1480.72  Banking  2025-01-23 10.199999809265137  2025-01-24 10.15999984741211      -0.39
