
=== 涨幅榜前20名股票 ===
股票代码              公司名称              市值(亿)               板块                     昨天收盘             今天收盘       涨跌幅(%)
CETX                    Cemtrex Inc  0.02           Electrical Equipment  2025-12-05 3.07  2025-12-08 7.05 129.64
FULC       Fulcrum Therapeutics Inc  4.82                Pharmaceuticals   2025-12-05 8.9 2025-12-08 12.99  45.96
ACXP      Acurx Pharmaceuticals Inc  0.07                  Biotechnology  2025-12-05 3.21  2025-12-08 4.43  38.01
 NBY    NovaBay Pharmaceuticals Inc  1.52                Pharmaceuticals  2025-12-05 1.21  2025-12-08 1.55  28.10
SUGP          SU Group Holdings Ltd  0.03 Commercial Services & Supplies   2025-12-05 5.6  2025-12-08 7.13  27.32
 ULY                  Urgent.ly Inc  0.05                     Technology  2025-12-05 2.23  2025-12-08 2.83  26.91
BENF                    Beneficient  0.73             Financial Services  2025-12-05 0.66   2025-12-08 0.8  21.07
YYAI                      AiRWA Inc  0.20               Leisure Products  2025-12-05 1.04  2025-12-08 1.25  20.19
NXTT    Next Technology Holding Inc  0.29                     Technology  2025-12-05 7.21  2025-12-08 8.61  19.42
NRIX         Nurix Therapeutics Inc 18.34                  Biotechnology 2025-12-05 18.09 2025-12-08 21.47  18.68
 SNT      Senstar Technologies Corp  0.66           Electrical Equipment  2025-12-05 2.85  2025-12-08 3.33  16.84
  AP          Ampco-Pittsburgh Corp  0.59                Metals & Mining  2025-12-05 2.89  2025-12-08 3.35  15.92
 SND                 Smart Sand Inc  1.69                         Energy  2025-12-05 3.89   2025-12-08 4.5  15.68
POAI        Predictive Oncology Inc  0.14                    Health Care  2025-12-05 4.26   2025-12-08 4.9  15.02
INEO           INNEOVA Holdings Ltd  0.11                   Distributors  2025-12-05 0.66  2025-12-08 0.75  14.38
HIND             Vyome Holdings Inc  0.28                    Health Care  2025-12-05 5.01  2025-12-08 5.73  14.37
JFBR               Jeffs Brands Ltd  0.01                         Retail   2025-12-05 1.6  2025-12-08 1.82  13.75
SNBR              Sleep Number Corp  1.52                         Retail  2025-12-05 6.66  2025-12-08 7.57  13.66
FOXX  Foxx Development Holdings Inc  0.34                     Technology  2025-12-05 4.92  2025-12-08 5.59  13.62
MTNB Matinas BioPharma Holdings Inc  0.05                  Biotechnology  2025-12-05 0.79  2025-12-08 0.89  13.23

=== 市值超过20亿的涨幅榜前20名股票 ===
 股票代码              公司名称              市值(亿)                 板块                       昨天收盘              今天收盘       涨跌幅(%)
  DYN          Dyne Therapeutics Inc  28.96                    Biotechnology  2025-12-05 20.28   2025-12-08 22.2  9.47 
 PRAX Praxis Precision Medicines Inc  62.02                    Biotechnology 2025-12-05 247.99 2025-12-08 270.98  9.27 
 PRIM         Primoris Services Corp  67.90                     Construction 2025-12-05 125.66 2025-12-08 134.47  7.01 
 ACLX                    Arcellx Inc  40.22                    Biotechnology  2025-12-05 69.56  2025-12-08 74.08  6.50 
 DBRG        DigitalBridge Group Inc  26.61               Financial Services  2025-12-05 14.12   2025-12-08 15.0  6.23 
 VSAT                     Viasat Inc  47.29                   Communications  2025-12-05 34.96  2025-12-08 36.98  5.78 
 CIEN                     Ciena Corp 284.52                   Communications 2025-12-05 201.71 2025-12-08 212.93  5.56 
 CELH           Celsius Holdings Inc 108.42                        Beverages  2025-12-05 42.06   2025-12-08 44.3  5.33 
 INSP    Inspire Medical Systems Inc  39.75                      Health Care 2025-12-05 136.81 2025-12-08 143.99  5.25 
  SIG            Signet Jewelers Ltd  33.99                           Retail   2025-12-05 83.0  2025-12-08 87.31  5.19 
 NCNO                      nCino Inc  26.82                       Technology  2025-12-05 23.39  2025-12-08 24.58  5.09 
 APPN                    Appian Corp  30.24                       Technology  2025-12-05 40.96  2025-12-08 43.04  5.08 
 GTLB                     GitLab Inc  62.89                       Technology  2025-12-05 37.35  2025-12-08 39.07  4.61 
 DKNG                 Draftkings Inc 169.24    Hotels, Restaurants & Leisure   2025-12-05 34.0  2025-12-08 35.56  4.59 
 VRNS            Varonis Systems Inc  35.60                       Technology   2025-12-05 30.2  2025-12-08 31.53  4.40 
 NNNN            Anbio Biotechnology  53.24                    Biotechnology   2025-12-05 37.0  2025-12-08 38.62  4.38 
   AS                Amer Sports Inc 198.33 Textiles, Apparel & Luxury Goods  2025-12-05 35.81  2025-12-08 37.19  3.85 
 TSEM        Tower Semiconductor Ltd 127.41                   Semiconductors 2025-12-05 114.01  2025-12-08 118.3  3.76 
 LUNR         Intuitive Machines Inc  20.20              Aerospace & Defense  2025-12-05 11.21  2025-12-08 11.63  3.75 
BELFB                   Bel Fuse Inc  20.58             Electrical Equipment  2025-12-05 166.0 2025-12-08 172.21  3.74 

=== 市值超过50亿的涨幅榜前20名股票 ===
股票代码              公司名称               市值(亿)                  板块                       昨天收盘              今天收盘       涨跌幅(%)
PRAX Praxis Precision Medicines Inc    62.02                    Biotechnology 2025-12-05 247.99 2025-12-08 270.98  9.27 
PRIM         Primoris Services Corp    67.90                     Construction 2025-12-05 125.66 2025-12-08 134.47  7.01 
CIEN                     Ciena Corp   284.52                   Communications 2025-12-05 201.71 2025-12-08 212.93  5.56 
CELH           Celsius Holdings Inc   108.42                        Beverages  2025-12-05 42.06   2025-12-08 44.3  5.33 
GTLB                     GitLab Inc    62.89                       Technology  2025-12-05 37.35  2025-12-08 39.07  4.61 
DKNG                 Draftkings Inc   169.24    Hotels, Restaurants & Leisure   2025-12-05 34.0  2025-12-08 35.56  4.59 
NNNN            Anbio Biotechnology    53.24                    Biotechnology   2025-12-05 37.0  2025-12-08 38.62  4.38 
  AS                Amer Sports Inc   198.33 Textiles, Apparel & Luxury Goods  2025-12-05 35.81  2025-12-08 37.19  3.85 
TSEM        Tower Semiconductor Ltd   127.41                   Semiconductors 2025-12-05 114.01  2025-12-08 118.3  3.76 
AMKR           Amkor Technology Inc   106.86                   Semiconductors  2025-12-05 43.23  2025-12-08 44.71  3.42 
LITE          Lumentum Holdings Inc   234.97                   Communications 2025-12-05 331.41 2025-12-08 342.56  3.36 
 TAP       Molson Coors Beverage Co    89.41                        Beverages  2025-12-05 45.13  2025-12-08 46.62  3.30 
RBRK                     Rubrik Inc   170.35                       Technology  2025-12-05 86.27   2025-12-08 89.1  3.28 
IESC               IES Holdings Inc    85.10                     Construction 2025-12-05 428.62 2025-12-08 442.56  3.25 
AVGO                   Broadcom Inc 18428.56                   Semiconductors 2025-12-05 390.24  2025-12-08 401.1  2.78 
  FN                       Fabrinet   171.42             Electrical Equipment 2025-12-05 478.45 2025-12-08 491.03  2.63 
NVMI                       Nova Ltd    99.03                   Semiconductors 2025-12-05 324.45 2025-12-08 332.82  2.58 
LRCX              Lam Research Corp  1993.32                   Semiconductors  2025-12-05 158.7 2025-12-08 162.74  2.55 
QLYS                     Qualys Inc    52.38                       Technology 2025-12-05 146.08 2025-12-08 149.76  2.52 
 NET                 Cloudflare Inc   703.90                       Technology 2025-12-05 200.95 2025-12-08 205.86  2.44 

=== 市值超过100亿的涨幅榜前20名股票 ===
股票代码               公司名称               市值(亿)                  板块                       昨天收盘              今天收盘       涨跌幅(%)
CIEN                      Ciena Corp   284.52                   Communications 2025-12-05 201.71 2025-12-08 212.93  5.56 
CELH            Celsius Holdings Inc   108.42                        Beverages  2025-12-05 42.06   2025-12-08 44.3  5.33 
DKNG                  Draftkings Inc   169.24    Hotels, Restaurants & Leisure   2025-12-05 34.0  2025-12-08 35.56  4.59 
  AS                 Amer Sports Inc   198.33 Textiles, Apparel & Luxury Goods  2025-12-05 35.81  2025-12-08 37.19  3.85 
TSEM         Tower Semiconductor Ltd   127.41                   Semiconductors 2025-12-05 114.01  2025-12-08 118.3  3.76 
AMKR            Amkor Technology Inc   106.86                   Semiconductors  2025-12-05 43.23  2025-12-08 44.71  3.42 
LITE           Lumentum Holdings Inc   234.97                   Communications 2025-12-05 331.41 2025-12-08 342.56  3.36 
RBRK                      Rubrik Inc   170.35                       Technology  2025-12-05 86.27   2025-12-08 89.1  3.28 
AVGO                    Broadcom Inc 18428.56                   Semiconductors 2025-12-05 390.24  2025-12-08 401.1  2.78 
  FN                        Fabrinet   171.42             Electrical Equipment 2025-12-05 478.45 2025-12-08 491.03  2.63 
LRCX               Lam Research Corp  1993.32                   Semiconductors  2025-12-05 158.7 2025-12-08 162.74  2.55 
 NET                  Cloudflare Inc   703.90                       Technology 2025-12-05 200.95 2025-12-08 205.86  2.44 
RMBS                      Rambus Inc   109.37                   Semiconductors  2025-12-05 101.6 2025-12-08 104.07  2.43 
 STX Seagate Technology Holdings PLC   595.38                       Technology 2025-12-05 278.79 2025-12-08 285.41  2.37 
MCHP        Microchip Technology Inc   355.67                   Semiconductors  2025-12-05 65.81  2025-12-08 67.35  2.34 
 HPE   Hewlett Packard Enterprise Co   307.83                       Technology  2025-12-05 23.33  2025-12-08 23.86  2.27 
COHR                   Coherent Corp   285.69             Electrical Equipment 2025-12-05 181.79 2025-12-08 185.86  2.24 
  GH             Guardant Health Inc   131.99                      Health Care 2025-12-05 102.02 2025-12-08 104.17  2.11 
IBKR   Interactive Brokers Group Inc  1093.98               Financial Services   2025-12-05 64.5  2025-12-08 65.81  2.03 
NVDA                     NVIDIA Corp 44325.63                   Semiconductors 2025-12-05 182.41 2025-12-08 185.55  1.72 

=== 市值超过200亿的涨幅榜前20名股票 ===
股票代码               公司名称               市值(亿)                 板块                     昨天收盘              今天收盘       涨跌幅(%)
CIEN                      Ciena Corp   284.52                Communications 2025-12-05 201.71 2025-12-08 212.93  5.56 
LITE           Lumentum Holdings Inc   234.97                Communications 2025-12-05 331.41 2025-12-08 342.56  3.36 
AVGO                    Broadcom Inc 18428.56                Semiconductors 2025-12-05 390.24  2025-12-08 401.1  2.78 
LRCX               Lam Research Corp  1993.32                Semiconductors  2025-12-05 158.7 2025-12-08 162.74  2.55 
 NET                  Cloudflare Inc   703.90                    Technology 2025-12-05 200.95 2025-12-08 205.86  2.44 
 STX Seagate Technology Holdings PLC   595.38                    Technology 2025-12-05 278.79 2025-12-08 285.41  2.37 
MCHP        Microchip Technology Inc   355.67                Semiconductors  2025-12-05 65.81  2025-12-08 67.35  2.34 
 HPE   Hewlett Packard Enterprise Co   307.83                    Technology  2025-12-05 23.33  2025-12-08 23.86  2.27 
COHR                   Coherent Corp   285.69          Electrical Equipment 2025-12-05 181.79 2025-12-08 185.86  2.24 
IBKR   Interactive Brokers Group Inc  1093.98            Financial Services   2025-12-05 64.5  2025-12-08 65.81  2.03 
NVDA                     NVIDIA Corp 44325.63                Semiconductors 2025-12-05 182.41 2025-12-08 185.55  1.72 
EBAY                        eBay Inc   372.76                        Retail  2025-12-05 82.47  2025-12-08 83.85  1.67 
COIN             Coinbase Global Inc   727.35            Financial Services 2025-12-05 269.73  2025-12-08 274.2  1.66 
 AMD      Advanced Micro Devices Inc  3548.64                Semiconductors 2025-12-05 217.97 2025-12-08 221.11  1.44 
  GS         Goldman Sachs Group Inc  2563.07            Financial Services 2025-12-05 854.56 2025-12-08 866.69  1.42 
RBLX                     Roblox Corp   675.81                         Media  2025-12-05 96.28  2025-12-08 97.64  1.41 
SPOT           Spotify Technology SA  1163.16                         Media 2025-12-05 564.93 2025-12-08 572.35  1.31 
 DRI          Darden Restaurants Inc   206.71 Hotels, Restaurants & Leisure 2025-12-05 177.72 2025-12-08 179.89  1.22 
 CVS                 CVS Health Corp   960.07                   Health Care  2025-12-05 75.63  2025-12-08 76.53  1.19 
  GE             General Electric Co  2995.04           Aerospace & Defense 2025-12-05 283.94 2025-12-08 287.19  1.14 

=== 市值超过1000亿的涨跌榜前20名股票 ===
股票代码                 公司名称                  市值(亿)              板块                   昨天收盘               今天收盘        涨跌幅(%)
AVGO                         Broadcom Inc 18428.56           Semiconductors  2025-12-05 390.24   2025-12-08 401.1  2.78 
LRCX                    Lam Research Corp  1993.32           Semiconductors   2025-12-05 158.7  2025-12-08 162.74  2.55 
IBKR        Interactive Brokers Group Inc  1093.98       Financial Services    2025-12-05 64.5   2025-12-08 65.81  2.03 
NVDA                          NVIDIA Corp 44325.63           Semiconductors  2025-12-05 182.41  2025-12-08 185.55  1.72 
 AMD           Advanced Micro Devices Inc  3548.64           Semiconductors  2025-12-05 217.97  2025-12-08 221.11  1.44 
  GS              Goldman Sachs Group Inc  2563.07       Financial Services  2025-12-05 854.56  2025-12-08 866.69  1.42 
SPOT                Spotify Technology SA  1163.16                    Media  2025-12-05 564.93  2025-12-08 572.35  1.31 
  GE                  General Electric Co  2995.04      Aerospace & Defense  2025-12-05 283.94  2025-12-08 287.19  1.14 
KLAC                             KLA Corp  1595.71           Semiconductors 2025-12-05 1214.46 2025-12-08 1224.59  0.83 
  CB                            Chubb Ltd  1160.97                Insurance   2025-12-05 295.0  2025-12-08 297.23  0.76 
 KKR                         KKR & Co Inc  1153.59       Financial Services  2025-12-05 129.42  2025-12-08 130.24  0.63 
ANET                  Arista Networks Inc  1619.31           Communications  2025-12-05 128.59  2025-12-08 129.11  0.40 
 IBM International Business Machines Corp  2878.42               Technology  2025-12-05 307.94  2025-12-08 309.18  0.40 
 HON          Honeywell International Inc  1214.73 Industrial Conglomerates  2025-12-05 191.33  2025-12-08 191.99  0.34 
  PM      Philip Morris International Inc  2300.87                  Tobacco  2025-12-05 147.81  2025-12-08 148.29  0.32 
QCOM                         Qualcomm Inc  1872.22           Semiconductors  2025-12-05 174.81  2025-12-08 175.31  0.29 
 TJX                    TJX Companies Inc  1702.12                   Retail  2025-12-05 153.28  2025-12-08 153.72  0.29 
 RTX                             RTX Corp  2294.06      Aerospace & Defense   2025-12-05 171.1  2025-12-08 171.52  0.25 
 UNP                   Union Pacific Corp  1395.77              Road & Rail  2025-12-05 235.31  2025-12-08 235.44  0.06 
 COF           Capital One Financial Corp  1466.51       Financial Services  2025-12-05 230.68  2025-12-08 230.59 -0.04 
