
=== 涨幅榜前20名股票 ===
股票代码               公司名称              市值(亿)                板块                      昨天收盘             今天收盘       涨跌幅(%)
AFMD                      Affimed NV  0.01                    Biotechnology  2025-05-15 0.09  2025-05-16 0.28 228.24
INZY              Inozyme Pharma Inc  0.92                    Biotechnology  2025-05-15 1.42  2025-05-16 3.95 178.17
SYTA               Siyata Mobile Inc  0.05                   Communications  2025-05-15 1.32  2025-05-16 2.31  75.00
GORV           Lazydays Holdings Inc  0.15                           Retail  2025-05-15 0.14  2025-05-16 0.22  56.50
AMST                     Amesite Inc  0.14    Diversified Consumer Services  2025-05-15 2.24  2025-05-16 3.36  50.00
SPCE    Virgin Galactic Holdings Inc  1.61              Aerospace & Defense  2025-05-15 3.35   2025-05-16 4.8  43.28
QUBT           Quantum Computing Inc 15.24                       Technology  2025-05-15 9.24 2025-05-16 12.87  39.29
BDSX                    Biodesix Inc  0.35                      Health Care  2025-05-15 0.22   2025-05-16 0.3  36.91
ATPC                  Agape ATP Corp  0.85                      Health Care   2025-05-15 1.5  2025-05-16 2.05  36.67
PLBY                  Plby Group Inc  1.33 Textiles, Apparel & Luxury Goods  2025-05-15 1.17  2025-05-16 1.55  32.48
EVLV Evolv Technologies Holdings Inc  8.14             Electrical Equipment   2025-05-15 4.2  2025-05-16 5.46  30.00
GRYP      Gryphon Digital Mining Inc  0.81                       Technology  2025-05-15 1.07  2025-05-16 1.39  29.91
SMLR           Semler Scientific Inc  3.82                      Health Care 2025-05-15 31.79 2025-05-16 40.88  28.59
 BTM               Bitcoin Depot Inc  1.40   Commercial Services & Supplies  2025-05-15 2.09  2025-05-16 2.68  28.23
CETX                     Cemtrex Inc  0.03             Electrical Equipment  2025-05-15 1.92  2025-05-16 2.43  26.56
ACAD      ACADIA Pharmaceuticals Inc 35.11                    Biotechnology  2025-05-15 17.6 2025-05-16 22.26  26.48
PRME              Prime Medicine Inc  1.69                    Biotechnology  2025-05-15 1.26  2025-05-16 1.59  26.19
BTCS                        BTCS Inc  0.43                       Technology   2025-05-15 2.0  2025-05-16 2.46  23.00
APLT        Applied Therapeutics Inc  0.71                    Biotechnology  2025-05-15 0.49   2025-05-16 0.6  22.79
 BON            Bon Natural Life Ltd  0.00                        Chemicals  2025-05-15 0.05  2025-05-16 0.06  22.69

=== 市值超过20亿的涨幅榜前20名股票 ===
股票代码            公司名称             市值(亿)           板块                昨天收盘              今天收盘       涨跌幅(%)
ACAD ACADIA Pharmaceuticals Inc   35.11       Biotechnology   2025-05-15 17.6  2025-05-16 22.26 26.48 
MTSR                Metsera Inc   27.61       Biotechnology  2025-05-15 25.61  2025-05-16 29.52 15.27 
QBTS         D-Wave Quantum Inc   33.35          Technology  2025-05-15 11.03  2025-05-16 12.25 11.06 
  QS          Quantumscape Corp   23.87     Auto Components   2025-05-15 4.26   2025-05-16 4.73 11.03 
BTDR Bitdeer Technologies Group   26.55          Technology  2025-05-15 13.73  2025-05-16 15.19 10.63 
HIMS     Hims & Hers Health Inc  137.07         Health Care  2025-05-15 58.58  2025-05-16 64.65 10.36 
ACHR        Archer Aviation Inc   74.23 Aerospace & Defense  2025-05-15 12.19   2025-05-16 13.3  9.11 
IONQ                   IONQ Inc   83.95          Technology  2025-05-15 32.54  2025-05-16 34.99  7.53 
   U         Unity Software Inc   89.91          Technology  2025-05-15 21.22  2025-05-16 22.81  7.49 
CRSP     CRISPR Therapeutics AG   31.99       Biotechnology  2025-05-15 36.31  2025-05-16 38.77  6.77 
 UNH     UnitedHealth Group Inc 2516.37         Health Care 2025-05-15 274.35 2025-05-16 291.91  6.40 
IBRX            Immunitybio Inc   24.01       Biotechnology   2025-05-15 2.67   2025-05-16 2.84  6.37 
HALO  Halozyme Therapeutics Inc   61.64       Biotechnology  2025-05-15 48.95  2025-05-16 52.02  6.27 
GMED         Globus Medical Inc   80.28         Health Care  2025-05-15 57.82  2025-05-16 61.25  5.93 
ALHC   Alignment Healthcare Inc   29.67         Health Care   2025-05-15 14.9  2025-05-16 15.78  5.91 
OSCR           Oscar Health Inc   36.32           Insurance  2025-05-15 16.56  2025-05-16 17.52  5.80 
LCID            Lucid Group Inc   84.19         Automobiles   2025-05-15 2.69   2025-05-16 2.84  5.58 
FRPT               Freshpet Inc   41.02       Food Products  2025-05-15 83.28  2025-05-16 87.65  5.25 
  LB          LandBridge Co LLC   62.78         Real Estate  2025-05-15 80.32   2025-05-16 84.5  5.20 
RIOT         Riot Platforms Inc   32.37          Technology    2025-05-15 8.7   2025-05-16 9.15  5.17 

=== 市值超过50亿的涨幅榜前20名股票 ===
股票代码                 公司名称                 市值(亿)                板块                      昨天收盘              今天收盘       涨跌幅(%)
HIMS              Hims & Hers Health Inc  137.07                    Health Care  2025-05-15 58.58  2025-05-16 64.65 10.36 
ACHR                 Archer Aviation Inc   74.23            Aerospace & Defense  2025-05-15 12.19   2025-05-16 13.3  9.11 
IONQ                            IONQ Inc   83.95                     Technology  2025-05-15 32.54  2025-05-16 34.99  7.53 
   U                  Unity Software Inc   89.91                     Technology  2025-05-15 21.22  2025-05-16 22.81  7.49 
 UNH              UnitedHealth Group Inc 2516.37                    Health Care 2025-05-15 274.35 2025-05-16 291.91  6.40 
HALO           Halozyme Therapeutics Inc   61.64                  Biotechnology  2025-05-15 48.95  2025-05-16 52.02  6.27 
GMED                  Globus Medical Inc   80.28                    Health Care  2025-05-15 57.82  2025-05-16 61.25  5.93 
LCID                     Lucid Group Inc   84.19                    Automobiles   2025-05-15 2.69   2025-05-16 2.84  5.58 
  LB                   LandBridge Co LLC   62.78                    Real Estate  2025-05-15 80.32   2025-05-16 84.5  5.20 
MRNA                         Moderna Inc   92.86                  Biotechnology  2025-05-15 23.65  2025-05-16 24.86  5.12 
SMCI            Super Micro Computer Inc  280.32                     Technology  2025-05-15 43.96  2025-05-16 46.15  4.98 
  FI                          Fiserv Inc  899.60             Financial Services 2025-05-15 159.13 2025-05-16 166.66  4.73 
 TEM                       Tempus AI Inc  110.02 Life Sciences Tools & Services   2025-05-15 62.6  2025-05-16 65.49  4.62 
 HUM                          Humana Inc  277.72                    Health Care 2025-05-15 227.47 2025-05-16 237.96  4.61 
 SFM          Sprouts Farmers Market Inc  160.72                         Retail 2025-05-15 161.28 2025-05-16 168.68  4.59 
  BJ    BJ's Wholesale Club Holdings Inc  148.58                         Retail 2025-05-15 111.39 2025-05-16 116.38  4.48 
AVTR                         Avantor Inc   87.22 Life Sciences Tools & Services  2025-05-15 12.84  2025-05-16 13.41  4.44 
 VIK                 Viking Holdings Ltd  208.77  Hotels, Restaurants & Leisure   2025-05-15 46.2  2025-05-16 48.23  4.39 
OLLI Ollie's Bargain Outlet Holdings Inc   72.26                         Retail 2025-05-15 113.87 2025-05-16 118.86  4.38 
NBIS                     Nebius Group NV   88.34                     Technology  2025-05-15 35.79  2025-05-16 37.32  4.27 

=== 市值超过100亿的涨幅榜前20名股票 ===
 股票代码               公司名称                市值(亿)                板块                      昨天收盘              今天收盘       涨跌幅(%)
 HIMS           Hims & Hers Health Inc  137.07                    Health Care  2025-05-15 58.58  2025-05-16 64.65 10.36 
  UNH           UnitedHealth Group Inc 2516.37                    Health Care 2025-05-15 274.35 2025-05-16 291.91  6.40 
 SMCI         Super Micro Computer Inc  280.32                     Technology  2025-05-15 43.96  2025-05-16 46.15  4.98 
   FI                       Fiserv Inc  899.60             Financial Services 2025-05-15 159.13 2025-05-16 166.66  4.73 
  TEM                    Tempus AI Inc  110.02 Life Sciences Tools & Services   2025-05-15 62.6  2025-05-16 65.49  4.62 
  HUM                       Humana Inc  277.72                    Health Care 2025-05-15 227.47 2025-05-16 237.96  4.61 
  SFM       Sprouts Farmers Market Inc  160.72                         Retail 2025-05-15 161.28 2025-05-16 168.68  4.59 
   BJ BJ's Wholesale Club Holdings Inc  148.58                         Retail 2025-05-15 111.39 2025-05-16 116.38  4.48 
  VIK              Viking Holdings Ltd  208.77  Hotels, Restaurants & Leisure   2025-05-15 46.2  2025-05-16 48.23  4.39 
LBRDA           Liberty Broadband Corp  147.43                          Media  2025-05-15 96.25  2025-05-16 100.2  4.10 
LBRDK           Liberty Broadband Corp  147.43                          Media  2025-05-15 97.31 2025-05-16 101.29  4.09 
   CI                      Cigna Group  830.49                    Health Care 2025-05-15 308.86 2025-05-16 320.94  3.91 
  RKT             Rocket Companies Inc  273.82             Financial Services  2025-05-15 12.77  2025-05-16 13.24  3.68 
   UI                     Ubiquiti Inc  253.68                 Communications 2025-05-15 420.77  2025-05-16 436.1  3.64 
  GAP                          Gap Inc  100.50                         Retail  2025-05-15 26.43  2025-05-16 27.39  3.63 
  MOH            Molina Healthcare Inc  169.47                    Health Care 2025-05-15 313.97 2025-05-16 325.34  3.62 
 CART                    Maplebear Inc  115.64                         Retail  2025-05-15 44.12  2025-05-16 45.66  3.49 
  ELV              Elevance Health Inc  888.96                    Health Care  2025-05-15 390.0 2025-05-16 403.29  3.41 
  CVS                  CVS Health Corp  773.31                    Health Care  2025-05-15 60.47  2025-05-16 62.53  3.41 
 FRHC             Freedom Holding Corp  109.81             Financial Services 2025-05-15 170.25  2025-05-16 176.0  3.38 

=== 市值超过200亿的涨幅榜前20名股票 ===
股票代码           公司名称            市值(亿)                板块                      昨天收盘              今天收盘       涨跌幅(%)
 UNH   UnitedHealth Group Inc 2516.37                    Health Care 2025-05-15 274.35 2025-05-16 291.91  6.40 
SMCI Super Micro Computer Inc  280.32                     Technology  2025-05-15 43.96  2025-05-16 46.15  4.98 
  FI               Fiserv Inc  899.60             Financial Services 2025-05-15 159.13 2025-05-16 166.66  4.73 
 HUM               Humana Inc  277.72                    Health Care 2025-05-15 227.47 2025-05-16 237.96  4.61 
 VIK      Viking Holdings Ltd  208.77  Hotels, Restaurants & Leisure   2025-05-15 46.2  2025-05-16 48.23  4.39 
  CI              Cigna Group  830.49                    Health Care 2025-05-15 308.86 2025-05-16 320.94  3.91 
 RKT     Rocket Companies Inc  273.82             Financial Services  2025-05-15 12.77  2025-05-16 13.24  3.68 
  UI             Ubiquiti Inc  253.68                 Communications 2025-05-15 420.77  2025-05-16 436.1  3.64 
 ELV      Elevance Health Inc  888.96                    Health Care  2025-05-15 390.0 2025-05-16 403.29  3.41 
 CVS          CVS Health Corp  773.31                    Health Care  2025-05-15 60.47  2025-05-16 62.53  3.41 
ADBE                Adobe Inc 1769.88                     Technology 2025-05-15 404.69 2025-05-16 417.12  3.07 
 PCG                PG&E Corp  388.22                      Utilities  2025-05-15 17.34  2025-05-16 17.87  3.06 
 VST              Vistra Corp  530.43                      Utilities 2025-05-15 152.06 2025-05-16 156.62  3.00 
DELL    Dell Technologies Inc  781.30                     Technology 2025-05-15 110.87 2025-05-16 114.19  2.99 
  DE               Deere & Co 1413.61                      Machinery 2025-05-15 516.32 2025-05-16 531.48  2.94 
 MMM                    3M Co  803.34       Industrial Conglomerates 2025-05-15 148.74 2025-05-16 153.11  2.94 
CARR      Carrier Global Corp  633.55                       Building  2025-05-15 73.48  2025-05-16 75.62  2.91 
 NET           Cloudflare Inc  540.35                     Technology  2025-05-15 152.8 2025-05-16 157.19  2.87 
 CNC             Centene Corp  299.73                    Health Care  2025-05-15 60.06  2025-05-16 61.78  2.86 
 DHR             Danaher Corp 1372.80 Life Sciences Tools & Services 2025-05-15 190.95 2025-05-16 196.11  2.70 

=== 市值超过1000亿的涨跌榜前20名股票 ===
 股票代码              公司名称               市值(亿)                 板块                      昨天收盘               今天收盘        涨跌幅(%)
  UNH         UnitedHealth Group Inc  2516.37                    Health Care  2025-05-15 274.35  2025-05-16 291.91  6.40 
 ADBE                      Adobe Inc  1769.88                     Technology  2025-05-15 404.69  2025-05-16 417.12  3.07 
   DE                     Deere & Co  1413.61                      Machinery  2025-05-15 516.32  2025-05-16 531.48  2.94 
  DHR                   Danaher Corp  1372.80 Life Sciences Tools & Services  2025-05-15 190.95  2025-05-16 196.11  2.70 
   MU          Micron Technology Inc  1079.59                 Semiconductors   2025-05-15 95.45    2025-05-16 98.0  2.67 
 SPOT          Spotify Technology SA  1308.74                          Media  2025-05-15 640.18   2025-05-16 656.3  2.52 
 GILD            Gilead Sciences Inc  1259.23                  Biotechnology  2025-05-15 100.34   2025-05-16 102.5  2.15 
 TSLA                      Tesla Inc 11184.47                    Automobiles  2025-05-15 342.82  2025-05-16 349.98  2.09 
  AMD     Advanced Micro Devices Inc  1891.94                 Semiconductors  2025-05-15 114.99  2025-05-16 117.17  1.90 
  MMC Marsh & McLennan Companies Inc  1119.29                      Insurance  2025-05-15 227.24  2025-05-16 231.39  1.83 
 CHTR     Charter Communications Inc  1216.82                          Media  2025-05-15 419.57  2025-05-16 427.25  1.83 
 UBER          Uber Technologies Inc  1889.89                    Road & Rail   2025-05-15 90.16   2025-05-16 91.79  1.81 
  TMO   Thermo Fisher Scientific Inc  1524.62 Life Sciences Tools & Services  2025-05-15 404.93  2025-05-16 412.06  1.76 
  PGR               Progressive Corp  1647.58                      Insurance  2025-05-15 281.15  2025-05-16 286.03  1.74 
  MRK                 Merck & Co Inc  1878.00                Pharmaceuticals    2025-05-15 74.8   2025-05-16 76.06  1.68 
 COST          Costco Wholesale Corp  4507.45                         Retail 2025-05-15 1010.47 2025-05-16 1025.83  1.52 
 BKNG           Booking Holdings Inc  1706.17  Hotels, Restaurants & Leisure 2025-05-15 5237.74 2025-05-16 5317.07  1.51 
    T                       AT&T Inc  1960.80              Telecommunication   2025-05-15 27.33   2025-05-16 27.72  1.43 
GOOGL                   Alphabet Inc 20526.70                          Media  2025-05-15 163.96  2025-05-16 166.19  1.36 
 INTU                     Intuit Inc  1857.90                     Technology  2025-05-15 661.31  2025-05-16 670.28  1.36 
