
=== 涨幅榜前20名股票 ===
股票代码                  公司名称                  市值(亿)                板块                      昨天收盘             今天收盘       涨跌幅(%)
SNAL                              Snail Inc  0.14                            Media  2026-04-13 0.38   2026-04-14 1.7 350.93
ILLR                      Triller Group Inc  0.14               Financial Services  2026-04-13 0.07  2026-04-14 0.26 261.64
MIMI                 Mint Incorporation Ltd  0.07   Commercial Services & Supplies  2026-04-13 0.26  2026-04-14 0.54 104.20
ARAI                          Arrive AI Inc  0.32       Logistics & Transportation  2026-04-13 0.89  2026-04-14 1.65  85.60
AVNS                     Avanos Medical Inc  6.76                      Health Care 2026-04-13 14.53 2026-04-14 24.63  69.51
AHMA Ambitions Enterprise Management Co LLC  0.23                            Media  2026-04-13 0.79  2026-04-14 1.32  66.25
MGRT                    Mega Fortune Co Ltd  6.77                       Technology 2026-04-13 49.24  2026-04-14 73.3  48.86
PMNT                     Perfect Moment Ltd  0.11 Textiles, Apparel & Luxury Goods  2026-04-13 0.24  2026-04-14 0.36  46.50
ROLR           High Roller Technologies Inc  0.55    Hotels, Restaurants & Leisure  2026-04-13 5.09  2026-04-14 7.41  45.58
BBGI            Beasley Broadcast Group Inc  0.19                            Media  2026-04-13 10.4 2026-04-14 14.75  41.83
HUBC                 Hub Cyber Security Ltd  0.00                       Technology  2026-04-13 0.09  2026-04-14 0.13  41.11
MSPR                       MSP Recovery Inc  0.00                      Health Care  2026-04-13 0.03  2026-04-14 0.04  39.29
TVTX               Travere Therapeutics Inc 28.32                    Biotechnology  2026-04-13 30.7 2026-04-14 42.13  37.23
SBDS                        Solo Brands Inc  0.17                 Leisure Products   2026-04-13 5.2  2026-04-14 7.02  35.00
RETO                 ReTo Eco-Solutions Inc  0.08                     Construction  2026-04-13 0.64  2026-04-14 0.84  31.58
BOLD                      Boundless Bio Inc  0.27                    Biotechnology   2026-04-13 1.2  2026-04-14 1.56  30.00
AFJK         Aimei Health Technology Co Ltd  2.47                              N/A  2026-04-13 40.4  2026-04-14 51.8  28.22
HOTH                  Hoth Therapeutics Inc  0.10                  Pharmaceuticals  2026-04-13 0.51  2026-04-14 0.65  26.15
DTSS                            Datasea Inc  0.09                       Technology  2026-04-13 0.88  2026-04-14 1.11  26.14
TNMG                          TNL Mediagene  0.03                            Media  2026-04-13 1.27  2026-04-14 1.59  25.20

=== 市值超过20亿的涨幅榜前20名股票 ===
 股票代码                公司名称                 市值(亿)           板块                 昨天收盘              今天收盘       涨跌幅(%)
 TVTX           Travere Therapeutics Inc   28.32        Biotechnology   2026-04-13 30.7  2026-04-14 42.13 37.23 
   BE                  Bloom Energy Corp  495.64 Electrical Equipment 2026-04-13 176.67 2026-04-14 219.03 23.98 
 IONQ                           IONQ Inc  109.11           Technology  2026-04-13 29.76  2026-04-14 35.76 20.16 
 CRDO Credo Technology Group Holding Ltd  247.83       Semiconductors 2026-04-13 134.36 2026-04-14 159.52 18.73 
 QBTS                 D-Wave Quantum Inc   54.19           Technology  2026-04-13 14.65  2026-04-14 16.97 15.84 
 APLD               Applied Digital Corp   78.87           Technology   2026-04-13 27.6  2026-04-14 31.47 14.02 
 INFQ                     Infleqtion Inc   27.25           Technology  2026-04-13 12.59  2026-04-14 14.12 12.15 
SLOIF                          Soitec SA   22.80       Semiconductors  2026-04-13 78.34  2026-04-14 87.54 11.74 
 TNGX             Tango Therapeutics Inc   30.76        Biotechnology  2026-04-13 21.56  2026-04-14 24.06 11.60 
 RGTI              Rigetti Computing Inc   50.25       Semiconductors  2026-04-13 15.13  2026-04-14 16.87 11.50 
  CAR              Avis Budget Group Inc  130.81          Road & Rail 2026-04-13 371.01 2026-04-14 411.56 10.93 
 SEZL                         Sezzle Inc   20.72   Financial Services  2026-04-13 61.31   2026-04-14 68.0 10.91 
 HOOD              Robinhood Markets Inc  645.25   Financial Services  2026-04-13 71.67  2026-04-14 79.09 10.35 
 BULL                        Webull Corp   28.07   Financial Services   2026-04-13 5.28   2026-04-14 5.82 10.23 
BABAF          Alibaba Group Holding Ltd 2701.08               Retail   2026-04-13 15.0   2026-04-14 16.5 10.00 
 IREN                           IREN Ltd  142.89           Technology  2026-04-13 43.07  2026-04-14 47.37  9.98 
 GSAT                     Globalstar Inc  102.73    Telecommunication  2026-04-13 72.89  2026-04-14 79.91  9.63 
 DAVE                           Dave Inc   26.46   Financial Services 2026-04-13 195.13 2026-04-14 213.76  9.55 
 ERAS                         Erasca Inc   50.69        Biotechnology  2026-04-13 16.31  2026-04-14 17.85  9.44 
 ORKA             Oruka Therapeutics Inc   30.41        Biotechnology  2026-04-13 61.38  2026-04-14 67.06  9.25 

=== 市值超过50亿的涨幅榜前20名股票 ===
 股票代码                公司名称                 市值(亿)           板块                 昨天收盘              今天收盘       涨跌幅(%)
   BE                  Bloom Energy Corp  495.64 Electrical Equipment 2026-04-13 176.67 2026-04-14 219.03 23.98 
 IONQ                           IONQ Inc  109.11           Technology  2026-04-13 29.76  2026-04-14 35.76 20.16 
 CRDO Credo Technology Group Holding Ltd  247.83       Semiconductors 2026-04-13 134.36 2026-04-14 159.52 18.73 
 QBTS                 D-Wave Quantum Inc   54.19           Technology  2026-04-13 14.65  2026-04-14 16.97 15.84 
 APLD               Applied Digital Corp   78.87           Technology   2026-04-13 27.6  2026-04-14 31.47 14.02 
 RGTI              Rigetti Computing Inc   50.25       Semiconductors  2026-04-13 15.13  2026-04-14 16.87 11.50 
  CAR              Avis Budget Group Inc  130.81          Road & Rail 2026-04-13 371.01 2026-04-14 411.56 10.93 
 HOOD              Robinhood Markets Inc  645.25   Financial Services  2026-04-13 71.67  2026-04-14 79.09 10.35 
BABAF          Alibaba Group Holding Ltd 2701.08               Retail   2026-04-13 15.0   2026-04-14 16.5 10.00 
 IREN                           IREN Ltd  142.89           Technology  2026-04-13 43.07  2026-04-14 47.37  9.98 
 GSAT                     Globalstar Inc  102.73    Telecommunication  2026-04-13 72.89  2026-04-14 79.91  9.63 
 ERAS                         Erasca Inc   50.69        Biotechnology  2026-04-13 16.31  2026-04-14 17.85  9.44 
   MU              Micron Technology Inc 4810.46       Semiconductors 2026-04-13 426.56 2026-04-14 465.66  9.17 
 SNAP                           Snap Inc   86.98                Media   2026-04-13 5.15    2026-04-14 5.6  8.74 
 OKLO                           Oklo Inc   93.62            Utilities  2026-04-13 53.94  2026-04-14 58.58  8.60 
 PRAX     Praxis Precision Medicines Inc   88.29        Biotechnology  2026-04-13 317.0  2026-04-14 343.6  8.39 
BAIDF                          Baidu Inc  365.84                Media  2026-04-13 13.63  2026-04-14 14.75  8.22 
  AAL        American Airlines Group Inc   74.15             Airlines  2026-04-13 11.23  2026-04-14 12.13  8.01 
 RVMD           Revolution Medicines Inc  270.11        Biotechnology  2026-04-13 136.3 2026-04-14 147.01  7.86 
  AUR              Aurora Innovation Inc   84.38           Technology   2026-04-13 4.33   2026-04-14 4.67  7.85 

=== 市值超过100亿的涨幅榜前20名股票 ===
 股票代码                公司名称                 市值(亿)            板块                 昨天收盘              今天收盘       涨跌幅(%)
   BE                  Bloom Energy Corp  495.64  Electrical Equipment 2026-04-13 176.67 2026-04-14 219.03 23.98 
 IONQ                           IONQ Inc  109.11            Technology  2026-04-13 29.76  2026-04-14 35.76 20.16 
 CRDO Credo Technology Group Holding Ltd  247.83        Semiconductors 2026-04-13 134.36 2026-04-14 159.52 18.73 
  CAR              Avis Budget Group Inc  130.81           Road & Rail 2026-04-13 371.01 2026-04-14 411.56 10.93 
 HOOD              Robinhood Markets Inc  645.25    Financial Services  2026-04-13 71.67  2026-04-14 79.09 10.35 
BABAF          Alibaba Group Holding Ltd 2701.08                Retail   2026-04-13 15.0   2026-04-14 16.5 10.00 
 IREN                           IREN Ltd  142.89            Technology  2026-04-13 43.07  2026-04-14 47.37  9.98 
 GSAT                     Globalstar Inc  102.73     Telecommunication  2026-04-13 72.89  2026-04-14 79.91  9.63 
   MU              Micron Technology Inc 4810.46        Semiconductors 2026-04-13 426.56 2026-04-14 465.66  9.17 
BAIDF                          Baidu Inc  365.84                 Media  2026-04-13 13.63  2026-04-14 14.75  8.22 
 RVMD           Revolution Medicines Inc  270.11         Biotechnology  2026-04-13 136.3 2026-04-14 147.01  7.86 
 RMBS                         Rambus Inc  122.39        Semiconductors 2026-04-13 113.16 2026-04-14 121.73  7.57 
  TPG                            TPG Inc  151.44    Financial Services  2026-04-13 39.42  2026-04-14 42.38  7.51 
 AFRM                Affirm Holdings Inc  173.12    Financial Services  2026-04-13 51.97  2026-04-14 55.82  7.41 
  DAL                Delta Air Lines Inc  471.06              Airlines  2026-04-13 67.05   2026-04-14 71.7  6.94 
 CRCL          Circle Internet Group Inc  243.56            Technology  2026-04-13 98.68 2026-04-14 105.49  6.90 
 NTRA                         Natera Inc  286.16         Biotechnology  2026-04-13 201.9 2026-04-14 214.64  6.31 
  TLN                  Talen Energy Corp  148.02             Utilities 2026-04-13 326.08 2026-04-14 345.76  6.04 
  ULS                   UL Solutions Inc  169.74 Professional Services  2026-04-13 84.43  2026-04-14 89.52  6.03 
 AXON                Axon Enterprise Inc  289.13   Aerospace & Defense 2026-04-13 359.63 2026-04-14 380.86  5.90 

=== 市值超过200亿的涨幅榜前20名股票 ===
 股票代码                公司名称                 市值(亿)                 板块                       昨天收盘               今天收盘        涨跌幅(%)
   BE                  Bloom Energy Corp  495.64             Electrical Equipment  2026-04-13 176.67  2026-04-14 219.03 23.98 
 CRDO Credo Technology Group Holding Ltd  247.83                   Semiconductors  2026-04-13 134.36  2026-04-14 159.52 18.73 
 HOOD              Robinhood Markets Inc  645.25               Financial Services   2026-04-13 71.67   2026-04-14 79.09 10.35 
BABAF          Alibaba Group Holding Ltd 2701.08                           Retail    2026-04-13 15.0    2026-04-14 16.5 10.00 
   MU              Micron Technology Inc 4810.46                   Semiconductors  2026-04-13 426.56  2026-04-14 465.66  9.17 
BAIDF                          Baidu Inc  365.84                            Media   2026-04-13 13.63   2026-04-14 14.75  8.22 
 RVMD           Revolution Medicines Inc  270.11                    Biotechnology   2026-04-13 136.3  2026-04-14 147.01  7.86 
  DAL                Delta Air Lines Inc  471.06                         Airlines   2026-04-13 67.05    2026-04-14 71.7  6.94 
 CRCL          Circle Internet Group Inc  243.56                       Technology   2026-04-13 98.68  2026-04-14 105.49  6.90 
 NTRA                         Natera Inc  286.16                    Biotechnology   2026-04-13 201.9  2026-04-14 214.64  6.31 
 AXON                Axon Enterprise Inc  289.13              Aerospace & Defense  2026-04-13 359.63  2026-04-14 380.86  5.90 
 COIN                Coinbase Global Inc  460.89               Financial Services  2026-04-13 174.53  2026-04-14 184.41  5.66 
 ARES               Ares Management Corp  235.66               Financial Services  2026-04-13 106.68  2026-04-14 112.61  5.56 
  TDG                TransDigm Group Inc  696.38              Aerospace & Defense 2026-04-13 1233.11 2026-04-14 1296.58  5.15 
 SOFI              SoFi Technologies Inc  217.43               Financial Services   2026-04-13 17.05   2026-04-14 17.91  5.04 
PPRUF                          Kering SA  338.89 Textiles, Apparel & Luxury Goods  2026-04-13 311.17  2026-04-14 326.44  4.91 
 NBIS                    Nebius Group NV  389.04                       Technology  2026-04-13 154.56  2026-04-14 161.94  4.77 
 ORCL                        Oracle Corp 4475.70                       Technology  2026-04-13 155.62   2026-04-14 163.0  4.74 
    F                      Ford Motor Co  485.12                      Automobiles   2026-04-13 12.16   2026-04-14 12.71  4.52 
SBGSF              Schneider Electric SE 1465.52             Electrical Equipment  2026-04-13 305.38   2026-04-14 319.0  4.46 

=== 市值超过1000亿的涨跌榜前20名股票 ===
 股票代码                 公司名称                 市值(亿)                  板块                       昨天收盘               今天收盘        涨跌幅(%)
BABAF           Alibaba Group Holding Ltd  2701.08                           Retail    2026-04-13 15.0    2026-04-14 16.5 10.00 
   MU               Micron Technology Inc  4810.46                   Semiconductors  2026-04-13 426.56  2026-04-14 465.66  9.17 
 ORCL                         Oracle Corp  4475.70                       Technology  2026-04-13 155.62   2026-04-14 163.0  4.74 
SBGSF               Schneider Electric SE  1465.52             Electrical Equipment  2026-04-13 305.38   2026-04-14 319.0  4.46 
 META                  Meta Platforms Inc 16050.79                            Media  2026-04-13 634.53  2026-04-14 662.49  4.41 
  STX     Seagate Technology Holdings PLC  1119.33                       Technology  2026-04-13 513.28  2026-04-14 533.44  3.93 
  APP                       Applovin Corp  1407.97                       Technology  2026-04-13 417.45  2026-04-14 433.51  3.85 
 AMZN                      Amazon.com Inc 25752.00                           Retail  2026-04-13 239.89  2026-04-14 249.02  3.81 
 NVDA                         NVIDIA Corp 47751.93                   Semiconductors  2026-04-13 189.31  2026-04-14 196.51  3.80 
   BX                      Blackstone Inc  1488.96               Financial Services  2026-04-13 121.82  2026-04-14 126.33  3.70 
GOOGL                        Alphabet Inc 38785.15                            Media  2026-04-13 321.31  2026-04-14 332.91  3.61 
 GOOG                        Alphabet Inc 38785.15                            Media  2026-04-13 319.21  2026-04-14 330.58  3.56 
  VRT                  Vertiv Holdings Co  1147.64             Electrical Equipment  2026-04-13 299.96  2026-04-14 310.51  3.52 
HESAF            Hermes International SCA  1839.11 Textiles, Apparel & Luxury Goods  2026-04-13 2040.0  2026-04-14 2110.0  3.43 
 IBKR       Interactive Brokers Group Inc  1264.63               Financial Services   2026-04-13 74.55    2026-04-14 77.1  3.42 
  AMD          Advanced Micro Devices Inc  4024.34                   Semiconductors  2026-04-13 246.83  2026-04-14 255.07  3.34 
 TSLA                           Tesla Inc 13224.32                      Automobiles  2026-04-13 352.42   2026-04-14 364.2  3.34 
LVMHF LVMH Moet Hennessy Louis Vuitton SE  2402.43 Textiles, Apparel & Luxury Goods   2026-04-13 550.0  2026-04-14 567.01  3.09 
  BLK                       BlackRock Inc  1670.15               Financial Services 2026-04-13 1023.65 2026-04-14 1054.56  3.02 
 NFLX                         Netflix Inc  4355.58                            Media  2026-04-13 103.16  2026-04-14 106.28  3.02 
